lab29-10-<0.40.0>-T3 C-Start: 23.10 18:13:37,578|
lab29-10-<0.40.0>-T3: Msg #415, C-Out: 23.10 18:13:38,592| gesendet
lab29-10-<0.40.0>-T3: Msg #431, C-Out: 23.10 18:13:39,595| gesendet
lab29-10-<0.40.0>-T3: Msg #451, C-Out: 23.10 18:13:40,598| gesendet
lab29-10-<0.40.0>-T3: Msg #471, C-Out: 23.10 18:13:41,602| gesendet
lab29-10-<0.40.0>-T3: Msg #491, C-Out: 23.10 18:13:42,606| gesendet
Neues Intervall: 1 Sekunden
Msg #511 um 23.10 18:13:42,611| vergessen zu senden
"client2@lab24-C-: <0.6228.0> 374te_Nachtricht. C Out: 23.10 18:13:33,298| (374);"Eingang HBQ:18:13:36; Eingang DLQ:18:13:38 C-In: 23.10 18:13:42,613|
"client3@lab24-C-: <0.6123.0> 375te_Nachtricht. C Out: 23.10 18:13:34,359| (375);"Eingang HBQ:18:13:37; Eingang DLQ:18:13:38 C-In: 23.10 18:13:42,615|
"client4@lab24-C-: <0.6122.0> 376te_Nachtricht. C Out: 23.10 18:13:34,362| (376);"Eingang HBQ:18:13:37; Eingang DLQ:18:13:38 C-In: 23.10 18:13:42,618|
"client5@lab24-C-: <0.6121.0> 377te_Nachtricht. C Out: 23.10 18:13:34,365| (377);"Eingang HBQ:18:13:37; Eingang DLQ:18:13:38 C-In: 23.10 18:13:42,620|
"client8@lab24-C-: <0.6118.0> 378te_Nachtricht. C Out: 23.10 18:13:34,365| (378);"Eingang HBQ:18:13:37; Eingang DLQ:18:13:38 C-In: 23.10 18:13:42,623|
"client7@lab24-C-: <0.6119.0> 379te_Nachtricht. C Out: 23.10 18:13:34,365| (379);"Eingang HBQ:18:13:37; Eingang DLQ:18:13:38 C-In: 23.10 18:13:42,625|
"client10@lab24-C-: <0.6115.0> 380te_Nachtricht. C Out: 23.10 18:13:34,365| (380);"Eingang HBQ:18:13:37; Eingang DLQ:18:13:38 C-In: 23.10 18:13:42,628|
"client9@lab24-C-: <0.6116.0> 381te_Nachtricht. C Out: 23.10 18:13:34,366| (381);"Eingang HBQ:18:13:37; Eingang DLQ:18:13:38 C-In: 23.10 18:13:42,631|
"client1@lab24-C-: <0.6125.0> 382te_Nachtricht. C Out: 23.10 18:13:34,367| (382);"Eingang HBQ:18:13:37; Eingang DLQ:18:13:38 C-In: 23.10 18:13:42,634|
"client6@lab24-C-: <0.6120.0> 383te_Nachtricht. C Out: 23.10 18:13:34,367| (383);"Eingang HBQ:18:13:37; Eingang DLQ:18:13:38 C-In: 23.10 18:13:42,636|
"client2@lab24-C-: <0.6124.0> 384te_Nachtricht. C Out: 23.10 18:13:34,367| (384);"Eingang HBQ:18:13:37; Eingang DLQ:18:13:38 C-In: 23.10 18:13:42,638|
"client10@lab24-C-: <0.6167.0> 385te_Nachtricht. C Out: 23.10 18:13:35,239| (385);"Eingang HBQ:18:13:38; Eingang DLQ:18:13:38 C-In: 23.10 18:13:42,641|
"client9@lab24-C-: <0.6168.0> 386te_Nachtricht. C Out: 23.10 18:13:35,240| (386);"Eingang HBQ:18:13:38; Eingang DLQ:18:13:38 C-In: 23.10 18:13:42,643|
"client8@lab24-C-: <0.6170.0> 387te_Nachtricht. C Out: 23.10 18:13:35,241| (387);"Eingang HBQ:18:13:38; Eingang DLQ:18:13:38 C-In: 23.10 18:13:42,645|
"client7@lab24-C-: <0.6171.0> 388te_Nachtricht. C Out: 23.10 18:13:35,243| (388);"Eingang HBQ:18:13:38; Eingang DLQ:18:13:38 C-In: 23.10 18:13:42,647|
"client6@lab24-C-: <0.6172.0> 389te_Nachtricht. C Out: 23.10 18:13:35,243| (389);"Eingang HBQ:18:13:38; Eingang DLQ:18:13:39 C-In: 23.10 18:13:42,650|
"client5@lab24-C-: <0.6173.0> 390te_Nachtricht. C Out: 23.10 18:13:35,243| (390);"Eingang HBQ:18:13:38; Eingang DLQ:18:13:39 C-In: 23.10 18:13:42,652|
"client1@lab24-C-: <0.6177.0> 391te_Nachtricht. C Out: 23.10 18:13:35,244| (391);"Eingang HBQ:18:13:38; Eingang DLQ:18:13:39 C-In: 23.10 18:13:42,655|
"client2@lab24-C-: <0.6176.0> 392te_Nachtricht. C Out: 23.10 18:13:35,284| (392);"Eingang HBQ:18:13:38; Eingang DLQ:18:13:39 C-In: 23.10 18:13:42,657|
"client4@lab24-C-: <0.6174.0> 393te_Nachtricht. C Out: 23.10 18:13:35,284| (393);"Eingang HBQ:18:13:38; Eingang DLQ:18:13:39 C-In: 23.10 18:13:42,660|
"client3@lab24-C-: <0.6175.0> 394te_Nachtricht. C Out: 23.10 18:13:35,287| (394);"Eingang HBQ:18:13:38; Eingang DLQ:18:13:39 C-In: 23.10 18:13:42,662|
"client10@lab24-C-: <0.6219.0> 395te_Nachtricht. C Out: 23.10 18:13:36,262| (395);"Eingang HBQ:18:13:39; Eingang DLQ:18:13:39 C-In: 23.10 18:13:42,664|
"client8@lab24-C-: <0.6221.0> 396te_Nachtricht. C Out: 23.10 18:13:36,263| (396);"Eingang HBQ:18:13:39; Eingang DLQ:18:13:39 C-In: 23.10 18:13:42,667|
"client7@lab24-C-: <0.6223.0> 397te_Nachtricht. C Out: 23.10 18:13:36,264| (397);"Eingang HBQ:18:13:39; Eingang DLQ:18:13:39 C-In: 23.10 18:13:42,669|
"client6@lab24-C-: <0.6224.0> 398te_Nachtricht. C Out: 23.10 18:13:36,266| (398);"Eingang HBQ:18:13:39; Eingang DLQ:18:13:39 C-In: 23.10 18:13:42,671|
"client5@lab24-C-: <0.6225.0> 399te_Nachtricht. C Out: 23.10 18:13:36,267| (399);"Eingang HBQ:18:13:39; Eingang DLQ:18:13:39 C-In: 23.10 18:13:42,674|
"client4@lab24-C-: <0.6226.0> 400te_Nachtricht. C Out: 23.10 18:13:36,299| (400);"Eingang HBQ:18:13:39; Eingang DLQ:18:13:39 C-In: 23.10 18:13:42,676|
"client3@lab24-C-: <0.6227.0> 401te_Nachtricht. C Out: 23.10 18:13:36,299| (401);"Eingang HBQ:18:13:39; Eingang DLQ:18:13:39 C-In: 23.10 18:13:42,679|
"client2@lab24-C-: <0.6228.0> 402te_Nachtricht. C Out: 23.10 18:13:36,300| (402);"Eingang HBQ:18:13:39; Eingang DLQ:18:13:39 C-In: 23.10 18:13:42,681|
"client1@lab24-C-: <0.6229.0> 403te_Nachtricht. C Out: 23.10 18:13:36,301| (403);"Eingang HBQ:18:13:39; Eingang DLQ:18:13:39 C-In: 23.10 18:13:42,684|
"client9@lab24-C-: <0.6220.0> 404te_Nachtricht. C Out: 23.10 18:13:36,304| (404);"Eingang HBQ:18:13:39; Eingang DLQ:18:13:39 C-In: 23.10 18:13:42,686|
***Fehlernachricht fuer Nachrichtennummern 405 bis 414. 18:13:39 C-In: 23.10 18:13:42,688|
"lab29-10-<0.40.0>-T3: Msg #415, C-Out: 23.10 18:13:38,592|"Eingang HBQ:18:13:38; Eingang DLQ:18:13:41******* C-In: 23.10 18:13:42,691|
"lab29-9-<0.49.0>-T3: Msg #416, C-Out: 23.10 18:13:38,786|"Eingang HBQ:18:13:38; Eingang DLQ:18:13:41 C-In: 23.10 18:13:42,693|
"lab29-8-<0.80.0>-T3: Msg #417, C-Out: 23.10 18:13:38,983|"Eingang HBQ:18:13:38; Eingang DLQ:18:13:41 C-In: 23.10 18:13:42,696|
"lab29-7-<0.83.0>-T3: Msg #418, C-Out: 23.10 18:13:39,184|"Eingang HBQ:18:13:39; Eingang DLQ:18:13:41 C-In: 23.10 18:13:42,698|
"client10@lab24-C-: <0.6167.0> 419te_Nachtricht. C Out: 23.10 18:13:38,243| (419);"Eingang HBQ:18:13:41; Eingang DLQ:18:13:41 C-In: 23.10 18:13:42,701|
"client9@lab24-C-: <0.6168.0> 420te_Nachtricht. C Out: 23.10 18:13:38,246| (420);"Eingang HBQ:18:13:41; Eingang DLQ:18:13:41 C-In: 23.10 18:13:42,703|
"client8@lab24-C-: <0.6170.0> 421te_Nachtricht. C Out: 23.10 18:13:38,249| (421);"Eingang HBQ:18:13:41; Eingang DLQ:18:13:41 C-In: 23.10 18:13:42,705|
***Fehlernachricht fuer Nachrichtennummern 422 bis 428. 18:13:41 C-In: 23.10 18:13:42,707|
"lab29-6-<0.86.0>-T3: Msg #429, C-Out: 23.10 18:13:39,383|"Eingang HBQ:18:13:39; Eingang DLQ:18:13:42 C-In: 23.10 18:13:42,710|
"lab29-5-<0.89.0>-T3: Msg #430, C-Out: 23.10 18:13:39,586|"Eingang HBQ:18:13:39; Eingang DLQ:18:13:42 C-In: 23.10 18:13:42,712|
"lab29-10-<0.40.0>-T3: Msg #431, C-Out: 23.10 18:13:39,595|"Eingang HBQ:18:13:39; Eingang DLQ:18:13:42******* C-In: 23.10 18:13:42,715|
"lab29-4-<0.93.0>-T3: Msg #432, C-Out: 23.10 18:13:39,787|"Eingang HBQ:18:13:39; Eingang DLQ:18:13:42 C-In: 23.10 18:13:42,717|
"lab29-9-<0.49.0>-T3: Msg #433, C-Out: 23.10 18:13:39,790|"Eingang HBQ:18:13:39; Eingang DLQ:18:13:42 C-In: 23.10 18:13:42,719|
"lab29-8-<0.80.0>-T3: Msg #434, C-Out: 23.10 18:13:39,985|"Eingang HBQ:18:13:39; Eingang DLQ:18:13:42 C-In: 23.10 18:13:42,722|
"lab29-3-<0.97.0>-T3: Msg #435, C-Out: 23.10 18:13:39,989|"Eingang HBQ:18:13:40; Eingang DLQ:18:13:42 C-In: 23.10 18:13:42,724|
"lab29-7-<0.83.0>-T3: Msg #436, C-Out: 23.10 18:13:40,186|"Eingang HBQ:18:13:40; Eingang DLQ:18:13:42 C-In: 23.10 18:13:42,726|
"lab29-2-<0.101.0>-T3: Msg #437, C-Out: 23.10 18:13:40,192|"Eingang HBQ:18:13:40; Eingang DLQ:18:13:42 C-In: 23.10 18:13:42,729|
***Fehlernachricht fuer Nachrichtennummern 438 bis 447. 18:13:42 C-In: 23.10 18:13:42,731|
ReceiveMsgs done
lab29-10-<0.40.0>-T3: Msg #512, C-Out: 23.10 18:13:43,735| gesendet
lab29-10-<0.40.0>-T3: Msg #546, C-Out: 23.10 18:13:44,739| gesendet
lab29-10-<0.40.0>-T3: Msg #579, C-Out: 23.10 18:13:45,743| gesendet
lab29-10-<0.40.0>-T3: Msg #616, C-Out: 23.10 18:13:46,751| gesendet
lab29-10-<0.40.0>-T3: Msg #629, C-Out: 23.10 18:13:47,754| gesendet
Neues Intervall: 1.5 Sekunden
Msg #649 um 23.10 18:13:47,759| vergessen zu senden
"lab29-4-<0.93.0>-T3: Msg #513, C-Out: 23.10 18:13:43,807|"Eingang HBQ:18:13:43; Eingang DLQ:18:13:45 C-In: 23.10 18:13:47,764|
***Fehlernachricht fuer Nachrichtennummern 514 bis 514. 18:13:45 C-In: 23.10 18:13:47,766|
"lab29-9-<0.49.0>-T3: Msg #515, C-Out: 23.10 18:13:43,947|"Eingang HBQ:18:13:43; Eingang DLQ:18:13:45 C-In: 23.10 18:13:47,768|
***Fehlernachricht fuer Nachrichtennummern 516 bis 516. 18:13:45 C-In: 23.10 18:13:47,771|
"lab29-3-<0.97.0>-T3: Msg #517, C-Out: 23.10 18:13:44,069|"Eingang HBQ:18:13:44; Eingang DLQ:18:13:45 C-In: 23.10 18:13:47,773|
***Fehlernachricht fuer Nachrichtennummern 518 bis 518. 18:13:45 C-In: 23.10 18:13:47,775|
"lab29-2-<0.101.0>-T3: Msg #519, C-Out: 23.10 18:13:44,213|"Eingang HBQ:18:13:44; Eingang DLQ:18:13:46 C-In: 23.10 18:13:47,778|
"lab29-8-<0.80.0>-T3: Msg #520, C-Out: 23.10 18:13:44,234|"Eingang HBQ:18:13:44; Eingang DLQ:18:13:46 C-In: 23.10 18:13:47,781|
"lab29-7-<0.83.0>-T3: Msg #521, C-Out: 23.10 18:13:44,253|"Eingang HBQ:18:13:44; Eingang DLQ:18:13:46 C-In: 23.10 18:13:47,783|
***Fehlernachricht fuer Nachrichtennummern 522 bis 532. 18:13:46 C-In: 23.10 18:13:47,785|
"lab29-1-<0.106.0>-T3: Msg #533, C-Out: 23.10 18:13:44,408|"Eingang HBQ:18:13:44; Eingang DLQ:18:13:46 C-In: 23.10 18:13:47,788|
***Fehlernachricht fuer Nachrichtennummern 534 bis 534. 18:13:46 C-In: 23.10 18:13:47,790|
"client3@lab24-C-: <0.6123.0> 535te_Nachtricht. C Out: 23.10 18:13:43,686| (535);"Eingang HBQ:18:13:45; Eingang DLQ:18:13:46 C-In: 23.10 18:13:47,792|
***Fehlernachricht fuer Nachrichtennummern 536 bis 536. 18:13:46 C-In: 23.10 18:13:47,795|
"client7@lab24-C-: <0.6119.0> 537te_Nachtricht. C Out: 23.10 18:13:43,727| (537);"Eingang HBQ:18:13:45; Eingang DLQ:18:13:46 C-In: 23.10 18:13:47,797|
***Fehlernachricht fuer Nachrichtennummern 538 bis 538. 18:13:46 C-In: 23.10 18:13:47,800|
"client5@lab24-C-: <0.6121.0> 539te_Nachtricht. C Out: 23.10 18:13:43,729| (539);"Eingang HBQ:18:13:45; Eingang DLQ:18:13:46 C-In: 23.10 18:13:47,802|
***Fehlernachricht fuer Nachrichtennummern 540 bis 541. 18:13:46 C-In: 23.10 18:13:47,805|
"client2@lab24-C-: <0.6124.0> 542te_Nachtricht. C Out: 23.10 18:13:43,733| (542);"Eingang HBQ:18:13:45; Eingang DLQ:18:13:46 C-In: 23.10 18:13:47,807|
"client10@lab24-C-: <0.6115.0> 543te_Nachtricht. C Out: 23.10 18:13:43,734| (543);"Eingang HBQ:18:13:45; Eingang DLQ:18:13:46 C-In: 23.10 18:13:47,810|
"client1@lab24-C-: <0.6125.0> 544te_Nachtricht. C Out: 23.10 18:13:43,734| (544);"Eingang HBQ:18:13:45; Eingang DLQ:18:13:46 C-In: 23.10 18:13:47,812|
"lab29-6-<0.86.0>-T3: Msg #545, C-Out: 23.10 18:13:44,739|"Eingang HBQ:18:13:44; Eingang DLQ:18:13:46 C-In: 23.10 18:13:47,815|
"lab29-10-<0.40.0>-T3: Msg #546, C-Out: 23.10 18:13:44,739|"Eingang HBQ:18:13:44; Eingang DLQ:18:13:46******* C-In: 23.10 18:13:47,817|
***Fehlernachricht fuer Nachrichtennummern 547 bis 547. 18:13:46 C-In: 23.10 18:13:47,820|
"lab29-5-<0.89.0>-T3: Msg #548, C-Out: 23.10 18:13:44,818|"Eingang HBQ:18:13:44; Eingang DLQ:18:13:46 C-In: 23.10 18:13:47,822|
"lab29-4-<0.93.0>-T3: Msg #549, C-Out: 23.10 18:13:44,928|"Eingang HBQ:18:13:44; Eingang DLQ:18:13:46 C-In: 23.10 18:13:47,825|
"lab29-9-<0.49.0>-T3: Msg #550, C-Out: 23.10 18:13:44,967|"Eingang HBQ:18:13:44; Eingang DLQ:18:13:46 C-In: 23.10 18:13:47,828|
***Fehlernachricht fuer Nachrichtennummern 551 bis 551. 18:13:46 C-In: 23.10 18:13:47,830|
"lab29-3-<0.97.0>-T3: Msg #552, C-Out: 23.10 18:13:45,178|"Eingang HBQ:18:13:45; Eingang DLQ:18:13:47 C-In: 23.10 18:13:47,833|
***Fehlernachricht fuer Nachrichtennummern 553 bis 553. 18:13:47 C-In: 23.10 18:13:47,837|
"lab29-8-<0.80.0>-T3: Msg #554, C-Out: 23.10 18:13:45,236|"Eingang HBQ:18:13:45; Eingang DLQ:18:13:47 C-In: 23.10 18:13:47,840|
***Fehlernachricht fuer Nachrichtennummern 555 bis 556. 18:13:47 C-In: 23.10 18:13:47,842|
"lab29-7-<0.83.0>-T3: Msg #557, C-Out: 23.10 18:13:45,257|"Eingang HBQ:18:13:45; Eingang DLQ:18:13:47 C-In: 23.10 18:13:47,845|
***Fehlernachricht fuer Nachrichtennummern 558 bis 558. 18:13:47 C-In: 23.10 18:13:47,848|
"lab29-2-<0.101.0>-T3: Msg #559, C-Out: 23.10 18:13:45,274|"Eingang HBQ:18:13:45; Eingang DLQ:18:13:47 C-In: 23.10 18:13:47,851|
***Fehlernachricht fuer Nachrichtennummern 560 bis 572. 18:13:47 C-In: 23.10 18:13:47,853|
"client2@lab24-C-: <0.6176.0> 573te_Nachtricht. C Out: 23.10 18:13:44,604| (573);"Eingang HBQ:18:13:46; Eingang DLQ:18:13:47 C-In: 23.10 18:13:47,855|
"client7@lab24-C-: <0.6171.0> 574te_Nachtricht. C Out: 23.10 18:13:44,604| (574);"Eingang HBQ:18:13:46; Eingang DLQ:18:13:47 C-In: 23.10 18:13:47,858|
"client4@lab24-C-: <0.6174.0> 575te_Nachtricht. C Out: 23.10 18:13:44,604| (575);"Eingang HBQ:18:13:46; Eingang DLQ:18:13:47 C-In: 23.10 18:13:47,860|
***Fehlernachricht fuer Nachrichtennummern 576 bis 577. 18:13:47 C-In: 23.10 18:13:47,863|
"lab29-1-<0.106.0>-T3: Msg #578, C-Out: 23.10 18:13:45,654|"Eingang HBQ:18:13:45; Eingang DLQ:18:13:47 C-In: 23.10 18:13:47,865|
"lab29-10-<0.40.0>-T3: Msg #579, C-Out: 23.10 18:13:45,743|"Eingang HBQ:18:13:45; Eingang DLQ:18:13:47******* C-In: 23.10 18:13:47,868|
"lab29-6-<0.86.0>-T3: Msg #580, C-Out: 23.10 18:13:45,743|"Eingang HBQ:18:13:45; Eingang DLQ:18:13:47 C-In: 23.10 18:13:47,870|
"lab29-5-<0.89.0>-T3: Msg #581, C-Out: 23.10 18:13:45,821|"Eingang HBQ:18:13:45; Eingang DLQ:18:13:47 C-In: 23.10 18:13:47,872|
"lab29-4-<0.93.0>-T3: Msg #582, C-Out: 23.10 18:13:45,934|"Eingang HBQ:18:13:45; Eingang DLQ:18:13:47 C-In: 23.10 18:13:47,875|
"lab29-9-<0.49.0>-T3: Msg #583, C-Out: 23.10 18:13:45,985|"Eingang HBQ:18:13:45; Eingang DLQ:18:13:47 C-In: 23.10 18:13:47,877|
"lab29-3-<0.97.0>-T3: Msg #584, C-Out: 23.10 18:13:46,181|"Eingang HBQ:18:13:46; Eingang DLQ:18:13:47 C-In: 23.10 18:13:47,882|
"lab29-8-<0.80.0>-T3: Msg #585, C-Out: 23.10 18:13:46,240|"Eingang HBQ:18:13:46; Eingang DLQ:18:13:47 C-In: 23.10 18:13:47,884|
"lab29-7-<0.83.0>-T3: Msg #586, C-Out: 23.10 18:13:46,264|"Eingang HBQ:18:13:46; Eingang DLQ:18:13:47 C-In: 23.10 18:13:47,887|
***Fehlernachricht fuer Nachrichtennummern 587 bis 591. 18:13:47 C-In: 23.10 18:13:47,890|
"lab29-2-<0.101.0>-T3: Msg #592, C-Out: 23.10 18:13:46,281|"Eingang HBQ:18:13:46; Eingang DLQ:18:13:47 C-In: 23.10 18:13:47,893|
***Fehlernachricht fuer Nachrichtennummern 593 bis 598. 18:13:47 C-In: 23.10 18:13:47,895|
ReceiveMsgs done
lab29-10-<0.40.0>-T3: Msg #652, C-Out: 23.10 18:13:49,400| gesendet
lab29-10-<0.40.0>-T3: Msg #679, C-Out: 23.10 18:13:50,907| gesendet
lab29-10-<0.40.0>-T3: Msg #716, C-Out: 23.10 18:13:52,409| gesendet
lab29-10-<0.40.0>-T3: Msg #737, C-Out: 23.10 18:13:53,920| gesendet
lab29-10-<0.40.0>-T3: Msg #771, C-Out: 23.10 18:13:55,422| gesendet
Neues Intervall: 2.25 Sekunden
Msg #803 um 23.10 18:13:55,424| vergessen zu senden
"lab29-3-<0.97.0>-T3: Msg #678, C-Out: 23.10 18:13:50,826|"Eingang HBQ:18:13:50; Eingang DLQ:18:13:52 C-In: 23.10 18:13:55,427|
"lab29-10-<0.40.0>-T3: Msg #679, C-Out: 23.10 18:13:50,907|"Eingang HBQ:18:13:50; Eingang DLQ:18:13:52******* C-In: 23.10 18:13:55,432|
"lab29-2-<0.101.0>-T3: Msg #680, C-Out: 23.10 18:13:50,937|"Eingang HBQ:18:13:50; Eingang DLQ:18:13:52 C-In: 23.10 18:13:55,434|
***Fehlernachricht fuer Nachrichtennummern 681 bis 683. 18:13:52 C-In: 23.10 18:13:55,437|
"client7@lab24-C-: <0.6223.0> 684te_Nachtricht. C Out: 23.10 18:13:49,567| (684);"Eingang HBQ:18:13:51; Eingang DLQ:18:13:52 C-In: 23.10 18:13:55,439|
"client8@lab24-C-: <0.6221.0> 685te_Nachtricht. C Out: 23.10 18:13:49,573| (685);"Eingang HBQ:18:13:51; Eingang DLQ:18:13:52 C-In: 23.10 18:13:55,441|
"client5@lab24-C-: <0.6225.0> 686te_Nachtricht. C Out: 23.10 18:13:49,582| (686);"Eingang HBQ:18:13:51; Eingang DLQ:18:13:52 C-In: 23.10 18:13:55,444|
"client9@lab24-C-: <0.6220.0> 687te_Nachtricht. C Out: 23.10 18:13:49,604| (687);"Eingang HBQ:18:13:51; Eingang DLQ:18:13:52 C-In: 23.10 18:13:55,446|
"client2@lab24-C-: <0.6228.0> 688te_Nachtricht. C Out: 23.10 18:13:49,605| (688);"Eingang HBQ:18:13:51; Eingang DLQ:18:13:52 C-In: 23.10 18:13:55,448|
***Fehlernachricht fuer Nachrichtennummern 689 bis 692. 18:13:52 C-In: 23.10 18:13:55,451|
"lab29-9-<0.49.0>-T3: Msg #693, C-Out: 23.10 18:13:51,137|"Eingang HBQ:18:13:51; Eingang DLQ:18:13:53 C-In: 23.10 18:13:55,453|
***Fehlernachricht fuer Nachrichtennummern 694 bis 694. 18:13:53 C-In: 23.10 18:13:55,458|
"client3@lab24-C-: <0.6123.0> 695te_Nachtricht. C Out: 23.10 18:13:49,692| (695);"Eingang HBQ:18:13:51; Eingang DLQ:18:13:53 C-In: 23.10 18:13:55,461|
"client7@lab24-C-: <0.6119.0> 696te_Nachtricht. C Out: 23.10 18:13:49,760| (696);"Eingang HBQ:18:13:51; Eingang DLQ:18:13:53 C-In: 23.10 18:13:55,463|
"client5@lab24-C-: <0.6121.0> 697te_Nachtricht. C Out: 23.10 18:13:49,760| (697);"Eingang HBQ:18:13:51; Eingang DLQ:18:13:53 C-In: 23.10 18:13:55,466|
"client1@lab24-C-: <0.6125.0> 698te_Nachtricht. C Out: 23.10 18:13:49,761| (698);"Eingang HBQ:18:13:51; Eingang DLQ:18:13:53 C-In: 23.10 18:13:55,468|
"client10@lab24-C-: <0.6115.0> 699te_Nachtricht. C Out: 23.10 18:13:49,761| (699);"Eingang HBQ:18:13:51; Eingang DLQ:18:13:53 C-In: 23.10 18:13:55,470|
"client2@lab24-C-: <0.6124.0> 700te_Nachtricht. C Out: 23.10 18:13:49,761| (700);"Eingang HBQ:18:13:51; Eingang DLQ:18:13:53 C-In: 23.10 18:13:55,473|
"lab29-1-<0.106.0>-T3: Msg #701, C-Out: 23.10 18:13:51,357|"Eingang HBQ:18:13:51; Eingang DLQ:18:13:53 C-In: 23.10 18:13:55,476|
"lab29-7-<0.83.0>-T3: Msg #702, C-Out: 23.10 18:13:51,422|"Eingang HBQ:18:13:51; Eingang DLQ:18:13:53 C-In: 23.10 18:13:55,478|
"lab29-8-<0.80.0>-T3: Msg #703, C-Out: 23.10 18:13:51,423|"Eingang HBQ:18:13:51; Eingang DLQ:18:13:53 C-In: 23.10 18:13:55,480|
"lab29-6-<0.86.0>-T3: Msg #704, C-Out: 23.10 18:13:51,822|"Eingang HBQ:18:13:51; Eingang DLQ:18:13:53 C-In: 23.10 18:13:55,482|
"lab29-5-<0.89.0>-T3: Msg #705, C-Out: 23.10 18:13:51,983|"Eingang HBQ:18:13:51; Eingang DLQ:18:13:53 C-In: 23.10 18:13:55,485|
***Fehlernachricht fuer Nachrichtennummern 706 bis 710. 18:13:53 C-In: 23.10 18:13:55,487|
"lab29-4-<0.93.0>-T3: Msg #711, C-Out: 23.10 18:13:52,108|"Eingang HBQ:18:13:52; Eingang DLQ:18:13:53 C-In: 23.10 18:13:55,489|
"client4@lab24-C-: <0.6174.0> 712te_Nachtricht. C Out: 23.10 18:13:50,616| (712);"Eingang HBQ:18:13:52; Eingang DLQ:18:13:53 C-In: 23.10 18:13:55,492|
"client2@lab24-C-: <0.6176.0> 713te_Nachtricht. C Out: 23.10 18:13:50,618| (713);"Eingang HBQ:18:13:52; Eingang DLQ:18:13:53 C-In: 23.10 18:13:55,494|
"client7@lab24-C-: <0.6171.0> 714te_Nachtricht. C Out: 23.10 18:13:50,618| (714);"Eingang HBQ:18:13:52; Eingang DLQ:18:13:53 C-In: 23.10 18:13:55,497|
"lab29-3-<0.97.0>-T3: Msg #715, C-Out: 23.10 18:13:52,328|"Eingang HBQ:18:13:52; Eingang DLQ:18:13:53 C-In: 23.10 18:13:55,499|
"lab29-10-<0.40.0>-T3: Msg #716, C-Out: 23.10 18:13:52,409|"Eingang HBQ:18:13:52; Eingang DLQ:18:13:53******* C-In: 23.10 18:13:55,501|
"lab29-2-<0.101.0>-T3: Msg #717, C-Out: 23.10 18:13:52,439|"Eingang HBQ:18:13:52; Eingang DLQ:18:13:53 C-In: 23.10 18:13:55,504|
"lab29-9-<0.49.0>-T3: Msg #718, C-Out: 23.10 18:13:52,639|"Eingang HBQ:18:13:52; Eingang DLQ:18:13:53 C-In: 23.10 18:13:55,506|
"lab29-1-<0.106.0>-T3: Msg #719, C-Out: 23.10 18:13:52,861|"Eingang HBQ:18:13:52; Eingang DLQ:18:13:53 C-In: 23.10 18:13:55,508|
"lab29-7-<0.83.0>-T3: Msg #720, C-Out: 23.10 18:13:52,924|"Eingang HBQ:18:13:52; Eingang DLQ:18:13:53 C-In: 23.10 18:13:55,511|
"lab29-8-<0.80.0>-T3: Msg #721, C-Out: 23.10 18:13:52,924|"Eingang HBQ:18:13:52; Eingang DLQ:18:13:53 C-In: 23.10 18:13:55,513|
"client7@lab24-C-: <0.6223.0> 722te_Nachtricht. C Out: 23.10 18:13:51,570| (722);"Eingang HBQ:18:13:53; Eingang DLQ:18:13:53 C-In: 23.10 18:13:55,515|
"client8@lab24-C-: <0.6221.0> 723te_Nachtricht. C Out: 23.10 18:13:51,574| (723);"Eingang HBQ:18:13:53; Eingang DLQ:18:13:53 C-In: 23.10 18:13:55,517|
"client5@lab24-C-: <0.6225.0> 724te_Nachtricht. C Out: 23.10 18:13:51,591| (724);"Eingang HBQ:18:13:53; Eingang DLQ:18:13:53 C-In: 23.10 18:13:55,520|
"client9@lab24-C-: <0.6220.0> 725te_Nachtricht. C Out: 23.10 18:13:51,607| (725);"Eingang HBQ:18:13:53; Eingang DLQ:18:13:53 C-In: 23.10 18:13:55,522|
"client2@lab24-C-: <0.6228.0> 726te_Nachtricht. C Out: 23.10 18:13:51,612| (726);"Eingang HBQ:18:13:53; Eingang DLQ:18:13:53 C-In: 23.10 18:13:55,524|
"client3@lab24-C-: <0.6123.0> 727te_Nachtricht. C Out: 23.10 18:13:51,695| (727);"Eingang HBQ:18:13:53; Eingang DLQ:18:13:53 C-In: 23.10 18:13:55,527|
"client7@lab24-C-: <0.6119.0> 728te_Nachtricht. C Out: 23.10 18:13:51,782| (728);"Eingang HBQ:18:13:53; Eingang DLQ:18:13:53 C-In: 23.10 18:13:55,529|
"client5@lab24-C-: <0.6121.0> 729te_Nachtricht. C Out: 23.10 18:13:51,785| (729);"Eingang HBQ:18:13:53; Eingang DLQ:18:13:53 C-In: 23.10 18:13:55,531|
"client2@lab24-C-: <0.6124.0> 730te_Nachtricht. C Out: 23.10 18:13:51,798| (730);"Eingang HBQ:18:13:53; Eingang DLQ:18:13:53 C-In: 23.10 18:13:55,534|
"client10@lab24-C-: <0.6115.0> 731te_Nachtricht. C Out: 23.10 18:13:51,798| (731);"Eingang HBQ:18:13:53; Eingang DLQ:18:13:53 C-In: 23.10 18:13:55,536|
"client1@lab24-C-: <0.6125.0> 732te_Nachtricht. C Out: 23.10 18:13:51,798| (732);"Eingang HBQ:18:13:53; Eingang DLQ:18:13:53 C-In: 23.10 18:13:55,538|
"lab29-6-<0.86.0>-T3: Msg #733, C-Out: 23.10 18:13:53,326|"Eingang HBQ:18:13:53; Eingang DLQ:18:13:53 C-In: 23.10 18:13:55,540|
"lab29-5-<0.89.0>-T3: Msg #734, C-Out: 23.10 18:13:53,487|"Eingang HBQ:18:13:53; Eingang DLQ:18:13:53 C-In: 23.10 18:13:55,542|
"lab29-4-<0.93.0>-T3: Msg #735, C-Out: 23.10 18:13:53,612|"Eingang HBQ:18:13:53; Eingang DLQ:18:13:53 C-In: 23.10 18:13:55,544|
"lab29-3-<0.97.0>-T3: Msg #736, C-Out: 23.10 18:13:53,832|"Eingang HBQ:18:13:53; Eingang DLQ:18:13:53 C-In: 23.10 18:13:55,549|
ReceiveMsgs done
lab29-10-<0.40.0>-T3: Msg #805, C-Out: 23.10 18:13:57,806| gesendet
lab29-10-<0.40.0>-T3: Msg #864, C-Out: 23.10 18:14:00,060| gesendet
lab29-10-<0.40.0>-T3: Msg #896, C-Out: 23.10 18:14:02,314| gesendet
lab29-10-<0.40.0>-T3: Msg #906, C-Out: 23.10 18:14:04,566| gesendet
lab29-10-<0.40.0>-T3: Msg #921, C-Out: 23.10 18:14:06,848| gesendet
Neues Intervall: 3.375 Sekunden
Msg #1006 um 23.10 18:14:06,889| vergessen zu senden
"client7@lab24-C-: <0.6171.0> 862te_Nachtricht. C Out: 23.10 18:13:57,755| (862);"Eingang HBQ:18:13:58; Eingang DLQ:18:14:2 C-In: 23.10 18:14:06,891|
"client2@lab24-C-: <0.6176.0> 863te_Nachtricht. C Out: 23.10 18:13:57,755| (863);"Eingang HBQ:18:13:58; Eingang DLQ:18:14:2 C-In: 23.10 18:14:06,894|
"lab29-10-<0.40.0>-T3: Msg #864, C-Out: 23.10 18:14:00,060|"Eingang HBQ:18:14:0; Eingang DLQ:18:14:2******* C-In: 23.10 18:14:06,896|
"client5@lab24-C-: <0.6225.0> 865te_Nachtricht. C Out: 23.10 18:13:57,831| (865);"Eingang HBQ:18:13:58; Eingang DLQ:18:14:2 C-In: 23.10 18:14:06,898|
"client2@lab24-C-: <0.6228.0> 866te_Nachtricht. C Out: 23.10 18:13:57,831| (866);"Eingang HBQ:18:13:58; Eingang DLQ:18:14:2 C-In: 23.10 18:14:06,901|
***Fehlernachricht fuer Nachrichtennummern 867 bis 871. 18:14:2 C-In: 23.10 18:14:06,903|
"lab29-1-<0.106.0>-T3: Msg #872, C-Out: 23.10 18:14:00,354|"Eingang HBQ:18:14:0; Eingang DLQ:18:14:3 C-In: 23.10 18:14:06,906|
***Fehlernachricht fuer Nachrichtennummern 873 bis 878. 18:14:3 C-In: 23.10 18:14:06,908|
"client5@lab24-C-: <0.6225.0> 879te_Nachtricht. C Out: 23.10 18:13:58,851| (879);"Eingang HBQ:18:13:59; Eingang DLQ:18:14:4 C-In: 23.10 18:14:06,910|
"client2@lab24-C-: <0.6228.0> 880te_Nachtricht. C Out: 23.10 18:13:58,851| (880);"Eingang HBQ:18:13:59; Eingang DLQ:18:14:4 C-In: 23.10 18:14:06,913|
"lab29-6-<0.86.0>-T3: Msg #881, C-Out: 23.10 18:14:01,231|"Eingang HBQ:18:14:1; Eingang DLQ:18:14:4 C-In: 23.10 18:14:06,915|
"lab29-9-<0.49.0>-T3: Msg #882, C-Out: 23.10 18:14:01,233|"Eingang HBQ:18:14:1; Eingang DLQ:18:14:4 C-In: 23.10 18:14:06,917|
"lab29-5-<0.89.0>-T3: Msg #883, C-Out: 23.10 18:14:01,233|"Eingang HBQ:18:14:1; Eingang DLQ:18:14:4 C-In: 23.10 18:14:06,920|
"lab29-7-<0.83.0>-T3: Msg #884, C-Out: 23.10 18:14:01,233|"Eingang HBQ:18:14:1; Eingang DLQ:18:14:4 C-In: 23.10 18:14:06,922|
"lab29-8-<0.80.0>-T3: Msg #885, C-Out: 23.10 18:14:01,234|"Eingang HBQ:18:14:1; Eingang DLQ:18:14:4 C-In: 23.10 18:14:06,924|
"lab29-4-<0.93.0>-T3: Msg #886, C-Out: 23.10 18:14:01,255|"Eingang HBQ:18:14:1; Eingang DLQ:18:14:4 C-In: 23.10 18:14:06,927|
"lab29-3-<0.97.0>-T3: Msg #887, C-Out: 23.10 18:14:01,411|"Eingang HBQ:18:14:1; Eingang DLQ:18:14:4 C-In: 23.10 18:14:06,929|
"lab29-2-<0.101.0>-T3: Msg #888, C-Out: 23.10 18:14:01,500|"Eingang HBQ:18:14:1; Eingang DLQ:18:14:4 C-In: 23.10 18:14:06,931|
"client5@lab21-C-: <0.1512.0> 889te_Nachricht. C Out: 23.10 18:13:59,361| (889);"Eingang HBQ:18:14:2; Eingang DLQ:18:14:4 C-In: 23.10 18:14:06,933|
"client3@lab21-C-: <0.1515.0> 890te_Nachricht. C Out: 23.10 18:13:59,361| (890);"Eingang HBQ:18:14:2; Eingang DLQ:18:14:4 C-In: 23.10 18:14:06,936|
"client4@lab21-C-: <0.1513.0> 891te_Nachricht. C Out: 23.10 18:13:59,361| (891);"Eingang HBQ:18:14:2; Eingang DLQ:18:14:4 C-In: 23.10 18:14:06,938|
"client1@lab21-C-: <0.1517.0> 892te_Nachricht. C Out: 23.10 18:13:59,362| (892);"Eingang HBQ:18:14:2; Eingang DLQ:18:14:4 C-In: 23.10 18:14:06,940|
"client2@lab21-C-: <0.1516.0> 893te_Nachricht. C Out: 23.10 18:13:59,362| (893);"Eingang HBQ:18:14:2; Eingang DLQ:18:14:4 C-In: 23.10 18:14:06,942|
***Fehlernachricht fuer Nachrichtennummern 894 bis 895. 18:14:4 C-In: 23.10 18:14:06,945|
"lab29-10-<0.40.0>-T3: Msg #896, C-Out: 23.10 18:14:02,314|"Eingang HBQ:18:14:2; Eingang DLQ:18:14:6******* C-In: 23.10 18:14:06,947|
"lab29-1-<0.106.0>-T3: Msg #897, C-Out: 23.10 18:14:02,622|"Eingang HBQ:18:14:2; Eingang DLQ:18:14:6 C-In: 23.10 18:14:06,950|
"lab29-6-<0.86.0>-T3: Msg #898, C-Out: 23.10 18:14:03,483|"Eingang HBQ:18:14:3; Eingang DLQ:18:14:6 C-In: 23.10 18:14:06,953|
"lab29-7-<0.83.0>-T3: Msg #899, C-Out: 23.10 18:14:03,485|"Eingang HBQ:18:14:3; Eingang DLQ:18:14:6 C-In: 23.10 18:14:06,955|
"lab29-5-<0.89.0>-T3: Msg #900, C-Out: 23.10 18:14:03,485|"Eingang HBQ:18:14:3; Eingang DLQ:18:14:6 C-In: 23.10 18:14:06,958|
"lab29-9-<0.49.0>-T3: Msg #901, C-Out: 23.10 18:14:03,486|"Eingang HBQ:18:14:3; Eingang DLQ:18:14:6 C-In: 23.10 18:14:06,960|
"lab29-8-<0.80.0>-T3: Msg #902, C-Out: 23.10 18:14:03,487|"Eingang HBQ:18:14:3; Eingang DLQ:18:14:6 C-In: 23.10 18:14:06,962|
"lab29-4-<0.93.0>-T3: Msg #903, C-Out: 23.10 18:14:03,507|"Eingang HBQ:18:14:3; Eingang DLQ:18:14:6 C-In: 23.10 18:14:06,965|
"lab29-3-<0.97.0>-T3: Msg #904, C-Out: 23.10 18:14:03,663|"Eingang HBQ:18:14:3; Eingang DLQ:18:14:6 C-In: 23.10 18:14:06,967|
"lab29-2-<0.101.0>-T3: Msg #905, C-Out: 23.10 18:14:03,752|"Eingang HBQ:18:14:3; Eingang DLQ:18:14:6 C-In: 23.10 18:14:06,970|
"lab29-10-<0.40.0>-T3: Msg #906, C-Out: 23.10 18:14:04,566|"Eingang HBQ:18:14:4; Eingang DLQ:18:14:6******* C-In: 23.10 18:14:06,972|
"client4@lab21-C-: <0.1513.0> 907te_Nachricht. C Out: 23.10 18:14:02,367| (907);"Eingang HBQ:18:14:5; Eingang DLQ:18:14:6 C-In: 23.10 18:14:06,975|
"client3@lab21-C-: <0.1515.0> 908te_Nachricht. C Out: 23.10 18:14:02,367| (908);"Eingang HBQ:18:14:5; Eingang DLQ:18:14:6 C-In: 23.10 18:14:06,977|
"client5@lab21-C-: <0.1512.0> 909te_Nachricht. C Out: 23.10 18:14:02,367| (909);"Eingang HBQ:18:14:5; Eingang DLQ:18:14:6 C-In: 23.10 18:14:06,979|
"client2@lab21-C-: <0.1516.0> 910te_Nachricht. C Out: 23.10 18:14:02,383| (910);"Eingang HBQ:18:14:5; Eingang DLQ:18:14:6 C-In: 23.10 18:14:06,982|
"client1@lab21-C-: <0.1517.0> 911te_Nachricht. C Out: 23.10 18:14:02,383| (911);"Eingang HBQ:18:14:5; Eingang DLQ:18:14:6 C-In: 23.10 18:14:06,984|
"lab29-1-<0.106.0>-T3: Msg #912, C-Out: 23.10 18:14:04,874|"Eingang HBQ:18:14:4; Eingang DLQ:18:14:6 C-In: 23.10 18:14:06,987|
"lab29-6-<0.86.0>-T3: Msg #913, C-Out: 23.10 18:14:05,735|"Eingang HBQ:18:14:5; Eingang DLQ:18:14:6 C-In: 23.10 18:14:06,990|
"lab29-5-<0.89.0>-T3: Msg #914, C-Out: 23.10 18:14:05,744|"Eingang HBQ:18:14:5; Eingang DLQ:18:14:6 C-In: 23.10 18:14:06,992|
"lab29-7-<0.83.0>-T3: Msg #915, C-Out: 23.10 18:14:05,744|"Eingang HBQ:18:14:5; Eingang DLQ:18:14:6 C-In: 23.10 18:14:06,995|
"lab29-9-<0.49.0>-T3: Msg #916, C-Out: 23.10 18:14:05,744|"Eingang HBQ:18:14:5; Eingang DLQ:18:14:6 C-In: 23.10 18:14:06,997|
"lab29-8-<0.80.0>-T3: Msg #917, C-Out: 23.10 18:14:05,744|"Eingang HBQ:18:14:5; Eingang DLQ:18:14:6 C-In: 23.10 18:14:06,000|
"lab29-4-<0.93.0>-T3: Msg #918, C-Out: 23.10 18:14:05,759|"Eingang HBQ:18:14:5; Eingang DLQ:18:14:6 C-In: 23.10 18:14:06,002|
"lab29-3-<0.97.0>-T3: Msg #919, C-Out: 23.10 18:14:05,915|"Eingang HBQ:18:14:5; Eingang DLQ:18:14:6 C-In: 23.10 18:14:06,005|
"lab29-2-<0.101.0>-T3: Msg #920, C-Out: 23.10 18:14:06,013|"Eingang HBQ:18:14:6; Eingang DLQ:18:14:6 C-In: 23.10 18:14:07,007|
"lab29-10-<0.40.0>-T3: Msg #921, C-Out: 23.10 18:14:06,848|"Eingang HBQ:18:14:6; Eingang DLQ:18:14:6******* C-In: 23.10 18:14:07,011|
ReceiveMsgs done
lab29-10-<0.40.0>-T3: Msg #1017, C-Out: 23.10 18:14:10,390| gesendet
lab29-10-<0.40.0>-T3: Msg #1127, C-Out: 23.10 18:14:13,770| gesendet
lab29-10-<0.40.0>-T3: Msg #1225, C-Out: 23.10 18:14:17,146| gesendet
lab29-10-<0.40.0>-T3: Msg #1321, C-Out: 23.10 18:14:20,523| gesendet
lab29-10-<0.40.0>-T3: Msg #1432, C-Out: 23.10 18:14:23,906| gesendet
Neues Intervall: 1.6875 Sekunden
Msg #1610 um 23.10 18:14:23,906| vergessen zu senden
"client6@lab24-C-: <0.10589.0> 1312te_Nachtricht. C Out: 23.10 18:14:15,995| (1312);"Eingang HBQ:18:14:18; Eingang DLQ:18:14:20 C-In: 23.10 18:14:23,906|
"client3@lab24-C-: <0.10592.0> 1313te_Nachtricht. C Out: 23.10 18:14:15,995| (1313);"Eingang HBQ:18:14:18; Eingang DLQ:18:14:20 C-In: 23.10 18:14:23,907|
"client4@lab24-C-: <0.10591.0> 1314te_Nachtricht. C Out: 23.10 18:14:15,995| (1314);"Eingang HBQ:18:14:18; Eingang DLQ:18:14:20 C-In: 23.10 18:14:23,908|
"client1@lab24-C-: <0.10594.0> 1315te_Nachtricht. C Out: 23.10 18:14:15,995| (1315);"Eingang HBQ:18:14:18; Eingang DLQ:18:14:20 C-In: 23.10 18:14:23,909|
"client2@lab24-C-: <0.10593.0> 1316te_Nachtricht. C Out: 23.10 18:14:15,996| (1316);"Eingang HBQ:18:14:18; Eingang DLQ:18:14:20 C-In: 23.10 18:14:23,909|
"lab29-1-<0.106.0>-T3: Msg #1317, C-Out: 23.10 18:14:19,642|"Eingang HBQ:18:14:19; Eingang DLQ:18:14:20 C-In: 23.10 18:14:23,910|
"client3@lab21-C-: <0.1515.0> 1318te_Nachricht. C Out: 23.10 18:14:16,557| (1318);"Eingang HBQ:18:14:18; Eingang DLQ:18:14:20 C-In: 23.10 18:14:23,912|
"client5@lab21-C-: <0.1512.0> 1319te_Nachricht. C Out: 23.10 18:14:16,587| (1319);"Eingang HBQ:18:14:18; Eingang DLQ:18:14:20 C-In: 23.10 18:14:23,912|
"client4@lab21-C-: <0.1513.0> 1320te_Nachricht. C Out: 23.10 18:14:16,587| (1320);"Eingang HBQ:18:14:18; Eingang DLQ:18:14:20 C-In: 23.10 18:14:23,913|
***Fehlernachricht fuer Nachrichtennummern 1321 bis 1321. 18:14:20******* C-In: 23.10 18:14:23,913|
"client9@lab24-C-: <0.10221.0> 1322te_Nachtricht. C Out: 23.10 18:14:17,253| (1322);"Eingang HBQ:18:14:20; Eingang DLQ:18:14:20 C-In: 23.10 18:14:23,914|
"client10@lab24-C-: <0.10220.0> 1323te_Nachtricht. C Out: 23.10 18:14:17,253| (1323);"Eingang HBQ:18:14:20; Eingang DLQ:18:14:20 C-In: 23.10 18:14:23,915|
"client8@lab24-C-: <0.10222.0> 1324te_Nachtricht. C Out: 23.10 18:14:17,265| (1324);"Eingang HBQ:18:14:20; Eingang DLQ:18:14:20 C-In: 23.10 18:14:23,915|
"client7@lab24-C-: <0.10224.0> 1325te_Nachtricht. C Out: 23.10 18:14:17,265| (1325);"Eingang HBQ:18:14:20; Eingang DLQ:18:14:20 C-In: 23.10 18:14:23,916|
"client6@lab24-C-: <0.10225.0> 1326te_Nachtricht. C Out: 23.10 18:14:17,265| (1326);"Eingang HBQ:18:14:20; Eingang DLQ:18:14:20 C-In: 23.10 18:14:23,917|
"client5@lab24-C-: <0.10226.0> 1327te_Nachtricht. C Out: 23.10 18:14:17,265| (1327);"Eingang HBQ:18:14:20; Eingang DLQ:18:14:20 C-In: 23.10 18:14:23,917|
"client4@lab24-C-: <0.10227.0> 1328te_Nachtricht. C Out: 23.10 18:14:17,267| (1328);"Eingang HBQ:18:14:20; Eingang DLQ:18:14:20 C-In: 23.10 18:14:23,918|
"client1@lab24-C-: <0.10230.0> 1329te_Nachtricht. C Out: 23.10 18:14:17,268| (1329);"Eingang HBQ:18:14:20; Eingang DLQ:18:14:20 C-In: 23.10 18:14:23,919|
"client2@lab24-C-: <0.10229.0> 1330te_Nachtricht. C Out: 23.10 18:14:17,268| (1330);"Eingang HBQ:18:14:20; Eingang DLQ:18:14:20 C-In: 23.10 18:14:23,920|
"client3@lab24-C-: <0.10228.0> 1331te_Nachtricht. C Out: 23.10 18:14:17,268| (1331);"Eingang HBQ:18:14:20; Eingang DLQ:18:14:20 C-In: 23.10 18:14:23,920|
"client10@lab24-C-: <0.10263.0> 1332te_Nachtricht. C Out: 23.10 18:14:17,601| (1332);"Eingang HBQ:18:14:20; Eingang DLQ:18:14:20 C-In: 23.10 18:14:23,922|
"client9@lab24-C-: <0.10264.0> 1333te_Nachtricht. C Out: 23.10 18:14:17,609| (1333);"Eingang HBQ:18:14:20; Eingang DLQ:18:14:20 C-In: 23.10 18:14:23,925|
"client7@lab24-C-: <0.10267.0> 1334te_Nachtricht. C Out: 23.10 18:14:17,610| (1334);"Eingang HBQ:18:14:20; Eingang DLQ:18:14:20 C-In: 23.10 18:14:23,927|
"client4@lab24-C-: <0.10270.0> 1335te_Nachtricht. C Out: 23.10 18:14:17,612| (1335);"Eingang HBQ:18:14:20; Eingang DLQ:18:14:20 C-In: 23.10 18:14:23,929|
"client8@lab24-C-: <0.10266.0> 1336te_Nachtricht. C Out: 23.10 18:14:17,612| (1336);"Eingang HBQ:18:14:20; Eingang DLQ:18:14:20 C-In: 23.10 18:14:23,932|
"client6@lab24-C-: <0.10268.0> 1337te_Nachtricht. C Out: 23.10 18:14:17,612| (1337);"Eingang HBQ:18:14:20; Eingang DLQ:18:14:20 C-In: 23.10 18:14:23,937|
"client3@lab24-C-: <0.10271.0> 1338te_Nachtricht. C Out: 23.10 18:14:17,618| (1338);"Eingang HBQ:18:14:20; Eingang DLQ:18:14:20 C-In: 23.10 18:14:23,940|
"client1@lab24-C-: <0.10273.0> 1339te_Nachtricht. C Out: 23.10 18:14:17,618| (1339);"Eingang HBQ:18:14:20; Eingang DLQ:18:14:20 C-In: 23.10 18:14:23,954|
"client2@lab24-C-: <0.10272.0> 1340te_Nachtricht. C Out: 23.10 18:14:17,618| (1340);"Eingang HBQ:18:14:20; Eingang DLQ:18:14:20 C-In: 23.10 18:14:23,957|
"client5@lab24-C-: <0.10269.0> 1341te_Nachtricht. C Out: 23.10 18:14:17,634| (1341);"Eingang HBQ:18:14:20; Eingang DLQ:18:14:20 C-In: 23.10 18:14:23,965|
"client10@lab24-C-: <0.10324.0> 1342te_Nachtricht. C Out: 23.10 18:14:17,850| (1342);"Eingang HBQ:18:14:20; Eingang DLQ:18:14:20 C-In: 23.10 18:14:23,968|
***Fehlernachricht fuer Nachrichtennummern 1343 bis 1404. 18:14:20 C-In: 23.10 18:14:23,971|
"client3@lab21-C-: <0.1515.0> 1405te_Nachricht. C Out: 23.10 18:14:18,840| (1405);"Eingang HBQ:18:14:19; Eingang DLQ:18:14:23 C-In: 23.10 18:14:23,976|
"client5@lab21-C-: <0.1512.0> 1406te_Nachricht. C Out: 23.10 18:14:18,853| (1406);"Eingang HBQ:18:14:19; Eingang DLQ:18:14:23 C-In: 23.10 18:14:23,976|
"client4@lab21-C-: <0.1513.0> 1407te_Nachricht. C Out: 23.10 18:14:18,853| (1407);"Eingang HBQ:18:14:19; Eingang DLQ:18:14:23 C-In: 23.10 18:14:23,981|
"client10@lab24-C-: <0.10584.0> 1408te_Nachtricht. C Out: 23.10 18:14:18,965| (1408);"Eingang HBQ:18:14:21; Eingang DLQ:18:14:23 C-In: 23.10 18:14:23,983|
"client9@lab24-C-: <0.10586.0> 1409te_Nachtricht. C Out: 23.10 18:14:18,995| (1409);"Eingang HBQ:18:14:22; Eingang DLQ:18:14:23 C-In: 23.10 18:14:23,984|
"client8@lab24-C-: <0.10587.0> 1410te_Nachtricht. C Out: 23.10 18:14:18,999| (1410);"Eingang HBQ:18:14:22; Eingang DLQ:18:14:23 C-In: 23.10 18:14:23,984|
"client7@lab24-C-: <0.10588.0> 1411te_Nachtricht. C Out: 23.10 18:14:18,999| (1411);"Eingang HBQ:18:14:22; Eingang DLQ:18:14:23 C-In: 23.10 18:14:23,985|
"client5@lab24-C-: <0.10590.0> 1412te_Nachtricht. C Out: 23.10 18:14:18,999| (1412);"Eingang HBQ:18:14:22; Eingang DLQ:18:14:23 C-In: 23.10 18:14:23,985|
"client3@lab24-C-: <0.10592.0> 1413te_Nachtricht. C Out: 23.10 18:14:18,001| (1413);"Eingang HBQ:18:14:22; Eingang DLQ:18:14:23 C-In: 23.10 18:14:23,986|
"client1@lab24-C-: <0.10594.0> 1414te_Nachtricht. C Out: 23.10 18:14:18,001| (1414);"Eingang HBQ:18:14:22; Eingang DLQ:18:14:23 C-In: 23.10 18:14:23,991|
"client4@lab24-C-: <0.10591.0> 1415te_Nachtricht. C Out: 23.10 18:14:18,001| (1415);"Eingang HBQ:18:14:22; Eingang DLQ:18:14:23 C-In: 23.10 18:14:23,994|
"client2@lab24-C-: <0.10593.0> 1416te_Nachtricht. C Out: 23.10 18:14:18,001| (1416);"Eingang HBQ:18:14:22; Eingang DLQ:18:14:23 C-In: 23.10 18:14:23,998|
"client6@lab24-C-: <0.10589.0> 1417te_Nachtricht. C Out: 23.10 18:14:18,001| (1417);"Eingang HBQ:18:14:22; Eingang DLQ:18:14:23 C-In: 23.10 18:14:23,002|
"lab29-1-<0.106.0>-T3: Msg #1418, C-Out: 23.10 18:14:23,021|"Eingang HBQ:18:14:23; Eingang DLQ:18:14:23 C-In: 23.10 18:14:24,021|
"client3@lab21-C-: <0.1515.0> 1419te_Nachricht. C Out: 23.10 18:14:19,842| (1419);"Eingang HBQ:18:14:20; Eingang DLQ:18:14:23 C-In: 23.10 18:14:24,025|
"client5@lab21-C-: <0.1512.0> 1420te_Nachricht. C Out: 23.10 18:14:19,857| (1420);"Eingang HBQ:18:14:20; Eingang DLQ:18:14:23 C-In: 23.10 18:14:24,029|
"client4@lab21-C-: <0.1513.0> 1421te_Nachricht. C Out: 23.10 18:14:19,858| (1421);"Eingang HBQ:18:14:20; Eingang DLQ:18:14:23 C-In: 23.10 18:14:24,035|
***Fehlernachricht fuer Nachrichtennummern 1422 bis 1438. 18:14:23 C-In: 23.10 18:14:24,038|
ReceiveMsgs done
lab29-10-<0.40.0>-T3: Msg #1613, C-Out: 23.10 18:14:25,733| gesendet
lab29-10-<0.40.0>-T3: Msg #1665, C-Out: 23.10 18:14:27,423| gesendet
lab29-10-<0.40.0>-T3: Msg #1709, C-Out: 23.10 18:14:29,114| gesendet
lab29-10-<0.40.0>-T3: Msg #1776, C-Out: 23.10 18:14:30,804| gesendet
lab29-10-<0.40.0>-T3: Msg #1816, C-Out: 23.10 18:14:32,495| gesendet
Neues Intervall: 2.53125 Sekunden
Msg #1874 um 23.10 18:14:32,497| vergessen zu senden
"lab29-5-<0.89.0>-T3: Msg #1704, C-Out: 23.10 18:14:29,058|"Eingang HBQ:18:14:29; Eingang DLQ:18:14:30 C-In: 23.10 18:14:32,501|
"lab29-9-<0.49.0>-T3: Msg #1705, C-Out: 23.10 18:14:29,059|"Eingang HBQ:18:14:29; Eingang DLQ:18:14:30 C-In: 23.10 18:14:32,505|
"lab29-2-<0.101.0>-T3: Msg #1706, C-Out: 23.10 18:14:29,059|"Eingang HBQ:18:14:29; Eingang DLQ:18:14:30 C-In: 23.10 18:14:32,509|
***Fehlernachricht fuer Nachrichtennummern 1707 bis 1708. 18:14:30 C-In: 23.10 18:14:32,511|
"lab29-10-<0.40.0>-T3: Msg #1709, C-Out: 23.10 18:14:29,114|"Eingang HBQ:18:14:29; Eingang DLQ:18:14:30******* C-In: 23.10 18:14:32,514|
"client6@lab24-C-: <0.10589.0> 1710te_Nachtricht. C Out: 23.10 18:14:27,478| (1710);"Eingang HBQ:18:14:29; Eingang DLQ:18:14:30 C-In: 23.10 18:14:32,517|
"client10@lab24-C-: <0.10584.0> 1711te_Nachtricht. C Out: 23.10 18:14:27,478| (1711);"Eingang HBQ:18:14:29; Eingang DLQ:18:14:30 C-In: 23.10 18:14:32,519|
"client3@lab24-C-: <0.10592.0> 1712te_Nachtricht. C Out: 23.10 18:14:27,482| (1712);"Eingang HBQ:18:14:29; Eingang DLQ:18:14:30 C-In: 23.10 18:14:32,521|
"client4@lab24-C-: <0.10591.0> 1713te_Nachtricht. C Out: 23.10 18:14:27,482| (1713);"Eingang HBQ:18:14:29; Eingang DLQ:18:14:30 C-In: 23.10 18:14:32,524|
"client8@lab24-C-: <0.10587.0> 1714te_Nachtricht. C Out: 23.10 18:14:27,482| (1714);"Eingang HBQ:18:14:29; Eingang DLQ:18:14:30 C-In: 23.10 18:14:32,526|
"client10@lab24-C-: <0.10263.0> 1715te_Nachtricht. C Out: 23.10 18:14:27,485| (1715);"Eingang HBQ:18:14:29; Eingang DLQ:18:14:30 C-In: 23.10 18:14:32,528|
"client7@lab24-C-: <0.10267.0> 1716te_Nachtricht. C Out: 23.10 18:14:27,492| (1716);"Eingang HBQ:18:14:29; Eingang DLQ:18:14:30 C-In: 23.10 18:14:32,531|
***Fehlernachricht fuer Nachrichtennummern 1717 bis 1720. 18:14:30 C-In: 23.10 18:14:32,534|
"client8@lab24-C-: <0.10266.0> 1721te_Nachtricht. C Out: 23.10 18:14:27,520| (1721);"Eingang HBQ:18:14:29; Eingang DLQ:18:14:30 C-In: 23.10 18:14:32,536|
"client5@lab24-C-: <0.10269.0> 1726te_Nachtricht. C Out: 23.10 18:14:27,634| (1726);"Eingang HBQ:18:14:29; Eingang DLQ:18:14:30 C-In: 23.10 18:14:32,557|
***Fehlernachricht fuer Nachrichtennummern 1727 bis 1737. 18:14:30 C-In: 23.10 18:14:32,560|
"client5@lab24-C-: <0.10330.0> 1738te_Nachtricht. C Out: 23.10 18:14:27,998| (1738);"Eingang HBQ:18:14:29; Eingang DLQ:18:14:30 C-In: 23.10 18:14:32,562|
"client8@lab24-C-: <0.10327.0> 1739te_Nachtricht. C Out: 23.10 18:14:28,021| (1739);"Eingang HBQ:18:14:30; Eingang DLQ:18:14:30 C-In: 23.10 18:14:32,570|
***Fehlernachricht fuer Nachrichtennummern 1740 bis 1740. 18:14:30 C-In: 23.10 18:14:32,572|
"lab29-1-<0.106.0>-T3: Msg #1741, C-Out: 23.10 18:14:29,970|"Eingang HBQ:18:14:29; Eingang DLQ:18:14:31 C-In: 23.10 18:14:32,574|
***Fehlernachricht fuer Nachrichtennummern 1742 bis 1752. 18:14:31 C-In: 23.10 18:14:32,577|
"client4@lab24-C-: <0.10383.0> 1753te_Nachtricht. C Out: 23.10 18:14:28,532| (1753);"Eingang HBQ:18:14:30; Eingang DLQ:18:14:31 C-In: 23.10 18:14:32,579|
"client6@lab24-C-: <0.10381.0> 1754te_Nachtricht. C Out: 23.10 18:14:28,532| (1754);"Eingang HBQ:18:14:30; Eingang DLQ:18:14:31 C-In: 23.10 18:14:32,581|
"client6@lab24-C-: <0.10225.0> 1755te_Nachtricht. C Out: 23.10 18:14:28,660| (1755);"Eingang HBQ:18:14:30; Eingang DLQ:18:14:31 C-In: 23.10 18:14:32,586|
"client10@lab24-C-: <0.10220.0> 1756te_Nachtricht. C Out: 23.10 18:14:28,666| (1756);"Eingang HBQ:18:14:30; Eingang DLQ:18:14:31 C-In: 23.10 18:14:32,588|
"client1@lab24-C-: <0.10230.0> 1757te_Nachtricht. C Out: 23.10 18:14:28,666| (1757);"Eingang HBQ:18:14:30; Eingang DLQ:18:14:31 C-In: 23.10 18:14:32,591|
"client10@lab24-C-: <0.10428.0> 1758te_Nachtricht. C Out: 23.10 18:14:28,748| (1758);"Eingang HBQ:18:14:30; Eingang DLQ:18:14:31 C-In: 23.10 18:14:32,593|
"client3@lab24-C-: <0.10436.0> 1759te_Nachtricht. C Out: 23.10 18:14:28,796| (1759);"Eingang HBQ:18:14:30; Eingang DLQ:18:14:31 C-In: 23.10 18:14:32,596|
"client5@lab24-C-: <0.10434.0> 1760te_Nachtricht. C Out: 23.10 18:14:28,796| (1760);"Eingang HBQ:18:14:30; Eingang DLQ:18:14:31 C-In: 23.10 18:14:32,598|
"client8@lab24-C-: <0.10482.0> 1761te_Nachtricht. C Out: 23.10 18:14:28,923| (1761);"Eingang HBQ:18:14:30; Eingang DLQ:18:14:31 C-In: 23.10 18:14:32,602|
"client2@lab24-C-: <0.10489.0> 1762te_Nachtricht. C Out: 23.10 18:14:28,924| (1762);"Eingang HBQ:18:14:30; Eingang DLQ:18:14:31 C-In: 23.10 18:14:32,605|
"client5@lab24-C-: <0.10486.0> 1763te_Nachtricht. C Out: 23.10 18:14:28,944| (1763);"Eingang HBQ:18:14:30; Eingang DLQ:18:14:31 C-In: 23.10 18:14:32,607|
"client1@lab24-C-: <0.10490.0> 1764te_Nachtricht. C Out: 23.10 18:14:28,945| (1764);"Eingang HBQ:18:14:30; Eingang DLQ:18:14:31 C-In: 23.10 18:14:32,610|
"client6@lab24-C-: <0.10485.0> 1765te_Nachtricht. C Out: 23.10 18:14:28,973| (1765);"Eingang HBQ:18:14:30; Eingang DLQ:18:14:31 C-In: 23.10 18:14:32,612|
"client3@lab24-C-: <0.10488.0> 1766te_Nachtricht. C Out: 23.10 18:14:28,973| (1766);"Eingang HBQ:18:14:30; Eingang DLQ:18:14:31 C-In: 23.10 18:14:32,615|
"lab29-8-<0.80.0>-T3: Msg #1767, C-Out: 23.10 18:14:30,696|"Eingang HBQ:18:14:30; Eingang DLQ:18:14:31 C-In: 23.10 18:14:32,618|
"lab29-7-<0.83.0>-T3: Msg #1768, C-Out: 23.10 18:14:30,700|"Eingang HBQ:18:14:30; Eingang DLQ:18:14:31 C-In: 23.10 18:14:32,620|
"lab29-3-<0.97.0>-T3: Msg #1769, C-Out: 23.10 18:14:30,703|"Eingang HBQ:18:14:30; Eingang DLQ:18:14:31 C-In: 23.10 18:14:32,623|
"lab29-4-<0.93.0>-T3: Msg #1770, C-Out: 23.10 18:14:30,713|"Eingang HBQ:18:14:30; Eingang DLQ:18:14:31 C-In: 23.10 18:14:32,625|
"lab29-6-<0.86.0>-T3: Msg #1771, C-Out: 23.10 18:14:30,715|"Eingang HBQ:18:14:30; Eingang DLQ:18:14:31 C-In: 23.10 18:14:32,628|
"lab29-5-<0.89.0>-T3: Msg #1772, C-Out: 23.10 18:14:30,748|"Eingang HBQ:18:14:30; Eingang DLQ:18:14:31 C-In: 23.10 18:14:32,632|
"lab29-2-<0.101.0>-T3: Msg #1773, C-Out: 23.10 18:14:30,748|"Eingang HBQ:18:14:30; Eingang DLQ:18:14:31 C-In: 23.10 18:14:32,636|
"lab29-9-<0.49.0>-T3: Msg #1774, C-Out: 23.10 18:14:30,750|"Eingang HBQ:18:14:30; Eingang DLQ:18:14:31 C-In: 23.10 18:14:32,638|
"client9@lab24-C-: <0.10534.0> 1775te_Nachtricht. C Out: 23.10 18:14:29,089| (1775);"Eingang HBQ:18:14:31; Eingang DLQ:18:14:31 C-In: 23.10 18:14:32,641|
"lab29-10-<0.40.0>-T3: Msg #1776, C-Out: 23.10 18:14:30,804|"Eingang HBQ:18:14:30; Eingang DLQ:18:14:31******* C-In: 23.10 18:14:32,643|
"client3@lab24-C-: <0.10540.0> 1777te_Nachtricht. C Out: 23.10 18:14:29,318| (1777);"Eingang HBQ:18:14:31; Eingang DLQ:18:14:31 C-In: 23.10 18:14:32,645|
"client5@lab24-C-: <0.10538.0> 1778te_Nachtricht. C Out: 23.10 18:14:29,318| (1778);"Eingang HBQ:18:14:31; Eingang DLQ:18:14:31 C-In: 23.10 18:14:32,648|
"client6@lab24-C-: <0.10589.0> 1779te_Nachtricht. C Out: 23.10 18:14:29,503| (1779);"Eingang HBQ:18:14:31; Eingang DLQ:18:14:32 C-In: 23.10 18:14:32,652|
"client10@lab24-C-: <0.10584.0> 1780te_Nachtricht. C Out: 23.10 18:14:29,503| (1780);"Eingang HBQ:18:14:31; Eingang DLQ:18:14:32 C-In: 23.10 18:14:32,655|
"client4@lab24-C-: <0.10591.0> 1781te_Nachtricht. C Out: 23.10 18:14:29,505| (1781);"Eingang HBQ:18:14:31; Eingang DLQ:18:14:32 C-In: 23.10 18:14:32,658|
"client8@lab24-C-: <0.10587.0> 1782te_Nachtricht. C Out: 23.10 18:14:29,506| (1782);"Eingang HBQ:18:14:31; Eingang DLQ:18:14:32 C-In: 23.10 18:14:32,660|
"client3@lab24-C-: <0.10592.0> 1783te_Nachtricht. C Out: 23.10 18:14:29,506| (1783);"Eingang HBQ:18:14:31; Eingang DLQ:18:14:32 C-In: 23.10 18:14:32,663|
"client10@lab24-C-: <0.10263.0> 1784te_Nachtricht. C Out: 23.10 18:14:29,508| (1784);"Eingang HBQ:18:14:31; Eingang DLQ:18:14:32 C-In: 23.10 18:14:32,666|
"client7@lab24-C-: <0.10267.0> 1785te_Nachtricht. C Out: 23.10 18:14:29,508| (1785);"Eingang HBQ:18:14:31; Eingang DLQ:18:14:32 C-In: 23.10 18:14:32,669|
"client8@lab24-C-: <0.10266.0> 1786te_Nachtricht. C Out: 23.10 18:14:29,529| (1786);"Eingang HBQ:18:14:31; Eingang DLQ:18:14:32 C-In: 23.10 18:14:32,671|
"client3@lab24-C-: <0.10271.0> 1787te_Nachtricht. C Out: 23.10 18:14:29,573| (1787);"Eingang HBQ:18:14:31; Eingang DLQ:18:14:32 C-In: 23.10 18:14:32,674|
"client1@lab24-C-: <0.10273.0> 1788te_Nachtricht. C Out: 23.10 18:14:29,595| (1788);"Eingang HBQ:18:14:31; Eingang DLQ:18:14:32 C-In: 23.10 18:14:32,676|
"client5@lab24-C-: <0.10269.0> 1789te_Nachtricht. C Out: 23.10 18:14:29,637| (1789);"Eingang HBQ:18:14:31; Eingang DLQ:18:14:32 C-In: 23.10 18:14:32,679|
"lab29-1-<0.106.0>-T3: Msg #1790, C-Out: 23.10 18:14:31,660|"Eingang HBQ:18:14:31; Eingang DLQ:18:14:32 C-In: 23.10 18:14:32,681|
"client5@lab24-C-: <0.10330.0> 1791te_Nachtricht. C Out: 23.10 18:14:29,001| (1791);"Eingang HBQ:18:14:31; Eingang DLQ:18:14:32 C-In: 23.10 18:14:32,684|
"client8@lab24-C-: <0.10327.0> 1792te_Nachtricht. C Out: 23.10 18:14:30,048| (1792);"Eingang HBQ:18:14:32; Eingang DLQ:18:14:32 C-In: 23.10 18:14:32,686|
"client6@lab24-C-: <0.10381.0> 1793te_Nachtricht. C Out: 23.10 18:14:30,534| (1793);"Eingang HBQ:18:14:32; Eingang DLQ:18:14:32 C-In: 23.10 18:14:32,689|
"client4@lab24-C-: <0.10383.0> 1794te_Nachtricht. C Out: 23.10 18:14:30,534| (1794);"Eingang HBQ:18:14:32; Eingang DLQ:18:14:32 C-In: 23.10 18:14:32,691|
***Fehlernachricht fuer Nachrichtennummern 1795 bis 1804. 18:14:32 C-In: 23.10 18:14:32,694|
ReceiveMsgs done
lab29-10-<0.40.0>-T3: Msg #1886, C-Out: 23.10 18:14:35,246| gesendet
lab29-10-<0.40.0>-T3: Msg #2000, C-Out: 23.10 18:14:37,797| gesendet
lab29-10-<0.40.0>-T3: Msg #2033, C-Out: 23.10 18:14:40,332| gesendet
lab29-10-<0.40.0>-T3: Msg #2043, C-Out: 23.10 18:14:42,879| gesendet
lab29-10-<0.40.0>-T3: Msg #2053, C-Out: 23.10 18:14:45,413| gesendet
Neues Intervall: 3.796875 Sekunden
Msg #2063 um 23.10 18:14:45,416| vergessen zu senden
"lab29-9-<0.49.0>-T3: Msg #1978, C-Out: 23.10 18:14:36,981|"Eingang HBQ:18:14:36; Eingang DLQ:18:14:36 C-In: 23.10 18:14:45,419|
***Fehlernachricht fuer Nachrichtennummern 1979 bis 1980. 18:14:36 C-In: 23.10 18:14:45,423|
"client4@lab24-C-: <0.10383.0> 1981te_Nachtricht. C Out: 23.10 18:14:34,673| (1981);"Eingang HBQ:18:14:35; Eingang DLQ:18:14:40 C-In: 23.10 18:14:45,426|
"client10@lab24-C-: <0.10584.0> 1982te_Nachtricht. C Out: 23.10 18:14:34,691| (1982);"Eingang HBQ:18:14:35; Eingang DLQ:18:14:40 C-In: 23.10 18:14:45,428|
"client4@lab24-C-: <0.10591.0> 1983te_Nachtricht. C Out: 23.10 18:14:34,691| (1983);"Eingang HBQ:18:14:35; Eingang DLQ:18:14:40 C-In: 23.10 18:14:45,431|
"client3@lab24-C-: <0.10592.0> 1984te_Nachtricht. C Out: 23.10 18:14:34,693| (1984);"Eingang HBQ:18:14:35; Eingang DLQ:18:14:40 C-In: 23.10 18:14:45,433|
"client8@lab24-C-: <0.10587.0> 1985te_Nachtricht. C Out: 23.10 18:14:34,693| (1985);"Eingang HBQ:18:14:35; Eingang DLQ:18:14:40 C-In: 23.10 18:14:45,436|
***Fehlernachricht fuer Nachrichtennummern 1986 bis 1990. 18:14:40 C-In: 23.10 18:14:45,438|
"client5@lab24-C-: <0.10434.0> 1991te_Nachtricht. C Out: 23.10 18:14:34,919| (1991);"Eingang HBQ:18:14:35; Eingang DLQ:18:14:42 C-In: 23.10 18:14:45,440|
***Fehlernachricht fuer Nachrichtennummern 1992 bis 1992. 18:14:42 C-In: 23.10 18:14:45,443|
"client8@lab24-C-: <0.10482.0> 1993te_Nachtricht. C Out: 23.10 18:14:35,107| (1993);"Eingang HBQ:18:14:36; Eingang DLQ:18:14:42 C-In: 23.10 18:14:45,445|
***Fehlernachricht fuer Nachrichtennummern 1994 bis 1995. 18:14:42 C-In: 23.10 18:14:45,447|
"client5@lab24-C-: <0.10486.0> 1996te_Nachtricht. C Out: 23.10 18:14:35,174| (1996);"Eingang HBQ:18:14:36; Eingang DLQ:18:14:42 C-In: 23.10 18:14:45,449|
"client3@lab24-C-: <0.10488.0> 1997te_Nachtricht. C Out: 23.10 18:14:35,181| (1997);"Eingang HBQ:18:14:36; Eingang DLQ:18:14:42 C-In: 23.10 18:14:45,452|
"client6@lab24-C-: <0.10485.0> 1998te_Nachtricht. C Out: 23.10 18:14:35,181| (1998);"Eingang HBQ:18:14:36; Eingang DLQ:18:14:42 C-In: 23.10 18:14:45,454|
"client9@lab24-C-: <0.10534.0> 1999te_Nachtricht. C Out: 23.10 18:14:35,234| (1999);"Eingang HBQ:18:14:36; Eingang DLQ:18:14:42 C-In: 23.10 18:14:45,456|
"lab29-10-<0.40.0>-T3: Msg #2000, C-Out: 23.10 18:14:37,797|"Eingang HBQ:18:14:37; Eingang DLQ:18:14:42******* C-In: 23.10 18:14:45,458|
"lab29-1-<0.106.0>-T3: Msg #2001, C-Out: 23.10 18:14:37,921|"Eingang HBQ:18:14:37; Eingang DLQ:18:14:42 C-In: 23.10 18:14:45,461|
***Fehlernachricht fuer Nachrichtennummern 2002 bis 2003. 18:14:42 C-In: 23.10 18:14:45,463|
"client4@lab24-C-: <0.10591.0> 2004te_Nachtricht. C Out: 23.10 18:14:35,701| (2004);"Eingang HBQ:18:14:36; Eingang DLQ:18:14:44 C-In: 23.10 18:14:45,466|
"client10@lab24-C-: <0.10584.0> 2005te_Nachtricht. C Out: 23.10 18:14:35,701| (2005);"Eingang HBQ:18:14:36; Eingang DLQ:18:14:44 C-In: 23.10 18:14:45,468|
"client8@lab24-C-: <0.10587.0> 2006te_Nachtricht. C Out: 23.10 18:14:35,706| (2006);"Eingang HBQ:18:14:36; Eingang DLQ:18:14:44 C-In: 23.10 18:14:45,471|
"client3@lab24-C-: <0.10592.0> 2007te_Nachtricht. C Out: 23.10 18:14:35,707| (2007);"Eingang HBQ:18:14:36; Eingang DLQ:18:14:44 C-In: 23.10 18:14:45,473|
***Fehlernachricht fuer Nachrichtennummern 2008 bis 2024. 18:14:44 C-In: 23.10 18:14:45,475|
"lab29-8-<0.80.0>-T3: Msg #2025, C-Out: 23.10 18:14:39,486|"Eingang HBQ:18:14:39; Eingang DLQ:18:14:44 C-In: 23.10 18:14:45,477|
"lab29-7-<0.83.0>-T3: Msg #2026, C-Out: 23.10 18:14:39,486|"Eingang HBQ:18:14:39; Eingang DLQ:18:14:44 C-In: 23.10 18:14:45,480|
"lab29-3-<0.97.0>-T3: Msg #2027, C-Out: 23.10 18:14:39,493|"Eingang HBQ:18:14:39; Eingang DLQ:18:14:44 C-In: 23.10 18:14:45,482|
"lab29-4-<0.93.0>-T3: Msg #2028, C-Out: 23.10 18:14:39,497|"Eingang HBQ:18:14:39; Eingang DLQ:18:14:44 C-In: 23.10 18:14:45,485|
"lab29-6-<0.86.0>-T3: Msg #2029, C-Out: 23.10 18:14:39,505|"Eingang HBQ:18:14:39; Eingang DLQ:18:14:44 C-In: 23.10 18:14:45,487|
"lab29-2-<0.101.0>-T3: Msg #2030, C-Out: 23.10 18:14:39,516|"Eingang HBQ:18:14:39; Eingang DLQ:18:14:44 C-In: 23.10 18:14:45,489|
"lab29-9-<0.49.0>-T3: Msg #2031, C-Out: 23.10 18:14:39,520|"Eingang HBQ:18:14:39; Eingang DLQ:18:14:44 C-In: 23.10 18:14:45,491|
"lab29-5-<0.89.0>-T3: Msg #2032, C-Out: 23.10 18:14:39,532|"Eingang HBQ:18:14:39; Eingang DLQ:18:14:44 C-In: 23.10 18:14:45,494|
"lab29-10-<0.40.0>-T3: Msg #2033, C-Out: 23.10 18:14:40,332|"Eingang HBQ:18:14:40; Eingang DLQ:18:14:44******* C-In: 23.10 18:14:45,496|
"lab29-1-<0.106.0>-T3: Msg #2034, C-Out: 23.10 18:14:40,755|"Eingang HBQ:18:14:40; Eingang DLQ:18:14:44 C-In: 23.10 18:14:45,498|
"lab29-7-<0.83.0>-T3: Msg #2035, C-Out: 23.10 18:14:42,028|"Eingang HBQ:18:14:42; Eingang DLQ:18:14:44 C-In: 23.10 18:14:45,501|
"lab29-8-<0.80.0>-T3: Msg #2036, C-Out: 23.10 18:14:42,028|"Eingang HBQ:18:14:42; Eingang DLQ:18:14:44 C-In: 23.10 18:14:45,503|
"lab29-3-<0.97.0>-T3: Msg #2037, C-Out: 23.10 18:14:42,028|"Eingang HBQ:18:14:42; Eingang DLQ:18:14:44 C-In: 23.10 18:14:45,505|
"lab29-4-<0.93.0>-T3: Msg #2038, C-Out: 23.10 18:14:42,034|"Eingang HBQ:18:14:42; Eingang DLQ:18:14:44 C-In: 23.10 18:14:45,508|
"lab29-6-<0.86.0>-T3: Msg #2039, C-Out: 23.10 18:14:42,052|"Eingang HBQ:18:14:42; Eingang DLQ:18:14:44 C-In: 23.10 18:14:45,511|
"lab29-2-<0.101.0>-T3: Msg #2040, C-Out: 23.10 18:14:42,052|"Eingang HBQ:18:14:42; Eingang DLQ:18:14:44 C-In: 23.10 18:14:45,514|
"lab29-9-<0.49.0>-T3: Msg #2041, C-Out: 23.10 18:14:42,059|"Eingang HBQ:18:14:42; Eingang DLQ:18:14:44 C-In: 23.10 18:14:45,516|
"lab29-5-<0.89.0>-T3: Msg #2042, C-Out: 23.10 18:14:42,067|"Eingang HBQ:18:14:42; Eingang DLQ:18:14:44 C-In: 23.10 18:14:45,518|
"lab29-10-<0.40.0>-T3: Msg #2043, C-Out: 23.10 18:14:42,879|"Eingang HBQ:18:14:42; Eingang DLQ:18:14:44******* C-In: 23.10 18:14:45,521|
"lab29-1-<0.106.0>-T3: Msg #2044, C-Out: 23.10 18:14:43,294|"Eingang HBQ:18:14:43; Eingang DLQ:18:14:44 C-In: 23.10 18:14:45,523|
"lab29-3-<0.97.0>-T3: Msg #2045, C-Out: 23.10 18:14:44,566|"Eingang HBQ:18:14:44; Eingang DLQ:18:14:44 C-In: 23.10 18:14:45,525|
"lab29-8-<0.80.0>-T3: Msg #2046, C-Out: 23.10 18:14:44,566|"Eingang HBQ:18:14:44; Eingang DLQ:18:14:44 C-In: 23.10 18:14:45,528|
"lab29-7-<0.83.0>-T3: Msg #2047, C-Out: 23.10 18:14:44,566|"Eingang HBQ:18:14:44; Eingang DLQ:18:14:44 C-In: 23.10 18:14:45,531|
"lab29-4-<0.93.0>-T3: Msg #2048, C-Out: 23.10 18:14:44,572|"Eingang HBQ:18:14:44; Eingang DLQ:18:14:44 C-In: 23.10 18:14:45,533|
"lab29-2-<0.101.0>-T3: Msg #2049, C-Out: 23.10 18:14:44,593|"Eingang HBQ:18:14:44; Eingang DLQ:18:14:44 C-In: 23.10 18:14:45,536|
***Fehlernachricht fuer Nachrichtennummern 2050 bis 2050. 18:14:44 C-In: 23.10 18:14:45,538|
ReceiveMsgs done
lab29-10-<0.40.0>-T3: Msg #2064, C-Out: 23.10 18:14:49,339| gesendet
lab29-10-<0.40.0>-T3: Msg #2084, C-Out: 23.10 18:14:53,140| gesendet
lab29-10-<0.40.0>-T3: Msg #2094, C-Out: 23.10 18:14:56,939| gesendet
lab29-10-<0.40.0>-T3: Msg #2104, C-Out: 23.10 18:15:00,740| gesendet
lab29-10-<0.40.0>-T3: Msg #2114, C-Out: 23.10 18:15:04,541| gesendet
Neues Intervall: 5.6953125 Sekunden
Msg #2124 um 23.10 18:15:04,544| vergessen zu senden
"lab29-5-<0.89.0>-T3: Msg #2052, C-Out: 23.10 18:14:44,604|"Eingang HBQ:18:14:44; Eingang DLQ:18:14:54 C-In: 23.10 18:15:04,547|
"lab29-10-<0.40.0>-T3: Msg #2053, C-Out: 23.10 18:14:45,413|"Eingang HBQ:18:14:45; Eingang DLQ:18:14:54******* C-In: 23.10 18:15:04,551|
"lab29-1-<0.106.0>-T3: Msg #2054, C-Out: 23.10 18:14:45,828|"Eingang HBQ:18:14:45; Eingang DLQ:18:14:54 C-In: 23.10 18:15:04,553|
"lab29-7-<0.83.0>-T3: Msg #2055, C-Out: 23.10 18:14:47,104|"Eingang HBQ:18:14:47; Eingang DLQ:18:14:54 C-In: 23.10 18:15:04,555|
"lab29-8-<0.80.0>-T3: Msg #2056, C-Out: 23.10 18:14:47,114|"Eingang HBQ:18:14:47; Eingang DLQ:18:14:54 C-In: 23.10 18:15:04,558|
"lab29-3-<0.97.0>-T3: Msg #2057, C-Out: 23.10 18:14:47,114|"Eingang HBQ:18:14:47; Eingang DLQ:18:14:54 C-In: 23.10 18:15:04,560|
"lab29-4-<0.93.0>-T3: Msg #2058, C-Out: 23.10 18:14:47,114|"Eingang HBQ:18:14:47; Eingang DLQ:18:14:54 C-In: 23.10 18:15:04,563|
"lab29-2-<0.101.0>-T3: Msg #2059, C-Out: 23.10 18:14:47,130|"Eingang HBQ:18:14:47; Eingang DLQ:18:14:54 C-In: 23.10 18:15:04,565|
"lab29-9-<0.49.0>-T3: Msg #2060, C-Out: 23.10 18:14:47,179|"Eingang HBQ:18:14:47; Eingang DLQ:18:14:54 C-In: 23.10 18:15:04,567|
"lab29-6-<0.86.0>-T3: Msg #2061, C-Out: 23.10 18:14:47,179|"Eingang HBQ:18:14:47; Eingang DLQ:18:14:54 C-In: 23.10 18:15:04,570|
"lab29-5-<0.89.0>-T3: Msg #2062, C-Out: 23.10 18:14:47,179|"Eingang HBQ:18:14:47; Eingang DLQ:18:14:54 C-In: 23.10 18:15:04,573|
***Fehlernachricht fuer Nachrichtennummern 2063 bis 2063. 18:14:54 C-In: 23.10 18:15:04,576|
"lab29-10-<0.40.0>-T3: Msg #2064, C-Out: 23.10 18:14:49,339|"Eingang HBQ:18:14:49; Eingang DLQ:18:14:58******* C-In: 23.10 18:15:04,579|
"lab29-1-<0.106.0>-T3: Msg #2065, C-Out: 23.10 18:14:48,363|"Eingang HBQ:18:14:48; Eingang DLQ:18:14:58 C-In: 23.10 18:15:04,581|
***Fehlernachricht fuer Nachrichtennummern 2066 bis 2073. 18:14:58 C-In: 23.10 18:15:04,584|
"lab29-7-<0.83.0>-T3: Msg #2074, C-Out: 23.10 18:14:51,136|"Eingang HBQ:18:14:51; Eingang DLQ:18:14:58 C-In: 23.10 18:15:04,586|
"lab29-4-<0.93.0>-T3: Msg #2075, C-Out: 23.10 18:14:51,143|"Eingang HBQ:18:14:51; Eingang DLQ:18:14:58 C-In: 23.10 18:15:04,589|
"lab29-3-<0.97.0>-T3: Msg #2076, C-Out: 23.10 18:14:51,143|"Eingang HBQ:18:14:51; Eingang DLQ:18:14:58 C-In: 23.10 18:15:04,591|
"lab29-8-<0.80.0>-T3: Msg #2077, C-Out: 23.10 18:14:51,146|"Eingang HBQ:18:14:51; Eingang DLQ:18:14:58 C-In: 23.10 18:15:04,594|
"lab29-2-<0.101.0>-T3: Msg #2078, C-Out: 23.10 18:14:51,158|"Eingang HBQ:18:14:51; Eingang DLQ:18:14:58 C-In: 23.10 18:15:04,596|
"lab29-6-<0.86.0>-T3: Msg #2079, C-Out: 23.10 18:14:51,205|"Eingang HBQ:18:14:51; Eingang DLQ:18:14:58 C-In: 23.10 18:15:04,599|
"lab29-9-<0.49.0>-T3: Msg #2080, C-Out: 23.10 18:14:51,205|"Eingang HBQ:18:14:51; Eingang DLQ:18:14:58 C-In: 23.10 18:15:04,603|
"lab29-5-<0.89.0>-T3: Msg #2081, C-Out: 23.10 18:14:51,205|"Eingang HBQ:18:14:51; Eingang DLQ:18:14:58 C-In: 23.10 18:15:04,605|
***Fehlernachricht fuer Nachrichtennummern 2082 bis 2082. 18:14:58 C-In: 23.10 18:15:04,608|
"lab29-1-<0.106.0>-T3: Msg #2083, C-Out: 23.10 18:14:52,264|"Eingang HBQ:18:14:52; Eingang DLQ:18:15:2 C-In: 23.10 18:15:04,610|
"lab29-10-<0.40.0>-T3: Msg #2084, C-Out: 23.10 18:14:53,140|"Eingang HBQ:18:14:53; Eingang DLQ:18:15:2******* C-In: 23.10 18:15:04,613|
"lab29-7-<0.83.0>-T3: Msg #2085, C-Out: 23.10 18:14:54,936|"Eingang HBQ:18:14:54; Eingang DLQ:18:15:2 C-In: 23.10 18:15:04,615|
"lab29-3-<0.97.0>-T3: Msg #2086, C-Out: 23.10 18:14:54,943|"Eingang HBQ:18:14:54; Eingang DLQ:18:15:2 C-In: 23.10 18:15:04,618|
"lab29-4-<0.93.0>-T3: Msg #2087, C-Out: 23.10 18:14:54,943|"Eingang HBQ:18:14:54; Eingang DLQ:18:15:2 C-In: 23.10 18:15:04,620|
"lab29-8-<0.80.0>-T3: Msg #2088, C-Out: 23.10 18:14:54,945|"Eingang HBQ:18:14:54; Eingang DLQ:18:15:2 C-In: 23.10 18:15:04,622|
"lab29-2-<0.101.0>-T3: Msg #2089, C-Out: 23.10 18:14:54,957|"Eingang HBQ:18:14:54; Eingang DLQ:18:15:2 C-In: 23.10 18:15:04,625|
"lab29-5-<0.89.0>-T3: Msg #2090, C-Out: 23.10 18:14:54,004|"Eingang HBQ:18:14:54; Eingang DLQ:18:15:2 C-In: 23.10 18:15:04,628|
"lab29-9-<0.49.0>-T3: Msg #2091, C-Out: 23.10 18:14:54,004|"Eingang HBQ:18:14:54; Eingang DLQ:18:15:2 C-In: 23.10 18:15:04,630|
"lab29-6-<0.86.0>-T3: Msg #2092, C-Out: 23.10 18:14:54,005|"Eingang HBQ:18:14:55; Eingang DLQ:18:15:2 C-In: 23.10 18:15:04,634|
"lab29-1-<0.106.0>-T3: Msg #2093, C-Out: 23.10 18:14:56,063|"Eingang HBQ:18:14:56; Eingang DLQ:18:15:2 C-In: 23.10 18:15:04,636|
"lab29-10-<0.40.0>-T3: Msg #2094, C-Out: 23.10 18:14:56,939|"Eingang HBQ:18:14:56; Eingang DLQ:18:15:2******* C-In: 23.10 18:15:04,639|
"lab29-7-<0.83.0>-T3: Msg #2095, C-Out: 23.10 18:14:58,735|"Eingang HBQ:18:14:58; Eingang DLQ:18:15:2 C-In: 23.10 18:15:04,641|
"lab29-4-<0.93.0>-T3: Msg #2096, C-Out: 23.10 18:14:58,758|"Eingang HBQ:18:14:58; Eingang DLQ:18:15:2 C-In: 23.10 18:15:04,644|
"lab29-3-<0.97.0>-T3: Msg #2097, C-Out: 23.10 18:14:58,761|"Eingang HBQ:18:14:58; Eingang DLQ:18:15:2 C-In: 23.10 18:15:04,646|
"lab29-8-<0.80.0>-T3: Msg #2098, C-Out: 23.10 18:14:58,761|"Eingang HBQ:18:14:58; Eingang DLQ:18:15:2 C-In: 23.10 18:15:04,649|
"lab29-2-<0.101.0>-T3: Msg #2099, C-Out: 23.10 18:14:58,761|"Eingang HBQ:18:14:58; Eingang DLQ:18:15:2 C-In: 23.10 18:15:04,651|
"lab29-9-<0.49.0>-T3: Msg #2100, C-Out: 23.10 18:14:58,803|"Eingang HBQ:18:14:58; Eingang DLQ:18:15:2 C-In: 23.10 18:15:04,654|
"lab29-5-<0.89.0>-T3: Msg #2101, C-Out: 23.10 18:14:58,806|"Eingang HBQ:18:14:58; Eingang DLQ:18:15:2 C-In: 23.10 18:15:04,656|
"lab29-6-<0.86.0>-T3: Msg #2102, C-Out: 23.10 18:14:58,806|"Eingang HBQ:18:14:58; Eingang DLQ:18:15:2 C-In: 23.10 18:15:04,659|
"lab29-1-<0.106.0>-T3: Msg #2103, C-Out: 23.10 18:14:59,863|"Eingang HBQ:18:14:59; Eingang DLQ:18:15:2 C-In: 23.10 18:15:04,661|
"lab29-10-<0.40.0>-T3: Msg #2104, C-Out: 23.10 18:15:00,740|"Eingang HBQ:18:15:0; Eingang DLQ:18:15:2******* C-In: 23.10 18:15:04,663|
"lab29-7-<0.83.0>-T3: Msg #2105, C-Out: 23.10 18:15:02,536|"Eingang HBQ:18:15:2; Eingang DLQ:18:15:2 C-In: 23.10 18:15:04,666|
"lab29-4-<0.93.0>-T3: Msg #2106, C-Out: 23.10 18:15:02,559|"Eingang HBQ:18:15:2; Eingang DLQ:18:15:2 C-In: 23.10 18:15:04,668|
"lab29-2-<0.101.0>-T3: Msg #2107, C-Out: 23.10 18:15:02,567|"Eingang HBQ:18:15:2; Eingang DLQ:18:15:2 C-In: 23.10 18:15:04,671|
"lab29-8-<0.80.0>-T3: Msg #2108, C-Out: 23.10 18:15:02,567|"Eingang HBQ:18:15:2; Eingang DLQ:18:15:2 C-In: 23.10 18:15:04,674|
ReceiveMsgs done
lab29-10-<0.40.0>-T3: Msg #2125, C-Out: 23.10 18:15:10,373| gesendet
lab29-10-<0.40.0>-T3: Msg #2144, C-Out: 23.10 18:15:16,070| gesendet
lab29-10-<0.40.0>-T3: Msg #2154, C-Out: 23.10 18:15:21,789| gesendet
lab29-10-<0.40.0>-T3: Msg #2164, C-Out: 23.10 18:15:27,488| gesendet
lab29-10-<0.40.0>-T3: Msg #2174, C-Out: 23.10 18:15:33,187| gesendet
Neues Intervall: 2.84765625 Sekunden
Msg #2184 um 23.10 18:15:33,191| vergessen zu senden
"lab29-5-<0.89.0>-T3: Msg #2112, C-Out: 23.10 18:15:02,616|"Eingang HBQ:18:15:2; Eingang DLQ:18:15:16 C-In: 23.10 18:15:33,191|
"lab29-1-<0.106.0>-T3: Msg #2113, C-Out: 23.10 18:15:03,665|"Eingang HBQ:18:15:3; Eingang DLQ:18:15:16 C-In: 23.10 18:15:33,194|
"lab29-10-<0.40.0>-T3: Msg #2114, C-Out: 23.10 18:15:04,541|"Eingang HBQ:18:15:4; Eingang DLQ:18:15:16******* C-In: 23.10 18:15:33,196|
"lab29-7-<0.83.0>-T3: Msg #2115, C-Out: 23.10 18:15:06,338|"Eingang HBQ:18:15:6; Eingang DLQ:18:15:16 C-In: 23.10 18:15:33,198|
"lab29-4-<0.93.0>-T3: Msg #2116, C-Out: 23.10 18:15:06,361|"Eingang HBQ:18:15:6; Eingang DLQ:18:15:16 C-In: 23.10 18:15:33,198|
"lab29-8-<0.80.0>-T3: Msg #2117, C-Out: 23.10 18:15:06,374|"Eingang HBQ:18:15:6; Eingang DLQ:18:15:16 C-In: 23.10 18:15:33,199|
"lab29-2-<0.101.0>-T3: Msg #2118, C-Out: 23.10 18:15:06,405|"Eingang HBQ:18:15:6; Eingang DLQ:18:15:16 C-In: 23.10 18:15:33,200|
"lab29-3-<0.97.0>-T3: Msg #2119, C-Out: 23.10 18:15:06,405|"Eingang HBQ:18:15:6; Eingang DLQ:18:15:16 C-In: 23.10 18:15:33,200|
"lab29-9-<0.49.0>-T3: Msg #2120, C-Out: 23.10 18:15:06,414|"Eingang HBQ:18:15:6; Eingang DLQ:18:15:16 C-In: 23.10 18:15:33,202|
"lab29-5-<0.89.0>-T3: Msg #2121, C-Out: 23.10 18:15:06,417|"Eingang HBQ:18:15:6; Eingang DLQ:18:15:16 C-In: 23.10 18:15:33,203|
"lab29-6-<0.86.0>-T3: Msg #2122, C-Out: 23.10 18:15:06,417|"Eingang HBQ:18:15:6; Eingang DLQ:18:15:16 C-In: 23.10 18:15:33,203|
"lab29-1-<0.106.0>-T3: Msg #2123, C-Out: 23.10 18:15:07,466|"Eingang HBQ:18:15:7; Eingang DLQ:18:15:16 C-In: 23.10 18:15:33,204|
***Fehlernachricht fuer Nachrichtennummern 2124 bis 2124. 18:15:16 C-In: 23.10 18:15:33,205|
"lab29-10-<0.40.0>-T3: Msg #2125, C-Out: 23.10 18:15:10,373|"Eingang HBQ:18:15:10; Eingang DLQ:18:15:23******* C-In: 23.10 18:15:33,205|
***Fehlernachricht fuer Nachrichtennummern 2126 bis 2133. 18:15:23 C-In: 23.10 18:15:33,206|
"lab29-7-<0.83.0>-T3: Msg #2134, C-Out: 23.10 18:15:12,281|"Eingang HBQ:18:15:12; Eingang DLQ:18:15:23 C-In: 23.10 18:15:33,207|
"lab29-4-<0.93.0>-T3: Msg #2135, C-Out: 23.10 18:15:12,314|"Eingang HBQ:18:15:12; Eingang DLQ:18:15:23 C-In: 23.10 18:15:33,207|
"lab29-8-<0.80.0>-T3: Msg #2136, C-Out: 23.10 18:15:12,331|"Eingang HBQ:18:15:12; Eingang DLQ:18:15:23 C-In: 23.10 18:15:33,209|
"lab29-3-<0.97.0>-T3: Msg #2137, C-Out: 23.10 18:15:12,353|"Eingang HBQ:18:15:12; Eingang DLQ:18:15:23 C-In: 23.10 18:15:33,209|
"lab29-2-<0.101.0>-T3: Msg #2138, C-Out: 23.10 18:15:12,353|"Eingang HBQ:18:15:12; Eingang DLQ:18:15:23 C-In: 23.10 18:15:33,210|
"lab29-6-<0.86.0>-T3: Msg #2139, C-Out: 23.10 18:15:12,356|"Eingang HBQ:18:15:12; Eingang DLQ:18:15:23 C-In: 23.10 18:15:33,210|
"lab29-9-<0.49.0>-T3: Msg #2140, C-Out: 23.10 18:15:12,356|"Eingang HBQ:18:15:12; Eingang DLQ:18:15:23 C-In: 23.10 18:15:33,211|
"lab29-5-<0.89.0>-T3: Msg #2141, C-Out: 23.10 18:15:12,356|"Eingang HBQ:18:15:12; Eingang DLQ:18:15:23 C-In: 23.10 18:15:33,212|
***Fehlernachricht fuer Nachrichtennummern 2142 bis 2142. 18:15:23 C-In: 23.10 18:15:33,212|
"lab29-1-<0.106.0>-T3: Msg #2143, C-Out: 23.10 18:15:13,199|"Eingang HBQ:18:15:13; Eingang DLQ:18:15:29 C-In: 23.10 18:15:33,213|
"lab29-10-<0.40.0>-T3: Msg #2144, C-Out: 23.10 18:15:16,070|"Eingang HBQ:18:15:16; Eingang DLQ:18:15:29******* C-In: 23.10 18:15:33,213|
"lab29-7-<0.83.0>-T3: Msg #2145, C-Out: 23.10 18:15:17,978|"Eingang HBQ:18:15:17; Eingang DLQ:18:15:29 C-In: 23.10 18:15:33,214|
"lab29-4-<0.93.0>-T3: Msg #2146, C-Out: 23.10 18:15:18,013|"Eingang HBQ:18:15:18; Eingang DLQ:18:15:29 C-In: 23.10 18:15:33,218|
"lab29-8-<0.80.0>-T3: Msg #2147, C-Out: 23.10 18:15:18,030|"Eingang HBQ:18:15:18; Eingang DLQ:18:15:29 C-In: 23.10 18:15:33,221|
"lab29-2-<0.101.0>-T3: Msg #2148, C-Out: 23.10 18:15:18,050|"Eingang HBQ:18:15:18; Eingang DLQ:18:15:29 C-In: 23.10 18:15:33,223|
"lab29-3-<0.97.0>-T3: Msg #2149, C-Out: 23.10 18:15:18,050|"Eingang HBQ:18:15:18; Eingang DLQ:18:15:29 C-In: 23.10 18:15:33,227|
"lab29-5-<0.89.0>-T3: Msg #2150, C-Out: 23.10 18:15:18,056|"Eingang HBQ:18:15:18; Eingang DLQ:18:15:29 C-In: 23.10 18:15:33,230|
"lab29-9-<0.49.0>-T3: Msg #2151, C-Out: 23.10 18:15:18,059|"Eingang HBQ:18:15:18; Eingang DLQ:18:15:29 C-In: 23.10 18:15:33,232|
"lab29-6-<0.86.0>-T3: Msg #2152, C-Out: 23.10 18:15:18,059|"Eingang HBQ:18:15:18; Eingang DLQ:18:15:29 C-In: 23.10 18:15:33,237|
"lab29-1-<0.106.0>-T3: Msg #2153, C-Out: 23.10 18:15:18,896|"Eingang HBQ:18:15:18; Eingang DLQ:18:15:29 C-In: 23.10 18:15:33,239|
"lab29-10-<0.40.0>-T3: Msg #2154, C-Out: 23.10 18:15:21,789|"Eingang HBQ:18:15:21; Eingang DLQ:18:15:29******* C-In: 23.10 18:15:33,242|
"lab29-7-<0.83.0>-T3: Msg #2155, C-Out: 23.10 18:15:23,678|"Eingang HBQ:18:15:23; Eingang DLQ:18:15:29 C-In: 23.10 18:15:33,246|
"lab29-4-<0.93.0>-T3: Msg #2156, C-Out: 23.10 18:15:23,712|"Eingang HBQ:18:15:23; Eingang DLQ:18:15:29 C-In: 23.10 18:15:33,249|
"lab29-8-<0.80.0>-T3: Msg #2157, C-Out: 23.10 18:15:23,728|"Eingang HBQ:18:15:23; Eingang DLQ:18:15:29 C-In: 23.10 18:15:33,251|
"lab29-3-<0.97.0>-T3: Msg #2158, C-Out: 23.10 18:15:23,747|"Eingang HBQ:18:15:23; Eingang DLQ:18:15:29 C-In: 23.10 18:15:33,255|
"lab29-2-<0.101.0>-T3: Msg #2159, C-Out: 23.10 18:15:23,750|"Eingang HBQ:18:15:23; Eingang DLQ:18:15:29 C-In: 23.10 18:15:33,258|
"lab29-5-<0.89.0>-T3: Msg #2160, C-Out: 23.10 18:15:23,753|"Eingang HBQ:18:15:23; Eingang DLQ:18:15:29 C-In: 23.10 18:15:33,260|
"lab29-6-<0.86.0>-T3: Msg #2161, C-Out: 23.10 18:15:23,760|"Eingang HBQ:18:15:23; Eingang DLQ:18:15:29 C-In: 23.10 18:15:33,264|
"lab29-9-<0.49.0>-T3: Msg #2162, C-Out: 23.10 18:15:23,760|"Eingang HBQ:18:15:23; Eingang DLQ:18:15:29 C-In: 23.10 18:15:33,266|
"lab29-1-<0.106.0>-T3: Msg #2163, C-Out: 23.10 18:15:24,593|"Eingang HBQ:18:15:24; Eingang DLQ:18:15:29 C-In: 23.10 18:15:33,269|
"lab29-10-<0.40.0>-T3: Msg #2164, C-Out: 23.10 18:15:27,488|"Eingang HBQ:18:15:27; Eingang DLQ:18:15:29******* C-In: 23.10 18:15:33,273|
"lab29-7-<0.83.0>-T3: Msg #2165, C-Out: 23.10 18:15:29,377|"Eingang HBQ:18:15:29; Eingang DLQ:18:15:29 C-In: 23.10 18:15:33,275|
"lab29-4-<0.93.0>-T3: Msg #2166, C-Out: 23.10 18:15:29,411|"Eingang HBQ:18:15:29; Eingang DLQ:18:15:29 C-In: 23.10 18:15:33,277|
"lab29-8-<0.80.0>-T3: Msg #2167, C-Out: 23.10 18:15:29,426|"Eingang HBQ:18:15:29; Eingang DLQ:18:15:29 C-In: 23.10 18:15:33,281|
"lab29-3-<0.97.0>-T3: Msg #2168, C-Out: 23.10 18:15:29,445|"Eingang HBQ:18:15:29; Eingang DLQ:18:15:29 C-In: 23.10 18:15:33,283|
ReceiveMsgs done
lab29-10-<0.40.0>-T3: Msg #2185, C-Out: 23.10 18:15:36,135| gesendet
lab29-10-<0.40.0>-T3: Msg #2204, C-Out: 23.10 18:15:38,986| gesendet
lab29-10-<0.40.0>-T3: Msg #2214, C-Out: 23.10 18:15:41,878| gesendet
lab29-10-<0.40.0>-T3: Msg #2224, C-Out: 23.10 18:15:44,730| gesendet
lab29-10-<0.40.0>-T3: Msg #2234, C-Out: 23.10 18:15:47,582| gesendet
Neues Intervall: 4.271484375 Sekunden
Msg #2244 um 23.10 18:15:47,585| vergessen zu senden
"lab29-6-<0.86.0>-T3: Msg #2172, C-Out: 23.10 18:15:29,464|"Eingang HBQ:18:15:29; Eingang DLQ:18:15:39 C-In: 23.10 18:15:47,588|
"lab29-1-<0.106.0>-T3: Msg #2173, C-Out: 23.10 18:15:30,292|"Eingang HBQ:18:15:30; Eingang DLQ:18:15:39 C-In: 23.10 18:15:47,592|
"lab29-10-<0.40.0>-T3: Msg #2174, C-Out: 23.10 18:15:33,187|"Eingang HBQ:18:15:33; Eingang DLQ:18:15:39******* C-In: 23.10 18:15:47,594|
"lab29-7-<0.83.0>-T3: Msg #2175, C-Out: 23.10 18:15:35,076|"Eingang HBQ:18:15:35; Eingang DLQ:18:15:39 C-In: 23.10 18:15:47,596|
"lab29-4-<0.93.0>-T3: Msg #2176, C-Out: 23.10 18:15:35,109|"Eingang HBQ:18:15:35; Eingang DLQ:18:15:39 C-In: 23.10 18:15:47,599|
"lab29-8-<0.80.0>-T3: Msg #2177, C-Out: 23.10 18:15:35,124|"Eingang HBQ:18:15:35; Eingang DLQ:18:15:39 C-In: 23.10 18:15:47,601|
"lab29-3-<0.97.0>-T3: Msg #2178, C-Out: 23.10 18:15:35,173|"Eingang HBQ:18:15:35; Eingang DLQ:18:15:39 C-In: 23.10 18:15:47,604|
"lab29-2-<0.101.0>-T3: Msg #2179, C-Out: 23.10 18:15:35,175|"Eingang HBQ:18:15:35; Eingang DLQ:18:15:39 C-In: 23.10 18:15:47,606|
"lab29-5-<0.89.0>-T3: Msg #2180, C-Out: 23.10 18:15:35,175|"Eingang HBQ:18:15:35; Eingang DLQ:18:15:39 C-In: 23.10 18:15:47,609|
"lab29-9-<0.49.0>-T3: Msg #2181, C-Out: 23.10 18:15:35,175|"Eingang HBQ:18:15:35; Eingang DLQ:18:15:39 C-In: 23.10 18:15:47,611|
"lab29-6-<0.86.0>-T3: Msg #2182, C-Out: 23.10 18:15:35,176|"Eingang HBQ:18:15:35; Eingang DLQ:18:15:39 C-In: 23.10 18:15:47,613|
"lab29-1-<0.106.0>-T3: Msg #2183, C-Out: 23.10 18:15:35,991|"Eingang HBQ:18:15:35; Eingang DLQ:18:15:39 C-In: 23.10 18:15:47,616|
***Fehlernachricht fuer Nachrichtennummern 2184 bis 2184. 18:15:39 C-In: 23.10 18:15:47,618|
"lab29-10-<0.40.0>-T3: Msg #2185, C-Out: 23.10 18:15:36,135|"Eingang HBQ:18:15:36; Eingang DLQ:18:15:43******* C-In: 23.10 18:15:47,621|
***Fehlernachricht fuer Nachrichtennummern 2186 bis 2193. 18:15:43 C-In: 23.10 18:15:47,624|
"lab29-7-<0.83.0>-T3: Msg #2194, C-Out: 23.10 18:15:38,088|"Eingang HBQ:18:15:38; Eingang DLQ:18:15:43 C-In: 23.10 18:15:47,627|
"lab29-4-<0.93.0>-T3: Msg #2195, C-Out: 23.10 18:15:38,150|"Eingang HBQ:18:15:38; Eingang DLQ:18:15:43 C-In: 23.10 18:15:47,630|
"lab29-8-<0.80.0>-T3: Msg #2196, C-Out: 23.10 18:15:38,188|"Eingang HBQ:18:15:38; Eingang DLQ:18:15:43 C-In: 23.10 18:15:47,633|
"lab29-3-<0.97.0>-T3: Msg #2197, C-Out: 23.10 18:15:38,251|"Eingang HBQ:18:15:38; Eingang DLQ:18:15:43 C-In: 23.10 18:15:47,636|
"lab29-2-<0.101.0>-T3: Msg #2198, C-Out: 23.10 18:15:38,251|"Eingang HBQ:18:15:38; Eingang DLQ:18:15:43 C-In: 23.10 18:15:47,639|
"lab29-9-<0.49.0>-T3: Msg #2199, C-Out: 23.10 18:15:38,251|"Eingang HBQ:18:15:38; Eingang DLQ:18:15:43 C-In: 23.10 18:15:47,641|
"lab29-6-<0.86.0>-T3: Msg #2200, C-Out: 23.10 18:15:38,254|"Eingang HBQ:18:15:38; Eingang DLQ:18:15:43 C-In: 23.10 18:15:47,644|
"lab29-5-<0.89.0>-T3: Msg #2201, C-Out: 23.10 18:15:38,254|"Eingang HBQ:18:15:38; Eingang DLQ:18:15:43 C-In: 23.10 18:15:47,646|
***Fehlernachricht fuer Nachrichtennummern 2202 bis 2202. 18:15:43 C-In: 23.10 18:15:47,648|
"lab29-1-<0.106.0>-T3: Msg #2203, C-Out: 23.10 18:15:38,899|"Eingang HBQ:18:15:38; Eingang DLQ:18:15:46 C-In: 23.10 18:15:47,651|
"lab29-10-<0.40.0>-T3: Msg #2204, C-Out: 23.10 18:15:38,986|"Eingang HBQ:18:15:38; Eingang DLQ:18:15:46******* C-In: 23.10 18:15:47,653|
"lab29-7-<0.83.0>-T3: Msg #2205, C-Out: 23.10 18:15:40,938|"Eingang HBQ:18:15:40; Eingang DLQ:18:15:46 C-In: 23.10 18:15:47,655|
"lab29-4-<0.93.0>-T3: Msg #2206, C-Out: 23.10 18:15:41,002|"Eingang HBQ:18:15:41; Eingang DLQ:18:15:46 C-In: 23.10 18:15:47,657|
"lab29-8-<0.80.0>-T3: Msg #2207, C-Out: 23.10 18:15:41,038|"Eingang HBQ:18:15:41; Eingang DLQ:18:15:46 C-In: 23.10 18:15:47,659|
"lab29-2-<0.101.0>-T3: Msg #2208, C-Out: 23.10 18:15:41,102|"Eingang HBQ:18:15:41; Eingang DLQ:18:15:46 C-In: 23.10 18:15:47,662|
"lab29-9-<0.49.0>-T3: Msg #2209, C-Out: 23.10 18:15:41,102|"Eingang HBQ:18:15:41; Eingang DLQ:18:15:46 C-In: 23.10 18:15:47,664|
"lab29-3-<0.97.0>-T3: Msg #2210, C-Out: 23.10 18:15:41,102|"Eingang HBQ:18:15:41; Eingang DLQ:18:15:46 C-In: 23.10 18:15:47,666|
"lab29-6-<0.86.0>-T3: Msg #2211, C-Out: 23.10 18:15:41,108|"Eingang HBQ:18:15:41; Eingang DLQ:18:15:46 C-In: 23.10 18:15:47,669|
"lab29-5-<0.89.0>-T3: Msg #2212, C-Out: 23.10 18:15:41,109|"Eingang HBQ:18:15:41; Eingang DLQ:18:15:46 C-In: 23.10 18:15:47,671|
"lab29-1-<0.106.0>-T3: Msg #2213, C-Out: 23.10 18:15:41,749|"Eingang HBQ:18:15:41; Eingang DLQ:18:15:46 C-In: 23.10 18:15:47,674|
"lab29-10-<0.40.0>-T3: Msg #2214, C-Out: 23.10 18:15:41,878|"Eingang HBQ:18:15:41; Eingang DLQ:18:15:46******* C-In: 23.10 18:15:47,676|
"lab29-7-<0.83.0>-T3: Msg #2215, C-Out: 23.10 18:15:43,788|"Eingang HBQ:18:15:43; Eingang DLQ:18:15:46 C-In: 23.10 18:15:47,679|
"lab29-4-<0.93.0>-T3: Msg #2216, C-Out: 23.10 18:15:43,852|"Eingang HBQ:18:15:43; Eingang DLQ:18:15:46 C-In: 23.10 18:15:47,681|
"lab29-8-<0.80.0>-T3: Msg #2217, C-Out: 23.10 18:15:43,888|"Eingang HBQ:18:15:43; Eingang DLQ:18:15:46 C-In: 23.10 18:15:47,683|
"lab29-2-<0.101.0>-T3: Msg #2218, C-Out: 23.10 18:15:43,952|"Eingang HBQ:18:15:43; Eingang DLQ:18:15:46 C-In: 23.10 18:15:47,685|
"lab29-3-<0.97.0>-T3: Msg #2219, C-Out: 23.10 18:15:43,952|"Eingang HBQ:18:15:43; Eingang DLQ:18:15:46 C-In: 23.10 18:15:47,688|
"lab29-9-<0.49.0>-T3: Msg #2220, C-Out: 23.10 18:15:43,954|"Eingang HBQ:18:15:43; Eingang DLQ:18:15:46 C-In: 23.10 18:15:47,690|
"lab29-6-<0.86.0>-T3: Msg #2221, C-Out: 23.10 18:15:43,957|"Eingang HBQ:18:15:43; Eingang DLQ:18:15:46 C-In: 23.10 18:15:47,692|
"lab29-5-<0.89.0>-T3: Msg #2222, C-Out: 23.10 18:15:43,959|"Eingang HBQ:18:15:43; Eingang DLQ:18:15:46 C-In: 23.10 18:15:47,695|
"lab29-1-<0.106.0>-T3: Msg #2223, C-Out: 23.10 18:15:44,601|"Eingang HBQ:18:15:44; Eingang DLQ:18:15:46 C-In: 23.10 18:15:47,697|
"lab29-10-<0.40.0>-T3: Msg #2224, C-Out: 23.10 18:15:44,730|"Eingang HBQ:18:15:44; Eingang DLQ:18:15:46******* C-In: 23.10 18:15:47,700|
"lab29-7-<0.83.0>-T3: Msg #2225, C-Out: 23.10 18:15:46,640|"Eingang HBQ:18:15:46; Eingang DLQ:18:15:46 C-In: 23.10 18:15:47,702|
"lab29-4-<0.93.0>-T3: Msg #2226, C-Out: 23.10 18:15:46,705|"Eingang HBQ:18:15:46; Eingang DLQ:18:15:46 C-In: 23.10 18:15:47,704|
"lab29-8-<0.80.0>-T3: Msg #2227, C-Out: 23.10 18:15:46,740|"Eingang HBQ:18:15:46; Eingang DLQ:18:15:46 C-In: 23.10 18:15:47,707|
"lab29-3-<0.97.0>-T3: Msg #2228, C-Out: 23.10 18:15:46,806|"Eingang HBQ:18:15:46; Eingang DLQ:18:15:46 C-In: 23.10 18:15:47,709|
ReceiveMsgs done
lab29-10-<0.40.0>-T3: Msg #2245, C-Out: 23.10 18:15:51,984| gesendet
lab29-10-<0.40.0>-T3: Msg #2266, C-Out: 23.10 18:15:56,259| gesendet
lab29-10-<0.40.0>-T3: Msg #2281, C-Out: 23.10 18:16:00,532| gesendet
lab29-10-<0.40.0>-T3: Msg #2295, C-Out: 23.10 18:16:04,807| gesendet
lab29-10-<0.40.0>-T3: Msg #2308, C-Out: 23.10 18:16:09,082| gesendet
Neues Intervall: 2.1357421875 Sekunden
Msg #2318 um 23.10 18:16:09,085| vergessen zu senden
"lab29-6-<0.86.0>-T3: Msg #2241, C-Out: 23.10 18:15:49,690|"Eingang HBQ:18:15:49; Eingang DLQ:18:15:54 C-In: 23.10 18:16:09,088|
"lab29-5-<0.89.0>-T3: Msg #2242, C-Out: 23.10 18:15:49,690|"Eingang HBQ:18:15:49; Eingang DLQ:18:15:54 C-In: 23.10 18:16:09,093|
"lab29-1-<0.106.0>-T3: Msg #2243, C-Out: 23.10 18:15:50,305|"Eingang HBQ:18:15:50; Eingang DLQ:18:15:54 C-In: 23.10 18:16:09,095|
***Fehlernachricht fuer Nachrichtennummern 2244 bis 2244. 18:15:54 C-In: 23.10 18:16:09,097|
"lab29-10-<0.40.0>-T3: Msg #2245, C-Out: 23.10 18:15:51,984|"Eingang HBQ:18:15:51; Eingang DLQ:18:15:58******* C-In: 23.10 18:16:09,100|
***Fehlernachricht fuer Nachrichtennummern 2246 bis 2248. 18:15:58 C-In: 23.10 18:16:09,102|
"lab29-7-<0.83.0>-T3: Msg #2249, C-Out: 23.10 18:15:53,897|"Eingang HBQ:18:15:53; Eingang DLQ:18:15:58 C-In: 23.10 18:16:09,105|
"lab29-4-<0.93.0>-T3: Msg #2250, C-Out: 23.10 18:15:53,958|"Eingang HBQ:18:15:53; Eingang DLQ:18:15:58 C-In: 23.10 18:16:09,107|
***Fehlernachricht fuer Nachrichtennummern 2251 bis 2255. 18:15:58 C-In: 23.10 18:16:09,109|
"lab29-8-<0.80.0>-T3: Msg #2256, C-Out: 23.10 18:15:54,005|"Eingang HBQ:18:15:54; Eingang DLQ:18:15:59 C-In: 23.10 18:16:09,111|
"lab29-2-<0.101.0>-T3: Msg #2257, C-Out: 23.10 18:15:54,133|"Eingang HBQ:18:15:54; Eingang DLQ:18:15:59 C-In: 23.10 18:16:09,114|
"lab29-5-<0.89.0>-T3: Msg #2258, C-Out: 23.10 18:15:54,135|"Eingang HBQ:18:15:54; Eingang DLQ:18:15:59 C-In: 23.10 18:16:09,116|
"lab29-3-<0.97.0>-T3: Msg #2259, C-Out: 23.10 18:15:54,135|"Eingang HBQ:18:15:54; Eingang DLQ:18:15:59 C-In: 23.10 18:16:09,119|
"lab29-6-<0.86.0>-T3: Msg #2260, C-Out: 23.10 18:15:54,136|"Eingang HBQ:18:15:54; Eingang DLQ:18:15:59 C-In: 23.10 18:16:09,121|
"lab29-9-<0.49.0>-T3: Msg #2261, C-Out: 23.10 18:15:54,138|"Eingang HBQ:18:15:54; Eingang DLQ:18:15:59 C-In: 23.10 18:16:09,123|
***Fehlernachricht fuer Nachrichtennummern 2262 bis 2262. 18:15:59 C-In: 23.10 18:16:09,126|
"lab29-1-<0.106.0>-T3: Msg #2263, C-Out: 23.10 18:15:54,650|"Eingang HBQ:18:15:54; Eingang DLQ:18:16:2 C-In: 23.10 18:16:09,128|
"lab28-<0.56.0>: Nachricht #2264, C-Out: 23.10 18:15:51,453|"Eingang HBQ:18:15:51; Eingang DLQ:18:16:2 C-In: 23.10 18:16:09,130|
"lab28-<0.56.0>: Nachricht #2265, C-Out: 23.10 18:15:52,457|"Eingang HBQ:18:15:52; Eingang DLQ:18:16:2 C-In: 23.10 18:16:09,132|
"lab29-10-<0.40.0>-T3: Msg #2266, C-Out: 23.10 18:15:56,259|"Eingang HBQ:18:15:56; Eingang DLQ:18:16:2******* C-In: 23.10 18:16:09,135|
"lab28-<0.56.0>: Nachricht #2267, C-Out: 23.10 18:15:53,462|"Eingang HBQ:18:15:53; Eingang DLQ:18:16:2 C-In: 23.10 18:16:09,137|
"lab28-<0.56.0>: Nachricht #2268, C-Out: 23.10 18:15:54,468|"Eingang HBQ:18:15:54; Eingang DLQ:18:16:2 C-In: 23.10 18:16:09,140|
"lab29-7-<0.83.0>-T3: Msg #2269, C-Out: 23.10 18:15:58,172|"Eingang HBQ:18:15:58; Eingang DLQ:18:16:2 C-In: 23.10 18:16:09,142|
"lab29-4-<0.93.0>-T3: Msg #2270, C-Out: 23.10 18:15:58,233|"Eingang HBQ:18:15:58; Eingang DLQ:18:16:2 C-In: 23.10 18:16:09,145|
"lab29-8-<0.80.0>-T3: Msg #2271, C-Out: 23.10 18:15:58,280|"Eingang HBQ:18:15:58; Eingang DLQ:18:16:2 C-In: 23.10 18:16:09,147|
"lab29-2-<0.101.0>-T3: Msg #2272, C-Out: 23.10 18:15:58,409|"Eingang HBQ:18:15:58; Eingang DLQ:18:16:2 C-In: 23.10 18:16:09,149|
"lab29-3-<0.97.0>-T3: Msg #2273, C-Out: 23.10 18:15:58,414|"Eingang HBQ:18:15:58; Eingang DLQ:18:16:2 C-In: 23.10 18:16:09,152|
"lab29-5-<0.89.0>-T3: Msg #2274, C-Out: 23.10 18:15:58,414|"Eingang HBQ:18:15:58; Eingang DLQ:18:16:2 C-In: 23.10 18:16:09,154|
"lab29-6-<0.86.0>-T3: Msg #2275, C-Out: 23.10 18:15:58,434|"Eingang HBQ:18:15:58; Eingang DLQ:18:16:2 C-In: 23.10 18:16:09,157|
"lab29-9-<0.49.0>-T3: Msg #2276, C-Out: 23.10 18:15:58,435|"Eingang HBQ:18:15:58; Eingang DLQ:18:16:2 C-In: 23.10 18:16:09,159|
"lab28-<0.56.0>: Nachricht #2277, C-Out: 23.10 18:15:55,471|"Eingang HBQ:18:15:55; Eingang DLQ:18:16:2 C-In: 23.10 18:16:09,161|
"lab29-1-<0.106.0>-T3: Msg #2278, C-Out: 23.10 18:15:58,923|"Eingang HBQ:18:15:58; Eingang DLQ:18:16:2 C-In: 23.10 18:16:09,164|
***Fehlernachricht fuer Nachrichtennummern 2279 bis 2279. 18:16:2 C-In: 23.10 18:16:09,166|
"lab28-<0.56.0>: Nachricht #2280, C-Out: 23.10 18:15:56,595|"Eingang HBQ:18:15:56; Eingang DLQ:18:16:7 C-In: 23.10 18:16:09,168|
"lab29-10-<0.40.0>-T3: Msg #2281, C-Out: 23.10 18:16:00,532|"Eingang HBQ:18:16:0; Eingang DLQ:18:16:7******* C-In: 23.10 18:16:09,171|
"lab28-<0.56.0>: Nachricht #2282, C-Out: 23.10 18:15:57,599|"Eingang HBQ:18:15:57; Eingang DLQ:18:16:7 C-In: 23.10 18:16:09,173|
"lab28-<0.56.0>: Nachricht #2283, C-Out: 23.10 18:15:58,602|"Eingang HBQ:18:15:58; Eingang DLQ:18:16:7 C-In: 23.10 18:16:09,176|
"lab29-7-<0.83.0>-T3: Msg #2284, C-Out: 23.10 18:16:02,445|"Eingang HBQ:18:16:2; Eingang DLQ:18:16:7 C-In: 23.10 18:16:09,178|
"lab29-4-<0.93.0>-T3: Msg #2285, C-Out: 23.10 18:16:02,508|"Eingang HBQ:18:16:2; Eingang DLQ:18:16:7 C-In: 23.10 18:16:09,180|
"lab29-8-<0.80.0>-T3: Msg #2286, C-Out: 23.10 18:16:02,555|"Eingang HBQ:18:16:2; Eingang DLQ:18:16:7 C-In: 23.10 18:16:09,183|
"lab29-2-<0.101.0>-T3: Msg #2287, C-Out: 23.10 18:16:02,684|"Eingang HBQ:18:16:2; Eingang DLQ:18:16:7 C-In: 23.10 18:16:09,185|
"lab29-5-<0.89.0>-T3: Msg #2288, C-Out: 23.10 18:16:02,690|"Eingang HBQ:18:16:2; Eingang DLQ:18:16:7 C-In: 23.10 18:16:09,187|
"lab29-3-<0.97.0>-T3: Msg #2289, C-Out: 23.10 18:16:02,693|"Eingang HBQ:18:16:2; Eingang DLQ:18:16:7 C-In: 23.10 18:16:09,190|
"lab29-6-<0.86.0>-T3: Msg #2290, C-Out: 23.10 18:16:02,707|"Eingang HBQ:18:16:2; Eingang DLQ:18:16:7 C-In: 23.10 18:16:09,192|
"lab29-9-<0.49.0>-T3: Msg #2291, C-Out: 23.10 18:16:02,710|"Eingang HBQ:18:16:2; Eingang DLQ:18:16:7 C-In: 23.10 18:16:09,195|
"lab28-<0.56.0>: Nachricht #2292, C-Out: 23.10 18:15:59,607|"Eingang HBQ:18:15:59; Eingang DLQ:18:16:7 C-In: 23.10 18:16:09,197|
"lab29-1-<0.106.0>-T3: Msg #2293, C-Out: 23.10 18:16:03,196|"Eingang HBQ:18:16:3; Eingang DLQ:18:16:7 C-In: 23.10 18:16:09,199|
"lab28-<0.56.0>: Nachricht #2294, C-Out: 23.10 18:16:00,618|"Eingang HBQ:18:16:0; Eingang DLQ:18:16:7 C-In: 23.10 18:16:09,202|
"lab29-10-<0.40.0>-T3: Msg #2295, C-Out: 23.10 18:16:04,807|"Eingang HBQ:18:16:4; Eingang DLQ:18:16:7******* C-In: 23.10 18:16:09,204|
***Fehlernachricht fuer Nachrichtennummern 2296 bis 2296. 18:16:7 C-In: 23.10 18:16:09,206|
ReceiveMsgs done
lab29-10-<0.40.0>-T3: Msg #2319, C-Out: 23.10 18:16:11,346| gesendet
lab29-10-<0.40.0>-T3: Msg #2331, C-Out: 23.10 18:16:13,489| gesendet
lab29-10-<0.40.0>-T3: Msg #2342, C-Out: 23.10 18:16:15,627| gesendet
lab29-10-<0.40.0>-T3: Msg #2352, C-Out: 23.10 18:16:17,765| gesendet
lab29-10-<0.40.0>-T3: Msg #2362, C-Out: 23.10 18:16:19,905| gesendet
Neues Intervall: 1.06787109375 Sekunden
Msg #2372 um 23.10 18:16:19,907| vergessen zu senden
"lab28-<0.56.0>: Nachricht #2282, C-Out: 23.10 18:15:57,599|"Eingang HBQ:18:15:57; Eingang DLQ:18:16:7 C-In: 23.10 18:16:19,908|
"lab28-<0.56.0>: Nachricht #2283, C-Out: 23.10 18:15:58,602|"Eingang HBQ:18:15:58; Eingang DLQ:18:16:7 C-In: 23.10 18:16:19,910|
"lab29-7-<0.83.0>-T3: Msg #2284, C-Out: 23.10 18:16:02,445|"Eingang HBQ:18:16:2; Eingang DLQ:18:16:7 C-In: 23.10 18:16:19,913|
"lab29-4-<0.93.0>-T3: Msg #2285, C-Out: 23.10 18:16:02,508|"Eingang HBQ:18:16:2; Eingang DLQ:18:16:7 C-In: 23.10 18:16:19,915|
"lab29-8-<0.80.0>-T3: Msg #2286, C-Out: 23.10 18:16:02,555|"Eingang HBQ:18:16:2; Eingang DLQ:18:16:7 C-In: 23.10 18:16:19,917|
"lab29-2-<0.101.0>-T3: Msg #2287, C-Out: 23.10 18:16:02,684|"Eingang HBQ:18:16:2; Eingang DLQ:18:16:7 C-In: 23.10 18:16:19,919|
"lab29-5-<0.89.0>-T3: Msg #2288, C-Out: 23.10 18:16:02,690|"Eingang HBQ:18:16:2; Eingang DLQ:18:16:7 C-In: 23.10 18:16:19,921|
"lab29-3-<0.97.0>-T3: Msg #2289, C-Out: 23.10 18:16:02,693|"Eingang HBQ:18:16:2; Eingang DLQ:18:16:7 C-In: 23.10 18:16:19,924|
"lab29-6-<0.86.0>-T3: Msg #2290, C-Out: 23.10 18:16:02,707|"Eingang HBQ:18:16:2; Eingang DLQ:18:16:7 C-In: 23.10 18:16:19,926|
"lab29-9-<0.49.0>-T3: Msg #2291, C-Out: 23.10 18:16:02,710|"Eingang HBQ:18:16:2; Eingang DLQ:18:16:7 C-In: 23.10 18:16:19,928|
"lab28-<0.56.0>: Nachricht #2292, C-Out: 23.10 18:15:59,607|"Eingang HBQ:18:15:59; Eingang DLQ:18:16:7 C-In: 23.10 18:16:19,931|
"lab29-1-<0.106.0>-T3: Msg #2293, C-Out: 23.10 18:16:03,196|"Eingang HBQ:18:16:3; Eingang DLQ:18:16:7 C-In: 23.10 18:16:19,932|
"lab28-<0.56.0>: Nachricht #2294, C-Out: 23.10 18:16:00,618|"Eingang HBQ:18:16:0; Eingang DLQ:18:16:7 C-In: 23.10 18:16:19,932|
"lab29-10-<0.40.0>-T3: Msg #2295, C-Out: 23.10 18:16:04,807|"Eingang HBQ:18:16:4; Eingang DLQ:18:16:7******* C-In: 23.10 18:16:19,933|
***Fehlernachricht fuer Nachrichtennummern 2296 bis 2296. 18:16:7 C-In: 23.10 18:16:19,933|
"lab28-<0.56.0>: Nachricht #2297, C-Out: 23.10 18:16:02,247|"Eingang HBQ:18:16:2; Eingang DLQ:18:16:13 C-In: 23.10 18:16:19,934|
***Fehlernachricht fuer Nachrichtennummern 2298 bis 2298. 18:16:13 C-In: 23.10 18:16:19,935|
"lab29-7-<0.83.0>-T3: Msg #2299, C-Out: 23.10 18:16:06,719|"Eingang HBQ:18:16:6; Eingang DLQ:18:16:13 C-In: 23.10 18:16:19,935|
"lab29-4-<0.93.0>-T3: Msg #2300, C-Out: 23.10 18:16:06,781|"Eingang HBQ:18:16:6; Eingang DLQ:18:16:13 C-In: 23.10 18:16:19,936|
"lab29-8-<0.80.0>-T3: Msg #2301, C-Out: 23.10 18:16:06,849|"Eingang HBQ:18:16:6; Eingang DLQ:18:16:13 C-In: 23.10 18:16:19,937|
"lab29-2-<0.101.0>-T3: Msg #2302, C-Out: 23.10 18:16:06,957|"Eingang HBQ:18:16:6; Eingang DLQ:18:16:13 C-In: 23.10 18:16:19,938|
"lab29-5-<0.89.0>-T3: Msg #2303, C-Out: 23.10 18:16:06,963|"Eingang HBQ:18:16:6; Eingang DLQ:18:16:13 C-In: 23.10 18:16:19,939|
"lab29-3-<0.97.0>-T3: Msg #2304, C-Out: 23.10 18:16:06,968|"Eingang HBQ:18:16:6; Eingang DLQ:18:16:13 C-In: 23.10 18:16:19,939|
"lab29-6-<0.86.0>-T3: Msg #2305, C-Out: 23.10 18:16:06,981|"Eingang HBQ:18:16:6; Eingang DLQ:18:16:13 C-In: 23.10 18:16:19,940|
"lab29-9-<0.49.0>-T3: Msg #2306, C-Out: 23.10 18:16:06,984|"Eingang HBQ:18:16:6; Eingang DLQ:18:16:13 C-In: 23.10 18:16:19,941|
"lab29-1-<0.106.0>-T3: Msg #2307, C-Out: 23.10 18:16:07,471|"Eingang HBQ:18:16:7; Eingang DLQ:18:16:13 C-In: 23.10 18:16:19,941|
"lab29-10-<0.40.0>-T3: Msg #2308, C-Out: 23.10 18:16:09,082|"Eingang HBQ:18:16:9; Eingang DLQ:18:16:13******* C-In: 23.10 18:16:19,942|
"lab29-7-<0.83.0>-T3: Msg #2309, C-Out: 23.10 18:16:10,995|"Eingang HBQ:18:16:10; Eingang DLQ:18:16:13 C-In: 23.10 18:16:19,943|
"lab29-4-<0.93.0>-T3: Msg #2310, C-Out: 23.10 18:16:11,056|"Eingang HBQ:18:16:11; Eingang DLQ:18:16:13 C-In: 23.10 18:16:19,943|
"lab29-8-<0.80.0>-T3: Msg #2311, C-Out: 23.10 18:16:11,125|"Eingang HBQ:18:16:11; Eingang DLQ:18:16:13 C-In: 23.10 18:16:19,944|
"lab29-2-<0.101.0>-T3: Msg #2312, C-Out: 23.10 18:16:11,232|"Eingang HBQ:18:16:11; Eingang DLQ:18:16:13 C-In: 23.10 18:16:19,944|
"lab29-5-<0.89.0>-T3: Msg #2313, C-Out: 23.10 18:16:11,239|"Eingang HBQ:18:16:11; Eingang DLQ:18:16:13 C-In: 23.10 18:16:19,945|
"lab29-3-<0.97.0>-T3: Msg #2314, C-Out: 23.10 18:16:11,244|"Eingang HBQ:18:16:11; Eingang DLQ:18:16:13 C-In: 23.10 18:16:19,946|
"lab29-6-<0.86.0>-T3: Msg #2315, C-Out: 23.10 18:16:11,256|"Eingang HBQ:18:16:11; Eingang DLQ:18:16:13 C-In: 23.10 18:16:19,946|
"lab29-9-<0.49.0>-T3: Msg #2316, C-Out: 23.10 18:16:11,261|"Eingang HBQ:18:16:11; Eingang DLQ:18:16:13 C-In: 23.10 18:16:19,947|
"lab29-1-<0.106.0>-T3: Msg #2317, C-Out: 23.10 18:16:11,774|"Eingang HBQ:18:16:11; Eingang DLQ:18:16:13 C-In: 23.10 18:16:19,948|
***Fehlernachricht fuer Nachrichtennummern 2318 bis 2318. 18:16:13 C-In: 23.10 18:16:19,948|
"lab29-10-<0.40.0>-T3: Msg #2319, C-Out: 23.10 18:16:11,346|"Eingang HBQ:18:16:11; Eingang DLQ:18:16:17******* C-In: 23.10 18:16:19,949|
***Fehlernachricht fuer Nachrichtennummern 2320 bis 2322. 18:16:17 C-In: 23.10 18:16:19,951|
"lab29-7-<0.83.0>-T3: Msg #2323, C-Out: 23.10 18:16:13,268|"Eingang HBQ:18:16:13; Eingang DLQ:18:16:17 C-In: 23.10 18:16:19,983|
"lab29-4-<0.93.0>-T3: Msg #2324, C-Out: 23.10 18:16:13,310|"Eingang HBQ:18:16:13; Eingang DLQ:18:16:17 C-In: 23.10 18:16:19,989|
"lab29-8-<0.80.0>-T3: Msg #2325, C-Out: 23.10 18:16:13,327|"Eingang HBQ:18:16:13; Eingang DLQ:18:16:17 C-In: 23.10 18:16:19,989|
***Fehlernachricht fuer Nachrichtennummern 2326 bis 2330. 18:16:17 C-In: 23.10 18:16:19,992|
"lab29-10-<0.40.0>-T3: Msg #2331, C-Out: 23.10 18:16:13,489|"Eingang HBQ:18:16:13; Eingang DLQ:18:16:17******* C-In: 23.10 18:16:19,993|
"lab29-2-<0.101.0>-T3: Msg #2332, C-Out: 23.10 18:16:13,525|"Eingang HBQ:18:16:13; Eingang DLQ:18:16:17 C-In: 23.10 18:16:19,994|
"lab29-5-<0.89.0>-T3: Msg #2333, C-Out: 23.10 18:16:13,529|"Eingang HBQ:18:16:13; Eingang DLQ:18:16:17 C-In: 23.10 18:16:19,994|
"lab29-3-<0.97.0>-T3: Msg #2334, C-Out: 23.10 18:16:13,536|"Eingang HBQ:18:16:13; Eingang DLQ:18:16:17 C-In: 23.10 18:16:19,995|
"lab29-6-<0.86.0>-T3: Msg #2335, C-Out: 23.10 18:16:13,549|"Eingang HBQ:18:16:13; Eingang DLQ:18:16:17 C-In: 23.10 18:16:19,996|
"lab29-9-<0.49.0>-T3: Msg #2336, C-Out: 23.10 18:16:13,550|"Eingang HBQ:18:16:13; Eingang DLQ:18:16:17 C-In: 23.10 18:16:19,996|
***Fehlernachricht fuer Nachrichtennummern 2337 bis 2337. 18:16:17 C-In: 23.10 18:16:19,997|
"lab29-1-<0.106.0>-T3: Msg #2338, C-Out: 23.10 18:16:14,022|"Eingang HBQ:18:16:14; Eingang DLQ:18:16:19 C-In: 23.10 18:16:19,998|
"lab29-7-<0.83.0>-T3: Msg #2339, C-Out: 23.10 18:16:15,406|"Eingang HBQ:18:16:15; Eingang DLQ:18:16:19 C-In: 23.10 18:16:19,998|
"lab29-4-<0.93.0>-T3: Msg #2340, C-Out: 23.10 18:16:15,448|"Eingang HBQ:18:16:15; Eingang DLQ:18:16:19 C-In: 23.10 18:16:19,999|
"lab29-8-<0.80.0>-T3: Msg #2341, C-Out: 23.10 18:16:15,465|"Eingang HBQ:18:16:15; Eingang DLQ:18:16:19 C-In: 23.10 18:16:19,999|
"lab29-10-<0.40.0>-T3: Msg #2342, C-Out: 23.10 18:16:15,627|"Eingang HBQ:18:16:15; Eingang DLQ:18:16:19******* C-In: 23.10 18:16:19,000|
"lab29-2-<0.101.0>-T3: Msg #2343, C-Out: 23.10 18:16:15,665|"Eingang HBQ:18:16:15; Eingang DLQ:18:16:19 C-In: 23.10 18:16:19,001|
"lab29-5-<0.89.0>-T3: Msg #2344, C-Out: 23.10 18:16:15,691|"Eingang HBQ:18:16:15; Eingang DLQ:18:16:19 C-In: 23.10 18:16:19,001|
"lab29-3-<0.97.0>-T3: Msg #2345, C-Out: 23.10 18:16:15,691|"Eingang HBQ:18:16:15; Eingang DLQ:18:16:19 C-In: 23.10 18:16:19,002|
"lab29-6-<0.86.0>-T3: Msg #2346, C-Out: 23.10 18:16:15,693|"Eingang HBQ:18:16:15; Eingang DLQ:18:16:19 C-In: 23.10 18:16:19,003|
"lab29-9-<0.49.0>-T3: Msg #2347, C-Out: 23.10 18:16:15,693|"Eingang HBQ:18:16:15; Eingang DLQ:18:16:19 C-In: 23.10 18:16:19,003|
"lab29-1-<0.106.0>-T3: Msg #2348, C-Out: 23.10 18:16:16,160|"Eingang HBQ:18:16:16; Eingang DLQ:18:16:19 C-In: 23.10 18:16:19,004|
"lab29-7-<0.83.0>-T3: Msg #2349, C-Out: 23.10 18:16:17,544|"Eingang HBQ:18:16:17; Eingang DLQ:18:16:19 C-In: 23.10 18:16:19,005|
"lab29-4-<0.93.0>-T3: Msg #2350, C-Out: 23.10 18:16:17,586|"Eingang HBQ:18:16:17; Eingang DLQ:18:16:19 C-In: 23.10 18:16:20,005|
"lab29-8-<0.80.0>-T3: Msg #2351, C-Out: 23.10 18:16:17,603|"Eingang HBQ:18:16:17; Eingang DLQ:18:16:19 C-In: 23.10 18:16:20,008|
"lab29-10-<0.40.0>-T3: Msg #2352, C-Out: 23.10 18:16:17,765|"Eingang HBQ:18:16:17; Eingang DLQ:18:16:19******* C-In: 23.10 18:16:20,010|
"lab29-2-<0.101.0>-T3: Msg #2353, C-Out: 23.10 18:16:17,803|"Eingang HBQ:18:16:17; Eingang DLQ:18:16:19 C-In: 23.10 18:16:20,013|
"lab29-3-<0.97.0>-T3: Msg #2354, C-Out: 23.10 18:16:17,829|"Eingang HBQ:18:16:17; Eingang DLQ:18:16:19 C-In: 23.10 18:16:20,016|
"lab29-5-<0.89.0>-T3: Msg #2355, C-Out: 23.10 18:16:17,829|"Eingang HBQ:18:16:17; Eingang DLQ:18:16:19 C-In: 23.10 18:16:20,020|
"lab29-9-<0.49.0>-T3: Msg #2356, C-Out: 23.10 18:16:17,831|"Eingang HBQ:18:16:17; Eingang DLQ:18:16:19 C-In: 23.10 18:16:20,023|
"lab29-6-<0.86.0>-T3: Msg #2357, C-Out: 23.10 18:16:17,831|"Eingang HBQ:18:16:17; Eingang DLQ:18:16:19 C-In: 23.10 18:16:20,026|
"lab29-1-<0.106.0>-T3: Msg #2358, C-Out: 23.10 18:16:18,299|"Eingang HBQ:18:16:18; Eingang DLQ:18:16:19 C-In: 23.10 18:16:20,030|
"lab29-7-<0.83.0>-T3: Msg #2359, C-Out: 23.10 18:16:19,682|"Eingang HBQ:18:16:19; Eingang DLQ:18:16:19 C-In: 23.10 18:16:20,033|
"lab29-4-<0.93.0>-T3: Msg #2360, C-Out: 23.10 18:16:19,724|"Eingang HBQ:18:16:19; Eingang DLQ:18:16:19 C-In: 23.10 18:16:20,036|
"lab29-8-<0.80.0>-T3: Msg #2361, C-Out: 23.10 18:16:19,741|"Eingang HBQ:18:16:19; Eingang DLQ:18:16:19 C-In: 23.10 18:16:20,040|
"lab29-10-<0.40.0>-T3: Msg #2362, C-Out: 23.10 18:16:19,905|"Eingang HBQ:18:16:19; Eingang DLQ:18:16:19******* C-In: 23.10 18:16:20,042|
"lab29-2-<0.101.0>-T3: Msg #2363, C-Out: 23.10 18:16:19,950|"Eingang HBQ:18:16:19; Eingang DLQ:18:16:19 C-In: 23.10 18:16:20,045|
ReceiveMsgs done
lab29-10-<0.40.0>-T3: Msg #2378, C-Out: 23.10 18:16:21,118| gesendet
lab29-10-<0.40.0>-T3: Msg #2380, C-Out: 23.10 18:16:22,189| gesendet
lab29-10-<0.40.0>-T3: Msg #2392, C-Out: 23.10 18:16:23,264| gesendet
lab29-10-<0.40.0>-T3: Msg #2403, C-Out: 23.10 18:16:24,335| gesendet
