lab29-3-<0.97.0>-T3 C-Start: 23.10 18:13:38,986|
lab29-3-<0.97.0>-T3: Msg #435, C-Out: 23.10 18:13:39,989| gesendet
lab29-3-<0.97.0>-T3: Msg #455, C-Out: 23.10 18:13:41,008| gesendet
lab29-3-<0.97.0>-T3: Msg #474, C-Out: 23.10 18:13:42,014| gesendet
lab29-3-<0.97.0>-T3: Msg #494, C-Out: 23.10 18:13:43,037| gesendet
lab29-3-<0.97.0>-T3: Msg #517, C-Out: 23.10 18:13:44,069| gesendet
Neues Intervall: 1 Sekunden
Msg #551 um 23.10 18:13:44,071| vergessen zu senden
"client8@lab24-C-: <0.6221.0> 396te_Nachtricht. C Out: 23.10 18:13:36,263| (396);"Eingang HBQ:18:13:39; Eingang DLQ:18:13:39 C-In: 23.10 18:13:44,072|
"client7@lab24-C-: <0.6223.0> 397te_Nachtricht. C Out: 23.10 18:13:36,264| (397);"Eingang HBQ:18:13:39; Eingang DLQ:18:13:39 C-In: 23.10 18:13:44,074|
"client6@lab24-C-: <0.6224.0> 398te_Nachtricht. C Out: 23.10 18:13:36,266| (398);"Eingang HBQ:18:13:39; Eingang DLQ:18:13:39 C-In: 23.10 18:13:44,076|
"client5@lab24-C-: <0.6225.0> 399te_Nachtricht. C Out: 23.10 18:13:36,267| (399);"Eingang HBQ:18:13:39; Eingang DLQ:18:13:39 C-In: 23.10 18:13:44,078|
"client4@lab24-C-: <0.6226.0> 400te_Nachtricht. C Out: 23.10 18:13:36,299| (400);"Eingang HBQ:18:13:39; Eingang DLQ:18:13:39 C-In: 23.10 18:13:44,081|
"client3@lab24-C-: <0.6227.0> 401te_Nachtricht. C Out: 23.10 18:13:36,299| (401);"Eingang HBQ:18:13:39; Eingang DLQ:18:13:39 C-In: 23.10 18:13:44,083|
"client2@lab24-C-: <0.6228.0> 402te_Nachtricht. C Out: 23.10 18:13:36,300| (402);"Eingang HBQ:18:13:39; Eingang DLQ:18:13:39 C-In: 23.10 18:13:44,085|
"client1@lab24-C-: <0.6229.0> 403te_Nachtricht. C Out: 23.10 18:13:36,301| (403);"Eingang HBQ:18:13:39; Eingang DLQ:18:13:39 C-In: 23.10 18:13:44,088|
"client9@lab24-C-: <0.6220.0> 404te_Nachtricht. C Out: 23.10 18:13:36,304| (404);"Eingang HBQ:18:13:39; Eingang DLQ:18:13:39 C-In: 23.10 18:13:44,090|
***Fehlernachricht fuer Nachrichtennummern 405 bis 414. 18:13:39 C-In: 23.10 18:13:44,093|
"lab29-10-<0.40.0>-T3: Msg #415, C-Out: 23.10 18:13:38,592|"Eingang HBQ:18:13:38; Eingang DLQ:18:13:41 C-In: 23.10 18:13:44,095|
"lab29-9-<0.49.0>-T3: Msg #416, C-Out: 23.10 18:13:38,786|"Eingang HBQ:18:13:38; Eingang DLQ:18:13:41 C-In: 23.10 18:13:44,098|
"lab29-8-<0.80.0>-T3: Msg #417, C-Out: 23.10 18:13:38,983|"Eingang HBQ:18:13:38; Eingang DLQ:18:13:41 C-In: 23.10 18:13:44,101|
"lab29-7-<0.83.0>-T3: Msg #418, C-Out: 23.10 18:13:39,184|"Eingang HBQ:18:13:39; Eingang DLQ:18:13:41 C-In: 23.10 18:13:44,103|
"client10@lab24-C-: <0.6167.0> 419te_Nachtricht. C Out: 23.10 18:13:38,243| (419);"Eingang HBQ:18:13:41; Eingang DLQ:18:13:41 C-In: 23.10 18:13:44,106|
"client9@lab24-C-: <0.6168.0> 420te_Nachtricht. C Out: 23.10 18:13:38,246| (420);"Eingang HBQ:18:13:41; Eingang DLQ:18:13:41 C-In: 23.10 18:13:44,108|
"client8@lab24-C-: <0.6170.0> 421te_Nachtricht. C Out: 23.10 18:13:38,249| (421);"Eingang HBQ:18:13:41; Eingang DLQ:18:13:41 C-In: 23.10 18:13:44,110|
***Fehlernachricht fuer Nachrichtennummern 422 bis 428. 18:13:41 C-In: 23.10 18:13:44,113|
"lab29-6-<0.86.0>-T3: Msg #429, C-Out: 23.10 18:13:39,383|"Eingang HBQ:18:13:39; Eingang DLQ:18:13:42 C-In: 23.10 18:13:44,115|
"lab29-5-<0.89.0>-T3: Msg #430, C-Out: 23.10 18:13:39,586|"Eingang HBQ:18:13:39; Eingang DLQ:18:13:42 C-In: 23.10 18:13:44,117|
"lab29-10-<0.40.0>-T3: Msg #431, C-Out: 23.10 18:13:39,595|"Eingang HBQ:18:13:39; Eingang DLQ:18:13:42 C-In: 23.10 18:13:44,120|
"lab29-4-<0.93.0>-T3: Msg #432, C-Out: 23.10 18:13:39,787|"Eingang HBQ:18:13:39; Eingang DLQ:18:13:42 C-In: 23.10 18:13:44,122|
"lab29-9-<0.49.0>-T3: Msg #433, C-Out: 23.10 18:13:39,790|"Eingang HBQ:18:13:39; Eingang DLQ:18:13:42 C-In: 23.10 18:13:44,124|
"lab29-8-<0.80.0>-T3: Msg #434, C-Out: 23.10 18:13:39,985|"Eingang HBQ:18:13:39; Eingang DLQ:18:13:42 C-In: 23.10 18:13:44,127|
"lab29-3-<0.97.0>-T3: Msg #435, C-Out: 23.10 18:13:39,989|"Eingang HBQ:18:13:40; Eingang DLQ:18:13:42******* C-In: 23.10 18:13:44,129|
"lab29-7-<0.83.0>-T3: Msg #436, C-Out: 23.10 18:13:40,186|"Eingang HBQ:18:13:40; Eingang DLQ:18:13:42 C-In: 23.10 18:13:44,132|
"lab29-2-<0.101.0>-T3: Msg #437, C-Out: 23.10 18:13:40,192|"Eingang HBQ:18:13:40; Eingang DLQ:18:13:42 C-In: 23.10 18:13:44,134|
***Fehlernachricht fuer Nachrichtennummern 438 bis 447. 18:13:42 C-In: 23.10 18:13:44,137|
"lab29-6-<0.86.0>-T3: Msg #448, C-Out: 23.10 18:13:40,386|"Eingang HBQ:18:13:40; Eingang DLQ:18:13:42 C-In: 23.10 18:13:44,139|
"lab29-1-<0.106.0>-T3: Msg #449, C-Out: 23.10 18:13:40,391|"Eingang HBQ:18:13:40; Eingang DLQ:18:13:42 C-In: 23.10 18:13:44,142|
"lab29-5-<0.89.0>-T3: Msg #450, C-Out: 23.10 18:13:40,590|"Eingang HBQ:18:13:40; Eingang DLQ:18:13:42 C-In: 23.10 18:13:44,144|
"lab29-10-<0.40.0>-T3: Msg #451, C-Out: 23.10 18:13:40,598|"Eingang HBQ:18:13:40; Eingang DLQ:18:13:42 C-In: 23.10 18:13:44,147|
"lab29-4-<0.93.0>-T3: Msg #452, C-Out: 23.10 18:13:40,791|"Eingang HBQ:18:13:40; Eingang DLQ:18:13:42 C-In: 23.10 18:13:44,149|
"lab29-9-<0.49.0>-T3: Msg #453, C-Out: 23.10 18:13:40,793|"Eingang HBQ:18:13:40; Eingang DLQ:18:13:42 C-In: 23.10 18:13:44,153|
"lab29-8-<0.80.0>-T3: Msg #454, C-Out: 23.10 18:13:41,008|"Eingang HBQ:18:13:41; Eingang DLQ:18:13:42 C-In: 23.10 18:13:44,156|
"lab29-3-<0.97.0>-T3: Msg #455, C-Out: 23.10 18:13:41,008|"Eingang HBQ:18:13:41; Eingang DLQ:18:13:42******* C-In: 23.10 18:13:44,158|
"lab29-7-<0.83.0>-T3: Msg #456, C-Out: 23.10 18:13:41,189|"Eingang HBQ:18:13:41; Eingang DLQ:18:13:42 C-In: 23.10 18:13:44,159|
"lab29-2-<0.101.0>-T3: Msg #457, C-Out: 23.10 18:13:41,198|"Eingang HBQ:18:13:41; Eingang DLQ:18:13:42 C-In: 23.10 18:13:44,161|
***Fehlernachricht fuer Nachrichtennummern 458 bis 467. 18:13:42 C-In: 23.10 18:13:44,164|
"lab29-6-<0.86.0>-T3: Msg #468, C-Out: 23.10 18:13:41,389|"Eingang HBQ:18:13:41; Eingang DLQ:18:13:43 C-In: 23.10 18:13:44,166|
"lab29-1-<0.106.0>-T3: Msg #469, C-Out: 23.10 18:13:41,394|"Eingang HBQ:18:13:41; Eingang DLQ:18:13:43 C-In: 23.10 18:13:44,169|
"lab29-5-<0.89.0>-T3: Msg #470, C-Out: 23.10 18:13:41,594|"Eingang HBQ:18:13:41; Eingang DLQ:18:13:43 C-In: 23.10 18:13:44,171|
"lab29-10-<0.40.0>-T3: Msg #471, C-Out: 23.10 18:13:41,602|"Eingang HBQ:18:13:41; Eingang DLQ:18:13:43 C-In: 23.10 18:13:44,172|
"lab29-4-<0.93.0>-T3: Msg #472, C-Out: 23.10 18:13:41,797|"Eingang HBQ:18:13:41; Eingang DLQ:18:13:43 C-In: 23.10 18:13:44,172|
"lab29-9-<0.49.0>-T3: Msg #473, C-Out: 23.10 18:13:41,800|"Eingang HBQ:18:13:41; Eingang DLQ:18:13:43 C-In: 23.10 18:13:44,173|
"lab29-3-<0.97.0>-T3: Msg #474, C-Out: 23.10 18:13:42,014|"Eingang HBQ:18:13:42; Eingang DLQ:18:13:43******* C-In: 23.10 18:13:44,173|
"lab29-8-<0.80.0>-T3: Msg #475, C-Out: 23.10 18:13:42,016|"Eingang HBQ:18:13:42; Eingang DLQ:18:13:43 C-In: 23.10 18:13:44,174|
"lab29-7-<0.83.0>-T3: Msg #476, C-Out: 23.10 18:13:42,192|"Eingang HBQ:18:13:42; Eingang DLQ:18:13:43 C-In: 23.10 18:13:44,175|
"lab29-2-<0.101.0>-T3: Msg #477, C-Out: 23.10 18:13:42,201|"Eingang HBQ:18:13:42; Eingang DLQ:18:13:43 C-In: 23.10 18:13:44,175|
***Fehlernachricht fuer Nachrichtennummern 478 bis 487. 18:13:43 C-In: 23.10 18:13:44,176|
ReceiveMsgs done
lab29-3-<0.97.0>-T3: Msg #552, C-Out: 23.10 18:13:45,178| gesendet
lab29-3-<0.97.0>-T3: Msg #584, C-Out: 23.10 18:13:46,181| gesendet
lab29-3-<0.97.0>-T3: Msg #620, C-Out: 23.10 18:13:47,188| gesendet
lab29-3-<0.97.0>-T3: Msg #633, C-Out: 23.10 18:13:48,192| gesendet
lab29-3-<0.97.0>-T3: Msg #656, C-Out: 23.10 18:13:49,201| gesendet
Neues Intervall: 1.5 Sekunden
Msg #676 um 23.10 18:13:49,207| vergessen zu senden
***Fehlernachricht fuer Nachrichtennummern 551 bis 551. 18:13:46 C-In: 23.10 18:13:49,211|
"lab29-3-<0.97.0>-T3: Msg #552, C-Out: 23.10 18:13:45,178|"Eingang HBQ:18:13:45; Eingang DLQ:18:13:47******* C-In: 23.10 18:13:49,213|
***Fehlernachricht fuer Nachrichtennummern 553 bis 553. 18:13:47 C-In: 23.10 18:13:49,216|
"lab29-8-<0.80.0>-T3: Msg #554, C-Out: 23.10 18:13:45,236|"Eingang HBQ:18:13:45; Eingang DLQ:18:13:47 C-In: 23.10 18:13:49,218|
***Fehlernachricht fuer Nachrichtennummern 555 bis 556. 18:13:47 C-In: 23.10 18:13:49,219|
"lab29-7-<0.83.0>-T3: Msg #557, C-Out: 23.10 18:13:45,257|"Eingang HBQ:18:13:45; Eingang DLQ:18:13:47 C-In: 23.10 18:13:49,221|
***Fehlernachricht fuer Nachrichtennummern 558 bis 558. 18:13:47 C-In: 23.10 18:13:49,223|
"lab29-2-<0.101.0>-T3: Msg #559, C-Out: 23.10 18:13:45,274|"Eingang HBQ:18:13:45; Eingang DLQ:18:13:47 C-In: 23.10 18:13:49,226|
***Fehlernachricht fuer Nachrichtennummern 560 bis 572. 18:13:47 C-In: 23.10 18:13:49,228|
"client2@lab24-C-: <0.6176.0> 573te_Nachtricht. C Out: 23.10 18:13:44,604| (573);"Eingang HBQ:18:13:46; Eingang DLQ:18:13:47 C-In: 23.10 18:13:49,231|
"client7@lab24-C-: <0.6171.0> 574te_Nachtricht. C Out: 23.10 18:13:44,604| (574);"Eingang HBQ:18:13:46; Eingang DLQ:18:13:47 C-In: 23.10 18:13:49,233|
"client4@lab24-C-: <0.6174.0> 575te_Nachtricht. C Out: 23.10 18:13:44,604| (575);"Eingang HBQ:18:13:46; Eingang DLQ:18:13:47 C-In: 23.10 18:13:49,236|
***Fehlernachricht fuer Nachrichtennummern 576 bis 577. 18:13:47 C-In: 23.10 18:13:49,238|
"lab29-1-<0.106.0>-T3: Msg #578, C-Out: 23.10 18:13:45,654|"Eingang HBQ:18:13:45; Eingang DLQ:18:13:47 C-In: 23.10 18:13:49,240|
"lab29-10-<0.40.0>-T3: Msg #579, C-Out: 23.10 18:13:45,743|"Eingang HBQ:18:13:45; Eingang DLQ:18:13:47 C-In: 23.10 18:13:49,243|
"lab29-6-<0.86.0>-T3: Msg #580, C-Out: 23.10 18:13:45,743|"Eingang HBQ:18:13:45; Eingang DLQ:18:13:47 C-In: 23.10 18:13:49,245|
"lab29-5-<0.89.0>-T3: Msg #581, C-Out: 23.10 18:13:45,821|"Eingang HBQ:18:13:45; Eingang DLQ:18:13:47 C-In: 23.10 18:13:49,248|
"lab29-4-<0.93.0>-T3: Msg #582, C-Out: 23.10 18:13:45,934|"Eingang HBQ:18:13:45; Eingang DLQ:18:13:47 C-In: 23.10 18:13:49,250|
"lab29-9-<0.49.0>-T3: Msg #583, C-Out: 23.10 18:13:45,985|"Eingang HBQ:18:13:45; Eingang DLQ:18:13:47 C-In: 23.10 18:13:49,252|
"lab29-3-<0.97.0>-T3: Msg #584, C-Out: 23.10 18:13:46,181|"Eingang HBQ:18:13:46; Eingang DLQ:18:13:47******* C-In: 23.10 18:13:49,255|
"lab29-8-<0.80.0>-T3: Msg #585, C-Out: 23.10 18:13:46,240|"Eingang HBQ:18:13:46; Eingang DLQ:18:13:47 C-In: 23.10 18:13:49,257|
"lab29-7-<0.83.0>-T3: Msg #586, C-Out: 23.10 18:13:46,264|"Eingang HBQ:18:13:46; Eingang DLQ:18:13:47 C-In: 23.10 18:13:49,261|
***Fehlernachricht fuer Nachrichtennummern 587 bis 591. 18:13:47 C-In: 23.10 18:13:49,264|
"lab29-2-<0.101.0>-T3: Msg #592, C-Out: 23.10 18:13:46,281|"Eingang HBQ:18:13:46; Eingang DLQ:18:13:47 C-In: 23.10 18:13:49,264|
***Fehlernachricht fuer Nachrichtennummern 593 bis 598. 18:13:47 C-In: 23.10 18:13:49,266|
"client7@lab24-C-: <0.6223.0> 599te_Nachtricht. C Out: 23.10 18:13:45,561| (599);"Eingang HBQ:18:13:47; Eingang DLQ:18:13:47 C-In: 23.10 18:13:49,268|
"client8@lab24-C-: <0.6221.0> 600te_Nachtricht. C Out: 23.10 18:13:45,565| (600);"Eingang HBQ:18:13:47; Eingang DLQ:18:13:47 C-In: 23.10 18:13:49,270|
***Fehlernachricht fuer Nachrichtennummern 601 bis 601. 18:13:47 C-In: 23.10 18:13:49,273|
"client5@lab24-C-: <0.6225.0> 602te_Nachtricht. C Out: 23.10 18:13:45,574| (602);"Eingang HBQ:18:13:47; Eingang DLQ:18:13:48 C-In: 23.10 18:13:49,275|
***Fehlernachricht fuer Nachrichtennummern 603 bis 604. 18:13:48 C-In: 23.10 18:13:49,277|
"client9@lab24-C-: <0.6220.0> 605te_Nachtricht. C Out: 23.10 18:13:45,601| (605);"Eingang HBQ:18:13:47; Eingang DLQ:18:13:48 C-In: 23.10 18:13:49,279|
***Fehlernachricht fuer Nachrichtennummern 606 bis 606. 18:13:48 C-In: 23.10 18:13:49,281|
"client2@lab24-C-: <0.6228.0> 607te_Nachtricht. C Out: 23.10 18:13:45,601| (607);"Eingang HBQ:18:13:47; Eingang DLQ:18:13:48 C-In: 23.10 18:13:49,284|
"lab29-1-<0.106.0>-T3: Msg #608, C-Out: 23.10 18:13:46,657|"Eingang HBQ:18:13:46; Eingang DLQ:18:13:48 C-In: 23.10 18:13:49,286|
"client3@lab24-C-: <0.6123.0> 609te_Nachtricht. C Out: 23.10 18:13:45,687| (609);"Eingang HBQ:18:13:47; Eingang DLQ:18:13:48 C-In: 23.10 18:13:49,288|
"client7@lab24-C-: <0.6119.0> 610te_Nachtricht. C Out: 23.10 18:13:45,730| (610);"Eingang HBQ:18:13:47; Eingang DLQ:18:13:48 C-In: 23.10 18:13:49,290|
"client5@lab24-C-: <0.6121.0> 611te_Nachtricht. C Out: 23.10 18:13:45,731| (611);"Eingang HBQ:18:13:47; Eingang DLQ:18:13:48 C-In: 23.10 18:13:49,293|
"client2@lab24-C-: <0.6124.0> 612te_Nachtricht. C Out: 23.10 18:13:45,741| (612);"Eingang HBQ:18:13:47; Eingang DLQ:18:13:48 C-In: 23.10 18:13:49,295|
"client10@lab24-C-: <0.6115.0> 613te_Nachtricht. C Out: 23.10 18:13:45,741| (613);"Eingang HBQ:18:13:47; Eingang DLQ:18:13:48 C-In: 23.10 18:13:49,298|
"client1@lab24-C-: <0.6125.0> 614te_Nachtricht. C Out: 23.10 18:13:45,741| (614);"Eingang HBQ:18:13:47; Eingang DLQ:18:13:48 C-In: 23.10 18:13:49,300|
"lab29-6-<0.86.0>-T3: Msg #615, C-Out: 23.10 18:13:46,747|"Eingang HBQ:18:13:46; Eingang DLQ:18:13:48 C-In: 23.10 18:13:49,302|
"lab29-10-<0.40.0>-T3: Msg #616, C-Out: 23.10 18:13:46,751|"Eingang HBQ:18:13:46; Eingang DLQ:18:13:48 C-In: 23.10 18:13:49,306|
"lab29-5-<0.89.0>-T3: Msg #617, C-Out: 23.10 18:13:46,828|"Eingang HBQ:18:13:46; Eingang DLQ:18:13:48 C-In: 23.10 18:13:49,308|
"lab29-4-<0.93.0>-T3: Msg #618, C-Out: 23.10 18:13:46,943|"Eingang HBQ:18:13:46; Eingang DLQ:18:13:48 C-In: 23.10 18:13:49,311|
"lab29-9-<0.49.0>-T3: Msg #619, C-Out: 23.10 18:13:46,991|"Eingang HBQ:18:13:46; Eingang DLQ:18:13:48 C-In: 23.10 18:13:49,311|
"lab29-3-<0.97.0>-T3: Msg #620, C-Out: 23.10 18:13:47,188|"Eingang HBQ:18:13:47; Eingang DLQ:18:13:48******* C-In: 23.10 18:13:49,313|
"lab29-8-<0.80.0>-T3: Msg #621, C-Out: 23.10 18:13:47,243|"Eingang HBQ:18:13:47; Eingang DLQ:18:13:48 C-In: 23.10 18:13:49,315|
"lab29-7-<0.83.0>-T3: Msg #622, C-Out: 23.10 18:13:47,267|"Eingang HBQ:18:13:47; Eingang DLQ:18:13:48 C-In: 23.10 18:13:49,318|
"lab29-2-<0.101.0>-T3: Msg #623, C-Out: 23.10 18:13:47,285|"Eingang HBQ:18:13:47; Eingang DLQ:18:13:48 C-In: 23.10 18:13:49,320|
***Fehlernachricht fuer Nachrichtennummern 624 bis 626. 18:13:48 C-In: 23.10 18:13:49,322|
ReceiveMsgs done
lab29-3-<0.97.0>-T3: Msg #678, C-Out: 23.10 18:13:50,826| gesendet
lab29-3-<0.97.0>-T3: Msg #715, C-Out: 23.10 18:13:52,328| gesendet
lab29-3-<0.97.0>-T3: Msg #736, C-Out: 23.10 18:13:53,832| gesendet
lab29-3-<0.97.0>-T3: Msg #770, C-Out: 23.10 18:13:55,365| gesendet
lab29-3-<0.97.0>-T3: Msg #802, C-Out: 23.10 18:13:56,868| gesendet
Neues Intervall: 2.25 Sekunden
Msg #852 um 23.10 18:13:56,869| vergessen zu senden
"client7@lab24-C-: <0.6171.0> 714te_Nachtricht. C Out: 23.10 18:13:50,618| (714);"Eingang HBQ:18:13:52; Eingang DLQ:18:13:53 C-In: 23.10 18:13:56,869|
"lab29-3-<0.97.0>-T3: Msg #715, C-Out: 23.10 18:13:52,328|"Eingang HBQ:18:13:52; Eingang DLQ:18:13:53******* C-In: 23.10 18:13:56,870|
"lab29-10-<0.40.0>-T3: Msg #716, C-Out: 23.10 18:13:52,409|"Eingang HBQ:18:13:52; Eingang DLQ:18:13:53 C-In: 23.10 18:13:56,871|
"lab29-2-<0.101.0>-T3: Msg #717, C-Out: 23.10 18:13:52,439|"Eingang HBQ:18:13:52; Eingang DLQ:18:13:53 C-In: 23.10 18:13:56,873|
"lab29-9-<0.49.0>-T3: Msg #718, C-Out: 23.10 18:13:52,639|"Eingang HBQ:18:13:52; Eingang DLQ:18:13:53 C-In: 23.10 18:13:56,873|
"lab29-1-<0.106.0>-T3: Msg #719, C-Out: 23.10 18:13:52,861|"Eingang HBQ:18:13:52; Eingang DLQ:18:13:53 C-In: 23.10 18:13:56,874|
"lab29-7-<0.83.0>-T3: Msg #720, C-Out: 23.10 18:13:52,924|"Eingang HBQ:18:13:52; Eingang DLQ:18:13:53 C-In: 23.10 18:13:56,875|
"lab29-8-<0.80.0>-T3: Msg #721, C-Out: 23.10 18:13:52,924|"Eingang HBQ:18:13:52; Eingang DLQ:18:13:53 C-In: 23.10 18:13:56,875|
"client7@lab24-C-: <0.6223.0> 722te_Nachtricht. C Out: 23.10 18:13:51,570| (722);"Eingang HBQ:18:13:53; Eingang DLQ:18:13:53 C-In: 23.10 18:13:56,876|
"client8@lab24-C-: <0.6221.0> 723te_Nachtricht. C Out: 23.10 18:13:51,574| (723);"Eingang HBQ:18:13:53; Eingang DLQ:18:13:53 C-In: 23.10 18:13:56,877|
"client5@lab24-C-: <0.6225.0> 724te_Nachtricht. C Out: 23.10 18:13:51,591| (724);"Eingang HBQ:18:13:53; Eingang DLQ:18:13:53 C-In: 23.10 18:13:56,877|
"client9@lab24-C-: <0.6220.0> 725te_Nachtricht. C Out: 23.10 18:13:51,607| (725);"Eingang HBQ:18:13:53; Eingang DLQ:18:13:53 C-In: 23.10 18:13:56,878|
"client2@lab24-C-: <0.6228.0> 726te_Nachtricht. C Out: 23.10 18:13:51,612| (726);"Eingang HBQ:18:13:53; Eingang DLQ:18:13:53 C-In: 23.10 18:13:56,879|
"client3@lab24-C-: <0.6123.0> 727te_Nachtricht. C Out: 23.10 18:13:51,695| (727);"Eingang HBQ:18:13:53; Eingang DLQ:18:13:53 C-In: 23.10 18:13:56,879|
"client7@lab24-C-: <0.6119.0> 728te_Nachtricht. C Out: 23.10 18:13:51,782| (728);"Eingang HBQ:18:13:53; Eingang DLQ:18:13:53 C-In: 23.10 18:13:56,880|
"client5@lab24-C-: <0.6121.0> 729te_Nachtricht. C Out: 23.10 18:13:51,785| (729);"Eingang HBQ:18:13:53; Eingang DLQ:18:13:53 C-In: 23.10 18:13:56,880|
"client2@lab24-C-: <0.6124.0> 730te_Nachtricht. C Out: 23.10 18:13:51,798| (730);"Eingang HBQ:18:13:53; Eingang DLQ:18:13:53 C-In: 23.10 18:13:56,881|
"client10@lab24-C-: <0.6115.0> 731te_Nachtricht. C Out: 23.10 18:13:51,798| (731);"Eingang HBQ:18:13:53; Eingang DLQ:18:13:53 C-In: 23.10 18:13:56,882|
"client1@lab24-C-: <0.6125.0> 732te_Nachtricht. C Out: 23.10 18:13:51,798| (732);"Eingang HBQ:18:13:53; Eingang DLQ:18:13:53 C-In: 23.10 18:13:56,882|
"lab29-6-<0.86.0>-T3: Msg #733, C-Out: 23.10 18:13:53,326|"Eingang HBQ:18:13:53; Eingang DLQ:18:13:53 C-In: 23.10 18:13:56,883|
"lab29-5-<0.89.0>-T3: Msg #734, C-Out: 23.10 18:13:53,487|"Eingang HBQ:18:13:53; Eingang DLQ:18:13:53 C-In: 23.10 18:13:56,883|
"lab29-4-<0.93.0>-T3: Msg #735, C-Out: 23.10 18:13:53,612|"Eingang HBQ:18:13:53; Eingang DLQ:18:13:53 C-In: 23.10 18:13:56,884|
"lab29-3-<0.97.0>-T3: Msg #736, C-Out: 23.10 18:13:53,832|"Eingang HBQ:18:13:53; Eingang DLQ:18:13:53******* C-In: 23.10 18:13:56,885|
"lab29-10-<0.40.0>-T3: Msg #737, C-Out: 23.10 18:13:53,920|"Eingang HBQ:18:13:53; Eingang DLQ:18:13:55 C-In: 23.10 18:13:56,885|
"lab29-2-<0.101.0>-T3: Msg #738, C-Out: 23.10 18:13:53,952|"Eingang HBQ:18:13:53; Eingang DLQ:18:13:55 C-In: 23.10 18:13:56,886|
"client4@lab24-C-: <0.6174.0> 739te_Nachtricht. C Out: 23.10 18:13:52,621| (739);"Eingang HBQ:18:13:54; Eingang DLQ:18:13:55 C-In: 23.10 18:13:56,887|
"client7@lab24-C-: <0.6171.0> 740te_Nachtricht. C Out: 23.10 18:13:52,632| (740);"Eingang HBQ:18:13:54; Eingang DLQ:18:13:55 C-In: 23.10 18:13:56,887|
"client2@lab24-C-: <0.6176.0> 741te_Nachtricht. C Out: 23.10 18:13:52,635| (741);"Eingang HBQ:18:13:54; Eingang DLQ:18:13:55 C-In: 23.10 18:13:56,888|
"lab29-9-<0.49.0>-T3: Msg #742, C-Out: 23.10 18:13:54,141|"Eingang HBQ:18:13:54; Eingang DLQ:18:13:55 C-In: 23.10 18:13:56,888|
"lab29-1-<0.106.0>-T3: Msg #743, C-Out: 23.10 18:13:54,373|"Eingang HBQ:18:13:54; Eingang DLQ:18:13:55 C-In: 23.10 18:13:56,889|
"lab29-8-<0.80.0>-T3: Msg #744, C-Out: 23.10 18:13:54,426|"Eingang HBQ:18:13:54; Eingang DLQ:18:13:55 C-In: 23.10 18:13:56,890|
"lab29-7-<0.83.0>-T3: Msg #745, C-Out: 23.10 18:13:54,426|"Eingang HBQ:18:13:54; Eingang DLQ:18:13:55 C-In: 23.10 18:13:56,890|
"lab29-6-<0.86.0>-T3: Msg #746, C-Out: 23.10 18:13:54,828|"Eingang HBQ:18:13:54; Eingang DLQ:18:13:55 C-In: 23.10 18:13:56,892|
***Fehlernachricht fuer Nachrichtennummern 747 bis 751. 18:13:55 C-In: 23.10 18:13:56,893|
"lab29-5-<0.89.0>-T3: Msg #752, C-Out: 23.10 18:13:54,989|"Eingang HBQ:18:13:54; Eingang DLQ:18:13:56 C-In: 23.10 18:13:56,895|
"client7@lab24-C-: <0.6223.0> 753te_Nachtricht. C Out: 23.10 18:13:53,575| (753);"Eingang HBQ:18:13:55; Eingang DLQ:18:13:56 C-In: 23.10 18:13:56,897|
"client8@lab24-C-: <0.6221.0> 754te_Nachtricht. C Out: 23.10 18:13:53,591| (754);"Eingang HBQ:18:13:55; Eingang DLQ:18:13:56 C-In: 23.10 18:13:56,899|
"client5@lab24-C-: <0.6225.0> 755te_Nachtricht. C Out: 23.10 18:13:53,596| (755);"Eingang HBQ:18:13:55; Eingang DLQ:18:13:56 C-In: 23.10 18:13:56,899|
"client9@lab24-C-: <0.6220.0> 756te_Nachtricht. C Out: 23.10 18:13:53,610| (756);"Eingang HBQ:18:13:55; Eingang DLQ:18:13:56 C-In: 23.10 18:13:56,900|
"lab29-4-<0.93.0>-T3: Msg #757, C-Out: 23.10 18:13:55,114|"Eingang HBQ:18:13:55; Eingang DLQ:18:13:56 C-In: 23.10 18:13:56,902|
"client2@lab24-C-: <0.6228.0> 758te_Nachtricht. C Out: 23.10 18:13:53,617| (758);"Eingang HBQ:18:13:55; Eingang DLQ:18:13:56 C-In: 23.10 18:13:56,902|
***Fehlernachricht fuer Nachrichtennummern 759 bis 768. 18:13:56 C-In: 23.10 18:13:56,903|
"client3@lab24-C-: <0.6123.0> 769te_Nachtricht. C Out: 23.10 18:13:53,812| (769);"Eingang HBQ:18:13:54; Eingang DLQ:18:13:56 C-In: 23.10 18:13:56,903|
"lab29-3-<0.97.0>-T3: Msg #770, C-Out: 23.10 18:13:55,365|"Eingang HBQ:18:13:55; Eingang DLQ:18:13:56******* C-In: 23.10 18:13:56,904|
"lab29-10-<0.40.0>-T3: Msg #771, C-Out: 23.10 18:13:55,422|"Eingang HBQ:18:13:55; Eingang DLQ:18:13:56 C-In: 23.10 18:13:56,904|
"lab29-2-<0.101.0>-T3: Msg #772, C-Out: 23.10 18:13:55,453|"Eingang HBQ:18:13:55; Eingang DLQ:18:13:56 C-In: 23.10 18:13:56,905|
"client1@lab24-C-: <0.6125.0> 773te_Nachtricht. C Out: 23.10 18:13:54,053| (773);"Eingang HBQ:18:13:55; Eingang DLQ:18:13:56 C-In: 23.10 18:13:56,906|
"client5@lab24-C-: <0.6121.0> 774te_Nachtricht. C Out: 23.10 18:13:54,053| (774);"Eingang HBQ:18:13:55; Eingang DLQ:18:13:56 C-In: 23.10 18:13:56,906|
"client2@lab24-C-: <0.6124.0> 775te_Nachtricht. C Out: 23.10 18:13:54,053| (775);"Eingang HBQ:18:13:55; Eingang DLQ:18:13:56 C-In: 23.10 18:13:56,907|
***Fehlernachricht fuer Nachrichtennummern 776 bis 777. 18:13:56 C-In: 23.10 18:13:56,908|
ReceiveMsgs done
lab29-3-<0.97.0>-T3: Msg #853, C-Out: 23.10 18:13:59,159| gesendet
lab29-3-<0.97.0>-T3: Msg #887, C-Out: 23.10 18:14:01,411| gesendet
lab29-3-<0.97.0>-T3: Msg #904, C-Out: 23.10 18:14:03,663| gesendet
lab29-3-<0.97.0>-T3: Msg #919, C-Out: 23.10 18:14:05,915| gesendet
lab29-3-<0.97.0>-T3: Msg #964, C-Out: 23.10 18:14:08,170| gesendet
Neues Intervall: 3.375 Sekunden
Msg #1025 um 23.10 18:14:08,172| vergessen zu senden
"client7@lab24-C-: <0.6171.0> 862te_Nachtricht. C Out: 23.10 18:13:57,755| (862);"Eingang HBQ:18:13:58; Eingang DLQ:18:14:2 C-In: 23.10 18:14:08,177|
"client2@lab24-C-: <0.6176.0> 863te_Nachtricht. C Out: 23.10 18:13:57,755| (863);"Eingang HBQ:18:13:58; Eingang DLQ:18:14:2 C-In: 23.10 18:14:08,182|
"lab29-10-<0.40.0>-T3: Msg #864, C-Out: 23.10 18:14:00,060|"Eingang HBQ:18:14:0; Eingang DLQ:18:14:2 C-In: 23.10 18:14:08,185|
"client5@lab24-C-: <0.6225.0> 865te_Nachtricht. C Out: 23.10 18:13:57,831| (865);"Eingang HBQ:18:13:58; Eingang DLQ:18:14:2 C-In: 23.10 18:14:08,189|
"client2@lab24-C-: <0.6228.0> 866te_Nachtricht. C Out: 23.10 18:13:57,831| (866);"Eingang HBQ:18:13:58; Eingang DLQ:18:14:2 C-In: 23.10 18:14:08,193|
***Fehlernachricht fuer Nachrichtennummern 867 bis 871. 18:14:2 C-In: 23.10 18:14:08,198|
"lab29-1-<0.106.0>-T3: Msg #872, C-Out: 23.10 18:14:00,354|"Eingang HBQ:18:14:0; Eingang DLQ:18:14:3 C-In: 23.10 18:14:08,202|
***Fehlernachricht fuer Nachrichtennummern 873 bis 878. 18:14:3 C-In: 23.10 18:14:08,207|
"client5@lab24-C-: <0.6225.0> 879te_Nachtricht. C Out: 23.10 18:13:58,851| (879);"Eingang HBQ:18:13:59; Eingang DLQ:18:14:4 C-In: 23.10 18:14:08,214|
"client2@lab24-C-: <0.6228.0> 880te_Nachtricht. C Out: 23.10 18:13:58,851| (880);"Eingang HBQ:18:13:59; Eingang DLQ:18:14:4 C-In: 23.10 18:14:08,214|
"lab29-6-<0.86.0>-T3: Msg #881, C-Out: 23.10 18:14:01,231|"Eingang HBQ:18:14:1; Eingang DLQ:18:14:4 C-In: 23.10 18:14:08,217|
"lab29-9-<0.49.0>-T3: Msg #882, C-Out: 23.10 18:14:01,233|"Eingang HBQ:18:14:1; Eingang DLQ:18:14:4 C-In: 23.10 18:14:08,218|
"lab29-5-<0.89.0>-T3: Msg #883, C-Out: 23.10 18:14:01,233|"Eingang HBQ:18:14:1; Eingang DLQ:18:14:4 C-In: 23.10 18:14:08,219|
"lab29-7-<0.83.0>-T3: Msg #884, C-Out: 23.10 18:14:01,233|"Eingang HBQ:18:14:1; Eingang DLQ:18:14:4 C-In: 23.10 18:14:08,220|
"lab29-8-<0.80.0>-T3: Msg #885, C-Out: 23.10 18:14:01,234|"Eingang HBQ:18:14:1; Eingang DLQ:18:14:4 C-In: 23.10 18:14:08,221|
"lab29-4-<0.93.0>-T3: Msg #886, C-Out: 23.10 18:14:01,255|"Eingang HBQ:18:14:1; Eingang DLQ:18:14:4 C-In: 23.10 18:14:08,221|
"lab29-3-<0.97.0>-T3: Msg #887, C-Out: 23.10 18:14:01,411|"Eingang HBQ:18:14:1; Eingang DLQ:18:14:4******* C-In: 23.10 18:14:08,222|
"lab29-2-<0.101.0>-T3: Msg #888, C-Out: 23.10 18:14:01,500|"Eingang HBQ:18:14:1; Eingang DLQ:18:14:4 C-In: 23.10 18:14:08,223|
"client5@lab21-C-: <0.1512.0> 889te_Nachricht. C Out: 23.10 18:13:59,361| (889);"Eingang HBQ:18:14:2; Eingang DLQ:18:14:4 C-In: 23.10 18:14:08,224|
"client3@lab21-C-: <0.1515.0> 890te_Nachricht. C Out: 23.10 18:13:59,361| (890);"Eingang HBQ:18:14:2; Eingang DLQ:18:14:4 C-In: 23.10 18:14:08,225|
"client4@lab21-C-: <0.1513.0> 891te_Nachricht. C Out: 23.10 18:13:59,361| (891);"Eingang HBQ:18:14:2; Eingang DLQ:18:14:4 C-In: 23.10 18:14:08,226|
"client1@lab21-C-: <0.1517.0> 892te_Nachricht. C Out: 23.10 18:13:59,362| (892);"Eingang HBQ:18:14:2; Eingang DLQ:18:14:4 C-In: 23.10 18:14:08,226|
"client2@lab21-C-: <0.1516.0> 893te_Nachricht. C Out: 23.10 18:13:59,362| (893);"Eingang HBQ:18:14:2; Eingang DLQ:18:14:4 C-In: 23.10 18:14:08,227|
***Fehlernachricht fuer Nachrichtennummern 894 bis 895. 18:14:4 C-In: 23.10 18:14:08,228|
"lab29-10-<0.40.0>-T3: Msg #896, C-Out: 23.10 18:14:02,314|"Eingang HBQ:18:14:2; Eingang DLQ:18:14:6 C-In: 23.10 18:14:08,229|
"lab29-1-<0.106.0>-T3: Msg #897, C-Out: 23.10 18:14:02,622|"Eingang HBQ:18:14:2; Eingang DLQ:18:14:6 C-In: 23.10 18:14:08,229|
"lab29-6-<0.86.0>-T3: Msg #898, C-Out: 23.10 18:14:03,483|"Eingang HBQ:18:14:3; Eingang DLQ:18:14:6 C-In: 23.10 18:14:08,230|
"lab29-7-<0.83.0>-T3: Msg #899, C-Out: 23.10 18:14:03,485|"Eingang HBQ:18:14:3; Eingang DLQ:18:14:6 C-In: 23.10 18:14:08,230|
"lab29-5-<0.89.0>-T3: Msg #900, C-Out: 23.10 18:14:03,485|"Eingang HBQ:18:14:3; Eingang DLQ:18:14:6 C-In: 23.10 18:14:08,231|
"lab29-9-<0.49.0>-T3: Msg #901, C-Out: 23.10 18:14:03,486|"Eingang HBQ:18:14:3; Eingang DLQ:18:14:6 C-In: 23.10 18:14:08,232|
"lab29-8-<0.80.0>-T3: Msg #902, C-Out: 23.10 18:14:03,487|"Eingang HBQ:18:14:3; Eingang DLQ:18:14:6 C-In: 23.10 18:14:08,232|
"lab29-4-<0.93.0>-T3: Msg #903, C-Out: 23.10 18:14:03,507|"Eingang HBQ:18:14:3; Eingang DLQ:18:14:6 C-In: 23.10 18:14:08,233|
"lab29-3-<0.97.0>-T3: Msg #904, C-Out: 23.10 18:14:03,663|"Eingang HBQ:18:14:3; Eingang DLQ:18:14:6******* C-In: 23.10 18:14:08,234|
"lab29-2-<0.101.0>-T3: Msg #905, C-Out: 23.10 18:14:03,752|"Eingang HBQ:18:14:3; Eingang DLQ:18:14:6 C-In: 23.10 18:14:08,234|
"lab29-10-<0.40.0>-T3: Msg #906, C-Out: 23.10 18:14:04,566|"Eingang HBQ:18:14:4; Eingang DLQ:18:14:6 C-In: 23.10 18:14:08,235|
"client4@lab21-C-: <0.1513.0> 907te_Nachricht. C Out: 23.10 18:14:02,367| (907);"Eingang HBQ:18:14:5; Eingang DLQ:18:14:6 C-In: 23.10 18:14:08,236|
"client3@lab21-C-: <0.1515.0> 908te_Nachricht. C Out: 23.10 18:14:02,367| (908);"Eingang HBQ:18:14:5; Eingang DLQ:18:14:6 C-In: 23.10 18:14:08,236|
"client5@lab21-C-: <0.1512.0> 909te_Nachricht. C Out: 23.10 18:14:02,367| (909);"Eingang HBQ:18:14:5; Eingang DLQ:18:14:6 C-In: 23.10 18:14:08,237|
"client2@lab21-C-: <0.1516.0> 910te_Nachricht. C Out: 23.10 18:14:02,383| (910);"Eingang HBQ:18:14:5; Eingang DLQ:18:14:6 C-In: 23.10 18:14:08,238|
"client1@lab21-C-: <0.1517.0> 911te_Nachricht. C Out: 23.10 18:14:02,383| (911);"Eingang HBQ:18:14:5; Eingang DLQ:18:14:6 C-In: 23.10 18:14:08,239|
"lab29-1-<0.106.0>-T3: Msg #912, C-Out: 23.10 18:14:04,874|"Eingang HBQ:18:14:4; Eingang DLQ:18:14:6 C-In: 23.10 18:14:08,239|
"lab29-6-<0.86.0>-T3: Msg #913, C-Out: 23.10 18:14:05,735|"Eingang HBQ:18:14:5; Eingang DLQ:18:14:6 C-In: 23.10 18:14:08,240|
"lab29-5-<0.89.0>-T3: Msg #914, C-Out: 23.10 18:14:05,744|"Eingang HBQ:18:14:5; Eingang DLQ:18:14:6 C-In: 23.10 18:14:08,242|
"lab29-7-<0.83.0>-T3: Msg #915, C-Out: 23.10 18:14:05,744|"Eingang HBQ:18:14:5; Eingang DLQ:18:14:6 C-In: 23.10 18:14:08,242|
"lab29-9-<0.49.0>-T3: Msg #916, C-Out: 23.10 18:14:05,744|"Eingang HBQ:18:14:5; Eingang DLQ:18:14:6 C-In: 23.10 18:14:08,243|
"lab29-8-<0.80.0>-T3: Msg #917, C-Out: 23.10 18:14:05,744|"Eingang HBQ:18:14:5; Eingang DLQ:18:14:6 C-In: 23.10 18:14:08,244|
"lab29-4-<0.93.0>-T3: Msg #918, C-Out: 23.10 18:14:05,759|"Eingang HBQ:18:14:5; Eingang DLQ:18:14:6 C-In: 23.10 18:14:08,244|
"lab29-3-<0.97.0>-T3: Msg #919, C-Out: 23.10 18:14:05,915|"Eingang HBQ:18:14:5; Eingang DLQ:18:14:6******* C-In: 23.10 18:14:08,245|
"lab29-2-<0.101.0>-T3: Msg #920, C-Out: 23.10 18:14:06,013|"Eingang HBQ:18:14:6; Eingang DLQ:18:14:6 C-In: 23.10 18:14:08,247|
"lab29-10-<0.40.0>-T3: Msg #921, C-Out: 23.10 18:14:06,848|"Eingang HBQ:18:14:6; Eingang DLQ:18:14:6 C-In: 23.10 18:14:08,248|
ReceiveMsgs done
lab29-3-<0.97.0>-T3: Msg #1034, C-Out: 23.10 18:14:11,624| gesendet
lab29-3-<0.97.0>-T3: Msg #1157, C-Out: 23.10 18:14:14,001| gesendet
lab29-3-<0.97.0>-T3: Msg #1265, C-Out: 23.10 18:14:18,378| gesendet
lab29-3-<0.97.0>-T3: Msg #1378, C-Out: 23.10 18:14:21,754| gesendet
lab29-3-<0.97.0>-T3: Msg #1522, C-Out: 23.10 18:14:25,157| gesendet
Neues Intervall: 1.6875 Sekunden
Msg #1635 um 23.10 18:14:25,168| vergessen zu senden
"client1@lab24-C-: <0.10273.0> 1339te_Nachtricht. C Out: 23.10 18:14:17,618| (1339);"Eingang HBQ:18:14:20; Eingang DLQ:18:14:20 C-In: 23.10 18:14:25,172|
"client2@lab24-C-: <0.10272.0> 1340te_Nachtricht. C Out: 23.10 18:14:17,618| (1340);"Eingang HBQ:18:14:20; Eingang DLQ:18:14:20 C-In: 23.10 18:14:25,176|
"client5@lab24-C-: <0.10269.0> 1341te_Nachtricht. C Out: 23.10 18:14:17,634| (1341);"Eingang HBQ:18:14:20; Eingang DLQ:18:14:20 C-In: 23.10 18:14:25,181|
"client10@lab24-C-: <0.10324.0> 1342te_Nachtricht. C Out: 23.10 18:14:17,850| (1342);"Eingang HBQ:18:14:20; Eingang DLQ:18:14:20 C-In: 23.10 18:14:25,185|
***Fehlernachricht fuer Nachrichtennummern 1343 bis 1404. 18:14:20 C-In: 23.10 18:14:25,190|
"client3@lab21-C-: <0.1515.0> 1405te_Nachricht. C Out: 23.10 18:14:18,840| (1405);"Eingang HBQ:18:14:19; Eingang DLQ:18:14:23 C-In: 23.10 18:14:25,197|
"client5@lab21-C-: <0.1512.0> 1406te_Nachricht. C Out: 23.10 18:14:18,853| (1406);"Eingang HBQ:18:14:19; Eingang DLQ:18:14:23 C-In: 23.10 18:14:25,198|
"client4@lab21-C-: <0.1513.0> 1407te_Nachricht. C Out: 23.10 18:14:18,853| (1407);"Eingang HBQ:18:14:19; Eingang DLQ:18:14:23 C-In: 23.10 18:14:25,203|
"client10@lab24-C-: <0.10584.0> 1408te_Nachtricht. C Out: 23.10 18:14:18,965| (1408);"Eingang HBQ:18:14:21; Eingang DLQ:18:14:23 C-In: 23.10 18:14:25,207|
"client9@lab24-C-: <0.10586.0> 1409te_Nachtricht. C Out: 23.10 18:14:18,995| (1409);"Eingang HBQ:18:14:22; Eingang DLQ:18:14:23 C-In: 23.10 18:14:25,213|
"client8@lab24-C-: <0.10587.0> 1410te_Nachtricht. C Out: 23.10 18:14:18,999| (1410);"Eingang HBQ:18:14:22; Eingang DLQ:18:14:23 C-In: 23.10 18:14:25,216|
"client7@lab24-C-: <0.10588.0> 1411te_Nachtricht. C Out: 23.10 18:14:18,999| (1411);"Eingang HBQ:18:14:22; Eingang DLQ:18:14:23 C-In: 23.10 18:14:25,221|
"client5@lab24-C-: <0.10590.0> 1412te_Nachtricht. C Out: 23.10 18:14:18,999| (1412);"Eingang HBQ:18:14:22; Eingang DLQ:18:14:23 C-In: 23.10 18:14:25,228|
"client3@lab24-C-: <0.10592.0> 1413te_Nachtricht. C Out: 23.10 18:14:18,001| (1413);"Eingang HBQ:18:14:22; Eingang DLQ:18:14:23 C-In: 23.10 18:14:25,229|
"client1@lab24-C-: <0.10594.0> 1414te_Nachtricht. C Out: 23.10 18:14:18,001| (1414);"Eingang HBQ:18:14:22; Eingang DLQ:18:14:23 C-In: 23.10 18:14:25,237|
"client4@lab24-C-: <0.10591.0> 1415te_Nachtricht. C Out: 23.10 18:14:18,001| (1415);"Eingang HBQ:18:14:22; Eingang DLQ:18:14:23 C-In: 23.10 18:14:25,239|
"client2@lab24-C-: <0.10593.0> 1416te_Nachtricht. C Out: 23.10 18:14:18,001| (1416);"Eingang HBQ:18:14:22; Eingang DLQ:18:14:23 C-In: 23.10 18:14:25,244|
"client6@lab24-C-: <0.10589.0> 1417te_Nachtricht. C Out: 23.10 18:14:18,001| (1417);"Eingang HBQ:18:14:22; Eingang DLQ:18:14:23 C-In: 23.10 18:14:25,245|
"lab29-1-<0.106.0>-T3: Msg #1418, C-Out: 23.10 18:14:23,021|"Eingang HBQ:18:14:23; Eingang DLQ:18:14:23 C-In: 23.10 18:14:25,252|
"client3@lab21-C-: <0.1515.0> 1419te_Nachricht. C Out: 23.10 18:14:19,842| (1419);"Eingang HBQ:18:14:20; Eingang DLQ:18:14:23 C-In: 23.10 18:14:25,253|
"client5@lab21-C-: <0.1512.0> 1420te_Nachricht. C Out: 23.10 18:14:19,857| (1420);"Eingang HBQ:18:14:20; Eingang DLQ:18:14:23 C-In: 23.10 18:14:25,258|
"client4@lab21-C-: <0.1513.0> 1421te_Nachricht. C Out: 23.10 18:14:19,858| (1421);"Eingang HBQ:18:14:20; Eingang DLQ:18:14:23 C-In: 23.10 18:14:25,263|
***Fehlernachricht fuer Nachrichtennummern 1422 bis 1438. 18:14:23 C-In: 23.10 18:14:25,267|
"client1@lab24-C-: <0.10230.0> 1439te_Nachtricht. C Out: 23.10 18:14:20,613| (1439);"Eingang HBQ:18:14:22; Eingang DLQ:18:14:24 C-In: 23.10 18:14:25,271|
"client6@lab24-C-: <0.10225.0> 1440te_Nachtricht. C Out: 23.10 18:14:20,613| (1440);"Eingang HBQ:18:14:22; Eingang DLQ:18:14:24 C-In: 23.10 18:14:25,277|
***Fehlernachricht fuer Nachrichtennummern 1441 bis 1442. 18:14:24 C-In: 23.10 18:14:25,285|
"client10@lab24-C-: <0.10220.0> 1443te_Nachtricht. C Out: 23.10 18:14:20,614| (1443);"Eingang HBQ:18:14:22; Eingang DLQ:18:14:24 C-In: 23.10 18:14:25,285|
***Fehlernachricht fuer Nachrichtennummern 1444 bis 1452. 18:14:24 C-In: 23.10 18:14:25,293|
"client3@lab21-C-: <0.1515.0> 1453te_Nachricht. C Out: 23.10 18:14:20,852| (1453);"Eingang HBQ:18:14:21; Eingang DLQ:18:14:24 C-In: 23.10 18:14:25,295|
***Fehlernachricht fuer Nachrichtennummern 1454 bis 1454. 18:14:24 C-In: 23.10 18:14:25,300|
"client5@lab21-C-: <0.1512.0> 1455te_Nachricht. C Out: 23.10 18:14:20,894| (1455);"Eingang HBQ:18:14:21; Eingang DLQ:18:14:24 C-In: 23.10 18:14:25,310|
"client4@lab21-C-: <0.1513.0> 1456te_Nachricht. C Out: 23.10 18:14:20,897| (1456);"Eingang HBQ:18:14:21; Eingang DLQ:18:14:24 C-In: 23.10 18:14:25,312|
***Fehlernachricht fuer Nachrichtennummern 1457 bis 1485. 18:14:24 C-In: 23.10 18:14:25,316|
"client10@lab24-C-: <0.10263.0> 1486te_Nachtricht. C Out: 23.10 18:14:21,430| (1486);"Eingang HBQ:18:14:23; Eingang DLQ:18:14:25 C-In: 23.10 18:14:25,324|
***Fehlernachricht fuer Nachrichtennummern 1487 bis 1487. 18:14:25 C-In: 23.10 18:14:25,326|
"client7@lab24-C-: <0.10267.0> 1488te_Nachtricht. C Out: 23.10 18:14:21,477| (1488);"Eingang HBQ:18:14:23; Eingang DLQ:18:14:25 C-In: 23.10 18:14:25,333|
***Fehlernachricht fuer Nachrichtennummern 1489 bis 1496. 18:14:25 C-In: 23.10 18:14:25,336|
"client8@lab24-C-: <0.10266.0> 1497te_Nachtricht. C Out: 23.10 18:14:21,508| (1497);"Eingang HBQ:18:14:23; Eingang DLQ:18:14:25 C-In: 23.10 18:14:25,342|
***Fehlernachricht fuer Nachrichtennummern 1498 bis 1501. 18:14:25 C-In: 23.10 18:14:25,354|
"client3@lab24-C-: <0.10271.0> 1502te_Nachtricht. C Out: 23.10 18:14:21,547| (1502);"Eingang HBQ:18:14:23; Eingang DLQ:18:14:25 C-In: 23.10 18:14:25,481|
***Fehlernachricht fuer Nachrichtennummern 1503 bis 1503. 18:14:25 C-In: 23.10 18:14:25,489|
"client1@lab24-C-: <0.10273.0> 1504te_Nachtricht. C Out: 23.10 18:14:21,577| (1504);"Eingang HBQ:18:14:23; Eingang DLQ:18:14:25 C-In: 23.10 18:14:25,495|
"client5@lab24-C-: <0.10269.0> 1505te_Nachtricht. C Out: 23.10 18:14:21,614| (1505);"Eingang HBQ:18:14:23; Eingang DLQ:18:14:25 C-In: 23.10 18:14:25,500|
***Fehlernachricht fuer Nachrichtennummern 1506 bis 1508. 18:14:25 C-In: 23.10 18:14:25,506|
"lab29-8-<0.80.0>-T3: Msg #1509, C-Out: 23.10 18:14:25,130|"Eingang HBQ:18:14:25; Eingang DLQ:18:14:25 C-In: 23.10 18:14:25,512|
"lab29-4-<0.93.0>-T3: Msg #1510, C-Out: 23.10 18:14:25,130|"Eingang HBQ:18:14:25; Eingang DLQ:18:14:25 C-In: 23.10 18:14:25,521|
"lab29-9-<0.49.0>-T3: Msg #1511, C-Out: 23.10 18:14:25,130|"Eingang HBQ:18:14:25; Eingang DLQ:18:14:25 C-In: 23.10 18:14:25,526|
"lab29-5-<0.89.0>-T3: Msg #1512, C-Out: 23.10 18:14:25,130|"Eingang HBQ:18:14:25; Eingang DLQ:18:14:25 C-In: 23.10 18:14:25,532|
"lab29-7-<0.83.0>-T3: Msg #1513, C-Out: 23.10 18:14:25,130|"Eingang HBQ:18:14:25; Eingang DLQ:18:14:25 C-In: 23.10 18:14:25,538|
***Fehlernachricht fuer Nachrichtennummern 1514 bis 1521. 18:14:25 C-In: 23.10 18:14:25,542|
"lab29-3-<0.97.0>-T3: Msg #1522, C-Out: 23.10 18:14:25,157|"Eingang HBQ:18:14:25; Eingang DLQ:18:14:25******* C-In: 23.10 18:14:25,549|
"client3@lab21-C-: <0.1515.0> 1523te_Nachricht. C Out: 23.10 18:14:21,884| (1523);"Eingang HBQ:18:14:22; Eingang DLQ:18:14:25 C-In: 23.10 18:14:25,554|
"lab29-2-<0.101.0>-T3: Msg #1524, C-Out: 23.10 18:14:25,278|"Eingang HBQ:18:14:25; Eingang DLQ:18:14:25 C-In: 23.10 18:14:25,566|
"client5@lab21-C-: <0.1512.0> 1525te_Nachricht. C Out: 23.10 18:14:21,928| (1525);"Eingang HBQ:18:14:22; Eingang DLQ:18:14:25 C-In: 23.10 18:14:25,571|
"client4@lab21-C-: <0.1513.0> 1526te_Nachricht. C Out: 23.10 18:14:21,931| (1526);"Eingang HBQ:18:14:22; Eingang DLQ:18:14:25 C-In: 23.10 18:14:25,577|
***Fehlernachricht fuer Nachrichtennummern 1527 bis 1528. 18:14:25 C-In: 23.10 18:14:25,584|
"client5@lab24-C-: <0.10330.0> 1529te_Nachtricht. C Out: 23.10 18:14:21,991| (1529);"Eingang HBQ:18:14:23; Eingang DLQ:18:14:25 C-In: 23.10 18:14:25,589|
***Fehlernachricht fuer Nachrichtennummern 1530 bis 1532. 18:14:25 C-In: 23.10 18:14:25,595|
"client8@lab24-C-: <0.10327.0> 1533te_Nachtricht. C Out: 23.10 18:14:22,010| (1533);"Eingang HBQ:18:14:24; Eingang DLQ:18:14:25 C-In: 23.10 18:14:25,599|
***Fehlernachricht fuer Nachrichtennummern 1534 bis 1550. 18:14:25 C-In: 23.10 18:14:25,605|
"client4@lab24-C-: <0.10383.0> 1551te_Nachtricht. C Out: 23.10 18:14:22,504| (1551);"Eingang HBQ:18:14:24; Eingang DLQ:18:14:25 C-In: 23.10 18:14:25,612|
"client6@lab24-C-: <0.10381.0> 1552te_Nachtricht. C Out: 23.10 18:14:22,506| (1552);"Eingang HBQ:18:14:24; Eingang DLQ:18:14:25 C-In: 23.10 18:14:25,615|
***Fehlernachricht fuer Nachrichtennummern 1553 bis 1556. 18:14:25 C-In: 23.10 18:14:25,621|
ReceiveMsgs done
lab29-3-<0.97.0>-T3: Msg #1659, C-Out: 23.10 18:14:27,322| gesendet
lab29-3-<0.97.0>-T3: Msg #1701, C-Out: 23.10 18:14:29,012| gesendet
lab29-3-<0.97.0>-T3: Msg #1769, C-Out: 23.10 18:14:30,703| gesendet
lab29-3-<0.97.0>-T3: Msg #1807, C-Out: 23.10 18:14:32,395| gesendet
lab29-3-<0.97.0>-T3: Msg #1867, C-Out: 23.10 18:14:34,090| gesendet
Neues Intervall: 2.53125 Sekunden
Msg #1960 um 23.10 18:14:34,093| vergessen zu senden
"lab29-4-<0.93.0>-T3: Msg #1770, C-Out: 23.10 18:14:30,713|"Eingang HBQ:18:14:30; Eingang DLQ:18:14:31 C-In: 23.10 18:14:34,095|
"lab29-6-<0.86.0>-T3: Msg #1771, C-Out: 23.10 18:14:30,715|"Eingang HBQ:18:14:30; Eingang DLQ:18:14:31 C-In: 23.10 18:14:34,098|
"lab29-5-<0.89.0>-T3: Msg #1772, C-Out: 23.10 18:14:30,748|"Eingang HBQ:18:14:30; Eingang DLQ:18:14:31 C-In: 23.10 18:14:34,101|
"lab29-2-<0.101.0>-T3: Msg #1773, C-Out: 23.10 18:14:30,748|"Eingang HBQ:18:14:30; Eingang DLQ:18:14:31 C-In: 23.10 18:14:34,103|
"lab29-9-<0.49.0>-T3: Msg #1774, C-Out: 23.10 18:14:30,750|"Eingang HBQ:18:14:30; Eingang DLQ:18:14:31 C-In: 23.10 18:14:34,109|
"client9@lab24-C-: <0.10534.0> 1775te_Nachtricht. C Out: 23.10 18:14:29,089| (1775);"Eingang HBQ:18:14:31; Eingang DLQ:18:14:31 C-In: 23.10 18:14:34,112|
"lab29-10-<0.40.0>-T3: Msg #1776, C-Out: 23.10 18:14:30,804|"Eingang HBQ:18:14:30; Eingang DLQ:18:14:31 C-In: 23.10 18:14:34,119|
"client3@lab24-C-: <0.10540.0> 1777te_Nachtricht. C Out: 23.10 18:14:29,318| (1777);"Eingang HBQ:18:14:31; Eingang DLQ:18:14:31 C-In: 23.10 18:14:34,122|
"client5@lab24-C-: <0.10538.0> 1778te_Nachtricht. C Out: 23.10 18:14:29,318| (1778);"Eingang HBQ:18:14:31; Eingang DLQ:18:14:31 C-In: 23.10 18:14:34,126|
"client6@lab24-C-: <0.10589.0> 1779te_Nachtricht. C Out: 23.10 18:14:29,503| (1779);"Eingang HBQ:18:14:31; Eingang DLQ:18:14:32 C-In: 23.10 18:14:34,131|
"client10@lab24-C-: <0.10584.0> 1780te_Nachtricht. C Out: 23.10 18:14:29,503| (1780);"Eingang HBQ:18:14:31; Eingang DLQ:18:14:32 C-In: 23.10 18:14:34,134|
"client4@lab24-C-: <0.10591.0> 1781te_Nachtricht. C Out: 23.10 18:14:29,505| (1781);"Eingang HBQ:18:14:31; Eingang DLQ:18:14:32 C-In: 23.10 18:14:34,137|
"client8@lab24-C-: <0.10587.0> 1782te_Nachtricht. C Out: 23.10 18:14:29,506| (1782);"Eingang HBQ:18:14:31; Eingang DLQ:18:14:32 C-In: 23.10 18:14:34,139|
"client3@lab24-C-: <0.10592.0> 1783te_Nachtricht. C Out: 23.10 18:14:29,506| (1783);"Eingang HBQ:18:14:31; Eingang DLQ:18:14:32 C-In: 23.10 18:14:34,142|
"client10@lab24-C-: <0.10263.0> 1784te_Nachtricht. C Out: 23.10 18:14:29,508| (1784);"Eingang HBQ:18:14:31; Eingang DLQ:18:14:32 C-In: 23.10 18:14:34,146|
"client7@lab24-C-: <0.10267.0> 1785te_Nachtricht. C Out: 23.10 18:14:29,508| (1785);"Eingang HBQ:18:14:31; Eingang DLQ:18:14:32 C-In: 23.10 18:14:34,159|
"client8@lab24-C-: <0.10266.0> 1786te_Nachtricht. C Out: 23.10 18:14:29,529| (1786);"Eingang HBQ:18:14:31; Eingang DLQ:18:14:32 C-In: 23.10 18:14:34,164|
"client3@lab24-C-: <0.10271.0> 1787te_Nachtricht. C Out: 23.10 18:14:29,573| (1787);"Eingang HBQ:18:14:31; Eingang DLQ:18:14:32 C-In: 23.10 18:14:34,170|
"client1@lab24-C-: <0.10273.0> 1788te_Nachtricht. C Out: 23.10 18:14:29,595| (1788);"Eingang HBQ:18:14:31; Eingang DLQ:18:14:32 C-In: 23.10 18:14:34,176|
"client5@lab24-C-: <0.10269.0> 1789te_Nachtricht. C Out: 23.10 18:14:29,637| (1789);"Eingang HBQ:18:14:31; Eingang DLQ:18:14:32 C-In: 23.10 18:14:34,183|
"lab29-1-<0.106.0>-T3: Msg #1790, C-Out: 23.10 18:14:31,660|"Eingang HBQ:18:14:31; Eingang DLQ:18:14:32 C-In: 23.10 18:14:34,188|
"client5@lab24-C-: <0.10330.0> 1791te_Nachtricht. C Out: 23.10 18:14:29,001| (1791);"Eingang HBQ:18:14:31; Eingang DLQ:18:14:32 C-In: 23.10 18:14:34,191|
"client8@lab24-C-: <0.10327.0> 1792te_Nachtricht. C Out: 23.10 18:14:30,048| (1792);"Eingang HBQ:18:14:32; Eingang DLQ:18:14:32 C-In: 23.10 18:14:34,198|
"client6@lab24-C-: <0.10381.0> 1793te_Nachtricht. C Out: 23.10 18:14:30,534| (1793);"Eingang HBQ:18:14:32; Eingang DLQ:18:14:32 C-In: 23.10 18:14:34,204|
"client4@lab24-C-: <0.10383.0> 1794te_Nachtricht. C Out: 23.10 18:14:30,534| (1794);"Eingang HBQ:18:14:32; Eingang DLQ:18:14:32 C-In: 23.10 18:14:34,219|
***Fehlernachricht fuer Nachrichtennummern 1795 bis 1804. 18:14:32 C-In: 23.10 18:14:34,224|
"lab29-8-<0.80.0>-T3: Msg #1805, C-Out: 23.10 18:14:32,389|"Eingang HBQ:18:14:32; Eingang DLQ:18:14:33 C-In: 23.10 18:14:34,230|
"lab29-7-<0.83.0>-T3: Msg #1806, C-Out: 23.10 18:14:32,392|"Eingang HBQ:18:14:32; Eingang DLQ:18:14:33 C-In: 23.10 18:14:34,235|
"lab29-3-<0.97.0>-T3: Msg #1807, C-Out: 23.10 18:14:32,395|"Eingang HBQ:18:14:32; Eingang DLQ:18:14:33******* C-In: 23.10 18:14:34,239|
"lab29-4-<0.93.0>-T3: Msg #1808, C-Out: 23.10 18:14:32,403|"Eingang HBQ:18:14:32; Eingang DLQ:18:14:33 C-In: 23.10 18:14:34,243|
"lab29-6-<0.86.0>-T3: Msg #1809, C-Out: 23.10 18:14:32,407|"Eingang HBQ:18:14:32; Eingang DLQ:18:14:33 C-In: 23.10 18:14:34,250|
"lab29-2-<0.101.0>-T3: Msg #1810, C-Out: 23.10 18:14:32,450|"Eingang HBQ:18:14:32; Eingang DLQ:18:14:33 C-In: 23.10 18:14:34,254|
"lab29-5-<0.89.0>-T3: Msg #1811, C-Out: 23.10 18:14:32,452|"Eingang HBQ:18:14:32; Eingang DLQ:18:14:33 C-In: 23.10 18:14:34,259|
"client10@lab24-C-: <0.10428.0> 1812te_Nachtricht. C Out: 23.10 18:14:30,765| (1812);"Eingang HBQ:18:14:32; Eingang DLQ:18:14:33 C-In: 23.10 18:14:34,264|
"lab29-9-<0.49.0>-T3: Msg #1813, C-Out: 23.10 18:14:32,455|"Eingang HBQ:18:14:32; Eingang DLQ:18:14:33 C-In: 23.10 18:14:34,271|
"client3@lab24-C-: <0.10436.0> 1814te_Nachtricht. C Out: 23.10 18:14:30,804| (1814);"Eingang HBQ:18:14:32; Eingang DLQ:18:14:33 C-In: 23.10 18:14:34,276|
"client5@lab24-C-: <0.10434.0> 1815te_Nachtricht. C Out: 23.10 18:14:30,804| (1815);"Eingang HBQ:18:14:32; Eingang DLQ:18:14:33 C-In: 23.10 18:14:34,281|
"lab29-10-<0.40.0>-T3: Msg #1816, C-Out: 23.10 18:14:32,495|"Eingang HBQ:18:14:32; Eingang DLQ:18:14:33 C-In: 23.10 18:14:34,286|
***Fehlernachricht fuer Nachrichtennummern 1817 bis 1818. 18:14:33 C-In: 23.10 18:14:34,292|
"client6@lab24-C-: <0.10225.0> 1819te_Nachtricht. C Out: 23.10 18:14:30,831| (1819);"Eingang HBQ:18:14:31; Eingang DLQ:18:14:33 C-In: 23.10 18:14:34,297|
"client8@lab24-C-: <0.10482.0> 1820te_Nachtricht. C Out: 23.10 18:14:30,927| (1820);"Eingang HBQ:18:14:32; Eingang DLQ:18:14:33 C-In: 23.10 18:14:34,302|
"client2@lab24-C-: <0.10489.0> 1821te_Nachtricht. C Out: 23.10 18:14:30,932| (1821);"Eingang HBQ:18:14:32; Eingang DLQ:18:14:33 C-In: 23.10 18:14:34,308|
"client1@lab24-C-: <0.10490.0> 1822te_Nachtricht. C Out: 23.10 18:14:30,953| (1822);"Eingang HBQ:18:14:32; Eingang DLQ:18:14:33 C-In: 23.10 18:14:34,313|
"client5@lab24-C-: <0.10486.0> 1823te_Nachtricht. C Out: 23.10 18:14:30,953| (1823);"Eingang HBQ:18:14:32; Eingang DLQ:18:14:33 C-In: 23.10 18:14:34,318|
"client3@lab24-C-: <0.10488.0> 1824te_Nachtricht. C Out: 23.10 18:14:30,984| (1824);"Eingang HBQ:18:14:32; Eingang DLQ:18:14:33 C-In: 23.10 18:14:34,324|
"client6@lab24-C-: <0.10485.0> 1825te_Nachtricht. C Out: 23.10 18:14:30,984| (1825);"Eingang HBQ:18:14:32; Eingang DLQ:18:14:33 C-In: 23.10 18:14:34,330|
"client9@lab24-C-: <0.10534.0> 1826te_Nachtricht. C Out: 23.10 18:14:31,092| (1826);"Eingang HBQ:18:14:33; Eingang DLQ:18:14:33 C-In: 23.10 18:14:34,336|
"client5@lab24-C-: <0.10538.0> 1827te_Nachtricht. C Out: 23.10 18:14:31,356| (1827);"Eingang HBQ:18:14:33; Eingang DLQ:18:14:33 C-In: 23.10 18:14:34,341|
"client3@lab24-C-: <0.10540.0> 1828te_Nachtricht. C Out: 23.10 18:14:31,356| (1828);"Eingang HBQ:18:14:33; Eingang DLQ:18:14:33 C-In: 23.10 18:14:34,347|
***Fehlernachricht fuer Nachrichtennummern 1829 bis 1830. 18:14:33 C-In: 23.10 18:14:34,352|
"client6@lab24-C-: <0.10589.0> 1831te_Nachtricht. C Out: 23.10 18:14:31,505| (1831);"Eingang HBQ:18:14:33; Eingang DLQ:18:14:34 C-In: 23.10 18:14:34,359|
"client10@lab24-C-: <0.10584.0> 1832te_Nachtricht. C Out: 23.10 18:14:31,506| (1832);"Eingang HBQ:18:14:33; Eingang DLQ:18:14:34 C-In: 23.10 18:14:34,361|
"client3@lab24-C-: <0.10592.0> 1833te_Nachtricht. C Out: 23.10 18:14:31,508| (1833);"Eingang HBQ:18:14:33; Eingang DLQ:18:14:34 C-In: 23.10 18:14:34,367|
"client4@lab24-C-: <0.10591.0> 1834te_Nachtricht. C Out: 23.10 18:14:31,508| (1834);"Eingang HBQ:18:14:33; Eingang DLQ:18:14:34 C-In: 23.10 18:14:34,374|
"client8@lab24-C-: <0.10587.0> 1835te_Nachtricht. C Out: 23.10 18:14:31,508| (1835);"Eingang HBQ:18:14:33; Eingang DLQ:18:14:34 C-In: 23.10 18:14:34,379|
***Fehlernachricht fuer Nachrichtennummern 1836 bis 1845. 18:14:34 C-In: 23.10 18:14:34,384|
"lab29-1-<0.106.0>-T3: Msg #1846, C-Out: 23.10 18:14:33,451|"Eingang HBQ:18:14:33; Eingang DLQ:18:14:34 C-In: 23.10 18:14:34,388|
"client8@lab24-C-: <0.10266.0> 1847te_Nachtricht. C Out: 23.10 18:14:31,687| (1847);"Eingang HBQ:18:14:32; Eingang DLQ:18:14:34 C-In: 23.10 18:14:34,393|
"client3@lab24-C-: <0.10271.0> 1848te_Nachtricht. C Out: 23.10 18:14:31,729| (1848);"Eingang HBQ:18:14:32; Eingang DLQ:18:14:34 C-In: 23.10 18:14:34,398|
"client1@lab24-C-: <0.10273.0> 1849te_Nachtricht. C Out: 23.10 18:14:31,740| (1849);"Eingang HBQ:18:14:32; Eingang DLQ:18:14:34 C-In: 23.10 18:14:34,406|
"client5@lab24-C-: <0.10269.0> 1850te_Nachtricht. C Out: 23.10 18:14:31,743| (1850);"Eingang HBQ:18:14:32; Eingang DLQ:18:14:34 C-In: 23.10 18:14:34,410|
"client6@lab24-C-: <0.10225.0> 1851te_Nachtricht. C Out: 23.10 18:14:31,839| (1851);"Eingang HBQ:18:14:32; Eingang DLQ:18:14:34 C-In: 23.10 18:14:34,417|
***Fehlernachricht fuer Nachrichtennummern 1852 bis 1864. 18:14:34 C-In: 23.10 18:14:34,421|
ReceiveMsgs done
lab29-3-<0.97.0>-T3: Msg #1973, C-Out: 23.10 18:14:36,956| gesendet
lab29-3-<0.97.0>-T3: Msg #2027, C-Out: 23.10 18:14:39,493| gesendet
lab29-3-<0.97.0>-T3: Msg #2037, C-Out: 23.10 18:14:42,028| gesendet
lab29-3-<0.97.0>-T3: Msg #2045, C-Out: 23.10 18:14:44,566| gesendet
lab29-3-<0.97.0>-T3: Msg #2057, C-Out: 23.10 18:14:47,114| gesendet
Neues Intervall: 3.796875 Sekunden
Msg #2069 um 23.10 18:14:47,119| vergessen zu senden
"lab29-9-<0.49.0>-T3: Msg #1978, C-Out: 23.10 18:14:36,981|"Eingang HBQ:18:14:36; Eingang DLQ:18:14:36 C-In: 23.10 18:14:47,122|
***Fehlernachricht fuer Nachrichtennummern 1979 bis 1980. 18:14:36 C-In: 23.10 18:14:47,124|
"client4@lab24-C-: <0.10383.0> 1981te_Nachtricht. C Out: 23.10 18:14:34,673| (1981);"Eingang HBQ:18:14:35; Eingang DLQ:18:14:40 C-In: 23.10 18:14:47,126|
"client10@lab24-C-: <0.10584.0> 1982te_Nachtricht. C Out: 23.10 18:14:34,691| (1982);"Eingang HBQ:18:14:35; Eingang DLQ:18:14:40 C-In: 23.10 18:14:47,129|
"client4@lab24-C-: <0.10591.0> 1983te_Nachtricht. C Out: 23.10 18:14:34,691| (1983);"Eingang HBQ:18:14:35; Eingang DLQ:18:14:40 C-In: 23.10 18:14:47,134|
"client3@lab24-C-: <0.10592.0> 1984te_Nachtricht. C Out: 23.10 18:14:34,693| (1984);"Eingang HBQ:18:14:35; Eingang DLQ:18:14:40 C-In: 23.10 18:14:47,137|
"client8@lab24-C-: <0.10587.0> 1985te_Nachtricht. C Out: 23.10 18:14:34,693| (1985);"Eingang HBQ:18:14:35; Eingang DLQ:18:14:40 C-In: 23.10 18:14:47,140|
***Fehlernachricht fuer Nachrichtennummern 1986 bis 1990. 18:14:40 C-In: 23.10 18:14:47,143|
"client5@lab24-C-: <0.10434.0> 1991te_Nachtricht. C Out: 23.10 18:14:34,919| (1991);"Eingang HBQ:18:14:35; Eingang DLQ:18:14:42 C-In: 23.10 18:14:47,146|
***Fehlernachricht fuer Nachrichtennummern 1992 bis 1992. 18:14:42 C-In: 23.10 18:14:47,150|
"client8@lab24-C-: <0.10482.0> 1993te_Nachtricht. C Out: 23.10 18:14:35,107| (1993);"Eingang HBQ:18:14:36; Eingang DLQ:18:14:42 C-In: 23.10 18:14:47,152|
***Fehlernachricht fuer Nachrichtennummern 1994 bis 1995. 18:14:42 C-In: 23.10 18:14:47,157|
"client5@lab24-C-: <0.10486.0> 1996te_Nachtricht. C Out: 23.10 18:14:35,174| (1996);"Eingang HBQ:18:14:36; Eingang DLQ:18:14:42 C-In: 23.10 18:14:47,160|
"client3@lab24-C-: <0.10488.0> 1997te_Nachtricht. C Out: 23.10 18:14:35,181| (1997);"Eingang HBQ:18:14:36; Eingang DLQ:18:14:42 C-In: 23.10 18:14:47,161|
"client6@lab24-C-: <0.10485.0> 1998te_Nachtricht. C Out: 23.10 18:14:35,181| (1998);"Eingang HBQ:18:14:36; Eingang DLQ:18:14:42 C-In: 23.10 18:14:47,165|
"client9@lab24-C-: <0.10534.0> 1999te_Nachtricht. C Out: 23.10 18:14:35,234| (1999);"Eingang HBQ:18:14:36; Eingang DLQ:18:14:42 C-In: 23.10 18:14:47,168|
"lab29-10-<0.40.0>-T3: Msg #2000, C-Out: 23.10 18:14:37,797|"Eingang HBQ:18:14:37; Eingang DLQ:18:14:42 C-In: 23.10 18:14:47,171|
"lab29-1-<0.106.0>-T3: Msg #2001, C-Out: 23.10 18:14:37,921|"Eingang HBQ:18:14:37; Eingang DLQ:18:14:42 C-In: 23.10 18:14:47,174|
***Fehlernachricht fuer Nachrichtennummern 2002 bis 2003. 18:14:42 C-In: 23.10 18:14:47,179|
"client4@lab24-C-: <0.10591.0> 2004te_Nachtricht. C Out: 23.10 18:14:35,701| (2004);"Eingang HBQ:18:14:36; Eingang DLQ:18:14:44 C-In: 23.10 18:14:47,184|
"client10@lab24-C-: <0.10584.0> 2005te_Nachtricht. C Out: 23.10 18:14:35,701| (2005);"Eingang HBQ:18:14:36; Eingang DLQ:18:14:44 C-In: 23.10 18:14:47,189|
"client8@lab24-C-: <0.10587.0> 2006te_Nachtricht. C Out: 23.10 18:14:35,706| (2006);"Eingang HBQ:18:14:36; Eingang DLQ:18:14:44 C-In: 23.10 18:14:47,194|
"client3@lab24-C-: <0.10592.0> 2007te_Nachtricht. C Out: 23.10 18:14:35,707| (2007);"Eingang HBQ:18:14:36; Eingang DLQ:18:14:44 C-In: 23.10 18:14:47,200|
***Fehlernachricht fuer Nachrichtennummern 2008 bis 2024. 18:14:44 C-In: 23.10 18:14:47,205|
"lab29-8-<0.80.0>-T3: Msg #2025, C-Out: 23.10 18:14:39,486|"Eingang HBQ:18:14:39; Eingang DLQ:18:14:44 C-In: 23.10 18:14:47,210|
"lab29-7-<0.83.0>-T3: Msg #2026, C-Out: 23.10 18:14:39,486|"Eingang HBQ:18:14:39; Eingang DLQ:18:14:44 C-In: 23.10 18:14:47,219|
"lab29-3-<0.97.0>-T3: Msg #2027, C-Out: 23.10 18:14:39,493|"Eingang HBQ:18:14:39; Eingang DLQ:18:14:44******* C-In: 23.10 18:14:47,222|
"lab29-4-<0.93.0>-T3: Msg #2028, C-Out: 23.10 18:14:39,497|"Eingang HBQ:18:14:39; Eingang DLQ:18:14:44 C-In: 23.10 18:14:47,228|
"lab29-6-<0.86.0>-T3: Msg #2029, C-Out: 23.10 18:14:39,505|"Eingang HBQ:18:14:39; Eingang DLQ:18:14:44 C-In: 23.10 18:14:47,232|
"lab29-2-<0.101.0>-T3: Msg #2030, C-Out: 23.10 18:14:39,516|"Eingang HBQ:18:14:39; Eingang DLQ:18:14:44 C-In: 23.10 18:14:47,238|
"lab29-9-<0.49.0>-T3: Msg #2031, C-Out: 23.10 18:14:39,520|"Eingang HBQ:18:14:39; Eingang DLQ:18:14:44 C-In: 23.10 18:14:47,243|
"lab29-5-<0.89.0>-T3: Msg #2032, C-Out: 23.10 18:14:39,532|"Eingang HBQ:18:14:39; Eingang DLQ:18:14:44 C-In: 23.10 18:14:47,248|
"lab29-10-<0.40.0>-T3: Msg #2033, C-Out: 23.10 18:14:40,332|"Eingang HBQ:18:14:40; Eingang DLQ:18:14:44 C-In: 23.10 18:14:47,254|
"lab29-1-<0.106.0>-T3: Msg #2034, C-Out: 23.10 18:14:40,755|"Eingang HBQ:18:14:40; Eingang DLQ:18:14:44 C-In: 23.10 18:14:47,259|
"lab29-7-<0.83.0>-T3: Msg #2035, C-Out: 23.10 18:14:42,028|"Eingang HBQ:18:14:42; Eingang DLQ:18:14:44 C-In: 23.10 18:14:47,266|
"lab29-8-<0.80.0>-T3: Msg #2036, C-Out: 23.10 18:14:42,028|"Eingang HBQ:18:14:42; Eingang DLQ:18:14:44 C-In: 23.10 18:14:47,269|
"lab29-3-<0.97.0>-T3: Msg #2037, C-Out: 23.10 18:14:42,028|"Eingang HBQ:18:14:42; Eingang DLQ:18:14:44******* C-In: 23.10 18:14:47,278|
"lab29-4-<0.93.0>-T3: Msg #2038, C-Out: 23.10 18:14:42,034|"Eingang HBQ:18:14:42; Eingang DLQ:18:14:44 C-In: 23.10 18:14:47,280|
"lab29-6-<0.86.0>-T3: Msg #2039, C-Out: 23.10 18:14:42,052|"Eingang HBQ:18:14:42; Eingang DLQ:18:14:44 C-In: 23.10 18:14:47,285|
"lab29-2-<0.101.0>-T3: Msg #2040, C-Out: 23.10 18:14:42,052|"Eingang HBQ:18:14:42; Eingang DLQ:18:14:44 C-In: 23.10 18:14:47,290|
"lab29-9-<0.49.0>-T3: Msg #2041, C-Out: 23.10 18:14:42,059|"Eingang HBQ:18:14:42; Eingang DLQ:18:14:44 C-In: 23.10 18:14:47,295|
"lab29-5-<0.89.0>-T3: Msg #2042, C-Out: 23.10 18:14:42,067|"Eingang HBQ:18:14:42; Eingang DLQ:18:14:44 C-In: 23.10 18:14:47,300|
"lab29-10-<0.40.0>-T3: Msg #2043, C-Out: 23.10 18:14:42,879|"Eingang HBQ:18:14:42; Eingang DLQ:18:14:44 C-In: 23.10 18:14:47,305|
"lab29-1-<0.106.0>-T3: Msg #2044, C-Out: 23.10 18:14:43,294|"Eingang HBQ:18:14:43; Eingang DLQ:18:14:44 C-In: 23.10 18:14:47,310|
"lab29-3-<0.97.0>-T3: Msg #2045, C-Out: 23.10 18:14:44,566|"Eingang HBQ:18:14:44; Eingang DLQ:18:14:44******* C-In: 23.10 18:14:47,315|
"lab29-8-<0.80.0>-T3: Msg #2046, C-Out: 23.10 18:14:44,566|"Eingang HBQ:18:14:44; Eingang DLQ:18:14:44 C-In: 23.10 18:14:47,320|
"lab29-7-<0.83.0>-T3: Msg #2047, C-Out: 23.10 18:14:44,566|"Eingang HBQ:18:14:44; Eingang DLQ:18:14:44 C-In: 23.10 18:14:47,325|
"lab29-4-<0.93.0>-T3: Msg #2048, C-Out: 23.10 18:14:44,572|"Eingang HBQ:18:14:44; Eingang DLQ:18:14:44 C-In: 23.10 18:14:47,331|
"lab29-2-<0.101.0>-T3: Msg #2049, C-Out: 23.10 18:14:44,593|"Eingang HBQ:18:14:44; Eingang DLQ:18:14:44 C-In: 23.10 18:14:47,336|
***Fehlernachricht fuer Nachrichtennummern 2050 bis 2050. 18:14:44 C-In: 23.10 18:14:47,340|
ReceiveMsgs done
lab29-3-<0.97.0>-T3: Msg #2076, C-Out: 23.10 18:14:51,143| gesendet
lab29-3-<0.97.0>-T3: Msg #2086, C-Out: 23.10 18:14:54,943| gesendet
lab29-3-<0.97.0>-T3: Msg #2097, C-Out: 23.10 18:14:58,761| gesendet
lab29-3-<0.97.0>-T3: Msg #2109, C-Out: 23.10 18:15:02,570| gesendet
lab29-3-<0.97.0>-T3: Msg #2119, C-Out: 23.10 18:15:06,405| gesendet
Neues Intervall: 5.6953125 Sekunden
Msg #2129 um 23.10 18:15:06,408| vergessen zu senden
"lab29-5-<0.89.0>-T3: Msg #2052, C-Out: 23.10 18:14:44,604|"Eingang HBQ:18:14:44; Eingang DLQ:18:14:54 C-In: 23.10 18:15:06,412|
"lab29-10-<0.40.0>-T3: Msg #2053, C-Out: 23.10 18:14:45,413|"Eingang HBQ:18:14:45; Eingang DLQ:18:14:54 C-In: 23.10 18:15:06,415|
"lab29-1-<0.106.0>-T3: Msg #2054, C-Out: 23.10 18:14:45,828|"Eingang HBQ:18:14:45; Eingang DLQ:18:14:54 C-In: 23.10 18:15:06,419|
"lab29-7-<0.83.0>-T3: Msg #2055, C-Out: 23.10 18:14:47,104|"Eingang HBQ:18:14:47; Eingang DLQ:18:14:54 C-In: 23.10 18:15:06,425|
"lab29-8-<0.80.0>-T3: Msg #2056, C-Out: 23.10 18:14:47,114|"Eingang HBQ:18:14:47; Eingang DLQ:18:14:54 C-In: 23.10 18:15:06,431|
"lab29-3-<0.97.0>-T3: Msg #2057, C-Out: 23.10 18:14:47,114|"Eingang HBQ:18:14:47; Eingang DLQ:18:14:54******* C-In: 23.10 18:15:06,435|
"lab29-4-<0.93.0>-T3: Msg #2058, C-Out: 23.10 18:14:47,114|"Eingang HBQ:18:14:47; Eingang DLQ:18:14:54 C-In: 23.10 18:15:06,444|
"lab29-2-<0.101.0>-T3: Msg #2059, C-Out: 23.10 18:14:47,130|"Eingang HBQ:18:14:47; Eingang DLQ:18:14:54 C-In: 23.10 18:15:06,446|
"lab29-9-<0.49.0>-T3: Msg #2060, C-Out: 23.10 18:14:47,179|"Eingang HBQ:18:14:47; Eingang DLQ:18:14:54 C-In: 23.10 18:15:06,450|
"lab29-6-<0.86.0>-T3: Msg #2061, C-Out: 23.10 18:14:47,179|"Eingang HBQ:18:14:47; Eingang DLQ:18:14:54 C-In: 23.10 18:15:06,455|
"lab29-5-<0.89.0>-T3: Msg #2062, C-Out: 23.10 18:14:47,179|"Eingang HBQ:18:14:47; Eingang DLQ:18:14:54 C-In: 23.10 18:15:06,460|
***Fehlernachricht fuer Nachrichtennummern 2063 bis 2063. 18:14:54 C-In: 23.10 18:15:06,467|
"lab29-10-<0.40.0>-T3: Msg #2064, C-Out: 23.10 18:14:49,339|"Eingang HBQ:18:14:49; Eingang DLQ:18:14:58 C-In: 23.10 18:15:06,472|
"lab29-1-<0.106.0>-T3: Msg #2065, C-Out: 23.10 18:14:48,363|"Eingang HBQ:18:14:48; Eingang DLQ:18:14:58 C-In: 23.10 18:15:06,477|
***Fehlernachricht fuer Nachrichtennummern 2066 bis 2073. 18:14:58 C-In: 23.10 18:15:06,480|
"lab29-7-<0.83.0>-T3: Msg #2074, C-Out: 23.10 18:14:51,136|"Eingang HBQ:18:14:51; Eingang DLQ:18:14:58 C-In: 23.10 18:15:06,485|
"lab29-4-<0.93.0>-T3: Msg #2075, C-Out: 23.10 18:14:51,143|"Eingang HBQ:18:14:51; Eingang DLQ:18:14:58 C-In: 23.10 18:15:06,490|
"lab29-3-<0.97.0>-T3: Msg #2076, C-Out: 23.10 18:14:51,143|"Eingang HBQ:18:14:51; Eingang DLQ:18:14:58******* C-In: 23.10 18:15:06,495|
"lab29-8-<0.80.0>-T3: Msg #2077, C-Out: 23.10 18:14:51,146|"Eingang HBQ:18:14:51; Eingang DLQ:18:14:58 C-In: 23.10 18:15:06,500|
"lab29-2-<0.101.0>-T3: Msg #2078, C-Out: 23.10 18:14:51,158|"Eingang HBQ:18:14:51; Eingang DLQ:18:14:58 C-In: 23.10 18:15:06,506|
"lab29-6-<0.86.0>-T3: Msg #2079, C-Out: 23.10 18:14:51,205|"Eingang HBQ:18:14:51; Eingang DLQ:18:14:58 C-In: 23.10 18:15:06,511|
"lab29-9-<0.49.0>-T3: Msg #2080, C-Out: 23.10 18:14:51,205|"Eingang HBQ:18:14:51; Eingang DLQ:18:14:58 C-In: 23.10 18:15:06,516|
"lab29-5-<0.89.0>-T3: Msg #2081, C-Out: 23.10 18:14:51,205|"Eingang HBQ:18:14:51; Eingang DLQ:18:14:58 C-In: 23.10 18:15:06,521|
***Fehlernachricht fuer Nachrichtennummern 2082 bis 2082. 18:14:58 C-In: 23.10 18:15:06,526|
"lab29-1-<0.106.0>-T3: Msg #2083, C-Out: 23.10 18:14:52,264|"Eingang HBQ:18:14:52; Eingang DLQ:18:15:2 C-In: 23.10 18:15:06,531|
"lab29-10-<0.40.0>-T3: Msg #2084, C-Out: 23.10 18:14:53,140|"Eingang HBQ:18:14:53; Eingang DLQ:18:15:2 C-In: 23.10 18:15:06,536|
"lab29-7-<0.83.0>-T3: Msg #2085, C-Out: 23.10 18:14:54,936|"Eingang HBQ:18:14:54; Eingang DLQ:18:15:2 C-In: 23.10 18:15:06,545|
"lab29-3-<0.97.0>-T3: Msg #2086, C-Out: 23.10 18:14:54,943|"Eingang HBQ:18:14:54; Eingang DLQ:18:15:2******* C-In: 23.10 18:15:06,551|
"lab29-4-<0.93.0>-T3: Msg #2087, C-Out: 23.10 18:14:54,943|"Eingang HBQ:18:14:54; Eingang DLQ:18:15:2 C-In: 23.10 18:15:06,556|
"lab29-8-<0.80.0>-T3: Msg #2088, C-Out: 23.10 18:14:54,945|"Eingang HBQ:18:14:54; Eingang DLQ:18:15:2 C-In: 23.10 18:15:06,561|
"lab29-2-<0.101.0>-T3: Msg #2089, C-Out: 23.10 18:14:54,957|"Eingang HBQ:18:14:54; Eingang DLQ:18:15:2 C-In: 23.10 18:15:06,567|
"lab29-5-<0.89.0>-T3: Msg #2090, C-Out: 23.10 18:14:54,004|"Eingang HBQ:18:14:54; Eingang DLQ:18:15:2 C-In: 23.10 18:15:06,573|
"lab29-9-<0.49.0>-T3: Msg #2091, C-Out: 23.10 18:14:54,004|"Eingang HBQ:18:14:54; Eingang DLQ:18:15:2 C-In: 23.10 18:15:06,578|
"lab29-6-<0.86.0>-T3: Msg #2092, C-Out: 23.10 18:14:54,005|"Eingang HBQ:18:14:55; Eingang DLQ:18:15:2 C-In: 23.10 18:15:06,583|
"lab29-1-<0.106.0>-T3: Msg #2093, C-Out: 23.10 18:14:56,063|"Eingang HBQ:18:14:56; Eingang DLQ:18:15:2 C-In: 23.10 18:15:06,588|
"lab29-10-<0.40.0>-T3: Msg #2094, C-Out: 23.10 18:14:56,939|"Eingang HBQ:18:14:56; Eingang DLQ:18:15:2 C-In: 23.10 18:15:06,592|
"lab29-7-<0.83.0>-T3: Msg #2095, C-Out: 23.10 18:14:58,735|"Eingang HBQ:18:14:58; Eingang DLQ:18:15:2 C-In: 23.10 18:15:06,599|
"lab29-4-<0.93.0>-T3: Msg #2096, C-Out: 23.10 18:14:58,758|"Eingang HBQ:18:14:58; Eingang DLQ:18:15:2 C-In: 23.10 18:15:06,603|
"lab29-3-<0.97.0>-T3: Msg #2097, C-Out: 23.10 18:14:58,761|"Eingang HBQ:18:14:58; Eingang DLQ:18:15:2******* C-In: 23.10 18:15:06,608|
"lab29-8-<0.80.0>-T3: Msg #2098, C-Out: 23.10 18:14:58,761|"Eingang HBQ:18:14:58; Eingang DLQ:18:15:2 C-In: 23.10 18:15:06,612|
"lab29-2-<0.101.0>-T3: Msg #2099, C-Out: 23.10 18:14:58,761|"Eingang HBQ:18:14:58; Eingang DLQ:18:15:2 C-In: 23.10 18:15:06,617|
"lab29-9-<0.49.0>-T3: Msg #2100, C-Out: 23.10 18:14:58,803|"Eingang HBQ:18:14:58; Eingang DLQ:18:15:2 C-In: 23.10 18:15:06,621|
"lab29-5-<0.89.0>-T3: Msg #2101, C-Out: 23.10 18:14:58,806|"Eingang HBQ:18:14:58; Eingang DLQ:18:15:2 C-In: 23.10 18:15:06,625|
"lab29-6-<0.86.0>-T3: Msg #2102, C-Out: 23.10 18:14:58,806|"Eingang HBQ:18:14:58; Eingang DLQ:18:15:2 C-In: 23.10 18:15:06,630|
"lab29-1-<0.106.0>-T3: Msg #2103, C-Out: 23.10 18:14:59,863|"Eingang HBQ:18:14:59; Eingang DLQ:18:15:2 C-In: 23.10 18:15:06,635|
"lab29-10-<0.40.0>-T3: Msg #2104, C-Out: 23.10 18:15:00,740|"Eingang HBQ:18:15:0; Eingang DLQ:18:15:2 C-In: 23.10 18:15:06,638|
"lab29-7-<0.83.0>-T3: Msg #2105, C-Out: 23.10 18:15:02,536|"Eingang HBQ:18:15:2; Eingang DLQ:18:15:2 C-In: 23.10 18:15:06,640|
"lab29-4-<0.93.0>-T3: Msg #2106, C-Out: 23.10 18:15:02,559|"Eingang HBQ:18:15:2; Eingang DLQ:18:15:2 C-In: 23.10 18:15:06,647|
"lab29-2-<0.101.0>-T3: Msg #2107, C-Out: 23.10 18:15:02,567|"Eingang HBQ:18:15:2; Eingang DLQ:18:15:2 C-In: 23.10 18:15:06,648|
"lab29-8-<0.80.0>-T3: Msg #2108, C-Out: 23.10 18:15:02,567|"Eingang HBQ:18:15:2; Eingang DLQ:18:15:2 C-In: 23.10 18:15:06,654|
ReceiveMsgs done
lab29-3-<0.97.0>-T3: Msg #2137, C-Out: 23.10 18:15:12,353| gesendet
lab29-3-<0.97.0>-T3: Msg #2149, C-Out: 23.10 18:15:18,050| gesendet
lab29-3-<0.97.0>-T3: Msg #2158, C-Out: 23.10 18:15:23,747| gesendet
lab29-3-<0.97.0>-T3: Msg #2168, C-Out: 23.10 18:15:29,445| gesendet
lab29-3-<0.97.0>-T3: Msg #2178, C-Out: 23.10 18:15:35,173| gesendet
Neues Intervall: 2.84765625 Sekunden
Msg #2189 um 23.10 18:15:35,176| vergessen zu senden
"lab29-5-<0.89.0>-T3: Msg #2112, C-Out: 23.10 18:15:02,616|"Eingang HBQ:18:15:2; Eingang DLQ:18:15:16 C-In: 23.10 18:15:35,181|
"lab29-1-<0.106.0>-T3: Msg #2113, C-Out: 23.10 18:15:03,665|"Eingang HBQ:18:15:3; Eingang DLQ:18:15:16 C-In: 23.10 18:15:35,185|
"lab29-10-<0.40.0>-T3: Msg #2114, C-Out: 23.10 18:15:04,541|"Eingang HBQ:18:15:4; Eingang DLQ:18:15:16 C-In: 23.10 18:15:35,191|
"lab29-7-<0.83.0>-T3: Msg #2115, C-Out: 23.10 18:15:06,338|"Eingang HBQ:18:15:6; Eingang DLQ:18:15:16 C-In: 23.10 18:15:35,195|
"lab29-4-<0.93.0>-T3: Msg #2116, C-Out: 23.10 18:15:06,361|"Eingang HBQ:18:15:6; Eingang DLQ:18:15:16 C-In: 23.10 18:15:35,204|
"lab29-8-<0.80.0>-T3: Msg #2117, C-Out: 23.10 18:15:06,374|"Eingang HBQ:18:15:6; Eingang DLQ:18:15:16 C-In: 23.10 18:15:35,205|
"lab29-2-<0.101.0>-T3: Msg #2118, C-Out: 23.10 18:15:06,405|"Eingang HBQ:18:15:6; Eingang DLQ:18:15:16 C-In: 23.10 18:15:35,215|
"lab29-3-<0.97.0>-T3: Msg #2119, C-Out: 23.10 18:15:06,405|"Eingang HBQ:18:15:6; Eingang DLQ:18:15:16******* C-In: 23.10 18:15:35,215|
"lab29-9-<0.49.0>-T3: Msg #2120, C-Out: 23.10 18:15:06,414|"Eingang HBQ:18:15:6; Eingang DLQ:18:15:16 C-In: 23.10 18:15:35,225|
"lab29-5-<0.89.0>-T3: Msg #2121, C-Out: 23.10 18:15:06,417|"Eingang HBQ:18:15:6; Eingang DLQ:18:15:16 C-In: 23.10 18:15:35,225|
"lab29-6-<0.86.0>-T3: Msg #2122, C-Out: 23.10 18:15:06,417|"Eingang HBQ:18:15:6; Eingang DLQ:18:15:16 C-In: 23.10 18:15:35,230|
"lab29-1-<0.106.0>-T3: Msg #2123, C-Out: 23.10 18:15:07,466|"Eingang HBQ:18:15:7; Eingang DLQ:18:15:16 C-In: 23.10 18:15:35,235|
***Fehlernachricht fuer Nachrichtennummern 2124 bis 2124. 18:15:16 C-In: 23.10 18:15:35,241|
"lab29-10-<0.40.0>-T3: Msg #2125, C-Out: 23.10 18:15:10,373|"Eingang HBQ:18:15:10; Eingang DLQ:18:15:23 C-In: 23.10 18:15:35,246|
***Fehlernachricht fuer Nachrichtennummern 2126 bis 2133. 18:15:23 C-In: 23.10 18:15:35,249|
"lab29-7-<0.83.0>-T3: Msg #2134, C-Out: 23.10 18:15:12,281|"Eingang HBQ:18:15:12; Eingang DLQ:18:15:23 C-In: 23.10 18:15:35,253|
"lab29-4-<0.93.0>-T3: Msg #2135, C-Out: 23.10 18:15:12,314|"Eingang HBQ:18:15:12; Eingang DLQ:18:15:23 C-In: 23.10 18:15:35,257|
"lab29-8-<0.80.0>-T3: Msg #2136, C-Out: 23.10 18:15:12,331|"Eingang HBQ:18:15:12; Eingang DLQ:18:15:23 C-In: 23.10 18:15:35,262|
"lab29-3-<0.97.0>-T3: Msg #2137, C-Out: 23.10 18:15:12,353|"Eingang HBQ:18:15:12; Eingang DLQ:18:15:23******* C-In: 23.10 18:15:35,269|
"lab29-2-<0.101.0>-T3: Msg #2138, C-Out: 23.10 18:15:12,353|"Eingang HBQ:18:15:12; Eingang DLQ:18:15:23 C-In: 23.10 18:15:35,271|
"lab29-6-<0.86.0>-T3: Msg #2139, C-Out: 23.10 18:15:12,356|"Eingang HBQ:18:15:12; Eingang DLQ:18:15:23 C-In: 23.10 18:15:35,283|
"lab29-9-<0.49.0>-T3: Msg #2140, C-Out: 23.10 18:15:12,356|"Eingang HBQ:18:15:12; Eingang DLQ:18:15:23 C-In: 23.10 18:15:35,287|
"lab29-5-<0.89.0>-T3: Msg #2141, C-Out: 23.10 18:15:12,356|"Eingang HBQ:18:15:12; Eingang DLQ:18:15:23 C-In: 23.10 18:15:35,290|
***Fehlernachricht fuer Nachrichtennummern 2142 bis 2142. 18:15:23 C-In: 23.10 18:15:35,294|
"lab29-1-<0.106.0>-T3: Msg #2143, C-Out: 23.10 18:15:13,199|"Eingang HBQ:18:15:13; Eingang DLQ:18:15:29 C-In: 23.10 18:15:35,299|
"lab29-10-<0.40.0>-T3: Msg #2144, C-Out: 23.10 18:15:16,070|"Eingang HBQ:18:15:16; Eingang DLQ:18:15:29 C-In: 23.10 18:15:35,301|
"lab29-7-<0.83.0>-T3: Msg #2145, C-Out: 23.10 18:15:17,978|"Eingang HBQ:18:15:17; Eingang DLQ:18:15:29 C-In: 23.10 18:15:35,305|
"lab29-4-<0.93.0>-T3: Msg #2146, C-Out: 23.10 18:15:18,013|"Eingang HBQ:18:15:18; Eingang DLQ:18:15:29 C-In: 23.10 18:15:35,310|
"lab29-8-<0.80.0>-T3: Msg #2147, C-Out: 23.10 18:15:18,030|"Eingang HBQ:18:15:18; Eingang DLQ:18:15:29 C-In: 23.10 18:15:35,313|
"lab29-2-<0.101.0>-T3: Msg #2148, C-Out: 23.10 18:15:18,050|"Eingang HBQ:18:15:18; Eingang DLQ:18:15:29 C-In: 23.10 18:15:35,317|
"lab29-3-<0.97.0>-T3: Msg #2149, C-Out: 23.10 18:15:18,050|"Eingang HBQ:18:15:18; Eingang DLQ:18:15:29******* C-In: 23.10 18:15:35,320|
"lab29-5-<0.89.0>-T3: Msg #2150, C-Out: 23.10 18:15:18,056|"Eingang HBQ:18:15:18; Eingang DLQ:18:15:29 C-In: 23.10 18:15:35,324|
"lab29-9-<0.49.0>-T3: Msg #2151, C-Out: 23.10 18:15:18,059|"Eingang HBQ:18:15:18; Eingang DLQ:18:15:29 C-In: 23.10 18:15:35,328|
"lab29-6-<0.86.0>-T3: Msg #2152, C-Out: 23.10 18:15:18,059|"Eingang HBQ:18:15:18; Eingang DLQ:18:15:29 C-In: 23.10 18:15:35,332|
"lab29-1-<0.106.0>-T3: Msg #2153, C-Out: 23.10 18:15:18,896|"Eingang HBQ:18:15:18; Eingang DLQ:18:15:29 C-In: 23.10 18:15:35,336|
"lab29-10-<0.40.0>-T3: Msg #2154, C-Out: 23.10 18:15:21,789|"Eingang HBQ:18:15:21; Eingang DLQ:18:15:29 C-In: 23.10 18:15:35,339|
"lab29-7-<0.83.0>-T3: Msg #2155, C-Out: 23.10 18:15:23,678|"Eingang HBQ:18:15:23; Eingang DLQ:18:15:29 C-In: 23.10 18:15:35,345|
"lab29-4-<0.93.0>-T3: Msg #2156, C-Out: 23.10 18:15:23,712|"Eingang HBQ:18:15:23; Eingang DLQ:18:15:29 C-In: 23.10 18:15:35,347|
"lab29-8-<0.80.0>-T3: Msg #2157, C-Out: 23.10 18:15:23,728|"Eingang HBQ:18:15:23; Eingang DLQ:18:15:29 C-In: 23.10 18:15:35,349|
"lab29-3-<0.97.0>-T3: Msg #2158, C-Out: 23.10 18:15:23,747|"Eingang HBQ:18:15:23; Eingang DLQ:18:15:29******* C-In: 23.10 18:15:35,352|
"lab29-2-<0.101.0>-T3: Msg #2159, C-Out: 23.10 18:15:23,750|"Eingang HBQ:18:15:23; Eingang DLQ:18:15:29 C-In: 23.10 18:15:35,356|
"lab29-5-<0.89.0>-T3: Msg #2160, C-Out: 23.10 18:15:23,753|"Eingang HBQ:18:15:23; Eingang DLQ:18:15:29 C-In: 23.10 18:15:35,359|
"lab29-6-<0.86.0>-T3: Msg #2161, C-Out: 23.10 18:15:23,760|"Eingang HBQ:18:15:23; Eingang DLQ:18:15:29 C-In: 23.10 18:15:35,366|
"lab29-9-<0.49.0>-T3: Msg #2162, C-Out: 23.10 18:15:23,760|"Eingang HBQ:18:15:23; Eingang DLQ:18:15:29 C-In: 23.10 18:15:35,369|
"lab29-1-<0.106.0>-T3: Msg #2163, C-Out: 23.10 18:15:24,593|"Eingang HBQ:18:15:24; Eingang DLQ:18:15:29 C-In: 23.10 18:15:35,372|
"lab29-10-<0.40.0>-T3: Msg #2164, C-Out: 23.10 18:15:27,488|"Eingang HBQ:18:15:27; Eingang DLQ:18:15:29 C-In: 23.10 18:15:35,378|
"lab29-7-<0.83.0>-T3: Msg #2165, C-Out: 23.10 18:15:29,377|"Eingang HBQ:18:15:29; Eingang DLQ:18:15:29 C-In: 23.10 18:15:35,387|
"lab29-4-<0.93.0>-T3: Msg #2166, C-Out: 23.10 18:15:29,411|"Eingang HBQ:18:15:29; Eingang DLQ:18:15:29 C-In: 23.10 18:15:35,392|
"lab29-8-<0.80.0>-T3: Msg #2167, C-Out: 23.10 18:15:29,426|"Eingang HBQ:18:15:29; Eingang DLQ:18:15:29 C-In: 23.10 18:15:35,395|
"lab29-3-<0.97.0>-T3: Msg #2168, C-Out: 23.10 18:15:29,445|"Eingang HBQ:18:15:29; Eingang DLQ:18:15:29******* C-In: 23.10 18:15:35,398|
ReceiveMsgs done
lab29-3-<0.97.0>-T3: Msg #2197, C-Out: 23.10 18:15:38,251| gesendet
lab29-3-<0.97.0>-T3: Msg #2210, C-Out: 23.10 18:15:41,102| gesendet
lab29-3-<0.97.0>-T3: Msg #2219, C-Out: 23.10 18:15:43,952| gesendet
lab29-3-<0.97.0>-T3: Msg #2228, C-Out: 23.10 18:15:46,806| gesendet
lab29-3-<0.97.0>-T3: Msg #2238, C-Out: 23.10 18:15:49,689| gesendet
Neues Intervall: 4.271484375 Sekunden
Msg #2252 um 23.10 18:15:49,691| vergessen zu senden
"lab29-6-<0.86.0>-T3: Msg #2172, C-Out: 23.10 18:15:29,464|"Eingang HBQ:18:15:29; Eingang DLQ:18:15:39 C-In: 23.10 18:15:49,696|
"lab29-1-<0.106.0>-T3: Msg #2173, C-Out: 23.10 18:15:30,292|"Eingang HBQ:18:15:30; Eingang DLQ:18:15:39 C-In: 23.10 18:15:49,699|
"lab29-10-<0.40.0>-T3: Msg #2174, C-Out: 23.10 18:15:33,187|"Eingang HBQ:18:15:33; Eingang DLQ:18:15:39 C-In: 23.10 18:15:49,704|
"lab29-7-<0.83.0>-T3: Msg #2175, C-Out: 23.10 18:15:35,076|"Eingang HBQ:18:15:35; Eingang DLQ:18:15:39 C-In: 23.10 18:15:49,706|
"lab29-4-<0.93.0>-T3: Msg #2176, C-Out: 23.10 18:15:35,109|"Eingang HBQ:18:15:35; Eingang DLQ:18:15:39 C-In: 23.10 18:15:49,710|
"lab29-8-<0.80.0>-T3: Msg #2177, C-Out: 23.10 18:15:35,124|"Eingang HBQ:18:15:35; Eingang DLQ:18:15:39 C-In: 23.10 18:15:49,716|
"lab29-3-<0.97.0>-T3: Msg #2178, C-Out: 23.10 18:15:35,173|"Eingang HBQ:18:15:35; Eingang DLQ:18:15:39******* C-In: 23.10 18:15:49,720|
"lab29-2-<0.101.0>-T3: Msg #2179, C-Out: 23.10 18:15:35,175|"Eingang HBQ:18:15:35; Eingang DLQ:18:15:39 C-In: 23.10 18:15:49,723|
"lab29-5-<0.89.0>-T3: Msg #2180, C-Out: 23.10 18:15:35,175|"Eingang HBQ:18:15:35; Eingang DLQ:18:15:39 C-In: 23.10 18:15:49,728|
"lab29-9-<0.49.0>-T3: Msg #2181, C-Out: 23.10 18:15:35,175|"Eingang HBQ:18:15:35; Eingang DLQ:18:15:39 C-In: 23.10 18:15:49,730|
"lab29-6-<0.86.0>-T3: Msg #2182, C-Out: 23.10 18:15:35,176|"Eingang HBQ:18:15:35; Eingang DLQ:18:15:39 C-In: 23.10 18:15:49,735|
"lab29-1-<0.106.0>-T3: Msg #2183, C-Out: 23.10 18:15:35,991|"Eingang HBQ:18:15:35; Eingang DLQ:18:15:39 C-In: 23.10 18:15:49,737|
***Fehlernachricht fuer Nachrichtennummern 2184 bis 2184. 18:15:39 C-In: 23.10 18:15:49,740|
"lab29-10-<0.40.0>-T3: Msg #2185, C-Out: 23.10 18:15:36,135|"Eingang HBQ:18:15:36; Eingang DLQ:18:15:43 C-In: 23.10 18:15:49,745|
***Fehlernachricht fuer Nachrichtennummern 2186 bis 2193. 18:15:43 C-In: 23.10 18:15:49,747|
"lab29-7-<0.83.0>-T3: Msg #2194, C-Out: 23.10 18:15:38,088|"Eingang HBQ:18:15:38; Eingang DLQ:18:15:43 C-In: 23.10 18:15:49,749|
"lab29-4-<0.93.0>-T3: Msg #2195, C-Out: 23.10 18:15:38,150|"Eingang HBQ:18:15:38; Eingang DLQ:18:15:43 C-In: 23.10 18:15:49,754|
"lab29-8-<0.80.0>-T3: Msg #2196, C-Out: 23.10 18:15:38,188|"Eingang HBQ:18:15:38; Eingang DLQ:18:15:43 C-In: 23.10 18:15:49,756|
"lab29-3-<0.97.0>-T3: Msg #2197, C-Out: 23.10 18:15:38,251|"Eingang HBQ:18:15:38; Eingang DLQ:18:15:43******* C-In: 23.10 18:15:49,759|
"lab29-2-<0.101.0>-T3: Msg #2198, C-Out: 23.10 18:15:38,251|"Eingang HBQ:18:15:38; Eingang DLQ:18:15:43 C-In: 23.10 18:15:49,763|
"lab29-9-<0.49.0>-T3: Msg #2199, C-Out: 23.10 18:15:38,251|"Eingang HBQ:18:15:38; Eingang DLQ:18:15:43 C-In: 23.10 18:15:49,766|
"lab29-6-<0.86.0>-T3: Msg #2200, C-Out: 23.10 18:15:38,254|"Eingang HBQ:18:15:38; Eingang DLQ:18:15:43 C-In: 23.10 18:15:49,768|
"lab29-5-<0.89.0>-T3: Msg #2201, C-Out: 23.10 18:15:38,254|"Eingang HBQ:18:15:38; Eingang DLQ:18:15:43 C-In: 23.10 18:15:49,772|
***Fehlernachricht fuer Nachrichtennummern 2202 bis 2202. 18:15:43 C-In: 23.10 18:15:49,775|
"lab29-1-<0.106.0>-T3: Msg #2203, C-Out: 23.10 18:15:38,899|"Eingang HBQ:18:15:38; Eingang DLQ:18:15:46 C-In: 23.10 18:15:49,779|
"lab29-10-<0.40.0>-T3: Msg #2204, C-Out: 23.10 18:15:38,986|"Eingang HBQ:18:15:38; Eingang DLQ:18:15:46 C-In: 23.10 18:15:49,782|
"lab29-7-<0.83.0>-T3: Msg #2205, C-Out: 23.10 18:15:40,938|"Eingang HBQ:18:15:40; Eingang DLQ:18:15:46 C-In: 23.10 18:15:49,784|
"lab29-4-<0.93.0>-T3: Msg #2206, C-Out: 23.10 18:15:41,002|"Eingang HBQ:18:15:41; Eingang DLQ:18:15:46 C-In: 23.10 18:15:49,789|
"lab29-8-<0.80.0>-T3: Msg #2207, C-Out: 23.10 18:15:41,038|"Eingang HBQ:18:15:41; Eingang DLQ:18:15:46 C-In: 23.10 18:15:49,790|
"lab29-2-<0.101.0>-T3: Msg #2208, C-Out: 23.10 18:15:41,102|"Eingang HBQ:18:15:41; Eingang DLQ:18:15:46 C-In: 23.10 18:15:49,794|
"lab29-9-<0.49.0>-T3: Msg #2209, C-Out: 23.10 18:15:41,102|"Eingang HBQ:18:15:41; Eingang DLQ:18:15:46 C-In: 23.10 18:15:49,798|
"lab29-3-<0.97.0>-T3: Msg #2210, C-Out: 23.10 18:15:41,102|"Eingang HBQ:18:15:41; Eingang DLQ:18:15:46******* C-In: 23.10 18:15:49,801|
"lab29-6-<0.86.0>-T3: Msg #2211, C-Out: 23.10 18:15:41,108|"Eingang HBQ:18:15:41; Eingang DLQ:18:15:46 C-In: 23.10 18:15:49,805|
"lab29-5-<0.89.0>-T3: Msg #2212, C-Out: 23.10 18:15:41,109|"Eingang HBQ:18:15:41; Eingang DLQ:18:15:46 C-In: 23.10 18:15:49,810|
"lab29-1-<0.106.0>-T3: Msg #2213, C-Out: 23.10 18:15:41,749|"Eingang HBQ:18:15:41; Eingang DLQ:18:15:46 C-In: 23.10 18:15:49,812|
"lab29-10-<0.40.0>-T3: Msg #2214, C-Out: 23.10 18:15:41,878|"Eingang HBQ:18:15:41; Eingang DLQ:18:15:46 C-In: 23.10 18:15:49,816|
"lab29-7-<0.83.0>-T3: Msg #2215, C-Out: 23.10 18:15:43,788|"Eingang HBQ:18:15:43; Eingang DLQ:18:15:46 C-In: 23.10 18:15:49,820|
"lab29-4-<0.93.0>-T3: Msg #2216, C-Out: 23.10 18:15:43,852|"Eingang HBQ:18:15:43; Eingang DLQ:18:15:46 C-In: 23.10 18:15:49,822|
"lab29-8-<0.80.0>-T3: Msg #2217, C-Out: 23.10 18:15:43,888|"Eingang HBQ:18:15:43; Eingang DLQ:18:15:46 C-In: 23.10 18:15:49,825|
"lab29-2-<0.101.0>-T3: Msg #2218, C-Out: 23.10 18:15:43,952|"Eingang HBQ:18:15:43; Eingang DLQ:18:15:46 C-In: 23.10 18:15:49,828|
"lab29-3-<0.97.0>-T3: Msg #2219, C-Out: 23.10 18:15:43,952|"Eingang HBQ:18:15:43; Eingang DLQ:18:15:46******* C-In: 23.10 18:15:49,832|
"lab29-9-<0.49.0>-T3: Msg #2220, C-Out: 23.10 18:15:43,954|"Eingang HBQ:18:15:43; Eingang DLQ:18:15:46 C-In: 23.10 18:15:49,835|
"lab29-6-<0.86.0>-T3: Msg #2221, C-Out: 23.10 18:15:43,957|"Eingang HBQ:18:15:43; Eingang DLQ:18:15:46 C-In: 23.10 18:15:49,839|
"lab29-5-<0.89.0>-T3: Msg #2222, C-Out: 23.10 18:15:43,959|"Eingang HBQ:18:15:43; Eingang DLQ:18:15:46 C-In: 23.10 18:15:49,841|
"lab29-1-<0.106.0>-T3: Msg #2223, C-Out: 23.10 18:15:44,601|"Eingang HBQ:18:15:44; Eingang DLQ:18:15:46 C-In: 23.10 18:15:49,845|
"lab29-10-<0.40.0>-T3: Msg #2224, C-Out: 23.10 18:15:44,730|"Eingang HBQ:18:15:44; Eingang DLQ:18:15:46 C-In: 23.10 18:15:49,849|
"lab29-7-<0.83.0>-T3: Msg #2225, C-Out: 23.10 18:15:46,640|"Eingang HBQ:18:15:46; Eingang DLQ:18:15:46 C-In: 23.10 18:15:49,851|
"lab29-4-<0.93.0>-T3: Msg #2226, C-Out: 23.10 18:15:46,705|"Eingang HBQ:18:15:46; Eingang DLQ:18:15:46 C-In: 23.10 18:15:49,855|
"lab29-8-<0.80.0>-T3: Msg #2227, C-Out: 23.10 18:15:46,740|"Eingang HBQ:18:15:46; Eingang DLQ:18:15:46 C-In: 23.10 18:15:49,858|
"lab29-3-<0.97.0>-T3: Msg #2228, C-Out: 23.10 18:15:46,806|"Eingang HBQ:18:15:46; Eingang DLQ:18:15:46******* C-In: 23.10 18:15:49,861|
ReceiveMsgs done
lab29-3-<0.97.0>-T3: Msg #2259, C-Out: 23.10 18:15:54,135| gesendet
lab29-3-<0.97.0>-T3: Msg #2273, C-Out: 23.10 18:15:58,414| gesendet
lab29-3-<0.97.0>-T3: Msg #2289, C-Out: 23.10 18:16:02,693| gesendet
lab29-3-<0.97.0>-T3: Msg #2304, C-Out: 23.10 18:16:06,968| gesendet
lab29-3-<0.97.0>-T3: Msg #2314, C-Out: 23.10 18:16:11,244| gesendet
Neues Intervall: 2.1357421875 Sekunden
Msg #2328 um 23.10 18:16:11,247| vergessen zu senden
"lab29-6-<0.86.0>-T3: Msg #2241, C-Out: 23.10 18:15:49,690|"Eingang HBQ:18:15:49; Eingang DLQ:18:15:54 C-In: 23.10 18:16:11,249|
"lab29-5-<0.89.0>-T3: Msg #2242, C-Out: 23.10 18:15:49,690|"Eingang HBQ:18:15:49; Eingang DLQ:18:15:54 C-In: 23.10 18:16:11,250|
"lab29-1-<0.106.0>-T3: Msg #2243, C-Out: 23.10 18:15:50,305|"Eingang HBQ:18:15:50; Eingang DLQ:18:15:54 C-In: 23.10 18:16:11,251|
***Fehlernachricht fuer Nachrichtennummern 2244 bis 2244. 18:15:54 C-In: 23.10 18:16:11,253|
"lab29-10-<0.40.0>-T3: Msg #2245, C-Out: 23.10 18:15:51,984|"Eingang HBQ:18:15:51; Eingang DLQ:18:15:58 C-In: 23.10 18:16:11,255|
***Fehlernachricht fuer Nachrichtennummern 2246 bis 2248. 18:15:58 C-In: 23.10 18:16:11,257|
"lab29-7-<0.83.0>-T3: Msg #2249, C-Out: 23.10 18:15:53,897|"Eingang HBQ:18:15:53; Eingang DLQ:18:15:58 C-In: 23.10 18:16:11,260|
"lab29-4-<0.93.0>-T3: Msg #2250, C-Out: 23.10 18:15:53,958|"Eingang HBQ:18:15:53; Eingang DLQ:18:15:58 C-In: 23.10 18:16:11,262|
***Fehlernachricht fuer Nachrichtennummern 2251 bis 2255. 18:15:58 C-In: 23.10 18:16:11,265|
"lab29-8-<0.80.0>-T3: Msg #2256, C-Out: 23.10 18:15:54,005|"Eingang HBQ:18:15:54; Eingang DLQ:18:15:59 C-In: 23.10 18:16:11,268|
"lab29-2-<0.101.0>-T3: Msg #2257, C-Out: 23.10 18:15:54,133|"Eingang HBQ:18:15:54; Eingang DLQ:18:15:59 C-In: 23.10 18:16:11,272|
"lab29-5-<0.89.0>-T3: Msg #2258, C-Out: 23.10 18:15:54,135|"Eingang HBQ:18:15:54; Eingang DLQ:18:15:59 C-In: 23.10 18:16:11,275|
"lab29-3-<0.97.0>-T3: Msg #2259, C-Out: 23.10 18:15:54,135|"Eingang HBQ:18:15:54; Eingang DLQ:18:15:59******* C-In: 23.10 18:16:11,278|
"lab29-6-<0.86.0>-T3: Msg #2260, C-Out: 23.10 18:15:54,136|"Eingang HBQ:18:15:54; Eingang DLQ:18:15:59 C-In: 23.10 18:16:11,281|
"lab29-9-<0.49.0>-T3: Msg #2261, C-Out: 23.10 18:15:54,138|"Eingang HBQ:18:15:54; Eingang DLQ:18:15:59 C-In: 23.10 18:16:11,286|
***Fehlernachricht fuer Nachrichtennummern 2262 bis 2262. 18:15:59 C-In: 23.10 18:16:11,288|
"lab29-1-<0.106.0>-T3: Msg #2263, C-Out: 23.10 18:15:54,650|"Eingang HBQ:18:15:54; Eingang DLQ:18:16:2 C-In: 23.10 18:16:11,291|
"lab28-<0.56.0>: Nachricht #2264, C-Out: 23.10 18:15:51,453|"Eingang HBQ:18:15:51; Eingang DLQ:18:16:2 C-In: 23.10 18:16:11,293|
"lab28-<0.56.0>: Nachricht #2265, C-Out: 23.10 18:15:52,457|"Eingang HBQ:18:15:52; Eingang DLQ:18:16:2 C-In: 23.10 18:16:11,296|
"lab29-10-<0.40.0>-T3: Msg #2266, C-Out: 23.10 18:15:56,259|"Eingang HBQ:18:15:56; Eingang DLQ:18:16:2 C-In: 23.10 18:16:11,300|
"lab28-<0.56.0>: Nachricht #2267, C-Out: 23.10 18:15:53,462|"Eingang HBQ:18:15:53; Eingang DLQ:18:16:2 C-In: 23.10 18:16:11,305|
"lab28-<0.56.0>: Nachricht #2268, C-Out: 23.10 18:15:54,468|"Eingang HBQ:18:15:54; Eingang DLQ:18:16:2 C-In: 23.10 18:16:11,307|
"lab29-7-<0.83.0>-T3: Msg #2269, C-Out: 23.10 18:15:58,172|"Eingang HBQ:18:15:58; Eingang DLQ:18:16:2 C-In: 23.10 18:16:11,310|
"lab29-4-<0.93.0>-T3: Msg #2270, C-Out: 23.10 18:15:58,233|"Eingang HBQ:18:15:58; Eingang DLQ:18:16:2 C-In: 23.10 18:16:11,312|
"lab29-8-<0.80.0>-T3: Msg #2271, C-Out: 23.10 18:15:58,280|"Eingang HBQ:18:15:58; Eingang DLQ:18:16:2 C-In: 23.10 18:16:11,317|
"lab29-2-<0.101.0>-T3: Msg #2272, C-Out: 23.10 18:15:58,409|"Eingang HBQ:18:15:58; Eingang DLQ:18:16:2 C-In: 23.10 18:16:11,319|
"lab29-3-<0.97.0>-T3: Msg #2273, C-Out: 23.10 18:15:58,414|"Eingang HBQ:18:15:58; Eingang DLQ:18:16:2******* C-In: 23.10 18:16:11,322|
"lab29-5-<0.89.0>-T3: Msg #2274, C-Out: 23.10 18:15:58,414|"Eingang HBQ:18:15:58; Eingang DLQ:18:16:2 C-In: 23.10 18:16:11,325|
"lab29-6-<0.86.0>-T3: Msg #2275, C-Out: 23.10 18:15:58,434|"Eingang HBQ:18:15:58; Eingang DLQ:18:16:2 C-In: 23.10 18:16:11,327|
"lab29-9-<0.49.0>-T3: Msg #2276, C-Out: 23.10 18:15:58,435|"Eingang HBQ:18:15:58; Eingang DLQ:18:16:2 C-In: 23.10 18:16:11,332|
"lab28-<0.56.0>: Nachricht #2277, C-Out: 23.10 18:15:55,471|"Eingang HBQ:18:15:55; Eingang DLQ:18:16:2 C-In: 23.10 18:16:11,335|
"lab29-1-<0.106.0>-T3: Msg #2278, C-Out: 23.10 18:15:58,923|"Eingang HBQ:18:15:58; Eingang DLQ:18:16:2 C-In: 23.10 18:16:11,338|
***Fehlernachricht fuer Nachrichtennummern 2279 bis 2279. 18:16:2 C-In: 23.10 18:16:11,342|
"lab28-<0.56.0>: Nachricht #2280, C-Out: 23.10 18:15:56,595|"Eingang HBQ:18:15:56; Eingang DLQ:18:16:7 C-In: 23.10 18:16:11,345|
"lab29-10-<0.40.0>-T3: Msg #2281, C-Out: 23.10 18:16:00,532|"Eingang HBQ:18:16:0; Eingang DLQ:18:16:7 C-In: 23.10 18:16:11,348|
"lab28-<0.56.0>: Nachricht #2282, C-Out: 23.10 18:15:57,599|"Eingang HBQ:18:15:57; Eingang DLQ:18:16:7 C-In: 23.10 18:16:11,352|
"lab28-<0.56.0>: Nachricht #2283, C-Out: 23.10 18:15:58,602|"Eingang HBQ:18:15:58; Eingang DLQ:18:16:7 C-In: 23.10 18:16:11,354|
"lab29-7-<0.83.0>-T3: Msg #2284, C-Out: 23.10 18:16:02,445|"Eingang HBQ:18:16:2; Eingang DLQ:18:16:7 C-In: 23.10 18:16:11,358|
"lab29-4-<0.93.0>-T3: Msg #2285, C-Out: 23.10 18:16:02,508|"Eingang HBQ:18:16:2; Eingang DLQ:18:16:7 C-In: 23.10 18:16:11,361|
"lab29-8-<0.80.0>-T3: Msg #2286, C-Out: 23.10 18:16:02,555|"Eingang HBQ:18:16:2; Eingang DLQ:18:16:7 C-In: 23.10 18:16:11,364|
"lab29-2-<0.101.0>-T3: Msg #2287, C-Out: 23.10 18:16:02,684|"Eingang HBQ:18:16:2; Eingang DLQ:18:16:7 C-In: 23.10 18:16:11,368|
"lab29-5-<0.89.0>-T3: Msg #2288, C-Out: 23.10 18:16:02,690|"Eingang HBQ:18:16:2; Eingang DLQ:18:16:7 C-In: 23.10 18:16:11,372|
"lab29-3-<0.97.0>-T3: Msg #2289, C-Out: 23.10 18:16:02,693|"Eingang HBQ:18:16:2; Eingang DLQ:18:16:7******* C-In: 23.10 18:16:11,375|
"lab29-6-<0.86.0>-T3: Msg #2290, C-Out: 23.10 18:16:02,707|"Eingang HBQ:18:16:2; Eingang DLQ:18:16:7 C-In: 23.10 18:16:11,380|
"lab29-9-<0.49.0>-T3: Msg #2291, C-Out: 23.10 18:16:02,710|"Eingang HBQ:18:16:2; Eingang DLQ:18:16:7 C-In: 23.10 18:16:11,382|
"lab28-<0.56.0>: Nachricht #2292, C-Out: 23.10 18:15:59,607|"Eingang HBQ:18:15:59; Eingang DLQ:18:16:7 C-In: 23.10 18:16:11,385|
"lab29-1-<0.106.0>-T3: Msg #2293, C-Out: 23.10 18:16:03,196|"Eingang HBQ:18:16:3; Eingang DLQ:18:16:7 C-In: 23.10 18:16:11,388|
"lab28-<0.56.0>: Nachricht #2294, C-Out: 23.10 18:16:00,618|"Eingang HBQ:18:16:0; Eingang DLQ:18:16:7 C-In: 23.10 18:16:11,392|
"lab29-10-<0.40.0>-T3: Msg #2295, C-Out: 23.10 18:16:04,807|"Eingang HBQ:18:16:4; Eingang DLQ:18:16:7 C-In: 23.10 18:16:11,393|
***Fehlernachricht fuer Nachrichtennummern 2296 bis 2296. 18:16:7 C-In: 23.10 18:16:11,395|
ReceiveMsgs done
lab29-3-<0.97.0>-T3: Msg #2334, C-Out: 23.10 18:16:13,536| gesendet
lab29-3-<0.97.0>-T3: Msg #2345, C-Out: 23.10 18:16:15,691| gesendet
lab29-3-<0.97.0>-T3: Msg #2354, C-Out: 23.10 18:16:17,829| gesendet
lab29-3-<0.97.0>-T3: Msg #2365, C-Out: 23.10 18:16:19,983| gesendet
lab29-3-<0.97.0>-T3: Msg #2376, C-Out: 23.10 18:16:22,126| gesendet
Neues Intervall: 1.06787109375 Sekunden
Msg #2388 um 23.10 18:16:22,127| vergessen zu senden
"lab29-10-<0.40.0>-T3: Msg #2308, C-Out: 23.10 18:16:09,082|"Eingang HBQ:18:16:9; Eingang DLQ:18:16:13 C-In: 23.10 18:16:22,130|
"lab29-7-<0.83.0>-T3: Msg #2309, C-Out: 23.10 18:16:10,995|"Eingang HBQ:18:16:10; Eingang DLQ:18:16:13 C-In: 23.10 18:16:22,132|
"lab29-4-<0.93.0>-T3: Msg #2310, C-Out: 23.10 18:16:11,056|"Eingang HBQ:18:16:11; Eingang DLQ:18:16:13 C-In: 23.10 18:16:22,138|
"lab29-8-<0.80.0>-T3: Msg #2311, C-Out: 23.10 18:16:11,125|"Eingang HBQ:18:16:11; Eingang DLQ:18:16:13 C-In: 23.10 18:16:22,140|
"lab29-2-<0.101.0>-T3: Msg #2312, C-Out: 23.10 18:16:11,232|"Eingang HBQ:18:16:11; Eingang DLQ:18:16:13 C-In: 23.10 18:16:22,143|
"lab29-5-<0.89.0>-T3: Msg #2313, C-Out: 23.10 18:16:11,239|"Eingang HBQ:18:16:11; Eingang DLQ:18:16:13 C-In: 23.10 18:16:22,146|
"lab29-3-<0.97.0>-T3: Msg #2314, C-Out: 23.10 18:16:11,244|"Eingang HBQ:18:16:11; Eingang DLQ:18:16:13******* C-In: 23.10 18:16:22,149|
"lab29-6-<0.86.0>-T3: Msg #2315, C-Out: 23.10 18:16:11,256|"Eingang HBQ:18:16:11; Eingang DLQ:18:16:13 C-In: 23.10 18:16:22,153|
"lab29-9-<0.49.0>-T3: Msg #2316, C-Out: 23.10 18:16:11,261|"Eingang HBQ:18:16:11; Eingang DLQ:18:16:13 C-In: 23.10 18:16:22,156|
"lab29-1-<0.106.0>-T3: Msg #2317, C-Out: 23.10 18:16:11,774|"Eingang HBQ:18:16:11; Eingang DLQ:18:16:13 C-In: 23.10 18:16:22,159|
***Fehlernachricht fuer Nachrichtennummern 2318 bis 2318. 18:16:13 C-In: 23.10 18:16:22,162|
"lab29-10-<0.40.0>-T3: Msg #2319, C-Out: 23.10 18:16:11,346|"Eingang HBQ:18:16:11; Eingang DLQ:18:16:17 C-In: 23.10 18:16:22,166|
***Fehlernachricht fuer Nachrichtennummern 2320 bis 2322. 18:16:17 C-In: 23.10 18:16:22,169|
"lab29-7-<0.83.0>-T3: Msg #2323, C-Out: 23.10 18:16:13,268|"Eingang HBQ:18:16:13; Eingang DLQ:18:16:17 C-In: 23.10 18:16:22,172|
"lab29-4-<0.93.0>-T3: Msg #2324, C-Out: 23.10 18:16:13,310|"Eingang HBQ:18:16:13; Eingang DLQ:18:16:17 C-In: 23.10 18:16:22,175|
"lab29-8-<0.80.0>-T3: Msg #2325, C-Out: 23.10 18:16:13,327|"Eingang HBQ:18:16:13; Eingang DLQ:18:16:17 C-In: 23.10 18:16:22,180|
***Fehlernachricht fuer Nachrichtennummern 2326 bis 2330. 18:16:17 C-In: 23.10 18:16:22,182|
"lab29-10-<0.40.0>-T3: Msg #2331, C-Out: 23.10 18:16:13,489|"Eingang HBQ:18:16:13; Eingang DLQ:18:16:17 C-In: 23.10 18:16:22,187|
"lab29-2-<0.101.0>-T3: Msg #2332, C-Out: 23.10 18:16:13,525|"Eingang HBQ:18:16:13; Eingang DLQ:18:16:17 C-In: 23.10 18:16:22,189|
"lab29-5-<0.89.0>-T3: Msg #2333, C-Out: 23.10 18:16:13,529|"Eingang HBQ:18:16:13; Eingang DLQ:18:16:17 C-In: 23.10 18:16:22,193|
"lab29-3-<0.97.0>-T3: Msg #2334, C-Out: 23.10 18:16:13,536|"Eingang HBQ:18:16:13; Eingang DLQ:18:16:17******* C-In: 23.10 18:16:22,197|
"lab29-6-<0.86.0>-T3: Msg #2335, C-Out: 23.10 18:16:13,549|"Eingang HBQ:18:16:13; Eingang DLQ:18:16:17 C-In: 23.10 18:16:22,200|
"lab29-9-<0.49.0>-T3: Msg #2336, C-Out: 23.10 18:16:13,550|"Eingang HBQ:18:16:13; Eingang DLQ:18:16:17 C-In: 23.10 18:16:22,203|
***Fehlernachricht fuer Nachrichtennummern 2337 bis 2337. 18:16:17 C-In: 23.10 18:16:22,206|
"lab29-1-<0.106.0>-T3: Msg #2338, C-Out: 23.10 18:16:14,022|"Eingang HBQ:18:16:14; Eingang DLQ:18:16:19 C-In: 23.10 18:16:22,210|
"lab29-7-<0.83.0>-T3: Msg #2339, C-Out: 23.10 18:16:15,406|"Eingang HBQ:18:16:15; Eingang DLQ:18:16:19 C-In: 23.10 18:16:22,215|
"lab29-4-<0.93.0>-T3: Msg #2340, C-Out: 23.10 18:16:15,448|"Eingang HBQ:18:16:15; Eingang DLQ:18:16:19 C-In: 23.10 18:16:22,216|
"lab29-8-<0.80.0>-T3: Msg #2341, C-Out: 23.10 18:16:15,465|"Eingang HBQ:18:16:15; Eingang DLQ:18:16:19 C-In: 23.10 18:16:22,220|
"lab29-10-<0.40.0>-T3: Msg #2342, C-Out: 23.10 18:16:15,627|"Eingang HBQ:18:16:15; Eingang DLQ:18:16:19 C-In: 23.10 18:16:22,222|
"lab29-2-<0.101.0>-T3: Msg #2343, C-Out: 23.10 18:16:15,665|"Eingang HBQ:18:16:15; Eingang DLQ:18:16:19 C-In: 23.10 18:16:22,225|
"lab29-5-<0.89.0>-T3: Msg #2344, C-Out: 23.10 18:16:15,691|"Eingang HBQ:18:16:15; Eingang DLQ:18:16:19 C-In: 23.10 18:16:22,229|
"lab29-3-<0.97.0>-T3: Msg #2345, C-Out: 23.10 18:16:15,691|"Eingang HBQ:18:16:15; Eingang DLQ:18:16:19******* C-In: 23.10 18:16:22,232|
"lab29-6-<0.86.0>-T3: Msg #2346, C-Out: 23.10 18:16:15,693|"Eingang HBQ:18:16:15; Eingang DLQ:18:16:19 C-In: 23.10 18:16:22,234|
"lab29-9-<0.49.0>-T3: Msg #2347, C-Out: 23.10 18:16:15,693|"Eingang HBQ:18:16:15; Eingang DLQ:18:16:19 C-In: 23.10 18:16:22,237|
"lab29-1-<0.106.0>-T3: Msg #2348, C-Out: 23.10 18:16:16,160|"Eingang HBQ:18:16:16; Eingang DLQ:18:16:19 C-In: 23.10 18:16:22,241|
"lab29-7-<0.83.0>-T3: Msg #2349, C-Out: 23.10 18:16:17,544|"Eingang HBQ:18:16:17; Eingang DLQ:18:16:19 C-In: 23.10 18:16:22,243|
"lab29-4-<0.93.0>-T3: Msg #2350, C-Out: 23.10 18:16:17,586|"Eingang HBQ:18:16:17; Eingang DLQ:18:16:19 C-In: 23.10 18:16:22,247|
"lab29-8-<0.80.0>-T3: Msg #2351, C-Out: 23.10 18:16:17,603|"Eingang HBQ:18:16:17; Eingang DLQ:18:16:19 C-In: 23.10 18:16:22,251|
"lab29-10-<0.40.0>-T3: Msg #2352, C-Out: 23.10 18:16:17,765|"Eingang HBQ:18:16:17; Eingang DLQ:18:16:19 C-In: 23.10 18:16:22,254|
"lab29-2-<0.101.0>-T3: Msg #2353, C-Out: 23.10 18:16:17,803|"Eingang HBQ:18:16:17; Eingang DLQ:18:16:19 C-In: 23.10 18:16:22,257|
"lab29-3-<0.97.0>-T3: Msg #2354, C-Out: 23.10 18:16:17,829|"Eingang HBQ:18:16:17; Eingang DLQ:18:16:19******* C-In: 23.10 18:16:22,260|
"lab29-5-<0.89.0>-T3: Msg #2355, C-Out: 23.10 18:16:17,829|"Eingang HBQ:18:16:17; Eingang DLQ:18:16:19 C-In: 23.10 18:16:22,263|
"lab29-9-<0.49.0>-T3: Msg #2356, C-Out: 23.10 18:16:17,831|"Eingang HBQ:18:16:17; Eingang DLQ:18:16:19 C-In: 23.10 18:16:22,266|
"lab29-6-<0.86.0>-T3: Msg #2357, C-Out: 23.10 18:16:17,831|"Eingang HBQ:18:16:17; Eingang DLQ:18:16:19 C-In: 23.10 18:16:22,268|
"lab29-1-<0.106.0>-T3: Msg #2358, C-Out: 23.10 18:16:18,299|"Eingang HBQ:18:16:18; Eingang DLQ:18:16:19 C-In: 23.10 18:16:22,270|
"lab29-7-<0.83.0>-T3: Msg #2359, C-Out: 23.10 18:16:19,682|"Eingang HBQ:18:16:19; Eingang DLQ:18:16:19 C-In: 23.10 18:16:22,272|
"lab29-4-<0.93.0>-T3: Msg #2360, C-Out: 23.10 18:16:19,724|"Eingang HBQ:18:16:19; Eingang DLQ:18:16:19 C-In: 23.10 18:16:22,276|
"lab29-8-<0.80.0>-T3: Msg #2361, C-Out: 23.10 18:16:19,741|"Eingang HBQ:18:16:19; Eingang DLQ:18:16:19 C-In: 23.10 18:16:22,278|
"lab29-10-<0.40.0>-T3: Msg #2362, C-Out: 23.10 18:16:19,905|"Eingang HBQ:18:16:19; Eingang DLQ:18:16:19 C-In: 23.10 18:16:22,281|
"lab29-2-<0.101.0>-T3: Msg #2363, C-Out: 23.10 18:16:19,950|"Eingang HBQ:18:16:19; Eingang DLQ:18:16:19 C-In: 23.10 18:16:22,283|
ReceiveMsgs done
lab29-3-<0.97.0>-T3: Msg #2395, C-Out: 23.10 18:16:23,354| gesendet
lab29-3-<0.97.0>-T3: Msg #2405, C-Out: 23.10 18:16:24,424| gesendet
