lab29-1-<0.106.0>-T3 C-Start: 23.10 18:13:39,386|
lab29-1-<0.106.0>-T3: Msg #449, C-Out: 23.10 18:13:40,391| gesendet
lab29-1-<0.106.0>-T3: Msg #469, C-Out: 23.10 18:13:41,394| gesendet
lab29-1-<0.106.0>-T3: Msg #489, C-Out: 23.10 18:13:42,398| gesendet
lab29-1-<0.106.0>-T3: Msg #509, C-Out: 23.10 18:13:43,401| gesendet
lab29-1-<0.106.0>-T3: Msg #533, C-Out: 23.10 18:13:44,408| gesendet
Neues Intervall: 1 Sekunden
Msg #567 um 23.10 18:13:44,415| vergessen zu senden
"client8@lab24-C-: <0.6221.0> 396te_Nachtricht. C Out: 23.10 18:13:36,263| (396);"Eingang HBQ:18:13:39; Eingang DLQ:18:13:39 C-In: 23.10 18:13:44,422|
"client7@lab24-C-: <0.6223.0> 397te_Nachtricht. C Out: 23.10 18:13:36,264| (397);"Eingang HBQ:18:13:39; Eingang DLQ:18:13:39 C-In: 23.10 18:13:44,429|
"client6@lab24-C-: <0.6224.0> 398te_Nachtricht. C Out: 23.10 18:13:36,266| (398);"Eingang HBQ:18:13:39; Eingang DLQ:18:13:39 C-In: 23.10 18:13:44,435|
"client5@lab24-C-: <0.6225.0> 399te_Nachtricht. C Out: 23.10 18:13:36,267| (399);"Eingang HBQ:18:13:39; Eingang DLQ:18:13:39 C-In: 23.10 18:13:44,451|
"client4@lab24-C-: <0.6226.0> 400te_Nachtricht. C Out: 23.10 18:13:36,299| (400);"Eingang HBQ:18:13:39; Eingang DLQ:18:13:39 C-In: 23.10 18:13:44,458|
"client3@lab24-C-: <0.6227.0> 401te_Nachtricht. C Out: 23.10 18:13:36,299| (401);"Eingang HBQ:18:13:39; Eingang DLQ:18:13:39 C-In: 23.10 18:13:44,465|
"client2@lab24-C-: <0.6228.0> 402te_Nachtricht. C Out: 23.10 18:13:36,300| (402);"Eingang HBQ:18:13:39; Eingang DLQ:18:13:39 C-In: 23.10 18:13:44,471|
"client1@lab24-C-: <0.6229.0> 403te_Nachtricht. C Out: 23.10 18:13:36,301| (403);"Eingang HBQ:18:13:39; Eingang DLQ:18:13:39 C-In: 23.10 18:13:44,477|
"client9@lab24-C-: <0.6220.0> 404te_Nachtricht. C Out: 23.10 18:13:36,304| (404);"Eingang HBQ:18:13:39; Eingang DLQ:18:13:39 C-In: 23.10 18:13:44,484|
***Fehlernachricht fuer Nachrichtennummern 405 bis 414. 18:13:39 C-In: 23.10 18:13:44,490|
"lab29-10-<0.40.0>-T3: Msg #415, C-Out: 23.10 18:13:38,592|"Eingang HBQ:18:13:38; Eingang DLQ:18:13:41 C-In: 23.10 18:13:44,496|
"lab29-9-<0.49.0>-T3: Msg #416, C-Out: 23.10 18:13:38,786|"Eingang HBQ:18:13:38; Eingang DLQ:18:13:41 C-In: 23.10 18:13:44,501|
"lab29-8-<0.80.0>-T3: Msg #417, C-Out: 23.10 18:13:38,983|"Eingang HBQ:18:13:38; Eingang DLQ:18:13:41 C-In: 23.10 18:13:44,507|
"lab29-7-<0.83.0>-T3: Msg #418, C-Out: 23.10 18:13:39,184|"Eingang HBQ:18:13:39; Eingang DLQ:18:13:41 C-In: 23.10 18:13:44,514|
"client10@lab24-C-: <0.6167.0> 419te_Nachtricht. C Out: 23.10 18:13:38,243| (419);"Eingang HBQ:18:13:41; Eingang DLQ:18:13:41 C-In: 23.10 18:13:44,518|
"client9@lab24-C-: <0.6168.0> 420te_Nachtricht. C Out: 23.10 18:13:38,246| (420);"Eingang HBQ:18:13:41; Eingang DLQ:18:13:41 C-In: 23.10 18:13:44,524|
"client8@lab24-C-: <0.6170.0> 421te_Nachtricht. C Out: 23.10 18:13:38,249| (421);"Eingang HBQ:18:13:41; Eingang DLQ:18:13:41 C-In: 23.10 18:13:44,531|
***Fehlernachricht fuer Nachrichtennummern 422 bis 428. 18:13:41 C-In: 23.10 18:13:44,536|
"lab29-6-<0.86.0>-T3: Msg #429, C-Out: 23.10 18:13:39,383|"Eingang HBQ:18:13:39; Eingang DLQ:18:13:42 C-In: 23.10 18:13:44,543|
"lab29-5-<0.89.0>-T3: Msg #430, C-Out: 23.10 18:13:39,586|"Eingang HBQ:18:13:39; Eingang DLQ:18:13:42 C-In: 23.10 18:13:44,548|
"lab29-10-<0.40.0>-T3: Msg #431, C-Out: 23.10 18:13:39,595|"Eingang HBQ:18:13:39; Eingang DLQ:18:13:42 C-In: 23.10 18:13:44,553|
"lab29-4-<0.93.0>-T3: Msg #432, C-Out: 23.10 18:13:39,787|"Eingang HBQ:18:13:39; Eingang DLQ:18:13:42 C-In: 23.10 18:13:44,556|
"lab29-9-<0.49.0>-T3: Msg #433, C-Out: 23.10 18:13:39,790|"Eingang HBQ:18:13:39; Eingang DLQ:18:13:42 C-In: 23.10 18:13:44,561|
"lab29-8-<0.80.0>-T3: Msg #434, C-Out: 23.10 18:13:39,985|"Eingang HBQ:18:13:39; Eingang DLQ:18:13:42 C-In: 23.10 18:13:44,567|
"lab29-3-<0.97.0>-T3: Msg #435, C-Out: 23.10 18:13:39,989|"Eingang HBQ:18:13:40; Eingang DLQ:18:13:42 C-In: 23.10 18:13:44,571|
"lab29-7-<0.83.0>-T3: Msg #436, C-Out: 23.10 18:13:40,186|"Eingang HBQ:18:13:40; Eingang DLQ:18:13:42 C-In: 23.10 18:13:44,577|
"lab29-2-<0.101.0>-T3: Msg #437, C-Out: 23.10 18:13:40,192|"Eingang HBQ:18:13:40; Eingang DLQ:18:13:42 C-In: 23.10 18:13:44,580|
***Fehlernachricht fuer Nachrichtennummern 438 bis 447. 18:13:42 C-In: 23.10 18:13:44,586|
"lab29-6-<0.86.0>-T3: Msg #448, C-Out: 23.10 18:13:40,386|"Eingang HBQ:18:13:40; Eingang DLQ:18:13:42 C-In: 23.10 18:13:44,592|
"lab29-1-<0.106.0>-T3: Msg #449, C-Out: 23.10 18:13:40,391|"Eingang HBQ:18:13:40; Eingang DLQ:18:13:42******* C-In: 23.10 18:13:44,597|
"lab29-5-<0.89.0>-T3: Msg #450, C-Out: 23.10 18:13:40,590|"Eingang HBQ:18:13:40; Eingang DLQ:18:13:42 C-In: 23.10 18:13:44,601|
"lab29-10-<0.40.0>-T3: Msg #451, C-Out: 23.10 18:13:40,598|"Eingang HBQ:18:13:40; Eingang DLQ:18:13:42 C-In: 23.10 18:13:44,603|
"lab29-4-<0.93.0>-T3: Msg #452, C-Out: 23.10 18:13:40,791|"Eingang HBQ:18:13:40; Eingang DLQ:18:13:42 C-In: 23.10 18:13:44,606|
"lab29-9-<0.49.0>-T3: Msg #453, C-Out: 23.10 18:13:40,793|"Eingang HBQ:18:13:40; Eingang DLQ:18:13:42 C-In: 23.10 18:13:44,609|
"lab29-8-<0.80.0>-T3: Msg #454, C-Out: 23.10 18:13:41,008|"Eingang HBQ:18:13:41; Eingang DLQ:18:13:42 C-In: 23.10 18:13:44,611|
"lab29-3-<0.97.0>-T3: Msg #455, C-Out: 23.10 18:13:41,008|"Eingang HBQ:18:13:41; Eingang DLQ:18:13:42 C-In: 23.10 18:13:44,614|
"lab29-7-<0.83.0>-T3: Msg #456, C-Out: 23.10 18:13:41,189|"Eingang HBQ:18:13:41; Eingang DLQ:18:13:42 C-In: 23.10 18:13:44,616|
"lab29-2-<0.101.0>-T3: Msg #457, C-Out: 23.10 18:13:41,198|"Eingang HBQ:18:13:41; Eingang DLQ:18:13:42 C-In: 23.10 18:13:44,618|
***Fehlernachricht fuer Nachrichtennummern 458 bis 467. 18:13:42 C-In: 23.10 18:13:44,620|
"lab29-6-<0.86.0>-T3: Msg #468, C-Out: 23.10 18:13:41,389|"Eingang HBQ:18:13:41; Eingang DLQ:18:13:43 C-In: 23.10 18:13:44,623|
"lab29-1-<0.106.0>-T3: Msg #469, C-Out: 23.10 18:13:41,394|"Eingang HBQ:18:13:41; Eingang DLQ:18:13:43******* C-In: 23.10 18:13:44,625|
"lab29-5-<0.89.0>-T3: Msg #470, C-Out: 23.10 18:13:41,594|"Eingang HBQ:18:13:41; Eingang DLQ:18:13:43 C-In: 23.10 18:13:44,631|
"lab29-10-<0.40.0>-T3: Msg #471, C-Out: 23.10 18:13:41,602|"Eingang HBQ:18:13:41; Eingang DLQ:18:13:43 C-In: 23.10 18:13:44,633|
"lab29-4-<0.93.0>-T3: Msg #472, C-Out: 23.10 18:13:41,797|"Eingang HBQ:18:13:41; Eingang DLQ:18:13:43 C-In: 23.10 18:13:44,636|
"lab29-9-<0.49.0>-T3: Msg #473, C-Out: 23.10 18:13:41,800|"Eingang HBQ:18:13:41; Eingang DLQ:18:13:43 C-In: 23.10 18:13:44,638|
"lab29-3-<0.97.0>-T3: Msg #474, C-Out: 23.10 18:13:42,014|"Eingang HBQ:18:13:42; Eingang DLQ:18:13:43 C-In: 23.10 18:13:44,640|
"lab29-8-<0.80.0>-T3: Msg #475, C-Out: 23.10 18:13:42,016|"Eingang HBQ:18:13:42; Eingang DLQ:18:13:43 C-In: 23.10 18:13:44,643|
"lab29-7-<0.83.0>-T3: Msg #476, C-Out: 23.10 18:13:42,192|"Eingang HBQ:18:13:42; Eingang DLQ:18:13:43 C-In: 23.10 18:13:44,645|
"lab29-2-<0.101.0>-T3: Msg #477, C-Out: 23.10 18:13:42,201|"Eingang HBQ:18:13:42; Eingang DLQ:18:13:43 C-In: 23.10 18:13:44,647|
***Fehlernachricht fuer Nachrichtennummern 478 bis 487. 18:13:43 C-In: 23.10 18:13:44,650|
ReceiveMsgs done
lab29-1-<0.106.0>-T3: Msg #578, C-Out: 23.10 18:13:45,654| gesendet
lab29-1-<0.106.0>-T3: Msg #608, C-Out: 23.10 18:13:46,657| gesendet
lab29-1-<0.106.0>-T3: Msg #627, C-Out: 23.10 18:13:47,668| gesendet
lab29-1-<0.106.0>-T3: Msg #642, C-Out: 23.10 18:13:48,681| gesendet
lab29-1-<0.106.0>-T3: Msg #665, C-Out: 23.10 18:13:49,684| gesendet
Neues Intervall: 1.5 Sekunden
Msg #694 um 23.10 18:13:49,689| vergessen zu senden
***Fehlernachricht fuer Nachrichtennummern 551 bis 551. 18:13:46 C-In: 23.10 18:13:49,690|
"lab29-3-<0.97.0>-T3: Msg #552, C-Out: 23.10 18:13:45,178|"Eingang HBQ:18:13:45; Eingang DLQ:18:13:47 C-In: 23.10 18:13:49,692|
***Fehlernachricht fuer Nachrichtennummern 553 bis 553. 18:13:47 C-In: 23.10 18:13:49,695|
"lab29-8-<0.80.0>-T3: Msg #554, C-Out: 23.10 18:13:45,236|"Eingang HBQ:18:13:45; Eingang DLQ:18:13:47 C-In: 23.10 18:13:49,697|
***Fehlernachricht fuer Nachrichtennummern 555 bis 556. 18:13:47 C-In: 23.10 18:13:49,699|
"lab29-7-<0.83.0>-T3: Msg #557, C-Out: 23.10 18:13:45,257|"Eingang HBQ:18:13:45; Eingang DLQ:18:13:47 C-In: 23.10 18:13:49,702|
***Fehlernachricht fuer Nachrichtennummern 558 bis 558. 18:13:47 C-In: 23.10 18:13:49,704|
"lab29-2-<0.101.0>-T3: Msg #559, C-Out: 23.10 18:13:45,274|"Eingang HBQ:18:13:45; Eingang DLQ:18:13:47 C-In: 23.10 18:13:49,706|
***Fehlernachricht fuer Nachrichtennummern 560 bis 572. 18:13:47 C-In: 23.10 18:13:49,708|
"client2@lab24-C-: <0.6176.0> 573te_Nachtricht. C Out: 23.10 18:13:44,604| (573);"Eingang HBQ:18:13:46; Eingang DLQ:18:13:47 C-In: 23.10 18:13:49,711|
"client7@lab24-C-: <0.6171.0> 574te_Nachtricht. C Out: 23.10 18:13:44,604| (574);"Eingang HBQ:18:13:46; Eingang DLQ:18:13:47 C-In: 23.10 18:13:49,713|
"client4@lab24-C-: <0.6174.0> 575te_Nachtricht. C Out: 23.10 18:13:44,604| (575);"Eingang HBQ:18:13:46; Eingang DLQ:18:13:47 C-In: 23.10 18:13:49,715|
***Fehlernachricht fuer Nachrichtennummern 576 bis 577. 18:13:47 C-In: 23.10 18:13:49,718|
"lab29-1-<0.106.0>-T3: Msg #578, C-Out: 23.10 18:13:45,654|"Eingang HBQ:18:13:45; Eingang DLQ:18:13:47******* C-In: 23.10 18:13:49,720|
"lab29-10-<0.40.0>-T3: Msg #579, C-Out: 23.10 18:13:45,743|"Eingang HBQ:18:13:45; Eingang DLQ:18:13:47 C-In: 23.10 18:13:49,722|
"lab29-6-<0.86.0>-T3: Msg #580, C-Out: 23.10 18:13:45,743|"Eingang HBQ:18:13:45; Eingang DLQ:18:13:47 C-In: 23.10 18:13:49,725|
"lab29-5-<0.89.0>-T3: Msg #581, C-Out: 23.10 18:13:45,821|"Eingang HBQ:18:13:45; Eingang DLQ:18:13:47 C-In: 23.10 18:13:49,727|
"lab29-4-<0.93.0>-T3: Msg #582, C-Out: 23.10 18:13:45,934|"Eingang HBQ:18:13:45; Eingang DLQ:18:13:47 C-In: 23.10 18:13:49,729|
"lab29-9-<0.49.0>-T3: Msg #583, C-Out: 23.10 18:13:45,985|"Eingang HBQ:18:13:45; Eingang DLQ:18:13:47 C-In: 23.10 18:13:49,732|
"lab29-3-<0.97.0>-T3: Msg #584, C-Out: 23.10 18:13:46,181|"Eingang HBQ:18:13:46; Eingang DLQ:18:13:47 C-In: 23.10 18:13:49,734|
"lab29-8-<0.80.0>-T3: Msg #585, C-Out: 23.10 18:13:46,240|"Eingang HBQ:18:13:46; Eingang DLQ:18:13:47 C-In: 23.10 18:13:49,737|
"lab29-7-<0.83.0>-T3: Msg #586, C-Out: 23.10 18:13:46,264|"Eingang HBQ:18:13:46; Eingang DLQ:18:13:47 C-In: 23.10 18:13:49,761|
***Fehlernachricht fuer Nachrichtennummern 587 bis 591. 18:13:47 C-In: 23.10 18:13:49,762|
"lab29-2-<0.101.0>-T3: Msg #592, C-Out: 23.10 18:13:46,281|"Eingang HBQ:18:13:46; Eingang DLQ:18:13:47 C-In: 23.10 18:13:49,764|
***Fehlernachricht fuer Nachrichtennummern 593 bis 598. 18:13:47 C-In: 23.10 18:13:49,766|
"client7@lab24-C-: <0.6223.0> 599te_Nachtricht. C Out: 23.10 18:13:45,561| (599);"Eingang HBQ:18:13:47; Eingang DLQ:18:13:47 C-In: 23.10 18:13:49,769|
"client8@lab24-C-: <0.6221.0> 600te_Nachtricht. C Out: 23.10 18:13:45,565| (600);"Eingang HBQ:18:13:47; Eingang DLQ:18:13:47 C-In: 23.10 18:13:49,772|
***Fehlernachricht fuer Nachrichtennummern 601 bis 601. 18:13:47 C-In: 23.10 18:13:49,774|
"client5@lab24-C-: <0.6225.0> 602te_Nachtricht. C Out: 23.10 18:13:45,574| (602);"Eingang HBQ:18:13:47; Eingang DLQ:18:13:48 C-In: 23.10 18:13:49,776|
***Fehlernachricht fuer Nachrichtennummern 603 bis 604. 18:13:48 C-In: 23.10 18:13:49,779|
"client9@lab24-C-: <0.6220.0> 605te_Nachtricht. C Out: 23.10 18:13:45,601| (605);"Eingang HBQ:18:13:47; Eingang DLQ:18:13:48 C-In: 23.10 18:13:49,782|
***Fehlernachricht fuer Nachrichtennummern 606 bis 606. 18:13:48 C-In: 23.10 18:13:49,784|
"client2@lab24-C-: <0.6228.0> 607te_Nachtricht. C Out: 23.10 18:13:45,601| (607);"Eingang HBQ:18:13:47; Eingang DLQ:18:13:48 C-In: 23.10 18:13:49,787|
"lab29-1-<0.106.0>-T3: Msg #608, C-Out: 23.10 18:13:46,657|"Eingang HBQ:18:13:46; Eingang DLQ:18:13:48******* C-In: 23.10 18:13:49,789|
"client3@lab24-C-: <0.6123.0> 609te_Nachtricht. C Out: 23.10 18:13:45,687| (609);"Eingang HBQ:18:13:47; Eingang DLQ:18:13:48 C-In: 23.10 18:13:49,792|
"client7@lab24-C-: <0.6119.0> 610te_Nachtricht. C Out: 23.10 18:13:45,730| (610);"Eingang HBQ:18:13:47; Eingang DLQ:18:13:48 C-In: 23.10 18:13:49,794|
"client5@lab24-C-: <0.6121.0> 611te_Nachtricht. C Out: 23.10 18:13:45,731| (611);"Eingang HBQ:18:13:47; Eingang DLQ:18:13:48 C-In: 23.10 18:13:49,796|
"client2@lab24-C-: <0.6124.0> 612te_Nachtricht. C Out: 23.10 18:13:45,741| (612);"Eingang HBQ:18:13:47; Eingang DLQ:18:13:48 C-In: 23.10 18:13:49,798|
"client10@lab24-C-: <0.6115.0> 613te_Nachtricht. C Out: 23.10 18:13:45,741| (613);"Eingang HBQ:18:13:47; Eingang DLQ:18:13:48 C-In: 23.10 18:13:49,799|
"client1@lab24-C-: <0.6125.0> 614te_Nachtricht. C Out: 23.10 18:13:45,741| (614);"Eingang HBQ:18:13:47; Eingang DLQ:18:13:48 C-In: 23.10 18:13:49,800|
"lab29-6-<0.86.0>-T3: Msg #615, C-Out: 23.10 18:13:46,747|"Eingang HBQ:18:13:46; Eingang DLQ:18:13:48 C-In: 23.10 18:13:49,800|
"lab29-10-<0.40.0>-T3: Msg #616, C-Out: 23.10 18:13:46,751|"Eingang HBQ:18:13:46; Eingang DLQ:18:13:48 C-In: 23.10 18:13:49,801|
"lab29-5-<0.89.0>-T3: Msg #617, C-Out: 23.10 18:13:46,828|"Eingang HBQ:18:13:46; Eingang DLQ:18:13:48 C-In: 23.10 18:13:49,802|
"lab29-4-<0.93.0>-T3: Msg #618, C-Out: 23.10 18:13:46,943|"Eingang HBQ:18:13:46; Eingang DLQ:18:13:48 C-In: 23.10 18:13:49,804|
"lab29-9-<0.49.0>-T3: Msg #619, C-Out: 23.10 18:13:46,991|"Eingang HBQ:18:13:46; Eingang DLQ:18:13:48 C-In: 23.10 18:13:49,804|
"lab29-3-<0.97.0>-T3: Msg #620, C-Out: 23.10 18:13:47,188|"Eingang HBQ:18:13:47; Eingang DLQ:18:13:48 C-In: 23.10 18:13:49,806|
"lab29-8-<0.80.0>-T3: Msg #621, C-Out: 23.10 18:13:47,243|"Eingang HBQ:18:13:47; Eingang DLQ:18:13:48 C-In: 23.10 18:13:49,807|
"lab29-7-<0.83.0>-T3: Msg #622, C-Out: 23.10 18:13:47,267|"Eingang HBQ:18:13:47; Eingang DLQ:18:13:48 C-In: 23.10 18:13:49,808|
"lab29-2-<0.101.0>-T3: Msg #623, C-Out: 23.10 18:13:47,285|"Eingang HBQ:18:13:47; Eingang DLQ:18:13:48 C-In: 23.10 18:13:49,809|
***Fehlernachricht fuer Nachrichtennummern 624 bis 626. 18:13:48 C-In: 23.10 18:13:49,810|
"lab29-1-<0.106.0>-T3: Msg #627, C-Out: 23.10 18:13:47,668|"Eingang HBQ:18:13:47; Eingang DLQ:18:13:49******* C-In: 23.10 18:13:49,812|
"lab29-6-<0.86.0>-T3: Msg #628, C-Out: 23.10 18:13:47,754|"Eingang HBQ:18:13:47; Eingang DLQ:18:13:49 C-In: 23.10 18:13:49,813|
"lab29-10-<0.40.0>-T3: Msg #629, C-Out: 23.10 18:13:47,754|"Eingang HBQ:18:13:47; Eingang DLQ:18:13:49 C-In: 23.10 18:13:49,815|
"lab29-5-<0.89.0>-T3: Msg #630, C-Out: 23.10 18:13:47,833|"Eingang HBQ:18:13:47; Eingang DLQ:18:13:49 C-In: 23.10 18:13:49,818|
"lab29-4-<0.93.0>-T3: Msg #631, C-Out: 23.10 18:13:47,946|"Eingang HBQ:18:13:47; Eingang DLQ:18:13:49 C-In: 23.10 18:13:49,820|
"lab29-9-<0.49.0>-T3: Msg #632, C-Out: 23.10 18:13:47,999|"Eingang HBQ:18:13:47; Eingang DLQ:18:13:49 C-In: 23.10 18:13:49,822|
"lab29-3-<0.97.0>-T3: Msg #633, C-Out: 23.10 18:13:48,192|"Eingang HBQ:18:13:48; Eingang DLQ:18:13:49 C-In: 23.10 18:13:49,825|
"lab29-8-<0.80.0>-T3: Msg #634, C-Out: 23.10 18:13:48,246|"Eingang HBQ:18:13:48; Eingang DLQ:18:13:49 C-In: 23.10 18:13:49,827|
"lab29-7-<0.83.0>-T3: Msg #635, C-Out: 23.10 18:13:48,283|"Eingang HBQ:18:13:48; Eingang DLQ:18:13:49 C-In: 23.10 18:13:49,829|
"lab29-2-<0.101.0>-T3: Msg #636, C-Out: 23.10 18:13:48,298|"Eingang HBQ:18:13:48; Eingang DLQ:18:13:49 C-In: 23.10 18:13:49,832|
"client7@lab24-C-: <0.6223.0> 637te_Nachtricht. C Out: 23.10 18:13:47,566| (637);"Eingang HBQ:18:13:49; Eingang DLQ:18:13:49 C-In: 23.10 18:13:49,834|
"client8@lab24-C-: <0.6221.0> 638te_Nachtricht. C Out: 23.10 18:13:47,571| (638);"Eingang HBQ:18:13:49; Eingang DLQ:18:13:49 C-In: 23.10 18:13:49,836|
"client5@lab24-C-: <0.6225.0> 639te_Nachtricht. C Out: 23.10 18:13:47,580| (639);"Eingang HBQ:18:13:49; Eingang DLQ:18:13:49 C-In: 23.10 18:13:49,838|
"client9@lab24-C-: <0.6220.0> 640te_Nachtricht. C Out: 23.10 18:13:47,602| (640);"Eingang HBQ:18:13:49; Eingang DLQ:18:13:49 C-In: 23.10 18:13:49,841|
"client2@lab24-C-: <0.6228.0> 641te_Nachtricht. C Out: 23.10 18:13:47,603| (641);"Eingang HBQ:18:13:49; Eingang DLQ:18:13:49 C-In: 23.10 18:13:49,843|
"lab29-1-<0.106.0>-T3: Msg #642, C-Out: 23.10 18:13:48,681|"Eingang HBQ:18:13:48; Eingang DLQ:18:13:49******* C-In: 23.10 18:13:49,845|
"client3@lab24-C-: <0.6123.0> 643te_Nachtricht. C Out: 23.10 18:13:47,690| (643);"Eingang HBQ:18:13:49; Eingang DLQ:18:13:49 C-In: 23.10 18:13:49,847|
"client7@lab24-C-: <0.6119.0> 644te_Nachtricht. C Out: 23.10 18:13:47,735| (644);"Eingang HBQ:18:13:49; Eingang DLQ:18:13:49 C-In: 23.10 18:13:49,851|
***Fehlernachricht fuer Nachrichtennummern 645 bis 649. 18:13:49 C-In: 23.10 18:13:49,853|
ReceiveMsgs done
lab29-1-<0.106.0>-T3: Msg #701, C-Out: 23.10 18:13:51,357| gesendet
lab29-1-<0.106.0>-T3: Msg #719, C-Out: 23.10 18:13:52,861| gesendet
lab29-1-<0.106.0>-T3: Msg #743, C-Out: 23.10 18:13:54,373| gesendet
lab29-1-<0.106.0>-T3: Msg #779, C-Out: 23.10 18:13:56,539| gesendet
lab29-1-<0.106.0>-T3: Msg #834, C-Out: 23.10 18:13:58,042| gesendet
Neues Intervall: 2.25 Sekunden
Msg #868 um 23.10 18:13:58,046| vergessen zu senden
"client10@lab24-C-: <0.6115.0> 731te_Nachtricht. C Out: 23.10 18:13:51,798| (731);"Eingang HBQ:18:13:53; Eingang DLQ:18:13:53 C-In: 23.10 18:13:58,048|
"client1@lab24-C-: <0.6125.0> 732te_Nachtricht. C Out: 23.10 18:13:51,798| (732);"Eingang HBQ:18:13:53; Eingang DLQ:18:13:53 C-In: 23.10 18:13:58,052|
"lab29-6-<0.86.0>-T3: Msg #733, C-Out: 23.10 18:13:53,326|"Eingang HBQ:18:13:53; Eingang DLQ:18:13:53 C-In: 23.10 18:13:58,054|
"lab29-5-<0.89.0>-T3: Msg #734, C-Out: 23.10 18:13:53,487|"Eingang HBQ:18:13:53; Eingang DLQ:18:13:53 C-In: 23.10 18:13:58,056|
"lab29-4-<0.93.0>-T3: Msg #735, C-Out: 23.10 18:13:53,612|"Eingang HBQ:18:13:53; Eingang DLQ:18:13:53 C-In: 23.10 18:13:58,059|
"lab29-3-<0.97.0>-T3: Msg #736, C-Out: 23.10 18:13:53,832|"Eingang HBQ:18:13:53; Eingang DLQ:18:13:53 C-In: 23.10 18:13:58,061|
"lab29-10-<0.40.0>-T3: Msg #737, C-Out: 23.10 18:13:53,920|"Eingang HBQ:18:13:53; Eingang DLQ:18:13:55 C-In: 23.10 18:13:58,064|
"lab29-2-<0.101.0>-T3: Msg #738, C-Out: 23.10 18:13:53,952|"Eingang HBQ:18:13:53; Eingang DLQ:18:13:55 C-In: 23.10 18:13:58,064|
"client4@lab24-C-: <0.6174.0> 739te_Nachtricht. C Out: 23.10 18:13:52,621| (739);"Eingang HBQ:18:13:54; Eingang DLQ:18:13:55 C-In: 23.10 18:13:58,066|
"client7@lab24-C-: <0.6171.0> 740te_Nachtricht. C Out: 23.10 18:13:52,632| (740);"Eingang HBQ:18:13:54; Eingang DLQ:18:13:55 C-In: 23.10 18:13:58,069|
"client2@lab24-C-: <0.6176.0> 741te_Nachtricht. C Out: 23.10 18:13:52,635| (741);"Eingang HBQ:18:13:54; Eingang DLQ:18:13:55 C-In: 23.10 18:13:58,071|
"lab29-9-<0.49.0>-T3: Msg #742, C-Out: 23.10 18:13:54,141|"Eingang HBQ:18:13:54; Eingang DLQ:18:13:55 C-In: 23.10 18:13:58,073|
"lab29-1-<0.106.0>-T3: Msg #743, C-Out: 23.10 18:13:54,373|"Eingang HBQ:18:13:54; Eingang DLQ:18:13:55******* C-In: 23.10 18:13:58,074|
"lab29-8-<0.80.0>-T3: Msg #744, C-Out: 23.10 18:13:54,426|"Eingang HBQ:18:13:54; Eingang DLQ:18:13:55 C-In: 23.10 18:13:58,074|
"lab29-7-<0.83.0>-T3: Msg #745, C-Out: 23.10 18:13:54,426|"Eingang HBQ:18:13:54; Eingang DLQ:18:13:55 C-In: 23.10 18:13:58,075|
"lab29-6-<0.86.0>-T3: Msg #746, C-Out: 23.10 18:13:54,828|"Eingang HBQ:18:13:54; Eingang DLQ:18:13:55 C-In: 23.10 18:13:58,076|
***Fehlernachricht fuer Nachrichtennummern 747 bis 751. 18:13:55 C-In: 23.10 18:13:58,076|
"lab29-5-<0.89.0>-T3: Msg #752, C-Out: 23.10 18:13:54,989|"Eingang HBQ:18:13:54; Eingang DLQ:18:13:56 C-In: 23.10 18:13:58,077|
"client7@lab24-C-: <0.6223.0> 753te_Nachtricht. C Out: 23.10 18:13:53,575| (753);"Eingang HBQ:18:13:55; Eingang DLQ:18:13:56 C-In: 23.10 18:13:58,078|
"client8@lab24-C-: <0.6221.0> 754te_Nachtricht. C Out: 23.10 18:13:53,591| (754);"Eingang HBQ:18:13:55; Eingang DLQ:18:13:56 C-In: 23.10 18:13:58,079|
"client5@lab24-C-: <0.6225.0> 755te_Nachtricht. C Out: 23.10 18:13:53,596| (755);"Eingang HBQ:18:13:55; Eingang DLQ:18:13:56 C-In: 23.10 18:13:58,079|
"client9@lab24-C-: <0.6220.0> 756te_Nachtricht. C Out: 23.10 18:13:53,610| (756);"Eingang HBQ:18:13:55; Eingang DLQ:18:13:56 C-In: 23.10 18:13:58,080|
"lab29-4-<0.93.0>-T3: Msg #757, C-Out: 23.10 18:13:55,114|"Eingang HBQ:18:13:55; Eingang DLQ:18:13:56 C-In: 23.10 18:13:58,081|
"client2@lab24-C-: <0.6228.0> 758te_Nachtricht. C Out: 23.10 18:13:53,617| (758);"Eingang HBQ:18:13:55; Eingang DLQ:18:13:56 C-In: 23.10 18:13:58,081|
***Fehlernachricht fuer Nachrichtennummern 759 bis 768. 18:13:56 C-In: 23.10 18:13:58,082|
"client3@lab24-C-: <0.6123.0> 769te_Nachtricht. C Out: 23.10 18:13:53,812| (769);"Eingang HBQ:18:13:54; Eingang DLQ:18:13:56 C-In: 23.10 18:13:58,083|
"lab29-3-<0.97.0>-T3: Msg #770, C-Out: 23.10 18:13:55,365|"Eingang HBQ:18:13:55; Eingang DLQ:18:13:56 C-In: 23.10 18:13:58,083|
"lab29-10-<0.40.0>-T3: Msg #771, C-Out: 23.10 18:13:55,422|"Eingang HBQ:18:13:55; Eingang DLQ:18:13:56 C-In: 23.10 18:13:58,084|
"lab29-2-<0.101.0>-T3: Msg #772, C-Out: 23.10 18:13:55,453|"Eingang HBQ:18:13:55; Eingang DLQ:18:13:56 C-In: 23.10 18:13:58,085|
"client1@lab24-C-: <0.6125.0> 773te_Nachtricht. C Out: 23.10 18:13:54,053| (773);"Eingang HBQ:18:13:55; Eingang DLQ:18:13:56 C-In: 23.10 18:13:58,086|
"client5@lab24-C-: <0.6121.0> 774te_Nachtricht. C Out: 23.10 18:13:54,053| (774);"Eingang HBQ:18:13:55; Eingang DLQ:18:13:56 C-In: 23.10 18:13:58,089|
"client2@lab24-C-: <0.6124.0> 775te_Nachtricht. C Out: 23.10 18:13:54,053| (775);"Eingang HBQ:18:13:55; Eingang DLQ:18:13:56 C-In: 23.10 18:13:58,089|
***Fehlernachricht fuer Nachrichtennummern 776 bis 777. 18:13:56 C-In: 23.10 18:13:58,090|
"lab29-9-<0.49.0>-T3: Msg #778, C-Out: 23.10 18:13:55,643|"Eingang HBQ:18:13:55; Eingang DLQ:18:13:57 C-In: 23.10 18:13:58,091|
"lab29-1-<0.106.0>-T3: Msg #779, C-Out: 23.10 18:13:56,539|"Eingang HBQ:18:13:56; Eingang DLQ:18:13:57******* C-In: 23.10 18:13:58,091|
"lab29-7-<0.83.0>-T3: Msg #780, C-Out: 23.10 18:13:56,540|"Eingang HBQ:18:13:56; Eingang DLQ:18:13:57 C-In: 23.10 18:13:58,092|
"lab29-8-<0.80.0>-T3: Msg #781, C-Out: 23.10 18:13:56,540|"Eingang HBQ:18:13:56; Eingang DLQ:18:13:57 C-In: 23.10 18:13:58,093|
***Fehlernachricht fuer Nachrichtennummern 782 bis 791. 18:13:57 C-In: 23.10 18:13:58,094|
"client4@lab24-C-: <0.6174.0> 792te_Nachtricht. C Out: 23.10 18:13:54,721| (792);"Eingang HBQ:18:13:55; Eingang DLQ:18:13:57 C-In: 23.10 18:13:58,095|
"client7@lab24-C-: <0.6171.0> 793te_Nachtricht. C Out: 23.10 18:13:54,740| (793);"Eingang HBQ:18:13:55; Eingang DLQ:18:13:57 C-In: 23.10 18:13:58,095|
"client2@lab24-C-: <0.6176.0> 794te_Nachtricht. C Out: 23.10 18:13:54,742| (794);"Eingang HBQ:18:13:55; Eingang DLQ:18:13:57 C-In: 23.10 18:13:58,096|
"client3@lab24-C-: <0.6123.0> 795te_Nachtricht. C Out: 23.10 18:13:54,814| (795);"Eingang HBQ:18:13:55; Eingang DLQ:18:13:57 C-In: 23.10 18:13:58,097|
"lab29-6-<0.86.0>-T3: Msg #796, C-Out: 23.10 18:13:56,540|"Eingang HBQ:18:13:56; Eingang DLQ:18:13:57 C-In: 23.10 18:13:58,097|
"lab29-5-<0.89.0>-T3: Msg #797, C-Out: 23.10 18:13:56,540|"Eingang HBQ:18:13:56; Eingang DLQ:18:13:57 C-In: 23.10 18:13:58,098|
"client2@lab24-C-: <0.6124.0> 798te_Nachtricht. C Out: 23.10 18:13:55,058| (798);"Eingang HBQ:18:13:56; Eingang DLQ:18:13:57 C-In: 23.10 18:13:58,099|
"client5@lab24-C-: <0.6121.0> 799te_Nachtricht. C Out: 23.10 18:13:55,059| (799);"Eingang HBQ:18:13:56; Eingang DLQ:18:13:57 C-In: 23.10 18:13:58,099|
"client1@lab24-C-: <0.6125.0> 800te_Nachtricht. C Out: 23.10 18:13:55,060| (800);"Eingang HBQ:18:13:56; Eingang DLQ:18:13:57 C-In: 23.10 18:13:58,100|
"lab29-4-<0.93.0>-T3: Msg #801, C-Out: 23.10 18:13:56,618|"Eingang HBQ:18:13:56; Eingang DLQ:18:13:57 C-In: 23.10 18:13:58,101|
"lab29-3-<0.97.0>-T3: Msg #802, C-Out: 23.10 18:13:56,868|"Eingang HBQ:18:13:56; Eingang DLQ:18:13:57 C-In: 23.10 18:13:58,102|
***Fehlernachricht fuer Nachrichtennummern 803 bis 803. 18:13:57 C-In: 23.10 18:13:58,102|
ReceiveMsgs done
lab29-1-<0.106.0>-T3: Msg #872, C-Out: 23.10 18:14:00,354| gesendet
lab29-1-<0.106.0>-T3: Msg #897, C-Out: 23.10 18:14:02,622| gesendet
lab29-1-<0.106.0>-T3: Msg #912, C-Out: 23.10 18:14:04,874| gesendet
lab29-1-<0.106.0>-T3: Msg #922, C-Out: 23.10 18:14:07,126| gesendet
lab29-1-<0.106.0>-T3: Msg #1018, C-Out: 23.10 18:14:09,380| gesendet
Neues Intervall: 3.375 Sekunden
Msg #1095 um 23.10 18:14:09,385| vergessen zu senden
"client1@lab21-C-: <0.1517.0> 911te_Nachricht. C Out: 23.10 18:14:02,383| (911);"Eingang HBQ:18:14:5; Eingang DLQ:18:14:6 C-In: 23.10 18:14:09,385|
"lab29-1-<0.106.0>-T3: Msg #912, C-Out: 23.10 18:14:04,874|"Eingang HBQ:18:14:4; Eingang DLQ:18:14:6******* C-In: 23.10 18:14:09,386|
"lab29-6-<0.86.0>-T3: Msg #913, C-Out: 23.10 18:14:05,735|"Eingang HBQ:18:14:5; Eingang DLQ:18:14:6 C-In: 23.10 18:14:09,387|
"lab29-5-<0.89.0>-T3: Msg #914, C-Out: 23.10 18:14:05,744|"Eingang HBQ:18:14:5; Eingang DLQ:18:14:6 C-In: 23.10 18:14:09,387|
"lab29-7-<0.83.0>-T3: Msg #915, C-Out: 23.10 18:14:05,744|"Eingang HBQ:18:14:5; Eingang DLQ:18:14:6 C-In: 23.10 18:14:09,388|
"lab29-9-<0.49.0>-T3: Msg #916, C-Out: 23.10 18:14:05,744|"Eingang HBQ:18:14:5; Eingang DLQ:18:14:6 C-In: 23.10 18:14:09,389|
"lab29-8-<0.80.0>-T3: Msg #917, C-Out: 23.10 18:14:05,744|"Eingang HBQ:18:14:5; Eingang DLQ:18:14:6 C-In: 23.10 18:14:09,389|
"lab29-4-<0.93.0>-T3: Msg #918, C-Out: 23.10 18:14:05,759|"Eingang HBQ:18:14:5; Eingang DLQ:18:14:6 C-In: 23.10 18:14:09,390|
"lab29-3-<0.97.0>-T3: Msg #919, C-Out: 23.10 18:14:05,915|"Eingang HBQ:18:14:5; Eingang DLQ:18:14:6 C-In: 23.10 18:14:09,392|
"lab29-2-<0.101.0>-T3: Msg #920, C-Out: 23.10 18:14:06,013|"Eingang HBQ:18:14:6; Eingang DLQ:18:14:6 C-In: 23.10 18:14:09,393|
"lab29-10-<0.40.0>-T3: Msg #921, C-Out: 23.10 18:14:06,848|"Eingang HBQ:18:14:6; Eingang DLQ:18:14:6 C-In: 23.10 18:14:09,398|
"lab29-1-<0.106.0>-T3: Msg #922, C-Out: 23.10 18:14:07,126|"Eingang HBQ:18:14:7; Eingang DLQ:18:14:8******* C-In: 23.10 18:14:09,401|
"client10@lab24-C-: <0.10220.0> 923te_Nachtricht. C Out: 23.10 18:14:05,244| (923);"Eingang HBQ:18:14:8; Eingang DLQ:18:14:8 C-In: 23.10 18:14:09,404|
"client9@lab24-C-: <0.10221.0> 924te_Nachtricht. C Out: 23.10 18:14:05,244| (924);"Eingang HBQ:18:14:8; Eingang DLQ:18:14:8 C-In: 23.10 18:14:09,408|
"client8@lab24-C-: <0.10222.0> 925te_Nachtricht. C Out: 23.10 18:14:05,252| (925);"Eingang HBQ:18:14:8; Eingang DLQ:18:14:8 C-In: 23.10 18:14:09,411|
"client7@lab24-C-: <0.10224.0> 926te_Nachtricht. C Out: 23.10 18:14:05,252| (926);"Eingang HBQ:18:14:8; Eingang DLQ:18:14:8 C-In: 23.10 18:14:09,413|
"client6@lab24-C-: <0.10225.0> 927te_Nachtricht. C Out: 23.10 18:14:05,252| (927);"Eingang HBQ:18:14:8; Eingang DLQ:18:14:8 C-In: 23.10 18:14:09,417|
"client5@lab24-C-: <0.10226.0> 928te_Nachtricht. C Out: 23.10 18:14:05,252| (928);"Eingang HBQ:18:14:8; Eingang DLQ:18:14:8 C-In: 23.10 18:14:09,419|
"client4@lab24-C-: <0.10227.0> 929te_Nachtricht. C Out: 23.10 18:14:05,252| (929);"Eingang HBQ:18:14:8; Eingang DLQ:18:14:8 C-In: 23.10 18:14:09,422|
"client3@lab24-C-: <0.10228.0> 930te_Nachtricht. C Out: 23.10 18:14:05,252| (930);"Eingang HBQ:18:14:8; Eingang DLQ:18:14:8 C-In: 23.10 18:14:09,426|
"client2@lab24-C-: <0.10229.0> 931te_Nachtricht. C Out: 23.10 18:14:05,252| (931);"Eingang HBQ:18:14:8; Eingang DLQ:18:14:8 C-In: 23.10 18:14:09,428|
"client1@lab24-C-: <0.10230.0> 932te_Nachtricht. C Out: 23.10 18:14:05,252| (932);"Eingang HBQ:18:14:8; Eingang DLQ:18:14:8 C-In: 23.10 18:14:09,431|
"client5@lab21-C-: <0.1512.0> 933te_Nachricht. C Out: 23.10 18:14:05,372| (933);"Eingang HBQ:18:14:8; Eingang DLQ:18:14:8 C-In: 23.10 18:14:09,433|
"client3@lab21-C-: <0.1515.0> 934te_Nachricht. C Out: 23.10 18:14:05,372| (934);"Eingang HBQ:18:14:8; Eingang DLQ:18:14:8 C-In: 23.10 18:14:09,437|
"client4@lab21-C-: <0.1513.0> 935te_Nachricht. C Out: 23.10 18:14:05,372| (935);"Eingang HBQ:18:14:8; Eingang DLQ:18:14:8 C-In: 23.10 18:14:09,440|
"client1@lab21-C-: <0.1517.0> 936te_Nachricht. C Out: 23.10 18:14:05,395| (936);"Eingang HBQ:18:14:8; Eingang DLQ:18:14:8 C-In: 23.10 18:14:09,442|
"client2@lab21-C-: <0.1516.0> 937te_Nachricht. C Out: 23.10 18:14:05,396| (937);"Eingang HBQ:18:14:8; Eingang DLQ:18:14:8 C-In: 23.10 18:14:09,444|
"client10@lab24-C-: <0.10263.0> 938te_Nachtricht. C Out: 23.10 18:14:05,573| (938);"Eingang HBQ:18:14:8; Eingang DLQ:18:14:8 C-In: 23.10 18:14:09,445|
"client9@lab24-C-: <0.10264.0> 939te_Nachtricht. C Out: 23.10 18:14:05,574| (939);"Eingang HBQ:18:14:8; Eingang DLQ:18:14:8 C-In: 23.10 18:14:09,445|
***Fehlernachricht fuer Nachrichtennummern 940 bis 947. 18:14:8 C-In: 23.10 18:14:09,446|
"lab29-6-<0.86.0>-T3: Msg #948, C-Out: 23.10 18:14:07,995|"Eingang HBQ:18:14:7; Eingang DLQ:18:14:9 C-In: 23.10 18:14:09,449|
"lab29-7-<0.83.0>-T3: Msg #949, C-Out: 23.10 18:14:07,004|"Eingang HBQ:18:14:8; Eingang DLQ:18:14:9 C-In: 23.10 18:14:09,451|
"lab29-5-<0.89.0>-T3: Msg #950, C-Out: 23.10 18:14:07,004|"Eingang HBQ:18:14:8; Eingang DLQ:18:14:9 C-In: 23.10 18:14:09,452|
"lab29-9-<0.49.0>-T3: Msg #951, C-Out: 23.10 18:14:07,004|"Eingang HBQ:18:14:8; Eingang DLQ:18:14:9 C-In: 23.10 18:14:09,456|
"lab29-8-<0.80.0>-T3: Msg #952, C-Out: 23.10 18:14:07,004|"Eingang HBQ:18:14:8; Eingang DLQ:18:14:9 C-In: 23.10 18:14:09,488|
"lab29-4-<0.93.0>-T3: Msg #953, C-Out: 23.10 18:14:08,018|"Eingang HBQ:18:14:8; Eingang DLQ:18:14:9 C-In: 23.10 18:14:09,488|
"client10@lab24-C-: <0.10324.0> 954te_Nachtricht. C Out: 23.10 18:14:05,795| (954);"Eingang HBQ:18:14:8; Eingang DLQ:18:14:9 C-In: 23.10 18:14:09,489|
"client9@lab24-C-: <0.10325.0> 955te_Nachtricht. C Out: 23.10 18:14:05,797| (955);"Eingang HBQ:18:14:8; Eingang DLQ:18:14:9 C-In: 23.10 18:14:09,490|
"client8@lab24-C-: <0.10327.0> 956te_Nachtricht. C Out: 23.10 18:14:05,797| (956);"Eingang HBQ:18:14:8; Eingang DLQ:18:14:9 C-In: 23.10 18:14:09,490|
"client7@lab24-C-: <0.10328.0> 957te_Nachtricht. C Out: 23.10 18:14:05,797| (957);"Eingang HBQ:18:14:8; Eingang DLQ:18:14:9 C-In: 23.10 18:14:09,491|
"client6@lab24-C-: <0.10329.0> 958te_Nachtricht. C Out: 23.10 18:14:05,797| (958);"Eingang HBQ:18:14:8; Eingang DLQ:18:14:9 C-In: 23.10 18:14:09,491|
"client5@lab24-C-: <0.10330.0> 959te_Nachtricht. C Out: 23.10 18:14:05,797| (959);"Eingang HBQ:18:14:8; Eingang DLQ:18:14:9 C-In: 23.10 18:14:09,492|
"client4@lab24-C-: <0.10331.0> 960te_Nachtricht. C Out: 23.10 18:14:05,797| (960);"Eingang HBQ:18:14:8; Eingang DLQ:18:14:9 C-In: 23.10 18:14:09,493|
"client3@lab24-C-: <0.10332.0> 961te_Nachtricht. C Out: 23.10 18:14:05,797| (961);"Eingang HBQ:18:14:8; Eingang DLQ:18:14:9 C-In: 23.10 18:14:09,493|
"client2@lab24-C-: <0.10333.0> 962te_Nachtricht. C Out: 23.10 18:14:05,797| (962);"Eingang HBQ:18:14:8; Eingang DLQ:18:14:9 C-In: 23.10 18:14:09,494|
"client1@lab24-C-: <0.10334.0> 963te_Nachtricht. C Out: 23.10 18:14:05,797| (963);"Eingang HBQ:18:14:8; Eingang DLQ:18:14:9 C-In: 23.10 18:14:09,495|
"lab29-3-<0.97.0>-T3: Msg #964, C-Out: 23.10 18:14:08,170|"Eingang HBQ:18:14:8; Eingang DLQ:18:14:9 C-In: 23.10 18:14:09,496|
"lab29-2-<0.101.0>-T3: Msg #965, C-Out: 23.10 18:14:08,267|"Eingang HBQ:18:14:8; Eingang DLQ:18:14:9 C-In: 23.10 18:14:09,496|
"client10@lab24-C-: <0.10376.0> 966te_Nachtricht. C Out: 23.10 18:14:06,027| (966);"Eingang HBQ:18:14:9; Eingang DLQ:18:14:9 C-In: 23.10 18:14:09,497|
***Fehlernachricht fuer Nachrichtennummern 967 bis 968. 18:14:9 C-In: 23.10 18:14:09,497|
"client7@lab24-C-: <0.10380.0> 969te_Nachtricht. C Out: 23.10 18:14:06,030| (969);"Eingang HBQ:18:14:9; Eingang DLQ:18:14:9 C-In: 23.10 18:14:09,498|
"client6@lab24-C-: <0.10381.0> 970te_Nachtricht. C Out: 23.10 18:14:06,030| (970);"Eingang HBQ:18:14:9; Eingang DLQ:18:14:9 C-In: 23.10 18:14:09,498|
"client5@lab24-C-: <0.10382.0> 971te_Nachtricht. C Out: 23.10 18:14:06,030| (971);"Eingang HBQ:18:14:9; Eingang DLQ:18:14:9 C-In: 23.10 18:14:09,499|
"client4@lab24-C-: <0.10383.0> 972te_Nachtricht. C Out: 23.10 18:14:06,030| (972);"Eingang HBQ:18:14:9; Eingang DLQ:18:14:9 C-In: 23.10 18:14:09,500|
"client3@lab24-C-: <0.10384.0> 973te_Nachtricht. C Out: 23.10 18:14:06,030| (973);"Eingang HBQ:18:14:9; Eingang DLQ:18:14:9 C-In: 23.10 18:14:09,500|
"client2@lab24-C-: <0.10385.0> 974te_Nachtricht. C Out: 23.10 18:14:06,030| (974);"Eingang HBQ:18:14:9; Eingang DLQ:18:14:9 C-In: 23.10 18:14:09,501|
"client1@lab24-C-: <0.10386.0> 975te_Nachtricht. C Out: 23.10 18:14:06,030| (975);"Eingang HBQ:18:14:9; Eingang DLQ:18:14:9 C-In: 23.10 18:14:09,501|
"client10@lab24-C-: <0.10428.0> 976te_Nachtricht. C Out: 23.10 18:14:06,243| (976);"Eingang HBQ:18:14:9; Eingang DLQ:18:14:9 C-In: 23.10 18:14:09,502|
"client9@lab24-C-: <0.10429.0> 977te_Nachtricht. C Out: 23.10 18:14:06,246| (977);"Eingang HBQ:18:14:9; Eingang DLQ:18:14:9 C-In: 23.10 18:14:09,503|
"client8@lab24-C-: <0.10430.0> 978te_Nachtricht. C Out: 23.10 18:14:06,246| (978);"Eingang HBQ:18:14:9; Eingang DLQ:18:14:9 C-In: 23.10 18:14:09,503|
"client7@lab24-C-: <0.10432.0> 979te_Nachtricht. C Out: 23.10 18:14:06,246| (979);"Eingang HBQ:18:14:9; Eingang DLQ:18:14:9 C-In: 23.10 18:14:09,504|
"client6@lab24-C-: <0.10433.0> 980te_Nachtricht. C Out: 23.10 18:14:06,246| (980);"Eingang HBQ:18:14:9; Eingang DLQ:18:14:9 C-In: 23.10 18:14:09,505|
"client5@lab24-C-: <0.10434.0> 981te_Nachtricht. C Out: 23.10 18:14:06,246| (981);"Eingang HBQ:18:14:9; Eingang DLQ:18:14:9 C-In: 23.10 18:14:09,505|
"client4@lab24-C-: <0.10435.0> 982te_Nachtricht. C Out: 23.10 18:14:06,246| (982);"Eingang HBQ:18:14:9; Eingang DLQ:18:14:9 C-In: 23.10 18:14:09,506|
"client3@lab24-C-: <0.10436.0> 983te_Nachtricht. C Out: 23.10 18:14:06,246| (983);"Eingang HBQ:18:14:9; Eingang DLQ:18:14:9 C-In: 23.10 18:14:09,506|
"client2@lab24-C-: <0.10437.0> 984te_Nachtricht. C Out: 23.10 18:14:06,246| (984);"Eingang HBQ:18:14:9; Eingang DLQ:18:14:9 C-In: 23.10 18:14:09,507|
"client1@lab24-C-: <0.10438.0> 985te_Nachtricht. C Out: 23.10 18:14:06,246| (985);"Eingang HBQ:18:14:9; Eingang DLQ:18:14:9 C-In: 23.10 18:14:09,508|
"client10@lab24-C-: <0.10480.0> 986te_Nachtricht. C Out: 23.10 18:14:06,451| (986);"Eingang HBQ:18:14:9; Eingang DLQ:18:14:9 C-In: 23.10 18:14:09,508|
"client9@lab24-C-: <0.10481.0> 987te_Nachtricht. C Out: 23.10 18:14:06,453| (987);"Eingang HBQ:18:14:9; Eingang DLQ:18:14:9 C-In: 23.10 18:14:09,509|
"client8@lab24-C-: <0.10482.0> 988te_Nachtricht. C Out: 23.10 18:14:06,453| (988);"Eingang HBQ:18:14:9; Eingang DLQ:18:14:9 C-In: 23.10 18:14:09,510|
"client7@lab24-C-: <0.10483.0> 989te_Nachtricht. C Out: 23.10 18:14:06,453| (989);"Eingang HBQ:18:14:9; Eingang DLQ:18:14:9 C-In: 23.10 18:14:09,510|
***Fehlernachricht fuer Nachrichtennummern 990 bis 990. 18:14:9 C-In: 23.10 18:14:09,511|
ReceiveMsgs done
lab29-1-<0.106.0>-T3: Msg #1106, C-Out: 23.10 18:14:12,888| gesendet
lab29-1-<0.106.0>-T3: Msg #1212, C-Out: 23.10 18:14:16,265| gesendet
lab29-1-<0.106.0>-T3: Msg #1317, C-Out: 23.10 18:14:19,642| gesendet
lab29-1-<0.106.0>-T3: Msg #1418, C-Out: 23.10 18:14:23,021| gesendet
lab29-1-<0.106.0>-T3: Msg #1583, C-Out: 23.10 18:14:26,431| gesendet
Neues Intervall: 1.6875 Sekunden
Msg #1668 um 23.10 18:14:26,442| vergessen zu senden
"client1@lab24-C-: <0.10230.0> 1439te_Nachtricht. C Out: 23.10 18:14:20,613| (1439);"Eingang HBQ:18:14:22; Eingang DLQ:18:14:24 C-In: 23.10 18:14:26,443|
"client6@lab24-C-: <0.10225.0> 1440te_Nachtricht. C Out: 23.10 18:14:20,613| (1440);"Eingang HBQ:18:14:22; Eingang DLQ:18:14:24 C-In: 23.10 18:14:26,444|
***Fehlernachricht fuer Nachrichtennummern 1441 bis 1442. 18:14:24 C-In: 23.10 18:14:26,444|
"client10@lab24-C-: <0.10220.0> 1443te_Nachtricht. C Out: 23.10 18:14:20,614| (1443);"Eingang HBQ:18:14:22; Eingang DLQ:18:14:24 C-In: 23.10 18:14:26,447|
***Fehlernachricht fuer Nachrichtennummern 1444 bis 1452. 18:14:24 C-In: 23.10 18:14:26,447|
"client3@lab21-C-: <0.1515.0> 1453te_Nachricht. C Out: 23.10 18:14:20,852| (1453);"Eingang HBQ:18:14:21; Eingang DLQ:18:14:24 C-In: 23.10 18:14:26,449|
***Fehlernachricht fuer Nachrichtennummern 1454 bis 1454. 18:14:24 C-In: 23.10 18:14:26,450|
"client5@lab21-C-: <0.1512.0> 1455te_Nachricht. C Out: 23.10 18:14:20,894| (1455);"Eingang HBQ:18:14:21; Eingang DLQ:18:14:24 C-In: 23.10 18:14:26,452|
"client4@lab21-C-: <0.1513.0> 1456te_Nachricht. C Out: 23.10 18:14:20,897| (1456);"Eingang HBQ:18:14:21; Eingang DLQ:18:14:24 C-In: 23.10 18:14:26,452|
***Fehlernachricht fuer Nachrichtennummern 1457 bis 1485. 18:14:24 C-In: 23.10 18:14:26,455|
"client10@lab24-C-: <0.10263.0> 1486te_Nachtricht. C Out: 23.10 18:14:21,430| (1486);"Eingang HBQ:18:14:23; Eingang DLQ:18:14:25 C-In: 23.10 18:14:26,455|
***Fehlernachricht fuer Nachrichtennummern 1487 bis 1487. 18:14:25 C-In: 23.10 18:14:26,457|
"client7@lab24-C-: <0.10267.0> 1488te_Nachtricht. C Out: 23.10 18:14:21,477| (1488);"Eingang HBQ:18:14:23; Eingang DLQ:18:14:25 C-In: 23.10 18:14:26,458|
***Fehlernachricht fuer Nachrichtennummern 1489 bis 1496. 18:14:25 C-In: 23.10 18:14:26,458|
"client8@lab24-C-: <0.10266.0> 1497te_Nachtricht. C Out: 23.10 18:14:21,508| (1497);"Eingang HBQ:18:14:23; Eingang DLQ:18:14:25 C-In: 23.10 18:14:26,459|
***Fehlernachricht fuer Nachrichtennummern 1498 bis 1501. 18:14:25 C-In: 23.10 18:14:26,460|
"client3@lab24-C-: <0.10271.0> 1502te_Nachtricht. C Out: 23.10 18:14:21,547| (1502);"Eingang HBQ:18:14:23; Eingang DLQ:18:14:25 C-In: 23.10 18:14:26,461|
***Fehlernachricht fuer Nachrichtennummern 1503 bis 1503. 18:14:25 C-In: 23.10 18:14:26,463|
"client1@lab24-C-: <0.10273.0> 1504te_Nachtricht. C Out: 23.10 18:14:21,577| (1504);"Eingang HBQ:18:14:23; Eingang DLQ:18:14:25 C-In: 23.10 18:14:26,468|
"client5@lab24-C-: <0.10269.0> 1505te_Nachtricht. C Out: 23.10 18:14:21,614| (1505);"Eingang HBQ:18:14:23; Eingang DLQ:18:14:25 C-In: 23.10 18:14:26,471|
***Fehlernachricht fuer Nachrichtennummern 1506 bis 1508. 18:14:25 C-In: 23.10 18:14:26,476|
"lab29-8-<0.80.0>-T3: Msg #1509, C-Out: 23.10 18:14:25,130|"Eingang HBQ:18:14:25; Eingang DLQ:18:14:25 C-In: 23.10 18:14:26,478|
"lab29-4-<0.93.0>-T3: Msg #1510, C-Out: 23.10 18:14:25,130|"Eingang HBQ:18:14:25; Eingang DLQ:18:14:25 C-In: 23.10 18:14:26,481|
"lab29-9-<0.49.0>-T3: Msg #1511, C-Out: 23.10 18:14:25,130|"Eingang HBQ:18:14:25; Eingang DLQ:18:14:25 C-In: 23.10 18:14:26,485|
"lab29-5-<0.89.0>-T3: Msg #1512, C-Out: 23.10 18:14:25,130|"Eingang HBQ:18:14:25; Eingang DLQ:18:14:25 C-In: 23.10 18:14:26,488|
"lab29-7-<0.83.0>-T3: Msg #1513, C-Out: 23.10 18:14:25,130|"Eingang HBQ:18:14:25; Eingang DLQ:18:14:25 C-In: 23.10 18:14:26,490|
***Fehlernachricht fuer Nachrichtennummern 1514 bis 1521. 18:14:25 C-In: 23.10 18:14:26,495|
"lab29-3-<0.97.0>-T3: Msg #1522, C-Out: 23.10 18:14:25,157|"Eingang HBQ:18:14:25; Eingang DLQ:18:14:25 C-In: 23.10 18:14:26,498|
"client3@lab21-C-: <0.1515.0> 1523te_Nachricht. C Out: 23.10 18:14:21,884| (1523);"Eingang HBQ:18:14:22; Eingang DLQ:18:14:25 C-In: 23.10 18:14:26,502|
"lab29-2-<0.101.0>-T3: Msg #1524, C-Out: 23.10 18:14:25,278|"Eingang HBQ:18:14:25; Eingang DLQ:18:14:25 C-In: 23.10 18:14:26,508|
"client5@lab21-C-: <0.1512.0> 1525te_Nachricht. C Out: 23.10 18:14:21,928| (1525);"Eingang HBQ:18:14:22; Eingang DLQ:18:14:25 C-In: 23.10 18:14:26,512|
"client4@lab21-C-: <0.1513.0> 1526te_Nachricht. C Out: 23.10 18:14:21,931| (1526);"Eingang HBQ:18:14:22; Eingang DLQ:18:14:25 C-In: 23.10 18:14:26,515|
***Fehlernachricht fuer Nachrichtennummern 1527 bis 1528. 18:14:25 C-In: 23.10 18:14:26,518|
"client5@lab24-C-: <0.10330.0> 1529te_Nachtricht. C Out: 23.10 18:14:21,991| (1529);"Eingang HBQ:18:14:23; Eingang DLQ:18:14:25 C-In: 23.10 18:14:26,522|
***Fehlernachricht fuer Nachrichtennummern 1530 bis 1532. 18:14:25 C-In: 23.10 18:14:26,525|
"client8@lab24-C-: <0.10327.0> 1533te_Nachtricht. C Out: 23.10 18:14:22,010| (1533);"Eingang HBQ:18:14:24; Eingang DLQ:18:14:25 C-In: 23.10 18:14:26,529|
***Fehlernachricht fuer Nachrichtennummern 1534 bis 1550. 18:14:25 C-In: 23.10 18:14:26,535|
"client4@lab24-C-: <0.10383.0> 1551te_Nachtricht. C Out: 23.10 18:14:22,504| (1551);"Eingang HBQ:18:14:24; Eingang DLQ:18:14:25 C-In: 23.10 18:14:26,538|
"client6@lab24-C-: <0.10381.0> 1552te_Nachtricht. C Out: 23.10 18:14:22,506| (1552);"Eingang HBQ:18:14:24; Eingang DLQ:18:14:25 C-In: 23.10 18:14:26,543|
***Fehlernachricht fuer Nachrichtennummern 1553 bis 1556. 18:14:25 C-In: 23.10 18:14:26,548|
"client1@lab24-C-: <0.10230.0> 1557te_Nachtricht. C Out: 23.10 18:14:22,642| (1557);"Eingang HBQ:18:14:24; Eingang DLQ:18:14:25 C-In: 23.10 18:14:26,552|
"client6@lab24-C-: <0.10225.0> 1558te_Nachtricht. C Out: 23.10 18:14:22,642| (1558);"Eingang HBQ:18:14:24; Eingang DLQ:18:14:25 C-In: 23.10 18:14:26,556|
"client10@lab24-C-: <0.10220.0> 1559te_Nachtricht. C Out: 23.10 18:14:22,643| (1559);"Eingang HBQ:18:14:24; Eingang DLQ:18:14:25 C-In: 23.10 18:14:26,561|
***Fehlernachricht fuer Nachrichtennummern 1560 bis 1560. 18:14:25 C-In: 23.10 18:14:26,565|
"client10@lab24-C-: <0.10428.0> 1561te_Nachtricht. C Out: 23.10 18:14:22,737| (1561);"Eingang HBQ:18:14:24; Eingang DLQ:18:14:26 C-In: 23.10 18:14:26,567|
***Fehlernachricht fuer Nachrichtennummern 1562 bis 1567. 18:14:26 C-In: 23.10 18:14:26,573|
"client3@lab24-C-: <0.10436.0> 1568te_Nachtricht. C Out: 23.10 18:14:22,783| (1568);"Eingang HBQ:18:14:24; Eingang DLQ:18:14:26 C-In: 23.10 18:14:26,576|
"client5@lab24-C-: <0.10434.0> 1569te_Nachtricht. C Out: 23.10 18:14:22,785| (1569);"Eingang HBQ:18:14:24; Eingang DLQ:18:14:26 C-In: 23.10 18:14:26,581|
"client8@lab24-C-: <0.10482.0> 1570te_Nachtricht. C Out: 23.10 18:14:22,902| (1570);"Eingang HBQ:18:14:24; Eingang DLQ:18:14:26 C-In: 23.10 18:14:26,584|
***Fehlernachricht fuer Nachrichtennummern 1571 bis 1573. 18:14:26 C-In: 23.10 18:14:26,587|
ReceiveMsgs done
lab29-1-<0.106.0>-T3: Msg #1675, C-Out: 23.10 18:14:28,280| gesendet
lab29-1-<0.106.0>-T3: Msg #1741, C-Out: 23.10 18:14:29,970| gesendet
lab29-1-<0.106.0>-T3: Msg #1790, C-Out: 23.10 18:14:31,660| gesendet
lab29-1-<0.106.0>-T3: Msg #1846, C-Out: 23.10 18:14:33,451| gesendet
lab29-1-<0.106.0>-T3: Msg #1936, C-Out: 23.10 18:14:35,142| gesendet
Neues Intervall: 2.53125 Sekunden
Msg #1995 um 23.10 18:14:35,143| vergessen zu senden
"client6@lab24-C-: <0.10381.0> 1793te_Nachtricht. C Out: 23.10 18:14:30,534| (1793);"Eingang HBQ:18:14:32; Eingang DLQ:18:14:32 C-In: 23.10 18:14:35,143|
"client4@lab24-C-: <0.10383.0> 1794te_Nachtricht. C Out: 23.10 18:14:30,534| (1794);"Eingang HBQ:18:14:32; Eingang DLQ:18:14:32 C-In: 23.10 18:14:35,144|
***Fehlernachricht fuer Nachrichtennummern 1795 bis 1804. 18:14:32 C-In: 23.10 18:14:35,145|
"lab29-8-<0.80.0>-T3: Msg #1805, C-Out: 23.10 18:14:32,389|"Eingang HBQ:18:14:32; Eingang DLQ:18:14:33 C-In: 23.10 18:14:35,145|
"lab29-7-<0.83.0>-T3: Msg #1806, C-Out: 23.10 18:14:32,392|"Eingang HBQ:18:14:32; Eingang DLQ:18:14:33 C-In: 23.10 18:14:35,146|
"lab29-3-<0.97.0>-T3: Msg #1807, C-Out: 23.10 18:14:32,395|"Eingang HBQ:18:14:32; Eingang DLQ:18:14:33 C-In: 23.10 18:14:35,147|
"lab29-4-<0.93.0>-T3: Msg #1808, C-Out: 23.10 18:14:32,403|"Eingang HBQ:18:14:32; Eingang DLQ:18:14:33 C-In: 23.10 18:14:35,147|
"lab29-6-<0.86.0>-T3: Msg #1809, C-Out: 23.10 18:14:32,407|"Eingang HBQ:18:14:32; Eingang DLQ:18:14:33 C-In: 23.10 18:14:35,148|
"lab29-2-<0.101.0>-T3: Msg #1810, C-Out: 23.10 18:14:32,450|"Eingang HBQ:18:14:32; Eingang DLQ:18:14:33 C-In: 23.10 18:14:35,150|
"lab29-5-<0.89.0>-T3: Msg #1811, C-Out: 23.10 18:14:32,452|"Eingang HBQ:18:14:32; Eingang DLQ:18:14:33 C-In: 23.10 18:14:35,150|
"client10@lab24-C-: <0.10428.0> 1812te_Nachtricht. C Out: 23.10 18:14:30,765| (1812);"Eingang HBQ:18:14:32; Eingang DLQ:18:14:33 C-In: 23.10 18:14:35,152|
"lab29-9-<0.49.0>-T3: Msg #1813, C-Out: 23.10 18:14:32,455|"Eingang HBQ:18:14:32; Eingang DLQ:18:14:33 C-In: 23.10 18:14:35,155|
"client3@lab24-C-: <0.10436.0> 1814te_Nachtricht. C Out: 23.10 18:14:30,804| (1814);"Eingang HBQ:18:14:32; Eingang DLQ:18:14:33 C-In: 23.10 18:14:35,155|
"client5@lab24-C-: <0.10434.0> 1815te_Nachtricht. C Out: 23.10 18:14:30,804| (1815);"Eingang HBQ:18:14:32; Eingang DLQ:18:14:33 C-In: 23.10 18:14:35,157|
"lab29-10-<0.40.0>-T3: Msg #1816, C-Out: 23.10 18:14:32,495|"Eingang HBQ:18:14:32; Eingang DLQ:18:14:33 C-In: 23.10 18:14:35,160|
***Fehlernachricht fuer Nachrichtennummern 1817 bis 1818. 18:14:33 C-In: 23.10 18:14:35,160|
"client6@lab24-C-: <0.10225.0> 1819te_Nachtricht. C Out: 23.10 18:14:30,831| (1819);"Eingang HBQ:18:14:31; Eingang DLQ:18:14:33 C-In: 23.10 18:14:35,162|
"client8@lab24-C-: <0.10482.0> 1820te_Nachtricht. C Out: 23.10 18:14:30,927| (1820);"Eingang HBQ:18:14:32; Eingang DLQ:18:14:33 C-In: 23.10 18:14:35,176|
"client2@lab24-C-: <0.10489.0> 1821te_Nachtricht. C Out: 23.10 18:14:30,932| (1821);"Eingang HBQ:18:14:32; Eingang DLQ:18:14:33 C-In: 23.10 18:14:35,181|
"client1@lab24-C-: <0.10490.0> 1822te_Nachtricht. C Out: 23.10 18:14:30,953| (1822);"Eingang HBQ:18:14:32; Eingang DLQ:18:14:33 C-In: 23.10 18:14:35,181|
"client5@lab24-C-: <0.10486.0> 1823te_Nachtricht. C Out: 23.10 18:14:30,953| (1823);"Eingang HBQ:18:14:32; Eingang DLQ:18:14:33 C-In: 23.10 18:14:35,184|
"client3@lab24-C-: <0.10488.0> 1824te_Nachtricht. C Out: 23.10 18:14:30,984| (1824);"Eingang HBQ:18:14:32; Eingang DLQ:18:14:33 C-In: 23.10 18:14:35,187|
"client6@lab24-C-: <0.10485.0> 1825te_Nachtricht. C Out: 23.10 18:14:30,984| (1825);"Eingang HBQ:18:14:32; Eingang DLQ:18:14:33 C-In: 23.10 18:14:35,189|
"client9@lab24-C-: <0.10534.0> 1826te_Nachtricht. C Out: 23.10 18:14:31,092| (1826);"Eingang HBQ:18:14:33; Eingang DLQ:18:14:33 C-In: 23.10 18:14:35,191|
"client5@lab24-C-: <0.10538.0> 1827te_Nachtricht. C Out: 23.10 18:14:31,356| (1827);"Eingang HBQ:18:14:33; Eingang DLQ:18:14:33 C-In: 23.10 18:14:35,194|
"client3@lab24-C-: <0.10540.0> 1828te_Nachtricht. C Out: 23.10 18:14:31,356| (1828);"Eingang HBQ:18:14:33; Eingang DLQ:18:14:33 C-In: 23.10 18:14:35,197|
***Fehlernachricht fuer Nachrichtennummern 1829 bis 1830. 18:14:33 C-In: 23.10 18:14:35,199|
"client6@lab24-C-: <0.10589.0> 1831te_Nachtricht. C Out: 23.10 18:14:31,505| (1831);"Eingang HBQ:18:14:33; Eingang DLQ:18:14:34 C-In: 23.10 18:14:35,202|
"client10@lab24-C-: <0.10584.0> 1832te_Nachtricht. C Out: 23.10 18:14:31,506| (1832);"Eingang HBQ:18:14:33; Eingang DLQ:18:14:34 C-In: 23.10 18:14:35,204|
"client3@lab24-C-: <0.10592.0> 1833te_Nachtricht. C Out: 23.10 18:14:31,508| (1833);"Eingang HBQ:18:14:33; Eingang DLQ:18:14:34 C-In: 23.10 18:14:35,207|
"client4@lab24-C-: <0.10591.0> 1834te_Nachtricht. C Out: 23.10 18:14:31,508| (1834);"Eingang HBQ:18:14:33; Eingang DLQ:18:14:34 C-In: 23.10 18:14:35,246|
"client8@lab24-C-: <0.10587.0> 1835te_Nachtricht. C Out: 23.10 18:14:31,508| (1835);"Eingang HBQ:18:14:33; Eingang DLQ:18:14:34 C-In: 23.10 18:14:35,265|
***Fehlernachricht fuer Nachrichtennummern 1836 bis 1845. 18:14:34 C-In: 23.10 18:14:35,275|
"lab29-1-<0.106.0>-T3: Msg #1846, C-Out: 23.10 18:14:33,451|"Eingang HBQ:18:14:33; Eingang DLQ:18:14:34******* C-In: 23.10 18:14:35,275|
"client8@lab24-C-: <0.10266.0> 1847te_Nachtricht. C Out: 23.10 18:14:31,687| (1847);"Eingang HBQ:18:14:32; Eingang DLQ:18:14:34 C-In: 23.10 18:14:35,296|
"client3@lab24-C-: <0.10271.0> 1848te_Nachtricht. C Out: 23.10 18:14:31,729| (1848);"Eingang HBQ:18:14:32; Eingang DLQ:18:14:34 C-In: 23.10 18:14:35,309|
"client1@lab24-C-: <0.10273.0> 1849te_Nachtricht. C Out: 23.10 18:14:31,740| (1849);"Eingang HBQ:18:14:32; Eingang DLQ:18:14:34 C-In: 23.10 18:14:35,314|
"client5@lab24-C-: <0.10269.0> 1850te_Nachtricht. C Out: 23.10 18:14:31,743| (1850);"Eingang HBQ:18:14:32; Eingang DLQ:18:14:34 C-In: 23.10 18:14:35,317|
"client6@lab24-C-: <0.10225.0> 1851te_Nachtricht. C Out: 23.10 18:14:31,839| (1851);"Eingang HBQ:18:14:32; Eingang DLQ:18:14:34 C-In: 23.10 18:14:35,321|
***Fehlernachricht fuer Nachrichtennummern 1852 bis 1864. 18:14:34 C-In: 23.10 18:14:35,325|
"lab29-8-<0.80.0>-T3: Msg #1865, C-Out: 23.10 18:14:34,081|"Eingang HBQ:18:14:34; Eingang DLQ:18:14:34 C-In: 23.10 18:14:35,331|
"lab29-7-<0.83.0>-T3: Msg #1866, C-Out: 23.10 18:14:34,088|"Eingang HBQ:18:14:34; Eingang DLQ:18:14:34 C-In: 23.10 18:14:35,339|
"lab29-3-<0.97.0>-T3: Msg #1867, C-Out: 23.10 18:14:34,090|"Eingang HBQ:18:14:34; Eingang DLQ:18:14:34 C-In: 23.10 18:14:35,346|
"lab29-4-<0.93.0>-T3: Msg #1868, C-Out: 23.10 18:14:34,095|"Eingang HBQ:18:14:34; Eingang DLQ:18:14:34 C-In: 23.10 18:14:35,348|
***Fehlernachricht fuer Nachrichtennummern 1869 bis 1869. 18:14:34 C-In: 23.10 18:14:35,354|
"lab29-6-<0.86.0>-T3: Msg #1870, C-Out: 23.10 18:14:34,099|"Eingang HBQ:18:14:34; Eingang DLQ:18:14:34 C-In: 23.10 18:14:35,358|
"lab29-2-<0.101.0>-T3: Msg #1871, C-Out: 23.10 18:14:34,141|"Eingang HBQ:18:14:34; Eingang DLQ:18:14:34 C-In: 23.10 18:14:35,360|
"lab29-5-<0.89.0>-T3: Msg #1872, C-Out: 23.10 18:14:34,146|"Eingang HBQ:18:14:34; Eingang DLQ:18:14:34 C-In: 23.10 18:14:35,363|
"lab29-9-<0.49.0>-T3: Msg #1873, C-Out: 23.10 18:14:34,149|"Eingang HBQ:18:14:34; Eingang DLQ:18:14:34 C-In: 23.10 18:14:35,366|
***Fehlernachricht fuer Nachrichtennummern 1874 bis 1883. 18:14:34 C-In: 23.10 18:14:35,369|
"client4@lab24-C-: <0.10383.0> 1884te_Nachtricht. C Out: 23.10 18:14:32,666| (1884);"Eingang HBQ:18:14:33; Eingang DLQ:18:14:35 C-In: 23.10 18:14:35,371|
"client8@lab24-C-: <0.10266.0> 1885te_Nachtricht. C Out: 23.10 18:14:32,690| (1885);"Eingang HBQ:18:14:33; Eingang DLQ:18:14:35 C-In: 23.10 18:14:35,374|
***Fehlernachricht fuer Nachrichtennummern 1886 bis 1886. 18:14:35 C-In: 23.10 18:14:35,377|
"client3@lab24-C-: <0.10271.0> 1887te_Nachtricht. C Out: 23.10 18:14:32,735| (1887);"Eingang HBQ:18:14:33; Eingang DLQ:18:14:35 C-In: 23.10 18:14:35,380|
"client1@lab24-C-: <0.10273.0> 1888te_Nachtricht. C Out: 23.10 18:14:32,741| (1888);"Eingang HBQ:18:14:33; Eingang DLQ:18:14:35 C-In: 23.10 18:14:35,384|
***Fehlernachricht fuer Nachrichtennummern 1889 bis 1889. 18:14:35 C-In: 23.10 18:14:35,386|
ReceiveMsgs done
lab29-1-<0.106.0>-T3: Msg #2001, C-Out: 23.10 18:14:37,921| gesendet
lab29-1-<0.106.0>-T3: Msg #2034, C-Out: 23.10 18:14:40,755| gesendet
lab29-1-<0.106.0>-T3: Msg #2044, C-Out: 23.10 18:14:43,294| gesendet
lab29-1-<0.106.0>-T3: Msg #2054, C-Out: 23.10 18:14:45,828| gesendet
lab29-1-<0.106.0>-T3: Msg #2065, C-Out: 23.10 18:14:48,363| gesendet
Neues Intervall: 3.796875 Sekunden
Msg #2082 um 23.10 18:14:48,365| vergessen zu senden
"lab29-9-<0.49.0>-T3: Msg #1978, C-Out: 23.10 18:14:36,981|"Eingang HBQ:18:14:36; Eingang DLQ:18:14:36 C-In: 23.10 18:14:48,366|
***Fehlernachricht fuer Nachrichtennummern 1979 bis 1980. 18:14:36 C-In: 23.10 18:14:48,366|
"client4@lab24-C-: <0.10383.0> 1981te_Nachtricht. C Out: 23.10 18:14:34,673| (1981);"Eingang HBQ:18:14:35; Eingang DLQ:18:14:40 C-In: 23.10 18:14:48,367|
"client10@lab24-C-: <0.10584.0> 1982te_Nachtricht. C Out: 23.10 18:14:34,691| (1982);"Eingang HBQ:18:14:35; Eingang DLQ:18:14:40 C-In: 23.10 18:14:48,368|
"client4@lab24-C-: <0.10591.0> 1983te_Nachtricht. C Out: 23.10 18:14:34,691| (1983);"Eingang HBQ:18:14:35; Eingang DLQ:18:14:40 C-In: 23.10 18:14:48,368|
"client3@lab24-C-: <0.10592.0> 1984te_Nachtricht. C Out: 23.10 18:14:34,693| (1984);"Eingang HBQ:18:14:35; Eingang DLQ:18:14:40 C-In: 23.10 18:14:48,369|
"client8@lab24-C-: <0.10587.0> 1985te_Nachtricht. C Out: 23.10 18:14:34,693| (1985);"Eingang HBQ:18:14:35; Eingang DLQ:18:14:40 C-In: 23.10 18:14:48,370|
***Fehlernachricht fuer Nachrichtennummern 1986 bis 1990. 18:14:40 C-In: 23.10 18:14:48,371|
"client5@lab24-C-: <0.10434.0> 1991te_Nachtricht. C Out: 23.10 18:14:34,919| (1991);"Eingang HBQ:18:14:35; Eingang DLQ:18:14:42 C-In: 23.10 18:14:48,371|
***Fehlernachricht fuer Nachrichtennummern 1992 bis 1992. 18:14:42 C-In: 23.10 18:14:48,372|
"client8@lab24-C-: <0.10482.0> 1993te_Nachtricht. C Out: 23.10 18:14:35,107| (1993);"Eingang HBQ:18:14:36; Eingang DLQ:18:14:42 C-In: 23.10 18:14:48,375|
***Fehlernachricht fuer Nachrichtennummern 1994 bis 1995. 18:14:42 C-In: 23.10 18:14:48,377|
"client5@lab24-C-: <0.10486.0> 1996te_Nachtricht. C Out: 23.10 18:14:35,174| (1996);"Eingang HBQ:18:14:36; Eingang DLQ:18:14:42 C-In: 23.10 18:14:48,379|
"client3@lab24-C-: <0.10488.0> 1997te_Nachtricht. C Out: 23.10 18:14:35,181| (1997);"Eingang HBQ:18:14:36; Eingang DLQ:18:14:42 C-In: 23.10 18:14:48,381|
"client6@lab24-C-: <0.10485.0> 1998te_Nachtricht. C Out: 23.10 18:14:35,181| (1998);"Eingang HBQ:18:14:36; Eingang DLQ:18:14:42 C-In: 23.10 18:14:48,384|
"client9@lab24-C-: <0.10534.0> 1999te_Nachtricht. C Out: 23.10 18:14:35,234| (1999);"Eingang HBQ:18:14:36; Eingang DLQ:18:14:42 C-In: 23.10 18:14:48,386|
"lab29-10-<0.40.0>-T3: Msg #2000, C-Out: 23.10 18:14:37,797|"Eingang HBQ:18:14:37; Eingang DLQ:18:14:42 C-In: 23.10 18:14:48,389|
"lab29-1-<0.106.0>-T3: Msg #2001, C-Out: 23.10 18:14:37,921|"Eingang HBQ:18:14:37; Eingang DLQ:18:14:42******* C-In: 23.10 18:14:48,391|
***Fehlernachricht fuer Nachrichtennummern 2002 bis 2003. 18:14:42 C-In: 23.10 18:14:48,393|
"client4@lab24-C-: <0.10591.0> 2004te_Nachtricht. C Out: 23.10 18:14:35,701| (2004);"Eingang HBQ:18:14:36; Eingang DLQ:18:14:44 C-In: 23.10 18:14:48,395|
"client10@lab24-C-: <0.10584.0> 2005te_Nachtricht. C Out: 23.10 18:14:35,701| (2005);"Eingang HBQ:18:14:36; Eingang DLQ:18:14:44 C-In: 23.10 18:14:48,397|
"client8@lab24-C-: <0.10587.0> 2006te_Nachtricht. C Out: 23.10 18:14:35,706| (2006);"Eingang HBQ:18:14:36; Eingang DLQ:18:14:44 C-In: 23.10 18:14:48,399|
"client3@lab24-C-: <0.10592.0> 2007te_Nachtricht. C Out: 23.10 18:14:35,707| (2007);"Eingang HBQ:18:14:36; Eingang DLQ:18:14:44 C-In: 23.10 18:14:48,402|
***Fehlernachricht fuer Nachrichtennummern 2008 bis 2024. 18:14:44 C-In: 23.10 18:14:48,404|
"lab29-8-<0.80.0>-T3: Msg #2025, C-Out: 23.10 18:14:39,486|"Eingang HBQ:18:14:39; Eingang DLQ:18:14:44 C-In: 23.10 18:14:48,406|
"lab29-7-<0.83.0>-T3: Msg #2026, C-Out: 23.10 18:14:39,486|"Eingang HBQ:18:14:39; Eingang DLQ:18:14:44 C-In: 23.10 18:14:48,408|
"lab29-3-<0.97.0>-T3: Msg #2027, C-Out: 23.10 18:14:39,493|"Eingang HBQ:18:14:39; Eingang DLQ:18:14:44 C-In: 23.10 18:14:48,410|
"lab29-4-<0.93.0>-T3: Msg #2028, C-Out: 23.10 18:14:39,497|"Eingang HBQ:18:14:39; Eingang DLQ:18:14:44 C-In: 23.10 18:14:48,413|
"lab29-6-<0.86.0>-T3: Msg #2029, C-Out: 23.10 18:14:39,505|"Eingang HBQ:18:14:39; Eingang DLQ:18:14:44 C-In: 23.10 18:14:48,417|
"lab29-2-<0.101.0>-T3: Msg #2030, C-Out: 23.10 18:14:39,516|"Eingang HBQ:18:14:39; Eingang DLQ:18:14:44 C-In: 23.10 18:14:48,417|
"lab29-9-<0.49.0>-T3: Msg #2031, C-Out: 23.10 18:14:39,520|"Eingang HBQ:18:14:39; Eingang DLQ:18:14:44 C-In: 23.10 18:14:48,420|
"lab29-5-<0.89.0>-T3: Msg #2032, C-Out: 23.10 18:14:39,532|"Eingang HBQ:18:14:39; Eingang DLQ:18:14:44 C-In: 23.10 18:14:48,422|
"lab29-10-<0.40.0>-T3: Msg #2033, C-Out: 23.10 18:14:40,332|"Eingang HBQ:18:14:40; Eingang DLQ:18:14:44 C-In: 23.10 18:14:48,424|
"lab29-1-<0.106.0>-T3: Msg #2034, C-Out: 23.10 18:14:40,755|"Eingang HBQ:18:14:40; Eingang DLQ:18:14:44******* C-In: 23.10 18:14:48,426|
"lab29-7-<0.83.0>-T3: Msg #2035, C-Out: 23.10 18:14:42,028|"Eingang HBQ:18:14:42; Eingang DLQ:18:14:44 C-In: 23.10 18:14:48,429|
"lab29-8-<0.80.0>-T3: Msg #2036, C-Out: 23.10 18:14:42,028|"Eingang HBQ:18:14:42; Eingang DLQ:18:14:44 C-In: 23.10 18:14:48,431|
"lab29-3-<0.97.0>-T3: Msg #2037, C-Out: 23.10 18:14:42,028|"Eingang HBQ:18:14:42; Eingang DLQ:18:14:44 C-In: 23.10 18:14:48,434|
"lab29-4-<0.93.0>-T3: Msg #2038, C-Out: 23.10 18:14:42,034|"Eingang HBQ:18:14:42; Eingang DLQ:18:14:44 C-In: 23.10 18:14:48,436|
"lab29-6-<0.86.0>-T3: Msg #2039, C-Out: 23.10 18:14:42,052|"Eingang HBQ:18:14:42; Eingang DLQ:18:14:44 C-In: 23.10 18:14:48,440|
"lab29-2-<0.101.0>-T3: Msg #2040, C-Out: 23.10 18:14:42,052|"Eingang HBQ:18:14:42; Eingang DLQ:18:14:44 C-In: 23.10 18:14:48,441|
"lab29-9-<0.49.0>-T3: Msg #2041, C-Out: 23.10 18:14:42,059|"Eingang HBQ:18:14:42; Eingang DLQ:18:14:44 C-In: 23.10 18:14:48,443|
"lab29-5-<0.89.0>-T3: Msg #2042, C-Out: 23.10 18:14:42,067|"Eingang HBQ:18:14:42; Eingang DLQ:18:14:44 C-In: 23.10 18:14:48,445|
"lab29-10-<0.40.0>-T3: Msg #2043, C-Out: 23.10 18:14:42,879|"Eingang HBQ:18:14:42; Eingang DLQ:18:14:44 C-In: 23.10 18:14:48,448|
"lab29-1-<0.106.0>-T3: Msg #2044, C-Out: 23.10 18:14:43,294|"Eingang HBQ:18:14:43; Eingang DLQ:18:14:44******* C-In: 23.10 18:14:48,450|
"lab29-3-<0.97.0>-T3: Msg #2045, C-Out: 23.10 18:14:44,566|"Eingang HBQ:18:14:44; Eingang DLQ:18:14:44 C-In: 23.10 18:14:48,452|
"lab29-8-<0.80.0>-T3: Msg #2046, C-Out: 23.10 18:14:44,566|"Eingang HBQ:18:14:44; Eingang DLQ:18:14:44 C-In: 23.10 18:14:48,454|
"lab29-7-<0.83.0>-T3: Msg #2047, C-Out: 23.10 18:14:44,566|"Eingang HBQ:18:14:44; Eingang DLQ:18:14:44 C-In: 23.10 18:14:48,457|
"lab29-4-<0.93.0>-T3: Msg #2048, C-Out: 23.10 18:14:44,572|"Eingang HBQ:18:14:44; Eingang DLQ:18:14:44 C-In: 23.10 18:14:48,459|
"lab29-2-<0.101.0>-T3: Msg #2049, C-Out: 23.10 18:14:44,593|"Eingang HBQ:18:14:44; Eingang DLQ:18:14:44 C-In: 23.10 18:14:48,462|
***Fehlernachricht fuer Nachrichtennummern 2050 bis 2050. 18:14:44 C-In: 23.10 18:14:48,464|
ReceiveMsgs done
lab29-1-<0.106.0>-T3: Msg #2083, C-Out: 23.10 18:14:52,264| gesendet
lab29-1-<0.106.0>-T3: Msg #2093, C-Out: 23.10 18:14:56,063| gesendet
lab29-1-<0.106.0>-T3: Msg #2103, C-Out: 23.10 18:14:59,863| gesendet
lab29-1-<0.106.0>-T3: Msg #2113, C-Out: 23.10 18:15:03,665| gesendet
lab29-1-<0.106.0>-T3: Msg #2123, C-Out: 23.10 18:15:07,466| gesendet
Neues Intervall: 5.6953125 Sekunden
Msg #2142 um 23.10 18:15:07,467| vergessen zu senden
"lab29-5-<0.89.0>-T3: Msg #2052, C-Out: 23.10 18:14:44,604|"Eingang HBQ:18:14:44; Eingang DLQ:18:14:54 C-In: 23.10 18:15:07,468|
"lab29-10-<0.40.0>-T3: Msg #2053, C-Out: 23.10 18:14:45,413|"Eingang HBQ:18:14:45; Eingang DLQ:18:14:54 C-In: 23.10 18:15:07,468|
"lab29-1-<0.106.0>-T3: Msg #2054, C-Out: 23.10 18:14:45,828|"Eingang HBQ:18:14:45; Eingang DLQ:18:14:54******* C-In: 23.10 18:15:07,469|
"lab29-7-<0.83.0>-T3: Msg #2055, C-Out: 23.10 18:14:47,104|"Eingang HBQ:18:14:47; Eingang DLQ:18:14:54 C-In: 23.10 18:15:07,470|
"lab29-8-<0.80.0>-T3: Msg #2056, C-Out: 23.10 18:14:47,114|"Eingang HBQ:18:14:47; Eingang DLQ:18:14:54 C-In: 23.10 18:15:07,471|
"lab29-3-<0.97.0>-T3: Msg #2057, C-Out: 23.10 18:14:47,114|"Eingang HBQ:18:14:47; Eingang DLQ:18:14:54 C-In: 23.10 18:15:07,471|
"lab29-4-<0.93.0>-T3: Msg #2058, C-Out: 23.10 18:14:47,114|"Eingang HBQ:18:14:47; Eingang DLQ:18:14:54 C-In: 23.10 18:15:07,472|
"lab29-2-<0.101.0>-T3: Msg #2059, C-Out: 23.10 18:14:47,130|"Eingang HBQ:18:14:47; Eingang DLQ:18:14:54 C-In: 23.10 18:15:07,473|
"lab29-9-<0.49.0>-T3: Msg #2060, C-Out: 23.10 18:14:47,179|"Eingang HBQ:18:14:47; Eingang DLQ:18:14:54 C-In: 23.10 18:15:07,473|
"lab29-6-<0.86.0>-T3: Msg #2061, C-Out: 23.10 18:14:47,179|"Eingang HBQ:18:14:47; Eingang DLQ:18:14:54 C-In: 23.10 18:15:07,474|
"lab29-5-<0.89.0>-T3: Msg #2062, C-Out: 23.10 18:14:47,179|"Eingang HBQ:18:14:47; Eingang DLQ:18:14:54 C-In: 23.10 18:15:07,475|
***Fehlernachricht fuer Nachrichtennummern 2063 bis 2063. 18:14:54 C-In: 23.10 18:15:07,476|
"lab29-10-<0.40.0>-T3: Msg #2064, C-Out: 23.10 18:14:49,339|"Eingang HBQ:18:14:49; Eingang DLQ:18:14:58 C-In: 23.10 18:15:07,476|
"lab29-1-<0.106.0>-T3: Msg #2065, C-Out: 23.10 18:14:48,363|"Eingang HBQ:18:14:48; Eingang DLQ:18:14:58******* C-In: 23.10 18:15:07,477|
***Fehlernachricht fuer Nachrichtennummern 2066 bis 2073. 18:14:58 C-In: 23.10 18:15:07,478|
"lab29-7-<0.83.0>-T3: Msg #2074, C-Out: 23.10 18:14:51,136|"Eingang HBQ:18:14:51; Eingang DLQ:18:14:58 C-In: 23.10 18:15:07,479|
"lab29-4-<0.93.0>-T3: Msg #2075, C-Out: 23.10 18:14:51,143|"Eingang HBQ:18:14:51; Eingang DLQ:18:14:58 C-In: 23.10 18:15:07,479|
"lab29-3-<0.97.0>-T3: Msg #2076, C-Out: 23.10 18:14:51,143|"Eingang HBQ:18:14:51; Eingang DLQ:18:14:58 C-In: 23.10 18:15:07,480|
"lab29-8-<0.80.0>-T3: Msg #2077, C-Out: 23.10 18:14:51,146|"Eingang HBQ:18:14:51; Eingang DLQ:18:14:58 C-In: 23.10 18:15:07,481|
"lab29-2-<0.101.0>-T3: Msg #2078, C-Out: 23.10 18:14:51,158|"Eingang HBQ:18:14:51; Eingang DLQ:18:14:58 C-In: 23.10 18:15:07,482|
"lab29-6-<0.86.0>-T3: Msg #2079, C-Out: 23.10 18:14:51,205|"Eingang HBQ:18:14:51; Eingang DLQ:18:14:58 C-In: 23.10 18:15:07,482|
"lab29-9-<0.49.0>-T3: Msg #2080, C-Out: 23.10 18:14:51,205|"Eingang HBQ:18:14:51; Eingang DLQ:18:14:58 C-In: 23.10 18:15:07,483|
"lab29-5-<0.89.0>-T3: Msg #2081, C-Out: 23.10 18:14:51,205|"Eingang HBQ:18:14:51; Eingang DLQ:18:14:58 C-In: 23.10 18:15:07,484|
***Fehlernachricht fuer Nachrichtennummern 2082 bis 2082. 18:14:58 C-In: 23.10 18:15:07,484|
"lab29-1-<0.106.0>-T3: Msg #2083, C-Out: 23.10 18:14:52,264|"Eingang HBQ:18:14:52; Eingang DLQ:18:15:2******* C-In: 23.10 18:15:07,485|
"lab29-10-<0.40.0>-T3: Msg #2084, C-Out: 23.10 18:14:53,140|"Eingang HBQ:18:14:53; Eingang DLQ:18:15:2 C-In: 23.10 18:15:07,485|
"lab29-7-<0.83.0>-T3: Msg #2085, C-Out: 23.10 18:14:54,936|"Eingang HBQ:18:14:54; Eingang DLQ:18:15:2 C-In: 23.10 18:15:07,486|
"lab29-3-<0.97.0>-T3: Msg #2086, C-Out: 23.10 18:14:54,943|"Eingang HBQ:18:14:54; Eingang DLQ:18:15:2 C-In: 23.10 18:15:07,487|
"lab29-4-<0.93.0>-T3: Msg #2087, C-Out: 23.10 18:14:54,943|"Eingang HBQ:18:14:54; Eingang DLQ:18:15:2 C-In: 23.10 18:15:07,487|
"lab29-8-<0.80.0>-T3: Msg #2088, C-Out: 23.10 18:14:54,945|"Eingang HBQ:18:14:54; Eingang DLQ:18:15:2 C-In: 23.10 18:15:07,488|
"lab29-2-<0.101.0>-T3: Msg #2089, C-Out: 23.10 18:14:54,957|"Eingang HBQ:18:14:54; Eingang DLQ:18:15:2 C-In: 23.10 18:15:07,489|
"lab29-5-<0.89.0>-T3: Msg #2090, C-Out: 23.10 18:14:54,004|"Eingang HBQ:18:14:54; Eingang DLQ:18:15:2 C-In: 23.10 18:15:07,489|
"lab29-9-<0.49.0>-T3: Msg #2091, C-Out: 23.10 18:14:54,004|"Eingang HBQ:18:14:54; Eingang DLQ:18:15:2 C-In: 23.10 18:15:07,490|
"lab29-6-<0.86.0>-T3: Msg #2092, C-Out: 23.10 18:14:54,005|"Eingang HBQ:18:14:55; Eingang DLQ:18:15:2 C-In: 23.10 18:15:07,491|
"lab29-1-<0.106.0>-T3: Msg #2093, C-Out: 23.10 18:14:56,063|"Eingang HBQ:18:14:56; Eingang DLQ:18:15:2******* C-In: 23.10 18:15:07,491|
"lab29-10-<0.40.0>-T3: Msg #2094, C-Out: 23.10 18:14:56,939|"Eingang HBQ:18:14:56; Eingang DLQ:18:15:2 C-In: 23.10 18:15:07,492|
"lab29-7-<0.83.0>-T3: Msg #2095, C-Out: 23.10 18:14:58,735|"Eingang HBQ:18:14:58; Eingang DLQ:18:15:2 C-In: 23.10 18:15:07,493|
"lab29-4-<0.93.0>-T3: Msg #2096, C-Out: 23.10 18:14:58,758|"Eingang HBQ:18:14:58; Eingang DLQ:18:15:2 C-In: 23.10 18:15:07,493|
"lab29-3-<0.97.0>-T3: Msg #2097, C-Out: 23.10 18:14:58,761|"Eingang HBQ:18:14:58; Eingang DLQ:18:15:2 C-In: 23.10 18:15:07,494|
"lab29-8-<0.80.0>-T3: Msg #2098, C-Out: 23.10 18:14:58,761|"Eingang HBQ:18:14:58; Eingang DLQ:18:15:2 C-In: 23.10 18:15:07,495|
"lab29-2-<0.101.0>-T3: Msg #2099, C-Out: 23.10 18:14:58,761|"Eingang HBQ:18:14:58; Eingang DLQ:18:15:2 C-In: 23.10 18:15:07,495|
"lab29-9-<0.49.0>-T3: Msg #2100, C-Out: 23.10 18:14:58,803|"Eingang HBQ:18:14:58; Eingang DLQ:18:15:2 C-In: 23.10 18:15:07,496|
"lab29-5-<0.89.0>-T3: Msg #2101, C-Out: 23.10 18:14:58,806|"Eingang HBQ:18:14:58; Eingang DLQ:18:15:2 C-In: 23.10 18:15:07,497|
"lab29-6-<0.86.0>-T3: Msg #2102, C-Out: 23.10 18:14:58,806|"Eingang HBQ:18:14:58; Eingang DLQ:18:15:2 C-In: 23.10 18:15:07,497|
"lab29-1-<0.106.0>-T3: Msg #2103, C-Out: 23.10 18:14:59,863|"Eingang HBQ:18:14:59; Eingang DLQ:18:15:2******* C-In: 23.10 18:15:07,498|
"lab29-10-<0.40.0>-T3: Msg #2104, C-Out: 23.10 18:15:00,740|"Eingang HBQ:18:15:0; Eingang DLQ:18:15:2 C-In: 23.10 18:15:07,499|
"lab29-7-<0.83.0>-T3: Msg #2105, C-Out: 23.10 18:15:02,536|"Eingang HBQ:18:15:2; Eingang DLQ:18:15:2 C-In: 23.10 18:15:07,500|
"lab29-4-<0.93.0>-T3: Msg #2106, C-Out: 23.10 18:15:02,559|"Eingang HBQ:18:15:2; Eingang DLQ:18:15:2 C-In: 23.10 18:15:07,501|
"lab29-2-<0.101.0>-T3: Msg #2107, C-Out: 23.10 18:15:02,567|"Eingang HBQ:18:15:2; Eingang DLQ:18:15:2 C-In: 23.10 18:15:07,501|
"lab29-8-<0.80.0>-T3: Msg #2108, C-Out: 23.10 18:15:02,567|"Eingang HBQ:18:15:2; Eingang DLQ:18:15:2 C-In: 23.10 18:15:07,502|
ReceiveMsgs done
lab29-1-<0.106.0>-T3: Msg #2143, C-Out: 23.10 18:15:13,199| gesendet
lab29-1-<0.106.0>-T3: Msg #2153, C-Out: 23.10 18:15:18,896| gesendet
lab29-1-<0.106.0>-T3: Msg #2163, C-Out: 23.10 18:15:24,593| gesendet
lab29-1-<0.106.0>-T3: Msg #2173, C-Out: 23.10 18:15:30,292| gesendet
lab29-1-<0.106.0>-T3: Msg #2183, C-Out: 23.10 18:15:35,991| gesendet
Neues Intervall: 2.84765625 Sekunden
Msg #2202 um 23.10 18:15:35,999| vergessen zu senden
"lab29-5-<0.89.0>-T3: Msg #2112, C-Out: 23.10 18:15:02,616|"Eingang HBQ:18:15:2; Eingang DLQ:18:15:16 C-In: 23.10 18:15:36,005|
"lab29-1-<0.106.0>-T3: Msg #2113, C-Out: 23.10 18:15:03,665|"Eingang HBQ:18:15:3; Eingang DLQ:18:15:16******* C-In: 23.10 18:15:36,010|
"lab29-10-<0.40.0>-T3: Msg #2114, C-Out: 23.10 18:15:04,541|"Eingang HBQ:18:15:4; Eingang DLQ:18:15:16 C-In: 23.10 18:15:36,010|
"lab29-7-<0.83.0>-T3: Msg #2115, C-Out: 23.10 18:15:06,338|"Eingang HBQ:18:15:6; Eingang DLQ:18:15:16 C-In: 23.10 18:15:36,012|
"lab29-4-<0.93.0>-T3: Msg #2116, C-Out: 23.10 18:15:06,361|"Eingang HBQ:18:15:6; Eingang DLQ:18:15:16 C-In: 23.10 18:15:36,012|
"lab29-8-<0.80.0>-T3: Msg #2117, C-Out: 23.10 18:15:06,374|"Eingang HBQ:18:15:6; Eingang DLQ:18:15:16 C-In: 23.10 18:15:36,013|
"lab29-2-<0.101.0>-T3: Msg #2118, C-Out: 23.10 18:15:06,405|"Eingang HBQ:18:15:6; Eingang DLQ:18:15:16 C-In: 23.10 18:15:36,013|
"lab29-3-<0.97.0>-T3: Msg #2119, C-Out: 23.10 18:15:06,405|"Eingang HBQ:18:15:6; Eingang DLQ:18:15:16 C-In: 23.10 18:15:36,014|
"lab29-9-<0.49.0>-T3: Msg #2120, C-Out: 23.10 18:15:06,414|"Eingang HBQ:18:15:6; Eingang DLQ:18:15:16 C-In: 23.10 18:15:36,015|
"lab29-5-<0.89.0>-T3: Msg #2121, C-Out: 23.10 18:15:06,417|"Eingang HBQ:18:15:6; Eingang DLQ:18:15:16 C-In: 23.10 18:15:36,015|
"lab29-6-<0.86.0>-T3: Msg #2122, C-Out: 23.10 18:15:06,417|"Eingang HBQ:18:15:6; Eingang DLQ:18:15:16 C-In: 23.10 18:15:36,016|
"lab29-1-<0.106.0>-T3: Msg #2123, C-Out: 23.10 18:15:07,466|"Eingang HBQ:18:15:7; Eingang DLQ:18:15:16******* C-In: 23.10 18:15:36,017|
***Fehlernachricht fuer Nachrichtennummern 2124 bis 2124. 18:15:16 C-In: 23.10 18:15:36,018|
"lab29-10-<0.40.0>-T3: Msg #2125, C-Out: 23.10 18:15:10,373|"Eingang HBQ:18:15:10; Eingang DLQ:18:15:23 C-In: 23.10 18:15:36,018|
***Fehlernachricht fuer Nachrichtennummern 2126 bis 2133. 18:15:23 C-In: 23.10 18:15:36,019|
"lab29-7-<0.83.0>-T3: Msg #2134, C-Out: 23.10 18:15:12,281|"Eingang HBQ:18:15:12; Eingang DLQ:18:15:23 C-In: 23.10 18:15:36,020|
"lab29-4-<0.93.0>-T3: Msg #2135, C-Out: 23.10 18:15:12,314|"Eingang HBQ:18:15:12; Eingang DLQ:18:15:23 C-In: 23.10 18:15:36,020|
"lab29-8-<0.80.0>-T3: Msg #2136, C-Out: 23.10 18:15:12,331|"Eingang HBQ:18:15:12; Eingang DLQ:18:15:23 C-In: 23.10 18:15:36,022|
"lab29-3-<0.97.0>-T3: Msg #2137, C-Out: 23.10 18:15:12,353|"Eingang HBQ:18:15:12; Eingang DLQ:18:15:23 C-In: 23.10 18:15:36,022|
"lab29-2-<0.101.0>-T3: Msg #2138, C-Out: 23.10 18:15:12,353|"Eingang HBQ:18:15:12; Eingang DLQ:18:15:23 C-In: 23.10 18:15:36,023|
"lab29-6-<0.86.0>-T3: Msg #2139, C-Out: 23.10 18:15:12,356|"Eingang HBQ:18:15:12; Eingang DLQ:18:15:23 C-In: 23.10 18:15:36,024|
"lab29-9-<0.49.0>-T3: Msg #2140, C-Out: 23.10 18:15:12,356|"Eingang HBQ:18:15:12; Eingang DLQ:18:15:23 C-In: 23.10 18:15:36,024|
"lab29-5-<0.89.0>-T3: Msg #2141, C-Out: 23.10 18:15:12,356|"Eingang HBQ:18:15:12; Eingang DLQ:18:15:23 C-In: 23.10 18:15:36,025|
***Fehlernachricht fuer Nachrichtennummern 2142 bis 2142. 18:15:23 C-In: 23.10 18:15:36,026|
"lab29-1-<0.106.0>-T3: Msg #2143, C-Out: 23.10 18:15:13,199|"Eingang HBQ:18:15:13; Eingang DLQ:18:15:29******* C-In: 23.10 18:15:36,027|
"lab29-10-<0.40.0>-T3: Msg #2144, C-Out: 23.10 18:15:16,070|"Eingang HBQ:18:15:16; Eingang DLQ:18:15:29 C-In: 23.10 18:15:36,027|
"lab29-7-<0.83.0>-T3: Msg #2145, C-Out: 23.10 18:15:17,978|"Eingang HBQ:18:15:17; Eingang DLQ:18:15:29 C-In: 23.10 18:15:36,028|
"lab29-4-<0.93.0>-T3: Msg #2146, C-Out: 23.10 18:15:18,013|"Eingang HBQ:18:15:18; Eingang DLQ:18:15:29 C-In: 23.10 18:15:36,029|
"lab29-8-<0.80.0>-T3: Msg #2147, C-Out: 23.10 18:15:18,030|"Eingang HBQ:18:15:18; Eingang DLQ:18:15:29 C-In: 23.10 18:15:36,030|
"lab29-2-<0.101.0>-T3: Msg #2148, C-Out: 23.10 18:15:18,050|"Eingang HBQ:18:15:18; Eingang DLQ:18:15:29 C-In: 23.10 18:15:36,030|
"lab29-3-<0.97.0>-T3: Msg #2149, C-Out: 23.10 18:15:18,050|"Eingang HBQ:18:15:18; Eingang DLQ:18:15:29 C-In: 23.10 18:15:36,031|
"lab29-5-<0.89.0>-T3: Msg #2150, C-Out: 23.10 18:15:18,056|"Eingang HBQ:18:15:18; Eingang DLQ:18:15:29 C-In: 23.10 18:15:36,032|
"lab29-9-<0.49.0>-T3: Msg #2151, C-Out: 23.10 18:15:18,059|"Eingang HBQ:18:15:18; Eingang DLQ:18:15:29 C-In: 23.10 18:15:36,033|
"lab29-6-<0.86.0>-T3: Msg #2152, C-Out: 23.10 18:15:18,059|"Eingang HBQ:18:15:18; Eingang DLQ:18:15:29 C-In: 23.10 18:15:36,033|
"lab29-1-<0.106.0>-T3: Msg #2153, C-Out: 23.10 18:15:18,896|"Eingang HBQ:18:15:18; Eingang DLQ:18:15:29******* C-In: 23.10 18:15:36,034|
"lab29-10-<0.40.0>-T3: Msg #2154, C-Out: 23.10 18:15:21,789|"Eingang HBQ:18:15:21; Eingang DLQ:18:15:29 C-In: 23.10 18:15:36,035|
"lab29-7-<0.83.0>-T3: Msg #2155, C-Out: 23.10 18:15:23,678|"Eingang HBQ:18:15:23; Eingang DLQ:18:15:29 C-In: 23.10 18:15:36,037|
"lab29-4-<0.93.0>-T3: Msg #2156, C-Out: 23.10 18:15:23,712|"Eingang HBQ:18:15:23; Eingang DLQ:18:15:29 C-In: 23.10 18:15:36,038|
"lab29-8-<0.80.0>-T3: Msg #2157, C-Out: 23.10 18:15:23,728|"Eingang HBQ:18:15:23; Eingang DLQ:18:15:29 C-In: 23.10 18:15:36,038|
"lab29-3-<0.97.0>-T3: Msg #2158, C-Out: 23.10 18:15:23,747|"Eingang HBQ:18:15:23; Eingang DLQ:18:15:29 C-In: 23.10 18:15:36,039|
"lab29-2-<0.101.0>-T3: Msg #2159, C-Out: 23.10 18:15:23,750|"Eingang HBQ:18:15:23; Eingang DLQ:18:15:29 C-In: 23.10 18:15:36,040|
"lab29-5-<0.89.0>-T3: Msg #2160, C-Out: 23.10 18:15:23,753|"Eingang HBQ:18:15:23; Eingang DLQ:18:15:29 C-In: 23.10 18:15:36,040|
"lab29-6-<0.86.0>-T3: Msg #2161, C-Out: 23.10 18:15:23,760|"Eingang HBQ:18:15:23; Eingang DLQ:18:15:29 C-In: 23.10 18:15:36,041|
"lab29-9-<0.49.0>-T3: Msg #2162, C-Out: 23.10 18:15:23,760|"Eingang HBQ:18:15:23; Eingang DLQ:18:15:29 C-In: 23.10 18:15:36,042|
"lab29-1-<0.106.0>-T3: Msg #2163, C-Out: 23.10 18:15:24,593|"Eingang HBQ:18:15:24; Eingang DLQ:18:15:29******* C-In: 23.10 18:15:36,043|
"lab29-10-<0.40.0>-T3: Msg #2164, C-Out: 23.10 18:15:27,488|"Eingang HBQ:18:15:27; Eingang DLQ:18:15:29 C-In: 23.10 18:15:36,043|
"lab29-7-<0.83.0>-T3: Msg #2165, C-Out: 23.10 18:15:29,377|"Eingang HBQ:18:15:29; Eingang DLQ:18:15:29 C-In: 23.10 18:15:36,044|
"lab29-4-<0.93.0>-T3: Msg #2166, C-Out: 23.10 18:15:29,411|"Eingang HBQ:18:15:29; Eingang DLQ:18:15:29 C-In: 23.10 18:15:36,045|
"lab29-8-<0.80.0>-T3: Msg #2167, C-Out: 23.10 18:15:29,426|"Eingang HBQ:18:15:29; Eingang DLQ:18:15:29 C-In: 23.10 18:15:36,046|
"lab29-3-<0.97.0>-T3: Msg #2168, C-Out: 23.10 18:15:29,445|"Eingang HBQ:18:15:29; Eingang DLQ:18:15:29 C-In: 23.10 18:15:36,047|
ReceiveMsgs done
lab29-1-<0.106.0>-T3: Msg #2203, C-Out: 23.10 18:15:38,899| gesendet
lab29-1-<0.106.0>-T3: Msg #2213, C-Out: 23.10 18:15:41,749| gesendet
lab29-1-<0.106.0>-T3: Msg #2223, C-Out: 23.10 18:15:44,601| gesendet
lab29-1-<0.106.0>-T3: Msg #2233, C-Out: 23.10 18:15:47,453| gesendet
lab29-1-<0.106.0>-T3: Msg #2243, C-Out: 23.10 18:15:50,305| gesendet
Neues Intervall: 4.271484375 Sekunden
Msg #2262 um 23.10 18:15:50,310| vergessen zu senden
"lab29-6-<0.86.0>-T3: Msg #2172, C-Out: 23.10 18:15:29,464|"Eingang HBQ:18:15:29; Eingang DLQ:18:15:39 C-In: 23.10 18:15:50,314|
"lab29-1-<0.106.0>-T3: Msg #2173, C-Out: 23.10 18:15:30,292|"Eingang HBQ:18:15:30; Eingang DLQ:18:15:39******* C-In: 23.10 18:15:50,317|
"lab29-10-<0.40.0>-T3: Msg #2174, C-Out: 23.10 18:15:33,187|"Eingang HBQ:18:15:33; Eingang DLQ:18:15:39 C-In: 23.10 18:15:50,318|
"lab29-7-<0.83.0>-T3: Msg #2175, C-Out: 23.10 18:15:35,076|"Eingang HBQ:18:15:35; Eingang DLQ:18:15:39 C-In: 23.10 18:15:50,319|
"lab29-4-<0.93.0>-T3: Msg #2176, C-Out: 23.10 18:15:35,109|"Eingang HBQ:18:15:35; Eingang DLQ:18:15:39 C-In: 23.10 18:15:50,319|
"lab29-8-<0.80.0>-T3: Msg #2177, C-Out: 23.10 18:15:35,124|"Eingang HBQ:18:15:35; Eingang DLQ:18:15:39 C-In: 23.10 18:15:50,320|
"lab29-3-<0.97.0>-T3: Msg #2178, C-Out: 23.10 18:15:35,173|"Eingang HBQ:18:15:35; Eingang DLQ:18:15:39 C-In: 23.10 18:15:50,321|
"lab29-2-<0.101.0>-T3: Msg #2179, C-Out: 23.10 18:15:35,175|"Eingang HBQ:18:15:35; Eingang DLQ:18:15:39 C-In: 23.10 18:15:50,322|
"lab29-5-<0.89.0>-T3: Msg #2180, C-Out: 23.10 18:15:35,175|"Eingang HBQ:18:15:35; Eingang DLQ:18:15:39 C-In: 23.10 18:15:50,323|
"lab29-9-<0.49.0>-T3: Msg #2181, C-Out: 23.10 18:15:35,175|"Eingang HBQ:18:15:35; Eingang DLQ:18:15:39 C-In: 23.10 18:15:50,325|
"lab29-6-<0.86.0>-T3: Msg #2182, C-Out: 23.10 18:15:35,176|"Eingang HBQ:18:15:35; Eingang DLQ:18:15:39 C-In: 23.10 18:15:50,325|
"lab29-1-<0.106.0>-T3: Msg #2183, C-Out: 23.10 18:15:35,991|"Eingang HBQ:18:15:35; Eingang DLQ:18:15:39******* C-In: 23.10 18:15:50,328|
***Fehlernachricht fuer Nachrichtennummern 2184 bis 2184. 18:15:39 C-In: 23.10 18:15:50,330|
"lab29-10-<0.40.0>-T3: Msg #2185, C-Out: 23.10 18:15:36,135|"Eingang HBQ:18:15:36; Eingang DLQ:18:15:43 C-In: 23.10 18:15:50,332|
***Fehlernachricht fuer Nachrichtennummern 2186 bis 2193. 18:15:43 C-In: 23.10 18:15:50,334|
"lab29-7-<0.83.0>-T3: Msg #2194, C-Out: 23.10 18:15:38,088|"Eingang HBQ:18:15:38; Eingang DLQ:18:15:43 C-In: 23.10 18:15:50,337|
"lab29-4-<0.93.0>-T3: Msg #2195, C-Out: 23.10 18:15:38,150|"Eingang HBQ:18:15:38; Eingang DLQ:18:15:43 C-In: 23.10 18:15:50,339|
"lab29-8-<0.80.0>-T3: Msg #2196, C-Out: 23.10 18:15:38,188|"Eingang HBQ:18:15:38; Eingang DLQ:18:15:43 C-In: 23.10 18:15:50,341|
"lab29-3-<0.97.0>-T3: Msg #2197, C-Out: 23.10 18:15:38,251|"Eingang HBQ:18:15:38; Eingang DLQ:18:15:43 C-In: 23.10 18:15:50,341|
"lab29-2-<0.101.0>-T3: Msg #2198, C-Out: 23.10 18:15:38,251|"Eingang HBQ:18:15:38; Eingang DLQ:18:15:43 C-In: 23.10 18:15:50,343|
"lab29-9-<0.49.0>-T3: Msg #2199, C-Out: 23.10 18:15:38,251|"Eingang HBQ:18:15:38; Eingang DLQ:18:15:43 C-In: 23.10 18:15:50,346|
"lab29-6-<0.86.0>-T3: Msg #2200, C-Out: 23.10 18:15:38,254|"Eingang HBQ:18:15:38; Eingang DLQ:18:15:43 C-In: 23.10 18:15:50,348|
"lab29-5-<0.89.0>-T3: Msg #2201, C-Out: 23.10 18:15:38,254|"Eingang HBQ:18:15:38; Eingang DLQ:18:15:43 C-In: 23.10 18:15:50,350|
***Fehlernachricht fuer Nachrichtennummern 2202 bis 2202. 18:15:43 C-In: 23.10 18:15:50,354|
"lab29-1-<0.106.0>-T3: Msg #2203, C-Out: 23.10 18:15:38,899|"Eingang HBQ:18:15:38; Eingang DLQ:18:15:46******* C-In: 23.10 18:15:50,356|
"lab29-10-<0.40.0>-T3: Msg #2204, C-Out: 23.10 18:15:38,986|"Eingang HBQ:18:15:38; Eingang DLQ:18:15:46 C-In: 23.10 18:15:50,358|
"lab29-7-<0.83.0>-T3: Msg #2205, C-Out: 23.10 18:15:40,938|"Eingang HBQ:18:15:40; Eingang DLQ:18:15:46 C-In: 23.10 18:15:50,360|
"lab29-4-<0.93.0>-T3: Msg #2206, C-Out: 23.10 18:15:41,002|"Eingang HBQ:18:15:41; Eingang DLQ:18:15:46 C-In: 23.10 18:15:50,362|
"lab29-8-<0.80.0>-T3: Msg #2207, C-Out: 23.10 18:15:41,038|"Eingang HBQ:18:15:41; Eingang DLQ:18:15:46 C-In: 23.10 18:15:50,363|
"lab29-2-<0.101.0>-T3: Msg #2208, C-Out: 23.10 18:15:41,102|"Eingang HBQ:18:15:41; Eingang DLQ:18:15:46 C-In: 23.10 18:15:50,363|
"lab29-9-<0.49.0>-T3: Msg #2209, C-Out: 23.10 18:15:41,102|"Eingang HBQ:18:15:41; Eingang DLQ:18:15:46 C-In: 23.10 18:15:50,364|
"lab29-3-<0.97.0>-T3: Msg #2210, C-Out: 23.10 18:15:41,102|"Eingang HBQ:18:15:41; Eingang DLQ:18:15:46 C-In: 23.10 18:15:50,365|
"lab29-6-<0.86.0>-T3: Msg #2211, C-Out: 23.10 18:15:41,108|"Eingang HBQ:18:15:41; Eingang DLQ:18:15:46 C-In: 23.10 18:15:50,365|
"lab29-5-<0.89.0>-T3: Msg #2212, C-Out: 23.10 18:15:41,109|"Eingang HBQ:18:15:41; Eingang DLQ:18:15:46 C-In: 23.10 18:15:50,367|
"lab29-1-<0.106.0>-T3: Msg #2213, C-Out: 23.10 18:15:41,749|"Eingang HBQ:18:15:41; Eingang DLQ:18:15:46******* C-In: 23.10 18:15:50,367|
"lab29-10-<0.40.0>-T3: Msg #2214, C-Out: 23.10 18:15:41,878|"Eingang HBQ:18:15:41; Eingang DLQ:18:15:46 C-In: 23.10 18:15:50,367|
"lab29-7-<0.83.0>-T3: Msg #2215, C-Out: 23.10 18:15:43,788|"Eingang HBQ:18:15:43; Eingang DLQ:18:15:46 C-In: 23.10 18:15:50,368|
"lab29-4-<0.93.0>-T3: Msg #2216, C-Out: 23.10 18:15:43,852|"Eingang HBQ:18:15:43; Eingang DLQ:18:15:46 C-In: 23.10 18:15:50,369|
"lab29-8-<0.80.0>-T3: Msg #2217, C-Out: 23.10 18:15:43,888|"Eingang HBQ:18:15:43; Eingang DLQ:18:15:46 C-In: 23.10 18:15:50,369|
"lab29-2-<0.101.0>-T3: Msg #2218, C-Out: 23.10 18:15:43,952|"Eingang HBQ:18:15:43; Eingang DLQ:18:15:46 C-In: 23.10 18:15:50,370|
"lab29-3-<0.97.0>-T3: Msg #2219, C-Out: 23.10 18:15:43,952|"Eingang HBQ:18:15:43; Eingang DLQ:18:15:46 C-In: 23.10 18:15:50,372|
"lab29-9-<0.49.0>-T3: Msg #2220, C-Out: 23.10 18:15:43,954|"Eingang HBQ:18:15:43; Eingang DLQ:18:15:46 C-In: 23.10 18:15:50,372|
"lab29-6-<0.86.0>-T3: Msg #2221, C-Out: 23.10 18:15:43,957|"Eingang HBQ:18:15:43; Eingang DLQ:18:15:46 C-In: 23.10 18:15:50,372|
"lab29-5-<0.89.0>-T3: Msg #2222, C-Out: 23.10 18:15:43,959|"Eingang HBQ:18:15:43; Eingang DLQ:18:15:46 C-In: 23.10 18:15:50,373|
"lab29-1-<0.106.0>-T3: Msg #2223, C-Out: 23.10 18:15:44,601|"Eingang HBQ:18:15:44; Eingang DLQ:18:15:46******* C-In: 23.10 18:15:50,374|
"lab29-10-<0.40.0>-T3: Msg #2224, C-Out: 23.10 18:15:44,730|"Eingang HBQ:18:15:44; Eingang DLQ:18:15:46 C-In: 23.10 18:15:50,374|
"lab29-7-<0.83.0>-T3: Msg #2225, C-Out: 23.10 18:15:46,640|"Eingang HBQ:18:15:46; Eingang DLQ:18:15:46 C-In: 23.10 18:15:50,375|
"lab29-4-<0.93.0>-T3: Msg #2226, C-Out: 23.10 18:15:46,705|"Eingang HBQ:18:15:46; Eingang DLQ:18:15:46 C-In: 23.10 18:15:50,376|
"lab29-8-<0.80.0>-T3: Msg #2227, C-Out: 23.10 18:15:46,740|"Eingang HBQ:18:15:46; Eingang DLQ:18:15:46 C-In: 23.10 18:15:50,376|
"lab29-3-<0.97.0>-T3: Msg #2228, C-Out: 23.10 18:15:46,806|"Eingang HBQ:18:15:46; Eingang DLQ:18:15:46 C-In: 23.10 18:15:50,377|
ReceiveMsgs done
lab29-1-<0.106.0>-T3: Msg #2263, C-Out: 23.10 18:15:54,650| gesendet
lab29-1-<0.106.0>-T3: Msg #2278, C-Out: 23.10 18:15:58,923| gesendet
lab29-1-<0.106.0>-T3: Msg #2293, C-Out: 23.10 18:16:03,196| gesendet
lab29-1-<0.106.0>-T3: Msg #2307, C-Out: 23.10 18:16:07,471| gesendet
lab29-1-<0.106.0>-T3: Msg #2317, C-Out: 23.10 18:16:11,774| gesendet
Neues Intervall: 2.1357421875 Sekunden
Msg #2337 um 23.10 18:16:11,780| vergessen zu senden
"lab29-6-<0.86.0>-T3: Msg #2241, C-Out: 23.10 18:15:49,690|"Eingang HBQ:18:15:49; Eingang DLQ:18:15:54 C-In: 23.10 18:16:11,780|
"lab29-5-<0.89.0>-T3: Msg #2242, C-Out: 23.10 18:15:49,690|"Eingang HBQ:18:15:49; Eingang DLQ:18:15:54 C-In: 23.10 18:16:11,781|
"lab29-1-<0.106.0>-T3: Msg #2243, C-Out: 23.10 18:15:50,305|"Eingang HBQ:18:15:50; Eingang DLQ:18:15:54******* C-In: 23.10 18:16:11,781|
***Fehlernachricht fuer Nachrichtennummern 2244 bis 2244. 18:15:54 C-In: 23.10 18:16:11,782|
"lab29-10-<0.40.0>-T3: Msg #2245, C-Out: 23.10 18:15:51,984|"Eingang HBQ:18:15:51; Eingang DLQ:18:15:58 C-In: 23.10 18:16:11,784|
***Fehlernachricht fuer Nachrichtennummern 2246 bis 2248. 18:15:58 C-In: 23.10 18:16:11,787|
"lab29-7-<0.83.0>-T3: Msg #2249, C-Out: 23.10 18:15:53,897|"Eingang HBQ:18:15:53; Eingang DLQ:18:15:58 C-In: 23.10 18:16:11,789|
"lab29-4-<0.93.0>-T3: Msg #2250, C-Out: 23.10 18:15:53,958|"Eingang HBQ:18:15:53; Eingang DLQ:18:15:58 C-In: 23.10 18:16:11,791|
***Fehlernachricht fuer Nachrichtennummern 2251 bis 2255. 18:15:58 C-In: 23.10 18:16:11,793|
"lab29-8-<0.80.0>-T3: Msg #2256, C-Out: 23.10 18:15:54,005|"Eingang HBQ:18:15:54; Eingang DLQ:18:15:59 C-In: 23.10 18:16:11,793|
"lab29-2-<0.101.0>-T3: Msg #2257, C-Out: 23.10 18:15:54,133|"Eingang HBQ:18:15:54; Eingang DLQ:18:15:59 C-In: 23.10 18:16:11,794|
"lab29-5-<0.89.0>-T3: Msg #2258, C-Out: 23.10 18:15:54,135|"Eingang HBQ:18:15:54; Eingang DLQ:18:15:59 C-In: 23.10 18:16:11,794|
"lab29-3-<0.97.0>-T3: Msg #2259, C-Out: 23.10 18:15:54,135|"Eingang HBQ:18:15:54; Eingang DLQ:18:15:59 C-In: 23.10 18:16:11,795|
"lab29-6-<0.86.0>-T3: Msg #2260, C-Out: 23.10 18:15:54,136|"Eingang HBQ:18:15:54; Eingang DLQ:18:15:59 C-In: 23.10 18:16:11,795|
"lab29-9-<0.49.0>-T3: Msg #2261, C-Out: 23.10 18:15:54,138|"Eingang HBQ:18:15:54; Eingang DLQ:18:15:59 C-In: 23.10 18:16:11,796|
***Fehlernachricht fuer Nachrichtennummern 2262 bis 2262. 18:15:59 C-In: 23.10 18:16:11,797|
"lab29-1-<0.106.0>-T3: Msg #2263, C-Out: 23.10 18:15:54,650|"Eingang HBQ:18:15:54; Eingang DLQ:18:16:2******* C-In: 23.10 18:16:11,797|
"lab28-<0.56.0>: Nachricht #2264, C-Out: 23.10 18:15:51,453|"Eingang HBQ:18:15:51; Eingang DLQ:18:16:2 C-In: 23.10 18:16:11,798|
"lab28-<0.56.0>: Nachricht #2265, C-Out: 23.10 18:15:52,457|"Eingang HBQ:18:15:52; Eingang DLQ:18:16:2 C-In: 23.10 18:16:11,798|
"lab29-10-<0.40.0>-T3: Msg #2266, C-Out: 23.10 18:15:56,259|"Eingang HBQ:18:15:56; Eingang DLQ:18:16:2 C-In: 23.10 18:16:11,799|
"lab28-<0.56.0>: Nachricht #2267, C-Out: 23.10 18:15:53,462|"Eingang HBQ:18:15:53; Eingang DLQ:18:16:2 C-In: 23.10 18:16:11,800|
"lab28-<0.56.0>: Nachricht #2268, C-Out: 23.10 18:15:54,468|"Eingang HBQ:18:15:54; Eingang DLQ:18:16:2 C-In: 23.10 18:16:11,801|
"lab29-7-<0.83.0>-T3: Msg #2269, C-Out: 23.10 18:15:58,172|"Eingang HBQ:18:15:58; Eingang DLQ:18:16:2 C-In: 23.10 18:16:11,801|
"lab29-4-<0.93.0>-T3: Msg #2270, C-Out: 23.10 18:15:58,233|"Eingang HBQ:18:15:58; Eingang DLQ:18:16:2 C-In: 23.10 18:16:11,804|
"lab29-8-<0.80.0>-T3: Msg #2271, C-Out: 23.10 18:15:58,280|"Eingang HBQ:18:15:58; Eingang DLQ:18:16:2 C-In: 23.10 18:16:11,806|
"lab29-2-<0.101.0>-T3: Msg #2272, C-Out: 23.10 18:15:58,409|"Eingang HBQ:18:15:58; Eingang DLQ:18:16:2 C-In: 23.10 18:16:11,809|
"lab29-3-<0.97.0>-T3: Msg #2273, C-Out: 23.10 18:15:58,414|"Eingang HBQ:18:15:58; Eingang DLQ:18:16:2 C-In: 23.10 18:16:11,811|
"lab29-5-<0.89.0>-T3: Msg #2274, C-Out: 23.10 18:15:58,414|"Eingang HBQ:18:15:58; Eingang DLQ:18:16:2 C-In: 23.10 18:16:11,816|
"lab29-6-<0.86.0>-T3: Msg #2275, C-Out: 23.10 18:15:58,434|"Eingang HBQ:18:15:58; Eingang DLQ:18:16:2 C-In: 23.10 18:16:11,818|
"lab29-9-<0.49.0>-T3: Msg #2276, C-Out: 23.10 18:15:58,435|"Eingang HBQ:18:15:58; Eingang DLQ:18:16:2 C-In: 23.10 18:16:11,820|
"lab28-<0.56.0>: Nachricht #2277, C-Out: 23.10 18:15:55,471|"Eingang HBQ:18:15:55; Eingang DLQ:18:16:2 C-In: 23.10 18:16:11,825|
"lab29-1-<0.106.0>-T3: Msg #2278, C-Out: 23.10 18:15:58,923|"Eingang HBQ:18:15:58; Eingang DLQ:18:16:2******* C-In: 23.10 18:16:11,828|
***Fehlernachricht fuer Nachrichtennummern 2279 bis 2279. 18:16:2 C-In: 23.10 18:16:11,830|
"lab28-<0.56.0>: Nachricht #2280, C-Out: 23.10 18:15:56,595|"Eingang HBQ:18:15:56; Eingang DLQ:18:16:7 C-In: 23.10 18:16:11,834|
"lab29-10-<0.40.0>-T3: Msg #2281, C-Out: 23.10 18:16:00,532|"Eingang HBQ:18:16:0; Eingang DLQ:18:16:7 C-In: 23.10 18:16:11,837|
"lab28-<0.56.0>: Nachricht #2282, C-Out: 23.10 18:15:57,599|"Eingang HBQ:18:15:57; Eingang DLQ:18:16:7 C-In: 23.10 18:16:11,839|
"lab28-<0.56.0>: Nachricht #2283, C-Out: 23.10 18:15:58,602|"Eingang HBQ:18:15:58; Eingang DLQ:18:16:7 C-In: 23.10 18:16:11,843|
"lab29-7-<0.83.0>-T3: Msg #2284, C-Out: 23.10 18:16:02,445|"Eingang HBQ:18:16:2; Eingang DLQ:18:16:7 C-In: 23.10 18:16:11,846|
"lab29-4-<0.93.0>-T3: Msg #2285, C-Out: 23.10 18:16:02,508|"Eingang HBQ:18:16:2; Eingang DLQ:18:16:7 C-In: 23.10 18:16:11,849|
"lab29-8-<0.80.0>-T3: Msg #2286, C-Out: 23.10 18:16:02,555|"Eingang HBQ:18:16:2; Eingang DLQ:18:16:7 C-In: 23.10 18:16:11,854|
"lab29-2-<0.101.0>-T3: Msg #2287, C-Out: 23.10 18:16:02,684|"Eingang HBQ:18:16:2; Eingang DLQ:18:16:7 C-In: 23.10 18:16:11,857|
"lab29-5-<0.89.0>-T3: Msg #2288, C-Out: 23.10 18:16:02,690|"Eingang HBQ:18:16:2; Eingang DLQ:18:16:7 C-In: 23.10 18:16:11,861|
"lab29-3-<0.97.0>-T3: Msg #2289, C-Out: 23.10 18:16:02,693|"Eingang HBQ:18:16:2; Eingang DLQ:18:16:7 C-In: 23.10 18:16:11,863|
"lab29-6-<0.86.0>-T3: Msg #2290, C-Out: 23.10 18:16:02,707|"Eingang HBQ:18:16:2; Eingang DLQ:18:16:7 C-In: 23.10 18:16:11,866|
"lab29-9-<0.49.0>-T3: Msg #2291, C-Out: 23.10 18:16:02,710|"Eingang HBQ:18:16:2; Eingang DLQ:18:16:7 C-In: 23.10 18:16:11,870|
"lab28-<0.56.0>: Nachricht #2292, C-Out: 23.10 18:15:59,607|"Eingang HBQ:18:15:59; Eingang DLQ:18:16:7 C-In: 23.10 18:16:11,873|
"lab29-1-<0.106.0>-T3: Msg #2293, C-Out: 23.10 18:16:03,196|"Eingang HBQ:18:16:3; Eingang DLQ:18:16:7******* C-In: 23.10 18:16:11,877|
"lab28-<0.56.0>: Nachricht #2294, C-Out: 23.10 18:16:00,618|"Eingang HBQ:18:16:0; Eingang DLQ:18:16:7 C-In: 23.10 18:16:11,880|
"lab29-10-<0.40.0>-T3: Msg #2295, C-Out: 23.10 18:16:04,807|"Eingang HBQ:18:16:4; Eingang DLQ:18:16:7 C-In: 23.10 18:16:11,882|
***Fehlernachricht fuer Nachrichtennummern 2296 bis 2296. 18:16:7 C-In: 23.10 18:16:11,884|
ReceiveMsgs done
lab29-1-<0.106.0>-T3: Msg #2338, C-Out: 23.10 18:16:14,022| gesendet
lab29-1-<0.106.0>-T3: Msg #2348, C-Out: 23.10 18:16:16,160| gesendet
lab29-1-<0.106.0>-T3: Msg #2358, C-Out: 23.10 18:16:18,299| gesendet
lab29-1-<0.106.0>-T3: Msg #2368, C-Out: 23.10 18:16:20,439| gesendet
lab29-1-<0.106.0>-T3: Msg #2379, C-Out: 23.10 18:16:22,579| gesendet
Neues Intervall: 1.06787109375 Sekunden
Msg #2398 um 23.10 18:16:22,582| vergessen zu senden
"lab29-10-<0.40.0>-T3: Msg #2308, C-Out: 23.10 18:16:09,082|"Eingang HBQ:18:16:9; Eingang DLQ:18:16:13 C-In: 23.10 18:16:22,582|
"lab29-7-<0.83.0>-T3: Msg #2309, C-Out: 23.10 18:16:10,995|"Eingang HBQ:18:16:10; Eingang DLQ:18:16:13 C-In: 23.10 18:16:22,583|
"lab29-4-<0.93.0>-T3: Msg #2310, C-Out: 23.10 18:16:11,056|"Eingang HBQ:18:16:11; Eingang DLQ:18:16:13 C-In: 23.10 18:16:22,584|
"lab29-8-<0.80.0>-T3: Msg #2311, C-Out: 23.10 18:16:11,125|"Eingang HBQ:18:16:11; Eingang DLQ:18:16:13 C-In: 23.10 18:16:22,584|
"lab29-2-<0.101.0>-T3: Msg #2312, C-Out: 23.10 18:16:11,232|"Eingang HBQ:18:16:11; Eingang DLQ:18:16:13 C-In: 23.10 18:16:22,585|
"lab29-5-<0.89.0>-T3: Msg #2313, C-Out: 23.10 18:16:11,239|"Eingang HBQ:18:16:11; Eingang DLQ:18:16:13 C-In: 23.10 18:16:22,586|
"lab29-3-<0.97.0>-T3: Msg #2314, C-Out: 23.10 18:16:11,244|"Eingang HBQ:18:16:11; Eingang DLQ:18:16:13 C-In: 23.10 18:16:22,586|
"lab29-6-<0.86.0>-T3: Msg #2315, C-Out: 23.10 18:16:11,256|"Eingang HBQ:18:16:11; Eingang DLQ:18:16:13 C-In: 23.10 18:16:22,588|
"lab29-9-<0.49.0>-T3: Msg #2316, C-Out: 23.10 18:16:11,261|"Eingang HBQ:18:16:11; Eingang DLQ:18:16:13 C-In: 23.10 18:16:22,588|
"lab29-1-<0.106.0>-T3: Msg #2317, C-Out: 23.10 18:16:11,774|"Eingang HBQ:18:16:11; Eingang DLQ:18:16:13******* C-In: 23.10 18:16:22,589|
***Fehlernachricht fuer Nachrichtennummern 2318 bis 2318. 18:16:13 C-In: 23.10 18:16:22,591|
"lab29-10-<0.40.0>-T3: Msg #2319, C-Out: 23.10 18:16:11,346|"Eingang HBQ:18:16:11; Eingang DLQ:18:16:17 C-In: 23.10 18:16:22,591|
***Fehlernachricht fuer Nachrichtennummern 2320 bis 2322. 18:16:17 C-In: 23.10 18:16:22,592|
"lab29-7-<0.83.0>-T3: Msg #2323, C-Out: 23.10 18:16:13,268|"Eingang HBQ:18:16:13; Eingang DLQ:18:16:17 C-In: 23.10 18:16:22,592|
"lab29-4-<0.93.0>-T3: Msg #2324, C-Out: 23.10 18:16:13,310|"Eingang HBQ:18:16:13; Eingang DLQ:18:16:17 C-In: 23.10 18:16:22,593|
"lab29-8-<0.80.0>-T3: Msg #2325, C-Out: 23.10 18:16:13,327|"Eingang HBQ:18:16:13; Eingang DLQ:18:16:17 C-In: 23.10 18:16:22,594|
***Fehlernachricht fuer Nachrichtennummern 2326 bis 2330. 18:16:17 C-In: 23.10 18:16:22,594|
"lab29-10-<0.40.0>-T3: Msg #2331, C-Out: 23.10 18:16:13,489|"Eingang HBQ:18:16:13; Eingang DLQ:18:16:17 C-In: 23.10 18:16:22,595|
"lab29-2-<0.101.0>-T3: Msg #2332, C-Out: 23.10 18:16:13,525|"Eingang HBQ:18:16:13; Eingang DLQ:18:16:17 C-In: 23.10 18:16:22,596|
"lab29-5-<0.89.0>-T3: Msg #2333, C-Out: 23.10 18:16:13,529|"Eingang HBQ:18:16:13; Eingang DLQ:18:16:17 C-In: 23.10 18:16:22,596|
"lab29-3-<0.97.0>-T3: Msg #2334, C-Out: 23.10 18:16:13,536|"Eingang HBQ:18:16:13; Eingang DLQ:18:16:17 C-In: 23.10 18:16:22,597|
"lab29-6-<0.86.0>-T3: Msg #2335, C-Out: 23.10 18:16:13,549|"Eingang HBQ:18:16:13; Eingang DLQ:18:16:17 C-In: 23.10 18:16:22,598|
"lab29-9-<0.49.0>-T3: Msg #2336, C-Out: 23.10 18:16:13,550|"Eingang HBQ:18:16:13; Eingang DLQ:18:16:17 C-In: 23.10 18:16:22,598|
***Fehlernachricht fuer Nachrichtennummern 2337 bis 2337. 18:16:17 C-In: 23.10 18:16:22,599|
"lab29-1-<0.106.0>-T3: Msg #2338, C-Out: 23.10 18:16:14,022|"Eingang HBQ:18:16:14; Eingang DLQ:18:16:19******* C-In: 23.10 18:16:22,599|
"lab29-7-<0.83.0>-T3: Msg #2339, C-Out: 23.10 18:16:15,406|"Eingang HBQ:18:16:15; Eingang DLQ:18:16:19 C-In: 23.10 18:16:22,600|
"lab29-4-<0.93.0>-T3: Msg #2340, C-Out: 23.10 18:16:15,448|"Eingang HBQ:18:16:15; Eingang DLQ:18:16:19 C-In: 23.10 18:16:22,601|
"lab29-8-<0.80.0>-T3: Msg #2341, C-Out: 23.10 18:16:15,465|"Eingang HBQ:18:16:15; Eingang DLQ:18:16:19 C-In: 23.10 18:16:22,601|
"lab29-10-<0.40.0>-T3: Msg #2342, C-Out: 23.10 18:16:15,627|"Eingang HBQ:18:16:15; Eingang DLQ:18:16:19 C-In: 23.10 18:16:22,602|
"lab29-2-<0.101.0>-T3: Msg #2343, C-Out: 23.10 18:16:15,665|"Eingang HBQ:18:16:15; Eingang DLQ:18:16:19 C-In: 23.10 18:16:22,603|
"lab29-5-<0.89.0>-T3: Msg #2344, C-Out: 23.10 18:16:15,691|"Eingang HBQ:18:16:15; Eingang DLQ:18:16:19 C-In: 23.10 18:16:22,604|
"lab29-3-<0.97.0>-T3: Msg #2345, C-Out: 23.10 18:16:15,691|"Eingang HBQ:18:16:15; Eingang DLQ:18:16:19 C-In: 23.10 18:16:22,604|
"lab29-6-<0.86.0>-T3: Msg #2346, C-Out: 23.10 18:16:15,693|"Eingang HBQ:18:16:15; Eingang DLQ:18:16:19 C-In: 23.10 18:16:22,605|
"lab29-9-<0.49.0>-T3: Msg #2347, C-Out: 23.10 18:16:15,693|"Eingang HBQ:18:16:15; Eingang DLQ:18:16:19 C-In: 23.10 18:16:22,607|
"lab29-1-<0.106.0>-T3: Msg #2348, C-Out: 23.10 18:16:16,160|"Eingang HBQ:18:16:16; Eingang DLQ:18:16:19******* C-In: 23.10 18:16:22,608|
"lab29-7-<0.83.0>-T3: Msg #2349, C-Out: 23.10 18:16:17,544|"Eingang HBQ:18:16:17; Eingang DLQ:18:16:19 C-In: 23.10 18:16:22,608|
"lab29-4-<0.93.0>-T3: Msg #2350, C-Out: 23.10 18:16:17,586|"Eingang HBQ:18:16:17; Eingang DLQ:18:16:19 C-In: 23.10 18:16:22,609|
"lab29-8-<0.80.0>-T3: Msg #2351, C-Out: 23.10 18:16:17,603|"Eingang HBQ:18:16:17; Eingang DLQ:18:16:19 C-In: 23.10 18:16:22,609|
"lab29-10-<0.40.0>-T3: Msg #2352, C-Out: 23.10 18:16:17,765|"Eingang HBQ:18:16:17; Eingang DLQ:18:16:19 C-In: 23.10 18:16:22,610|
"lab29-2-<0.101.0>-T3: Msg #2353, C-Out: 23.10 18:16:17,803|"Eingang HBQ:18:16:17; Eingang DLQ:18:16:19 C-In: 23.10 18:16:22,612|
"lab29-3-<0.97.0>-T3: Msg #2354, C-Out: 23.10 18:16:17,829|"Eingang HBQ:18:16:17; Eingang DLQ:18:16:19 C-In: 23.10 18:16:22,614|
"lab29-5-<0.89.0>-T3: Msg #2355, C-Out: 23.10 18:16:17,829|"Eingang HBQ:18:16:17; Eingang DLQ:18:16:19 C-In: 23.10 18:16:22,617|
"lab29-9-<0.49.0>-T3: Msg #2356, C-Out: 23.10 18:16:17,831|"Eingang HBQ:18:16:17; Eingang DLQ:18:16:19 C-In: 23.10 18:16:22,619|
"lab29-6-<0.86.0>-T3: Msg #2357, C-Out: 23.10 18:16:17,831|"Eingang HBQ:18:16:17; Eingang DLQ:18:16:19 C-In: 23.10 18:16:22,621|
"lab29-1-<0.106.0>-T3: Msg #2358, C-Out: 23.10 18:16:18,299|"Eingang HBQ:18:16:18; Eingang DLQ:18:16:19******* C-In: 23.10 18:16:22,624|
"lab29-7-<0.83.0>-T3: Msg #2359, C-Out: 23.10 18:16:19,682|"Eingang HBQ:18:16:19; Eingang DLQ:18:16:19 C-In: 23.10 18:16:22,626|
"lab29-4-<0.93.0>-T3: Msg #2360, C-Out: 23.10 18:16:19,724|"Eingang HBQ:18:16:19; Eingang DLQ:18:16:19 C-In: 23.10 18:16:22,628|
"lab29-8-<0.80.0>-T3: Msg #2361, C-Out: 23.10 18:16:19,741|"Eingang HBQ:18:16:19; Eingang DLQ:18:16:19 C-In: 23.10 18:16:22,631|
"lab29-10-<0.40.0>-T3: Msg #2362, C-Out: 23.10 18:16:19,905|"Eingang HBQ:18:16:19; Eingang DLQ:18:16:19 C-In: 23.10 18:16:22,633|
"lab29-2-<0.101.0>-T3: Msg #2363, C-Out: 23.10 18:16:19,950|"Eingang HBQ:18:16:19; Eingang DLQ:18:16:19 C-In: 23.10 18:16:22,635|
ReceiveMsgs done
lab29-1-<0.106.0>-T3: Msg #2399, C-Out: 23.10 18:16:23,707| gesendet
lab29-1-<0.106.0>-T3: Msg #2409, C-Out: 23.10 18:16:24,798| gesendet
