lab29-17-<0.53.0>-T3 C-Start: 23.10 17:39:20,490|
lab29-17-<0.53.0>-T3: Msg #450, C-Out: 23.10 17:39:21,499| gesendet
lab29-17-<0.53.0>-T3 C-Start: 23.10 17:48:47,319|
lab29-17-<0.53.0>-T3: Msg #21, C-Out: 23.10 17:48:48,330| gesendet
lab29-17-<0.63.0>-T3 C-Start: 23.10 17:49:13,757|
lab29-17-<0.63.0>-T3: Msg #14, C-Out: 23.10 17:49:14,766| gesendet
lab29-17-<0.63.0>-T3: Msg #51, C-Out: 23.10 17:49:15,769| gesendet
lab29-17-<0.63.0>-T3: Msg #91, C-Out: 23.10 17:49:16,774| gesendet
lab29-17-<0.63.0>-T3: Msg #124, C-Out: 23.10 17:49:17,778| gesendet
lab29-17-<0.63.0>-T3: Msg #156, C-Out: 23.10 17:49:18,782| gesendet
Neues Intervall: 1 Sekunden
Msg #193 um 23.10 17:49:18,785| vergessen zu senden
lab29-12-<0.68.0>-T3: Msg #150, C-Out: 23.10 17:49:18,779| HBQ In: 23.10 17:49:18,781| DLQ In: 23.10 17:49:18,781| C-In: 23.10 17:49:18,788|
lab29-20-<0.60.0>-T3: Msg #151, C-Out: 23.10 17:49:18,779| HBQ In: 23.10 17:49:18,781| DLQ In: 23.10 17:49:18,781| C-In: 23.10 17:49:18,790|
lab29-1-<0.79.0>-T3: Msg #152, C-Out: 23.10 17:49:18,779| HBQ In: 23.10 17:49:18,780| DLQ In: 23.10 17:49:18,781| C-In: 23.10 17:49:18,792|
lab29-25-<0.55.0>-T3: Msg #153, C-Out: 23.10 17:49:18,780| HBQ In: 23.10 17:49:18,782| DLQ In: 23.10 17:49:18,782| C-In: 23.10 17:49:18,795|
lab29-16-<0.64.0>-T3: Msg #154, C-Out: 23.10 17:49:18,780| HBQ In: 23.10 17:49:18,782| DLQ In: 23.10 17:49:18,782| C-In: 23.10 17:49:18,797|
lab29-4-<0.76.0>-T3: Msg #155, C-Out: 23.10 17:49:18,780| HBQ In: 23.10 17:49:18,782| DLQ In: 23.10 17:49:18,782| C-In: 23.10 17:49:18,799|
lab29-17-<0.63.0>-T3: Msg #156, C-Out: 23.10 17:49:18,782| HBQ In: 23.10 17:49:18,784| DLQ In: 23.10 17:49:18,784|******* C-In: 23.10 17:49:18,801|
lab29-10-<0.70.0>-T3: Msg #157, C-Out: 23.10 17:49:18,782| HBQ In: 23.10 17:49:18,786| DLQ In: 23.10 17:49:18,786| C-In: 23.10 17:49:18,802|
lab29-14-<0.66.0>-T3: Msg #158, C-Out: 23.10 17:49:18,782| HBQ In: 23.10 17:49:18,786| DLQ In: 23.10 17:49:18,786| C-In: 23.10 17:49:18,806|
lab29-3-<0.77.0>-T3: Msg #159, C-Out: 23.10 17:49:18,782| HBQ In: 23.10 17:49:18,785| DLQ In: 23.10 17:49:18,786| C-In: 23.10 17:49:18,807|
lab29-24-<0.56.0>-T3: Msg #160, C-Out: 23.10 17:49:18,782| HBQ In: 23.10 17:49:18,785| DLQ In: 23.10 17:49:18,786| C-In: 23.10 17:49:18,811|
lab29-19-<0.61.0>-T3: Msg #161, C-Out: 23.10 17:49:18,782| HBQ In: 23.10 17:49:18,785| DLQ In: 23.10 17:49:18,786| C-In: 23.10 17:49:18,815|
lab29-23-<0.57.0>-T3: Msg #162, C-Out: 23.10 17:49:18,782| HBQ In: 23.10 17:49:18,784| DLQ In: 23.10 17:49:18,786| C-In: 23.10 17:49:18,816|
lab29-11-<0.69.0>-T3: Msg #163, C-Out: 23.10 17:49:18,782| HBQ In: 23.10 17:49:18,785| DLQ In: 23.10 17:49:18,786| C-In: 23.10 17:49:18,819|
lab29-21-<0.59.0>-T3: Msg #164, C-Out: 23.10 17:49:18,782| HBQ In: 23.10 17:49:18,784| DLQ In: 23.10 17:49:18,786| C-In: 23.10 17:49:18,821|
ReceiveMsgs done
lab29-17-<0.63.0>-T3: Msg #209, C-Out: 23.10 17:49:19,825| gesendet
lab29-17-<0.63.0>-T3: Msg #233, C-Out: 23.10 17:49:20,827| gesendet
lab29-17-<0.63.0>-T3: Msg #263, C-Out: 23.10 17:49:21,829| gesendet
lab29-17-<0.63.0>-T3: Msg #296, C-Out: 23.10 17:49:22,830| gesendet
lab29-17-<0.63.0>-T3: Msg #326, C-Out: 23.10 17:49:23,832| gesendet
Neues Intervall: 1.5 Sekunden
Msg #357 um 23.10 17:49:23,835| vergessen zu senden
lab29-28-<0.52.0>-T3: Msg #319, C-Out: 23.10 17:49:22,838| HBQ In: 23.10 17:49:22,839| DLQ In: 23.10 17:49:22,840| C-In: 23.10 17:49:23,838|
lab29-18-<0.62.0>-T3: Msg #324, C-Out: 23.10 17:49:22,839| HBQ In: 23.10 17:49:22,841| DLQ In: 23.10 17:49:22,842| C-In: 23.10 17:49:23,840|
lab29-21-<0.59.0>-T3: Msg #333, C-Out: 23.10 17:49:23,835| HBQ In: 23.10 17:49:23,837| DLQ In: 23.10 17:49:23,837| C-In: 23.10 17:49:23,844|
lab29-9-<0.71.0>-T3: Msg #340, C-Out: 23.10 17:49:23,839| HBQ In: 23.10 17:49:23,840| DLQ In: 23.10 17:49:23,841| C-In: 23.10 17:49:23,847|
lab29-6-<0.74.0>-T3: Msg #341, C-Out: 23.10 17:49:23,839| HBQ In: 23.10 17:49:23,841| DLQ In: 23.10 17:49:23,841| C-In: 23.10 17:49:23,849|
lab29-16-<0.64.0>-T3: Msg #342, C-Out: 23.10 17:49:23,839| HBQ In: 23.10 17:49:23,841| DLQ In: 23.10 17:49:23,841| C-In: 23.10 17:49:23,852|
lab29-29-<0.51.0>-T3: Msg #343, C-Out: 23.10 17:49:23,839| HBQ In: 23.10 17:49:23,842| DLQ In: 23.10 17:49:23,842| C-In: 23.10 17:49:23,853|
lab29-25-<0.55.0>-T3: Msg #344, C-Out: 23.10 17:49:23,839| HBQ In: 23.10 17:49:23,840| DLQ In: 23.10 17:49:23,842| C-In: 23.10 17:49:23,856|
lab29-4-<0.76.0>-T3: Msg #345, C-Out: 23.10 17:49:23,840| HBQ In: 23.10 17:49:23,842| DLQ In: 23.10 17:49:23,842| C-In: 23.10 17:49:23,857|
lab29-28-<0.52.0>-T3: Msg #346, C-Out: 23.10 17:49:23,840| HBQ In: 23.10 17:49:23,843| DLQ In: 23.10 17:49:23,843| C-In: 23.10 17:49:23,860|
lab29-5-<0.75.0>-T3: Msg #347, C-Out: 23.10 17:49:23,840| HBQ In: 23.10 17:49:23,843| DLQ In: 23.10 17:49:23,843| C-In: 23.10 17:49:23,862|
lab29-15-<0.65.0>-T3: Msg #348, C-Out: 23.10 17:49:23,841| HBQ In: 23.10 17:49:23,844| DLQ In: 23.10 17:49:23,844| C-In: 23.10 17:49:23,866|
lab29-24-<0.56.0>-T3: Msg #349, C-Out: 23.10 17:49:23,841| HBQ In: 23.10 17:49:23,844| DLQ In: 23.10 17:49:23,844| C-In: 23.10 17:49:23,869|
lab29-3-<0.77.0>-T3: Msg #350, C-Out: 23.10 17:49:23,842| HBQ In: 23.10 17:49:23,845| DLQ In: 23.10 17:49:23,845| C-In: 23.10 17:49:23,870|
lab29-2-<0.78.0>-T3: Msg #351, C-Out: 23.10 17:49:23,842| HBQ In: 23.10 17:49:23,845| DLQ In: 23.10 17:49:23,845| C-In: 23.10 17:49:23,873|
lab29-26-<0.54.0>-T3: Msg #352, C-Out: 23.10 17:49:23,842| HBQ In: 23.10 17:49:23,845| DLQ In: 23.10 17:49:23,845| C-In: 23.10 17:49:23,875|
lab29-18-<0.62.0>-T3: Msg #353, C-Out: 23.10 17:49:23,843| HBQ In: 23.10 17:49:23,846| DLQ In: 23.10 17:49:23,846| C-In: 23.10 17:49:23,877|
lab29-20-<0.60.0>-T3: Msg #354, C-Out: 23.10 17:49:23,843| HBQ In: 23.10 17:49:23,846| DLQ In: 23.10 17:49:23,846| C-In: 23.10 17:49:23,879|
ReceiveMsgs done
lab29-17-<0.63.0>-T3: Msg #398, C-Out: 23.10 17:49:25,382| gesendet
lab29-17-<0.63.0>-T3: Msg #454, C-Out: 23.10 17:49:26,893| gesendet
lab29-17-<0.63.0>-T3: Msg #474, C-Out: 23.10 17:49:28,395| gesendet
lab29-17-<0.63.0>-T3: Msg #503, C-Out: 23.10 17:49:29,896| gesendet
lab29-17-<0.63.0>-T3: Msg #537, C-Out: 23.10 17:49:31,401| gesendet
Neues Intervall: 2.25 Sekunden
