lab29-6-<0.64.0>-T3 C-Start: 23.10 17:39:20,492|
lab29-6-<0.64.0>-T3: Msg #462, C-Out: 23.10 17:39:21,501| gesendet
lab29-6-<0.64.0>-T3 C-Start: 23.10 17:48:47,321|
lab29-6-<0.64.0>-T3: Msg #14, C-Out: 23.10 17:48:48,331| gesendet
lab29-6-<0.74.0>-T3 C-Start: 23.10 17:49:13,761|
lab29-6-<0.74.0>-T3: Msg #18, C-Out: 23.10 17:49:14,766| gesendet
lab29-6-<0.74.0>-T3: Msg #44, C-Out: 23.10 17:49:15,768| gesendet
lab29-6-<0.74.0>-T3: Msg #81, C-Out: 23.10 17:49:16,773| gesendet
lab29-6-<0.74.0>-T3: Msg #113, C-Out: 23.10 17:49:17,775| gesendet
lab29-6-<0.74.0>-T3: Msg #145, C-Out: 23.10 17:49:18,777| gesendet
Neues Intervall: 1 Sekunden
Msg #177 um 23.10 17:49:18,777| vergessen zu senden
lab29-22-<0.58.0>-T3: Msg #131, C-Out: 23.10 17:49:17,778| HBQ In: 23.10 17:49:17,778| DLQ In: 23.10 17:49:17,780| C-In: 23.10 17:49:18,779|
lab29-28-<0.52.0>-T3: Msg #138, C-Out: 23.10 17:49:18,774| HBQ In: 23.10 17:49:18,776| DLQ In: 23.10 17:49:18,776| C-In: 23.10 17:49:18,781|
lab29-5-<0.75.0>-T3: Msg #141, C-Out: 23.10 17:49:18,777| HBQ In: 23.10 17:49:18,777| DLQ In: 23.10 17:49:18,778| C-In: 23.10 17:49:18,784|
lab29-12-<0.68.0>-T3: Msg #150, C-Out: 23.10 17:49:18,779| HBQ In: 23.10 17:49:18,781| DLQ In: 23.10 17:49:18,781| C-In: 23.10 17:49:18,788|
lab29-20-<0.60.0>-T3: Msg #151, C-Out: 23.10 17:49:18,779| HBQ In: 23.10 17:49:18,781| DLQ In: 23.10 17:49:18,781| C-In: 23.10 17:49:18,790|
lab29-1-<0.79.0>-T3: Msg #152, C-Out: 23.10 17:49:18,779| HBQ In: 23.10 17:49:18,780| DLQ In: 23.10 17:49:18,781| C-In: 23.10 17:49:18,792|
lab29-25-<0.55.0>-T3: Msg #153, C-Out: 23.10 17:49:18,780| HBQ In: 23.10 17:49:18,782| DLQ In: 23.10 17:49:18,782| C-In: 23.10 17:49:18,795|
lab29-16-<0.64.0>-T3: Msg #154, C-Out: 23.10 17:49:18,780| HBQ In: 23.10 17:49:18,782| DLQ In: 23.10 17:49:18,782| C-In: 23.10 17:49:18,797|
lab29-4-<0.76.0>-T3: Msg #155, C-Out: 23.10 17:49:18,780| HBQ In: 23.10 17:49:18,782| DLQ In: 23.10 17:49:18,782| C-In: 23.10 17:49:18,800|
lab29-17-<0.63.0>-T3: Msg #156, C-Out: 23.10 17:49:18,782| HBQ In: 23.10 17:49:18,784| DLQ In: 23.10 17:49:18,784| C-In: 23.10 17:49:18,801|
lab29-10-<0.70.0>-T3: Msg #157, C-Out: 23.10 17:49:18,782| HBQ In: 23.10 17:49:18,786| DLQ In: 23.10 17:49:18,786| C-In: 23.10 17:49:18,803|
lab29-14-<0.66.0>-T3: Msg #158, C-Out: 23.10 17:49:18,782| HBQ In: 23.10 17:49:18,786| DLQ In: 23.10 17:49:18,786| C-In: 23.10 17:49:18,807|
lab29-3-<0.77.0>-T3: Msg #159, C-Out: 23.10 17:49:18,782| HBQ In: 23.10 17:49:18,785| DLQ In: 23.10 17:49:18,786| C-In: 23.10 17:49:18,809|
lab29-24-<0.56.0>-T3: Msg #160, C-Out: 23.10 17:49:18,782| HBQ In: 23.10 17:49:18,785| DLQ In: 23.10 17:49:18,786| C-In: 23.10 17:49:18,813|
lab29-19-<0.61.0>-T3: Msg #161, C-Out: 23.10 17:49:18,782| HBQ In: 23.10 17:49:18,785| DLQ In: 23.10 17:49:18,786| C-In: 23.10 17:49:18,815|
lab29-23-<0.57.0>-T3: Msg #162, C-Out: 23.10 17:49:18,782| HBQ In: 23.10 17:49:18,784| DLQ In: 23.10 17:49:18,786| C-In: 23.10 17:49:18,817|
lab29-11-<0.69.0>-T3: Msg #163, C-Out: 23.10 17:49:18,782| HBQ In: 23.10 17:49:18,785| DLQ In: 23.10 17:49:18,786| C-In: 23.10 17:49:18,820|
lab29-21-<0.59.0>-T3: Msg #164, C-Out: 23.10 17:49:18,782| HBQ In: 23.10 17:49:18,784| DLQ In: 23.10 17:49:18,786| C-In: 23.10 17:49:18,822|
ReceiveMsgs done
lab29-6-<0.74.0>-T3: Msg #221, C-Out: 23.10 17:49:19,826| gesendet
lab29-6-<0.74.0>-T3: Msg #249, C-Out: 23.10 17:49:20,831| gesendet
lab29-6-<0.74.0>-T3: Msg #278, C-Out: 23.10 17:49:21,834| gesendet
lab29-6-<0.74.0>-T3: Msg #314, C-Out: 23.10 17:49:22,836| gesendet
lab29-6-<0.74.0>-T3: Msg #341, C-Out: 23.10 17:49:23,839| gesendet
Neues Intervall: 1.5 Sekunden
Msg #373 um 23.10 17:49:23,842| vergessen zu senden
lab29-8-<0.72.0>-T3: Msg #338, C-Out: 23.10 17:49:23,837| HBQ In: 23.10 17:49:23,839| DLQ In: 23.10 17:49:23,839| C-In: 23.10 17:49:23,846|
lab29-9-<0.71.0>-T3: Msg #340, C-Out: 23.10 17:49:23,839| HBQ In: 23.10 17:49:23,840| DLQ In: 23.10 17:49:23,841| C-In: 23.10 17:49:23,848|
lab29-6-<0.74.0>-T3: Msg #341, C-Out: 23.10 17:49:23,839| HBQ In: 23.10 17:49:23,841| DLQ In: 23.10 17:49:23,841|******* C-In: 23.10 17:49:23,852|
lab29-16-<0.64.0>-T3: Msg #342, C-Out: 23.10 17:49:23,839| HBQ In: 23.10 17:49:23,841| DLQ In: 23.10 17:49:23,841| C-In: 23.10 17:49:23,853|
lab29-29-<0.51.0>-T3: Msg #343, C-Out: 23.10 17:49:23,839| HBQ In: 23.10 17:49:23,842| DLQ In: 23.10 17:49:23,842| C-In: 23.10 17:49:23,856|
lab29-25-<0.55.0>-T3: Msg #344, C-Out: 23.10 17:49:23,839| HBQ In: 23.10 17:49:23,840| DLQ In: 23.10 17:49:23,842| C-In: 23.10 17:49:23,857|
lab29-4-<0.76.0>-T3: Msg #345, C-Out: 23.10 17:49:23,840| HBQ In: 23.10 17:49:23,842| DLQ In: 23.10 17:49:23,842| C-In: 23.10 17:49:23,859|
lab29-28-<0.52.0>-T3: Msg #346, C-Out: 23.10 17:49:23,840| HBQ In: 23.10 17:49:23,843| DLQ In: 23.10 17:49:23,843| C-In: 23.10 17:49:23,860|
lab29-5-<0.75.0>-T3: Msg #347, C-Out: 23.10 17:49:23,840| HBQ In: 23.10 17:49:23,843| DLQ In: 23.10 17:49:23,843| C-In: 23.10 17:49:23,862|
lab29-15-<0.65.0>-T3: Msg #348, C-Out: 23.10 17:49:23,841| HBQ In: 23.10 17:49:23,844| DLQ In: 23.10 17:49:23,844| C-In: 23.10 17:49:23,866|
lab29-24-<0.56.0>-T3: Msg #349, C-Out: 23.10 17:49:23,841| HBQ In: 23.10 17:49:23,844| DLQ In: 23.10 17:49:23,844| C-In: 23.10 17:49:23,870|
lab29-3-<0.77.0>-T3: Msg #350, C-Out: 23.10 17:49:23,842| HBQ In: 23.10 17:49:23,845| DLQ In: 23.10 17:49:23,845| C-In: 23.10 17:49:23,872|
lab29-2-<0.78.0>-T3: Msg #351, C-Out: 23.10 17:49:23,842| HBQ In: 23.10 17:49:23,845| DLQ In: 23.10 17:49:23,845| C-In: 23.10 17:49:23,873|
lab29-26-<0.54.0>-T3: Msg #352, C-Out: 23.10 17:49:23,842| HBQ In: 23.10 17:49:23,845| DLQ In: 23.10 17:49:23,845| C-In: 23.10 17:49:23,875|
lab29-18-<0.62.0>-T3: Msg #353, C-Out: 23.10 17:49:23,843| HBQ In: 23.10 17:49:23,846| DLQ In: 23.10 17:49:23,846| C-In: 23.10 17:49:23,878|
lab29-20-<0.60.0>-T3: Msg #354, C-Out: 23.10 17:49:23,843| HBQ In: 23.10 17:49:23,846| DLQ In: 23.10 17:49:23,846| C-In: 23.10 17:49:23,880|
ReceiveMsgs done
lab29-6-<0.74.0>-T3: Msg #402, C-Out: 23.10 17:49:25,382| gesendet
lab29-6-<0.74.0>-T3: Msg #440, C-Out: 23.10 17:49:26,893| gesendet
lab29-6-<0.74.0>-T3: Msg #479, C-Out: 23.10 17:49:28,397| gesendet
lab29-6-<0.74.0>-T3: Msg #508, C-Out: 23.10 17:49:29,900| gesendet
lab29-6-<0.74.0>-T3: Msg #542, C-Out: 23.10 17:49:31,402| gesendet
Neues Intervall: 2.25 Sekunden
