lab29-16-<0.54.0>-T3 C-Start: 23.10 17:39:20,489|
lab29-16-<0.54.0>-T3: Msg #456, C-Out: 23.10 17:39:21,499| gesendet
lab29-16-<0.54.0>-T3 C-Start: 23.10 17:48:47,319|
lab29-16-<0.54.0>-T3: Msg #3, C-Out: 23.10 17:48:48,331| gesendet
lab29-16-<0.64.0>-T3 C-Start: 23.10 17:49:13,757|
lab29-16-<0.64.0>-T3: Msg #15, C-Out: 23.10 17:49:14,766| gesendet
lab29-16-<0.64.0>-T3: Msg #49, C-Out: 23.10 17:49:15,769| gesendet
lab29-16-<0.64.0>-T3: Msg #89, C-Out: 23.10 17:49:16,774| gesendet
lab29-16-<0.64.0>-T3: Msg #126, C-Out: 23.10 17:49:17,778| gesendet
lab29-16-<0.64.0>-T3: Msg #154, C-Out: 23.10 17:49:18,780| gesendet
Neues Intervall: 1 Sekunden
Msg #190 um 23.10 17:49:18,783| vergessen zu senden
lab29-12-<0.68.0>-T3: Msg #150, C-Out: 23.10 17:49:18,779| HBQ In: 23.10 17:49:18,781| DLQ In: 23.10 17:49:18,781| C-In: 23.10 17:49:18,787|
lab29-20-<0.60.0>-T3: Msg #151, C-Out: 23.10 17:49:18,779| HBQ In: 23.10 17:49:18,781| DLQ In: 23.10 17:49:18,781| C-In: 23.10 17:49:18,789|
lab29-1-<0.79.0>-T3: Msg #152, C-Out: 23.10 17:49:18,779| HBQ In: 23.10 17:49:18,780| DLQ In: 23.10 17:49:18,781| C-In: 23.10 17:49:18,791|
lab29-25-<0.55.0>-T3: Msg #153, C-Out: 23.10 17:49:18,780| HBQ In: 23.10 17:49:18,782| DLQ In: 23.10 17:49:18,782| C-In: 23.10 17:49:18,793|
lab29-16-<0.64.0>-T3: Msg #154, C-Out: 23.10 17:49:18,780| HBQ In: 23.10 17:49:18,782| DLQ In: 23.10 17:49:18,782|******* C-In: 23.10 17:49:18,796|
lab29-4-<0.76.0>-T3: Msg #155, C-Out: 23.10 17:49:18,780| HBQ In: 23.10 17:49:18,782| DLQ In: 23.10 17:49:18,782| C-In: 23.10 17:49:18,798|
lab29-17-<0.63.0>-T3: Msg #156, C-Out: 23.10 17:49:18,782| HBQ In: 23.10 17:49:18,784| DLQ In: 23.10 17:49:18,784| C-In: 23.10 17:49:18,801|
lab29-10-<0.70.0>-T3: Msg #157, C-Out: 23.10 17:49:18,782| HBQ In: 23.10 17:49:18,786| DLQ In: 23.10 17:49:18,786| C-In: 23.10 17:49:18,802|
lab29-14-<0.66.0>-T3: Msg #158, C-Out: 23.10 17:49:18,782| HBQ In: 23.10 17:49:18,786| DLQ In: 23.10 17:49:18,786| C-In: 23.10 17:49:18,804|
lab29-3-<0.77.0>-T3: Msg #159, C-Out: 23.10 17:49:18,782| HBQ In: 23.10 17:49:18,785| DLQ In: 23.10 17:49:18,786| C-In: 23.10 17:49:18,807|
lab29-24-<0.56.0>-T3: Msg #160, C-Out: 23.10 17:49:18,782| HBQ In: 23.10 17:49:18,785| DLQ In: 23.10 17:49:18,786| C-In: 23.10 17:49:18,810|
lab29-19-<0.61.0>-T3: Msg #161, C-Out: 23.10 17:49:18,782| HBQ In: 23.10 17:49:18,785| DLQ In: 23.10 17:49:18,786| C-In: 23.10 17:49:18,815|
lab29-23-<0.57.0>-T3: Msg #162, C-Out: 23.10 17:49:18,782| HBQ In: 23.10 17:49:18,784| DLQ In: 23.10 17:49:18,786| C-In: 23.10 17:49:18,816|
lab29-11-<0.69.0>-T3: Msg #163, C-Out: 23.10 17:49:18,782| HBQ In: 23.10 17:49:18,785| DLQ In: 23.10 17:49:18,786| C-In: 23.10 17:49:18,818|
lab29-21-<0.59.0>-T3: Msg #164, C-Out: 23.10 17:49:18,782| HBQ In: 23.10 17:49:18,784| DLQ In: 23.10 17:49:18,786| C-In: 23.10 17:49:18,821|
ReceiveMsgs done
lab29-16-<0.64.0>-T3: Msg #202, C-Out: 23.10 17:49:19,826| gesendet
lab29-16-<0.64.0>-T3: Msg #244, C-Out: 23.10 17:49:20,830| gesendet
lab29-16-<0.64.0>-T3: Msg #276, C-Out: 23.10 17:49:21,833| gesendet
lab29-16-<0.64.0>-T3: Msg #311, C-Out: 23.10 17:49:22,836| gesendet
lab29-16-<0.64.0>-T3: Msg #342, C-Out: 23.10 17:49:23,839| gesendet
Neues Intervall: 1.5 Sekunden
Msg #371 um 23.10 17:49:23,841| vergessen zu senden
lab29-27-<0.53.0>-T3: Msg #335, C-Out: 23.10 17:49:23,836| HBQ In: 23.10 17:49:23,838| DLQ In: 23.10 17:49:23,838| C-In: 23.10 17:49:23,845|
lab29-9-<0.71.0>-T3: Msg #340, C-Out: 23.10 17:49:23,839| HBQ In: 23.10 17:49:23,840| DLQ In: 23.10 17:49:23,841| C-In: 23.10 17:49:23,848|
lab29-6-<0.74.0>-T3: Msg #341, C-Out: 23.10 17:49:23,839| HBQ In: 23.10 17:49:23,841| DLQ In: 23.10 17:49:23,841| C-In: 23.10 17:49:23,850|
lab29-16-<0.64.0>-T3: Msg #342, C-Out: 23.10 17:49:23,839| HBQ In: 23.10 17:49:23,841| DLQ In: 23.10 17:49:23,841|******* C-In: 23.10 17:49:23,852|
lab29-29-<0.51.0>-T3: Msg #343, C-Out: 23.10 17:49:23,839| HBQ In: 23.10 17:49:23,842| DLQ In: 23.10 17:49:23,842| C-In: 23.10 17:49:23,854|
lab29-25-<0.55.0>-T3: Msg #344, C-Out: 23.10 17:49:23,839| HBQ In: 23.10 17:49:23,840| DLQ In: 23.10 17:49:23,842| C-In: 23.10 17:49:23,856|
lab29-4-<0.76.0>-T3: Msg #345, C-Out: 23.10 17:49:23,840| HBQ In: 23.10 17:49:23,842| DLQ In: 23.10 17:49:23,842| C-In: 23.10 17:49:23,858|
lab29-28-<0.52.0>-T3: Msg #346, C-Out: 23.10 17:49:23,840| HBQ In: 23.10 17:49:23,843| DLQ In: 23.10 17:49:23,843| C-In: 23.10 17:49:23,860|
lab29-5-<0.75.0>-T3: Msg #347, C-Out: 23.10 17:49:23,840| HBQ In: 23.10 17:49:23,843| DLQ In: 23.10 17:49:23,843| C-In: 23.10 17:49:23,862|
lab29-15-<0.65.0>-T3: Msg #348, C-Out: 23.10 17:49:23,841| HBQ In: 23.10 17:49:23,844| DLQ In: 23.10 17:49:23,844| C-In: 23.10 17:49:23,866|
lab29-24-<0.56.0>-T3: Msg #349, C-Out: 23.10 17:49:23,841| HBQ In: 23.10 17:49:23,844| DLQ In: 23.10 17:49:23,844| C-In: 23.10 17:49:23,870|
lab29-3-<0.77.0>-T3: Msg #350, C-Out: 23.10 17:49:23,842| HBQ In: 23.10 17:49:23,845| DLQ In: 23.10 17:49:23,845| C-In: 23.10 17:49:23,871|
lab29-2-<0.78.0>-T3: Msg #351, C-Out: 23.10 17:49:23,842| HBQ In: 23.10 17:49:23,845| DLQ In: 23.10 17:49:23,845| C-In: 23.10 17:49:23,873|
lab29-26-<0.54.0>-T3: Msg #352, C-Out: 23.10 17:49:23,842| HBQ In: 23.10 17:49:23,845| DLQ In: 23.10 17:49:23,845| C-In: 23.10 17:49:23,875|
lab29-18-<0.62.0>-T3: Msg #353, C-Out: 23.10 17:49:23,843| HBQ In: 23.10 17:49:23,846| DLQ In: 23.10 17:49:23,846| C-In: 23.10 17:49:23,877|
lab29-20-<0.60.0>-T3: Msg #354, C-Out: 23.10 17:49:23,843| HBQ In: 23.10 17:49:23,846| DLQ In: 23.10 17:49:23,846| C-In: 23.10 17:49:23,879|
ReceiveMsgs done
lab29-16-<0.64.0>-T3: Msg #400, C-Out: 23.10 17:49:25,382| gesendet
lab29-16-<0.64.0>-T3: Msg #448, C-Out: 23.10 17:49:26,893| gesendet
lab29-16-<0.64.0>-T3: Msg #484, C-Out: 23.10 17:49:28,400| gesendet
lab29-16-<0.64.0>-T3: Msg #516, C-Out: 23.10 17:49:29,905| gesendet
lab29-16-<0.64.0>-T3: Msg #552, C-Out: 23.10 17:49:31,409| gesendet
Neues Intervall: 2.25 Sekunden
