lab29-26-<0.44.0>-T3 C-Start: 23.10 17:39:20,488|
lab29-26-<0.44.0>-T3: Msg #455, C-Out: 23.10 17:39:21,499| gesendet
lab29-26-<0.44.0>-T3 C-Start: 23.10 17:48:47,318|
lab29-26-<0.44.0>-T3: Msg #24, C-Out: 23.10 17:48:48,331| gesendet
lab29-26-<0.54.0>-T3 C-Start: 23.10 17:49:13,755|
lab29-26-<0.54.0>-T3: Msg #38, C-Out: 23.10 17:49:14,766| gesendet
lab29-26-<0.54.0>-T3: Msg #43, C-Out: 23.10 17:49:15,768| gesendet
lab29-26-<0.54.0>-T3: Msg #76, C-Out: 23.10 17:49:16,771| gesendet
lab29-26-<0.54.0>-T3: Msg #108, C-Out: 23.10 17:49:17,772| gesendet
lab29-26-<0.54.0>-T3: Msg #136, C-Out: 23.10 17:49:18,773| gesendet
Neues Intervall: 1 Sekunden
Msg #172 um 23.10 17:49:18,776| vergessen zu senden
lab29-16-<0.64.0>-T3: Msg #126, C-Out: 23.10 17:49:17,778| HBQ In: 23.10 17:49:17,779| DLQ In: 23.10 17:49:17,780| C-In: 23.10 17:49:18,777|
lab29-22-<0.58.0>-T3: Msg #131, C-Out: 23.10 17:49:17,778| HBQ In: 23.10 17:49:17,778| DLQ In: 23.10 17:49:17,780| C-In: 23.10 17:49:18,779|
lab29-26-<0.54.0>-T3: Msg #136, C-Out: 23.10 17:49:18,773| HBQ In: 23.10 17:49:18,773| DLQ In: 23.10 17:49:18,773|******* C-In: 23.10 17:49:18,781|
lab29-5-<0.75.0>-T3: Msg #141, C-Out: 23.10 17:49:18,777| HBQ In: 23.10 17:49:18,777| DLQ In: 23.10 17:49:18,778| C-In: 23.10 17:49:18,783|
lab29-12-<0.68.0>-T3: Msg #150, C-Out: 23.10 17:49:18,779| HBQ In: 23.10 17:49:18,781| DLQ In: 23.10 17:49:18,781| C-In: 23.10 17:49:18,788|
lab29-20-<0.60.0>-T3: Msg #151, C-Out: 23.10 17:49:18,779| HBQ In: 23.10 17:49:18,781| DLQ In: 23.10 17:49:18,781| C-In: 23.10 17:49:18,790|
lab29-1-<0.79.0>-T3: Msg #152, C-Out: 23.10 17:49:18,779| HBQ In: 23.10 17:49:18,780| DLQ In: 23.10 17:49:18,781| C-In: 23.10 17:49:18,792|
lab29-25-<0.55.0>-T3: Msg #153, C-Out: 23.10 17:49:18,780| HBQ In: 23.10 17:49:18,782| DLQ In: 23.10 17:49:18,782| C-In: 23.10 17:49:18,794|
lab29-16-<0.64.0>-T3: Msg #154, C-Out: 23.10 17:49:18,780| HBQ In: 23.10 17:49:18,782| DLQ In: 23.10 17:49:18,782| C-In: 23.10 17:49:18,796|
lab29-4-<0.76.0>-T3: Msg #155, C-Out: 23.10 17:49:18,780| HBQ In: 23.10 17:49:18,782| DLQ In: 23.10 17:49:18,782| C-In: 23.10 17:49:18,798|
lab29-17-<0.63.0>-T3: Msg #156, C-Out: 23.10 17:49:18,782| HBQ In: 23.10 17:49:18,784| DLQ In: 23.10 17:49:18,784| C-In: 23.10 17:49:18,801|
lab29-10-<0.70.0>-T3: Msg #157, C-Out: 23.10 17:49:18,782| HBQ In: 23.10 17:49:18,786| DLQ In: 23.10 17:49:18,786| C-In: 23.10 17:49:18,803|
lab29-14-<0.66.0>-T3: Msg #158, C-Out: 23.10 17:49:18,782| HBQ In: 23.10 17:49:18,786| DLQ In: 23.10 17:49:18,786| C-In: 23.10 17:49:18,807|
lab29-3-<0.77.0>-T3: Msg #159, C-Out: 23.10 17:49:18,782| HBQ In: 23.10 17:49:18,785| DLQ In: 23.10 17:49:18,786| C-In: 23.10 17:49:18,808|
lab29-24-<0.56.0>-T3: Msg #160, C-Out: 23.10 17:49:18,782| HBQ In: 23.10 17:49:18,785| DLQ In: 23.10 17:49:18,786| C-In: 23.10 17:49:18,812|
lab29-19-<0.61.0>-T3: Msg #161, C-Out: 23.10 17:49:18,782| HBQ In: 23.10 17:49:18,785| DLQ In: 23.10 17:49:18,786| C-In: 23.10 17:49:18,815|
lab29-23-<0.57.0>-T3: Msg #162, C-Out: 23.10 17:49:18,782| HBQ In: 23.10 17:49:18,784| DLQ In: 23.10 17:49:18,786| C-In: 23.10 17:49:18,817|
lab29-11-<0.69.0>-T3: Msg #163, C-Out: 23.10 17:49:18,782| HBQ In: 23.10 17:49:18,785| DLQ In: 23.10 17:49:18,786| C-In: 23.10 17:49:18,819|
lab29-21-<0.59.0>-T3: Msg #164, C-Out: 23.10 17:49:18,782| HBQ In: 23.10 17:49:18,784| DLQ In: 23.10 17:49:18,786| C-In: 23.10 17:49:18,822|
ReceiveMsgs done
lab29-26-<0.54.0>-T3: Msg #216, C-Out: 23.10 17:49:19,826| gesendet
lab29-26-<0.54.0>-T3: Msg #255, C-Out: 23.10 17:49:20,832| gesendet
lab29-26-<0.54.0>-T3: Msg #285, C-Out: 23.10 17:49:21,836| gesendet
lab29-26-<0.54.0>-T3: Msg #321, C-Out: 23.10 17:49:22,838| gesendet
lab29-26-<0.54.0>-T3: Msg #352, C-Out: 23.10 17:49:23,842| gesendet
Neues Intervall: 1.5 Sekunden
Msg #380 um 23.10 17:49:23,845| vergessen zu senden
lab29-9-<0.71.0>-T3: Msg #340, C-Out: 23.10 17:49:23,839| HBQ In: 23.10 17:49:23,840| DLQ In: 23.10 17:49:23,841| C-In: 23.10 17:49:23,848|
lab29-6-<0.74.0>-T3: Msg #341, C-Out: 23.10 17:49:23,839| HBQ In: 23.10 17:49:23,841| DLQ In: 23.10 17:49:23,841| C-In: 23.10 17:49:23,852|
lab29-16-<0.64.0>-T3: Msg #342, C-Out: 23.10 17:49:23,839| HBQ In: 23.10 17:49:23,841| DLQ In: 23.10 17:49:23,841| C-In: 23.10 17:49:23,853|
lab29-29-<0.51.0>-T3: Msg #343, C-Out: 23.10 17:49:23,839| HBQ In: 23.10 17:49:23,842| DLQ In: 23.10 17:49:23,842| C-In: 23.10 17:49:23,856|
lab29-25-<0.55.0>-T3: Msg #344, C-Out: 23.10 17:49:23,839| HBQ In: 23.10 17:49:23,840| DLQ In: 23.10 17:49:23,842| C-In: 23.10 17:49:23,857|
lab29-4-<0.76.0>-T3: Msg #345, C-Out: 23.10 17:49:23,840| HBQ In: 23.10 17:49:23,842| DLQ In: 23.10 17:49:23,842| C-In: 23.10 17:49:23,859|
lab29-28-<0.52.0>-T3: Msg #346, C-Out: 23.10 17:49:23,840| HBQ In: 23.10 17:49:23,843| DLQ In: 23.10 17:49:23,843| C-In: 23.10 17:49:23,861|
lab29-5-<0.75.0>-T3: Msg #347, C-Out: 23.10 17:49:23,840| HBQ In: 23.10 17:49:23,843| DLQ In: 23.10 17:49:23,843| C-In: 23.10 17:49:23,865|
lab29-15-<0.65.0>-T3: Msg #348, C-Out: 23.10 17:49:23,841| HBQ In: 23.10 17:49:23,844| DLQ In: 23.10 17:49:23,844| C-In: 23.10 17:49:23,866|
lab29-24-<0.56.0>-T3: Msg #349, C-Out: 23.10 17:49:23,841| HBQ In: 23.10 17:49:23,844| DLQ In: 23.10 17:49:23,844| C-In: 23.10 17:49:23,870|
lab29-3-<0.77.0>-T3: Msg #350, C-Out: 23.10 17:49:23,842| HBQ In: 23.10 17:49:23,845| DLQ In: 23.10 17:49:23,845| C-In: 23.10 17:49:23,872|
lab29-2-<0.78.0>-T3: Msg #351, C-Out: 23.10 17:49:23,842| HBQ In: 23.10 17:49:23,845| DLQ In: 23.10 17:49:23,845| C-In: 23.10 17:49:23,874|
lab29-26-<0.54.0>-T3: Msg #352, C-Out: 23.10 17:49:23,842| HBQ In: 23.10 17:49:23,845| DLQ In: 23.10 17:49:23,845|******* C-In: 23.10 17:49:23,876|
lab29-18-<0.62.0>-T3: Msg #353, C-Out: 23.10 17:49:23,843| HBQ In: 23.10 17:49:23,846| DLQ In: 23.10 17:49:23,846| C-In: 23.10 17:49:23,878|
lab29-20-<0.60.0>-T3: Msg #354, C-Out: 23.10 17:49:23,843| HBQ In: 23.10 17:49:23,846| DLQ In: 23.10 17:49:23,846| C-In: 23.10 17:49:23,880|
ReceiveMsgs done
lab29-26-<0.54.0>-T3: Msg #411, C-Out: 23.10 17:49:25,382| gesendet
lab29-26-<0.54.0>-T3: Msg #439, C-Out: 23.10 17:49:26,888| gesendet
lab29-26-<0.54.0>-T3: Msg #468, C-Out: 23.10 17:49:28,390| gesendet
lab29-26-<0.54.0>-T3: Msg #495, C-Out: 23.10 17:49:29,892| gesendet
lab29-26-<0.54.0>-T3: Msg #529, C-Out: 23.10 17:49:31,393| gesendet
Neues Intervall: 2.25 Sekunden
