lab29-69-<0.583.0>-T3 C-Start: 23.10 18:11:13,881|
lab29-69-<0.583.0>-T3: Msg #837, C-Out: 23.10 18:11:14,886| gesendet
lab29-69-<0.583.0>-T3: Msg #902, C-Out: 23.10 18:11:15,887| gesendet
lab29-69-<0.583.0>-T3: Msg #947, C-Out: 23.10 18:11:16,890| gesendet
lab29-69-<0.583.0>-T3: Msg #1002, C-Out: 23.10 18:11:17,894| gesendet
lab29-69-<0.583.0>-T3: Msg #1059, C-Out: 23.10 18:11:18,899| gesendet
Neues Intervall: 1 Sekunden
Msg #1149 um 23.10 18:11:18,899| vergessen zu senden
lab29-59-<0.1234.0>-T3: Msg #1004, C-Out: 23.10 18:11:17,897| HBQ-In: 23.10 18:11:17,898| DQ-In: 23.10 18:11:18,314| C-In: 23.10 18:11:18,901|
lab29-89-<0.113.0>-T3: Msg #1005, C-Out: 23.10 18:11:17,903| HBQ-In: 23.10 18:11:17,903| DQ-In: 23.10 18:11:18,314| C-In: 23.10 18:11:18,902|
lab29-84-<0.140.0>-T3: Msg #1006, C-Out: 23.10 18:11:17,903| HBQ-In: 23.10 18:11:17,903| DQ-In: 23.10 18:11:18,314| C-In: 23.10 18:11:18,904|
lab29-54-<0.1586.0>-T3: Msg #1007, C-Out: 23.10 18:11:17,903| HBQ-In: 23.10 18:11:17,903| DQ-In: 23.10 18:11:18,314| C-In: 23.10 18:11:18,904|
lab29-68-<0.633.0>-T3: Msg #1013, C-Out: 23.10 18:11:18,093| HBQ-In: 23.10 18:11:18,093| DQ-In: 23.10 18:11:18,505| C-In: 23.10 18:11:18,905|
lab29-63-<0.983.0>-T3: Msg #1014, C-Out: 23.10 18:11:18,094| HBQ-In: 23.10 18:11:18,094| DQ-In: 23.10 18:11:18,505| C-In: 23.10 18:11:18,905|
lab29-58-<0.1296.0>-T3: Msg #1015, C-Out: 23.10 18:11:18,101| HBQ-In: 23.10 18:11:18,101| DQ-In: 23.10 18:11:18,505| C-In: 23.10 18:11:18,905|
lab29-53-<0.1650.0>-T3: Msg #1016, C-Out: 23.10 18:11:18,103| HBQ-In: 23.10 18:11:18,103| DQ-In: 23.10 18:11:18,505| C-In: 23.10 18:11:18,906|
lab29-93-<0.95.0>-T3: Msg #1017, C-Out: 23.10 18:11:18,110| HBQ-In: 23.10 18:11:18,110| DQ-In: 23.10 18:11:18,505| C-In: 23.10 18:11:18,906|
lab29-83-<0.147.0>-T3: Msg #1018, C-Out: 23.10 18:11:18,116| HBQ-In: 23.10 18:11:18,116| DQ-In: 23.10 18:11:18,505| C-In: 23.10 18:11:18,906|
lab29-78-<0.180.0>-T3: Msg #1019, C-Out: 23.10 18:11:18,118| HBQ-In: 23.10 18:11:18,118| DQ-In: 23.10 18:11:18,505| C-In: 23.10 18:11:18,907|
lab29-88-<0.118.0>-T3: Msg #1020, C-Out: 23.10 18:11:18,120| HBQ-In: 23.10 18:11:18,120| DQ-In: 23.10 18:11:18,508| C-In: 23.10 18:11:18,907|
lab29-98-<0.78.0>-T3: Msg #1021, C-Out: 23.10 18:11:18,158| HBQ-In: 23.10 18:11:18,158| DQ-In: 23.10 18:11:18,508| C-In: 23.10 18:11:18,907|
lab29-72-<0.396.0>-T3: Msg #1022, C-Out: 23.10 18:11:18,291| HBQ-In: 23.10 18:11:18,291| DQ-In: 23.10 18:11:18,508| C-In: 23.10 18:11:18,908|
Fehlernachricht fuer Luecke von 1023 bis 1023 C-In: 23.10 18:11:18,908|
lab29-67-<0.708.0>-T3: Msg #1024, C-Out: 23.10 18:11:18,293| HBQ-In: 23.10 18:11:18,293| DQ-In: 23.10 18:11:18,513| C-In: 23.10 18:11:18,908|
lab29-62-<0.1043.0>-T3: Msg #1025, C-Out: 23.10 18:11:18,295| HBQ-In: 23.10 18:11:18,296| DQ-In: 23.10 18:11:18,513| C-In: 23.10 18:11:18,909|
lab29-57-<0.1365.0>-T3: Msg #1026, C-Out: 23.10 18:11:18,303| HBQ-In: 23.10 18:11:18,303| DQ-In: 23.10 18:11:18,513| C-In: 23.10 18:11:18,909|
lab29-52-<0.1713.0>-T3: Msg #1027, C-Out: 23.10 18:11:18,309| HBQ-In: 23.10 18:11:18,309| DQ-In: 23.10 18:11:18,513| C-In: 23.10 18:11:18,909|
lab29-87-<0.123.0>-T3: Msg #1028, C-Out: 23.10 18:11:18,310| HBQ-In: 23.10 18:11:18,310| DQ-In: 23.10 18:11:18,513| C-In: 23.10 18:11:18,910|
lab29-82-<0.153.0>-T3: Msg #1029, C-Out: 23.10 18:11:18,314| HBQ-In: 23.10 18:11:18,314| DQ-In: 23.10 18:11:18,513| C-In: 23.10 18:11:18,910|
lab29-92-<0.99.0>-T3: Msg #1030, C-Out: 23.10 18:11:18,334| HBQ-In: 23.10 18:11:18,334| DQ-In: 23.10 18:11:18,513| C-In: 23.10 18:11:18,910|
lab29-77-<0.187.0>-T3: Msg #1031, C-Out: 23.10 18:11:18,377| HBQ-In: 23.10 18:11:18,377| DQ-In: 23.10 18:11:18,513| C-In: 23.10 18:11:18,910|
lab29-97-<0.81.0>-T3: Msg #1032, C-Out: 23.10 18:11:18,439| HBQ-In: 23.10 18:11:18,439| DQ-In: 23.10 18:11:18,513| C-In: 23.10 18:11:18,911|
Fehlernachricht fuer Luecke von 1033 bis 1033 C-In: 23.10 18:11:18,911|
lab29-66-<0.743.0>-T3: Msg #1034, C-Out: 23.10 18:11:18,494| HBQ-In: 23.10 18:11:18,494| DQ-In: 23.10 18:11:18,523| C-In: 23.10 18:11:18,911|
lab29-71-<0.461.0>-T3: Msg #1035, C-Out: 23.10 18:11:18,494| HBQ-In: 23.10 18:11:18,494| DQ-In: 23.10 18:11:18,523| C-In: 23.10 18:11:18,912|
lab29-61-<0.1100.0>-T3: Msg #1036, C-Out: 23.10 18:11:18,501| HBQ-In: 23.10 18:11:18,502| DQ-In: 23.10 18:11:18,523| C-In: 23.10 18:11:18,912|
lab29-56-<0.1439.0>-T3: Msg #1037, C-Out: 23.10 18:11:18,505| HBQ-In: 23.10 18:11:18,505| DQ-In: 23.10 18:11:18,523| C-In: 23.10 18:11:18,912|
lab29-51-<0.1789.0>-T3: Msg #1038, C-Out: 23.10 18:11:18,506| HBQ-In: 23.10 18:11:18,508| DQ-In: 23.10 18:11:18,523| C-In: 23.10 18:11:18,913|
lab29-81-<0.159.0>-T3: Msg #1039, C-Out: 23.10 18:11:18,510| HBQ-In: 23.10 18:11:18,510| DQ-In: 23.10 18:11:18,523| C-In: 23.10 18:11:18,913|
lab29-91-<0.103.0>-T3: Msg #1040, C-Out: 23.10 18:11:18,558| HBQ-In: 23.10 18:11:18,558| DQ-In: 23.10 18:11:18,558| C-In: 23.10 18:11:18,913|
lab29-86-<0.129.0>-T3: Msg #1041, C-Out: 23.10 18:11:18,560| HBQ-In: 23.10 18:11:18,561| DQ-In: 23.10 18:11:18,561| C-In: 23.10 18:11:18,914|
lab29-76-<0.194.0>-T3: Msg #1042, C-Out: 23.10 18:11:18,578| HBQ-In: 23.10 18:11:18,579| DQ-In: 23.10 18:11:18,579| C-In: 23.10 18:11:18,914|
lab29-96-<0.84.0>-T3: Msg #1043, C-Out: 23.10 18:11:18,597| HBQ-In: 23.10 18:11:18,597| DQ-In: 23.10 18:11:18,597| C-In: 23.10 18:11:18,914|
lab29-65-<0.819.0>-T3: Msg #1044, C-Out: 23.10 18:11:18,692| HBQ-In: 23.10 18:11:18,692| DQ-In: 23.10 18:11:18,692| C-In: 23.10 18:11:18,915|
lab29-70-<0.519.0>-T3: Msg #1045, C-Out: 23.10 18:11:18,692| HBQ-In: 23.10 18:11:18,692| DQ-In: 23.10 18:11:18,692| C-In: 23.10 18:11:18,915|
Fehlernachricht fuer Luecke von 1046 bis 1046 C-In: 23.10 18:11:18,915|
lab29-60-<0.1170.0>-T3: Msg #1047, C-Out: 23.10 18:11:18,704| HBQ-In: 23.10 18:11:18,704| DQ-In: 23.10 18:11:18,759| C-In: 23.10 18:11:18,916|
lab29-85-<0.133.0>-T3: Msg #1048, C-Out: 23.10 18:11:18,704| HBQ-In: 23.10 18:11:18,704| DQ-In: 23.10 18:11:18,759| C-In: 23.10 18:11:18,916|
lab29-55-<0.1513.0>-T3: Msg #1049, C-Out: 23.10 18:11:18,706| HBQ-In: 23.10 18:11:18,706| DQ-In: 23.10 18:11:18,759| C-In: 23.10 18:11:18,916|
lab29-50-<0.1864.0>-T3: Msg #1050, C-Out: 23.10 18:11:18,706| HBQ-In: 23.10 18:11:18,706| DQ-In: 23.10 18:11:18,759| C-In: 23.10 18:11:18,917|
lab29-90-<0.107.0>-T3: Msg #1051, C-Out: 23.10 18:11:18,759| HBQ-In: 23.10 18:11:18,759| DQ-In: 23.10 18:11:18,759| C-In: 23.10 18:11:18,917|
lab29-80-<0.164.0>-T3: Msg #1052, C-Out: 23.10 18:11:18,759| HBQ-In: 23.10 18:11:18,759| DQ-In: 23.10 18:11:18,759| C-In: 23.10 18:11:18,917|
lab29-95-<0.87.0>-T3: Msg #1053, C-Out: 23.10 18:11:18,771| HBQ-In: 23.10 18:11:18,771| DQ-In: 23.10 18:11:18,771| C-In: 23.10 18:11:18,918|
Fehlernachricht fuer Luecke von 1054 bis 1054 C-In: 23.10 18:11:18,921|
lab29-75-<0.200.0>-T3: Msg #1055, C-Out: 23.10 18:11:18,774| HBQ-In: 23.10 18:11:18,775| DQ-In: 23.10 18:11:18,904| C-In: 23.10 18:11:18,921|
Fehlernachricht fuer Luecke von 1056 bis 1057 C-In: 23.10 18:11:18,923|
lab29-64-<0.899.0>-T3: Msg #1058, C-Out: 23.10 18:11:18,899| HBQ-In: 23.10 18:11:18,899| DQ-In: 23.10 18:11:18,904| C-In: 23.10 18:11:18,924|
lab29-69-<0.583.0>-T3: Msg #1059, C-Out: 23.10 18:11:18,899| HBQ-In: 23.10 18:11:18,899| DQ-In: 23.10 18:11:18,904|******* C-In: 23.10 18:11:18,925|
lab29-59-<0.1234.0>-T3: Msg #1060, C-Out: 23.10 18:11:18,899| HBQ-In: 23.10 18:11:18,899| DQ-In: 23.10 18:11:18,904| C-In: 23.10 18:11:18,925|
lab29-84-<0.140.0>-T3: Msg #1061, C-Out: 23.10 18:11:18,904| HBQ-In: 23.10 18:11:18,904| DQ-In: 23.10 18:11:18,904| C-In: 23.10 18:11:18,925|
lab29-54-<0.1586.0>-T3: Msg #1062, C-Out: 23.10 18:11:18,904| HBQ-In: 23.10 18:11:18,904| DQ-In: 23.10 18:11:18,904| C-In: 23.10 18:11:18,926|
lab29-89-<0.113.0>-T3: Msg #1063, C-Out: 23.10 18:11:18,904| HBQ-In: 23.10 18:11:18,904| DQ-In: 23.10 18:11:18,904| C-In: 23.10 18:11:18,926|
lab29-49-<0.1950.0>-T3: Msg #1064, C-Out: 23.10 18:11:18,908| HBQ-In: 23.10 18:11:18,908| DQ-In: 23.10 18:11:18,908| C-In: 23.10 18:11:18,926|
ReceiveMsgs done
lab29-69-<0.583.0>-T3: Msg #1155, C-Out: 23.10 18:11:19,928| gesendet
lab29-69-<0.583.0>-T3: Msg #1224, C-Out: 23.10 18:11:20,931| gesendet
lab29-69-<0.583.0>-T3: Msg #1300, C-Out: 23.10 18:11:21,932| gesendet
lab29-69-<0.583.0>-T3: Msg #1373, C-Out: 23.10 18:11:22,933| gesendet
lab29-69-<0.583.0>-T3: Msg #1476, C-Out: 23.10 18:11:23,934| gesendet
Neues Intervall: 1.5 Sekunden
Msg #1556 um 23.10 18:11:23,935| vergessen zu senden
lab29-33-<0.3306.0>-T3: Msg #1386, C-Out: 23.10 18:11:23,131| HBQ-In: 23.10 18:11:23,131| DQ-In: 23.10 18:11:23,145| C-In: 23.10 18:11:23,936|
lab29-73-<0.332.0>-T3: Msg #1387, C-Out: 23.10 18:11:23,132| HBQ-In: 23.10 18:11:23,132| DQ-In: 23.10 18:11:23,145| C-In: 23.10 18:11:23,936|
lab29-38-<0.2880.0>-T3: Msg #1388, C-Out: 23.10 18:11:23,132| HBQ-In: 23.10 18:11:23,132| DQ-In: 23.10 18:11:23,145| C-In: 23.10 18:11:23,936|
lab29-28-<0.3729.0>-T3: Msg #1389, C-Out: 23.10 18:11:23,135| HBQ-In: 23.10 18:11:23,135| DQ-In: 23.10 18:11:23,145| C-In: 23.10 18:11:23,937|
lab29-68-<0.633.0>-T3: Msg #1390, C-Out: 23.10 18:11:23,137| HBQ-In: 23.10 18:11:23,137| DQ-In: 23.10 18:11:23,145| C-In: 23.10 18:11:23,937|
lab29-53-<0.1650.0>-T3: Msg #1391, C-Out: 23.10 18:11:23,145| HBQ-In: 23.10 18:11:23,145| DQ-In: 23.10 18:11:23,145| C-In: 23.10 18:11:23,937|
lab29-63-<0.983.0>-T3: Msg #1392, C-Out: 23.10 18:11:23,149| HBQ-In: 23.10 18:11:23,150| DQ-In: 23.10 18:11:23,150| C-In: 23.10 18:11:23,938|
lab29-58-<0.1296.0>-T3: Msg #1393, C-Out: 23.10 18:11:23,152| HBQ-In: 23.10 18:11:23,152| DQ-In: 23.10 18:11:23,152| C-In: 23.10 18:11:23,940|
Fehlernachricht fuer Luecke von 1394 bis 1396 C-In: 23.10 18:11:23,940|
lab29-47-<0.2127.0>-T3: Msg #1397, C-Out: 23.10 18:11:23,324| HBQ-In: 23.10 18:11:23,324| DQ-In: 23.10 18:11:23,337| C-In: 23.10 18:11:23,940|
Fehlernachricht fuer Luecke von 1398 bis 1398 C-In: 23.10 18:11:23,942|
lab29-37-<0.2967.0>-T3: Msg #1399, C-Out: 23.10 18:11:23,330| HBQ-In: 23.10 18:11:23,330| DQ-In: 23.10 18:11:23,345| C-In: 23.10 18:11:23,945|
lab29-42-<0.2545.0>-T3: Msg #1400, C-Out: 23.10 18:11:23,330| HBQ-In: 23.10 18:11:23,330| DQ-In: 23.10 18:11:23,345| C-In: 23.10 18:11:23,947|
lab29-32-<0.3394.0>-T3: Msg #1401, C-Out: 23.10 18:11:23,330| HBQ-In: 23.10 18:11:23,330| DQ-In: 23.10 18:11:23,345| C-In: 23.10 18:11:23,947|
lab29-72-<0.396.0>-T3: Msg #1402, C-Out: 23.10 18:11:23,333| HBQ-In: 23.10 18:11:23,333| DQ-In: 23.10 18:11:23,345| C-In: 23.10 18:11:23,948|
lab29-27-<0.3815.0>-T3: Msg #1403, C-Out: 23.10 18:11:23,337| HBQ-In: 23.10 18:11:23,337| DQ-In: 23.10 18:11:23,345| C-In: 23.10 18:11:23,948|
lab29-67-<0.708.0>-T3: Msg #1404, C-Out: 23.10 18:11:23,345| HBQ-In: 23.10 18:11:23,345| DQ-In: 23.10 18:11:23,345| C-In: 23.10 18:11:23,950|
lab29-62-<0.1043.0>-T3: Msg #1405, C-Out: 23.10 18:11:23,353| HBQ-In: 23.10 18:11:23,355| DQ-In: 23.10 18:11:23,355| C-In: 23.10 18:11:23,951|
lab29-52-<0.1713.0>-T3: Msg #1406, C-Out: 23.10 18:11:23,375| HBQ-In: 23.10 18:11:23,377| DQ-In: 23.10 18:11:23,377| C-In: 23.10 18:11:23,953|
lab29-57-<0.1365.0>-T3: Msg #1407, C-Out: 23.10 18:11:23,381| HBQ-In: 23.10 18:11:23,381| DQ-In: 23.10 18:11:23,381| C-In: 23.10 18:11:23,953|
Fehlernachricht fuer Luecke von 1408 bis 1413 C-In: 23.10 18:11:23,954|
lab29-46-<0.2213.0>-T3: Msg #1414, C-Out: 23.10 18:11:23,518| HBQ-In: 23.10 18:11:23,518| DQ-In: 23.10 18:11:23,545| C-In: 23.10 18:11:23,954|
Fehlernachricht fuer Luecke von 1415 bis 1415 C-In: 23.10 18:11:23,954|
lab29-41-<0.2632.0>-T3: Msg #1416, C-Out: 23.10 18:11:23,530| HBQ-In: 23.10 18:11:23,530| DQ-In: 23.10 18:11:23,546| C-In: 23.10 18:11:23,955|
lab29-36-<0.3048.0>-T3: Msg #1417, C-Out: 23.10 18:11:23,530| HBQ-In: 23.10 18:11:23,530| DQ-In: 23.10 18:11:23,546| C-In: 23.10 18:11:23,957|
lab29-31-<0.3480.0>-T3: Msg #1418, C-Out: 23.10 18:11:23,531| HBQ-In: 23.10 18:11:23,531| DQ-In: 23.10 18:11:23,546| C-In: 23.10 18:11:23,957|
lab29-26-<0.3898.0>-T3: Msg #1419, C-Out: 23.10 18:11:23,537| HBQ-In: 23.10 18:11:23,537| DQ-In: 23.10 18:11:23,546| C-In: 23.10 18:11:23,959|
lab29-66-<0.743.0>-T3: Msg #1420, C-Out: 23.10 18:11:23,542| HBQ-In: 23.10 18:11:23,545| DQ-In: 23.10 18:11:23,546| C-In: 23.10 18:11:23,960|
lab29-56-<0.1439.0>-T3: Msg #1421, C-Out: 23.10 18:11:23,546| HBQ-In: 23.10 18:11:23,546| DQ-In: 23.10 18:11:23,546| C-In: 23.10 18:11:23,962|
lab29-51-<0.1789.0>-T3: Msg #1422, C-Out: 23.10 18:11:23,565| HBQ-In: 23.10 18:11:23,567| DQ-In: 23.10 18:11:23,567| C-In: 23.10 18:11:23,964|
1-client@lab23: 1423. Nachricht--Gruppe:1-Team:5-Sendezeit:18:11:22 HBQ-In: 23.10 18:11:22,570| DQ-In: 23.10 18:11:23,567| C-In: 23.10 18:11:23,964|
2-client@lab23: 1424. Nachricht--Gruppe:1-Team:5-Sendezeit:18:11:22 HBQ-In: 23.10 18:11:22,573| DQ-In: 23.10 18:11:23,567| C-In: 23.10 18:11:23,965|
4-client@lab23: 1425. Nachricht--Gruppe:1-Team:5-Sendezeit:18:11:22 HBQ-In: 23.10 18:11:22,576| DQ-In: 23.10 18:11:23,567| C-In: 23.10 18:11:23,965|
3-client@lab23: 1426. Nachricht--Gruppe:1-Team:5-Sendezeit:18:11:22 HBQ-In: 23.10 18:11:22,576| DQ-In: 23.10 18:11:23,567| C-In: 23.10 18:11:23,965|
5-client@lab23: 1427. Nachricht--Gruppe:1-Team:5-Sendezeit:18:11:22 HBQ-In: 23.10 18:11:22,575| DQ-In: 23.10 18:11:23,567| C-In: 23.10 18:11:23,965|
1-client@lab23: 1428. Nachricht--Gruppe:1-Team:5-Sendezeit:18:11:22 HBQ-In: 23.10 18:11:22,576| DQ-In: 23.10 18:11:23,567| C-In: 23.10 18:11:23,966|
lab29-61-<0.1100.0>-T3: Msg #1429, C-Out: 23.10 18:11:23,572| HBQ-In: 23.10 18:11:23,572| DQ-In: 23.10 18:11:23,572| C-In: 23.10 18:11:23,966|
2-client@lab23: 1430. Nachricht--Gruppe:1-Team:5-Sendezeit:18:11:22 HBQ-In: 23.10 18:11:22,576| DQ-In: 23.10 18:11:23,572| C-In: 23.10 18:11:23,967|
5-client@lab23: 1431. Nachricht--Gruppe:1-Team:5-Sendezeit:18:11:22 HBQ-In: 23.10 18:11:22,577| DQ-In: 23.10 18:11:23,572| C-In: 23.10 18:11:23,967|
3-client@lab23: 1432. Nachricht--Gruppe:1-Team:5-Sendezeit:18:11:22 HBQ-In: 23.10 18:11:22,581| DQ-In: 23.10 18:11:23,572| C-In: 23.10 18:11:23,967|
1-client@lab23: 1433. Nachricht--Gruppe:1-Team:5-Sendezeit:18:11:22 HBQ-In: 23.10 18:11:22,581| DQ-In: 23.10 18:11:23,572| C-In: 23.10 18:11:23,968|
4-client@lab23: 1434. Nachricht--Gruppe:1-Team:5-Sendezeit:18:11:22 HBQ-In: 23.10 18:11:22,580| DQ-In: 23.10 18:11:23,572| C-In: 23.10 18:11:23,968|
2-client@lab23: 1435. Nachricht--Gruppe:1-Team:5-Sendezeit:18:11:22 HBQ-In: 23.10 18:11:22,581| DQ-In: 23.10 18:11:23,572| C-In: 23.10 18:11:23,969|
5-client@lab23: 1436. Nachricht--Gruppe:1-Team:5-Sendezeit:18:11:22 HBQ-In: 23.10 18:11:22,581| DQ-In: 23.10 18:11:23,572| C-In: 23.10 18:11:23,971|
4-client@lab23: 1437. Nachricht--Gruppe:1-Team:5-Sendezeit:18:11:22 HBQ-In: 23.10 18:11:22,583| DQ-In: 23.10 18:11:23,573| C-In: 23.10 18:11:23,972|
1-client@lab23: 1438. Nachricht--Gruppe:1-Team:5-Sendezeit:18:11:22 HBQ-In: 23.10 18:11:22,584| DQ-In: 23.10 18:11:23,573| C-In: 23.10 18:11:23,973|
2-client@lab23: 1439. Nachricht--Gruppe:1-Team:5-Sendezeit:18:11:22 HBQ-In: 23.10 18:11:22,584| DQ-In: 23.10 18:11:23,573| C-In: 23.10 18:11:23,974|
3-client@lab23: 1440. Nachricht--Gruppe:1-Team:5-Sendezeit:18:11:22 HBQ-In: 23.10 18:11:22,585| DQ-In: 23.10 18:11:23,573| C-In: 23.10 18:11:23,976|
5-client@lab23: 1441. Nachricht--Gruppe:1-Team:5-Sendezeit:18:11:22 HBQ-In: 23.10 18:11:22,584| DQ-In: 23.10 18:11:23,573| C-In: 23.10 18:11:23,976|
4-client@lab23: 1442. Nachricht--Gruppe:1-Team:5-Sendezeit:18:11:22 HBQ-In: 23.10 18:11:22,585| DQ-In: 23.10 18:11:23,573| C-In: 23.10 18:11:23,977|
ReceiveMsgs done
lab29-69-<0.583.0>-T3: Msg #1565, C-Out: 23.10 18:11:25,478| gesendet
lab29-69-<0.583.0>-T3: Msg #1694, C-Out: 23.10 18:11:26,981| gesendet
lab29-69-<0.583.0>-T3: Msg #1867, C-Out: 23.10 18:11:28,482| gesendet
lab29-69-<0.583.0>-T3: Msg #2005, C-Out: 23.10 18:11:29,983| gesendet
lab29-69-<0.583.0>-T3: Msg #2146, C-Out: 23.10 18:11:31,484| gesendet
Neues Intervall: 2.25 Sekunden
Msg #2301 um 23.10 18:11:31,485| vergessen zu senden
Fehlernachricht fuer Luecke von 2090 bis 2092 C-In: 23.10 18:11:31,488|
lab29-37-<0.2967.0>-T3: Msg #2093, C-Out: 23.10 18:11:30,398| HBQ-In: 23.10 18:11:30,398| DQ-In: 23.10 18:11:30,707| C-In: 23.10 18:11:31,489|
Fehlernachricht fuer Luecke von 2094 bis 2094 C-In: 23.10 18:11:31,491|
lab29-27-<0.3815.0>-T3: Msg #2095, C-Out: 23.10 18:11:30,403| HBQ-In: 23.10 18:11:30,403| DQ-In: 23.10 18:11:30,710| C-In: 23.10 18:11:31,492|
lab29-22-<0.4210.0>-T3: Msg #2096, C-Out: 23.10 18:11:30,405| HBQ-In: 23.10 18:11:30,406| DQ-In: 23.10 18:11:30,710| C-In: 23.10 18:11:31,494|
lab29-17-<0.4601.0>-T3: Msg #2097, C-Out: 23.10 18:11:30,430| HBQ-In: 23.10 18:11:30,430| DQ-In: 23.10 18:11:30,710| C-In: 23.10 18:11:31,496|
Fehlernachricht fuer Luecke von 2098 bis 2104 C-In: 23.10 18:11:31,497|
lab29-11-<0.5067.0>-T3: Msg #2105, C-Out: 23.10 18:11:30,561| HBQ-In: 23.10 18:11:30,566| DQ-In: 23.10 18:11:30,711| C-In: 23.10 18:11:31,499|
lab29-6-<0.5440.0>-T3: Msg #2106, C-Out: 23.10 18:11:30,571| HBQ-In: 23.10 18:11:30,571| DQ-In: 23.10 18:11:30,711| C-In: 23.10 18:11:31,499|
lab29-1-<0.5818.0>-T3: Msg #2107, C-Out: 23.10 18:11:30,576| HBQ-In: 23.10 18:11:30,576| DQ-In: 23.10 18:11:30,711| C-In: 23.10 18:11:31,502|
lab29-31-<0.3480.0>-T3: Msg #2108, C-Out: 23.10 18:11:30,581| HBQ-In: 23.10 18:11:30,586| DQ-In: 23.10 18:11:30,711| C-In: 23.10 18:11:31,504|
lab29-36-<0.3048.0>-T3: Msg #2109, C-Out: 23.10 18:11:30,585| HBQ-In: 23.10 18:11:30,586| DQ-In: 23.10 18:11:30,711| C-In: 23.10 18:11:31,505|
lab29-26-<0.3898.0>-T3: Msg #2110, C-Out: 23.10 18:11:30,596| HBQ-In: 23.10 18:11:30,597| DQ-In: 23.10 18:11:30,711| C-In: 23.10 18:11:31,507|
Fehlernachricht fuer Luecke von 2111 bis 2112 C-In: 23.10 18:11:31,508|
lab29-21-<0.4291.0>-T3: Msg #2113, C-Out: 23.10 18:11:30,617| HBQ-In: 23.10 18:11:30,617| DQ-In: 23.10 18:11:30,804| C-In: 23.10 18:11:31,508|
lab29-16-<0.4681.0>-T3: Msg #2114, C-Out: 23.10 18:11:30,626| HBQ-In: 23.10 18:11:30,626| DQ-In: 23.10 18:11:30,804| C-In: 23.10 18:11:31,509|
Fehlernachricht fuer Luecke von 2115 bis 2122 C-In: 23.10 18:11:31,509|
lab29-35-<0.3134.0>-T3: Msg #2123, C-Out: 23.10 18:11:30,759| HBQ-In: 23.10 18:11:30,760| DQ-In: 23.10 18:11:30,806| C-In: 23.10 18:11:31,509|
Fehlernachricht fuer Luecke von 2124 bis 2124 C-In: 23.10 18:11:31,510|
lab29-10-<0.5112.0>-T3: Msg #2125, C-Out: 23.10 18:11:30,761| HBQ-In: 23.10 18:11:30,763| DQ-In: 23.10 18:11:30,811| C-In: 23.10 18:11:31,510|
lab29-5-<0.5513.0>-T3: Msg #2126, C-Out: 23.10 18:11:30,776| HBQ-In: 23.10 18:11:30,778| DQ-In: 23.10 18:11:30,811| C-In: 23.10 18:11:31,511|
Fehlernachricht fuer Luecke von 2127 bis 2128 C-In: 23.10 18:11:31,513|
lab29-25-<0.3973.0>-T3: Msg #2129, C-Out: 23.10 18:11:30,804| HBQ-In: 23.10 18:11:30,804| DQ-In: 23.10 18:11:30,969| C-In: 23.10 18:11:31,515|
lab29-15-<0.4762.0>-T3: Msg #2130, C-Out: 23.10 18:11:30,805| HBQ-In: 23.10 18:11:30,805| DQ-In: 23.10 18:11:30,969| C-In: 23.10 18:11:31,518|
lab29-20-<0.4365.0>-T3: Msg #2131, C-Out: 23.10 18:11:30,806| HBQ-In: 23.10 18:11:30,806| DQ-In: 23.10 18:11:30,969| C-In: 23.10 18:11:31,523|
lab29-30-<0.3559.0>-T3: Msg #2132, C-Out: 23.10 18:11:30,811| HBQ-In: 23.10 18:11:30,811| DQ-In: 23.10 18:11:30,969| C-In: 23.10 18:11:31,528|
Fehlernachricht fuer Luecke von 2133 bis 2139 C-In: 23.10 18:11:31,529|
lab29-9-<0.5191.0>-T3: Msg #2140, C-Out: 23.10 18:11:30,964| HBQ-In: 23.10 18:11:30,964| DQ-In: 23.10 18:11:31,017| C-In: 23.10 18:11:31,531|
lab29-4-<0.5587.0>-T3: Msg #2141, C-Out: 23.10 18:11:30,969| HBQ-In: 23.10 18:11:30,969| DQ-In: 23.10 18:11:31,017| C-In: 23.10 18:11:31,532|
Fehlernachricht fuer Luecke von 2142 bis 2143 C-In: 23.10 18:11:31,534|
lab29-24-<0.4051.0>-T3: Msg #2144, C-Out: 23.10 18:11:30,977| HBQ-In: 23.10 18:11:30,977| DQ-In: 23.10 18:11:31,171| C-In: 23.10 18:11:31,534|
lab29-34-<0.3220.0>-T3: Msg #2145, C-Out: 23.10 18:11:30,983| HBQ-In: 23.10 18:11:30,983| DQ-In: 23.10 18:11:31,171| C-In: 23.10 18:11:31,535|
Fehlernachricht fuer Luecke von 2146 bis 2147 C-In: 23.10 18:11:31,537|
lab29-29-<0.3641.0>-T3: Msg #2148, C-Out: 23.10 18:11:30,997| HBQ-In: 23.10 18:11:30,998| DQ-In: 23.10 18:11:31,192| C-In: 23.10 18:11:31,537|
lab29-19-<0.4442.0>-T3: Msg #2149, C-Out: 23.10 18:11:31,017| HBQ-In: 23.10 18:11:31,018| DQ-In: 23.10 18:11:31,192| C-In: 23.10 18:11:31,539|
lab29-14-<0.4846.0>-T3: Msg #2150, C-Out: 23.10 18:11:31,017| HBQ-In: 23.10 18:11:31,017| DQ-In: 23.10 18:11:31,192| C-In: 23.10 18:11:31,540|
Fehlernachricht fuer Luecke von 2151 bis 2158 C-In: 23.10 18:11:31,542|
lab29-8-<0.5273.0>-T3: Msg #2159, C-Out: 23.10 18:11:31,170| HBQ-In: 23.10 18:11:31,171| DQ-In: 23.10 18:11:31,212| C-In: 23.10 18:11:31,542|
Fehlernachricht fuer Luecke von 2160 bis 2160 C-In: 23.10 18:11:31,545|
lab29-3-<0.5663.0>-T3: Msg #2161, C-Out: 23.10 18:11:31,170| HBQ-In: 23.10 18:11:31,171| DQ-In: 23.10 18:11:31,253| C-In: 23.10 18:11:31,546|
lab29-33-<0.3306.0>-T3: Msg #2162, C-Out: 23.10 18:11:31,192| HBQ-In: 23.10 18:11:31,192| DQ-In: 23.10 18:11:31,253| C-In: 23.10 18:11:31,547|
lab29-23-<0.4130.0>-T3: Msg #2163, C-Out: 23.10 18:11:31,192| HBQ-In: 23.10 18:11:31,192| DQ-In: 23.10 18:11:31,253| C-In: 23.10 18:11:31,548|
Fehlernachricht fuer Luecke von 2164 bis 2164 C-In: 23.10 18:11:31,550|
lab29-28-<0.3729.0>-T3: Msg #2165, C-Out: 23.10 18:11:31,203| HBQ-In: 23.10 18:11:31,203| DQ-In: 23.10 18:11:31,382| C-In: 23.10 18:11:31,550|
lab29-18-<0.4519.0>-T3: Msg #2166, C-Out: 23.10 18:11:31,212| HBQ-In: 23.10 18:11:31,212| DQ-In: 23.10 18:11:31,382| C-In: 23.10 18:11:31,551|
Fehlernachricht fuer Luecke von 2167 bis 2169 C-In: 23.10 18:11:31,551|
lab29-13-<0.4921.0>-T3: Msg #2170, C-Out: 23.10 18:11:31,253| HBQ-In: 23.10 18:11:31,253| DQ-In: 23.10 18:11:31,411| C-In: 23.10 18:11:31,552|
Fehlernachricht fuer Luecke von 2171 bis 2174 C-In: 23.10 18:11:31,552|
lab29-7-<0.5358.0>-T3: Msg #2175, C-Out: 23.10 18:11:31,368| HBQ-In: 23.10 18:11:31,368| DQ-In: 23.10 18:11:31,432| C-In: 23.10 18:11:31,552|
lab29-2-<0.5741.0>-T3: Msg #2176, C-Out: 23.10 18:11:31,377| HBQ-In: 23.10 18:11:31,378| DQ-In: 23.10 18:11:31,432| C-In: 23.10 18:11:31,553|
ReceiveMsgs done
lab29-69-<0.583.0>-T3: Msg #2304, C-Out: 23.10 18:11:33,804| gesendet
lab29-69-<0.583.0>-T3: Msg #2486, C-Out: 23.10 18:11:36,058| gesendet
lab29-69-<0.583.0>-T3: Msg #2672, C-Out: 23.10 18:11:38,309| gesendet
