lab29-100-<0.40.0>-T3 C-Start: 23.10 18:11:07,639|
lab29-100-<0.40.0>-T3: Msg #679, C-Out: 23.10 18:11:08,661| gesendet
lab29-100-<0.40.0>-T3: Msg #690, C-Out: 23.10 18:11:09,664| gesendet
lab29-100-<0.40.0>-T3: Msg #701, C-Out: 23.10 18:11:10,667| gesendet
lab29-100-<0.40.0>-T3: Msg #742, C-Out: 23.10 18:11:11,670| gesendet
lab29-100-<0.40.0>-T3: Msg #763, C-Out: 23.10 18:11:12,674| gesendet
Neues Intervall: 1 Sekunden
Msg #794 um 23.10 18:11:12,679| vergessen zu senden
5-client@lab23: 713. Nachricht--Gruppe:1-Team:5-Sendezeit:18:11:10 HBQ-In: 23.10 18:11:10,390| DQ-In: 23.10 18:11:11,259| C-In: 23.10 18:11:12,679|
3-client@lab23: 714. Nachricht--Gruppe:1-Team:5-Sendezeit:18:11:10 HBQ-In: 23.10 18:11:10,392| DQ-In: 23.10 18:11:11,259| C-In: 23.10 18:11:12,679|
5-client@lab23: 715. Nachricht--Gruppe:1-Team:5-Sendezeit:18:11:10 HBQ-In: 23.10 18:11:10,392| DQ-In: 23.10 18:11:11,259| C-In: 23.10 18:11:12,680|
3-client@lab23: 716. Nachricht--Gruppe:1-Team:5-Sendezeit:18:11:10 HBQ-In: 23.10 18:11:10,394| DQ-In: 23.10 18:11:11,259| C-In: 23.10 18:11:12,680|
5-client@lab23: 717. Nachricht--Gruppe:1-Team:5-Sendezeit:18:11:10 HBQ-In: 23.10 18:11:10,394| DQ-In: 23.10 18:11:11,259| C-In: 23.10 18:11:12,681|
3-client@lab23: 718. Nachricht--Gruppe:1-Team:5-Sendezeit:18:11:10 HBQ-In: 23.10 18:11:10,396| DQ-In: 23.10 18:11:11,259| C-In: 23.10 18:11:12,683|
Fehlernachricht fuer Luecke von 719 bis 720 C-In: 23.10 18:11:12,683|
4-client@lab23: 721. Nachricht--Gruppe:1-Team:5-Sendezeit:18:11:10 HBQ-In: 23.10 18:11:10,400| DQ-In: 23.10 18:11:12,059| C-In: 23.10 18:11:12,683|
1-client@lab23: 722. Nachricht--Gruppe:1-Team:5-Sendezeit:18:11:10 HBQ-In: 23.10 18:11:10,403| DQ-In: 23.10 18:11:12,059| C-In: 23.10 18:11:12,684|
4-client@lab23: 723. Nachricht--Gruppe:1-Team:5-Sendezeit:18:11:10 HBQ-In: 23.10 18:11:10,403| DQ-In: 23.10 18:11:12,059| C-In: 23.10 18:11:12,684|
4-client@lab23: 724. Nachricht--Gruppe:1-Team:5-Sendezeit:18:11:10 HBQ-In: 23.10 18:11:10,407| DQ-In: 23.10 18:11:12,059| C-In: 23.10 18:11:12,686|
1-client@lab23: 725. Nachricht--Gruppe:1-Team:5-Sendezeit:18:11:10 HBQ-In: 23.10 18:11:10,407| DQ-In: 23.10 18:11:12,059| C-In: 23.10 18:11:12,689|
1-client@lab23: 726. Nachricht--Gruppe:1-Team:5-Sendezeit:18:11:10 HBQ-In: 23.10 18:11:10,408| DQ-In: 23.10 18:11:12,059| C-In: 23.10 18:11:12,691|
4-client@lab23: 727. Nachricht--Gruppe:1-Team:5-Sendezeit:18:11:10 HBQ-In: 23.10 18:11:10,410| DQ-In: 23.10 18:11:12,059| C-In: 23.10 18:11:12,693|
1-client@lab23: 728. Nachricht--Gruppe:1-Team:5-Sendezeit:18:11:10 HBQ-In: 23.10 18:11:10,413| DQ-In: 23.10 18:11:12,059| C-In: 23.10 18:11:12,696|
4-client@lab23: 729. Nachricht--Gruppe:1-Team:5-Sendezeit:18:11:12 HBQ-In: 23.10 18:11:12,412| DQ-In: 23.10 18:11:12,412| C-In: 23.10 18:11:12,698|
2-client@lab23: 730. Nachricht--Gruppe:1-Team:5-Sendezeit:18:11:10 HBQ-In: 23.10 18:11:10,413| DQ-In: 23.10 18:11:12,412| C-In: 23.10 18:11:12,700|
2-client@lab23: 731. Nachricht--Gruppe:1-Team:5-Sendezeit:18:11:10 HBQ-In: 23.10 18:11:10,415| DQ-In: 23.10 18:11:12,412| C-In: 23.10 18:11:12,700|
1-client@lab23: 732. Nachricht--Gruppe:1-Team:5-Sendezeit:18:11:12 HBQ-In: 23.10 18:11:12,417| DQ-In: 23.10 18:11:12,417| C-In: 23.10 18:11:12,701|
2-client@lab23: 733. Nachricht--Gruppe:1-Team:5-Sendezeit:18:11:10 HBQ-In: 23.10 18:11:10,416| DQ-In: 23.10 18:11:12,417| C-In: 23.10 18:11:12,701|
2-client@lab23: 734. Nachricht--Gruppe:1-Team:5-Sendezeit:18:11:10 HBQ-In: 23.10 18:11:10,417| DQ-In: 23.10 18:11:12,417| C-In: 23.10 18:11:12,702|
2-client@lab23: 735. Nachricht--Gruppe:1-Team:5-Sendezeit:18:11:12 HBQ-In: 23.10 18:11:12,420| DQ-In: 23.10 18:11:12,420| C-In: 23.10 18:11:12,702|
lab29-96-<0.84.0>-T3: Msg #736, C-Out: 23.10 18:11:11,451| HBQ-In: 23.10 18:11:11,451| DQ-In: 23.10 18:11:12,420| C-In: 23.10 18:11:12,702|
lab29-91-<0.103.0>-T3: Msg #737, C-Out: 23.10 18:11:11,455| HBQ-In: 23.10 18:11:11,455| DQ-In: 23.10 18:11:12,420| C-In: 23.10 18:11:12,703|
lab29-86-<0.129.0>-T3: Msg #738, C-Out: 23.10 18:11:11,460| HBQ-In: 23.10 18:11:11,460| DQ-In: 23.10 18:11:12,420| C-In: 23.10 18:11:12,703|
lab29-90-<0.107.0>-T3: Msg #739, C-Out: 23.10 18:11:11,652| HBQ-In: 23.10 18:11:11,652| DQ-In: 23.10 18:11:12,420| C-In: 23.10 18:11:12,703|
lab29-85-<0.133.0>-T3: Msg #740, C-Out: 23.10 18:11:11,661| HBQ-In: 23.10 18:11:11,661| DQ-In: 23.10 18:11:12,420| C-In: 23.10 18:11:12,704|
lab29-95-<0.87.0>-T3: Msg #741, C-Out: 23.10 18:11:11,668| HBQ-In: 23.10 18:11:11,668| DQ-In: 23.10 18:11:12,420| C-In: 23.10 18:11:12,704|
lab29-100-<0.40.0>-T3: Msg #742, C-Out: 23.10 18:11:11,670| HBQ-In: 23.10 18:11:11,670| DQ-In: 23.10 18:11:12,420|******* C-In: 23.10 18:11:12,704|
lab29-99-<0.49.0>-T3: Msg #743, C-Out: 23.10 18:11:11,852| HBQ-In: 23.10 18:11:11,852| DQ-In: 23.10 18:11:12,420| C-In: 23.10 18:11:12,707|
lab29-89-<0.113.0>-T3: Msg #744, C-Out: 23.10 18:11:11,857| HBQ-In: 23.10 18:11:11,857| DQ-In: 23.10 18:11:12,420| C-In: 23.10 18:11:12,711|
lab29-94-<0.91.0>-T3: Msg #745, C-Out: 23.10 18:11:11,859| HBQ-In: 23.10 18:11:11,859| DQ-In: 23.10 18:11:12,420| C-In: 23.10 18:11:12,714|
lab29-84-<0.140.0>-T3: Msg #746, C-Out: 23.10 18:11:11,863| HBQ-In: 23.10 18:11:11,863| DQ-In: 23.10 18:11:12,420| C-In: 23.10 18:11:12,718|
lab29-98-<0.78.0>-T3: Msg #747, C-Out: 23.10 18:11:12,052| HBQ-In: 23.10 18:11:12,052| DQ-In: 23.10 18:11:12,420| C-In: 23.10 18:11:12,720|
lab29-88-<0.118.0>-T3: Msg #748, C-Out: 23.10 18:11:12,056| HBQ-In: 23.10 18:11:12,056| DQ-In: 23.10 18:11:12,420| C-In: 23.10 18:11:12,722|
lab29-93-<0.95.0>-T3: Msg #749, C-Out: 23.10 18:11:12,059| HBQ-In: 23.10 18:11:12,059| DQ-In: 23.10 18:11:12,420| C-In: 23.10 18:11:12,726|
lab29-83-<0.147.0>-T3: Msg #750, C-Out: 23.10 18:11:12,063| HBQ-In: 23.10 18:11:12,063| DQ-In: 23.10 18:11:12,420| C-In: 23.10 18:11:12,729|
lab29-92-<0.99.0>-T3: Msg #751, C-Out: 23.10 18:11:12,257| HBQ-In: 23.10 18:11:12,257| DQ-In: 23.10 18:11:12,420| C-In: 23.10 18:11:12,731|
lab29-97-<0.81.0>-T3: Msg #752, C-Out: 23.10 18:11:12,257| HBQ-In: 23.10 18:11:12,257| DQ-In: 23.10 18:11:12,420| C-In: 23.10 18:11:12,735|
lab29-87-<0.123.0>-T3: Msg #753, C-Out: 23.10 18:11:12,262| HBQ-In: 23.10 18:11:12,262| DQ-In: 23.10 18:11:12,420| C-In: 23.10 18:11:12,738|
lab29-82-<0.153.0>-T3: Msg #754, C-Out: 23.10 18:11:12,266| HBQ-In: 23.10 18:11:12,266| DQ-In: 23.10 18:11:12,420| C-In: 23.10 18:11:12,740|
lab29-96-<0.84.0>-T3: Msg #755, C-Out: 23.10 18:11:12,454| HBQ-In: 23.10 18:11:12,454| DQ-In: 23.10 18:11:12,454| C-In: 23.10 18:11:12,744|
lab29-91-<0.103.0>-T3: Msg #756, C-Out: 23.10 18:11:12,458| HBQ-In: 23.10 18:11:12,458| DQ-In: 23.10 18:11:12,458| C-In: 23.10 18:11:12,747|
lab29-86-<0.129.0>-T3: Msg #757, C-Out: 23.10 18:11:12,463| HBQ-In: 23.10 18:11:12,463| DQ-In: 23.10 18:11:12,463| C-In: 23.10 18:11:12,749|
lab29-81-<0.159.0>-T3: Msg #758, C-Out: 23.10 18:11:12,467| HBQ-In: 23.10 18:11:12,467| DQ-In: 23.10 18:11:12,467| C-In: 23.10 18:11:12,753|
lab29-90-<0.107.0>-T3: Msg #759, C-Out: 23.10 18:11:12,655| HBQ-In: 23.10 18:11:12,655| DQ-In: 23.10 18:11:12,655| C-In: 23.10 18:11:12,756|
lab29-85-<0.133.0>-T3: Msg #760, C-Out: 23.10 18:11:12,664| HBQ-In: 23.10 18:11:12,664| DQ-In: 23.10 18:11:12,664| C-In: 23.10 18:11:12,756|
lab29-80-<0.164.0>-T3: Msg #761, C-Out: 23.10 18:11:12,668| HBQ-In: 23.10 18:11:12,668| DQ-In: 23.10 18:11:12,668| C-In: 23.10 18:11:12,757|
lab29-95-<0.87.0>-T3: Msg #762, C-Out: 23.10 18:11:12,671| HBQ-In: 23.10 18:11:12,671| DQ-In: 23.10 18:11:12,671| C-In: 23.10 18:11:12,757|
lab29-100-<0.40.0>-T3: Msg #763, C-Out: 23.10 18:11:12,674| HBQ-In: 23.10 18:11:12,674| DQ-In: 23.10 18:11:12,674|******* C-In: 23.10 18:11:12,757|
ReceiveMsgs done
lab29-100-<0.40.0>-T3: Msg #795, C-Out: 23.10 18:11:13,759| gesendet
lab29-100-<0.40.0>-T3: Msg #830, C-Out: 23.10 18:11:14,765| gesendet
lab29-100-<0.40.0>-T3: Msg #896, C-Out: 23.10 18:11:15,766| gesendet
lab29-100-<0.40.0>-T3: Msg #943, C-Out: 23.10 18:11:16,767| gesendet
lab29-100-<0.40.0>-T3: Msg #998, C-Out: 23.10 18:11:17,769| gesendet
Neues Intervall: 1.5 Sekunden
Msg #1054 um 23.10 18:11:17,770| vergessen zu senden
lab29-97-<0.81.0>-T3: Msg #924, C-Out: 23.10 18:11:16,437| HBQ-In: 23.10 18:11:16,437| DQ-In: 23.10 18:11:16,883| C-In: 23.10 18:11:17,771|
Fehlernachricht fuer Luecke von 925 bis 925 C-In: 23.10 18:11:17,771|
lab29-81-<0.159.0>-T3: Msg #926, C-Out: 23.10 18:11:16,475| HBQ-In: 23.10 18:11:16,475| DQ-In: 23.10 18:11:16,995| C-In: 23.10 18:11:17,771|
lab29-76-<0.194.0>-T3: Msg #927, C-Out: 23.10 18:11:16,487| HBQ-In: 23.10 18:11:16,487| DQ-In: 23.10 18:11:16,995| C-In: 23.10 18:11:17,771|
lab29-71-<0.461.0>-T3: Msg #928, C-Out: 23.10 18:11:16,487| HBQ-In: 23.10 18:11:16,487| DQ-In: 23.10 18:11:16,995| C-In: 23.10 18:11:17,772|
lab29-66-<0.743.0>-T3: Msg #929, C-Out: 23.10 18:11:16,487| HBQ-In: 23.10 18:11:16,487| DQ-In: 23.10 18:11:16,995| C-In: 23.10 18:11:17,772|
lab29-61-<0.1100.0>-T3: Msg #930, C-Out: 23.10 18:11:16,497| HBQ-In: 23.10 18:11:16,497| DQ-In: 23.10 18:11:16,995| C-In: 23.10 18:11:17,773|
lab29-91-<0.103.0>-T3: Msg #931, C-Out: 23.10 18:11:16,551| HBQ-In: 23.10 18:11:16,551| DQ-In: 23.10 18:11:16,995| C-In: 23.10 18:11:17,773|
lab29-86-<0.129.0>-T3: Msg #932, C-Out: 23.10 18:11:16,553| HBQ-In: 23.10 18:11:16,553| DQ-In: 23.10 18:11:16,995| C-In: 23.10 18:11:17,773|
lab29-96-<0.84.0>-T3: Msg #933, C-Out: 23.10 18:11:16,592| HBQ-In: 23.10 18:11:16,592| DQ-In: 23.10 18:11:16,995| C-In: 23.10 18:11:17,774|
Fehlernachricht fuer Luecke von 934 bis 934 C-In: 23.10 18:11:17,774|
lab29-80-<0.164.0>-T3: Msg #935, C-Out: 23.10 18:11:16,679| HBQ-In: 23.10 18:11:16,679| DQ-In: 23.10 18:11:17,119| C-In: 23.10 18:11:17,774|
lab29-75-<0.200.0>-T3: Msg #936, C-Out: 23.10 18:11:16,688| HBQ-In: 23.10 18:11:16,688| DQ-In: 23.10 18:11:17,119| C-In: 23.10 18:11:17,775|
lab29-70-<0.519.0>-T3: Msg #937, C-Out: 23.10 18:11:16,688| HBQ-In: 23.10 18:11:16,689| DQ-In: 23.10 18:11:17,119| C-In: 23.10 18:11:17,775|
lab29-65-<0.819.0>-T3: Msg #938, C-Out: 23.10 18:11:16,688| HBQ-In: 23.10 18:11:16,689| DQ-In: 23.10 18:11:17,119| C-In: 23.10 18:11:17,775|
lab29-60-<0.1170.0>-T3: Msg #939, C-Out: 23.10 18:11:16,699| HBQ-In: 23.10 18:11:16,700| DQ-In: 23.10 18:11:17,119| C-In: 23.10 18:11:17,776|
lab29-85-<0.133.0>-T3: Msg #940, C-Out: 23.10 18:11:16,699| HBQ-In: 23.10 18:11:16,700| DQ-In: 23.10 18:11:17,119| C-In: 23.10 18:11:17,776|
lab29-90-<0.107.0>-T3: Msg #941, C-Out: 23.10 18:11:16,755| HBQ-In: 23.10 18:11:16,755| DQ-In: 23.10 18:11:17,119| C-In: 23.10 18:11:17,776|
lab29-95-<0.87.0>-T3: Msg #942, C-Out: 23.10 18:11:16,767| HBQ-In: 23.10 18:11:16,767| DQ-In: 23.10 18:11:17,119| C-In: 23.10 18:11:17,777|
lab29-100-<0.40.0>-T3: Msg #943, C-Out: 23.10 18:11:16,767| HBQ-In: 23.10 18:11:16,767| DQ-In: 23.10 18:11:17,119|******* C-In: 23.10 18:11:17,779|
Fehlernachricht fuer Luecke von 944 bis 944 C-In: 23.10 18:11:17,783|
lab29-79-<0.173.0>-T3: Msg #945, C-Out: 23.10 18:11:16,883| HBQ-In: 23.10 18:11:16,883| DQ-In: 23.10 18:11:17,329| C-In: 23.10 18:11:17,789|
lab29-74-<0.266.0>-T3: Msg #946, C-Out: 23.10 18:11:16,883| HBQ-In: 23.10 18:11:16,883| DQ-In: 23.10 18:11:17,329| C-In: 23.10 18:11:17,793|
lab29-69-<0.583.0>-T3: Msg #947, C-Out: 23.10 18:11:16,890| HBQ-In: 23.10 18:11:16,890| DQ-In: 23.10 18:11:17,329| C-In: 23.10 18:11:17,795|
lab29-64-<0.899.0>-T3: Msg #948, C-Out: 23.10 18:11:16,892| HBQ-In: 23.10 18:11:16,892| DQ-In: 23.10 18:11:17,329| C-In: 23.10 18:11:17,798|
lab29-59-<0.1234.0>-T3: Msg #949, C-Out: 23.10 18:11:16,896| HBQ-In: 23.10 18:11:16,896| DQ-In: 23.10 18:11:17,329| C-In: 23.10 18:11:17,802|
lab29-89-<0.113.0>-T3: Msg #950, C-Out: 23.10 18:11:16,900| HBQ-In: 23.10 18:11:16,902| DQ-In: 23.10 18:11:17,329| C-In: 23.10 18:11:17,804|
lab29-84-<0.140.0>-T3: Msg #951, C-Out: 23.10 18:11:16,900| HBQ-In: 23.10 18:11:16,902| DQ-In: 23.10 18:11:17,329| C-In: 23.10 18:11:17,807|
lab29-99-<0.49.0>-T3: Msg #952, C-Out: 23.10 18:11:16,942| HBQ-In: 23.10 18:11:16,943| DQ-In: 23.10 18:11:17,329| C-In: 23.10 18:11:17,811|
lab29-94-<0.91.0>-T3: Msg #953, C-Out: 23.10 18:11:16,995| HBQ-In: 23.10 18:11:16,995| DQ-In: 23.10 18:11:17,329| C-In: 23.10 18:11:17,813|
Fehlernachricht fuer Luecke von 954 bis 954 C-In: 23.10 18:11:17,816|
lab29-78-<0.180.0>-T3: Msg #955, C-Out: 23.10 18:11:17,083| HBQ-In: 23.10 18:11:17,084| DQ-In: 23.10 18:11:17,556| C-In: 23.10 18:11:17,820|
lab29-73-<0.332.0>-T3: Msg #956, C-Out: 23.10 18:11:17,086| HBQ-In: 23.10 18:11:17,087| DQ-In: 23.10 18:11:17,556| C-In: 23.10 18:11:17,823|
lab29-68-<0.633.0>-T3: Msg #957, C-Out: 23.10 18:11:17,092| HBQ-In: 23.10 18:11:17,092| DQ-In: 23.10 18:11:17,556| C-In: 23.10 18:11:17,825|
lab29-63-<0.983.0>-T3: Msg #958, C-Out: 23.10 18:11:17,093| HBQ-In: 23.10 18:11:17,093| DQ-In: 23.10 18:11:17,556| C-In: 23.10 18:11:17,830|
lab29-58-<0.1296.0>-T3: Msg #959, C-Out: 23.10 18:11:17,097| HBQ-In: 23.10 18:11:17,099| DQ-In: 23.10 18:11:17,556| C-In: 23.10 18:11:17,832|
lab29-93-<0.95.0>-T3: Msg #960, C-Out: 23.10 18:11:17,107| HBQ-In: 23.10 18:11:17,108| DQ-In: 23.10 18:11:17,556| C-In: 23.10 18:11:17,836|
lab29-83-<0.147.0>-T3: Msg #961, C-Out: 23.10 18:11:17,115| HBQ-In: 23.10 18:11:17,115| DQ-In: 23.10 18:11:17,556| C-In: 23.10 18:11:17,839|
lab29-88-<0.118.0>-T3: Msg #962, C-Out: 23.10 18:11:17,119| HBQ-In: 23.10 18:11:17,119| DQ-In: 23.10 18:11:17,556| C-In: 23.10 18:11:17,844|
lab29-98-<0.78.0>-T3: Msg #963, C-Out: 23.10 18:11:17,157| HBQ-In: 23.10 18:11:17,157| DQ-In: 23.10 18:11:17,556| C-In: 23.10 18:11:17,846|
Fehlernachricht fuer Luecke von 964 bis 964 C-In: 23.10 18:11:17,847|
lab29-77-<0.187.0>-T3: Msg #965, C-Out: 23.10 18:11:17,287| HBQ-In: 23.10 18:11:17,287| DQ-In: 23.10 18:11:17,757| C-In: 23.10 18:11:17,851|
lab29-72-<0.396.0>-T3: Msg #966, C-Out: 23.10 18:11:17,287| HBQ-In: 23.10 18:11:17,287| DQ-In: 23.10 18:11:17,758| C-In: 23.10 18:11:17,853|
lab29-67-<0.708.0>-T3: Msg #967, C-Out: 23.10 18:11:17,290| HBQ-In: 23.10 18:11:17,292| DQ-In: 23.10 18:11:17,758| C-In: 23.10 18:11:17,856|
lab29-62-<0.1043.0>-T3: Msg #968, C-Out: 23.10 18:11:17,293| HBQ-In: 23.10 18:11:17,294| DQ-In: 23.10 18:11:17,758| C-In: 23.10 18:11:17,861|
lab29-57-<0.1365.0>-T3: Msg #969, C-Out: 23.10 18:11:17,300| HBQ-In: 23.10 18:11:17,302| DQ-In: 23.10 18:11:17,758| C-In: 23.10 18:11:17,863|
lab29-87-<0.123.0>-T3: Msg #970, C-Out: 23.10 18:11:17,309| HBQ-In: 23.10 18:11:17,309| DQ-In: 23.10 18:11:17,758| C-In: 23.10 18:11:17,865|
lab29-82-<0.153.0>-T3: Msg #971, C-Out: 23.10 18:11:17,313| HBQ-In: 23.10 18:11:17,313| DQ-In: 23.10 18:11:17,758| C-In: 23.10 18:11:17,870|
lab29-92-<0.99.0>-T3: Msg #972, C-Out: 23.10 18:11:17,329| HBQ-In: 23.10 18:11:17,329| DQ-In: 23.10 18:11:17,758| C-In: 23.10 18:11:17,872|
lab29-97-<0.81.0>-T3: Msg #973, C-Out: 23.10 18:11:17,438| HBQ-In: 23.10 18:11:17,438| DQ-In: 23.10 18:11:17,758| C-In: 23.10 18:11:17,875|
ReceiveMsgs done
lab29-100-<0.40.0>-T3: Msg #1056, C-Out: 23.10 18:11:19,381| gesendet
lab29-100-<0.40.0>-T3: Msg #1185, C-Out: 23.10 18:11:20,882| gesendet
lab29-100-<0.40.0>-T3: Msg #1290, C-Out: 23.10 18:11:22,383| gesendet
lab29-100-<0.40.0>-T3: Msg #1408, C-Out: 23.10 18:11:23,886| gesendet
lab29-100-<0.40.0>-T3: Msg #1549, C-Out: 23.10 18:11:25,387| gesendet
Neues Intervall: 2.25 Sekunden
Msg #1688 um 23.10 18:11:25,387| vergessen zu senden
lab29-48-<0.2035.0>-T3: Msg #1498, C-Out: 23.10 18:11:24,157| HBQ-In: 23.10 18:11:24,157| DQ-In: 23.10 18:11:24,569| C-In: 23.10 18:11:25,388|
lab29-73-<0.332.0>-T3: Msg #1499, C-Out: 23.10 18:11:24,658| HBQ-In: 23.10 18:11:24,659| DQ-In: 23.10 18:11:24,659| C-In: 23.10 18:11:25,388|
lab29-88-<0.118.0>-T3: Msg #1500, C-Out: 23.10 18:11:24,665| HBQ-In: 23.10 18:11:24,666| DQ-In: 23.10 18:11:24,666| C-In: 23.10 18:11:25,390|
Fehlernachricht fuer Luecke von 1501 bis 1502 C-In: 23.10 18:11:25,392|
lab29-37-<0.2967.0>-T3: Msg #1503, C-Out: 23.10 18:11:24,331| HBQ-In: 23.10 18:11:24,331| DQ-In: 23.10 18:11:24,746| C-In: 23.10 18:11:25,393|
lab29-42-<0.2545.0>-T3: Msg #1504, C-Out: 23.10 18:11:24,331| HBQ-In: 23.10 18:11:24,331| DQ-In: 23.10 18:11:24,746| C-In: 23.10 18:11:25,393|
lab29-32-<0.3394.0>-T3: Msg #1505, C-Out: 23.10 18:11:24,331| HBQ-In: 23.10 18:11:24,331| DQ-In: 23.10 18:11:24,746| C-In: 23.10 18:11:25,393|
Fehlernachricht fuer Luecke von 1506 bis 1507 C-In: 23.10 18:11:25,394|
lab29-27-<0.3815.0>-T3: Msg #1508, C-Out: 23.10 18:11:24,340| HBQ-In: 23.10 18:11:24,340| DQ-In: 23.10 18:11:24,770| C-In: 23.10 18:11:25,394|
lab29-22-<0.4210.0>-T3: Msg #1509, C-Out: 23.10 18:11:24,341| HBQ-In: 23.10 18:11:24,342| DQ-In: 23.10 18:11:24,770| C-In: 23.10 18:11:25,394|
lab29-67-<0.708.0>-T3: Msg #1510, C-Out: 23.10 18:11:24,346| HBQ-In: 23.10 18:11:24,346| DQ-In: 23.10 18:11:24,770| C-In: 23.10 18:11:25,394|
lab29-62-<0.1043.0>-T3: Msg #1511, C-Out: 23.10 18:11:24,356| HBQ-In: 23.10 18:11:24,357| DQ-In: 23.10 18:11:24,770| C-In: 23.10 18:11:25,395|
lab29-47-<0.2127.0>-T3: Msg #1512, C-Out: 23.10 18:11:24,366| HBQ-In: 23.10 18:11:24,366| DQ-In: 23.10 18:11:24,770| C-In: 23.10 18:11:25,396|
lab29-87-<0.123.0>-T3: Msg #1513, C-Out: 23.10 18:11:24,868| HBQ-In: 23.10 18:11:24,869| DQ-In: 23.10 18:11:24,869| C-In: 23.10 18:11:25,398|
lab29-52-<0.1713.0>-T3: Msg #1514, C-Out: 23.10 18:11:24,380| HBQ-In: 23.10 18:11:24,380| DQ-In: 23.10 18:11:24,869| C-In: 23.10 18:11:25,398|
lab29-72-<0.396.0>-T3: Msg #1515, C-Out: 23.10 18:11:24,882| HBQ-In: 23.10 18:11:24,882| DQ-In: 23.10 18:11:24,882| C-In: 23.10 18:11:25,400|
lab29-57-<0.1365.0>-T3: Msg #1516, C-Out: 23.10 18:11:24,382| HBQ-In: 23.10 18:11:24,382| DQ-In: 23.10 18:11:24,882| C-In: 23.10 18:11:25,401|
Fehlernachricht fuer Luecke von 1517 bis 1518 C-In: 23.10 18:11:25,403|
lab29-41-<0.2632.0>-T3: Msg #1519, C-Out: 23.10 18:11:24,531| HBQ-In: 23.10 18:11:24,532| DQ-In: 23.10 18:11:24,946| C-In: 23.10 18:11:25,405|
lab29-36-<0.3048.0>-T3: Msg #1520, C-Out: 23.10 18:11:24,531| HBQ-In: 23.10 18:11:24,532| DQ-In: 23.10 18:11:24,946| C-In: 23.10 18:11:25,408|
lab29-31-<0.3480.0>-T3: Msg #1521, C-Out: 23.10 18:11:24,532| HBQ-In: 23.10 18:11:24,532| DQ-In: 23.10 18:11:24,946| C-In: 23.10 18:11:25,408|
lab29-26-<0.3898.0>-T3: Msg #1522, C-Out: 23.10 18:11:24,538| HBQ-In: 23.10 18:11:24,540| DQ-In: 23.10 18:11:24,946| C-In: 23.10 18:11:25,410|
Fehlernachricht fuer Luecke von 1523 bis 1523 C-In: 23.10 18:11:25,411|
lab29-66-<0.743.0>-T3: Msg #1524, C-Out: 23.10 18:11:24,548| HBQ-In: 23.10 18:11:24,548| DQ-In: 23.10 18:11:24,966| C-In: 23.10 18:11:25,411|
lab29-21-<0.4291.0>-T3: Msg #1525, C-Out: 23.10 18:11:24,547| HBQ-In: 23.10 18:11:24,548| DQ-In: 23.10 18:11:24,966| C-In: 23.10 18:11:25,413|
lab29-56-<0.1439.0>-T3: Msg #1526, C-Out: 23.10 18:11:24,547| HBQ-In: 23.10 18:11:24,548| DQ-In: 23.10 18:11:24,966| C-In: 23.10 18:11:25,413|
lab29-46-<0.2213.0>-T3: Msg #1527, C-Out: 23.10 18:11:24,551| HBQ-In: 23.10 18:11:24,551| DQ-In: 23.10 18:11:24,966| C-In: 23.10 18:11:25,415|
lab29-51-<0.1789.0>-T3: Msg #1528, C-Out: 23.10 18:11:24,568| HBQ-In: 23.10 18:11:24,569| DQ-In: 23.10 18:11:24,966| C-In: 23.10 18:11:25,415|
lab29-61-<0.1100.0>-T3: Msg #1529, C-Out: 23.10 18:11:24,574| HBQ-In: 23.10 18:11:24,575| DQ-In: 23.10 18:11:24,966| C-In: 23.10 18:11:25,418|
lab29-86-<0.129.0>-T3: Msg #1530, C-Out: 23.10 18:11:25,112| HBQ-In: 23.10 18:11:25,112| DQ-In: 23.10 18:11:25,112| C-In: 23.10 18:11:25,418|
Fehlernachricht fuer Luecke von 1531 bis 1536 C-In: 23.10 18:11:25,418|
lab29-40-<0.2707.0>-T3: Msg #1537, C-Out: 23.10 18:11:24,726| HBQ-In: 23.10 18:11:24,726| DQ-In: 23.10 18:11:25,149| C-In: 23.10 18:11:25,418|
lab29-35-<0.3134.0>-T3: Msg #1538, C-Out: 23.10 18:11:24,729| HBQ-In: 23.10 18:11:24,729| DQ-In: 23.10 18:11:25,149| C-In: 23.10 18:11:25,419|
lab29-65-<0.819.0>-T3: Msg #1539, C-Out: 23.10 18:11:24,729| HBQ-In: 23.10 18:11:24,729| DQ-In: 23.10 18:11:25,149| C-In: 23.10 18:11:25,419|
lab29-30-<0.3559.0>-T3: Msg #1540, C-Out: 23.10 18:11:24,741| HBQ-In: 23.10 18:11:24,741| DQ-In: 23.10 18:11:25,149| C-In: 23.10 18:11:25,419|
Fehlernachricht fuer Luecke von 1541 bis 1541 C-In: 23.10 18:11:25,419|
lab29-25-<0.3973.0>-T3: Msg #1542, C-Out: 23.10 18:11:24,746| HBQ-In: 23.10 18:11:24,746| DQ-In: 23.10 18:11:25,175| C-In: 23.10 18:11:25,420|
lab29-60-<0.1170.0>-T3: Msg #1543, C-Out: 23.10 18:11:24,746| HBQ-In: 23.10 18:11:24,746| DQ-In: 23.10 18:11:25,175| C-In: 23.10 18:11:25,420|
lab29-20-<0.4365.0>-T3: Msg #1544, C-Out: 23.10 18:11:24,746| HBQ-In: 23.10 18:11:24,746| DQ-In: 23.10 18:11:25,175| C-In: 23.10 18:11:25,420|
lab29-45-<0.2293.0>-T3: Msg #1545, C-Out: 23.10 18:11:24,766| HBQ-In: 23.10 18:11:24,766| DQ-In: 23.10 18:11:25,175| C-In: 23.10 18:11:25,422|
lab29-70-<0.519.0>-T3: Msg #1546, C-Out: 23.10 18:11:25,267| HBQ-In: 23.10 18:11:25,267| DQ-In: 23.10 18:11:25,267| C-In: 23.10 18:11:25,423|
lab29-55-<0.1513.0>-T3: Msg #1547, C-Out: 23.10 18:11:24,770| HBQ-In: 23.10 18:11:24,770| DQ-In: 23.10 18:11:25,267| C-In: 23.10 18:11:25,423|
lab29-50-<0.1864.0>-T3: Msg #1548, C-Out: 23.10 18:11:24,803| HBQ-In: 23.10 18:11:24,804| DQ-In: 23.10 18:11:25,267| C-In: 23.10 18:11:25,423|
Fehlernachricht fuer Luecke von 1549 bis 1552 C-In: 23.10 18:11:25,424|
lab29-34-<0.3220.0>-T3: Msg #1553, C-Out: 23.10 18:11:24,934| HBQ-In: 23.10 18:11:24,934| DQ-In: 23.10 18:11:25,360| C-In: 23.10 18:11:25,424|
lab29-39-<0.2795.0>-T3: Msg #1554, C-Out: 23.10 18:11:24,934| HBQ-In: 23.10 18:11:24,934| DQ-In: 23.10 18:11:25,360| C-In: 23.10 18:11:25,424|
lab29-64-<0.899.0>-T3: Msg #1555, C-Out: 23.10 18:11:24,934| HBQ-In: 23.10 18:11:24,934| DQ-In: 23.10 18:11:25,360| C-In: 23.10 18:11:25,425|
Fehlernachricht fuer Luecke von 1556 bis 1556 C-In: 23.10 18:11:25,425|
lab29-29-<0.3641.0>-T3: Msg #1557, C-Out: 23.10 18:11:24,941| HBQ-In: 23.10 18:11:24,941| DQ-In: 23.10 18:11:25,383| C-In: 23.10 18:11:25,425|
lab29-24-<0.4051.0>-T3: Msg #1558, C-Out: 23.10 18:11:24,941| HBQ-In: 23.10 18:11:24,941| DQ-In: 23.10 18:11:25,383| C-In: 23.10 18:11:25,435|
ReceiveMsgs done
lab29-100-<0.40.0>-T3: Msg #1691, C-Out: 23.10 18:11:27,686| gesendet
lab29-100-<0.40.0>-T3: Msg #1929, C-Out: 23.10 18:11:29,939| gesendet
lab29-100-<0.40.0>-T3: Msg #2137, C-Out: 23.10 18:11:32,190| gesendet
lab29-100-<0.40.0>-T3: Msg #2355, C-Out: 23.10 18:11:34,441| gesendet
lab29-100-<0.40.0>-T3: Msg #2535, C-Out: 23.10 18:11:36,692| gesendet
Neues Intervall: 3.375 Sekunden
Msg #2713 um 23.10 18:11:36,693| vergessen zu senden
Fehlernachricht fuer Luecke von 2503 bis 2503 C-In: 23.10 18:11:36,697|
lab29-14-<0.4846.0>-T3: Msg #2504, C-Out: 23.10 18:11:35,025| HBQ-In: 23.10 18:11:35,025| DQ-In: 23.10 18:11:35,436| C-In: 23.10 18:11:36,702|
Fehlernachricht fuer Luecke von 2505 bis 2514 C-In: 23.10 18:11:36,703|
lab29-8-<0.5273.0>-T3: Msg #2515, C-Out: 23.10 18:11:35,211| HBQ-In: 23.10 18:11:35,211| DQ-In: 23.10 18:11:35,441| C-In: 23.10 18:11:36,706|
Fehlernachricht fuer Luecke von 2516 bis 2518 C-In: 23.10 18:11:36,706|
lab29-3-<0.5663.0>-T3: Msg #2519, C-Out: 23.10 18:11:35,229| HBQ-In: 23.10 18:11:35,229| DQ-In: 23.10 18:11:35,618| C-In: 23.10 18:11:36,707|
Fehlernachricht fuer Luecke von 2520 bis 2521 C-In: 23.10 18:11:36,707|
lab29-13-<0.4921.0>-T3: Msg #2522, C-Out: 23.10 18:11:35,270| HBQ-In: 23.10 18:11:35,270| DQ-In: 23.10 18:11:35,625| C-In: 23.10 18:11:36,707|
Fehlernachricht fuer Luecke von 2523 bis 2528 C-In: 23.10 18:11:36,708|
lab29-7-<0.5358.0>-T3: Msg #2529, C-Out: 23.10 18:11:35,423| HBQ-In: 23.10 18:11:35,423| DQ-In: 23.10 18:11:35,641| C-In: 23.10 18:11:36,709|
Fehlernachricht fuer Luecke von 2530 bis 2531 C-In: 23.10 18:11:36,711|
lab29-2-<0.5741.0>-T3: Msg #2532, C-Out: 23.10 18:11:35,436| HBQ-In: 23.10 18:11:35,436| DQ-In: 23.10 18:11:35,829| C-In: 23.10 18:11:36,711|
lab29-12-<0.4991.0>-T3: Msg #2533, C-Out: 23.10 18:11:35,437| HBQ-In: 23.10 18:11:35,441| DQ-In: 23.10 18:11:35,829| C-In: 23.10 18:11:36,712|
Fehlernachricht fuer Luecke von 2534 bis 2536 C-In: 23.10 18:11:36,712|
lab29-17-<0.4601.0>-T3: Msg #2537, C-Out: 23.10 18:11:35,983| HBQ-In: 23.10 18:11:35,983| DQ-In: 23.10 18:11:35,983| C-In: 23.10 18:11:36,712|
Fehlernachricht fuer Luecke von 2538 bis 2544 C-In: 23.10 18:11:36,713|
lab29-6-<0.5440.0>-T3: Msg #2545, C-Out: 23.10 18:11:35,618| HBQ-In: 23.10 18:11:35,618| DQ-In: 23.10 18:11:36,015| C-In: 23.10 18:11:36,713|
Fehlernachricht fuer Luecke von 2546 bis 2546 C-In: 23.10 18:11:36,713|
lab29-11-<0.5067.0>-T3: Msg #2547, C-Out: 23.10 18:11:35,623| HBQ-In: 23.10 18:11:35,625| DQ-In: 23.10 18:11:36,028| C-In: 23.10 18:11:36,714|
lab29-31-<0.3480.0>-T3: Msg #2548, C-Out: 23.10 18:11:36,126| HBQ-In: 23.10 18:11:36,127| DQ-In: 23.10 18:11:36,127| C-In: 23.10 18:11:36,715|
Fehlernachricht fuer Luecke von 2549 bis 2549 C-In: 23.10 18:11:36,715|
lab29-1-<0.5818.0>-T3: Msg #2550, C-Out: 23.10 18:11:35,640| HBQ-In: 23.10 18:11:35,641| DQ-In: 23.10 18:11:36,168| C-In: 23.10 18:11:36,717|
Fehlernachricht fuer Luecke von 2551 bis 2551 C-In: 23.10 18:11:36,718|
lab29-16-<0.4681.0>-T3: Msg #2552, C-Out: 23.10 18:11:36,167| HBQ-In: 23.10 18:11:36,168| DQ-In: 23.10 18:11:36,212| C-In: 23.10 18:11:36,720|
Fehlernachricht fuer Luecke von 2553 bis 2554 C-In: 23.10 18:11:36,720|
2-client@lab23: 2555. Nachricht--Gruppe:1-Team:5-Sendezeit:18:11:34 HBQ-In: 23.10 18:11:34,752| DQ-In: 23.10 18:11:36,230| C-In: 23.10 18:11:36,722|
1-client@lab23: 2556. Nachricht--Gruppe:1-Team:5-Sendezeit:18:11:34 HBQ-In: 23.10 18:11:34,753| DQ-In: 23.10 18:11:36,230| C-In: 23.10 18:11:36,723|
5-client@lab23: 2557. Nachricht--Gruppe:1-Team:5-Sendezeit:18:11:34 HBQ-In: 23.10 18:11:34,753| DQ-In: 23.10 18:11:36,230| C-In: 23.10 18:11:36,724|
2-client@lab23: 2558. Nachricht--Gruppe:1-Team:5-Sendezeit:18:11:34 HBQ-In: 23.10 18:11:34,758| DQ-In: 23.10 18:11:36,230| C-In: 23.10 18:11:36,724|
1-client@lab23: 2559. Nachricht--Gruppe:1-Team:5-Sendezeit:18:11:34 HBQ-In: 23.10 18:11:34,758| DQ-In: 23.10 18:11:36,230| C-In: 23.10 18:11:36,726|
5-client@lab23: 2560. Nachricht--Gruppe:1-Team:5-Sendezeit:18:11:34 HBQ-In: 23.10 18:11:34,758| DQ-In: 23.10 18:11:36,230| C-In: 23.10 18:11:36,727|
lab29-23-<0.4130.0>-T3: Msg #2561, C-Out: 23.10 18:11:36,270| HBQ-In: 23.10 18:11:36,277| DQ-In: 23.10 18:11:36,277| C-In: 23.10 18:11:36,728|
Fehlernachricht fuer Luecke von 2562 bis 2562 C-In: 23.10 18:11:36,729|
2-client@lab23: 2563. Nachricht--Gruppe:1-Team:5-Sendezeit:18:11:34 HBQ-In: 23.10 18:11:34,764| DQ-In: 23.10 18:11:36,437| C-In: 23.10 18:11:36,729|
5-client@lab23: 2564. Nachricht--Gruppe:1-Team:5-Sendezeit:18:11:34 HBQ-In: 23.10 18:11:34,764| DQ-In: 23.10 18:11:36,437| C-In: 23.10 18:11:36,731|
1-client@lab23: 2565. Nachricht--Gruppe:1-Team:5-Sendezeit:18:11:34 HBQ-In: 23.10 18:11:34,764| DQ-In: 23.10 18:11:36,437| C-In: 23.10 18:11:36,732|
2-client@lab23: 2566. Nachricht--Gruppe:1-Team:5-Sendezeit:18:11:34 HBQ-In: 23.10 18:11:34,767| DQ-In: 23.10 18:11:36,437| C-In: 23.10 18:11:36,733|
1-client@lab23: 2567. Nachricht--Gruppe:1-Team:5-Sendezeit:18:11:34 HBQ-In: 23.10 18:11:34,767| DQ-In: 23.10 18:11:36,437| C-In: 23.10 18:11:36,733|
5-client@lab23: 2568. Nachricht--Gruppe:1-Team:5-Sendezeit:18:11:34 HBQ-In: 23.10 18:11:34,768| DQ-In: 23.10 18:11:36,437| C-In: 23.10 18:11:36,734|
lab29-38-<0.2880.0>-T3: Msg #2569, C-Out: 23.10 18:11:36,270| HBQ-In: 23.10 18:11:36,277| DQ-In: 23.10 18:11:36,437| C-In: 23.10 18:11:36,734|
Fehlernachricht fuer Luecke von 2570 bis 2572 C-In: 23.10 18:11:36,735|
4-client@lab23: 2573. Nachricht--Gruppe:1-Team:5-Sendezeit:18:11:34 HBQ-In: 23.10 18:11:34,778| DQ-In: 23.10 18:11:36,639| C-In: 23.10 18:11:36,735|
3-client@lab23: 2574. Nachricht--Gruppe:1-Team:5-Sendezeit:18:11:34 HBQ-In: 23.10 18:11:34,778| DQ-In: 23.10 18:11:36,639| C-In: 23.10 18:11:36,736|
Fehlernachricht fuer Luecke von 2575 bis 2575 C-In: 23.10 18:11:36,736|
4-client@lab23: 2576. Nachricht--Gruppe:1-Team:5-Sendezeit:18:11:34 HBQ-In: 23.10 18:11:34,780| DQ-In: 23.10 18:11:36,676| C-In: 23.10 18:11:36,736|
3-client@lab23: 2577. Nachricht--Gruppe:1-Team:5-Sendezeit:18:11:34 HBQ-In: 23.10 18:11:34,780| DQ-In: 23.10 18:11:36,676| C-In: 23.10 18:11:36,737|
4-client@lab23: 2578. Nachricht--Gruppe:1-Team:5-Sendezeit:18:11:34 HBQ-In: 23.10 18:11:34,782| DQ-In: 23.10 18:11:36,676| C-In: 23.10 18:11:36,737|
3-client@lab23: 2579. Nachricht--Gruppe:1-Team:5-Sendezeit:18:11:34 HBQ-In: 23.10 18:11:34,782| DQ-In: 23.10 18:11:36,676| C-In: 23.10 18:11:36,738|
4-client@lab23: 2580. Nachricht--Gruppe:1-Team:5-Sendezeit:18:11:34 HBQ-In: 23.10 18:11:34,786| DQ-In: 23.10 18:11:36,676| C-In: 23.10 18:11:36,738|
3-client@lab23: 2581. Nachricht--Gruppe:1-Team:5-Sendezeit:18:11:34 HBQ-In: 23.10 18:11:34,786| DQ-In: 23.10 18:11:36,676| C-In: 23.10 18:11:36,741|
ReceiveMsgs done
lab29-100-<0.40.0>-T3: Msg #2716, C-Out: 23.10 18:11:40,120| gesendet
