lab29-66-<0.743.0>-T3 C-Start: 23.10 18:11:14,484|
lab29-66-<0.743.0>-T3: Msg #886, C-Out: 23.10 18:11:15,486| gesendet
lab29-66-<0.743.0>-T3: Msg #929, C-Out: 23.10 18:11:16,487| gesendet
lab29-66-<0.743.0>-T3: Msg #980, C-Out: 23.10 18:11:17,488| gesendet
lab29-66-<0.743.0>-T3: Msg #1034, C-Out: 23.10 18:11:18,494| gesendet
lab29-66-<0.743.0>-T3: Msg #1095, C-Out: 23.10 18:11:19,495| gesendet
Neues Intervall: 1 Sekunden
Msg #1188 um 23.10 18:11:19,495| vergessen zu senden
lab29-86-<0.129.0>-T3: Msg #1041, C-Out: 23.10 18:11:18,560| HBQ-In: 23.10 18:11:18,561| DQ-In: 23.10 18:11:18,561| C-In: 23.10 18:11:19,495|
lab29-76-<0.194.0>-T3: Msg #1042, C-Out: 23.10 18:11:18,578| HBQ-In: 23.10 18:11:18,579| DQ-In: 23.10 18:11:18,579| C-In: 23.10 18:11:19,497|
lab29-96-<0.84.0>-T3: Msg #1043, C-Out: 23.10 18:11:18,597| HBQ-In: 23.10 18:11:18,597| DQ-In: 23.10 18:11:18,597| C-In: 23.10 18:11:19,498|
lab29-65-<0.819.0>-T3: Msg #1044, C-Out: 23.10 18:11:18,692| HBQ-In: 23.10 18:11:18,692| DQ-In: 23.10 18:11:18,692| C-In: 23.10 18:11:19,498|
lab29-70-<0.519.0>-T3: Msg #1045, C-Out: 23.10 18:11:18,692| HBQ-In: 23.10 18:11:18,692| DQ-In: 23.10 18:11:18,692| C-In: 23.10 18:11:19,498|
Fehlernachricht fuer Luecke von 1046 bis 1046 C-In: 23.10 18:11:19,499|
lab29-60-<0.1170.0>-T3: Msg #1047, C-Out: 23.10 18:11:18,704| HBQ-In: 23.10 18:11:18,704| DQ-In: 23.10 18:11:18,759| C-In: 23.10 18:11:19,499|
lab29-85-<0.133.0>-T3: Msg #1048, C-Out: 23.10 18:11:18,704| HBQ-In: 23.10 18:11:18,704| DQ-In: 23.10 18:11:18,759| C-In: 23.10 18:11:19,499|
lab29-55-<0.1513.0>-T3: Msg #1049, C-Out: 23.10 18:11:18,706| HBQ-In: 23.10 18:11:18,706| DQ-In: 23.10 18:11:18,759| C-In: 23.10 18:11:19,500|
lab29-50-<0.1864.0>-T3: Msg #1050, C-Out: 23.10 18:11:18,706| HBQ-In: 23.10 18:11:18,706| DQ-In: 23.10 18:11:18,759| C-In: 23.10 18:11:19,500|
lab29-90-<0.107.0>-T3: Msg #1051, C-Out: 23.10 18:11:18,759| HBQ-In: 23.10 18:11:18,759| DQ-In: 23.10 18:11:18,759| C-In: 23.10 18:11:19,500|
lab29-80-<0.164.0>-T3: Msg #1052, C-Out: 23.10 18:11:18,759| HBQ-In: 23.10 18:11:18,759| DQ-In: 23.10 18:11:18,759| C-In: 23.10 18:11:19,501|
lab29-95-<0.87.0>-T3: Msg #1053, C-Out: 23.10 18:11:18,771| HBQ-In: 23.10 18:11:18,771| DQ-In: 23.10 18:11:18,771| C-In: 23.10 18:11:19,501|
Fehlernachricht fuer Luecke von 1054 bis 1054 C-In: 23.10 18:11:19,501|
lab29-75-<0.200.0>-T3: Msg #1055, C-Out: 23.10 18:11:18,774| HBQ-In: 23.10 18:11:18,775| DQ-In: 23.10 18:11:18,904| C-In: 23.10 18:11:19,502|
Fehlernachricht fuer Luecke von 1056 bis 1057 C-In: 23.10 18:11:19,502|
lab29-64-<0.899.0>-T3: Msg #1058, C-Out: 23.10 18:11:18,899| HBQ-In: 23.10 18:11:18,899| DQ-In: 23.10 18:11:18,904| C-In: 23.10 18:11:19,502|
lab29-69-<0.583.0>-T3: Msg #1059, C-Out: 23.10 18:11:18,899| HBQ-In: 23.10 18:11:18,899| DQ-In: 23.10 18:11:18,904| C-In: 23.10 18:11:19,503|
lab29-59-<0.1234.0>-T3: Msg #1060, C-Out: 23.10 18:11:18,899| HBQ-In: 23.10 18:11:18,899| DQ-In: 23.10 18:11:18,904| C-In: 23.10 18:11:19,503|
lab29-84-<0.140.0>-T3: Msg #1061, C-Out: 23.10 18:11:18,904| HBQ-In: 23.10 18:11:18,904| DQ-In: 23.10 18:11:18,904| C-In: 23.10 18:11:19,503|
lab29-54-<0.1586.0>-T3: Msg #1062, C-Out: 23.10 18:11:18,904| HBQ-In: 23.10 18:11:18,904| DQ-In: 23.10 18:11:18,904| C-In: 23.10 18:11:19,504|
lab29-89-<0.113.0>-T3: Msg #1063, C-Out: 23.10 18:11:18,904| HBQ-In: 23.10 18:11:18,904| DQ-In: 23.10 18:11:18,904| C-In: 23.10 18:11:19,504|
lab29-49-<0.1950.0>-T3: Msg #1064, C-Out: 23.10 18:11:18,908| HBQ-In: 23.10 18:11:18,908| DQ-In: 23.10 18:11:18,908| C-In: 23.10 18:11:19,504|
Fehlernachricht fuer Luecke von 1065 bis 1065 C-In: 23.10 18:11:19,505|
lab29-79-<0.173.0>-T3: Msg #1066, C-Out: 23.10 18:11:18,955| HBQ-In: 23.10 18:11:18,955| DQ-In: 23.10 18:11:19,102| C-In: 23.10 18:11:19,505|
lab29-74-<0.266.0>-T3: Msg #1067, C-Out: 23.10 18:11:18,963| HBQ-In: 23.10 18:11:18,963| DQ-In: 23.10 18:11:19,102| C-In: 23.10 18:11:19,505|
Fehlernachricht fuer Luecke von 1068 bis 1068 C-In: 23.10 18:11:19,506|
lab29-94-<0.91.0>-T3: Msg #1069, C-Out: 23.10 18:11:18,000| HBQ-In: 23.10 18:11:18,000| DQ-In: 23.10 18:11:19,112| C-In: 23.10 18:11:19,506|
Fehlernachricht fuer Luecke von 1070 bis 1070 C-In: 23.10 18:11:19,509|
lab29-68-<0.633.0>-T3: Msg #1071, C-Out: 23.10 18:11:19,096| HBQ-In: 23.10 18:11:19,097| DQ-In: 23.10 18:11:19,113| C-In: 23.10 18:11:19,511|
lab29-63-<0.983.0>-T3: Msg #1072, C-Out: 23.10 18:11:19,096| HBQ-In: 23.10 18:11:19,096| DQ-In: 23.10 18:11:19,113| C-In: 23.10 18:11:19,511|
lab29-58-<0.1296.0>-T3: Msg #1073, C-Out: 23.10 18:11:19,102| HBQ-In: 23.10 18:11:19,102| DQ-In: 23.10 18:11:19,113| C-In: 23.10 18:11:19,511|
lab29-53-<0.1650.0>-T3: Msg #1074, C-Out: 23.10 18:11:19,104| HBQ-In: 23.10 18:11:19,104| DQ-In: 23.10 18:11:19,113| C-In: 23.10 18:11:19,512|
lab29-48-<0.2035.0>-T3: Msg #1075, C-Out: 23.10 18:11:19,112| HBQ-In: 23.10 18:11:19,112| DQ-In: 23.10 18:11:19,113| C-In: 23.10 18:11:19,512|
lab29-93-<0.95.0>-T3: Msg #1076, C-Out: 23.10 18:11:19,112| HBQ-In: 23.10 18:11:19,112| DQ-In: 23.10 18:11:19,113| C-In: 23.10 18:11:19,513|
lab29-83-<0.147.0>-T3: Msg #1077, C-Out: 23.10 18:11:19,117| HBQ-In: 23.10 18:11:19,117| DQ-In: 23.10 18:11:19,117| C-In: 23.10 18:11:19,513|
lab29-78-<0.180.0>-T3: Msg #1078, C-Out: 23.10 18:11:19,120| HBQ-In: 23.10 18:11:19,120| DQ-In: 23.10 18:11:19,120| C-In: 23.10 18:11:19,513|
lab29-88-<0.118.0>-T3: Msg #1079, C-Out: 23.10 18:11:19,121| HBQ-In: 23.10 18:11:19,121| DQ-In: 23.10 18:11:19,121| C-In: 23.10 18:11:19,515|
lab29-73-<0.332.0>-T3: Msg #1080, C-Out: 23.10 18:11:19,122| HBQ-In: 23.10 18:11:19,122| DQ-In: 23.10 18:11:19,122| C-In: 23.10 18:11:19,516|
Fehlernachricht fuer Luecke von 1081 bis 1083 C-In: 23.10 18:11:19,516|
lab29-67-<0.708.0>-T3: Msg #1084, C-Out: 23.10 18:11:19,296| HBQ-In: 23.10 18:11:19,297| DQ-In: 23.10 18:11:19,316| C-In: 23.10 18:11:19,516|
lab29-62-<0.1043.0>-T3: Msg #1085, C-Out: 23.10 18:11:19,299| HBQ-In: 23.10 18:11:19,299| DQ-In: 23.10 18:11:19,316| C-In: 23.10 18:11:19,518|
lab29-57-<0.1365.0>-T3: Msg #1086, C-Out: 23.10 18:11:19,304| HBQ-In: 23.10 18:11:19,304| DQ-In: 23.10 18:11:19,316| C-In: 23.10 18:11:19,520|
lab29-52-<0.1713.0>-T3: Msg #1087, C-Out: 23.10 18:11:19,312| HBQ-In: 23.10 18:11:19,316| DQ-In: 23.10 18:11:19,316| C-In: 23.10 18:11:19,520|
lab29-47-<0.2127.0>-T3: Msg #1088, C-Out: 23.10 18:11:19,312| HBQ-In: 23.10 18:11:19,316| DQ-In: 23.10 18:11:19,316| C-In: 23.10 18:11:19,522|
lab29-87-<0.123.0>-T3: Msg #1089, C-Out: 23.10 18:11:19,312| HBQ-In: 23.10 18:11:19,314| DQ-In: 23.10 18:11:19,316| C-In: 23.10 18:11:19,523|
lab29-82-<0.153.0>-T3: Msg #1090, C-Out: 23.10 18:11:19,315| HBQ-In: 23.10 18:11:19,316| DQ-In: 23.10 18:11:19,316| C-In: 23.10 18:11:19,525|
lab29-72-<0.396.0>-T3: Msg #1091, C-Out: 23.10 18:11:19,325| HBQ-In: 23.10 18:11:19,326| DQ-In: 23.10 18:11:19,326| C-In: 23.10 18:11:19,525|
lab29-92-<0.99.0>-T3: Msg #1092, C-Out: 23.10 18:11:19,335| HBQ-In: 23.10 18:11:19,336| DQ-In: 23.10 18:11:19,336| C-In: 23.10 18:11:19,526|
lab29-77-<0.187.0>-T3: Msg #1093, C-Out: 23.10 18:11:19,378| HBQ-In: 23.10 18:11:19,378| DQ-In: 23.10 18:11:19,378| C-In: 23.10 18:11:19,528|
Fehlernachricht fuer Luecke von 1094 bis 1094 C-In: 23.10 18:11:19,533|
lab29-66-<0.743.0>-T3: Msg #1095, C-Out: 23.10 18:11:19,495| HBQ-In: 23.10 18:11:19,495| DQ-In: 23.10 18:11:19,512|******* C-In: 23.10 18:11:19,535|
ReceiveMsgs done
lab29-66-<0.743.0>-T3: Msg #1195, C-Out: 23.10 18:11:20,538| gesendet
lab29-66-<0.743.0>-T3: Msg #1270, C-Out: 23.10 18:11:21,539| gesendet
lab29-66-<0.743.0>-T3: Msg #1344, C-Out: 23.10 18:11:22,540| gesendet
lab29-66-<0.743.0>-T3: Msg #1420, C-Out: 23.10 18:11:23,542| gesendet
lab29-66-<0.743.0>-T3: Msg #1524, C-Out: 23.10 18:11:24,548| gesendet
Neues Intervall: 1.5 Sekunden
Msg #1609 um 23.10 18:11:24,549| vergessen zu senden
3-client@lab23: 1432. Nachricht--Gruppe:1-Team:5-Sendezeit:18:11:22 HBQ-In: 23.10 18:11:22,581| DQ-In: 23.10 18:11:23,572| C-In: 23.10 18:11:24,549|
1-client@lab23: 1433. Nachricht--Gruppe:1-Team:5-Sendezeit:18:11:22 HBQ-In: 23.10 18:11:22,581| DQ-In: 23.10 18:11:23,572| C-In: 23.10 18:11:24,549|
4-client@lab23: 1434. Nachricht--Gruppe:1-Team:5-Sendezeit:18:11:22 HBQ-In: 23.10 18:11:22,580| DQ-In: 23.10 18:11:23,572| C-In: 23.10 18:11:24,551|
2-client@lab23: 1435. Nachricht--Gruppe:1-Team:5-Sendezeit:18:11:22 HBQ-In: 23.10 18:11:22,581| DQ-In: 23.10 18:11:23,572| C-In: 23.10 18:11:24,551|
5-client@lab23: 1436. Nachricht--Gruppe:1-Team:5-Sendezeit:18:11:22 HBQ-In: 23.10 18:11:22,581| DQ-In: 23.10 18:11:23,572| C-In: 23.10 18:11:24,552|
4-client@lab23: 1437. Nachricht--Gruppe:1-Team:5-Sendezeit:18:11:22 HBQ-In: 23.10 18:11:22,583| DQ-In: 23.10 18:11:23,573| C-In: 23.10 18:11:24,552|
1-client@lab23: 1438. Nachricht--Gruppe:1-Team:5-Sendezeit:18:11:22 HBQ-In: 23.10 18:11:22,584| DQ-In: 23.10 18:11:23,573| C-In: 23.10 18:11:24,553|
2-client@lab23: 1439. Nachricht--Gruppe:1-Team:5-Sendezeit:18:11:22 HBQ-In: 23.10 18:11:22,584| DQ-In: 23.10 18:11:23,573| C-In: 23.10 18:11:24,553|
3-client@lab23: 1440. Nachricht--Gruppe:1-Team:5-Sendezeit:18:11:22 HBQ-In: 23.10 18:11:22,585| DQ-In: 23.10 18:11:23,573| C-In: 23.10 18:11:24,553|
5-client@lab23: 1441. Nachricht--Gruppe:1-Team:5-Sendezeit:18:11:22 HBQ-In: 23.10 18:11:22,584| DQ-In: 23.10 18:11:23,573| C-In: 23.10 18:11:24,554|
4-client@lab23: 1442. Nachricht--Gruppe:1-Team:5-Sendezeit:18:11:22 HBQ-In: 23.10 18:11:22,585| DQ-In: 23.10 18:11:23,573| C-In: 23.10 18:11:24,554|
Fehlernachricht fuer Luecke von 1443 bis 1445 C-In: 23.10 18:11:24,554|
3-client@lab23: 1446. Nachricht--Gruppe:1-Team:5-Sendezeit:18:11:22 HBQ-In: 23.10 18:11:22,586| DQ-In: 23.10 18:11:24,134| C-In: 23.10 18:11:24,555|
Fehlernachricht fuer Luecke von 1447 bis 1449 C-In: 23.10 18:11:24,555|
lab29-91-<0.103.0>-T3: Msg #1450, C-Out: 23.10 18:11:24,106| HBQ-In: 23.10 18:11:24,106| DQ-In: 23.10 18:11:24,136| C-In: 23.10 18:11:24,555|
lab29-71-<0.461.0>-T3: Msg #1451, C-Out: 23.10 18:11:23,615| HBQ-In: 23.10 18:11:23,615| DQ-In: 23.10 18:11:24,136| C-In: 23.10 18:11:24,555|
lab29-76-<0.194.0>-T3: Msg #1452, C-Out: 23.10 18:11:24,137| HBQ-In: 23.10 18:11:24,137| DQ-In: 23.10 18:11:24,137| C-In: 23.10 18:11:24,558|
Fehlernachricht fuer Luecke von 1453 bis 1455 C-In: 23.10 18:11:24,558|
lab29-70-<0.519.0>-T3: Msg #1456, C-Out: 23.10 18:11:23,721| HBQ-In: 23.10 18:11:23,721| DQ-In: 23.10 18:11:24,141| C-In: 23.10 18:11:24,559|
lab29-45-<0.2293.0>-T3: Msg #1457, C-Out: 23.10 18:11:23,721| HBQ-In: 23.10 18:11:23,721| DQ-In: 23.10 18:11:24,141| C-In: 23.10 18:11:24,563|
lab29-40-<0.2707.0>-T3: Msg #1458, C-Out: 23.10 18:11:23,725| HBQ-In: 23.10 18:11:23,725| DQ-In: 23.10 18:11:24,141| C-In: 23.10 18:11:24,563|
lab29-65-<0.819.0>-T3: Msg #1459, C-Out: 23.10 18:11:23,727| HBQ-In: 23.10 18:11:23,728| DQ-In: 23.10 18:11:24,141| C-In: 23.10 18:11:24,566|
lab29-35-<0.3134.0>-T3: Msg #1460, C-Out: 23.10 18:11:23,727| HBQ-In: 23.10 18:11:23,728| DQ-In: 23.10 18:11:24,141| C-In: 23.10 18:11:24,566|
lab29-30-<0.3559.0>-T3: Msg #1461, C-Out: 23.10 18:11:23,737| HBQ-In: 23.10 18:11:23,738| DQ-In: 23.10 18:11:24,141| C-In: 23.10 18:11:24,571|
lab29-25-<0.3973.0>-T3: Msg #1462, C-Out: 23.10 18:11:23,743| HBQ-In: 23.10 18:11:23,743| DQ-In: 23.10 18:11:24,141| C-In: 23.10 18:11:24,572|
lab29-60-<0.1170.0>-T3: Msg #1463, C-Out: 23.10 18:11:23,743| HBQ-In: 23.10 18:11:23,744| DQ-In: 23.10 18:11:24,141| C-In: 23.10 18:11:24,573|
lab29-55-<0.1513.0>-T3: Msg #1464, C-Out: 23.10 18:11:23,769| HBQ-In: 23.10 18:11:23,769| DQ-In: 23.10 18:11:24,141| C-In: 23.10 18:11:24,575|
Fehlernachricht fuer Luecke von 1465 bis 1465 C-In: 23.10 18:11:24,575|
lab29-50-<0.1864.0>-T3: Msg #1466, C-Out: 23.10 18:11:23,802| HBQ-In: 23.10 18:11:23,802| DQ-In: 23.10 18:11:24,340| C-In: 23.10 18:11:24,577|
lab29-90-<0.107.0>-T3: Msg #1467, C-Out: 23.10 18:11:24,308| HBQ-In: 23.10 18:11:24,308| DQ-In: 23.10 18:11:24,340| C-In: 23.10 18:11:24,578|
Fehlernachricht fuer Luecke von 1468 bis 1470 C-In: 23.10 18:11:24,578|
lab29-44-<0.2376.0>-T3: Msg #1471, C-Out: 23.10 18:11:23,919| HBQ-In: 23.10 18:11:23,919| DQ-In: 23.10 18:11:24,346| C-In: 23.10 18:11:24,578|
lab29-39-<0.2795.0>-T3: Msg #1472, C-Out: 23.10 18:11:23,931| HBQ-In: 23.10 18:11:23,932| DQ-In: 23.10 18:11:24,346| C-In: 23.10 18:11:24,579|
lab29-34-<0.3220.0>-T3: Msg #1473, C-Out: 23.10 18:11:23,931| HBQ-In: 23.10 18:11:23,932| DQ-In: 23.10 18:11:24,346| C-In: 23.10 18:11:24,579|
lab29-64-<0.899.0>-T3: Msg #1474, C-Out: 23.10 18:11:23,932| HBQ-In: 23.10 18:11:23,933| DQ-In: 23.10 18:11:24,346| C-In: 23.10 18:11:24,581|
Fehlernachricht fuer Luecke von 1475 bis 1475 C-In: 23.10 18:11:24,584|
lab29-69-<0.583.0>-T3: Msg #1476, C-Out: 23.10 18:11:23,934| HBQ-In: 23.10 18:11:23,935| DQ-In: 23.10 18:11:24,382| C-In: 23.10 18:11:24,584|
lab29-29-<0.3641.0>-T3: Msg #1477, C-Out: 23.10 18:11:23,938| HBQ-In: 23.10 18:11:23,940| DQ-In: 23.10 18:11:24,382| C-In: 23.10 18:11:24,585|
lab29-24-<0.4051.0>-T3: Msg #1478, C-Out: 23.10 18:11:23,940| HBQ-In: 23.10 18:11:23,940| DQ-In: 23.10 18:11:24,382| C-In: 23.10 18:11:24,585|
lab29-59-<0.1234.0>-T3: Msg #1479, C-Out: 23.10 18:11:23,945| HBQ-In: 23.10 18:11:23,945| DQ-In: 23.10 18:11:24,382| C-In: 23.10 18:11:24,587|
lab29-49-<0.1950.0>-T3: Msg #1480, C-Out: 23.10 18:11:23,958| HBQ-In: 23.10 18:11:23,959| DQ-In: 23.10 18:11:24,382| C-In: 23.10 18:11:24,588|
lab29-54-<0.1586.0>-T3: Msg #1481, C-Out: 23.10 18:11:23,965| HBQ-In: 23.10 18:11:23,965| DQ-In: 23.10 18:11:24,382| C-In: 23.10 18:11:24,590|
Fehlernachricht fuer Luecke von 1482 bis 1482 C-In: 23.10 18:11:24,590|
lab29-97-<0.81.0>-T3: Msg #1483, C-Out: 23.10 18:11:24,507| HBQ-In: 23.10 18:11:24,507| DQ-In: 23.10 18:11:24,540| C-In: 23.10 18:11:24,591|
lab29-74-<0.266.0>-T3: Msg #1484, C-Out: 23.10 18:11:24,510| HBQ-In: 23.10 18:11:24,510| DQ-In: 23.10 18:11:24,540| C-In: 23.10 18:11:24,591|
Fehlernachricht fuer Luecke von 1485 bis 1485 C-In: 23.10 18:11:24,592|
lab29-43-<0.2458.0>-T3: Msg #1486, C-Out: 23.10 18:11:24,126| HBQ-In: 23.10 18:11:24,126| DQ-In: 23.10 18:11:24,548| C-In: 23.10 18:11:24,592|
Fehlernachricht fuer Luecke von 1487 bis 1487 C-In: 23.10 18:11:24,592|
lab29-33-<0.3306.0>-T3: Msg #1488, C-Out: 23.10 18:11:24,132| HBQ-In: 23.10 18:11:24,133| DQ-In: 23.10 18:11:24,548| C-In: 23.10 18:11:24,593|
lab29-38-<0.2880.0>-T3: Msg #1489, C-Out: 23.10 18:11:24,134| HBQ-In: 23.10 18:11:24,134| DQ-In: 23.10 18:11:24,548| C-In: 23.10 18:11:24,593|
Fehlernachricht fuer Luecke von 1490 bis 1491 C-In: 23.10 18:11:24,593|
lab29-28-<0.3729.0>-T3: Msg #1492, C-Out: 23.10 18:11:24,136| HBQ-In: 23.10 18:11:24,136| DQ-In: 23.10 18:11:24,569| C-In: 23.10 18:11:24,594|
lab29-68-<0.633.0>-T3: Msg #1493, C-Out: 23.10 18:11:24,138| HBQ-In: 23.10 18:11:24,138| DQ-In: 23.10 18:11:24,569| C-In: 23.10 18:11:24,594|
lab29-23-<0.4130.0>-T3: Msg #1494, C-Out: 23.10 18:11:24,141| HBQ-In: 23.10 18:11:24,141| DQ-In: 23.10 18:11:24,569| C-In: 23.10 18:11:24,594|
lab29-53-<0.1650.0>-T3: Msg #1495, C-Out: 23.10 18:11:24,146| HBQ-In: 23.10 18:11:24,148| DQ-In: 23.10 18:11:24,569| C-In: 23.10 18:11:24,594|
lab29-63-<0.983.0>-T3: Msg #1496, C-Out: 23.10 18:11:24,152| HBQ-In: 23.10 18:11:24,152| DQ-In: 23.10 18:11:24,569| C-In: 23.10 18:11:24,595|
lab29-58-<0.1296.0>-T3: Msg #1497, C-Out: 23.10 18:11:24,155| HBQ-In: 23.10 18:11:24,155| DQ-In: 23.10 18:11:24,569| C-In: 23.10 18:11:24,595|
lab29-48-<0.2035.0>-T3: Msg #1498, C-Out: 23.10 18:11:24,157| HBQ-In: 23.10 18:11:24,157| DQ-In: 23.10 18:11:24,569| C-In: 23.10 18:11:24,595|
ReceiveMsgs done
lab29-66-<0.743.0>-T3: Msg #1621, C-Out: 23.10 18:11:26,097| gesendet
lab29-66-<0.743.0>-T3: Msg #1751, C-Out: 23.10 18:11:27,600| gesendet
lab29-66-<0.743.0>-T3: Msg #1924, C-Out: 23.10 18:11:29,102| gesendet
lab29-66-<0.743.0>-T3: Msg #2065, C-Out: 23.10 18:11:30,604| gesendet
lab29-66-<0.743.0>-T3: Msg #2201, C-Out: 23.10 18:11:32,108| gesendet
Neues Intervall: 2.25 Sekunden
Msg #2350 um 23.10 18:11:32,109| vergessen zu senden
Fehlernachricht fuer Luecke von 2142 bis 2143 C-In: 23.10 18:11:32,112|
lab29-24-<0.4051.0>-T3: Msg #2144, C-Out: 23.10 18:11:30,977| HBQ-In: 23.10 18:11:30,977| DQ-In: 23.10 18:11:31,171| C-In: 23.10 18:11:32,117|
lab29-34-<0.3220.0>-T3: Msg #2145, C-Out: 23.10 18:11:30,983| HBQ-In: 23.10 18:11:30,983| DQ-In: 23.10 18:11:31,171| C-In: 23.10 18:11:32,120|
Fehlernachricht fuer Luecke von 2146 bis 2147 C-In: 23.10 18:11:32,123|
lab29-29-<0.3641.0>-T3: Msg #2148, C-Out: 23.10 18:11:30,997| HBQ-In: 23.10 18:11:30,998| DQ-In: 23.10 18:11:31,192| C-In: 23.10 18:11:32,123|
lab29-19-<0.4442.0>-T3: Msg #2149, C-Out: 23.10 18:11:31,017| HBQ-In: 23.10 18:11:31,018| DQ-In: 23.10 18:11:31,192| C-In: 23.10 18:11:32,123|
lab29-14-<0.4846.0>-T3: Msg #2150, C-Out: 23.10 18:11:31,017| HBQ-In: 23.10 18:11:31,017| DQ-In: 23.10 18:11:31,192| C-In: 23.10 18:11:32,126|
Fehlernachricht fuer Luecke von 2151 bis 2158 C-In: 23.10 18:11:32,126|
lab29-8-<0.5273.0>-T3: Msg #2159, C-Out: 23.10 18:11:31,170| HBQ-In: 23.10 18:11:31,171| DQ-In: 23.10 18:11:31,212| C-In: 23.10 18:11:32,127|
Fehlernachricht fuer Luecke von 2160 bis 2160 C-In: 23.10 18:11:32,129|
lab29-3-<0.5663.0>-T3: Msg #2161, C-Out: 23.10 18:11:31,170| HBQ-In: 23.10 18:11:31,171| DQ-In: 23.10 18:11:31,253| C-In: 23.10 18:11:32,129|
lab29-33-<0.3306.0>-T3: Msg #2162, C-Out: 23.10 18:11:31,192| HBQ-In: 23.10 18:11:31,192| DQ-In: 23.10 18:11:31,253| C-In: 23.10 18:11:32,130|
lab29-23-<0.4130.0>-T3: Msg #2163, C-Out: 23.10 18:11:31,192| HBQ-In: 23.10 18:11:31,192| DQ-In: 23.10 18:11:31,253| C-In: 23.10 18:11:32,130|
Fehlernachricht fuer Luecke von 2164 bis 2164 C-In: 23.10 18:11:32,130|
lab29-28-<0.3729.0>-T3: Msg #2165, C-Out: 23.10 18:11:31,203| HBQ-In: 23.10 18:11:31,203| DQ-In: 23.10 18:11:31,382| C-In: 23.10 18:11:32,131|
lab29-18-<0.4519.0>-T3: Msg #2166, C-Out: 23.10 18:11:31,212| HBQ-In: 23.10 18:11:31,212| DQ-In: 23.10 18:11:31,382| C-In: 23.10 18:11:32,131|
Fehlernachricht fuer Luecke von 2167 bis 2169 C-In: 23.10 18:11:32,131|
lab29-13-<0.4921.0>-T3: Msg #2170, C-Out: 23.10 18:11:31,253| HBQ-In: 23.10 18:11:31,253| DQ-In: 23.10 18:11:31,411| C-In: 23.10 18:11:32,132|
Fehlernachricht fuer Luecke von 2171 bis 2174 C-In: 23.10 18:11:32,133|
lab29-7-<0.5358.0>-T3: Msg #2175, C-Out: 23.10 18:11:31,368| HBQ-In: 23.10 18:11:31,368| DQ-In: 23.10 18:11:31,432| C-In: 23.10 18:11:32,133|
lab29-2-<0.5741.0>-T3: Msg #2176, C-Out: 23.10 18:11:31,377| HBQ-In: 23.10 18:11:31,378| DQ-In: 23.10 18:11:31,432| C-In: 23.10 18:11:32,133|
Fehlernachricht fuer Luecke von 2177 bis 2177 C-In: 23.10 18:11:32,134|
lab29-32-<0.3394.0>-T3: Msg #2178, C-Out: 23.10 18:11:31,382| HBQ-In: 23.10 18:11:31,382| DQ-In: 23.10 18:11:31,572| C-In: 23.10 18:11:32,134|
Fehlernachricht fuer Luecke von 2179 bis 2180 C-In: 23.10 18:11:32,134|
lab29-27-<0.3815.0>-T3: Msg #2181, C-Out: 23.10 18:11:31,404| HBQ-In: 23.10 18:11:31,404| DQ-In: 23.10 18:11:31,582| C-In: 23.10 18:11:32,135|
Fehlernachricht fuer Luecke von 2182 bis 2182 C-In: 23.10 18:11:32,135|
lab29-22-<0.4210.0>-T3: Msg #2183, C-Out: 23.10 18:11:31,410| HBQ-In: 23.10 18:11:31,411| DQ-In: 23.10 18:11:31,587| C-In: 23.10 18:11:32,138|
lab29-17-<0.4601.0>-T3: Msg #2184, C-Out: 23.10 18:11:31,432| HBQ-In: 23.10 18:11:31,432| DQ-In: 23.10 18:11:31,587| C-In: 23.10 18:11:32,138|
lab29-12-<0.4991.0>-T3: Msg #2185, C-Out: 23.10 18:11:31,432| HBQ-In: 23.10 18:11:31,432| DQ-In: 23.10 18:11:31,587| C-In: 23.10 18:11:32,140|
Fehlernachricht fuer Luecke von 2186 bis 2195 C-In: 23.10 18:11:32,140|
lab29-6-<0.5440.0>-T3: Msg #2196, C-Out: 23.10 18:11:31,572| HBQ-In: 23.10 18:11:31,572| DQ-In: 23.10 18:11:31,619| C-In: 23.10 18:11:32,141|
lab29-1-<0.5818.0>-T3: Msg #2197, C-Out: 23.10 18:11:31,582| HBQ-In: 23.10 18:11:31,582| DQ-In: 23.10 18:11:31,619| C-In: 23.10 18:11:32,143|
lab29-31-<0.3480.0>-T3: Msg #2198, C-Out: 23.10 18:11:31,587| HBQ-In: 23.10 18:11:31,587| DQ-In: 23.10 18:11:31,619| C-In: 23.10 18:11:32,144|
Fehlernachricht fuer Luecke von 2199 bis 2199 C-In: 23.10 18:11:32,144|
lab29-26-<0.3898.0>-T3: Msg #2200, C-Out: 23.10 18:11:31,598| HBQ-In: 23.10 18:11:31,598| DQ-In: 23.10 18:11:31,805| C-In: 23.10 18:11:32,146|
Fehlernachricht fuer Luecke von 2201 bis 2201******* C-In: 23.10 18:11:32,146|
lab29-11-<0.5067.0>-T3: Msg #2202, C-Out: 23.10 18:11:31,618| HBQ-In: 23.10 18:11:31,619| DQ-In: 23.10 18:11:31,806| C-In: 23.10 18:11:32,147|
lab29-21-<0.4291.0>-T3: Msg #2203, C-Out: 23.10 18:11:31,618| HBQ-In: 23.10 18:11:31,618| DQ-In: 23.10 18:11:31,806| C-In: 23.10 18:11:32,148|
Fehlernachricht fuer Luecke von 2204 bis 2204 C-In: 23.10 18:11:32,148|
lab29-16-<0.4681.0>-T3: Msg #2205, C-Out: 23.10 18:11:31,628| HBQ-In: 23.10 18:11:31,628| DQ-In: 23.10 18:11:31,812| C-In: 23.10 18:11:32,148|
Fehlernachricht fuer Luecke von 2206 bis 2208 C-In: 23.10 18:11:32,148|
5-client@lab23: 2209. Nachricht--Gruppe:1-Team:5-Sendezeit:18:11:30 HBQ-In: 23.10 18:11:30,696| DQ-In: 23.10 18:11:31,829| C-In: 23.10 18:11:32,149|
2-client@lab23: 2210. Nachricht--Gruppe:1-Team:5-Sendezeit:18:11:30 HBQ-In: 23.10 18:11:30,696| DQ-In: 23.10 18:11:31,829| C-In: 23.10 18:11:32,149|
4-client@lab23: 2211. Nachricht--Gruppe:1-Team:5-Sendezeit:18:11:30 HBQ-In: 23.10 18:11:30,696| DQ-In: 23.10 18:11:31,830| C-In: 23.10 18:11:32,150|
1-client@lab23: 2212. Nachricht--Gruppe:1-Team:5-Sendezeit:18:11:30 HBQ-In: 23.10 18:11:30,696| DQ-In: 23.10 18:11:31,830| C-In: 23.10 18:11:32,152|
4-client@lab23: 2213. Nachricht--Gruppe:1-Team:5-Sendezeit:18:11:30 HBQ-In: 23.10 18:11:30,702| DQ-In: 23.10 18:11:31,830| C-In: 23.10 18:11:32,152|
5-client@lab23: 2214. Nachricht--Gruppe:1-Team:5-Sendezeit:18:11:30 HBQ-In: 23.10 18:11:30,702| DQ-In: 23.10 18:11:31,830| C-In: 23.10 18:11:32,154|
2-client@lab23: 2215. Nachricht--Gruppe:1-Team:5-Sendezeit:18:11:30 HBQ-In: 23.10 18:11:30,702| DQ-In: 23.10 18:11:31,830| C-In: 23.10 18:11:32,155|
3-client@lab23: 2216. Nachricht--Gruppe:1-Team:5-Sendezeit:18:11:30 HBQ-In: 23.10 18:11:30,702| DQ-In: 23.10 18:11:31,830| C-In: 23.10 18:11:32,155|
1-client@lab23: 2217. Nachricht--Gruppe:1-Team:5-Sendezeit:18:11:30 HBQ-In: 23.10 18:11:30,702| DQ-In: 23.10 18:11:31,830| C-In: 23.10 18:11:32,157|
ReceiveMsgs done
lab29-66-<0.743.0>-T3: Msg #2353, C-Out: 23.10 18:11:34,409| gesendet
lab29-66-<0.743.0>-T3: Msg #2528, C-Out: 23.10 18:11:36,662| gesendet
lab29-66-<0.743.0>-T3: Msg #2710, C-Out: 23.10 18:11:38,915| gesendet
