lab29-79-<0.173.0>-T3 C-Start: 23.10 18:11:11,865|
lab29-79-<0.173.0>-T3: Msg #768, C-Out: 23.10 18:11:12,874| gesendet
lab29-79-<0.173.0>-T3: Msg #800, C-Out: 23.10 18:11:13,880| gesendet
lab29-79-<0.173.0>-T3: Msg #836, C-Out: 23.10 18:11:14,881| gesendet
lab29-79-<0.173.0>-T3: Msg #900, C-Out: 23.10 18:11:15,882| gesendet
lab29-79-<0.173.0>-T3: Msg #945, C-Out: 23.10 18:11:16,883| gesendet
Neues Intervall: 1 Sekunden
Msg #1001 um 23.10 18:11:16,883| vergessen zu senden
2-client@lab23: 870. Nachricht--Gruppe:1-Team:5-Sendezeit:18:11:14 HBQ-In: 23.10 18:11:14,466| DQ-In: 23.10 18:11:15,436| C-In: 23.10 18:11:16,884|
3-client@lab23: 871. Nachricht--Gruppe:1-Team:5-Sendezeit:18:11:14 HBQ-In: 23.10 18:11:14,466| DQ-In: 23.10 18:11:15,436| C-In: 23.10 18:11:16,884|
1-client@lab23: 872. Nachricht--Gruppe:1-Team:5-Sendezeit:18:11:14 HBQ-In: 23.10 18:11:14,466| DQ-In: 23.10 18:11:15,436| C-In: 23.10 18:11:16,884|
4-client@lab23: 873. Nachricht--Gruppe:1-Team:5-Sendezeit:18:11:14 HBQ-In: 23.10 18:11:14,467| DQ-In: 23.10 18:11:15,436| C-In: 23.10 18:11:16,885|
5-client@lab23: 874. Nachricht--Gruppe:1-Team:5-Sendezeit:18:11:14 HBQ-In: 23.10 18:11:14,467| DQ-In: 23.10 18:11:15,436| C-In: 23.10 18:11:16,885|
2-client@lab23: 875. Nachricht--Gruppe:1-Team:5-Sendezeit:18:11:14 HBQ-In: 23.10 18:11:14,468| DQ-In: 23.10 18:11:15,436| C-In: 23.10 18:11:16,886|
Fehlernachricht fuer Luecke von 876 bis 881 C-In: 23.10 18:11:16,888|
lab29-86-<0.129.0>-T3: Msg #882, C-Out: 23.10 18:11:15,472| HBQ-In: 23.10 18:11:15,472| DQ-In: 23.10 18:11:16,085| C-In: 23.10 18:11:16,890|
lab29-81-<0.159.0>-T3: Msg #883, C-Out: 23.10 18:11:15,474| HBQ-In: 23.10 18:11:15,474| DQ-In: 23.10 18:11:16,085| C-In: 23.10 18:11:16,892|
lab29-76-<0.194.0>-T3: Msg #884, C-Out: 23.10 18:11:15,482| HBQ-In: 23.10 18:11:15,482| DQ-In: 23.10 18:11:16,085| C-In: 23.10 18:11:16,892|
lab29-71-<0.461.0>-T3: Msg #885, C-Out: 23.10 18:11:15,485| HBQ-In: 23.10 18:11:15,486| DQ-In: 23.10 18:11:16,085| C-In: 23.10 18:11:16,892|
lab29-66-<0.743.0>-T3: Msg #886, C-Out: 23.10 18:11:15,486| HBQ-In: 23.10 18:11:15,486| DQ-In: 23.10 18:11:16,085| C-In: 23.10 18:11:16,893|
lab29-91-<0.103.0>-T3: Msg #887, C-Out: 23.10 18:11:15,547| HBQ-In: 23.10 18:11:15,547| DQ-In: 23.10 18:11:16,085| C-In: 23.10 18:11:16,893|
lab29-96-<0.84.0>-T3: Msg #888, C-Out: 23.10 18:11:15,591| HBQ-In: 23.10 18:11:15,591| DQ-In: 23.10 18:11:16,085| C-In: 23.10 18:11:16,893|
Fehlernachricht fuer Luecke von 889 bis 889 C-In: 23.10 18:11:16,894|
lab29-85-<0.133.0>-T3: Msg #890, C-Out: 23.10 18:11:15,673| HBQ-In: 23.10 18:11:15,673| DQ-In: 23.10 18:11:16,286| C-In: 23.10 18:11:16,894|
lab29-80-<0.164.0>-T3: Msg #891, C-Out: 23.10 18:11:15,678| HBQ-In: 23.10 18:11:15,678| DQ-In: 23.10 18:11:16,286| C-In: 23.10 18:11:16,896|
lab29-75-<0.200.0>-T3: Msg #892, C-Out: 23.10 18:11:15,686| HBQ-In: 23.10 18:11:15,687| DQ-In: 23.10 18:11:16,286| C-In: 23.10 18:11:16,897|
lab29-70-<0.519.0>-T3: Msg #893, C-Out: 23.10 18:11:15,686| HBQ-In: 23.10 18:11:15,687| DQ-In: 23.10 18:11:16,286| C-In: 23.10 18:11:16,897|
lab29-65-<0.819.0>-T3: Msg #894, C-Out: 23.10 18:11:15,687| HBQ-In: 23.10 18:11:15,687| DQ-In: 23.10 18:11:16,286| C-In: 23.10 18:11:16,897|
lab29-90-<0.107.0>-T3: Msg #895, C-Out: 23.10 18:11:15,754| HBQ-In: 23.10 18:11:15,754| DQ-In: 23.10 18:11:16,286| C-In: 23.10 18:11:16,897|
lab29-100-<0.40.0>-T3: Msg #896, C-Out: 23.10 18:11:15,766| HBQ-In: 23.10 18:11:15,766| DQ-In: 23.10 18:11:16,286| C-In: 23.10 18:11:16,898|
lab29-95-<0.87.0>-T3: Msg #897, C-Out: 23.10 18:11:15,766| HBQ-In: 23.10 18:11:15,766| DQ-In: 23.10 18:11:16,286| C-In: 23.10 18:11:16,898|
Fehlernachricht fuer Luecke von 898 bis 898 C-In: 23.10 18:11:16,898|
lab29-84-<0.140.0>-T3: Msg #899, C-Out: 23.10 18:11:15,871| HBQ-In: 23.10 18:11:15,871| DQ-In: 23.10 18:11:16,487| C-In: 23.10 18:11:16,899|
lab29-79-<0.173.0>-T3: Msg #900, C-Out: 23.10 18:11:15,882| HBQ-In: 23.10 18:11:15,882| DQ-In: 23.10 18:11:16,487|******* C-In: 23.10 18:11:16,899|
lab29-74-<0.266.0>-T3: Msg #901, C-Out: 23.10 18:11:15,882| HBQ-In: 23.10 18:11:15,882| DQ-In: 23.10 18:11:16,487| C-In: 23.10 18:11:16,899|
lab29-69-<0.583.0>-T3: Msg #902, C-Out: 23.10 18:11:15,887| HBQ-In: 23.10 18:11:15,888| DQ-In: 23.10 18:11:16,487| C-In: 23.10 18:11:16,900|
lab29-64-<0.899.0>-T3: Msg #903, C-Out: 23.10 18:11:15,889| HBQ-In: 23.10 18:11:15,891| DQ-In: 23.10 18:11:16,487| C-In: 23.10 18:11:16,902|
lab29-89-<0.113.0>-T3: Msg #904, C-Out: 23.10 18:11:15,898| HBQ-In: 23.10 18:11:15,899| DQ-In: 23.10 18:11:16,487| C-In: 23.10 18:11:16,903|
lab29-99-<0.49.0>-T3: Msg #905, C-Out: 23.10 18:11:15,940| HBQ-In: 23.10 18:11:15,940| DQ-In: 23.10 18:11:16,487| C-In: 23.10 18:11:16,903|
lab29-94-<0.91.0>-T3: Msg #906, C-Out: 23.10 18:11:15,994| HBQ-In: 23.10 18:11:15,994| DQ-In: 23.10 18:11:16,487| C-In: 23.10 18:11:16,905|
Fehlernachricht fuer Luecke von 907 bis 907 C-In: 23.10 18:11:16,906|
lab29-83-<0.147.0>-T3: Msg #908, C-Out: 23.10 18:11:16,078| HBQ-In: 23.10 18:11:16,079| DQ-In: 23.10 18:11:16,688| C-In: 23.10 18:11:16,908|
lab29-78-<0.180.0>-T3: Msg #909, C-Out: 23.10 18:11:16,080| HBQ-In: 23.10 18:11:16,082| DQ-In: 23.10 18:11:16,688| C-In: 23.10 18:11:16,911|
lab29-73-<0.332.0>-T3: Msg #910, C-Out: 23.10 18:11:16,085| HBQ-In: 23.10 18:11:16,085| DQ-In: 23.10 18:11:16,688| C-In: 23.10 18:11:16,913|
lab29-68-<0.633.0>-T3: Msg #911, C-Out: 23.10 18:11:16,091| HBQ-In: 23.10 18:11:16,091| DQ-In: 23.10 18:11:16,688| C-In: 23.10 18:11:16,916|
lab29-63-<0.983.0>-T3: Msg #912, C-Out: 23.10 18:11:16,092| HBQ-In: 23.10 18:11:16,092| DQ-In: 23.10 18:11:16,688| C-In: 23.10 18:11:16,918|
lab29-93-<0.95.0>-T3: Msg #913, C-Out: 23.10 18:11:16,105| HBQ-In: 23.10 18:11:16,106| DQ-In: 23.10 18:11:16,688| C-In: 23.10 18:11:16,920|
lab29-88-<0.118.0>-T3: Msg #914, C-Out: 23.10 18:11:16,118| HBQ-In: 23.10 18:11:16,118| DQ-In: 23.10 18:11:16,688| C-In: 23.10 18:11:16,922|
lab29-98-<0.78.0>-T3: Msg #915, C-Out: 23.10 18:11:16,156| HBQ-In: 23.10 18:11:16,156| DQ-In: 23.10 18:11:16,688| C-In: 23.10 18:11:16,925|
Fehlernachricht fuer Luecke von 916 bis 916 C-In: 23.10 18:11:16,927|
lab29-82-<0.153.0>-T3: Msg #917, C-Out: 23.10 18:11:16,282| HBQ-In: 23.10 18:11:16,282| DQ-In: 23.10 18:11:16,883| C-In: 23.10 18:11:16,929|
lab29-72-<0.396.0>-T3: Msg #918, C-Out: 23.10 18:11:16,286| HBQ-In: 23.10 18:11:16,286| DQ-In: 23.10 18:11:16,883| C-In: 23.10 18:11:16,932|
lab29-77-<0.187.0>-T3: Msg #919, C-Out: 23.10 18:11:16,286| HBQ-In: 23.10 18:11:16,286| DQ-In: 23.10 18:11:16,883| C-In: 23.10 18:11:16,934|
lab29-67-<0.708.0>-T3: Msg #920, C-Out: 23.10 18:11:16,287| HBQ-In: 23.10 18:11:16,289| DQ-In: 23.10 18:11:16,883| C-In: 23.10 18:11:16,938|
lab29-62-<0.1043.0>-T3: Msg #921, C-Out: 23.10 18:11:16,292| HBQ-In: 23.10 18:11:16,292| DQ-In: 23.10 18:11:16,883| C-In: 23.10 18:11:16,942|
lab29-87-<0.123.0>-T3: Msg #922, C-Out: 23.10 18:11:16,307| HBQ-In: 23.10 18:11:16,307| DQ-In: 23.10 18:11:16,883| C-In: 23.10 18:11:16,945|
lab29-92-<0.99.0>-T3: Msg #923, C-Out: 23.10 18:11:16,325| HBQ-In: 23.10 18:11:16,326| DQ-In: 23.10 18:11:16,883| C-In: 23.10 18:11:16,948|
lab29-97-<0.81.0>-T3: Msg #924, C-Out: 23.10 18:11:16,437| HBQ-In: 23.10 18:11:16,437| DQ-In: 23.10 18:11:16,883| C-In: 23.10 18:11:16,950|
ReceiveMsgs done
lab29-79-<0.173.0>-T3: Msg #1009, C-Out: 23.10 18:11:17,954| gesendet
lab29-79-<0.173.0>-T3: Msg #1066, C-Out: 23.10 18:11:18,955| gesendet
lab29-79-<0.173.0>-T3: Msg #1156, C-Out: 23.10 18:11:19,958| gesendet
lab29-79-<0.173.0>-T3: Msg #1226, C-Out: 23.10 18:11:20,960| gesendet
lab29-79-<0.173.0>-T3: Msg #1303, C-Out: 23.10 18:11:21,961| gesendet
Neues Intervall: 1.5 Sekunden
Msg #1376 um 23.10 18:11:21,961| vergessen zu senden
lab29-75-<0.200.0>-T3: Msg #1213, C-Out: 23.10 18:11:20,783| HBQ-In: 23.10 18:11:20,783| DQ-In: 23.10 18:11:21,322| C-In: 23.10 18:11:21,963|
lab29-90-<0.107.0>-T3: Msg #1214, C-Out: 23.10 18:11:21,301| HBQ-In: 23.10 18:11:21,302| DQ-In: 23.10 18:11:21,322| C-In: 23.10 18:11:21,964|
Fehlernachricht fuer Luecke von 1215 bis 1215 C-In: 23.10 18:11:21,964|
lab29-59-<0.1234.0>-T3: Msg #1216, C-Out: 23.10 18:11:20,902| HBQ-In: 23.10 18:11:20,902| DQ-In: 23.10 18:11:21,325| C-In: 23.10 18:11:21,966|
lab29-84-<0.140.0>-T3: Msg #1217, C-Out: 23.10 18:11:20,906| HBQ-In: 23.10 18:11:20,906| DQ-In: 23.10 18:11:21,325| C-In: 23.10 18:11:21,967|
lab29-54-<0.1586.0>-T3: Msg #1218, C-Out: 23.10 18:11:20,906| HBQ-In: 23.10 18:11:20,906| DQ-In: 23.10 18:11:21,325| C-In: 23.10 18:11:21,969|
Fehlernachricht fuer Luecke von 1219 bis 1219 C-In: 23.10 18:11:21,970|
lab29-49-<0.1950.0>-T3: Msg #1220, C-Out: 23.10 18:11:20,910| HBQ-In: 23.10 18:11:20,910| DQ-In: 23.10 18:11:21,346| C-In: 23.10 18:11:21,972|
lab29-44-<0.2376.0>-T3: Msg #1221, C-Out: 23.10 18:11:20,915| HBQ-In: 23.10 18:11:20,915| DQ-In: 23.10 18:11:21,346| C-In: 23.10 18:11:21,975|
lab29-39-<0.2795.0>-T3: Msg #1222, C-Out: 23.10 18:11:20,921| HBQ-In: 23.10 18:11:20,923| DQ-In: 23.10 18:11:21,346| C-In: 23.10 18:11:21,979|
lab29-64-<0.899.0>-T3: Msg #1223, C-Out: 23.10 18:11:20,927| HBQ-In: 23.10 18:11:20,928| DQ-In: 23.10 18:11:21,346| C-In: 23.10 18:11:21,981|
lab29-69-<0.583.0>-T3: Msg #1224, C-Out: 23.10 18:11:20,931| HBQ-In: 23.10 18:11:20,931| DQ-In: 23.10 18:11:21,346| C-In: 23.10 18:11:21,987|
lab29-89-<0.113.0>-T3: Msg #1225, C-Out: 23.10 18:11:21,431| HBQ-In: 23.10 18:11:21,431| DQ-In: 23.10 18:11:21,431| C-In: 23.10 18:11:21,989|
lab29-79-<0.173.0>-T3: Msg #1226, C-Out: 23.10 18:11:20,960| HBQ-In: 23.10 18:11:20,960| DQ-In: 23.10 18:11:21,431|******* C-In: 23.10 18:11:21,991|
lab29-74-<0.266.0>-T3: Msg #1227, C-Out: 23.10 18:11:20,967| HBQ-In: 23.10 18:11:20,968| DQ-In: 23.10 18:11:21,431| C-In: 23.10 18:11:21,992|
lab29-97-<0.81.0>-T3: Msg #1228, C-Out: 23.10 18:11:21,500| HBQ-In: 23.10 18:11:21,501| DQ-In: 23.10 18:11:21,501| C-In: 23.10 18:11:21,994|
Fehlernachricht fuer Luecke von 1229 bis 1229 C-In: 23.10 18:11:21,994|
lab29-58-<0.1296.0>-T3: Msg #1230, C-Out: 23.10 18:11:21,104| HBQ-In: 23.10 18:11:21,104| DQ-In: 23.10 18:11:21,527| C-In: 23.10 18:11:21,994|
lab29-53-<0.1650.0>-T3: Msg #1231, C-Out: 23.10 18:11:21,107| HBQ-In: 23.10 18:11:21,107| DQ-In: 23.10 18:11:21,527| C-In: 23.10 18:11:21,995|
lab29-48-<0.2035.0>-T3: Msg #1232, C-Out: 23.10 18:11:21,119| HBQ-In: 23.10 18:11:21,121| DQ-In: 23.10 18:11:21,527| C-In: 23.10 18:11:21,995|
lab29-43-<0.2458.0>-T3: Msg #1233, C-Out: 23.10 18:11:21,119| HBQ-In: 23.10 18:11:21,121| DQ-In: 23.10 18:11:21,527| C-In: 23.10 18:11:21,996|
lab29-83-<0.147.0>-T3: Msg #1234, C-Out: 23.10 18:11:21,120| HBQ-In: 23.10 18:11:21,121| DQ-In: 23.10 18:11:21,527| C-In: 23.10 18:11:21,996|
lab29-78-<0.180.0>-T3: Msg #1235, C-Out: 23.10 18:11:21,123| HBQ-In: 23.10 18:11:21,125| DQ-In: 23.10 18:11:21,527| C-In: 23.10 18:11:21,996|
lab29-38-<0.2880.0>-T3: Msg #1236, C-Out: 23.10 18:11:21,128| HBQ-In: 23.10 18:11:21,130| DQ-In: 23.10 18:11:21,527| C-In: 23.10 18:11:21,997|
Fehlernachricht fuer Luecke von 1237 bis 1237 C-In: 23.10 18:11:21,999|
lab29-73-<0.332.0>-T3: Msg #1238, C-Out: 23.10 18:11:21,128| HBQ-In: 23.10 18:11:21,130| DQ-In: 23.10 18:11:21,710| C-In: 23.10 18:11:21,999|
lab29-96-<0.84.0>-T3: Msg #1239, C-Out: 23.10 18:11:21,628| HBQ-In: 23.10 18:11:21,630| DQ-In: 23.10 18:11:21,710| C-In: 23.10 18:11:21,999|
lab29-68-<0.633.0>-T3: Msg #1240, C-Out: 23.10 18:11:21,135| HBQ-In: 23.10 18:11:21,135| DQ-In: 23.10 18:11:21,710| C-In: 23.10 18:11:21,000|
lab29-63-<0.983.0>-T3: Msg #1241, C-Out: 23.10 18:11:21,147| HBQ-In: 23.10 18:11:21,147| DQ-In: 23.10 18:11:21,710| C-In: 23.10 18:11:21,000|
lab29-88-<0.118.0>-T3: Msg #1242, C-Out: 23.10 18:11:21,659| HBQ-In: 23.10 18:11:21,660| DQ-In: 23.10 18:11:21,710| C-In: 23.10 18:11:21,000|
Fehlernachricht fuer Luecke von 1243 bis 1243 C-In: 23.10 18:11:21,001|
lab29-57-<0.1365.0>-T3: Msg #1244, C-Out: 23.10 18:11:21,306| HBQ-In: 23.10 18:11:21,307| DQ-In: 23.10 18:11:21,725| C-In: 23.10 18:11:21,001|
Fehlernachricht fuer Luecke von 1245 bis 1245 C-In: 23.10 18:11:21,001|
lab29-82-<0.153.0>-T3: Msg #1246, C-Out: 23.10 18:11:21,320| HBQ-In: 23.10 18:11:21,322| DQ-In: 23.10 18:11:21,725| C-In: 23.10 18:11:21,002|
lab29-52-<0.1713.0>-T3: Msg #1247, C-Out: 23.10 18:11:21,320| HBQ-In: 23.10 18:11:21,321| DQ-In: 23.10 18:11:21,725| C-In: 23.10 18:11:21,002|
lab29-47-<0.2127.0>-T3: Msg #1248, C-Out: 23.10 18:11:21,320| HBQ-In: 23.10 18:11:21,321| DQ-In: 23.10 18:11:21,725| C-In: 23.10 18:11:21,003|
lab29-42-<0.2545.0>-T3: Msg #1249, C-Out: 23.10 18:11:21,325| HBQ-In: 23.10 18:11:21,325| DQ-In: 23.10 18:11:21,725| C-In: 23.10 18:11:21,003|
lab29-37-<0.2967.0>-T3: Msg #1250, C-Out: 23.10 18:11:21,325| HBQ-In: 23.10 18:11:21,325| DQ-In: 23.10 18:11:21,725| C-In: 23.10 18:11:21,003|
lab29-72-<0.396.0>-T3: Msg #1251, C-Out: 23.10 18:11:21,331| HBQ-In: 23.10 18:11:21,331| DQ-In: 23.10 18:11:21,725| C-In: 23.10 18:11:21,004|
lab29-95-<0.87.0>-T3: Msg #1252, C-Out: 23.10 18:11:21,834| HBQ-In: 23.10 18:11:21,834| DQ-In: 23.10 18:11:21,834| C-In: 23.10 18:11:21,004|
lab29-67-<0.708.0>-T3: Msg #1253, C-Out: 23.10 18:11:21,342| HBQ-In: 23.10 18:11:21,342| DQ-In: 23.10 18:11:21,834| C-In: 23.10 18:11:21,004|
lab29-62-<0.1043.0>-T3: Msg #1254, C-Out: 23.10 18:11:21,346| HBQ-In: 23.10 18:11:21,346| DQ-In: 23.10 18:11:21,834| C-In: 23.10 18:11:21,005|
lab29-87-<0.123.0>-T3: Msg #1255, C-Out: 23.10 18:11:21,865| HBQ-In: 23.10 18:11:21,865| DQ-In: 23.10 18:11:21,865| C-In: 23.10 18:11:21,005|
lab29-77-<0.187.0>-T3: Msg #1256, C-Out: 23.10 18:11:21,385| HBQ-In: 23.10 18:11:21,385| DQ-In: 23.10 18:11:21,865| C-In: 23.10 18:11:22,005|
Fehlernachricht fuer Luecke von 1257 bis 1257 C-In: 23.10 18:11:22,006|
lab29-56-<0.1439.0>-T3: Msg #1258, C-Out: 23.10 18:11:21,509| HBQ-In: 23.10 18:11:21,509| DQ-In: 23.10 18:11:21,930| C-In: 23.10 18:11:22,006|
lab29-81-<0.159.0>-T3: Msg #1259, C-Out: 23.10 18:11:21,514| HBQ-In: 23.10 18:11:21,515| DQ-In: 23.10 18:11:21,930| C-In: 23.10 18:11:22,006|
lab29-51-<0.1789.0>-T3: Msg #1260, C-Out: 23.10 18:11:21,514| HBQ-In: 23.10 18:11:21,515| DQ-In: 23.10 18:11:21,930| C-In: 23.10 18:11:22,007|
lab29-46-<0.2213.0>-T3: Msg #1261, C-Out: 23.10 18:11:21,514| HBQ-In: 23.10 18:11:21,515| DQ-In: 23.10 18:11:21,930| C-In: 23.10 18:11:22,007|
lab29-41-<0.2632.0>-T3: Msg #1262, C-Out: 23.10 18:11:21,524| HBQ-In: 23.10 18:11:21,524| DQ-In: 23.10 18:11:21,930| C-In: 23.10 18:11:22,007|
ReceiveMsgs done
lab29-79-<0.173.0>-T3: Msg #1379, C-Out: 23.10 18:11:23,509| gesendet
lab29-79-<0.173.0>-T3: Msg #1517, C-Out: 23.10 18:11:25,010| gesendet
lab29-79-<0.173.0>-T3: Msg #1655, C-Out: 23.10 18:11:26,512| gesendet
lab29-79-<0.173.0>-T3: Msg #1789, C-Out: 23.10 18:11:28,013| gesendet
lab29-79-<0.173.0>-T3: Msg #1965, C-Out: 23.10 18:11:29,514| gesendet
Neues Intervall: 2.25 Sekunden
Msg #2102 um 23.10 18:11:29,514| vergessen zu senden
lab29-47-<0.2127.0>-T3: Msg #1900, C-Out: 23.10 18:11:28,382| HBQ-In: 23.10 18:11:28,382| DQ-In: 23.10 18:11:28,894| C-In: 23.10 18:11:29,514|
lab29-42-<0.2545.0>-T3: Msg #1901, C-Out: 23.10 18:11:28,382| HBQ-In: 23.10 18:11:28,382| DQ-In: 23.10 18:11:28,894| C-In: 23.10 18:11:29,517|
lab29-67-<0.708.0>-T3: Msg #1902, C-Out: 23.10 18:11:28,885| HBQ-In: 23.10 18:11:28,886| DQ-In: 23.10 18:11:28,894| C-In: 23.10 18:11:29,517|
Fehlernachricht fuer Luecke von 1903 bis 1903 C-In: 23.10 18:11:29,518|
lab29-82-<0.153.0>-T3: Msg #1904, C-Out: 23.10 18:11:28,893| HBQ-In: 23.10 18:11:28,894| DQ-In: 23.10 18:11:28,960| C-In: 23.10 18:11:29,518|
lab29-37-<0.2967.0>-T3: Msg #1905, C-Out: 23.10 18:11:28,393| HBQ-In: 23.10 18:11:28,395| DQ-In: 23.10 18:11:28,960| C-In: 23.10 18:11:29,518|
lab29-27-<0.3815.0>-T3: Msg #1906, C-Out: 23.10 18:11:28,401| HBQ-In: 23.10 18:11:28,401| DQ-In: 23.10 18:11:28,960| C-In: 23.10 18:11:29,519|
Fehlernachricht fuer Luecke von 1907 bis 1907 C-In: 23.10 18:11:29,519|
lab29-52-<0.1713.0>-T3: Msg #1908, C-Out: 23.10 18:11:28,946| HBQ-In: 23.10 18:11:28,946| DQ-In: 23.10 18:11:28,971| C-In: 23.10 18:11:29,519|
Fehlernachricht fuer Luecke von 1909 bis 1912 C-In: 23.10 18:11:29,520|
lab29-16-<0.4681.0>-T3: Msg #1913, C-Out: 23.10 18:11:28,556| HBQ-In: 23.10 18:11:28,557| DQ-In: 23.10 18:11:28,973| C-In: 23.10 18:11:29,522|
lab29-21-<0.4291.0>-T3: Msg #1914, C-Out: 23.10 18:11:28,557| HBQ-In: 23.10 18:11:28,557| DQ-In: 23.10 18:11:28,973| C-In: 23.10 18:11:29,522|
Fehlernachricht fuer Luecke von 1915 bis 1915 C-In: 23.10 18:11:29,524|
lab29-11-<0.5067.0>-T3: Msg #1916, C-Out: 23.10 18:11:28,559| HBQ-In: 23.10 18:11:28,559| DQ-In: 23.10 18:11:28,994| C-In: 23.10 18:11:29,525|
lab29-46-<0.2213.0>-T3: Msg #1917, C-Out: 23.10 18:11:28,559| HBQ-In: 23.10 18:11:28,559| DQ-In: 23.10 18:11:28,994| C-In: 23.10 18:11:29,527|
lab29-6-<0.5440.0>-T3: Msg #1918, C-Out: 23.10 18:11:28,565| HBQ-In: 23.10 18:11:28,565| DQ-In: 23.10 18:11:28,994| C-In: 23.10 18:11:29,529|
lab29-1-<0.5818.0>-T3: Msg #1919, C-Out: 23.10 18:11:28,569| HBQ-In: 23.10 18:11:28,570| DQ-In: 23.10 18:11:28,994| C-In: 23.10 18:11:29,529|
lab29-31-<0.3480.0>-T3: Msg #1920, C-Out: 23.10 18:11:28,575| HBQ-In: 23.10 18:11:28,575| DQ-In: 23.10 18:11:28,994| C-In: 23.10 18:11:29,529|
Fehlernachricht fuer Luecke von 1921 bis 1921 C-In: 23.10 18:11:29,530|
lab29-36-<0.3048.0>-T3: Msg #1922, C-Out: 23.10 18:11:28,582| HBQ-In: 23.10 18:11:28,582| DQ-In: 23.10 18:11:29,165| C-In: 23.10 18:11:29,530|
lab29-26-<0.3898.0>-T3: Msg #1923, C-Out: 23.10 18:11:28,591| HBQ-In: 23.10 18:11:28,591| DQ-In: 23.10 18:11:29,165| C-In: 23.10 18:11:29,531|
lab29-66-<0.743.0>-T3: Msg #1924, C-Out: 23.10 18:11:29,102| HBQ-In: 23.10 18:11:29,103| DQ-In: 23.10 18:11:29,165| C-In: 23.10 18:11:29,531|
lab29-41-<0.2632.0>-T3: Msg #1925, C-Out: 23.10 18:11:28,602| HBQ-In: 23.10 18:11:28,602| DQ-In: 23.10 18:11:29,165| C-In: 23.10 18:11:29,531|
lab29-51-<0.1789.0>-T3: Msg #1926, C-Out: 23.10 18:11:29,121| HBQ-In: 23.10 18:11:29,121| DQ-In: 23.10 18:11:29,165| C-In: 23.10 18:11:29,532|
lab29-73-<0.332.0>-T3: Msg #1927, C-Out: 23.10 18:11:29,165| HBQ-In: 23.10 18:11:29,165| DQ-In: 23.10 18:11:29,165| C-In: 23.10 18:11:29,534|
Fehlernachricht fuer Luecke von 1928 bis 1931 C-In: 23.10 18:11:29,534|
lab29-20-<0.4365.0>-T3: Msg #1932, C-Out: 23.10 18:11:28,751| HBQ-In: 23.10 18:11:28,752| DQ-In: 23.10 18:11:29,183| C-In: 23.10 18:11:29,535|
Fehlernachricht fuer Luecke von 1933 bis 1933 C-In: 23.10 18:11:29,537|
lab29-35-<0.3134.0>-T3: Msg #1934, C-Out: 23.10 18:11:28,752| HBQ-In: 23.10 18:11:28,752| DQ-In: 23.10 18:11:29,200| C-In: 23.10 18:11:29,538|
lab29-15-<0.4762.0>-T3: Msg #1935, C-Out: 23.10 18:11:28,754| HBQ-In: 23.10 18:11:28,754| DQ-In: 23.10 18:11:29,200| C-In: 23.10 18:11:29,539|
lab29-10-<0.5112.0>-T3: Msg #1936, C-Out: 23.10 18:11:28,757| HBQ-In: 23.10 18:11:28,757| DQ-In: 23.10 18:11:29,200| C-In: 23.10 18:11:29,540|
lab29-65-<0.819.0>-T3: Msg #1937, C-Out: 23.10 18:11:29,266| HBQ-In: 23.10 18:11:29,266| DQ-In: 23.10 18:11:29,266| C-In: 23.10 18:11:29,540|
lab29-5-<0.5513.0>-T3: Msg #1938, C-Out: 23.10 18:11:28,769| HBQ-In: 23.10 18:11:28,769| DQ-In: 23.10 18:11:29,266| C-In: 23.10 18:11:29,543|
lab29-40-<0.2707.0>-T3: Msg #1939, C-Out: 23.10 18:11:28,769| HBQ-In: 23.10 18:11:28,769| DQ-In: 23.10 18:11:29,266| C-In: 23.10 18:11:29,545|
lab29-45-<0.2293.0>-T3: Msg #1940, C-Out: 23.10 18:11:28,773| HBQ-In: 23.10 18:11:28,774| DQ-In: 23.10 18:11:29,266| C-In: 23.10 18:11:29,546|
Fehlernachricht fuer Luecke von 1941 bis 1941 C-In: 23.10 18:11:29,547|
lab29-25-<0.3973.0>-T3: Msg #1942, C-Out: 23.10 18:11:28,800| HBQ-In: 23.10 18:11:28,800| DQ-In: 23.10 18:11:29,375| C-In: 23.10 18:11:29,547|
lab29-30-<0.3559.0>-T3: Msg #1943, C-Out: 23.10 18:11:28,808| HBQ-In: 23.10 18:11:28,808| DQ-In: 23.10 18:11:29,375| C-In: 23.10 18:11:29,547|
Fehlernachricht fuer Luecke von 1944 bis 1944 C-In: 23.10 18:11:29,548|
lab29-80-<0.164.0>-T3: Msg #1945, C-Out: 23.10 18:11:29,323| HBQ-In: 23.10 18:11:29,325| DQ-In: 23.10 18:11:29,383| C-In: 23.10 18:11:29,548|
Fehlernachricht fuer Luecke von 1946 bis 1946 C-In: 23.10 18:11:29,548|
lab29-50-<0.1864.0>-T3: Msg #1947, C-Out: 23.10 18:11:29,375| HBQ-In: 23.10 18:11:29,375| DQ-In: 23.10 18:11:29,387| C-In: 23.10 18:11:29,548|
lab29-72-<0.396.0>-T3: Msg #1948, C-Out: 23.10 18:11:29,387| HBQ-In: 23.10 18:11:29,387| DQ-In: 23.10 18:11:29,387| C-In: 23.10 18:11:29,549|
Fehlernachricht fuer Luecke von 1949 bis 1951 C-In: 23.10 18:11:29,549|
lab29-19-<0.4442.0>-T3: Msg #1952, C-Out: 23.10 18:11:28,956| HBQ-In: 23.10 18:11:28,956| DQ-In: 23.10 18:11:29,402| C-In: 23.10 18:11:29,550|
lab29-14-<0.4846.0>-T3: Msg #1953, C-Out: 23.10 18:11:28,956| HBQ-In: 23.10 18:11:28,956| DQ-In: 23.10 18:11:29,402| C-In: 23.10 18:11:29,550|
lab29-9-<0.5191.0>-T3: Msg #1954, C-Out: 23.10 18:11:28,960| HBQ-In: 23.10 18:11:28,960| DQ-In: 23.10 18:11:29,402| C-In: 23.10 18:11:29,550|
lab29-64-<0.899.0>-T3: Msg #1955, C-Out: 23.10 18:11:29,463| HBQ-In: 23.10 18:11:29,464| DQ-In: 23.10 18:11:29,464| C-In: 23.10 18:11:29,551|
lab29-39-<0.2795.0>-T3: Msg #1956, C-Out: 23.10 18:11:28,965| HBQ-In: 23.10 18:11:28,965| DQ-In: 23.10 18:11:29,464| C-In: 23.10 18:11:29,551|
lab29-4-<0.5587.0>-T3: Msg #1957, C-Out: 23.10 18:11:28,965| HBQ-In: 23.10 18:11:28,965| DQ-In: 23.10 18:11:29,464| C-In: 23.10 18:11:29,552|
ReceiveMsgs done
lab29-79-<0.173.0>-T3: Msg #2103, C-Out: 23.10 18:11:31,804| gesendet
lab29-79-<0.173.0>-T3: Msg #2324, C-Out: 23.10 18:11:34,055| gesendet
lab29-79-<0.173.0>-T3: Msg #2507, C-Out: 23.10 18:11:36,307| gesendet
lab29-79-<0.173.0>-T3: Msg #2687, C-Out: 23.10 18:11:38,558| gesendet
