lab29-16-<0.4681.0>-T3 C-Start: 23.10 18:11:24,549|
lab29-16-<0.4681.0>-T3: Msg #1610, C-Out: 23.10 18:11:25,550| gesendet
lab29-16-<0.4681.0>-T3: Msg #1700, C-Out: 23.10 18:11:26,551| gesendet
lab29-16-<0.4681.0>-T3: Msg #1795, C-Out: 23.10 18:11:27,552| gesendet
lab29-16-<0.4681.0>-T3: Msg #1913, C-Out: 23.10 18:11:28,556| gesendet
lab29-16-<0.4681.0>-T3: Msg #2008, C-Out: 23.10 18:11:29,559| gesendet
Neues Intervall: 1 Sekunden
Msg #2104 um 23.10 18:11:29,560| vergessen zu senden
lab29-37-<0.2967.0>-T3: Msg #1905, C-Out: 23.10 18:11:28,393| HBQ-In: 23.10 18:11:28,395| DQ-In: 23.10 18:11:28,960| C-In: 23.10 18:11:29,560|
lab29-27-<0.3815.0>-T3: Msg #1906, C-Out: 23.10 18:11:28,401| HBQ-In: 23.10 18:11:28,401| DQ-In: 23.10 18:11:28,960| C-In: 23.10 18:11:29,561|
Fehlernachricht fuer Luecke von 1907 bis 1907 C-In: 23.10 18:11:29,563|
lab29-52-<0.1713.0>-T3: Msg #1908, C-Out: 23.10 18:11:28,946| HBQ-In: 23.10 18:11:28,946| DQ-In: 23.10 18:11:28,971| C-In: 23.10 18:11:29,564|
Fehlernachricht fuer Luecke von 1909 bis 1912 C-In: 23.10 18:11:29,566|
lab29-16-<0.4681.0>-T3: Msg #1913, C-Out: 23.10 18:11:28,556| HBQ-In: 23.10 18:11:28,557| DQ-In: 23.10 18:11:28,973|******* C-In: 23.10 18:11:29,566|
lab29-21-<0.4291.0>-T3: Msg #1914, C-Out: 23.10 18:11:28,557| HBQ-In: 23.10 18:11:28,557| DQ-In: 23.10 18:11:28,973| C-In: 23.10 18:11:29,570|
Fehlernachricht fuer Luecke von 1915 bis 1915 C-In: 23.10 18:11:29,570|
lab29-11-<0.5067.0>-T3: Msg #1916, C-Out: 23.10 18:11:28,559| HBQ-In: 23.10 18:11:28,559| DQ-In: 23.10 18:11:28,994| C-In: 23.10 18:11:29,572|
lab29-46-<0.2213.0>-T3: Msg #1917, C-Out: 23.10 18:11:28,559| HBQ-In: 23.10 18:11:28,559| DQ-In: 23.10 18:11:28,994| C-In: 23.10 18:11:29,575|
lab29-6-<0.5440.0>-T3: Msg #1918, C-Out: 23.10 18:11:28,565| HBQ-In: 23.10 18:11:28,565| DQ-In: 23.10 18:11:28,994| C-In: 23.10 18:11:29,578|
lab29-1-<0.5818.0>-T3: Msg #1919, C-Out: 23.10 18:11:28,569| HBQ-In: 23.10 18:11:28,570| DQ-In: 23.10 18:11:28,994| C-In: 23.10 18:11:29,578|
lab29-31-<0.3480.0>-T3: Msg #1920, C-Out: 23.10 18:11:28,575| HBQ-In: 23.10 18:11:28,575| DQ-In: 23.10 18:11:28,994| C-In: 23.10 18:11:29,580|
Fehlernachricht fuer Luecke von 1921 bis 1921 C-In: 23.10 18:11:29,581|
lab29-36-<0.3048.0>-T3: Msg #1922, C-Out: 23.10 18:11:28,582| HBQ-In: 23.10 18:11:28,582| DQ-In: 23.10 18:11:29,165| C-In: 23.10 18:11:29,581|
lab29-26-<0.3898.0>-T3: Msg #1923, C-Out: 23.10 18:11:28,591| HBQ-In: 23.10 18:11:28,591| DQ-In: 23.10 18:11:29,165| C-In: 23.10 18:11:29,582|
lab29-66-<0.743.0>-T3: Msg #1924, C-Out: 23.10 18:11:29,102| HBQ-In: 23.10 18:11:29,103| DQ-In: 23.10 18:11:29,165| C-In: 23.10 18:11:29,584|
lab29-41-<0.2632.0>-T3: Msg #1925, C-Out: 23.10 18:11:28,602| HBQ-In: 23.10 18:11:28,602| DQ-In: 23.10 18:11:29,165| C-In: 23.10 18:11:29,584|
lab29-51-<0.1789.0>-T3: Msg #1926, C-Out: 23.10 18:11:29,121| HBQ-In: 23.10 18:11:29,121| DQ-In: 23.10 18:11:29,165| C-In: 23.10 18:11:29,585|
lab29-73-<0.332.0>-T3: Msg #1927, C-Out: 23.10 18:11:29,165| HBQ-In: 23.10 18:11:29,165| DQ-In: 23.10 18:11:29,165| C-In: 23.10 18:11:29,585|
Fehlernachricht fuer Luecke von 1928 bis 1931 C-In: 23.10 18:11:29,585|
lab29-20-<0.4365.0>-T3: Msg #1932, C-Out: 23.10 18:11:28,751| HBQ-In: 23.10 18:11:28,752| DQ-In: 23.10 18:11:29,183| C-In: 23.10 18:11:29,586|
Fehlernachricht fuer Luecke von 1933 bis 1933 C-In: 23.10 18:11:29,586|
lab29-35-<0.3134.0>-T3: Msg #1934, C-Out: 23.10 18:11:28,752| HBQ-In: 23.10 18:11:28,752| DQ-In: 23.10 18:11:29,200| C-In: 23.10 18:11:29,586|
lab29-15-<0.4762.0>-T3: Msg #1935, C-Out: 23.10 18:11:28,754| HBQ-In: 23.10 18:11:28,754| DQ-In: 23.10 18:11:29,200| C-In: 23.10 18:11:29,589|
lab29-10-<0.5112.0>-T3: Msg #1936, C-Out: 23.10 18:11:28,757| HBQ-In: 23.10 18:11:28,757| DQ-In: 23.10 18:11:29,200| C-In: 23.10 18:11:29,591|
lab29-65-<0.819.0>-T3: Msg #1937, C-Out: 23.10 18:11:29,266| HBQ-In: 23.10 18:11:29,266| DQ-In: 23.10 18:11:29,266| C-In: 23.10 18:11:29,594|
lab29-5-<0.5513.0>-T3: Msg #1938, C-Out: 23.10 18:11:28,769| HBQ-In: 23.10 18:11:28,769| DQ-In: 23.10 18:11:29,266| C-In: 23.10 18:11:29,595|
lab29-40-<0.2707.0>-T3: Msg #1939, C-Out: 23.10 18:11:28,769| HBQ-In: 23.10 18:11:28,769| DQ-In: 23.10 18:11:29,266| C-In: 23.10 18:11:29,595|
lab29-45-<0.2293.0>-T3: Msg #1940, C-Out: 23.10 18:11:28,773| HBQ-In: 23.10 18:11:28,774| DQ-In: 23.10 18:11:29,266| C-In: 23.10 18:11:29,595|
Fehlernachricht fuer Luecke von 1941 bis 1941 C-In: 23.10 18:11:29,596|
lab29-25-<0.3973.0>-T3: Msg #1942, C-Out: 23.10 18:11:28,800| HBQ-In: 23.10 18:11:28,800| DQ-In: 23.10 18:11:29,375| C-In: 23.10 18:11:29,596|
lab29-30-<0.3559.0>-T3: Msg #1943, C-Out: 23.10 18:11:28,808| HBQ-In: 23.10 18:11:28,808| DQ-In: 23.10 18:11:29,375| C-In: 23.10 18:11:29,596|
Fehlernachricht fuer Luecke von 1944 bis 1944 C-In: 23.10 18:11:29,597|
lab29-80-<0.164.0>-T3: Msg #1945, C-Out: 23.10 18:11:29,323| HBQ-In: 23.10 18:11:29,325| DQ-In: 23.10 18:11:29,383| C-In: 23.10 18:11:29,599|
Fehlernachricht fuer Luecke von 1946 bis 1946 C-In: 23.10 18:11:29,600|
lab29-50-<0.1864.0>-T3: Msg #1947, C-Out: 23.10 18:11:29,375| HBQ-In: 23.10 18:11:29,375| DQ-In: 23.10 18:11:29,387| C-In: 23.10 18:11:29,600|
lab29-72-<0.396.0>-T3: Msg #1948, C-Out: 23.10 18:11:29,387| HBQ-In: 23.10 18:11:29,387| DQ-In: 23.10 18:11:29,387| C-In: 23.10 18:11:29,600|
Fehlernachricht fuer Luecke von 1949 bis 1951 C-In: 23.10 18:11:29,601|
lab29-19-<0.4442.0>-T3: Msg #1952, C-Out: 23.10 18:11:28,956| HBQ-In: 23.10 18:11:28,956| DQ-In: 23.10 18:11:29,402| C-In: 23.10 18:11:29,601|
lab29-14-<0.4846.0>-T3: Msg #1953, C-Out: 23.10 18:11:28,956| HBQ-In: 23.10 18:11:28,956| DQ-In: 23.10 18:11:29,402| C-In: 23.10 18:11:29,601|
lab29-9-<0.5191.0>-T3: Msg #1954, C-Out: 23.10 18:11:28,960| HBQ-In: 23.10 18:11:28,960| DQ-In: 23.10 18:11:29,402| C-In: 23.10 18:11:29,602|
lab29-64-<0.899.0>-T3: Msg #1955, C-Out: 23.10 18:11:29,463| HBQ-In: 23.10 18:11:29,464| DQ-In: 23.10 18:11:29,464| C-In: 23.10 18:11:29,602|
lab29-39-<0.2795.0>-T3: Msg #1956, C-Out: 23.10 18:11:28,965| HBQ-In: 23.10 18:11:28,965| DQ-In: 23.10 18:11:29,464| C-In: 23.10 18:11:29,602|
lab29-4-<0.5587.0>-T3: Msg #1957, C-Out: 23.10 18:11:28,965| HBQ-In: 23.10 18:11:28,965| DQ-In: 23.10 18:11:29,464| C-In: 23.10 18:11:29,604|
Fehlernachricht fuer Luecke von 1958 bis 1958 C-In: 23.10 18:11:29,605|
lab29-44-<0.2376.0>-T3: Msg #1959, C-Out: 23.10 18:11:28,971| HBQ-In: 23.10 18:11:28,971| DQ-In: 23.10 18:11:29,560| C-In: 23.10 18:11:29,605|
lab29-24-<0.4051.0>-T3: Msg #1960, C-Out: 23.10 18:11:28,973| HBQ-In: 23.10 18:11:28,973| DQ-In: 23.10 18:11:29,560| C-In: 23.10 18:11:29,607|
lab29-34-<0.3220.0>-T3: Msg #1961, C-Out: 23.10 18:11:28,979| HBQ-In: 23.10 18:11:28,979| DQ-In: 23.10 18:11:29,560| C-In: 23.10 18:11:29,610|
lab29-29-<0.3641.0>-T3: Msg #1962, C-Out: 23.10 18:11:28,994| HBQ-In: 23.10 18:11:28,994| DQ-In: 23.10 18:11:29,560| C-In: 23.10 18:11:29,610|
Fehlernachricht fuer Luecke von 1963 bis 1963 C-In: 23.10 18:11:29,611|
lab29-49-<0.1950.0>-T3: Msg #1964, C-Out: 23.10 18:11:29,506| HBQ-In: 23.10 18:11:29,506| DQ-In: 23.10 18:11:29,584| C-In: 23.10 18:11:29,613|
lab29-79-<0.173.0>-T3: Msg #1965, C-Out: 23.10 18:11:29,514| HBQ-In: 23.10 18:11:29,514| DQ-In: 23.10 18:11:29,584| C-In: 23.10 18:11:29,616|
lab29-56-<0.1439.0>-T3: Msg #1966, C-Out: 23.10 18:11:29,602| HBQ-In: 23.10 18:11:29,602| DQ-In: 23.10 18:11:29,602| C-In: 23.10 18:11:29,616|
Fehlernachricht fuer Luecke von 1967 bis 1969 C-In: 23.10 18:11:29,618|
lab29-18-<0.4519.0>-T3: Msg #1970, C-Out: 23.10 18:11:29,154| HBQ-In: 23.10 18:11:29,154| DQ-In: 23.10 18:11:29,604| C-In: 23.10 18:11:29,621|
lab29-13-<0.4921.0>-T3: Msg #1971, C-Out: 23.10 18:11:29,162| HBQ-In: 23.10 18:11:29,162| DQ-In: 23.10 18:11:29,604| C-In: 23.10 18:11:29,622|
lab29-8-<0.5273.0>-T3: Msg #1972, C-Out: 23.10 18:11:29,165| HBQ-In: 23.10 18:11:29,165| DQ-In: 23.10 18:11:29,604| C-In: 23.10 18:11:29,625|
ReceiveMsgs done
lab29-16-<0.4681.0>-T3: Msg #2114, C-Out: 23.10 18:11:30,626| gesendet
lab29-16-<0.4681.0>-T3: Msg #2205, C-Out: 23.10 18:11:31,628| gesendet
lab29-16-<0.4681.0>-T3: Msg #2314, C-Out: 23.10 18:11:32,629| gesendet
lab29-16-<0.4681.0>-T3: Msg #2395, C-Out: 23.10 18:11:33,630| gesendet
lab29-16-<0.4681.0>-T3: Msg #2476, C-Out: 23.10 18:11:34,633| gesendet
Neues Intervall: 1.5 Sekunden
Msg #2549 um 23.10 18:11:34,633| vergessen zu senden
lab29-18-<0.4519.0>-T3: Msg #2360, C-Out: 23.10 18:11:33,216| HBQ-In: 23.10 18:11:33,217| DQ-In: 23.10 18:11:34,010| C-In: 23.10 18:11:34,634|
Fehlernachricht fuer Luecke von 2361 bis 2361 C-In: 23.10 18:11:34,634|
lab29-3-<0.5663.0>-T3: Msg #2362, C-Out: 23.10 18:11:33,225| HBQ-In: 23.10 18:11:33,225| DQ-In: 23.10 18:11:34,023| C-In: 23.10 18:11:34,634|
lab29-43-<0.2458.0>-T3: Msg #2363, C-Out: 23.10 18:11:33,734| HBQ-In: 23.10 18:11:33,734| DQ-In: 23.10 18:11:34,023| C-In: 23.10 18:11:34,635|
Fehlernachricht fuer Luecke von 2364 bis 2364 C-In: 23.10 18:11:34,635|
lab29-28-<0.3729.0>-T3: Msg #2365, C-Out: 23.10 18:11:33,748| HBQ-In: 23.10 18:11:33,749| DQ-In: 23.10 18:11:34,023| C-In: 23.10 18:11:34,636|
lab29-13-<0.4921.0>-T3: Msg #2366, C-Out: 23.10 18:11:33,259| HBQ-In: 23.10 18:11:33,259| DQ-In: 23.10 18:11:34,023| C-In: 23.10 18:11:34,636|
Fehlernachricht fuer Luecke von 2367 bis 2369 C-In: 23.10 18:11:34,636|
lab29-35-<0.3134.0>-T3: Msg #2370, C-Out: 23.10 18:11:33,826| HBQ-In: 23.10 18:11:33,827| DQ-In: 23.10 18:11:34,108| C-In: 23.10 18:11:34,637|
Fehlernachricht fuer Luecke von 2371 bis 2371 C-In: 23.10 18:11:34,637|
lab29-50-<0.1864.0>-T3: Msg #2372, C-Out: 23.10 18:11:33,882| HBQ-In: 23.10 18:11:33,882| DQ-In: 23.10 18:11:34,153| C-In: 23.10 18:11:34,637|
Fehlernachricht fuer Luecke von 2373 bis 2374 C-In: 23.10 18:11:34,638|
lab29-22-<0.4210.0>-T3: Msg #2375, C-Out: 23.10 18:11:33,413| HBQ-In: 23.10 18:11:33,414| DQ-In: 23.10 18:11:34,169| C-In: 23.10 18:11:34,638|
lab29-7-<0.5358.0>-T3: Msg #2376, C-Out: 23.10 18:11:33,419| HBQ-In: 23.10 18:11:33,421| DQ-In: 23.10 18:11:34,169| C-In: 23.10 18:11:34,638|
lab29-57-<0.1365.0>-T3: Msg #2377, C-Out: 23.10 18:11:33,933| HBQ-In: 23.10 18:11:33,933| DQ-In: 23.10 18:11:34,169| C-In: 23.10 18:11:34,639|
lab29-2-<0.5741.0>-T3: Msg #2378, C-Out: 23.10 18:11:33,433| HBQ-In: 23.10 18:11:33,433| DQ-In: 23.10 18:11:34,169| C-In: 23.10 18:11:34,639|
lab29-12-<0.4991.0>-T3: Msg #2379, C-Out: 23.10 18:11:33,435| HBQ-In: 23.10 18:11:33,435| DQ-In: 23.10 18:11:34,169| C-In: 23.10 18:11:34,641|
lab29-17-<0.4601.0>-T3: Msg #2380, C-Out: 23.10 18:11:33,435| HBQ-In: 23.10 18:11:33,435| DQ-In: 23.10 18:11:34,169| C-In: 23.10 18:11:34,641|
lab29-42-<0.2545.0>-T3: Msg #2381, C-Out: 23.10 18:11:33,935| HBQ-In: 23.10 18:11:33,937| DQ-In: 23.10 18:11:34,169| C-In: 23.10 18:11:34,642|
Fehlernachricht fuer Luecke von 2382 bis 2383 C-In: 23.10 18:11:34,644|
lab29-27-<0.3815.0>-T3: Msg #2384, C-Out: 23.10 18:11:33,973| HBQ-In: 23.10 18:11:33,973| DQ-In: 23.10 18:11:34,317| C-In: 23.10 18:11:34,644|
Fehlernachricht fuer Luecke von 2385 bis 2385 C-In: 23.10 18:11:34,645|
lab29-49-<0.1950.0>-T3: Msg #2386, C-Out: 23.10 18:11:34,010| HBQ-In: 23.10 18:11:34,010| DQ-In: 23.10 18:11:34,329| C-In: 23.10 18:11:34,647|
Fehlernachricht fuer Luecke von 2387 bis 2387 C-In: 23.10 18:11:34,647|
lab29-34-<0.3220.0>-T3: Msg #2388, C-Out: 23.10 18:11:34,027| HBQ-In: 23.10 18:11:34,029| DQ-In: 23.10 18:11:34,375| C-In: 23.10 18:11:34,648|
Fehlernachricht fuer Luecke von 2389 bis 2390 C-In: 23.10 18:11:34,648|
lab29-56-<0.1439.0>-T3: Msg #2391, C-Out: 23.10 18:11:34,107| HBQ-In: 23.10 18:11:34,108| DQ-In: 23.10 18:11:34,422| C-In: 23.10 18:11:34,648|
lab29-6-<0.5440.0>-T3: Msg #2392, C-Out: 23.10 18:11:33,615| HBQ-In: 23.10 18:11:33,615| DQ-In: 23.10 18:11:34,422| C-In: 23.10 18:11:34,649|
lab29-21-<0.4291.0>-T3: Msg #2393, C-Out: 23.10 18:11:33,621| HBQ-In: 23.10 18:11:33,622| DQ-In: 23.10 18:11:34,422| C-In: 23.10 18:11:34,649|
lab29-11-<0.5067.0>-T3: Msg #2394, C-Out: 23.10 18:11:33,621| HBQ-In: 23.10 18:11:33,621| DQ-In: 23.10 18:11:34,422| C-In: 23.10 18:11:34,649|
lab29-16-<0.4681.0>-T3: Msg #2395, C-Out: 23.10 18:11:33,630| HBQ-In: 23.10 18:11:33,630| DQ-In: 23.10 18:11:34,422|******* C-In: 23.10 18:11:34,650|
lab29-1-<0.5818.0>-T3: Msg #2396, C-Out: 23.10 18:11:33,635| HBQ-In: 23.10 18:11:33,636| DQ-In: 23.10 18:11:34,422| C-In: 23.10 18:11:34,650|
lab29-26-<0.3898.0>-T3: Msg #2397, C-Out: 23.10 18:11:34,152| HBQ-In: 23.10 18:11:34,153| DQ-In: 23.10 18:11:34,422| C-In: 23.10 18:11:34,652|
Fehlernachricht fuer Luecke von 2398 bis 2398 C-In: 23.10 18:11:34,653|
lab29-41-<0.2632.0>-T3: Msg #2399, C-Out: 23.10 18:11:34,169| HBQ-In: 23.10 18:11:34,169| DQ-In: 23.10 18:11:34,530| C-In: 23.10 18:11:34,653|
Fehlernachricht fuer Luecke von 2400 bis 2400 C-In: 23.10 18:11:34,656|
lab29-48-<0.2035.0>-T3: Msg #2401, C-Out: 23.10 18:11:34,209| HBQ-In: 23.10 18:11:34,209| DQ-In: 23.10 18:11:34,533| C-In: 23.10 18:11:34,656|
Fehlernachricht fuer Luecke von 2402 bis 2408 C-In: 23.10 18:11:34,657|
lab29-33-<0.3306.0>-T3: Msg #2409, C-Out: 23.10 18:11:34,254| HBQ-In: 23.10 18:11:34,254| DQ-In: 23.10 18:11:34,616| C-In: 23.10 18:11:34,657|
Fehlernachricht fuer Luecke von 2410 bis 2411 C-In: 23.10 18:11:34,657|
lab29-15-<0.4762.0>-T3: Msg #2412, C-Out: 23.10 18:11:33,809| HBQ-In: 23.10 18:11:33,809| DQ-In: 23.10 18:11:34,621| C-In: 23.10 18:11:34,658|
lab29-20-<0.4365.0>-T3: Msg #2413, C-Out: 23.10 18:11:33,811| HBQ-In: 23.10 18:11:33,812| DQ-In: 23.10 18:11:34,621| C-In: 23.10 18:11:34,658|
lab29-55-<0.1513.0>-T3: Msg #2414, C-Out: 23.10 18:11:34,317| HBQ-In: 23.10 18:11:34,317| DQ-In: 23.10 18:11:34,621| C-In: 23.10 18:11:34,659|
Fehlernachricht fuer Luecke von 2415 bis 2416 C-In: 23.10 18:11:34,659|
lab29-5-<0.5513.0>-T3: Msg #2417, C-Out: 23.10 18:11:33,826| HBQ-In: 23.10 18:11:33,827| DQ-In: 23.10 18:11:34,633| C-In: 23.10 18:11:34,660|
lab29-40-<0.2707.0>-T3: Msg #2418, C-Out: 23.10 18:11:34,329| HBQ-In: 23.10 18:11:34,329| DQ-In: 23.10 18:11:34,633| C-In: 23.10 18:11:34,660|
lab29-10-<0.5112.0>-T3: Msg #2419, C-Out: 23.10 18:11:33,836| HBQ-In: 23.10 18:11:33,836| DQ-In: 23.10 18:11:34,633| C-In: 23.10 18:11:34,660|
lab29-25-<0.3973.0>-T3: Msg #2420, C-Out: 23.10 18:11:34,375| HBQ-In: 23.10 18:11:34,375| DQ-In: 23.10 18:11:34,633| C-In: 23.10 18:11:34,661|
lab29-32-<0.3394.0>-T3: Msg #2421, C-Out: 23.10 18:11:34,424| HBQ-In: 23.10 18:11:34,424| DQ-In: 23.10 18:11:34,633| C-In: 23.10 18:11:34,664|
lab29-47-<0.2127.0>-T3: Msg #2422, C-Out: 23.10 18:11:34,429| HBQ-In: 23.10 18:11:34,429| DQ-In: 23.10 18:11:34,633| C-In: 23.10 18:11:34,664|
ReceiveMsgs done
lab29-16-<0.4681.0>-T3: Msg #2552, C-Out: 23.10 18:11:36,167| gesendet
lab29-16-<0.4681.0>-T3: Msg #2678, C-Out: 23.10 18:11:37,672| gesendet
lab29-16-<0.4681.0>-T3: Msg #2786, C-Out: 23.10 18:11:39,173| gesendet
