lab29-92-<0.99.0>-T3 C-Start: 23.10 18:11:09,248|
lab29-92-<0.99.0>-T3: Msg #696, C-Out: 23.10 18:11:10,252| gesendet
lab29-92-<0.99.0>-T3: Msg #709, C-Out: 23.10 18:11:11,254| gesendet
lab29-92-<0.99.0>-T3: Msg #751, C-Out: 23.10 18:11:12,257| gesendet
lab29-92-<0.99.0>-T3: Msg #775, C-Out: 23.10 18:11:13,261| gesendet
lab29-92-<0.99.0>-T3: Msg #810, C-Out: 23.10 18:11:14,262| gesendet
Neues Intervall: 1 Sekunden
Msg #848 um 23.10 18:11:14,262| vergessen zu senden
4-client@lab23: 729. Nachricht--Gruppe:1-Team:5-Sendezeit:18:11:12 HBQ-In: 23.10 18:11:12,412| DQ-In: 23.10 18:11:12,412| C-In: 23.10 18:11:14,262|
2-client@lab23: 730. Nachricht--Gruppe:1-Team:5-Sendezeit:18:11:10 HBQ-In: 23.10 18:11:10,413| DQ-In: 23.10 18:11:12,412| C-In: 23.10 18:11:14,263|
2-client@lab23: 731. Nachricht--Gruppe:1-Team:5-Sendezeit:18:11:10 HBQ-In: 23.10 18:11:10,415| DQ-In: 23.10 18:11:12,412| C-In: 23.10 18:11:14,263|
1-client@lab23: 732. Nachricht--Gruppe:1-Team:5-Sendezeit:18:11:12 HBQ-In: 23.10 18:11:12,417| DQ-In: 23.10 18:11:12,417| C-In: 23.10 18:11:14,263|
2-client@lab23: 733. Nachricht--Gruppe:1-Team:5-Sendezeit:18:11:10 HBQ-In: 23.10 18:11:10,416| DQ-In: 23.10 18:11:12,417| C-In: 23.10 18:11:14,264|
2-client@lab23: 734. Nachricht--Gruppe:1-Team:5-Sendezeit:18:11:10 HBQ-In: 23.10 18:11:10,417| DQ-In: 23.10 18:11:12,417| C-In: 23.10 18:11:14,264|
2-client@lab23: 735. Nachricht--Gruppe:1-Team:5-Sendezeit:18:11:12 HBQ-In: 23.10 18:11:12,420| DQ-In: 23.10 18:11:12,420| C-In: 23.10 18:11:14,264|
lab29-96-<0.84.0>-T3: Msg #736, C-Out: 23.10 18:11:11,451| HBQ-In: 23.10 18:11:11,451| DQ-In: 23.10 18:11:12,420| C-In: 23.10 18:11:14,265|
lab29-91-<0.103.0>-T3: Msg #737, C-Out: 23.10 18:11:11,455| HBQ-In: 23.10 18:11:11,455| DQ-In: 23.10 18:11:12,420| C-In: 23.10 18:11:14,265|
lab29-86-<0.129.0>-T3: Msg #738, C-Out: 23.10 18:11:11,460| HBQ-In: 23.10 18:11:11,460| DQ-In: 23.10 18:11:12,420| C-In: 23.10 18:11:14,265|
lab29-90-<0.107.0>-T3: Msg #739, C-Out: 23.10 18:11:11,652| HBQ-In: 23.10 18:11:11,652| DQ-In: 23.10 18:11:12,420| C-In: 23.10 18:11:14,266|
lab29-85-<0.133.0>-T3: Msg #740, C-Out: 23.10 18:11:11,661| HBQ-In: 23.10 18:11:11,661| DQ-In: 23.10 18:11:12,420| C-In: 23.10 18:11:14,266|
lab29-95-<0.87.0>-T3: Msg #741, C-Out: 23.10 18:11:11,668| HBQ-In: 23.10 18:11:11,668| DQ-In: 23.10 18:11:12,420| C-In: 23.10 18:11:14,266|
lab29-100-<0.40.0>-T3: Msg #742, C-Out: 23.10 18:11:11,670| HBQ-In: 23.10 18:11:11,670| DQ-In: 23.10 18:11:12,420| C-In: 23.10 18:11:14,267|
lab29-99-<0.49.0>-T3: Msg #743, C-Out: 23.10 18:11:11,852| HBQ-In: 23.10 18:11:11,852| DQ-In: 23.10 18:11:12,420| C-In: 23.10 18:11:14,267|
lab29-89-<0.113.0>-T3: Msg #744, C-Out: 23.10 18:11:11,857| HBQ-In: 23.10 18:11:11,857| DQ-In: 23.10 18:11:12,420| C-In: 23.10 18:11:14,270|
lab29-94-<0.91.0>-T3: Msg #745, C-Out: 23.10 18:11:11,859| HBQ-In: 23.10 18:11:11,859| DQ-In: 23.10 18:11:12,420| C-In: 23.10 18:11:14,276|
lab29-84-<0.140.0>-T3: Msg #746, C-Out: 23.10 18:11:11,863| HBQ-In: 23.10 18:11:11,863| DQ-In: 23.10 18:11:12,420| C-In: 23.10 18:11:14,279|
lab29-98-<0.78.0>-T3: Msg #747, C-Out: 23.10 18:11:12,052| HBQ-In: 23.10 18:11:12,052| DQ-In: 23.10 18:11:12,420| C-In: 23.10 18:11:14,281|
lab29-88-<0.118.0>-T3: Msg #748, C-Out: 23.10 18:11:12,056| HBQ-In: 23.10 18:11:12,056| DQ-In: 23.10 18:11:12,420| C-In: 23.10 18:11:14,282|
lab29-93-<0.95.0>-T3: Msg #749, C-Out: 23.10 18:11:12,059| HBQ-In: 23.10 18:11:12,059| DQ-In: 23.10 18:11:12,420| C-In: 23.10 18:11:14,282|
lab29-83-<0.147.0>-T3: Msg #750, C-Out: 23.10 18:11:12,063| HBQ-In: 23.10 18:11:12,063| DQ-In: 23.10 18:11:12,420| C-In: 23.10 18:11:14,282|
lab29-92-<0.99.0>-T3: Msg #751, C-Out: 23.10 18:11:12,257| HBQ-In: 23.10 18:11:12,257| DQ-In: 23.10 18:11:12,420|******* C-In: 23.10 18:11:14,282|
lab29-97-<0.81.0>-T3: Msg #752, C-Out: 23.10 18:11:12,257| HBQ-In: 23.10 18:11:12,257| DQ-In: 23.10 18:11:12,420| C-In: 23.10 18:11:14,283|
lab29-87-<0.123.0>-T3: Msg #753, C-Out: 23.10 18:11:12,262| HBQ-In: 23.10 18:11:12,262| DQ-In: 23.10 18:11:12,420| C-In: 23.10 18:11:14,283|
lab29-82-<0.153.0>-T3: Msg #754, C-Out: 23.10 18:11:12,266| HBQ-In: 23.10 18:11:12,266| DQ-In: 23.10 18:11:12,420| C-In: 23.10 18:11:14,284|
lab29-96-<0.84.0>-T3: Msg #755, C-Out: 23.10 18:11:12,454| HBQ-In: 23.10 18:11:12,454| DQ-In: 23.10 18:11:12,454| C-In: 23.10 18:11:14,284|
lab29-91-<0.103.0>-T3: Msg #756, C-Out: 23.10 18:11:12,458| HBQ-In: 23.10 18:11:12,458| DQ-In: 23.10 18:11:12,458| C-In: 23.10 18:11:14,284|
lab29-86-<0.129.0>-T3: Msg #757, C-Out: 23.10 18:11:12,463| HBQ-In: 23.10 18:11:12,463| DQ-In: 23.10 18:11:12,463| C-In: 23.10 18:11:14,285|
lab29-81-<0.159.0>-T3: Msg #758, C-Out: 23.10 18:11:12,467| HBQ-In: 23.10 18:11:12,467| DQ-In: 23.10 18:11:12,467| C-In: 23.10 18:11:14,285|
lab29-90-<0.107.0>-T3: Msg #759, C-Out: 23.10 18:11:12,655| HBQ-In: 23.10 18:11:12,655| DQ-In: 23.10 18:11:12,655| C-In: 23.10 18:11:14,285|
lab29-85-<0.133.0>-T3: Msg #760, C-Out: 23.10 18:11:12,664| HBQ-In: 23.10 18:11:12,664| DQ-In: 23.10 18:11:12,664| C-In: 23.10 18:11:14,285|
lab29-80-<0.164.0>-T3: Msg #761, C-Out: 23.10 18:11:12,668| HBQ-In: 23.10 18:11:12,668| DQ-In: 23.10 18:11:12,668| C-In: 23.10 18:11:14,286|
lab29-95-<0.87.0>-T3: Msg #762, C-Out: 23.10 18:11:12,671| HBQ-In: 23.10 18:11:12,671| DQ-In: 23.10 18:11:12,671| C-In: 23.10 18:11:14,286|
lab29-100-<0.40.0>-T3: Msg #763, C-Out: 23.10 18:11:12,674| HBQ-In: 23.10 18:11:12,674| DQ-In: 23.10 18:11:12,674| C-In: 23.10 18:11:14,286|
lab29-99-<0.49.0>-T3: Msg #764, C-Out: 23.10 18:11:12,855| HBQ-In: 23.10 18:11:12,855| DQ-In: 23.10 18:11:12,855| C-In: 23.10 18:11:14,287|
lab29-89-<0.113.0>-T3: Msg #765, C-Out: 23.10 18:11:12,861| HBQ-In: 23.10 18:11:12,861| DQ-In: 23.10 18:11:12,861| C-In: 23.10 18:11:14,287|
lab29-94-<0.91.0>-T3: Msg #766, C-Out: 23.10 18:11:12,862| HBQ-In: 23.10 18:11:12,862| DQ-In: 23.10 18:11:12,862| C-In: 23.10 18:11:14,287|
lab29-84-<0.140.0>-T3: Msg #767, C-Out: 23.10 18:11:12,866| HBQ-In: 23.10 18:11:12,866| DQ-In: 23.10 18:11:12,866| C-In: 23.10 18:11:14,288|
lab29-79-<0.173.0>-T3: Msg #768, C-Out: 23.10 18:11:12,874| HBQ-In: 23.10 18:11:12,875| DQ-In: 23.10 18:11:12,875| C-In: 23.10 18:11:14,288|
lab29-98-<0.78.0>-T3: Msg #769, C-Out: 23.10 18:11:13,055| HBQ-In: 23.10 18:11:13,055| DQ-In: 23.10 18:11:13,055| C-In: 23.10 18:11:14,288|
lab29-88-<0.118.0>-T3: Msg #770, C-Out: 23.10 18:11:13,059| HBQ-In: 23.10 18:11:13,060| DQ-In: 23.10 18:11:13,060| C-In: 23.10 18:11:14,289|
lab29-93-<0.95.0>-T3: Msg #771, C-Out: 23.10 18:11:13,064| HBQ-In: 23.10 18:11:13,064| DQ-In: 23.10 18:11:13,064| C-In: 23.10 18:11:14,289|
lab29-83-<0.147.0>-T3: Msg #772, C-Out: 23.10 18:11:13,066| HBQ-In: 23.10 18:11:13,067| DQ-In: 23.10 18:11:13,067| C-In: 23.10 18:11:14,289|
lab29-78-<0.180.0>-T3: Msg #773, C-Out: 23.10 18:11:13,071| HBQ-In: 23.10 18:11:13,071| DQ-In: 23.10 18:11:13,071| C-In: 23.10 18:11:14,290|
lab29-97-<0.81.0>-T3: Msg #774, C-Out: 23.10 18:11:13,261| HBQ-In: 23.10 18:11:13,261| DQ-In: 23.10 18:11:13,261| C-In: 23.10 18:11:14,290|
lab29-92-<0.99.0>-T3: Msg #775, C-Out: 23.10 18:11:13,261| HBQ-In: 23.10 18:11:13,261| DQ-In: 23.10 18:11:13,261|******* C-In: 23.10 18:11:14,290|
lab29-87-<0.123.0>-T3: Msg #776, C-Out: 23.10 18:11:13,266| HBQ-In: 23.10 18:11:13,266| DQ-In: 23.10 18:11:13,266| C-In: 23.10 18:11:14,291|
lab29-82-<0.153.0>-T3: Msg #777, C-Out: 23.10 18:11:13,271| HBQ-In: 23.10 18:11:13,271| DQ-In: 23.10 18:11:13,271| C-In: 23.10 18:11:14,291|
lab29-77-<0.187.0>-T3: Msg #778, C-Out: 23.10 18:11:13,275| HBQ-In: 23.10 18:11:13,275| DQ-In: 23.10 18:11:13,275| C-In: 23.10 18:11:14,293|
Fehlernachricht fuer Luecke von 779 bis 783 C-In: 23.10 18:11:14,296|
lab29-96-<0.84.0>-T3: Msg #784, C-Out: 23.10 18:11:13,457| HBQ-In: 23.10 18:11:13,457| DQ-In: 23.10 18:11:14,276| C-In: 23.10 18:11:14,298|
lab29-91-<0.103.0>-T3: Msg #785, C-Out: 23.10 18:11:13,461| HBQ-In: 23.10 18:11:13,462| DQ-In: 23.10 18:11:14,276| C-In: 23.10 18:11:14,300|
lab29-86-<0.129.0>-T3: Msg #786, C-Out: 23.10 18:11:13,466| HBQ-In: 23.10 18:11:13,469| DQ-In: 23.10 18:11:14,276| C-In: 23.10 18:11:14,302|
lab29-81-<0.159.0>-T3: Msg #787, C-Out: 23.10 18:11:13,470| HBQ-In: 23.10 18:11:13,472| DQ-In: 23.10 18:11:14,276| C-In: 23.10 18:11:14,305|
lab29-76-<0.194.0>-T3: Msg #788, C-Out: 23.10 18:11:13,476| HBQ-In: 23.10 18:11:13,478| DQ-In: 23.10 18:11:14,276| C-In: 23.10 18:11:14,307|
lab29-90-<0.107.0>-T3: Msg #789, C-Out: 23.10 18:11:13,658| HBQ-In: 23.10 18:11:13,658| DQ-In: 23.10 18:11:14,276| C-In: 23.10 18:11:14,318|
lab29-85-<0.133.0>-T3: Msg #790, C-Out: 23.10 18:11:13,667| HBQ-In: 23.10 18:11:13,667| DQ-In: 23.10 18:11:14,276| C-In: 23.10 18:11:14,318|
lab29-80-<0.164.0>-T3: Msg #791, C-Out: 23.10 18:11:13,671| HBQ-In: 23.10 18:11:13,671| DQ-In: 23.10 18:11:14,276| C-In: 23.10 18:11:14,320|
lab29-95-<0.87.0>-T3: Msg #792, C-Out: 23.10 18:11:13,673| HBQ-In: 23.10 18:11:13,673| DQ-In: 23.10 18:11:14,276| C-In: 23.10 18:11:14,320|
lab29-75-<0.200.0>-T3: Msg #793, C-Out: 23.10 18:11:13,680| HBQ-In: 23.10 18:11:13,680| DQ-In: 23.10 18:11:14,276| C-In: 23.10 18:11:14,320|
ReceiveMsgs done
lab29-92-<0.99.0>-T3: Msg #854, C-Out: 23.10 18:11:15,322| gesendet
lab29-92-<0.99.0>-T3: Msg #923, C-Out: 23.10 18:11:16,325| gesendet
lab29-92-<0.99.0>-T3: Msg #972, C-Out: 23.10 18:11:17,329| gesendet
lab29-92-<0.99.0>-T3: Msg #1030, C-Out: 23.10 18:11:18,334| gesendet
lab29-92-<0.99.0>-T3: Msg #1092, C-Out: 23.10 18:11:19,335| gesendet
Neues Intervall: 1.5 Sekunden
Msg #1182 um 23.10 18:11:19,336| vergessen zu senden
lab29-91-<0.103.0>-T3: Msg #1040, C-Out: 23.10 18:11:18,558| HBQ-In: 23.10 18:11:18,558| DQ-In: 23.10 18:11:18,558| C-In: 23.10 18:11:19,336|
lab29-86-<0.129.0>-T3: Msg #1041, C-Out: 23.10 18:11:18,560| HBQ-In: 23.10 18:11:18,561| DQ-In: 23.10 18:11:18,561| C-In: 23.10 18:11:19,337|
lab29-76-<0.194.0>-T3: Msg #1042, C-Out: 23.10 18:11:18,578| HBQ-In: 23.10 18:11:18,579| DQ-In: 23.10 18:11:18,579| C-In: 23.10 18:11:19,337|
lab29-96-<0.84.0>-T3: Msg #1043, C-Out: 23.10 18:11:18,597| HBQ-In: 23.10 18:11:18,597| DQ-In: 23.10 18:11:18,597| C-In: 23.10 18:11:19,337|
lab29-65-<0.819.0>-T3: Msg #1044, C-Out: 23.10 18:11:18,692| HBQ-In: 23.10 18:11:18,692| DQ-In: 23.10 18:11:18,692| C-In: 23.10 18:11:19,338|
lab29-70-<0.519.0>-T3: Msg #1045, C-Out: 23.10 18:11:18,692| HBQ-In: 23.10 18:11:18,692| DQ-In: 23.10 18:11:18,692| C-In: 23.10 18:11:19,340|
Fehlernachricht fuer Luecke von 1046 bis 1046 C-In: 23.10 18:11:19,340|
lab29-60-<0.1170.0>-T3: Msg #1047, C-Out: 23.10 18:11:18,704| HBQ-In: 23.10 18:11:18,704| DQ-In: 23.10 18:11:18,759| C-In: 23.10 18:11:19,341|
lab29-85-<0.133.0>-T3: Msg #1048, C-Out: 23.10 18:11:18,704| HBQ-In: 23.10 18:11:18,704| DQ-In: 23.10 18:11:18,759| C-In: 23.10 18:11:19,341|
lab29-55-<0.1513.0>-T3: Msg #1049, C-Out: 23.10 18:11:18,706| HBQ-In: 23.10 18:11:18,706| DQ-In: 23.10 18:11:18,759| C-In: 23.10 18:11:19,341|
lab29-50-<0.1864.0>-T3: Msg #1050, C-Out: 23.10 18:11:18,706| HBQ-In: 23.10 18:11:18,706| DQ-In: 23.10 18:11:18,759| C-In: 23.10 18:11:19,341|
lab29-90-<0.107.0>-T3: Msg #1051, C-Out: 23.10 18:11:18,759| HBQ-In: 23.10 18:11:18,759| DQ-In: 23.10 18:11:18,759| C-In: 23.10 18:11:19,342|
lab29-80-<0.164.0>-T3: Msg #1052, C-Out: 23.10 18:11:18,759| HBQ-In: 23.10 18:11:18,759| DQ-In: 23.10 18:11:18,759| C-In: 23.10 18:11:19,342|
lab29-95-<0.87.0>-T3: Msg #1053, C-Out: 23.10 18:11:18,771| HBQ-In: 23.10 18:11:18,771| DQ-In: 23.10 18:11:18,771| C-In: 23.10 18:11:19,346|
Fehlernachricht fuer Luecke von 1054 bis 1054 C-In: 23.10 18:11:19,346|
lab29-75-<0.200.0>-T3: Msg #1055, C-Out: 23.10 18:11:18,774| HBQ-In: 23.10 18:11:18,775| DQ-In: 23.10 18:11:18,904| C-In: 23.10 18:11:19,348|
Fehlernachricht fuer Luecke von 1056 bis 1057 C-In: 23.10 18:11:19,350|
lab29-64-<0.899.0>-T3: Msg #1058, C-Out: 23.10 18:11:18,899| HBQ-In: 23.10 18:11:18,899| DQ-In: 23.10 18:11:18,904| C-In: 23.10 18:11:19,351|
lab29-69-<0.583.0>-T3: Msg #1059, C-Out: 23.10 18:11:18,899| HBQ-In: 23.10 18:11:18,899| DQ-In: 23.10 18:11:18,904| C-In: 23.10 18:11:19,351|
lab29-59-<0.1234.0>-T3: Msg #1060, C-Out: 23.10 18:11:18,899| HBQ-In: 23.10 18:11:18,899| DQ-In: 23.10 18:11:18,904| C-In: 23.10 18:11:19,351|
lab29-84-<0.140.0>-T3: Msg #1061, C-Out: 23.10 18:11:18,904| HBQ-In: 23.10 18:11:18,904| DQ-In: 23.10 18:11:18,904| C-In: 23.10 18:11:19,352|
lab29-54-<0.1586.0>-T3: Msg #1062, C-Out: 23.10 18:11:18,904| HBQ-In: 23.10 18:11:18,904| DQ-In: 23.10 18:11:18,904| C-In: 23.10 18:11:19,352|
lab29-89-<0.113.0>-T3: Msg #1063, C-Out: 23.10 18:11:18,904| HBQ-In: 23.10 18:11:18,904| DQ-In: 23.10 18:11:18,904| C-In: 23.10 18:11:19,352|
lab29-49-<0.1950.0>-T3: Msg #1064, C-Out: 23.10 18:11:18,908| HBQ-In: 23.10 18:11:18,908| DQ-In: 23.10 18:11:18,908| C-In: 23.10 18:11:19,353|
Fehlernachricht fuer Luecke von 1065 bis 1065 C-In: 23.10 18:11:19,355|
lab29-79-<0.173.0>-T3: Msg #1066, C-Out: 23.10 18:11:18,955| HBQ-In: 23.10 18:11:18,955| DQ-In: 23.10 18:11:19,102| C-In: 23.10 18:11:19,358|
lab29-74-<0.266.0>-T3: Msg #1067, C-Out: 23.10 18:11:18,963| HBQ-In: 23.10 18:11:18,963| DQ-In: 23.10 18:11:19,102| C-In: 23.10 18:11:19,360|
Fehlernachricht fuer Luecke von 1068 bis 1068 C-In: 23.10 18:11:19,363|
lab29-94-<0.91.0>-T3: Msg #1069, C-Out: 23.10 18:11:18,000| HBQ-In: 23.10 18:11:18,000| DQ-In: 23.10 18:11:19,112| C-In: 23.10 18:11:19,366|
Fehlernachricht fuer Luecke von 1070 bis 1070 C-In: 23.10 18:11:19,368|
lab29-68-<0.633.0>-T3: Msg #1071, C-Out: 23.10 18:11:19,096| HBQ-In: 23.10 18:11:19,097| DQ-In: 23.10 18:11:19,113| C-In: 23.10 18:11:19,368|
lab29-63-<0.983.0>-T3: Msg #1072, C-Out: 23.10 18:11:19,096| HBQ-In: 23.10 18:11:19,096| DQ-In: 23.10 18:11:19,113| C-In: 23.10 18:11:19,369|
lab29-58-<0.1296.0>-T3: Msg #1073, C-Out: 23.10 18:11:19,102| HBQ-In: 23.10 18:11:19,102| DQ-In: 23.10 18:11:19,113| C-In: 23.10 18:11:19,372|
lab29-53-<0.1650.0>-T3: Msg #1074, C-Out: 23.10 18:11:19,104| HBQ-In: 23.10 18:11:19,104| DQ-In: 23.10 18:11:19,113| C-In: 23.10 18:11:19,372|
lab29-48-<0.2035.0>-T3: Msg #1075, C-Out: 23.10 18:11:19,112| HBQ-In: 23.10 18:11:19,112| DQ-In: 23.10 18:11:19,113| C-In: 23.10 18:11:19,376|
lab29-93-<0.95.0>-T3: Msg #1076, C-Out: 23.10 18:11:19,112| HBQ-In: 23.10 18:11:19,112| DQ-In: 23.10 18:11:19,113| C-In: 23.10 18:11:19,378|
lab29-83-<0.147.0>-T3: Msg #1077, C-Out: 23.10 18:11:19,117| HBQ-In: 23.10 18:11:19,117| DQ-In: 23.10 18:11:19,117| C-In: 23.10 18:11:19,380|
lab29-78-<0.180.0>-T3: Msg #1078, C-Out: 23.10 18:11:19,120| HBQ-In: 23.10 18:11:19,120| DQ-In: 23.10 18:11:19,120| C-In: 23.10 18:11:19,381|
lab29-88-<0.118.0>-T3: Msg #1079, C-Out: 23.10 18:11:19,121| HBQ-In: 23.10 18:11:19,121| DQ-In: 23.10 18:11:19,121| C-In: 23.10 18:11:19,381|
lab29-73-<0.332.0>-T3: Msg #1080, C-Out: 23.10 18:11:19,122| HBQ-In: 23.10 18:11:19,122| DQ-In: 23.10 18:11:19,122| C-In: 23.10 18:11:19,382|
Fehlernachricht fuer Luecke von 1081 bis 1083 C-In: 23.10 18:11:19,382|
lab29-67-<0.708.0>-T3: Msg #1084, C-Out: 23.10 18:11:19,296| HBQ-In: 23.10 18:11:19,297| DQ-In: 23.10 18:11:19,316| C-In: 23.10 18:11:19,382|
lab29-62-<0.1043.0>-T3: Msg #1085, C-Out: 23.10 18:11:19,299| HBQ-In: 23.10 18:11:19,299| DQ-In: 23.10 18:11:19,316| C-In: 23.10 18:11:19,383|
lab29-57-<0.1365.0>-T3: Msg #1086, C-Out: 23.10 18:11:19,304| HBQ-In: 23.10 18:11:19,304| DQ-In: 23.10 18:11:19,316| C-In: 23.10 18:11:19,385|
lab29-52-<0.1713.0>-T3: Msg #1087, C-Out: 23.10 18:11:19,312| HBQ-In: 23.10 18:11:19,316| DQ-In: 23.10 18:11:19,316| C-In: 23.10 18:11:19,385|
lab29-47-<0.2127.0>-T3: Msg #1088, C-Out: 23.10 18:11:19,312| HBQ-In: 23.10 18:11:19,316| DQ-In: 23.10 18:11:19,316| C-In: 23.10 18:11:19,385|
lab29-87-<0.123.0>-T3: Msg #1089, C-Out: 23.10 18:11:19,312| HBQ-In: 23.10 18:11:19,314| DQ-In: 23.10 18:11:19,316| C-In: 23.10 18:11:19,386|
lab29-82-<0.153.0>-T3: Msg #1090, C-Out: 23.10 18:11:19,315| HBQ-In: 23.10 18:11:19,316| DQ-In: 23.10 18:11:19,316| C-In: 23.10 18:11:19,388|
lab29-72-<0.396.0>-T3: Msg #1091, C-Out: 23.10 18:11:19,325| HBQ-In: 23.10 18:11:19,326| DQ-In: 23.10 18:11:19,326| C-In: 23.10 18:11:19,388|
lab29-92-<0.99.0>-T3: Msg #1092, C-Out: 23.10 18:11:19,335| HBQ-In: 23.10 18:11:19,336| DQ-In: 23.10 18:11:19,336|******* C-In: 23.10 18:11:19,391|
lab29-77-<0.187.0>-T3: Msg #1093, C-Out: 23.10 18:11:19,378| HBQ-In: 23.10 18:11:19,378| DQ-In: 23.10 18:11:19,378| C-In: 23.10 18:11:19,392|
ReceiveMsgs done
lab29-92-<0.99.0>-T3: Msg #1186, C-Out: 23.10 18:11:20,897| gesendet
lab29-92-<0.99.0>-T3: Msg #1291, C-Out: 23.10 18:11:22,398| gesendet
lab29-92-<0.99.0>-T3: Msg #1410, C-Out: 23.10 18:11:23,900| gesendet
lab29-92-<0.99.0>-T3: Msg #1550, C-Out: 23.10 18:11:25,401| gesendet
lab29-92-<0.99.0>-T3: Msg #1689, C-Out: 23.10 18:11:26,904| gesendet
Neues Intervall: 2.25 Sekunden
Msg #1851 um 23.10 18:11:26,907| vergessen zu senden
lab29-28-<0.3729.0>-T3: Msg #1660, C-Out: 23.10 18:11:26,139| HBQ-In: 23.10 18:11:26,140| DQ-In: 23.10 18:11:26,555| C-In: 23.10 18:11:26,908|
lab29-23-<0.4130.0>-T3: Msg #1661, C-Out: 23.10 18:11:26,146| HBQ-In: 23.10 18:11:26,146| DQ-In: 23.10 18:11:26,555| C-In: 23.10 18:11:26,908|
lab29-53-<0.1650.0>-T3: Msg #1662, C-Out: 23.10 18:11:26,150| HBQ-In: 23.10 18:11:26,150| DQ-In: 23.10 18:11:26,555| C-In: 23.10 18:11:26,908|
lab29-18-<0.4519.0>-T3: Msg #1663, C-Out: 23.10 18:11:26,150| HBQ-In: 23.10 18:11:26,150| DQ-In: 23.10 18:11:26,555| C-In: 23.10 18:11:26,909|
lab29-13-<0.4921.0>-T3: Msg #1664, C-Out: 23.10 18:11:26,151| HBQ-In: 23.10 18:11:26,152| DQ-In: 23.10 18:11:26,555| C-In: 23.10 18:11:26,909|
Fehlernachricht fuer Luecke von 1665 bis 1665 C-In: 23.10 18:11:26,909|
lab29-58-<0.1296.0>-T3: Msg #1666, C-Out: 23.10 18:11:26,160| HBQ-In: 23.10 18:11:26,160| DQ-In: 23.10 18:11:26,630| C-In: 23.10 18:11:26,912|
lab29-48-<0.2035.0>-T3: Msg #1667, C-Out: 23.10 18:11:26,160| HBQ-In: 23.10 18:11:26,160| DQ-In: 23.10 18:11:26,630| C-In: 23.10 18:11:26,919|
Fehlernachricht fuer Luecke von 1668 bis 1668 C-In: 23.10 18:11:26,924|
lab29-38-<0.2880.0>-T3: Msg #1669, C-Out: 23.10 18:11:26,161| HBQ-In: 23.10 18:11:26,161| DQ-In: 23.10 18:11:26,635| C-In: 23.10 18:11:26,926|
Fehlernachricht fuer Luecke von 1670 bis 1670 C-In: 23.10 18:11:26,927|
lab29-43-<0.2458.0>-T3: Msg #1671, C-Out: 23.10 18:11:26,177| HBQ-In: 23.10 18:11:26,177| DQ-In: 23.10 18:11:26,635| C-In: 23.10 18:11:26,929|
Fehlernachricht fuer Luecke von 1672 bis 1676 C-In: 23.10 18:11:26,932|
lab29-32-<0.3394.0>-T3: Msg #1677, C-Out: 23.10 18:11:26,335| HBQ-In: 23.10 18:11:26,335| DQ-In: 23.10 18:11:26,635| C-In: 23.10 18:11:26,932|
lab29-27-<0.3815.0>-T3: Msg #1678, C-Out: 23.10 18:11:26,344| HBQ-In: 23.10 18:11:26,344| DQ-In: 23.10 18:11:26,635| C-In: 23.10 18:11:26,935|
lab29-22-<0.4210.0>-T3: Msg #1679, C-Out: 23.10 18:11:26,344| HBQ-In: 23.10 18:11:26,344| DQ-In: 23.10 18:11:26,635| C-In: 23.10 18:11:26,935|
lab29-17-<0.4601.0>-T3: Msg #1680, C-Out: 23.10 18:11:26,348| HBQ-In: 23.10 18:11:26,348| DQ-In: 23.10 18:11:26,635| C-In: 23.10 18:11:26,936|
lab29-12-<0.4991.0>-T3: Msg #1681, C-Out: 23.10 18:11:26,352| HBQ-In: 23.10 18:11:26,352| DQ-In: 23.10 18:11:26,635| C-In: 23.10 18:11:26,936|
Fehlernachricht fuer Luecke von 1682 bis 1682 C-In: 23.10 18:11:26,936|
lab29-47-<0.2127.0>-T3: Msg #1683, C-Out: 23.10 18:11:26,379| HBQ-In: 23.10 18:11:26,379| DQ-In: 23.10 18:11:26,641| C-In: 23.10 18:11:26,937|
lab29-42-<0.2545.0>-T3: Msg #1684, C-Out: 23.10 18:11:26,379| HBQ-In: 23.10 18:11:26,379| DQ-In: 23.10 18:11:26,641| C-In: 23.10 18:11:26,937|
lab29-52-<0.1713.0>-T3: Msg #1685, C-Out: 23.10 18:11:26,385| HBQ-In: 23.10 18:11:26,385| DQ-In: 23.10 18:11:26,641| C-In: 23.10 18:11:26,937|
lab29-57-<0.1365.0>-T3: Msg #1686, C-Out: 23.10 18:11:26,385| HBQ-In: 23.10 18:11:26,385| DQ-In: 23.10 18:11:26,641| C-In: 23.10 18:11:26,938|
lab29-37-<0.2967.0>-T3: Msg #1687, C-Out: 23.10 18:11:26,386| HBQ-In: 23.10 18:11:26,386| DQ-In: 23.10 18:11:26,641| C-In: 23.10 18:11:26,938|
Fehlernachricht fuer Luecke von 1688 bis 1695 C-In: 23.10 18:11:26,938|
lab29-31-<0.3480.0>-T3: Msg #1696, C-Out: 23.10 18:11:26,534| HBQ-In: 23.10 18:11:26,534| DQ-In: 23.10 18:11:26,644| C-In: 23.10 18:11:26,939|
Fehlernachricht fuer Luecke von 1697 bis 1697 C-In: 23.10 18:11:26,939|
lab29-26-<0.3898.0>-T3: Msg #1698, C-Out: 23.10 18:11:26,544| HBQ-In: 23.10 18:11:26,544| DQ-In: 23.10 18:11:26,644| C-In: 23.10 18:11:26,939|
Fehlernachricht fuer Luecke von 1699 bis 1699 C-In: 23.10 18:11:26,942|
lab29-16-<0.4681.0>-T3: Msg #1700, C-Out: 23.10 18:11:26,551| HBQ-In: 23.10 18:11:26,551| DQ-In: 23.10 18:11:26,644| C-In: 23.10 18:11:26,943|
lab29-56-<0.1439.0>-T3: Msg #1701, C-Out: 23.10 18:11:26,551| HBQ-In: 23.10 18:11:26,551| DQ-In: 23.10 18:11:26,644| C-In: 23.10 18:11:26,943|
lab29-21-<0.4291.0>-T3: Msg #1702, C-Out: 23.10 18:11:26,551| HBQ-In: 23.10 18:11:26,551| DQ-In: 23.10 18:11:26,644| C-In: 23.10 18:11:26,945|
lab29-46-<0.2213.0>-T3: Msg #1703, C-Out: 23.10 18:11:26,555| HBQ-In: 23.10 18:11:26,555| DQ-In: 23.10 18:11:26,644| C-In: 23.10 18:11:26,946|
lab29-11-<0.5067.0>-T3: Msg #1704, C-Out: 23.10 18:11:26,555| HBQ-In: 23.10 18:11:26,555| DQ-In: 23.10 18:11:26,644| C-In: 23.10 18:11:26,946|
lab29-51-<0.1789.0>-T3: Msg #1705, C-Out: 23.10 18:11:26,575| HBQ-In: 23.10 18:11:26,575| DQ-In: 23.10 18:11:26,645| C-In: 23.10 18:11:26,946|
lab29-36-<0.3048.0>-T3: Msg #1706, C-Out: 23.10 18:11:26,578| HBQ-In: 23.10 18:11:26,579| DQ-In: 23.10 18:11:26,645| C-In: 23.10 18:11:26,947|
Fehlernachricht fuer Luecke von 1707 bis 1707 C-In: 23.10 18:11:26,947|
lab29-41-<0.2632.0>-T3: Msg #1708, C-Out: 23.10 18:11:26,600| HBQ-In: 23.10 18:11:26,600| DQ-In: 23.10 18:11:26,752| C-In: 23.10 18:11:26,947|
Fehlernachricht fuer Luecke von 1709 bis 1715 C-In: 23.10 18:11:26,948|
lab29-30-<0.3559.0>-T3: Msg #1716, C-Out: 23.10 18:11:26,743| HBQ-In: 23.10 18:11:26,744| DQ-In: 23.10 18:11:26,755| C-In: 23.10 18:11:26,950|
Fehlernachricht fuer Luecke von 1717 bis 1717 C-In: 23.10 18:11:26,950|
lab29-20-<0.4365.0>-T3: Msg #1718, C-Out: 23.10 18:11:26,749| HBQ-In: 23.10 18:11:26,749| DQ-In: 23.10 18:11:26,764| C-In: 23.10 18:11:26,953|
lab29-25-<0.3973.0>-T3: Msg #1719, C-Out: 23.10 18:11:26,749| HBQ-In: 23.10 18:11:26,749| DQ-In: 23.10 18:11:26,764| C-In: 23.10 18:11:26,957|
lab29-35-<0.3134.0>-T3: Msg #1720, C-Out: 23.10 18:11:26,750| HBQ-In: 23.10 18:11:26,750| DQ-In: 23.10 18:11:26,764| C-In: 23.10 18:11:26,958|
Fehlernachricht fuer Luecke von 1721 bis 1721 C-In: 23.10 18:11:26,958|
lab29-15-<0.4762.0>-T3: Msg #1722, C-Out: 23.10 18:11:26,751| HBQ-In: 23.10 18:11:26,752| DQ-In: 23.10 18:11:26,810| C-In: 23.10 18:11:26,958|
lab29-10-<0.5112.0>-T3: Msg #1723, C-Out: 23.10 18:11:26,754| HBQ-In: 23.10 18:11:26,755| DQ-In: 23.10 18:11:26,810| C-In: 23.10 18:11:26,959|
lab29-40-<0.2707.0>-T3: Msg #1724, C-Out: 23.10 18:11:26,762| HBQ-In: 23.10 18:11:26,764| DQ-In: 23.10 18:11:26,810| C-In: 23.10 18:11:26,959|
lab29-45-<0.2293.0>-T3: Msg #1725, C-Out: 23.10 18:11:26,771| HBQ-In: 23.10 18:11:26,771| DQ-In: 23.10 18:11:26,810| C-In: 23.10 18:11:26,959|
lab29-55-<0.1513.0>-T3: Msg #1726, C-Out: 23.10 18:11:26,772| HBQ-In: 23.10 18:11:26,772| DQ-In: 23.10 18:11:26,810| C-In: 23.10 18:11:26,959|
Fehlernachricht fuer Luecke von 1727 bis 1727 C-In: 23.10 18:11:26,960|
lab29-50-<0.1864.0>-T3: Msg #1728, C-Out: 23.10 18:11:26,809| HBQ-In: 23.10 18:11:26,810| DQ-In: 23.10 18:11:26,957| C-In: 23.10 18:11:26,960|
ReceiveMsgs done
lab29-92-<0.99.0>-T3: Msg #1860, C-Out: 23.10 18:11:29,211| gesendet
lab29-92-<0.99.0>-T3: Msg #2080, C-Out: 23.10 18:11:31,462| gesendet
lab29-92-<0.99.0>-T3: Msg #2300, C-Out: 23.10 18:11:33,715| gesendet
lab29-92-<0.99.0>-T3: Msg #2482, C-Out: 23.10 18:11:35,972| gesendet
lab29-92-<0.99.0>-T3: Msg #2664, C-Out: 23.10 18:11:38,223| gesendet
Neues Intervall: 3.375 Sekunden
Msg #2820 um 23.10 18:11:38,224| vergessen zu senden
lab29-21-<0.4291.0>-T3: Msg #2609, C-Out: 23.10 18:11:36,673| HBQ-In: 23.10 18:11:36,676| DQ-In: 23.10 18:11:37,270| C-In: 23.10 18:11:38,228|
Fehlernachricht fuer Luecke von 2610 bis 2611 C-In: 23.10 18:11:38,228|
lab29-8-<0.5273.0>-T3: Msg #2612, C-Out: 23.10 18:11:36,212| HBQ-In: 23.10 18:11:36,212| DQ-In: 23.10 18:11:37,380| C-In: 23.10 18:11:38,233|
Fehlernachricht fuer Luecke von 2613 bis 2613 C-In: 23.10 18:11:38,234|
lab29-3-<0.5663.0>-T3: Msg #2614, C-Out: 23.10 18:11:36,230| HBQ-In: 23.10 18:11:36,230| DQ-In: 23.10 18:11:37,395| C-In: 23.10 18:11:38,234|
lab29-43-<0.2458.0>-T3: Msg #2615, C-Out: 23.10 18:11:36,736| HBQ-In: 23.10 18:11:36,736| DQ-In: 23.10 18:11:37,395| C-In: 23.10 18:11:38,234|
Fehlernachricht fuer Luecke von 2616 bis 2616 C-In: 23.10 18:11:38,236|
lab29-28-<0.3729.0>-T3: Msg #2617, C-Out: 23.10 18:11:36,753| HBQ-In: 23.10 18:11:36,753| DQ-In: 23.10 18:11:37,438| C-In: 23.10 18:11:38,237|
Fehlernachricht fuer Luecke von 2618 bis 2619 C-In: 23.10 18:11:38,237|
lab29-13-<0.4921.0>-T3: Msg #2620, C-Out: 23.10 18:11:36,790| HBQ-In: 23.10 18:11:36,790| DQ-In: 23.10 18:11:37,485| C-In: 23.10 18:11:38,239|
lab29-35-<0.3134.0>-T3: Msg #2621, C-Out: 23.10 18:11:36,829| HBQ-In: 23.10 18:11:36,829| DQ-In: 23.10 18:11:37,485| C-In: 23.10 18:11:38,241|
lab29-20-<0.4365.0>-T3: Msg #2622, C-Out: 23.10 18:11:36,897| HBQ-In: 23.10 18:11:36,900| DQ-In: 23.10 18:11:37,485| C-In: 23.10 18:11:38,241|
Fehlernachricht fuer Luecke von 2623 bis 2625 C-In: 23.10 18:11:38,242|
lab29-7-<0.5358.0>-T3: Msg #2626, C-Out: 23.10 18:11:36,424| HBQ-In: 23.10 18:11:36,424| DQ-In: 23.10 18:11:37,584| C-In: 23.10 18:11:38,244|
Fehlernachricht fuer Luecke von 2627 bis 2627 C-In: 23.10 18:11:38,244|
lab29-2-<0.5741.0>-T3: Msg #2628, C-Out: 23.10 18:11:36,437| HBQ-In: 23.10 18:11:36,437| DQ-In: 23.10 18:11:37,628| C-In: 23.10 18:11:38,245|
Fehlernachricht fuer Luecke von 2629 bis 2629 C-In: 23.10 18:11:38,246|
lab29-42-<0.2545.0>-T3: Msg #2630, C-Out: 23.10 18:11:36,942| HBQ-In: 23.10 18:11:36,943| DQ-In: 23.10 18:11:37,646| C-In: 23.10 18:11:38,248|
Fehlernachricht fuer Luecke von 2631 bis 2631 C-In: 23.10 18:11:38,251|
lab29-27-<0.3815.0>-T3: Msg #2632, C-Out: 23.10 18:11:36,975| HBQ-In: 23.10 18:11:36,975| DQ-In: 23.10 18:11:37,672| C-In: 23.10 18:11:38,254|
lab29-83-<0.147.0>-T3: Msg #2633, C-Out: 23.10 18:11:37,725| HBQ-In: 23.10 18:11:37,725| DQ-In: 23.10 18:11:37,725| C-In: 23.10 18:11:38,255|
lab29-12-<0.4991.0>-T3: Msg #2634, C-Out: 23.10 18:11:36,976| HBQ-In: 23.10 18:11:36,976| DQ-In: 23.10 18:11:37,725| C-In: 23.10 18:11:38,256|
