lab29-95-<0.87.0>-T3 C-Start: 23.10 18:11:08,646|
lab29-95-<0.87.0>-T3: Msg #689, C-Out: 23.10 18:11:09,662| gesendet
lab29-95-<0.87.0>-T3: Msg #700, C-Out: 23.10 18:11:10,665| gesendet
lab29-95-<0.87.0>-T3: Msg #741, C-Out: 23.10 18:11:11,668| gesendet
lab29-95-<0.87.0>-T3: Msg #762, C-Out: 23.10 18:11:12,671| gesendet
lab29-95-<0.87.0>-T3: Msg #792, C-Out: 23.10 18:11:13,673| gesendet
Neues Intervall: 1 Sekunden
Msg #827 um 23.10 18:11:13,674| vergessen zu senden
4-client@lab23: 729. Nachricht--Gruppe:1-Team:5-Sendezeit:18:11:12 HBQ-In: 23.10 18:11:12,412| DQ-In: 23.10 18:11:12,412| C-In: 23.10 18:11:13,674|
2-client@lab23: 730. Nachricht--Gruppe:1-Team:5-Sendezeit:18:11:10 HBQ-In: 23.10 18:11:10,413| DQ-In: 23.10 18:11:12,412| C-In: 23.10 18:11:13,676|
2-client@lab23: 731. Nachricht--Gruppe:1-Team:5-Sendezeit:18:11:10 HBQ-In: 23.10 18:11:10,415| DQ-In: 23.10 18:11:12,412| C-In: 23.10 18:11:13,676|
1-client@lab23: 732. Nachricht--Gruppe:1-Team:5-Sendezeit:18:11:12 HBQ-In: 23.10 18:11:12,417| DQ-In: 23.10 18:11:12,417| C-In: 23.10 18:11:13,676|
2-client@lab23: 733. Nachricht--Gruppe:1-Team:5-Sendezeit:18:11:10 HBQ-In: 23.10 18:11:10,416| DQ-In: 23.10 18:11:12,417| C-In: 23.10 18:11:13,677|
2-client@lab23: 734. Nachricht--Gruppe:1-Team:5-Sendezeit:18:11:10 HBQ-In: 23.10 18:11:10,417| DQ-In: 23.10 18:11:12,417| C-In: 23.10 18:11:13,677|
2-client@lab23: 735. Nachricht--Gruppe:1-Team:5-Sendezeit:18:11:12 HBQ-In: 23.10 18:11:12,420| DQ-In: 23.10 18:11:12,420| C-In: 23.10 18:11:13,677|
lab29-96-<0.84.0>-T3: Msg #736, C-Out: 23.10 18:11:11,451| HBQ-In: 23.10 18:11:11,451| DQ-In: 23.10 18:11:12,420| C-In: 23.10 18:11:13,678|
lab29-91-<0.103.0>-T3: Msg #737, C-Out: 23.10 18:11:11,455| HBQ-In: 23.10 18:11:11,455| DQ-In: 23.10 18:11:12,420| C-In: 23.10 18:11:13,678|
lab29-86-<0.129.0>-T3: Msg #738, C-Out: 23.10 18:11:11,460| HBQ-In: 23.10 18:11:11,460| DQ-In: 23.10 18:11:12,420| C-In: 23.10 18:11:13,680|
lab29-90-<0.107.0>-T3: Msg #739, C-Out: 23.10 18:11:11,652| HBQ-In: 23.10 18:11:11,652| DQ-In: 23.10 18:11:12,420| C-In: 23.10 18:11:13,680|
lab29-85-<0.133.0>-T3: Msg #740, C-Out: 23.10 18:11:11,661| HBQ-In: 23.10 18:11:11,661| DQ-In: 23.10 18:11:12,420| C-In: 23.10 18:11:13,681|
lab29-95-<0.87.0>-T3: Msg #741, C-Out: 23.10 18:11:11,668| HBQ-In: 23.10 18:11:11,668| DQ-In: 23.10 18:11:12,420|******* C-In: 23.10 18:11:13,682|
lab29-100-<0.40.0>-T3: Msg #742, C-Out: 23.10 18:11:11,670| HBQ-In: 23.10 18:11:11,670| DQ-In: 23.10 18:11:12,420| C-In: 23.10 18:11:13,682|
lab29-99-<0.49.0>-T3: Msg #743, C-Out: 23.10 18:11:11,852| HBQ-In: 23.10 18:11:11,852| DQ-In: 23.10 18:11:12,420| C-In: 23.10 18:11:13,683|
lab29-89-<0.113.0>-T3: Msg #744, C-Out: 23.10 18:11:11,857| HBQ-In: 23.10 18:11:11,857| DQ-In: 23.10 18:11:12,420| C-In: 23.10 18:11:13,683|
lab29-94-<0.91.0>-T3: Msg #745, C-Out: 23.10 18:11:11,859| HBQ-In: 23.10 18:11:11,859| DQ-In: 23.10 18:11:12,420| C-In: 23.10 18:11:13,683|
lab29-84-<0.140.0>-T3: Msg #746, C-Out: 23.10 18:11:11,863| HBQ-In: 23.10 18:11:11,863| DQ-In: 23.10 18:11:12,420| C-In: 23.10 18:11:13,686|
lab29-98-<0.78.0>-T3: Msg #747, C-Out: 23.10 18:11:12,052| HBQ-In: 23.10 18:11:12,052| DQ-In: 23.10 18:11:12,420| C-In: 23.10 18:11:13,690|
lab29-88-<0.118.0>-T3: Msg #748, C-Out: 23.10 18:11:12,056| HBQ-In: 23.10 18:11:12,056| DQ-In: 23.10 18:11:12,420| C-In: 23.10 18:11:13,695|
lab29-93-<0.95.0>-T3: Msg #749, C-Out: 23.10 18:11:12,059| HBQ-In: 23.10 18:11:12,059| DQ-In: 23.10 18:11:12,420| C-In: 23.10 18:11:13,698|
lab29-83-<0.147.0>-T3: Msg #750, C-Out: 23.10 18:11:12,063| HBQ-In: 23.10 18:11:12,063| DQ-In: 23.10 18:11:12,420| C-In: 23.10 18:11:13,702|
lab29-92-<0.99.0>-T3: Msg #751, C-Out: 23.10 18:11:12,257| HBQ-In: 23.10 18:11:12,257| DQ-In: 23.10 18:11:12,420| C-In: 23.10 18:11:13,705|
lab29-97-<0.81.0>-T3: Msg #752, C-Out: 23.10 18:11:12,257| HBQ-In: 23.10 18:11:12,257| DQ-In: 23.10 18:11:12,420| C-In: 23.10 18:11:13,708|
lab29-87-<0.123.0>-T3: Msg #753, C-Out: 23.10 18:11:12,262| HBQ-In: 23.10 18:11:12,262| DQ-In: 23.10 18:11:12,420| C-In: 23.10 18:11:13,713|
lab29-82-<0.153.0>-T3: Msg #754, C-Out: 23.10 18:11:12,266| HBQ-In: 23.10 18:11:12,266| DQ-In: 23.10 18:11:12,420| C-In: 23.10 18:11:13,716|
lab29-96-<0.84.0>-T3: Msg #755, C-Out: 23.10 18:11:12,454| HBQ-In: 23.10 18:11:12,454| DQ-In: 23.10 18:11:12,454| C-In: 23.10 18:11:13,720|
lab29-91-<0.103.0>-T3: Msg #756, C-Out: 23.10 18:11:12,458| HBQ-In: 23.10 18:11:12,458| DQ-In: 23.10 18:11:12,458| C-In: 23.10 18:11:13,723|
lab29-86-<0.129.0>-T3: Msg #757, C-Out: 23.10 18:11:12,463| HBQ-In: 23.10 18:11:12,463| DQ-In: 23.10 18:11:12,463| C-In: 23.10 18:11:13,725|
lab29-81-<0.159.0>-T3: Msg #758, C-Out: 23.10 18:11:12,467| HBQ-In: 23.10 18:11:12,467| DQ-In: 23.10 18:11:12,467| C-In: 23.10 18:11:13,729|
lab29-90-<0.107.0>-T3: Msg #759, C-Out: 23.10 18:11:12,655| HBQ-In: 23.10 18:11:12,655| DQ-In: 23.10 18:11:12,655| C-In: 23.10 18:11:13,732|
lab29-85-<0.133.0>-T3: Msg #760, C-Out: 23.10 18:11:12,664| HBQ-In: 23.10 18:11:12,664| DQ-In: 23.10 18:11:12,664| C-In: 23.10 18:11:13,734|
lab29-80-<0.164.0>-T3: Msg #761, C-Out: 23.10 18:11:12,668| HBQ-In: 23.10 18:11:12,668| DQ-In: 23.10 18:11:12,668| C-In: 23.10 18:11:13,738|
lab29-95-<0.87.0>-T3: Msg #762, C-Out: 23.10 18:11:12,671| HBQ-In: 23.10 18:11:12,671| DQ-In: 23.10 18:11:12,671|******* C-In: 23.10 18:11:13,739|
lab29-100-<0.40.0>-T3: Msg #763, C-Out: 23.10 18:11:12,674| HBQ-In: 23.10 18:11:12,674| DQ-In: 23.10 18:11:12,674| C-In: 23.10 18:11:13,741|
lab29-99-<0.49.0>-T3: Msg #764, C-Out: 23.10 18:11:12,855| HBQ-In: 23.10 18:11:12,855| DQ-In: 23.10 18:11:12,855| C-In: 23.10 18:11:13,742|
lab29-89-<0.113.0>-T3: Msg #765, C-Out: 23.10 18:11:12,861| HBQ-In: 23.10 18:11:12,861| DQ-In: 23.10 18:11:12,861| C-In: 23.10 18:11:13,744|
lab29-94-<0.91.0>-T3: Msg #766, C-Out: 23.10 18:11:12,862| HBQ-In: 23.10 18:11:12,862| DQ-In: 23.10 18:11:12,862| C-In: 23.10 18:11:13,746|
lab29-84-<0.140.0>-T3: Msg #767, C-Out: 23.10 18:11:12,866| HBQ-In: 23.10 18:11:12,866| DQ-In: 23.10 18:11:12,866| C-In: 23.10 18:11:13,748|
lab29-79-<0.173.0>-T3: Msg #768, C-Out: 23.10 18:11:12,874| HBQ-In: 23.10 18:11:12,875| DQ-In: 23.10 18:11:12,875| C-In: 23.10 18:11:13,753|
lab29-98-<0.78.0>-T3: Msg #769, C-Out: 23.10 18:11:13,055| HBQ-In: 23.10 18:11:13,055| DQ-In: 23.10 18:11:13,055| C-In: 23.10 18:11:13,755|
lab29-88-<0.118.0>-T3: Msg #770, C-Out: 23.10 18:11:13,059| HBQ-In: 23.10 18:11:13,060| DQ-In: 23.10 18:11:13,060| C-In: 23.10 18:11:13,757|
lab29-93-<0.95.0>-T3: Msg #771, C-Out: 23.10 18:11:13,064| HBQ-In: 23.10 18:11:13,064| DQ-In: 23.10 18:11:13,064| C-In: 23.10 18:11:13,759|
lab29-83-<0.147.0>-T3: Msg #772, C-Out: 23.10 18:11:13,066| HBQ-In: 23.10 18:11:13,067| DQ-In: 23.10 18:11:13,067| C-In: 23.10 18:11:13,760|
lab29-78-<0.180.0>-T3: Msg #773, C-Out: 23.10 18:11:13,071| HBQ-In: 23.10 18:11:13,071| DQ-In: 23.10 18:11:13,071| C-In: 23.10 18:11:13,760|
lab29-97-<0.81.0>-T3: Msg #774, C-Out: 23.10 18:11:13,261| HBQ-In: 23.10 18:11:13,261| DQ-In: 23.10 18:11:13,261| C-In: 23.10 18:11:13,761|
lab29-92-<0.99.0>-T3: Msg #775, C-Out: 23.10 18:11:13,261| HBQ-In: 23.10 18:11:13,261| DQ-In: 23.10 18:11:13,261| C-In: 23.10 18:11:13,761|
lab29-87-<0.123.0>-T3: Msg #776, C-Out: 23.10 18:11:13,266| HBQ-In: 23.10 18:11:13,266| DQ-In: 23.10 18:11:13,266| C-In: 23.10 18:11:13,761|
lab29-82-<0.153.0>-T3: Msg #777, C-Out: 23.10 18:11:13,271| HBQ-In: 23.10 18:11:13,271| DQ-In: 23.10 18:11:13,271| C-In: 23.10 18:11:13,762|
lab29-77-<0.187.0>-T3: Msg #778, C-Out: 23.10 18:11:13,275| HBQ-In: 23.10 18:11:13,275| DQ-In: 23.10 18:11:13,275| C-In: 23.10 18:11:13,762|
ReceiveMsgs done
lab29-95-<0.87.0>-T3: Msg #831, C-Out: 23.10 18:11:14,765| gesendet
lab29-95-<0.87.0>-T3: Msg #897, C-Out: 23.10 18:11:15,766| gesendet
lab29-95-<0.87.0>-T3: Msg #942, C-Out: 23.10 18:11:16,767| gesendet
lab29-95-<0.87.0>-T3: Msg #999, C-Out: 23.10 18:11:17,769| gesendet
lab29-95-<0.87.0>-T3: Msg #1053, C-Out: 23.10 18:11:18,771| gesendet
Neues Intervall: 1.5 Sekunden
Msg #1144 um 23.10 18:11:18,771| vergessen zu senden
lab29-59-<0.1234.0>-T3: Msg #1004, C-Out: 23.10 18:11:17,897| HBQ-In: 23.10 18:11:17,898| DQ-In: 23.10 18:11:18,314| C-In: 23.10 18:11:18,771|
lab29-89-<0.113.0>-T3: Msg #1005, C-Out: 23.10 18:11:17,903| HBQ-In: 23.10 18:11:17,903| DQ-In: 23.10 18:11:18,314| C-In: 23.10 18:11:18,774|
lab29-84-<0.140.0>-T3: Msg #1006, C-Out: 23.10 18:11:17,903| HBQ-In: 23.10 18:11:17,903| DQ-In: 23.10 18:11:18,314| C-In: 23.10 18:11:18,775|
lab29-54-<0.1586.0>-T3: Msg #1007, C-Out: 23.10 18:11:17,903| HBQ-In: 23.10 18:11:17,903| DQ-In: 23.10 18:11:18,314| C-In: 23.10 18:11:18,777|
lab29-99-<0.49.0>-T3: Msg #1008, C-Out: 23.10 18:11:17,949| HBQ-In: 23.10 18:11:17,950| DQ-In: 23.10 18:11:18,314| C-In: 23.10 18:11:18,781|
lab29-79-<0.173.0>-T3: Msg #1009, C-Out: 23.10 18:11:17,954| HBQ-In: 23.10 18:11:17,954| DQ-In: 23.10 18:11:18,314| C-In: 23.10 18:11:18,784|
lab29-94-<0.91.0>-T3: Msg #1010, C-Out: 23.10 18:11:17,998| HBQ-In: 23.10 18:11:17,998| DQ-In: 23.10 18:11:18,314| C-In: 23.10 18:11:18,789|
Fehlernachricht fuer Luecke von 1011 bis 1011 C-In: 23.10 18:11:18,792|
lab29-73-<0.332.0>-T3: Msg #1012, C-Out: 23.10 18:11:18,088| HBQ-In: 23.10 18:11:18,088| DQ-In: 23.10 18:11:18,505| C-In: 23.10 18:11:18,796|
lab29-68-<0.633.0>-T3: Msg #1013, C-Out: 23.10 18:11:18,093| HBQ-In: 23.10 18:11:18,093| DQ-In: 23.10 18:11:18,505| C-In: 23.10 18:11:18,799|
lab29-63-<0.983.0>-T3: Msg #1014, C-Out: 23.10 18:11:18,094| HBQ-In: 23.10 18:11:18,094| DQ-In: 23.10 18:11:18,505| C-In: 23.10 18:11:18,802|
lab29-58-<0.1296.0>-T3: Msg #1015, C-Out: 23.10 18:11:18,101| HBQ-In: 23.10 18:11:18,101| DQ-In: 23.10 18:11:18,505| C-In: 23.10 18:11:18,806|
lab29-53-<0.1650.0>-T3: Msg #1016, C-Out: 23.10 18:11:18,103| HBQ-In: 23.10 18:11:18,103| DQ-In: 23.10 18:11:18,505| C-In: 23.10 18:11:18,808|
lab29-93-<0.95.0>-T3: Msg #1017, C-Out: 23.10 18:11:18,110| HBQ-In: 23.10 18:11:18,110| DQ-In: 23.10 18:11:18,505| C-In: 23.10 18:11:18,811|
lab29-83-<0.147.0>-T3: Msg #1018, C-Out: 23.10 18:11:18,116| HBQ-In: 23.10 18:11:18,116| DQ-In: 23.10 18:11:18,505| C-In: 23.10 18:11:18,816|
lab29-78-<0.180.0>-T3: Msg #1019, C-Out: 23.10 18:11:18,118| HBQ-In: 23.10 18:11:18,118| DQ-In: 23.10 18:11:18,505| C-In: 23.10 18:11:18,818|
lab29-88-<0.118.0>-T3: Msg #1020, C-Out: 23.10 18:11:18,120| HBQ-In: 23.10 18:11:18,120| DQ-In: 23.10 18:11:18,508| C-In: 23.10 18:11:18,819|
lab29-98-<0.78.0>-T3: Msg #1021, C-Out: 23.10 18:11:18,158| HBQ-In: 23.10 18:11:18,158| DQ-In: 23.10 18:11:18,508| C-In: 23.10 18:11:18,820|
lab29-72-<0.396.0>-T3: Msg #1022, C-Out: 23.10 18:11:18,291| HBQ-In: 23.10 18:11:18,291| DQ-In: 23.10 18:11:18,508| C-In: 23.10 18:11:18,820|
Fehlernachricht fuer Luecke von 1023 bis 1023 C-In: 23.10 18:11:18,820|
lab29-67-<0.708.0>-T3: Msg #1024, C-Out: 23.10 18:11:18,293| HBQ-In: 23.10 18:11:18,293| DQ-In: 23.10 18:11:18,513| C-In: 23.10 18:11:18,821|
lab29-62-<0.1043.0>-T3: Msg #1025, C-Out: 23.10 18:11:18,295| HBQ-In: 23.10 18:11:18,296| DQ-In: 23.10 18:11:18,513| C-In: 23.10 18:11:18,821|
lab29-57-<0.1365.0>-T3: Msg #1026, C-Out: 23.10 18:11:18,303| HBQ-In: 23.10 18:11:18,303| DQ-In: 23.10 18:11:18,513| C-In: 23.10 18:11:18,821|
lab29-52-<0.1713.0>-T3: Msg #1027, C-Out: 23.10 18:11:18,309| HBQ-In: 23.10 18:11:18,309| DQ-In: 23.10 18:11:18,513| C-In: 23.10 18:11:18,822|
lab29-87-<0.123.0>-T3: Msg #1028, C-Out: 23.10 18:11:18,310| HBQ-In: 23.10 18:11:18,310| DQ-In: 23.10 18:11:18,513| C-In: 23.10 18:11:18,822|
lab29-82-<0.153.0>-T3: Msg #1029, C-Out: 23.10 18:11:18,314| HBQ-In: 23.10 18:11:18,314| DQ-In: 23.10 18:11:18,513| C-In: 23.10 18:11:18,822|
lab29-92-<0.99.0>-T3: Msg #1030, C-Out: 23.10 18:11:18,334| HBQ-In: 23.10 18:11:18,334| DQ-In: 23.10 18:11:18,513| C-In: 23.10 18:11:18,823|
lab29-77-<0.187.0>-T3: Msg #1031, C-Out: 23.10 18:11:18,377| HBQ-In: 23.10 18:11:18,377| DQ-In: 23.10 18:11:18,513| C-In: 23.10 18:11:18,823|
lab29-97-<0.81.0>-T3: Msg #1032, C-Out: 23.10 18:11:18,439| HBQ-In: 23.10 18:11:18,439| DQ-In: 23.10 18:11:18,513| C-In: 23.10 18:11:18,823|
Fehlernachricht fuer Luecke von 1033 bis 1033 C-In: 23.10 18:11:18,824|
lab29-66-<0.743.0>-T3: Msg #1034, C-Out: 23.10 18:11:18,494| HBQ-In: 23.10 18:11:18,494| DQ-In: 23.10 18:11:18,523| C-In: 23.10 18:11:18,824|
lab29-71-<0.461.0>-T3: Msg #1035, C-Out: 23.10 18:11:18,494| HBQ-In: 23.10 18:11:18,494| DQ-In: 23.10 18:11:18,523| C-In: 23.10 18:11:18,826|
lab29-61-<0.1100.0>-T3: Msg #1036, C-Out: 23.10 18:11:18,501| HBQ-In: 23.10 18:11:18,502| DQ-In: 23.10 18:11:18,523| C-In: 23.10 18:11:18,827|
lab29-56-<0.1439.0>-T3: Msg #1037, C-Out: 23.10 18:11:18,505| HBQ-In: 23.10 18:11:18,505| DQ-In: 23.10 18:11:18,523| C-In: 23.10 18:11:18,827|
lab29-51-<0.1789.0>-T3: Msg #1038, C-Out: 23.10 18:11:18,506| HBQ-In: 23.10 18:11:18,508| DQ-In: 23.10 18:11:18,523| C-In: 23.10 18:11:18,827|
lab29-81-<0.159.0>-T3: Msg #1039, C-Out: 23.10 18:11:18,510| HBQ-In: 23.10 18:11:18,510| DQ-In: 23.10 18:11:18,523| C-In: 23.10 18:11:18,828|
lab29-91-<0.103.0>-T3: Msg #1040, C-Out: 23.10 18:11:18,558| HBQ-In: 23.10 18:11:18,558| DQ-In: 23.10 18:11:18,558| C-In: 23.10 18:11:18,828|
lab29-86-<0.129.0>-T3: Msg #1041, C-Out: 23.10 18:11:18,560| HBQ-In: 23.10 18:11:18,561| DQ-In: 23.10 18:11:18,561| C-In: 23.10 18:11:18,828|
lab29-76-<0.194.0>-T3: Msg #1042, C-Out: 23.10 18:11:18,578| HBQ-In: 23.10 18:11:18,579| DQ-In: 23.10 18:11:18,579| C-In: 23.10 18:11:18,829|
lab29-96-<0.84.0>-T3: Msg #1043, C-Out: 23.10 18:11:18,597| HBQ-In: 23.10 18:11:18,597| DQ-In: 23.10 18:11:18,597| C-In: 23.10 18:11:18,829|
lab29-65-<0.819.0>-T3: Msg #1044, C-Out: 23.10 18:11:18,692| HBQ-In: 23.10 18:11:18,692| DQ-In: 23.10 18:11:18,692| C-In: 23.10 18:11:18,829|
lab29-70-<0.519.0>-T3: Msg #1045, C-Out: 23.10 18:11:18,692| HBQ-In: 23.10 18:11:18,692| DQ-In: 23.10 18:11:18,692| C-In: 23.10 18:11:18,829|
Fehlernachricht fuer Luecke von 1046 bis 1046 C-In: 23.10 18:11:18,830|
lab29-60-<0.1170.0>-T3: Msg #1047, C-Out: 23.10 18:11:18,704| HBQ-In: 23.10 18:11:18,704| DQ-In: 23.10 18:11:18,759| C-In: 23.10 18:11:18,830|
lab29-85-<0.133.0>-T3: Msg #1048, C-Out: 23.10 18:11:18,704| HBQ-In: 23.10 18:11:18,704| DQ-In: 23.10 18:11:18,759| C-In: 23.10 18:11:18,830|
lab29-55-<0.1513.0>-T3: Msg #1049, C-Out: 23.10 18:11:18,706| HBQ-In: 23.10 18:11:18,706| DQ-In: 23.10 18:11:18,759| C-In: 23.10 18:11:18,831|
lab29-50-<0.1864.0>-T3: Msg #1050, C-Out: 23.10 18:11:18,706| HBQ-In: 23.10 18:11:18,706| DQ-In: 23.10 18:11:18,759| C-In: 23.10 18:11:18,831|
lab29-90-<0.107.0>-T3: Msg #1051, C-Out: 23.10 18:11:18,759| HBQ-In: 23.10 18:11:18,759| DQ-In: 23.10 18:11:18,759| C-In: 23.10 18:11:18,831|
lab29-80-<0.164.0>-T3: Msg #1052, C-Out: 23.10 18:11:18,759| HBQ-In: 23.10 18:11:18,759| DQ-In: 23.10 18:11:18,759| C-In: 23.10 18:11:18,832|
lab29-95-<0.87.0>-T3: Msg #1053, C-Out: 23.10 18:11:18,771| HBQ-In: 23.10 18:11:18,771| DQ-In: 23.10 18:11:18,771|******* C-In: 23.10 18:11:18,832|
ReceiveMsgs done
lab29-95-<0.87.0>-T3: Msg #1146, C-Out: 23.10 18:11:20,333| gesendet
lab29-95-<0.87.0>-T3: Msg #1252, C-Out: 23.10 18:11:21,834| gesendet
lab29-95-<0.87.0>-T3: Msg #1365, C-Out: 23.10 18:11:23,335| gesendet
lab29-95-<0.87.0>-T3: Msg #1507, C-Out: 23.10 18:11:24,836| gesendet
lab29-95-<0.87.0>-T3: Msg #1639, C-Out: 23.10 18:11:26,340| gesendet
Neues Intervall: 2.25 Sekunden
Msg #1772 um 23.10 18:11:26,341| vergessen zu senden
lab29-68-<0.633.0>-T3: Msg #1582, C-Out: 23.10 18:11:25,731| HBQ-In: 23.10 18:11:25,731| DQ-In: 23.10 18:11:25,731| C-In: 23.10 18:11:26,343|
lab29-98-<0.78.0>-T3: Msg #1583, C-Out: 23.10 18:11:25,731| HBQ-In: 23.10 18:11:25,731| DQ-In: 23.10 18:11:25,731| C-In: 23.10 18:11:26,343|
Fehlernachricht fuer Luecke von 1584 bis 1584 C-In: 23.10 18:11:26,344|
lab29-32-<0.3394.0>-T3: Msg #1585, C-Out: 23.10 18:11:25,332| HBQ-In: 23.10 18:11:25,332| DQ-In: 23.10 18:11:25,750| C-In: 23.10 18:11:26,344|
lab29-37-<0.2967.0>-T3: Msg #1586, C-Out: 23.10 18:11:25,332| HBQ-In: 23.10 18:11:25,332| DQ-In: 23.10 18:11:25,750| C-In: 23.10 18:11:26,345|
Fehlernachricht fuer Luecke von 1587 bis 1587 C-In: 23.10 18:11:26,345|
lab29-27-<0.3815.0>-T3: Msg #1588, C-Out: 23.10 18:11:25,341| HBQ-In: 23.10 18:11:25,342| DQ-In: 23.10 18:11:25,769| C-In: 23.10 18:11:26,345|
lab29-22-<0.4210.0>-T3: Msg #1589, C-Out: 23.10 18:11:25,343| HBQ-In: 23.10 18:11:25,343| DQ-In: 23.10 18:11:25,769| C-In: 23.10 18:11:26,346|
lab29-17-<0.4601.0>-T3: Msg #1590, C-Out: 23.10 18:11:25,347| HBQ-In: 23.10 18:11:25,347| DQ-In: 23.10 18:11:25,769| C-In: 23.10 18:11:26,346|
Fehlernachricht fuer Luecke von 1591 bis 1591 C-In: 23.10 18:11:26,346|
lab29-62-<0.1043.0>-T3: Msg #1592, C-Out: 23.10 18:11:25,360| HBQ-In: 23.10 18:11:25,360| DQ-In: 23.10 18:11:25,867| C-In: 23.10 18:11:26,346|
lab29-75-<0.200.0>-T3: Msg #1593, C-Out: 23.10 18:11:25,866| HBQ-In: 23.10 18:11:25,867| DQ-In: 23.10 18:11:25,867| C-In: 23.10 18:11:26,347|
lab29-47-<0.2127.0>-T3: Msg #1594, C-Out: 23.10 18:11:25,369| HBQ-In: 23.10 18:11:25,377| DQ-In: 23.10 18:11:25,867| C-In: 23.10 18:11:26,348|
lab29-42-<0.2545.0>-T3: Msg #1595, C-Out: 23.10 18:11:25,376| HBQ-In: 23.10 18:11:25,377| DQ-In: 23.10 18:11:25,867| C-In: 23.10 18:11:26,348|
lab29-52-<0.1713.0>-T3: Msg #1596, C-Out: 23.10 18:11:25,383| HBQ-In: 23.10 18:11:25,383| DQ-In: 23.10 18:11:25,867| C-In: 23.10 18:11:26,349|
lab29-67-<0.708.0>-T3: Msg #1597, C-Out: 23.10 18:11:25,883| HBQ-In: 23.10 18:11:25,883| DQ-In: 23.10 18:11:25,883| C-In: 23.10 18:11:26,349|
lab29-57-<0.1365.0>-T3: Msg #1598, C-Out: 23.10 18:11:25,384| HBQ-In: 23.10 18:11:25,384| DQ-In: 23.10 18:11:25,883| C-In: 23.10 18:11:26,350|
lab29-82-<0.153.0>-T3: Msg #1599, C-Out: 23.10 18:11:25,885| HBQ-In: 23.10 18:11:25,886| DQ-In: 23.10 18:11:25,886| C-In: 23.10 18:11:26,350|
lab29-89-<0.113.0>-T3: Msg #1600, C-Out: 23.10 18:11:25,937| HBQ-In: 23.10 18:11:25,937| DQ-In: 23.10 18:11:25,937| C-In: 23.10 18:11:26,351|
Fehlernachricht fuer Luecke von 1601 bis 1602 C-In: 23.10 18:11:26,351|
lab29-36-<0.3048.0>-T3: Msg #1603, C-Out: 23.10 18:11:25,533| HBQ-In: 23.10 18:11:25,533| DQ-In: 23.10 18:11:25,950| C-In: 23.10 18:11:26,351|
Fehlernachricht fuer Luecke von 1604 bis 1604 C-In: 23.10 18:11:26,351|
lab29-31-<0.3480.0>-T3: Msg #1605, C-Out: 23.10 18:11:25,533| HBQ-In: 23.10 18:11:25,533| DQ-In: 23.10 18:11:25,961| C-In: 23.10 18:11:26,352|
lab29-26-<0.3898.0>-T3: Msg #1606, C-Out: 23.10 18:11:25,543| HBQ-In: 23.10 18:11:25,543| DQ-In: 23.10 18:11:25,961| C-In: 23.10 18:11:26,352|
lab29-56-<0.1439.0>-T3: Msg #1607, C-Out: 23.10 18:11:25,550| HBQ-In: 23.10 18:11:25,550| DQ-In: 23.10 18:11:25,961| C-In: 23.10 18:11:26,352|
lab29-21-<0.4291.0>-T3: Msg #1608, C-Out: 23.10 18:11:25,550| HBQ-In: 23.10 18:11:25,550| DQ-In: 23.10 18:11:25,961| C-In: 23.10 18:11:26,353|
Fehlernachricht fuer Luecke von 1609 bis 1609 C-In: 23.10 18:11:26,353|
lab29-16-<0.4681.0>-T3: Msg #1610, C-Out: 23.10 18:11:25,550| HBQ-In: 23.10 18:11:25,550| DQ-In: 23.10 18:11:26,052| C-In: 23.10 18:11:26,354|
lab29-81-<0.159.0>-T3: Msg #1611, C-Out: 23.10 18:11:26,050| HBQ-In: 23.10 18:11:26,051| DQ-In: 23.10 18:11:26,052| C-In: 23.10 18:11:26,354|
lab29-46-<0.2213.0>-T3: Msg #1612, C-Out: 23.10 18:11:25,552| HBQ-In: 23.10 18:11:25,554| DQ-In: 23.10 18:11:26,052| C-In: 23.10 18:11:26,354|
lab29-51-<0.1789.0>-T3: Msg #1613, C-Out: 23.10 18:11:25,572| HBQ-In: 23.10 18:11:25,573| DQ-In: 23.10 18:11:26,052| C-In: 23.10 18:11:26,356|
lab29-61-<0.1100.0>-T3: Msg #1614, C-Out: 23.10 18:11:25,576| HBQ-In: 23.10 18:11:25,576| DQ-In: 23.10 18:11:26,052| C-In: 23.10 18:11:26,356|
Fehlernachricht fuer Luecke von 1615 bis 1619 C-In: 23.10 18:11:26,357|
lab29-41-<0.2632.0>-T3: Msg #1620, C-Out: 23.10 18:11:25,594| HBQ-In: 23.10 18:11:25,596| DQ-In: 23.10 18:11:26,146| C-In: 23.10 18:11:26,358|
lab29-66-<0.743.0>-T3: Msg #1621, C-Out: 23.10 18:11:26,097| HBQ-In: 23.10 18:11:26,098| DQ-In: 23.10 18:11:26,146| C-In: 23.10 18:11:26,358|
lab29-96-<0.84.0>-T3: Msg #1622, C-Out: 23.10 18:11:26,136| HBQ-In: 23.10 18:11:26,138| DQ-In: 23.10 18:11:26,146| C-In: 23.10 18:11:26,358|
Fehlernachricht fuer Luecke von 1623 bis 1626 C-In: 23.10 18:11:26,359|
lab29-35-<0.3134.0>-T3: Msg #1627, C-Out: 23.10 18:11:25,731| HBQ-In: 23.10 18:11:25,731| DQ-In: 23.10 18:11:26,152| C-In: 23.10 18:11:26,361|
lab29-30-<0.3559.0>-T3: Msg #1628, C-Out: 23.10 18:11:25,742| HBQ-In: 23.10 18:11:25,742| DQ-In: 23.10 18:11:26,152| C-In: 23.10 18:11:26,361|
lab29-60-<0.1170.0>-T3: Msg #1629, C-Out: 23.10 18:11:25,747| HBQ-In: 23.10 18:11:25,747| DQ-In: 23.10 18:11:26,152| C-In: 23.10 18:11:26,363|
lab29-25-<0.3973.0>-T3: Msg #1630, C-Out: 23.10 18:11:25,747| HBQ-In: 23.10 18:11:25,747| DQ-In: 23.10 18:11:26,152| C-In: 23.10 18:11:26,365|
lab29-20-<0.4365.0>-T3: Msg #1631, C-Out: 23.10 18:11:25,747| HBQ-In: 23.10 18:11:25,747| DQ-In: 23.10 18:11:26,152| C-In: 23.10 18:11:26,366|
lab29-15-<0.4762.0>-T3: Msg #1632, C-Out: 23.10 18:11:25,750| HBQ-In: 23.10 18:11:25,750| DQ-In: 23.10 18:11:26,152| C-In: 23.10 18:11:26,368|
lab29-40-<0.2707.0>-T3: Msg #1633, C-Out: 23.10 18:11:25,760| HBQ-In: 23.10 18:11:25,761| DQ-In: 23.10 18:11:26,152| C-In: 23.10 18:11:26,371|
lab29-65-<0.819.0>-T3: Msg #1634, C-Out: 23.10 18:11:26,261| HBQ-In: 23.10 18:11:26,262| DQ-In: 23.10 18:11:26,262| C-In: 23.10 18:11:26,371|
lab29-45-<0.2293.0>-T3: Msg #1635, C-Out: 23.10 18:11:25,767| HBQ-In: 23.10 18:11:25,769| DQ-In: 23.10 18:11:26,262| C-In: 23.10 18:11:26,371|
lab29-55-<0.1513.0>-T3: Msg #1636, C-Out: 23.10 18:11:25,771| HBQ-In: 23.10 18:11:25,771| DQ-In: 23.10 18:11:26,262| C-In: 23.10 18:11:26,372|
lab29-50-<0.1864.0>-T3: Msg #1637, C-Out: 23.10 18:11:25,807| HBQ-In: 23.10 18:11:25,807| DQ-In: 23.10 18:11:26,262| C-In: 23.10 18:11:26,372|
lab29-80-<0.164.0>-T3: Msg #1638, C-Out: 23.10 18:11:26,321| HBQ-In: 23.10 18:11:26,321| DQ-In: 23.10 18:11:26,321| C-In: 23.10 18:11:26,372|
lab29-95-<0.87.0>-T3: Msg #1639, C-Out: 23.10 18:11:26,340| HBQ-In: 23.10 18:11:26,340| DQ-In: 23.10 18:11:26,340|******* C-In: 23.10 18:11:26,373|
lab29-87-<0.123.0>-T3: Msg #1640, C-Out: 23.10 18:11:26,371| HBQ-In: 23.10 18:11:26,371| DQ-In: 23.10 18:11:26,371| C-In: 23.10 18:11:26,373|
ReceiveMsgs done
lab29-95-<0.87.0>-T3: Msg #1780, C-Out: 23.10 18:11:28,624| gesendet
lab29-95-<0.87.0>-T3: Msg #2020, C-Out: 23.10 18:11:30,877| gesendet
lab29-95-<0.87.0>-T3: Msg #2248, C-Out: 23.10 18:11:33,128| gesendet
lab29-95-<0.87.0>-T3: Msg #2438, C-Out: 23.10 18:11:35,380| gesendet
lab29-95-<0.87.0>-T3: Msg #2623, C-Out: 23.10 18:11:37,631| gesendet
Neues Intervall: 3.375 Sekunden
Msg #2783 um 23.10 18:11:37,637| vergessen zu senden
1-client@lab23: 2567. Nachricht--Gruppe:1-Team:5-Sendezeit:18:11:34 HBQ-In: 23.10 18:11:34,767| DQ-In: 23.10 18:11:36,437| C-In: 23.10 18:11:37,638|
5-client@lab23: 2568. Nachricht--Gruppe:1-Team:5-Sendezeit:18:11:34 HBQ-In: 23.10 18:11:34,768| DQ-In: 23.10 18:11:36,437| C-In: 23.10 18:11:37,642|
lab29-38-<0.2880.0>-T3: Msg #2569, C-Out: 23.10 18:11:36,270| HBQ-In: 23.10 18:11:36,277| DQ-In: 23.10 18:11:36,437| C-In: 23.10 18:11:37,645|
Fehlernachricht fuer Luecke von 2570 bis 2572 C-In: 23.10 18:11:37,645|
4-client@lab23: 2573. Nachricht--Gruppe:1-Team:5-Sendezeit:18:11:34 HBQ-In: 23.10 18:11:34,778| DQ-In: 23.10 18:11:36,639| C-In: 23.10 18:11:37,646|
3-client@lab23: 2574. Nachricht--Gruppe:1-Team:5-Sendezeit:18:11:34 HBQ-In: 23.10 18:11:34,778| DQ-In: 23.10 18:11:36,639| C-In: 23.10 18:11:37,646|
Fehlernachricht fuer Luecke von 2575 bis 2575 C-In: 23.10 18:11:37,646|
4-client@lab23: 2576. Nachricht--Gruppe:1-Team:5-Sendezeit:18:11:34 HBQ-In: 23.10 18:11:34,780| DQ-In: 23.10 18:11:36,676| C-In: 23.10 18:11:37,647|
3-client@lab23: 2577. Nachricht--Gruppe:1-Team:5-Sendezeit:18:11:34 HBQ-In: 23.10 18:11:34,780| DQ-In: 23.10 18:11:36,676| C-In: 23.10 18:11:37,647|
4-client@lab23: 2578. Nachricht--Gruppe:1-Team:5-Sendezeit:18:11:34 HBQ-In: 23.10 18:11:34,782| DQ-In: 23.10 18:11:36,676| C-In: 23.10 18:11:37,647|
3-client@lab23: 2579. Nachricht--Gruppe:1-Team:5-Sendezeit:18:11:34 HBQ-In: 23.10 18:11:34,782| DQ-In: 23.10 18:11:36,676| C-In: 23.10 18:11:37,648|
4-client@lab23: 2580. Nachricht--Gruppe:1-Team:5-Sendezeit:18:11:34 HBQ-In: 23.10 18:11:34,786| DQ-In: 23.10 18:11:36,676| C-In: 23.10 18:11:37,648|
3-client@lab23: 2581. Nachricht--Gruppe:1-Team:5-Sendezeit:18:11:34 HBQ-In: 23.10 18:11:34,786| DQ-In: 23.10 18:11:36,676| C-In: 23.10 18:11:37,648|
4-client@lab23: 2582. Nachricht--Gruppe:1-Team:5-Sendezeit:18:11:36 HBQ-In: 23.10 18:11:36,791| DQ-In: 23.10 18:11:36,791| C-In: 23.10 18:11:37,649|
3-client@lab23: 2583. Nachricht--Gruppe:1-Team:5-Sendezeit:18:11:36 HBQ-In: 23.10 18:11:36,791| DQ-In: 23.10 18:11:36,791| C-In: 23.10 18:11:37,649|
Fehlernachricht fuer Luecke von 2584 bis 2585 C-In: 23.10 18:11:37,649|
lab29-5-<0.5513.0>-T3: Msg #2586, C-Out: 23.10 18:11:35,829| HBQ-In: 23.10 18:11:35,829| DQ-In: 23.10 18:11:36,900| C-In: 23.10 18:11:37,650|
lab29-45-<0.2293.0>-T3: Msg #2587, C-Out: 23.10 18:11:36,333| HBQ-In: 23.10 18:11:36,333| DQ-In: 23.10 18:11:36,900| C-In: 23.10 18:11:37,652|
lab29-10-<0.5112.0>-T3: Msg #2588, C-Out: 23.10 18:11:35,840| HBQ-In: 23.10 18:11:35,844| DQ-In: 23.10 18:11:36,900| C-In: 23.10 18:11:37,653|
lab29-30-<0.3559.0>-T3: Msg #2589, C-Out: 23.10 18:11:36,385| HBQ-In: 23.10 18:11:36,387| DQ-In: 23.10 18:11:36,900| C-In: 23.10 18:11:37,655|
lab29-15-<0.4762.0>-T3: Msg #2590, C-Out: 23.10 18:11:36,396| HBQ-In: 23.10 18:11:36,397| DQ-In: 23.10 18:11:36,900| C-In: 23.10 18:11:37,656|
Fehlernachricht fuer Luecke von 2591 bis 2592 C-In: 23.10 18:11:37,658|
lab29-37-<0.2967.0>-T3: Msg #2593, C-Out: 23.10 18:11:36,456| HBQ-In: 23.10 18:11:36,458| DQ-In: 23.10 18:11:37,034| C-In: 23.10 18:11:37,659|
Fehlernachricht fuer Luecke von 2594 bis 2594 C-In: 23.10 18:11:37,659|
lab29-22-<0.4210.0>-T3: Msg #2595, C-Out: 23.10 18:11:36,471| HBQ-In: 23.10 18:11:36,473| DQ-In: 23.10 18:11:37,071| C-In: 23.10 18:11:37,660|
Fehlernachricht fuer Luecke von 2596 bis 2597 C-In: 23.10 18:11:37,660|
lab29-4-<0.5587.0>-T3: Msg #2598, C-Out: 23.10 18:11:36,013| HBQ-In: 23.10 18:11:36,015| DQ-In: 23.10 18:11:37,158| C-In: 23.10 18:11:37,660|
lab29-9-<0.5191.0>-T3: Msg #2599, C-Out: 23.10 18:11:36,027| HBQ-In: 23.10 18:11:36,028| DQ-In: 23.10 18:11:37,158| C-In: 23.10 18:11:37,661|
Fehlernachricht fuer Luecke von 2600 bis 2601 C-In: 23.10 18:11:37,661|
lab29-44-<0.2376.0>-T3: Msg #2602, C-Out: 23.10 18:11:36,532| HBQ-In: 23.10 18:11:36,532| DQ-In: 23.10 18:11:37,174| C-In: 23.10 18:11:37,661|
lab29-14-<0.4846.0>-T3: Msg #2603, C-Out: 23.10 18:11:36,566| HBQ-In: 23.10 18:11:36,570| DQ-In: 23.10 18:11:37,174| C-In: 23.10 18:11:37,664|
lab29-29-<0.3641.0>-T3: Msg #2604, C-Out: 23.10 18:11:36,568| HBQ-In: 23.10 18:11:36,571| DQ-In: 23.10 18:11:37,174| C-In: 23.10 18:11:37,665|
Fehlernachricht fuer Luecke von 2605 bis 2607 C-In: 23.10 18:11:37,666|
lab29-36-<0.3048.0>-T3: Msg #2608, C-Out: 23.10 18:11:36,638| HBQ-In: 23.10 18:11:36,638| DQ-In: 23.10 18:11:37,270| C-In: 23.10 18:11:37,666|
lab29-21-<0.4291.0>-T3: Msg #2609, C-Out: 23.10 18:11:36,673| HBQ-In: 23.10 18:11:36,676| DQ-In: 23.10 18:11:37,270| C-In: 23.10 18:11:37,667|
Fehlernachricht fuer Luecke von 2610 bis 2611 C-In: 23.10 18:11:37,668|
lab29-8-<0.5273.0>-T3: Msg #2612, C-Out: 23.10 18:11:36,212| HBQ-In: 23.10 18:11:36,212| DQ-In: 23.10 18:11:37,380| C-In: 23.10 18:11:37,668|
Fehlernachricht fuer Luecke von 2613 bis 2613 C-In: 23.10 18:11:37,669|
lab29-3-<0.5663.0>-T3: Msg #2614, C-Out: 23.10 18:11:36,230| HBQ-In: 23.10 18:11:36,230| DQ-In: 23.10 18:11:37,395| C-In: 23.10 18:11:37,669|
lab29-43-<0.2458.0>-T3: Msg #2615, C-Out: 23.10 18:11:36,736| HBQ-In: 23.10 18:11:36,736| DQ-In: 23.10 18:11:37,395| C-In: 23.10 18:11:37,669|
Fehlernachricht fuer Luecke von 2616 bis 2616 C-In: 23.10 18:11:37,669|
lab29-28-<0.3729.0>-T3: Msg #2617, C-Out: 23.10 18:11:36,753| HBQ-In: 23.10 18:11:36,753| DQ-In: 23.10 18:11:37,438| C-In: 23.10 18:11:37,670|
Fehlernachricht fuer Luecke von 2618 bis 2619 C-In: 23.10 18:11:37,670|
lab29-13-<0.4921.0>-T3: Msg #2620, C-Out: 23.10 18:11:36,790| HBQ-In: 23.10 18:11:36,790| DQ-In: 23.10 18:11:37,485| C-In: 23.10 18:11:37,672|
lab29-35-<0.3134.0>-T3: Msg #2621, C-Out: 23.10 18:11:36,829| HBQ-In: 23.10 18:11:36,829| DQ-In: 23.10 18:11:37,485| C-In: 23.10 18:11:37,673|
lab29-20-<0.4365.0>-T3: Msg #2622, C-Out: 23.10 18:11:36,897| HBQ-In: 23.10 18:11:36,900| DQ-In: 23.10 18:11:37,485| C-In: 23.10 18:11:37,673|
Fehlernachricht fuer Luecke von 2623 bis 2625 C-In: 23.10 18:11:37,674|
lab29-7-<0.5358.0>-T3: Msg #2626, C-Out: 23.10 18:11:36,424| HBQ-In: 23.10 18:11:36,424| DQ-In: 23.10 18:11:37,584| C-In: 23.10 18:11:37,676|
Fehlernachricht fuer Luecke von 2627 bis 2627 C-In: 23.10 18:11:37,676|
lab29-2-<0.5741.0>-T3: Msg #2628, C-Out: 23.10 18:11:36,437| HBQ-In: 23.10 18:11:36,437| DQ-In: 23.10 18:11:37,628| C-In: 23.10 18:11:37,677|
Fehlernachricht fuer Luecke von 2629 bis 2629 C-In: 23.10 18:11:37,679|
lab29-42-<0.2545.0>-T3: Msg #2630, C-Out: 23.10 18:11:36,942| HBQ-In: 23.10 18:11:36,943| DQ-In: 23.10 18:11:37,646| C-In: 23.10 18:11:37,679|
Fehlernachricht fuer Luecke von 2631 bis 2631 C-In: 23.10 18:11:37,679|
lab29-27-<0.3815.0>-T3: Msg #2632, C-Out: 23.10 18:11:36,975| HBQ-In: 23.10 18:11:36,975| DQ-In: 23.10 18:11:37,672| C-In: 23.10 18:11:37,682|
ReceiveMsgs done
lab29-95-<0.87.0>-T3: Msg #2788, C-Out: 23.10 18:11:41,058| gesendet
