lab29-64-<0.899.0>-T3 C-Start: 23.10 18:11:14,886|
lab29-64-<0.899.0>-T3: Msg #903, C-Out: 23.10 18:11:15,889| gesendet
lab29-64-<0.899.0>-T3: Msg #948, C-Out: 23.10 18:11:16,892| gesendet
lab29-64-<0.899.0>-T3: Msg #1003, C-Out: 23.10 18:11:17,894| gesendet
lab29-64-<0.899.0>-T3: Msg #1058, C-Out: 23.10 18:11:18,899| gesendet
lab29-64-<0.899.0>-T3: Msg #1148, C-Out: 23.10 18:11:19,901| gesendet
Neues Intervall: 1 Sekunden
Msg #1215 um 23.10 18:11:19,901| vergessen zu senden
lab29-79-<0.173.0>-T3: Msg #1066, C-Out: 23.10 18:11:18,955| HBQ-In: 23.10 18:11:18,955| DQ-In: 23.10 18:11:19,102| C-In: 23.10 18:11:19,903|
lab29-74-<0.266.0>-T3: Msg #1067, C-Out: 23.10 18:11:18,963| HBQ-In: 23.10 18:11:18,963| DQ-In: 23.10 18:11:19,102| C-In: 23.10 18:11:19,903|
Fehlernachricht fuer Luecke von 1068 bis 1068 C-In: 23.10 18:11:19,904|
lab29-94-<0.91.0>-T3: Msg #1069, C-Out: 23.10 18:11:18,000| HBQ-In: 23.10 18:11:18,000| DQ-In: 23.10 18:11:19,112| C-In: 23.10 18:11:19,904|
Fehlernachricht fuer Luecke von 1070 bis 1070 C-In: 23.10 18:11:19,904|
lab29-68-<0.633.0>-T3: Msg #1071, C-Out: 23.10 18:11:19,096| HBQ-In: 23.10 18:11:19,097| DQ-In: 23.10 18:11:19,113| C-In: 23.10 18:11:19,905|
lab29-63-<0.983.0>-T3: Msg #1072, C-Out: 23.10 18:11:19,096| HBQ-In: 23.10 18:11:19,096| DQ-In: 23.10 18:11:19,113| C-In: 23.10 18:11:19,905|
lab29-58-<0.1296.0>-T3: Msg #1073, C-Out: 23.10 18:11:19,102| HBQ-In: 23.10 18:11:19,102| DQ-In: 23.10 18:11:19,113| C-In: 23.10 18:11:19,908|
lab29-53-<0.1650.0>-T3: Msg #1074, C-Out: 23.10 18:11:19,104| HBQ-In: 23.10 18:11:19,104| DQ-In: 23.10 18:11:19,113| C-In: 23.10 18:11:19,908|
lab29-48-<0.2035.0>-T3: Msg #1075, C-Out: 23.10 18:11:19,112| HBQ-In: 23.10 18:11:19,112| DQ-In: 23.10 18:11:19,113| C-In: 23.10 18:11:19,908|
lab29-93-<0.95.0>-T3: Msg #1076, C-Out: 23.10 18:11:19,112| HBQ-In: 23.10 18:11:19,112| DQ-In: 23.10 18:11:19,113| C-In: 23.10 18:11:19,909|
lab29-83-<0.147.0>-T3: Msg #1077, C-Out: 23.10 18:11:19,117| HBQ-In: 23.10 18:11:19,117| DQ-In: 23.10 18:11:19,117| C-In: 23.10 18:11:19,909|
lab29-78-<0.180.0>-T3: Msg #1078, C-Out: 23.10 18:11:19,120| HBQ-In: 23.10 18:11:19,120| DQ-In: 23.10 18:11:19,120| C-In: 23.10 18:11:19,909|
lab29-88-<0.118.0>-T3: Msg #1079, C-Out: 23.10 18:11:19,121| HBQ-In: 23.10 18:11:19,121| DQ-In: 23.10 18:11:19,121| C-In: 23.10 18:11:19,910|
lab29-73-<0.332.0>-T3: Msg #1080, C-Out: 23.10 18:11:19,122| HBQ-In: 23.10 18:11:19,122| DQ-In: 23.10 18:11:19,122| C-In: 23.10 18:11:19,910|
Fehlernachricht fuer Luecke von 1081 bis 1083 C-In: 23.10 18:11:19,910|
lab29-67-<0.708.0>-T3: Msg #1084, C-Out: 23.10 18:11:19,296| HBQ-In: 23.10 18:11:19,297| DQ-In: 23.10 18:11:19,316| C-In: 23.10 18:11:19,911|
lab29-62-<0.1043.0>-T3: Msg #1085, C-Out: 23.10 18:11:19,299| HBQ-In: 23.10 18:11:19,299| DQ-In: 23.10 18:11:19,316| C-In: 23.10 18:11:19,911|
lab29-57-<0.1365.0>-T3: Msg #1086, C-Out: 23.10 18:11:19,304| HBQ-In: 23.10 18:11:19,304| DQ-In: 23.10 18:11:19,316| C-In: 23.10 18:11:19,914|
lab29-52-<0.1713.0>-T3: Msg #1087, C-Out: 23.10 18:11:19,312| HBQ-In: 23.10 18:11:19,316| DQ-In: 23.10 18:11:19,316| C-In: 23.10 18:11:19,914|
lab29-47-<0.2127.0>-T3: Msg #1088, C-Out: 23.10 18:11:19,312| HBQ-In: 23.10 18:11:19,316| DQ-In: 23.10 18:11:19,316| C-In: 23.10 18:11:19,914|
lab29-87-<0.123.0>-T3: Msg #1089, C-Out: 23.10 18:11:19,312| HBQ-In: 23.10 18:11:19,314| DQ-In: 23.10 18:11:19,316| C-In: 23.10 18:11:19,914|
lab29-82-<0.153.0>-T3: Msg #1090, C-Out: 23.10 18:11:19,315| HBQ-In: 23.10 18:11:19,316| DQ-In: 23.10 18:11:19,316| C-In: 23.10 18:11:19,915|
lab29-72-<0.396.0>-T3: Msg #1091, C-Out: 23.10 18:11:19,325| HBQ-In: 23.10 18:11:19,326| DQ-In: 23.10 18:11:19,326| C-In: 23.10 18:11:19,915|
lab29-92-<0.99.0>-T3: Msg #1092, C-Out: 23.10 18:11:19,335| HBQ-In: 23.10 18:11:19,336| DQ-In: 23.10 18:11:19,336| C-In: 23.10 18:11:19,915|
lab29-77-<0.187.0>-T3: Msg #1093, C-Out: 23.10 18:11:19,378| HBQ-In: 23.10 18:11:19,378| DQ-In: 23.10 18:11:19,378| C-In: 23.10 18:11:19,916|
Fehlernachricht fuer Luecke von 1094 bis 1094 C-In: 23.10 18:11:19,916|
lab29-66-<0.743.0>-T3: Msg #1095, C-Out: 23.10 18:11:19,495| HBQ-In: 23.10 18:11:19,495| DQ-In: 23.10 18:11:19,512| C-In: 23.10 18:11:19,916|
Fehlernachricht fuer Luecke von 1096 bis 1097 C-In: 23.10 18:11:19,917|
1-client@lab23: 1098. Nachricht--Gruppe:1-Team:5-Sendezeit:18:11:18 HBQ-In: 23.10 18:11:18,502| DQ-In: 23.10 18:11:19,561| C-In: 23.10 18:11:19,917|
lab29-61-<0.1100.0>-T3: Msg #1099, C-Out: 23.10 18:11:19,503| HBQ-In: 23.10 18:11:19,503| DQ-In: 23.10 18:11:19,561| C-In: 23.10 18:11:19,917|
3-client@lab23: 1100. Nachricht--Gruppe:1-Team:5-Sendezeit:18:11:18 HBQ-In: 23.10 18:11:18,505| DQ-In: 23.10 18:11:19,561| C-In: 23.10 18:11:19,918|
1-client@lab23: 1101. Nachricht--Gruppe:1-Team:5-Sendezeit:18:11:18 HBQ-In: 23.10 18:11:18,508| DQ-In: 23.10 18:11:19,561| C-In: 23.10 18:11:19,918|
4-client@lab23: 1102. Nachricht--Gruppe:1-Team:5-Sendezeit:18:11:18 HBQ-In: 23.10 18:11:18,508| DQ-In: 23.10 18:11:19,561| C-In: 23.10 18:11:19,918|
2-client@lab23: 1103. Nachricht--Gruppe:1-Team:5-Sendezeit:18:11:18 HBQ-In: 23.10 18:11:18,508| DQ-In: 23.10 18:11:19,561| C-In: 23.10 18:11:19,919|
5-client@lab23: 1104. Nachricht--Gruppe:1-Team:5-Sendezeit:18:11:18 HBQ-In: 23.10 18:11:18,508| DQ-In: 23.10 18:11:19,561| C-In: 23.10 18:11:19,919|
lab29-56-<0.1439.0>-T3: Msg #1105, C-Out: 23.10 18:11:19,506| HBQ-In: 23.10 18:11:19,506| DQ-In: 23.10 18:11:19,561| C-In: 23.10 18:11:19,919|
3-client@lab23: 1106. Nachricht--Gruppe:1-Team:5-Sendezeit:18:11:18 HBQ-In: 23.10 18:11:18,512| DQ-In: 23.10 18:11:19,561| C-In: 23.10 18:11:19,920|
1-client@lab23: 1107. Nachricht--Gruppe:1-Team:5-Sendezeit:18:11:18 HBQ-In: 23.10 18:11:18,512| DQ-In: 23.10 18:11:19,561| C-In: 23.10 18:11:19,920|
4-client@lab23: 1108. Nachricht--Gruppe:1-Team:5-Sendezeit:18:11:18 HBQ-In: 23.10 18:11:18,513| DQ-In: 23.10 18:11:19,561| C-In: 23.10 18:11:19,921|
2-client@lab23: 1109. Nachricht--Gruppe:1-Team:5-Sendezeit:18:11:18 HBQ-In: 23.10 18:11:18,513| DQ-In: 23.10 18:11:19,562| C-In: 23.10 18:11:19,921|
5-client@lab23: 1110. Nachricht--Gruppe:1-Team:5-Sendezeit:18:11:18 HBQ-In: 23.10 18:11:18,513| DQ-In: 23.10 18:11:19,562| C-In: 23.10 18:11:19,921|
lab29-51-<0.1789.0>-T3: Msg #1111, C-Out: 23.10 18:11:19,509| HBQ-In: 23.10 18:11:19,511| DQ-In: 23.10 18:11:19,562| C-In: 23.10 18:11:19,922|
lab29-81-<0.159.0>-T3: Msg #1112, C-Out: 23.10 18:11:19,511| HBQ-In: 23.10 18:11:19,511| DQ-In: 23.10 18:11:19,562| C-In: 23.10 18:11:19,922|
lab29-46-<0.2213.0>-T3: Msg #1113, C-Out: 23.10 18:11:19,512| HBQ-In: 23.10 18:11:19,512| DQ-In: 23.10 18:11:19,562| C-In: 23.10 18:11:19,924|
1-client@lab23: 1114. Nachricht--Gruppe:1-Team:5-Sendezeit:18:11:18 HBQ-In: 23.10 18:11:18,517| DQ-In: 23.10 18:11:19,562| C-In: 23.10 18:11:19,924|
3-client@lab23: 1115. Nachricht--Gruppe:1-Team:5-Sendezeit:18:11:18 HBQ-In: 23.10 18:11:18,518| DQ-In: 23.10 18:11:19,562| C-In: 23.10 18:11:19,924|
2-client@lab23: 1116. Nachricht--Gruppe:1-Team:5-Sendezeit:18:11:18 HBQ-In: 23.10 18:11:18,517| DQ-In: 23.10 18:11:19,562| C-In: 23.10 18:11:19,925|
5-client@lab23: 1117. Nachricht--Gruppe:1-Team:5-Sendezeit:18:11:18 HBQ-In: 23.10 18:11:18,518| DQ-In: 23.10 18:11:19,562| C-In: 23.10 18:11:19,925|
4-client@lab23: 1118. Nachricht--Gruppe:1-Team:5-Sendezeit:18:11:18 HBQ-In: 23.10 18:11:18,518| DQ-In: 23.10 18:11:19,562| C-In: 23.10 18:11:19,925|
ReceiveMsgs done
lab29-64-<0.899.0>-T3: Msg #1223, C-Out: 23.10 18:11:20,927| gesendet
lab29-64-<0.899.0>-T3: Msg #1299, C-Out: 23.10 18:11:21,930| gesendet
lab29-64-<0.899.0>-T3: Msg #1372, C-Out: 23.10 18:11:22,931| gesendet
lab29-64-<0.899.0>-T3: Msg #1474, C-Out: 23.10 18:11:23,932| gesendet
lab29-64-<0.899.0>-T3: Msg #1555, C-Out: 23.10 18:11:24,934| gesendet
Neues Intervall: 1.5 Sekunden
Msg #1642 um 23.10 18:11:24,934| vergessen zu senden
lab29-25-<0.3973.0>-T3: Msg #1462, C-Out: 23.10 18:11:23,743| HBQ-In: 23.10 18:11:23,743| DQ-In: 23.10 18:11:24,141| C-In: 23.10 18:11:24,934|
lab29-60-<0.1170.0>-T3: Msg #1463, C-Out: 23.10 18:11:23,743| HBQ-In: 23.10 18:11:23,744| DQ-In: 23.10 18:11:24,141| C-In: 23.10 18:11:24,935|
lab29-55-<0.1513.0>-T3: Msg #1464, C-Out: 23.10 18:11:23,769| HBQ-In: 23.10 18:11:23,769| DQ-In: 23.10 18:11:24,141| C-In: 23.10 18:11:24,935|
Fehlernachricht fuer Luecke von 1465 bis 1465 C-In: 23.10 18:11:24,936|
lab29-50-<0.1864.0>-T3: Msg #1466, C-Out: 23.10 18:11:23,802| HBQ-In: 23.10 18:11:23,802| DQ-In: 23.10 18:11:24,340| C-In: 23.10 18:11:24,936|
lab29-90-<0.107.0>-T3: Msg #1467, C-Out: 23.10 18:11:24,308| HBQ-In: 23.10 18:11:24,308| DQ-In: 23.10 18:11:24,340| C-In: 23.10 18:11:24,936|
Fehlernachricht fuer Luecke von 1468 bis 1470 C-In: 23.10 18:11:24,937|
lab29-44-<0.2376.0>-T3: Msg #1471, C-Out: 23.10 18:11:23,919| HBQ-In: 23.10 18:11:23,919| DQ-In: 23.10 18:11:24,346| C-In: 23.10 18:11:24,937|
lab29-39-<0.2795.0>-T3: Msg #1472, C-Out: 23.10 18:11:23,931| HBQ-In: 23.10 18:11:23,932| DQ-In: 23.10 18:11:24,346| C-In: 23.10 18:11:24,938|
lab29-34-<0.3220.0>-T3: Msg #1473, C-Out: 23.10 18:11:23,931| HBQ-In: 23.10 18:11:23,932| DQ-In: 23.10 18:11:24,346| C-In: 23.10 18:11:24,938|
lab29-64-<0.899.0>-T3: Msg #1474, C-Out: 23.10 18:11:23,932| HBQ-In: 23.10 18:11:23,933| DQ-In: 23.10 18:11:24,346|******* C-In: 23.10 18:11:24,938|
Fehlernachricht fuer Luecke von 1475 bis 1475 C-In: 23.10 18:11:24,938|
lab29-69-<0.583.0>-T3: Msg #1476, C-Out: 23.10 18:11:23,934| HBQ-In: 23.10 18:11:23,935| DQ-In: 23.10 18:11:24,382| C-In: 23.10 18:11:24,939|
lab29-29-<0.3641.0>-T3: Msg #1477, C-Out: 23.10 18:11:23,938| HBQ-In: 23.10 18:11:23,940| DQ-In: 23.10 18:11:24,382| C-In: 23.10 18:11:24,939|
lab29-24-<0.4051.0>-T3: Msg #1478, C-Out: 23.10 18:11:23,940| HBQ-In: 23.10 18:11:23,940| DQ-In: 23.10 18:11:24,382| C-In: 23.10 18:11:24,940|
lab29-59-<0.1234.0>-T3: Msg #1479, C-Out: 23.10 18:11:23,945| HBQ-In: 23.10 18:11:23,945| DQ-In: 23.10 18:11:24,382| C-In: 23.10 18:11:24,940|
lab29-49-<0.1950.0>-T3: Msg #1480, C-Out: 23.10 18:11:23,958| HBQ-In: 23.10 18:11:23,959| DQ-In: 23.10 18:11:24,382| C-In: 23.10 18:11:24,940|
lab29-54-<0.1586.0>-T3: Msg #1481, C-Out: 23.10 18:11:23,965| HBQ-In: 23.10 18:11:23,965| DQ-In: 23.10 18:11:24,382| C-In: 23.10 18:11:24,941|
Fehlernachricht fuer Luecke von 1482 bis 1482 C-In: 23.10 18:11:24,941|
lab29-97-<0.81.0>-T3: Msg #1483, C-Out: 23.10 18:11:24,507| HBQ-In: 23.10 18:11:24,507| DQ-In: 23.10 18:11:24,540| C-In: 23.10 18:11:24,941|
lab29-74-<0.266.0>-T3: Msg #1484, C-Out: 23.10 18:11:24,510| HBQ-In: 23.10 18:11:24,510| DQ-In: 23.10 18:11:24,540| C-In: 23.10 18:11:24,942|
Fehlernachricht fuer Luecke von 1485 bis 1485 C-In: 23.10 18:11:24,942|
lab29-43-<0.2458.0>-T3: Msg #1486, C-Out: 23.10 18:11:24,126| HBQ-In: 23.10 18:11:24,126| DQ-In: 23.10 18:11:24,548| C-In: 23.10 18:11:24,943|
Fehlernachricht fuer Luecke von 1487 bis 1487 C-In: 23.10 18:11:24,943|
lab29-33-<0.3306.0>-T3: Msg #1488, C-Out: 23.10 18:11:24,132| HBQ-In: 23.10 18:11:24,133| DQ-In: 23.10 18:11:24,548| C-In: 23.10 18:11:24,943|
lab29-38-<0.2880.0>-T3: Msg #1489, C-Out: 23.10 18:11:24,134| HBQ-In: 23.10 18:11:24,134| DQ-In: 23.10 18:11:24,548| C-In: 23.10 18:11:24,944|
Fehlernachricht fuer Luecke von 1490 bis 1491 C-In: 23.10 18:11:24,944|
lab29-28-<0.3729.0>-T3: Msg #1492, C-Out: 23.10 18:11:24,136| HBQ-In: 23.10 18:11:24,136| DQ-In: 23.10 18:11:24,569| C-In: 23.10 18:11:24,944|
lab29-68-<0.633.0>-T3: Msg #1493, C-Out: 23.10 18:11:24,138| HBQ-In: 23.10 18:11:24,138| DQ-In: 23.10 18:11:24,569| C-In: 23.10 18:11:24,945|
lab29-23-<0.4130.0>-T3: Msg #1494, C-Out: 23.10 18:11:24,141| HBQ-In: 23.10 18:11:24,141| DQ-In: 23.10 18:11:24,569| C-In: 23.10 18:11:24,945|
lab29-53-<0.1650.0>-T3: Msg #1495, C-Out: 23.10 18:11:24,146| HBQ-In: 23.10 18:11:24,148| DQ-In: 23.10 18:11:24,569| C-In: 23.10 18:11:24,946|
lab29-63-<0.983.0>-T3: Msg #1496, C-Out: 23.10 18:11:24,152| HBQ-In: 23.10 18:11:24,152| DQ-In: 23.10 18:11:24,569| C-In: 23.10 18:11:24,946|
lab29-58-<0.1296.0>-T3: Msg #1497, C-Out: 23.10 18:11:24,155| HBQ-In: 23.10 18:11:24,155| DQ-In: 23.10 18:11:24,569| C-In: 23.10 18:11:24,947|
lab29-48-<0.2035.0>-T3: Msg #1498, C-Out: 23.10 18:11:24,157| HBQ-In: 23.10 18:11:24,157| DQ-In: 23.10 18:11:24,569| C-In: 23.10 18:11:24,947|
lab29-73-<0.332.0>-T3: Msg #1499, C-Out: 23.10 18:11:24,658| HBQ-In: 23.10 18:11:24,659| DQ-In: 23.10 18:11:24,659| C-In: 23.10 18:11:24,947|
lab29-88-<0.118.0>-T3: Msg #1500, C-Out: 23.10 18:11:24,665| HBQ-In: 23.10 18:11:24,666| DQ-In: 23.10 18:11:24,666| C-In: 23.10 18:11:24,948|
Fehlernachricht fuer Luecke von 1501 bis 1502 C-In: 23.10 18:11:24,948|
lab29-37-<0.2967.0>-T3: Msg #1503, C-Out: 23.10 18:11:24,331| HBQ-In: 23.10 18:11:24,331| DQ-In: 23.10 18:11:24,746| C-In: 23.10 18:11:24,948|
lab29-42-<0.2545.0>-T3: Msg #1504, C-Out: 23.10 18:11:24,331| HBQ-In: 23.10 18:11:24,331| DQ-In: 23.10 18:11:24,746| C-In: 23.10 18:11:24,949|
lab29-32-<0.3394.0>-T3: Msg #1505, C-Out: 23.10 18:11:24,331| HBQ-In: 23.10 18:11:24,331| DQ-In: 23.10 18:11:24,746| C-In: 23.10 18:11:24,949|
Fehlernachricht fuer Luecke von 1506 bis 1507 C-In: 23.10 18:11:24,950|
lab29-27-<0.3815.0>-T3: Msg #1508, C-Out: 23.10 18:11:24,340| HBQ-In: 23.10 18:11:24,340| DQ-In: 23.10 18:11:24,770| C-In: 23.10 18:11:24,950|
lab29-22-<0.4210.0>-T3: Msg #1509, C-Out: 23.10 18:11:24,341| HBQ-In: 23.10 18:11:24,342| DQ-In: 23.10 18:11:24,770| C-In: 23.10 18:11:24,952|
lab29-67-<0.708.0>-T3: Msg #1510, C-Out: 23.10 18:11:24,346| HBQ-In: 23.10 18:11:24,346| DQ-In: 23.10 18:11:24,770| C-In: 23.10 18:11:24,953|
lab29-62-<0.1043.0>-T3: Msg #1511, C-Out: 23.10 18:11:24,356| HBQ-In: 23.10 18:11:24,357| DQ-In: 23.10 18:11:24,770| C-In: 23.10 18:11:24,953|
lab29-47-<0.2127.0>-T3: Msg #1512, C-Out: 23.10 18:11:24,366| HBQ-In: 23.10 18:11:24,366| DQ-In: 23.10 18:11:24,770| C-In: 23.10 18:11:24,954|
lab29-87-<0.123.0>-T3: Msg #1513, C-Out: 23.10 18:11:24,868| HBQ-In: 23.10 18:11:24,869| DQ-In: 23.10 18:11:24,869| C-In: 23.10 18:11:24,954|
lab29-52-<0.1713.0>-T3: Msg #1514, C-Out: 23.10 18:11:24,380| HBQ-In: 23.10 18:11:24,380| DQ-In: 23.10 18:11:24,869| C-In: 23.10 18:11:24,954|
lab29-72-<0.396.0>-T3: Msg #1515, C-Out: 23.10 18:11:24,882| HBQ-In: 23.10 18:11:24,882| DQ-In: 23.10 18:11:24,882| C-In: 23.10 18:11:24,954|
lab29-57-<0.1365.0>-T3: Msg #1516, C-Out: 23.10 18:11:24,382| HBQ-In: 23.10 18:11:24,382| DQ-In: 23.10 18:11:24,882| C-In: 23.10 18:11:24,955|
Fehlernachricht fuer Luecke von 1517 bis 1518 C-In: 23.10 18:11:24,955|
lab29-41-<0.2632.0>-T3: Msg #1519, C-Out: 23.10 18:11:24,531| HBQ-In: 23.10 18:11:24,532| DQ-In: 23.10 18:11:24,946| C-In: 23.10 18:11:24,957|
lab29-36-<0.3048.0>-T3: Msg #1520, C-Out: 23.10 18:11:24,531| HBQ-In: 23.10 18:11:24,532| DQ-In: 23.10 18:11:24,946| C-In: 23.10 18:11:24,958|
lab29-31-<0.3480.0>-T3: Msg #1521, C-Out: 23.10 18:11:24,532| HBQ-In: 23.10 18:11:24,532| DQ-In: 23.10 18:11:24,946| C-In: 23.10 18:11:24,958|
lab29-26-<0.3898.0>-T3: Msg #1522, C-Out: 23.10 18:11:24,538| HBQ-In: 23.10 18:11:24,540| DQ-In: 23.10 18:11:24,946| C-In: 23.10 18:11:24,958|
ReceiveMsgs done
lab29-64-<0.899.0>-T3: Msg #1651, C-Out: 23.10 18:11:26,459| gesendet
lab29-64-<0.899.0>-T3: Msg #1788, C-Out: 23.10 18:11:27,961| gesendet
lab29-64-<0.899.0>-T3: Msg #1955, C-Out: 23.10 18:11:29,463| gesendet
lab29-64-<0.899.0>-T3: Msg #2100, C-Out: 23.10 18:11:30,967| gesendet
lab29-64-<0.899.0>-T3: Msg #2256, C-Out: 23.10 18:11:32,470| gesendet
Neues Intervall: 2.25 Sekunden
Msg #2383 um 23.10 18:11:32,470| vergessen zu senden
lab29-27-<0.3815.0>-T3: Msg #2181, C-Out: 23.10 18:11:31,404| HBQ-In: 23.10 18:11:31,404| DQ-In: 23.10 18:11:31,582| C-In: 23.10 18:11:32,472|
Fehlernachricht fuer Luecke von 2182 bis 2182 C-In: 23.10 18:11:32,472|
lab29-22-<0.4210.0>-T3: Msg #2183, C-Out: 23.10 18:11:31,410| HBQ-In: 23.10 18:11:31,411| DQ-In: 23.10 18:11:31,587| C-In: 23.10 18:11:32,473|
lab29-17-<0.4601.0>-T3: Msg #2184, C-Out: 23.10 18:11:31,432| HBQ-In: 23.10 18:11:31,432| DQ-In: 23.10 18:11:31,587| C-In: 23.10 18:11:32,475|
lab29-12-<0.4991.0>-T3: Msg #2185, C-Out: 23.10 18:11:31,432| HBQ-In: 23.10 18:11:31,432| DQ-In: 23.10 18:11:31,587| C-In: 23.10 18:11:32,475|
Fehlernachricht fuer Luecke von 2186 bis 2195 C-In: 23.10 18:11:32,476|
lab29-6-<0.5440.0>-T3: Msg #2196, C-Out: 23.10 18:11:31,572| HBQ-In: 23.10 18:11:31,572| DQ-In: 23.10 18:11:31,619| C-In: 23.10 18:11:32,476|
lab29-1-<0.5818.0>-T3: Msg #2197, C-Out: 23.10 18:11:31,582| HBQ-In: 23.10 18:11:31,582| DQ-In: 23.10 18:11:31,619| C-In: 23.10 18:11:32,476|
lab29-31-<0.3480.0>-T3: Msg #2198, C-Out: 23.10 18:11:31,587| HBQ-In: 23.10 18:11:31,587| DQ-In: 23.10 18:11:31,619| C-In: 23.10 18:11:32,477|
Fehlernachricht fuer Luecke von 2199 bis 2199 C-In: 23.10 18:11:32,477|
lab29-26-<0.3898.0>-T3: Msg #2200, C-Out: 23.10 18:11:31,598| HBQ-In: 23.10 18:11:31,598| DQ-In: 23.10 18:11:31,805| C-In: 23.10 18:11:32,479|
Fehlernachricht fuer Luecke von 2201 bis 2201 C-In: 23.10 18:11:32,481|
lab29-11-<0.5067.0>-T3: Msg #2202, C-Out: 23.10 18:11:31,618| HBQ-In: 23.10 18:11:31,619| DQ-In: 23.10 18:11:31,806| C-In: 23.10 18:11:32,487|
lab29-21-<0.4291.0>-T3: Msg #2203, C-Out: 23.10 18:11:31,618| HBQ-In: 23.10 18:11:31,618| DQ-In: 23.10 18:11:31,806| C-In: 23.10 18:11:32,489|
Fehlernachricht fuer Luecke von 2204 bis 2204 C-In: 23.10 18:11:32,489|
lab29-16-<0.4681.0>-T3: Msg #2205, C-Out: 23.10 18:11:31,628| HBQ-In: 23.10 18:11:31,628| DQ-In: 23.10 18:11:31,812| C-In: 23.10 18:11:32,490|
Fehlernachricht fuer Luecke von 2206 bis 2208 C-In: 23.10 18:11:32,490|
5-client@lab23: 2209. Nachricht--Gruppe:1-Team:5-Sendezeit:18:11:30 HBQ-In: 23.10 18:11:30,696| DQ-In: 23.10 18:11:31,829| C-In: 23.10 18:11:32,490|
2-client@lab23: 2210. Nachricht--Gruppe:1-Team:5-Sendezeit:18:11:30 HBQ-In: 23.10 18:11:30,696| DQ-In: 23.10 18:11:31,829| C-In: 23.10 18:11:32,491|
4-client@lab23: 2211. Nachricht--Gruppe:1-Team:5-Sendezeit:18:11:30 HBQ-In: 23.10 18:11:30,696| DQ-In: 23.10 18:11:31,830| C-In: 23.10 18:11:32,491|
1-client@lab23: 2212. Nachricht--Gruppe:1-Team:5-Sendezeit:18:11:30 HBQ-In: 23.10 18:11:30,696| DQ-In: 23.10 18:11:31,830| C-In: 23.10 18:11:32,491|
4-client@lab23: 2213. Nachricht--Gruppe:1-Team:5-Sendezeit:18:11:30 HBQ-In: 23.10 18:11:30,702| DQ-In: 23.10 18:11:31,830| C-In: 23.10 18:11:32,492|
5-client@lab23: 2214. Nachricht--Gruppe:1-Team:5-Sendezeit:18:11:30 HBQ-In: 23.10 18:11:30,702| DQ-In: 23.10 18:11:31,830| C-In: 23.10 18:11:32,495|
2-client@lab23: 2215. Nachricht--Gruppe:1-Team:5-Sendezeit:18:11:30 HBQ-In: 23.10 18:11:30,702| DQ-In: 23.10 18:11:31,830| C-In: 23.10 18:11:32,495|
3-client@lab23: 2216. Nachricht--Gruppe:1-Team:5-Sendezeit:18:11:30 HBQ-In: 23.10 18:11:30,702| DQ-In: 23.10 18:11:31,830| C-In: 23.10 18:11:32,497|
1-client@lab23: 2217. Nachricht--Gruppe:1-Team:5-Sendezeit:18:11:30 HBQ-In: 23.10 18:11:30,702| DQ-In: 23.10 18:11:31,830| C-In: 23.10 18:11:32,498|
lab29-58-<0.1296.0>-T3: Msg #2218, C-Out: 23.10 18:11:32,200| HBQ-In: 23.10 18:11:32,201| DQ-In: 23.10 18:11:32,201| C-In: 23.10 18:11:32,498|
2-client@lab23: 2219. Nachricht--Gruppe:1-Team:5-Sendezeit:18:11:30 HBQ-In: 23.10 18:11:30,704| DQ-In: 23.10 18:11:32,201| C-In: 23.10 18:11:32,500|
3-client@lab23: 2220. Nachricht--Gruppe:1-Team:5-Sendezeit:18:11:30 HBQ-In: 23.10 18:11:30,706| DQ-In: 23.10 18:11:32,201| C-In: 23.10 18:11:32,501|
1-client@lab23: 2221. Nachricht--Gruppe:1-Team:5-Sendezeit:18:11:30 HBQ-In: 23.10 18:11:30,707| DQ-In: 23.10 18:11:32,201| C-In: 23.10 18:11:32,502|
5-client@lab23: 2222. Nachricht--Gruppe:1-Team:5-Sendezeit:18:11:30 HBQ-In: 23.10 18:11:30,706| DQ-In: 23.10 18:11:32,201| C-In: 23.10 18:11:32,503|
4-client@lab23: 2223. Nachricht--Gruppe:1-Team:5-Sendezeit:18:11:30 HBQ-In: 23.10 18:11:30,706| DQ-In: 23.10 18:11:32,201| C-In: 23.10 18:11:32,503|
2-client@lab23: 2224. Nachricht--Gruppe:1-Team:5-Sendezeit:18:11:30 HBQ-In: 23.10 18:11:30,710| DQ-In: 23.10 18:11:32,201| C-In: 23.10 18:11:32,504|
3-client@lab23: 2225. Nachricht--Gruppe:1-Team:5-Sendezeit:18:11:30 HBQ-In: 23.10 18:11:30,712| DQ-In: 23.10 18:11:32,201| C-In: 23.10 18:11:32,504|
4-client@lab23: 2226. Nachricht--Gruppe:1-Team:5-Sendezeit:18:11:30 HBQ-In: 23.10 18:11:30,711| DQ-In: 23.10 18:11:32,201| C-In: 23.10 18:11:32,504|
5-client@lab23: 2227. Nachricht--Gruppe:1-Team:5-Sendezeit:18:11:30 HBQ-In: 23.10 18:11:30,710| DQ-In: 23.10 18:11:32,201| C-In: 23.10 18:11:32,505|
1-client@lab23: 2228. Nachricht--Gruppe:1-Team:5-Sendezeit:18:11:30 HBQ-In: 23.10 18:11:30,711| DQ-In: 23.10 18:11:32,201| C-In: 23.10 18:11:32,505|
Fehlernachricht fuer Luecke von 2229 bis 2232 C-In: 23.10 18:11:32,505|
3-client@lab23: 2233. Nachricht--Gruppe:1-Team:5-Sendezeit:18:11:30 HBQ-In: 23.10 18:11:30,713| DQ-In: 23.10 18:11:32,412| C-In: 23.10 18:11:32,506|
Fehlernachricht fuer Luecke von 2234 bis 2234 C-In: 23.10 18:11:32,506|
lab29-43-<0.2458.0>-T3: Msg #2235, C-Out: 23.10 18:11:32,232| HBQ-In: 23.10 18:11:32,233| DQ-In: 23.10 18:11:32,418| C-In: 23.10 18:11:32,506|
Fehlernachricht fuer Luecke von 2236 bis 2239 C-In: 23.10 18:11:32,509|
lab29-65-<0.819.0>-T3: Msg #2240, C-Out: 23.10 18:11:32,272| HBQ-In: 23.10 18:11:32,273| DQ-In: 23.10 18:11:32,429| C-In: 23.10 18:11:32,509|
lab29-5-<0.5513.0>-T3: Msg #2241, C-Out: 23.10 18:11:31,779| HBQ-In: 23.10 18:11:31,779| DQ-In: 23.10 18:11:32,429| C-In: 23.10 18:11:32,510|
lab29-25-<0.3973.0>-T3: Msg #2242, C-Out: 23.10 18:11:31,805| HBQ-In: 23.10 18:11:31,805| DQ-In: 23.10 18:11:32,429| C-In: 23.10 18:11:32,511|
lab29-15-<0.4762.0>-T3: Msg #2243, C-Out: 23.10 18:11:31,806| HBQ-In: 23.10 18:11:31,806| DQ-In: 23.10 18:11:32,429| C-In: 23.10 18:11:32,512|
lab29-20-<0.4365.0>-T3: Msg #2244, C-Out: 23.10 18:11:31,807| HBQ-In: 23.10 18:11:31,807| DQ-In: 23.10 18:11:32,429| C-In: 23.10 18:11:32,514|
lab29-30-<0.3559.0>-T3: Msg #2245, C-Out: 23.10 18:11:31,812| HBQ-In: 23.10 18:11:31,812| DQ-In: 23.10 18:11:32,429| C-In: 23.10 18:11:32,515|
lab29-35-<0.3134.0>-T3: Msg #2246, C-Out: 23.10 18:11:32,325| HBQ-In: 23.10 18:11:32,325| DQ-In: 23.10 18:11:32,429| C-In: 23.10 18:11:32,517|
lab29-10-<0.5112.0>-T3: Msg #2247, C-Out: 23.10 18:11:31,828| HBQ-In: 23.10 18:11:31,829| DQ-In: 23.10 18:11:32,429| C-In: 23.10 18:11:32,520|
ReceiveMsgs done
lab29-64-<0.899.0>-T3: Msg #2387, C-Out: 23.10 18:11:34,773| gesendet
lab29-64-<0.899.0>-T3: Msg #2575, C-Out: 23.10 18:11:37,026| gesendet
lab29-64-<0.899.0>-T3: Msg #2742, C-Out: 23.10 18:11:39,277| gesendet
