lab29-82-<0.153.0>-T3 C-Start: 23.10 18:11:11,261|
lab29-82-<0.153.0>-T3: Msg #754, C-Out: 23.10 18:11:12,266| gesendet
lab29-82-<0.153.0>-T3: Msg #777, C-Out: 23.10 18:11:13,271| gesendet
lab29-82-<0.153.0>-T3: Msg #813, C-Out: 23.10 18:11:14,276| gesendet
lab29-82-<0.153.0>-T3: Msg #850, C-Out: 23.10 18:11:15,280| gesendet
lab29-82-<0.153.0>-T3: Msg #917, C-Out: 23.10 18:11:16,282| gesendet
Neues Intervall: 1 Sekunden
Msg #964 um 23.10 18:11:16,282| vergessen zu senden
lab29-84-<0.140.0>-T3: Msg #834, C-Out: 23.10 18:11:14,870| HBQ-In: 23.10 18:11:14,870| DQ-In: 23.10 18:11:14,991| C-In: 23.10 18:11:16,282|
lab29-74-<0.266.0>-T3: Msg #835, C-Out: 23.10 18:11:14,881| HBQ-In: 23.10 18:11:14,881| DQ-In: 23.10 18:11:14,991| C-In: 23.10 18:11:16,283|
lab29-79-<0.173.0>-T3: Msg #836, C-Out: 23.10 18:11:14,881| HBQ-In: 23.10 18:11:14,881| DQ-In: 23.10 18:11:14,991| C-In: 23.10 18:11:16,283|
lab29-69-<0.583.0>-T3: Msg #837, C-Out: 23.10 18:11:14,886| HBQ-In: 23.10 18:11:14,886| DQ-In: 23.10 18:11:14,991| C-In: 23.10 18:11:16,283|
lab29-99-<0.49.0>-T3: Msg #838, C-Out: 23.10 18:11:14,939| HBQ-In: 23.10 18:11:14,939| DQ-In: 23.10 18:11:14,991| C-In: 23.10 18:11:16,284|
lab29-94-<0.91.0>-T3: Msg #839, C-Out: 23.10 18:11:14,991| HBQ-In: 23.10 18:11:14,991| DQ-In: 23.10 18:11:14,991| C-In: 23.10 18:11:16,284|
lab29-88-<0.118.0>-T3: Msg #840, C-Out: 23.10 18:11:15,063| HBQ-In: 23.10 18:11:15,063| DQ-In: 23.10 18:11:15,063| C-In: 23.10 18:11:16,284|
Fehlernachricht fuer Luecke von 841 bis 841 C-In: 23.10 18:11:16,285|
lab29-83-<0.147.0>-T3: Msg #842, C-Out: 23.10 18:11:15,074| HBQ-In: 23.10 18:11:15,075| DQ-In: 23.10 18:11:15,153| C-In: 23.10 18:11:16,285|
lab29-78-<0.180.0>-T3: Msg #843, C-Out: 23.10 18:11:15,077| HBQ-In: 23.10 18:11:15,077| DQ-In: 23.10 18:11:15,153| C-In: 23.10 18:11:16,285|
lab29-73-<0.332.0>-T3: Msg #844, C-Out: 23.10 18:11:15,082| HBQ-In: 23.10 18:11:15,082| DQ-In: 23.10 18:11:15,153| C-In: 23.10 18:11:16,286|
lab29-68-<0.633.0>-T3: Msg #845, C-Out: 23.10 18:11:15,088| HBQ-In: 23.10 18:11:15,090| DQ-In: 23.10 18:11:15,153| C-In: 23.10 18:11:16,286|
lab29-93-<0.95.0>-T3: Msg #846, C-Out: 23.10 18:11:15,104| HBQ-In: 23.10 18:11:15,104| DQ-In: 23.10 18:11:15,154| C-In: 23.10 18:11:16,289|
lab29-98-<0.78.0>-T3: Msg #847, C-Out: 23.10 18:11:15,153| HBQ-In: 23.10 18:11:15,153| DQ-In: 23.10 18:11:15,154| C-In: 23.10 18:11:16,289|
Fehlernachricht fuer Luecke von 848 bis 848 C-In: 23.10 18:11:16,292|
lab29-87-<0.123.0>-T3: Msg #849, C-Out: 23.10 18:11:15,272| HBQ-In: 23.10 18:11:15,272| DQ-In: 23.10 18:11:15,324| C-In: 23.10 18:11:16,292|
lab29-82-<0.153.0>-T3: Msg #850, C-Out: 23.10 18:11:15,280| HBQ-In: 23.10 18:11:15,280| DQ-In: 23.10 18:11:15,324|******* C-In: 23.10 18:11:16,292|
lab29-77-<0.187.0>-T3: Msg #851, C-Out: 23.10 18:11:15,283| HBQ-In: 23.10 18:11:15,283| DQ-In: 23.10 18:11:15,324| C-In: 23.10 18:11:16,293|
lab29-72-<0.396.0>-T3: Msg #852, C-Out: 23.10 18:11:15,283| HBQ-In: 23.10 18:11:15,283| DQ-In: 23.10 18:11:15,324| C-In: 23.10 18:11:16,293|
lab29-67-<0.708.0>-T3: Msg #853, C-Out: 23.10 18:11:15,285| HBQ-In: 23.10 18:11:15,286| DQ-In: 23.10 18:11:15,324| C-In: 23.10 18:11:16,293|
lab29-92-<0.99.0>-T3: Msg #854, C-Out: 23.10 18:11:15,322| HBQ-In: 23.10 18:11:15,324| DQ-In: 23.10 18:11:15,324| C-In: 23.10 18:11:16,294|
lab29-97-<0.81.0>-T3: Msg #855, C-Out: 23.10 18:11:15,433| HBQ-In: 23.10 18:11:15,435| DQ-In: 23.10 18:11:15,435| C-In: 23.10 18:11:16,294|
3-client@lab23: 856. Nachricht--Gruppe:1-Team:5-Sendezeit:18:11:14 HBQ-In: 23.10 18:11:14,454| DQ-In: 23.10 18:11:15,435| C-In: 23.10 18:11:16,294|
1-client@lab23: 857. Nachricht--Gruppe:1-Team:5-Sendezeit:18:11:14 HBQ-In: 23.10 18:11:14,455| DQ-In: 23.10 18:11:15,435| C-In: 23.10 18:11:16,295|
2-client@lab23: 858. Nachricht--Gruppe:1-Team:5-Sendezeit:18:11:14 HBQ-In: 23.10 18:11:14,457| DQ-In: 23.10 18:11:15,435| C-In: 23.10 18:11:16,295|
5-client@lab23: 859. Nachricht--Gruppe:1-Team:5-Sendezeit:18:11:14 HBQ-In: 23.10 18:11:14,457| DQ-In: 23.10 18:11:15,435| C-In: 23.10 18:11:16,295|
4-client@lab23: 860. Nachricht--Gruppe:1-Team:5-Sendezeit:18:11:14 HBQ-In: 23.10 18:11:14,457| DQ-In: 23.10 18:11:15,435| C-In: 23.10 18:11:16,296|
3-client@lab23: 861. Nachricht--Gruppe:1-Team:5-Sendezeit:18:11:14 HBQ-In: 23.10 18:11:14,458| DQ-In: 23.10 18:11:15,435| C-In: 23.10 18:11:16,296|
1-client@lab23: 862. Nachricht--Gruppe:1-Team:5-Sendezeit:18:11:14 HBQ-In: 23.10 18:11:14,458| DQ-In: 23.10 18:11:15,435| C-In: 23.10 18:11:16,296|
4-client@lab23: 863. Nachricht--Gruppe:1-Team:5-Sendezeit:18:11:14 HBQ-In: 23.10 18:11:14,459| DQ-In: 23.10 18:11:15,435| C-In: 23.10 18:11:16,298|
5-client@lab23: 864. Nachricht--Gruppe:1-Team:5-Sendezeit:18:11:14 HBQ-In: 23.10 18:11:14,460| DQ-In: 23.10 18:11:15,436| C-In: 23.10 18:11:16,299|
2-client@lab23: 865. Nachricht--Gruppe:1-Team:5-Sendezeit:18:11:14 HBQ-In: 23.10 18:11:14,460| DQ-In: 23.10 18:11:15,436| C-In: 23.10 18:11:16,299|
3-client@lab23: 866. Nachricht--Gruppe:1-Team:5-Sendezeit:18:11:14 HBQ-In: 23.10 18:11:14,461| DQ-In: 23.10 18:11:15,436| C-In: 23.10 18:11:16,300|
1-client@lab23: 867. Nachricht--Gruppe:1-Team:5-Sendezeit:18:11:14 HBQ-In: 23.10 18:11:14,461| DQ-In: 23.10 18:11:15,436| C-In: 23.10 18:11:16,300|
4-client@lab23: 868. Nachricht--Gruppe:1-Team:5-Sendezeit:18:11:14 HBQ-In: 23.10 18:11:14,465| DQ-In: 23.10 18:11:15,436| C-In: 23.10 18:11:16,300|
5-client@lab23: 869. Nachricht--Gruppe:1-Team:5-Sendezeit:18:11:14 HBQ-In: 23.10 18:11:14,465| DQ-In: 23.10 18:11:15,436| C-In: 23.10 18:11:16,302|
2-client@lab23: 870. Nachricht--Gruppe:1-Team:5-Sendezeit:18:11:14 HBQ-In: 23.10 18:11:14,466| DQ-In: 23.10 18:11:15,436| C-In: 23.10 18:11:16,303|
3-client@lab23: 871. Nachricht--Gruppe:1-Team:5-Sendezeit:18:11:14 HBQ-In: 23.10 18:11:14,466| DQ-In: 23.10 18:11:15,436| C-In: 23.10 18:11:16,303|
1-client@lab23: 872. Nachricht--Gruppe:1-Team:5-Sendezeit:18:11:14 HBQ-In: 23.10 18:11:14,466| DQ-In: 23.10 18:11:15,436| C-In: 23.10 18:11:16,303|
4-client@lab23: 873. Nachricht--Gruppe:1-Team:5-Sendezeit:18:11:14 HBQ-In: 23.10 18:11:14,467| DQ-In: 23.10 18:11:15,436| C-In: 23.10 18:11:16,304|
5-client@lab23: 874. Nachricht--Gruppe:1-Team:5-Sendezeit:18:11:14 HBQ-In: 23.10 18:11:14,467| DQ-In: 23.10 18:11:15,436| C-In: 23.10 18:11:16,304|
2-client@lab23: 875. Nachricht--Gruppe:1-Team:5-Sendezeit:18:11:14 HBQ-In: 23.10 18:11:14,468| DQ-In: 23.10 18:11:15,436| C-In: 23.10 18:11:16,305|
Fehlernachricht fuer Luecke von 876 bis 881 C-In: 23.10 18:11:16,305|
lab29-86-<0.129.0>-T3: Msg #882, C-Out: 23.10 18:11:15,472| HBQ-In: 23.10 18:11:15,472| DQ-In: 23.10 18:11:16,085| C-In: 23.10 18:11:16,305|
lab29-81-<0.159.0>-T3: Msg #883, C-Out: 23.10 18:11:15,474| HBQ-In: 23.10 18:11:15,474| DQ-In: 23.10 18:11:16,085| C-In: 23.10 18:11:16,307|
lab29-76-<0.194.0>-T3: Msg #884, C-Out: 23.10 18:11:15,482| HBQ-In: 23.10 18:11:15,482| DQ-In: 23.10 18:11:16,085| C-In: 23.10 18:11:16,307|
lab29-71-<0.461.0>-T3: Msg #885, C-Out: 23.10 18:11:15,485| HBQ-In: 23.10 18:11:15,486| DQ-In: 23.10 18:11:16,085| C-In: 23.10 18:11:16,308|
lab29-66-<0.743.0>-T3: Msg #886, C-Out: 23.10 18:11:15,486| HBQ-In: 23.10 18:11:15,486| DQ-In: 23.10 18:11:16,085| C-In: 23.10 18:11:16,308|
lab29-91-<0.103.0>-T3: Msg #887, C-Out: 23.10 18:11:15,547| HBQ-In: 23.10 18:11:15,547| DQ-In: 23.10 18:11:16,085| C-In: 23.10 18:11:16,308|
lab29-96-<0.84.0>-T3: Msg #888, C-Out: 23.10 18:11:15,591| HBQ-In: 23.10 18:11:15,591| DQ-In: 23.10 18:11:16,085| C-In: 23.10 18:11:16,309|
Fehlernachricht fuer Luecke von 889 bis 889 C-In: 23.10 18:11:16,309|
lab29-85-<0.133.0>-T3: Msg #890, C-Out: 23.10 18:11:15,673| HBQ-In: 23.10 18:11:15,673| DQ-In: 23.10 18:11:16,286| C-In: 23.10 18:11:16,309|
lab29-80-<0.164.0>-T3: Msg #891, C-Out: 23.10 18:11:15,678| HBQ-In: 23.10 18:11:15,678| DQ-In: 23.10 18:11:16,286| C-In: 23.10 18:11:16,310|
lab29-75-<0.200.0>-T3: Msg #892, C-Out: 23.10 18:11:15,686| HBQ-In: 23.10 18:11:15,687| DQ-In: 23.10 18:11:16,286| C-In: 23.10 18:11:16,310|
lab29-70-<0.519.0>-T3: Msg #893, C-Out: 23.10 18:11:15,686| HBQ-In: 23.10 18:11:15,687| DQ-In: 23.10 18:11:16,286| C-In: 23.10 18:11:16,310|
lab29-65-<0.819.0>-T3: Msg #894, C-Out: 23.10 18:11:15,687| HBQ-In: 23.10 18:11:15,687| DQ-In: 23.10 18:11:16,286| C-In: 23.10 18:11:16,311|
lab29-90-<0.107.0>-T3: Msg #895, C-Out: 23.10 18:11:15,754| HBQ-In: 23.10 18:11:15,754| DQ-In: 23.10 18:11:16,286| C-In: 23.10 18:11:16,311|
lab29-100-<0.40.0>-T3: Msg #896, C-Out: 23.10 18:11:15,766| HBQ-In: 23.10 18:11:15,766| DQ-In: 23.10 18:11:16,286| C-In: 23.10 18:11:16,311|
lab29-95-<0.87.0>-T3: Msg #897, C-Out: 23.10 18:11:15,766| HBQ-In: 23.10 18:11:15,766| DQ-In: 23.10 18:11:16,286| C-In: 23.10 18:11:16,312|
ReceiveMsgs done
lab29-82-<0.153.0>-T3: Msg #971, C-Out: 23.10 18:11:17,313| gesendet
lab29-82-<0.153.0>-T3: Msg #1029, C-Out: 23.10 18:11:18,314| gesendet
lab29-82-<0.153.0>-T3: Msg #1090, C-Out: 23.10 18:11:19,315| gesendet
lab29-82-<0.153.0>-T3: Msg #1179, C-Out: 23.10 18:11:20,319| gesendet
lab29-82-<0.153.0>-T3: Msg #1246, C-Out: 23.10 18:11:21,320| gesendet
Neues Intervall: 1.5 Sekunden
Msg #1325 um 23.10 18:11:21,322| vergessen zu senden
lab29-53-<0.1650.0>-T3: Msg #1163, C-Out: 23.10 18:11:20,106| HBQ-In: 23.10 18:11:20,106| DQ-In: 23.10 18:11:20,538| C-In: 23.10 18:11:21,322|
lab29-48-<0.2035.0>-T3: Msg #1164, C-Out: 23.10 18:11:20,116| HBQ-In: 23.10 18:11:20,117| DQ-In: 23.10 18:11:20,538| C-In: 23.10 18:11:21,325|
Fehlernachricht fuer Luecke von 1165 bis 1165 C-In: 23.10 18:11:21,325|
lab29-83-<0.147.0>-T3: Msg #1167, C-Out: 23.10 18:11:20,118| HBQ-In: 23.10 18:11:20,118| DQ-In: 23.10 18:11:20,610| C-In: 23.10 18:11:21,327|
lab29-78-<0.180.0>-T3: Msg #1168, C-Out: 23.10 18:11:20,121| HBQ-In: 23.10 18:11:20,121| DQ-In: 23.10 18:11:20,610| C-In: 23.10 18:11:21,327|
lab29-88-<0.118.0>-T3: Msg #1169, C-Out: 23.10 18:11:20,122| HBQ-In: 23.10 18:11:20,125| DQ-In: 23.10 18:11:20,610| C-In: 23.10 18:11:21,328|
lab29-73-<0.332.0>-T3: Msg #1170, C-Out: 23.10 18:11:20,123| HBQ-In: 23.10 18:11:20,126| DQ-In: 23.10 18:11:20,610| C-In: 23.10 18:11:21,328|
lab29-68-<0.633.0>-T3: Msg #1171, C-Out: 23.10 18:11:20,133| HBQ-In: 23.10 18:11:20,134| DQ-In: 23.10 18:11:20,610| C-In: 23.10 18:11:21,329|
lab29-93-<0.95.0>-T3: Msg #1172, C-Out: 23.10 18:11:20,653| HBQ-In: 23.10 18:11:20,653| DQ-In: 23.10 18:11:20,653| C-In: 23.10 18:11:21,329|
Fehlernachricht fuer Luecke von 1173 bis 1173 C-In: 23.10 18:11:21,330|
lab29-62-<0.1043.0>-T3: Msg #1174, C-Out: 23.10 18:11:20,301| HBQ-In: 23.10 18:11:20,302| DQ-In: 23.10 18:11:20,714| C-In: 23.10 18:11:21,330|
lab29-57-<0.1365.0>-T3: Msg #1175, C-Out: 23.10 18:11:20,305| HBQ-In: 23.10 18:11:20,305| DQ-In: 23.10 18:11:20,714| C-In: 23.10 18:11:21,330|
lab29-87-<0.123.0>-T3: Msg #1176, C-Out: 23.10 18:11:20,315| HBQ-In: 23.10 18:11:20,315| DQ-In: 23.10 18:11:20,714| C-In: 23.10 18:11:21,331|
lab29-47-<0.2127.0>-T3: Msg #1177, C-Out: 23.10 18:11:20,319| HBQ-In: 23.10 18:11:20,319| DQ-In: 23.10 18:11:20,714| C-In: 23.10 18:11:21,331|
lab29-52-<0.1713.0>-T3: Msg #1178, C-Out: 23.10 18:11:20,319| HBQ-In: 23.10 18:11:20,319| DQ-In: 23.10 18:11:20,714| C-In: 23.10 18:11:21,331|
lab29-82-<0.153.0>-T3: Msg #1179, C-Out: 23.10 18:11:20,319| HBQ-In: 23.10 18:11:20,319| DQ-In: 23.10 18:11:20,714|******* C-In: 23.10 18:11:21,331|
lab29-42-<0.2545.0>-T3: Msg #1180, C-Out: 23.10 18:11:20,320| HBQ-In: 23.10 18:11:20,322| DQ-In: 23.10 18:11:20,714| C-In: 23.10 18:11:21,332|
lab29-72-<0.396.0>-T3: Msg #1181, C-Out: 23.10 18:11:20,327| HBQ-In: 23.10 18:11:20,329| DQ-In: 23.10 18:11:20,714| C-In: 23.10 18:11:21,332|
Fehlernachricht fuer Luecke von 1182 bis 1182 C-In: 23.10 18:11:21,334|
lab29-67-<0.708.0>-T3: Msg #1183, C-Out: 23.10 18:11:20,341| HBQ-In: 23.10 18:11:20,341| DQ-In: 23.10 18:11:20,906| C-In: 23.10 18:11:21,335|
lab29-77-<0.187.0>-T3: Msg #1184, C-Out: 23.10 18:11:20,381| HBQ-In: 23.10 18:11:20,381| DQ-In: 23.10 18:11:20,906| C-In: 23.10 18:11:21,335|
lab29-100-<0.40.0>-T3: Msg #1185, C-Out: 23.10 18:11:20,882| HBQ-In: 23.10 18:11:20,882| DQ-In: 23.10 18:11:20,906| C-In: 23.10 18:11:21,335|
lab29-92-<0.99.0>-T3: Msg #1186, C-Out: 23.10 18:11:20,897| HBQ-In: 23.10 18:11:20,897| DQ-In: 23.10 18:11:20,906| C-In: 23.10 18:11:21,336|
Fehlernachricht fuer Luecke von 1187 bis 1188 C-In: 23.10 18:11:21,336|
lab29-61-<0.1100.0>-T3: Msg #1189, C-Out: 23.10 18:11:20,504| HBQ-In: 23.10 18:11:20,505| DQ-In: 23.10 18:11:20,923| C-In: 23.10 18:11:21,336|
lab29-56-<0.1439.0>-T3: Msg #1190, C-Out: 23.10 18:11:20,507| HBQ-In: 23.10 18:11:20,508| DQ-In: 23.10 18:11:20,923| C-In: 23.10 18:11:21,337|
lab29-51-<0.1789.0>-T3: Msg #1191, C-Out: 23.10 18:11:20,512| HBQ-In: 23.10 18:11:20,513| DQ-In: 23.10 18:11:20,923| C-In: 23.10 18:11:21,337|
lab29-81-<0.159.0>-T3: Msg #1192, C-Out: 23.10 18:11:20,512| HBQ-In: 23.10 18:11:20,513| DQ-In: 23.10 18:11:20,923| C-In: 23.10 18:11:21,337|
lab29-46-<0.2213.0>-T3: Msg #1193, C-Out: 23.10 18:11:20,513| HBQ-In: 23.10 18:11:20,513| DQ-In: 23.10 18:11:20,923| C-In: 23.10 18:11:21,339|
lab29-41-<0.2632.0>-T3: Msg #1194, C-Out: 23.10 18:11:20,521| HBQ-In: 23.10 18:11:20,521| DQ-In: 23.10 18:11:20,923| C-In: 23.10 18:11:21,340|
lab29-66-<0.743.0>-T3: Msg #1195, C-Out: 23.10 18:11:20,538| HBQ-In: 23.10 18:11:20,538| DQ-In: 23.10 18:11:20,923| C-In: 23.10 18:11:21,342|
Fehlernachricht fuer Luecke von 1196 bis 1196 C-In: 23.10 18:11:21,342|
lab29-86-<0.129.0>-T3: Msg #1197, C-Out: 23.10 18:11:20,567| HBQ-In: 23.10 18:11:20,568| DQ-In: 23.10 18:11:21,107| C-In: 23.10 18:11:21,346|
lab29-76-<0.194.0>-T3: Msg #1198, C-Out: 23.10 18:11:20,587| HBQ-In: 23.10 18:11:20,589| DQ-In: 23.10 18:11:21,107| C-In: 23.10 18:11:21,346|
lab29-91-<0.103.0>-T3: Msg #1199, C-Out: 23.10 18:11:21,102| HBQ-In: 23.10 18:11:21,104| DQ-In: 23.10 18:11:21,107| C-In: 23.10 18:11:21,349|
lab29-71-<0.461.0>-T3: Msg #1200, C-Out: 23.10 18:11:20,609| HBQ-In: 23.10 18:11:20,610| DQ-In: 23.10 18:11:21,107| C-In: 23.10 18:11:21,349|
Fehlernachricht fuer Luecke von 1201 bis 1202 C-In: 23.10 18:11:21,353|
lab29-85-<0.133.0>-T3: Msg #1203, C-Out: 23.10 18:11:20,707| HBQ-In: 23.10 18:11:20,708| DQ-In: 23.10 18:11:21,125| C-In: 23.10 18:11:21,355|
lab29-60-<0.1170.0>-T3: Msg #1204, C-Out: 23.10 18:11:20,707| HBQ-In: 23.10 18:11:20,708| DQ-In: 23.10 18:11:21,125| C-In: 23.10 18:11:21,356|
lab29-55-<0.1513.0>-T3: Msg #1205, C-Out: 23.10 18:11:20,708| HBQ-In: 23.10 18:11:20,708| DQ-In: 23.10 18:11:21,125| C-In: 23.10 18:11:21,357|
lab29-50-<0.1864.0>-T3: Msg #1206, C-Out: 23.10 18:11:20,708| HBQ-In: 23.10 18:11:20,708| DQ-In: 23.10 18:11:21,125| C-In: 23.10 18:11:21,359|
lab29-45-<0.2293.0>-T3: Msg #1207, C-Out: 23.10 18:11:20,713| HBQ-In: 23.10 18:11:20,713| DQ-In: 23.10 18:11:21,125| C-In: 23.10 18:11:21,361|
lab29-70-<0.519.0>-T3: Msg #1208, C-Out: 23.10 18:11:20,714| HBQ-In: 23.10 18:11:20,714| DQ-In: 23.10 18:11:21,125| C-In: 23.10 18:11:21,361|
lab29-40-<0.2707.0>-T3: Msg #1209, C-Out: 23.10 18:11:20,720| HBQ-In: 23.10 18:11:20,720| DQ-In: 23.10 18:11:21,125| C-In: 23.10 18:11:21,363|
lab29-65-<0.819.0>-T3: Msg #1210, C-Out: 23.10 18:11:20,724| HBQ-In: 23.10 18:11:20,724| DQ-In: 23.10 18:11:21,125| C-In: 23.10 18:11:21,363|
Fehlernachricht fuer Luecke von 1211 bis 1211 C-In: 23.10 18:11:21,366|
lab29-80-<0.164.0>-T3: Msg #1212, C-Out: 23.10 18:11:20,761| HBQ-In: 23.10 18:11:20,761| DQ-In: 23.10 18:11:21,322| C-In: 23.10 18:11:21,366|
lab29-75-<0.200.0>-T3: Msg #1213, C-Out: 23.10 18:11:20,783| HBQ-In: 23.10 18:11:20,783| DQ-In: 23.10 18:11:21,322| C-In: 23.10 18:11:21,367|
lab29-90-<0.107.0>-T3: Msg #1214, C-Out: 23.10 18:11:21,301| HBQ-In: 23.10 18:11:21,302| DQ-In: 23.10 18:11:21,322| C-In: 23.10 18:11:21,367|
Fehlernachricht fuer Luecke von 1215 bis 1215 C-In: 23.10 18:11:21,367|
lab29-59-<0.1234.0>-T3: Msg #1216, C-Out: 23.10 18:11:20,902| HBQ-In: 23.10 18:11:20,902| DQ-In: 23.10 18:11:21,325| C-In: 23.10 18:11:21,367|
lab29-84-<0.140.0>-T3: Msg #1217, C-Out: 23.10 18:11:20,906| HBQ-In: 23.10 18:11:20,906| DQ-In: 23.10 18:11:21,325| C-In: 23.10 18:11:21,368|
lab29-54-<0.1586.0>-T3: Msg #1218, C-Out: 23.10 18:11:20,906| HBQ-In: 23.10 18:11:20,906| DQ-In: 23.10 18:11:21,325| C-In: 23.10 18:11:21,370|
Fehlernachricht fuer Luecke von 1219 bis 1219 C-In: 23.10 18:11:21,372|
lab29-49-<0.1950.0>-T3: Msg #1220, C-Out: 23.10 18:11:20,910| HBQ-In: 23.10 18:11:20,910| DQ-In: 23.10 18:11:21,346| C-In: 23.10 18:11:21,375|
lab29-44-<0.2376.0>-T3: Msg #1221, C-Out: 23.10 18:11:20,915| HBQ-In: 23.10 18:11:20,915| DQ-In: 23.10 18:11:21,346| C-In: 23.10 18:11:21,375|
lab29-39-<0.2795.0>-T3: Msg #1222, C-Out: 23.10 18:11:20,921| HBQ-In: 23.10 18:11:20,923| DQ-In: 23.10 18:11:21,346| C-In: 23.10 18:11:21,378|
lab29-64-<0.899.0>-T3: Msg #1223, C-Out: 23.10 18:11:20,927| HBQ-In: 23.10 18:11:20,928| DQ-In: 23.10 18:11:21,346| C-In: 23.10 18:11:21,378|
lab29-69-<0.583.0>-T3: Msg #1224, C-Out: 23.10 18:11:20,931| HBQ-In: 23.10 18:11:20,931| DQ-In: 23.10 18:11:21,346| C-In: 23.10 18:11:21,380|
ReceiveMsgs done
lab29-82-<0.153.0>-T3: Msg #1333, C-Out: 23.10 18:11:22,881| gesendet
lab29-82-<0.153.0>-T3: Msg #1469, C-Out: 23.10 18:11:24,384| gesendet
lab29-82-<0.153.0>-T3: Msg #1599, C-Out: 23.10 18:11:25,885| gesendet
lab29-82-<0.153.0>-T3: Msg #1732, C-Out: 23.10 18:11:27,388| gesendet
lab29-82-<0.153.0>-T3: Msg #1904, C-Out: 23.10 18:11:28,893| gesendet
Neues Intervall: 2.25 Sekunden
Msg #2047 um 23.10 18:11:28,894| vergessen zu senden
lab29-70-<0.519.0>-T3: Msg #1845, C-Out: 23.10 18:11:28,271| HBQ-In: 23.10 18:11:28,271| DQ-In: 23.10 18:11:28,271| C-In: 23.10 18:11:28,896|
lab29-45-<0.2293.0>-T3: Msg #1846, C-Out: 23.10 18:11:27,772| HBQ-In: 23.10 18:11:27,772| DQ-In: 23.10 18:11:28,271| C-In: 23.10 18:11:28,897|
Fehlernachricht fuer Luecke von 1847 bis 1847 C-In: 23.10 18:11:28,897|
lab29-30-<0.3559.0>-T3: Msg #1848, C-Out: 23.10 18:11:27,805| HBQ-In: 23.10 18:11:27,805| DQ-In: 23.10 18:11:28,355| C-In: 23.10 18:11:28,897|
lab29-50-<0.1864.0>-T3: Msg #1849, C-Out: 23.10 18:11:27,812| HBQ-In: 23.10 18:11:27,812| DQ-In: 23.10 18:11:28,355| C-In: 23.10 18:11:28,898|
lab29-55-<0.1513.0>-T3: Msg #1850, C-Out: 23.10 18:11:28,311| HBQ-In: 23.10 18:11:28,312| DQ-In: 23.10 18:11:28,355| C-In: 23.10 18:11:28,898|
Fehlernachricht fuer Luecke von 1851 bis 1854 C-In: 23.10 18:11:28,898|
lab29-24-<0.4051.0>-T3: Msg #1855, C-Out: 23.10 18:11:27,947| HBQ-In: 23.10 18:11:27,947| DQ-In: 23.10 18:11:28,376| C-In: 23.10 18:11:28,899|
lab29-19-<0.4442.0>-T3: Msg #1856, C-Out: 23.10 18:11:27,951| HBQ-In: 23.10 18:11:27,953| DQ-In: 23.10 18:11:28,376| C-In: 23.10 18:11:28,902|
Fehlernachricht fuer Luecke von 1857 bis 1857 C-In: 23.10 18:11:28,904|
lab29-14-<0.4846.0>-T3: Msg #1858, C-Out: 23.10 18:11:27,955| HBQ-In: 23.10 18:11:27,955| DQ-In: 23.10 18:11:28,382| C-In: 23.10 18:11:28,905|
lab29-9-<0.5191.0>-T3: Msg #1859, C-Out: 23.10 18:11:27,959| HBQ-In: 23.10 18:11:27,959| DQ-In: 23.10 18:11:28,382| C-In: 23.10 18:11:28,905|
Fehlernachricht fuer Luecke von 1860 bis 1860 C-In: 23.10 18:11:28,907|
lab29-39-<0.2795.0>-T3: Msg #1861, C-Out: 23.10 18:11:27,964| HBQ-In: 23.10 18:11:27,964| DQ-In: 23.10 18:11:28,401| C-In: 23.10 18:11:28,908|
lab29-49-<0.1950.0>-T3: Msg #1862, C-Out: 23.10 18:11:27,964| HBQ-In: 23.10 18:11:27,964| DQ-In: 23.10 18:11:28,401| C-In: 23.10 18:11:28,908|
lab29-4-<0.5587.0>-T3: Msg #1863, C-Out: 23.10 18:11:27,964| HBQ-In: 23.10 18:11:27,964| DQ-In: 23.10 18:11:28,401| C-In: 23.10 18:11:28,908|
lab29-44-<0.2376.0>-T3: Msg #1864, C-Out: 23.10 18:11:27,970| HBQ-In: 23.10 18:11:27,970| DQ-In: 23.10 18:11:28,401| C-In: 23.10 18:11:28,909|
Fehlernachricht fuer Luecke von 1865 bis 1865 C-In: 23.10 18:11:28,909|
lab29-34-<0.3220.0>-T3: Msg #1866, C-Out: 23.10 18:11:27,978| HBQ-In: 23.10 18:11:27,978| DQ-In: 23.10 18:11:28,557| C-In: 23.10 18:11:28,909|
lab29-69-<0.583.0>-T3: Msg #1867, C-Out: 23.10 18:11:28,482| HBQ-In: 23.10 18:11:28,482| DQ-In: 23.10 18:11:28,557| C-In: 23.10 18:11:28,910|
lab29-29-<0.3641.0>-T3: Msg #1868, C-Out: 23.10 18:11:27,991| HBQ-In: 23.10 18:11:27,992| DQ-In: 23.10 18:11:28,557| C-In: 23.10 18:11:28,912|
lab29-54-<0.1586.0>-T3: Msg #1869, C-Out: 23.10 18:11:28,519| HBQ-In: 23.10 18:11:28,519| DQ-In: 23.10 18:11:28,557| C-In: 23.10 18:11:28,913|
Fehlernachricht fuer Luecke von 1870 bis 1874 C-In: 23.10 18:11:28,915|
lab29-23-<0.4130.0>-T3: Msg #1875, C-Out: 23.10 18:11:28,149| HBQ-In: 23.10 18:11:28,149| DQ-In: 23.10 18:11:28,570| C-In: 23.10 18:11:28,915|
lab29-18-<0.4519.0>-T3: Msg #1876, C-Out: 23.10 18:11:28,153| HBQ-In: 23.10 18:11:28,153| DQ-In: 23.10 18:11:28,570| C-In: 23.10 18:11:28,918|
Fehlernachricht fuer Luecke von 1877 bis 1877 C-In: 23.10 18:11:28,920|
lab29-13-<0.4921.0>-T3: Msg #1878, C-Out: 23.10 18:11:28,159| HBQ-In: 23.10 18:11:28,160| DQ-In: 23.10 18:11:28,582| C-In: 23.10 18:11:28,920|
lab29-8-<0.5273.0>-T3: Msg #1879, C-Out: 23.10 18:11:28,162| HBQ-In: 23.10 18:11:28,162| DQ-In: 23.10 18:11:28,582| C-In: 23.10 18:11:28,922|
lab29-48-<0.2035.0>-T3: Msg #1880, C-Out: 23.10 18:11:28,163| HBQ-In: 23.10 18:11:28,163| DQ-In: 23.10 18:11:28,582| C-In: 23.10 18:11:28,923|
lab29-83-<0.147.0>-T3: Msg #1881, C-Out: 23.10 18:11:28,663| HBQ-In: 23.10 18:11:28,663| DQ-In: 23.10 18:11:28,663| C-In: 23.10 18:11:28,923|
lab29-38-<0.2880.0>-T3: Msg #1882, C-Out: 23.10 18:11:28,163| HBQ-In: 23.10 18:11:28,163| DQ-In: 23.10 18:11:28,663| C-In: 23.10 18:11:28,924|
lab29-3-<0.5663.0>-T3: Msg #1883, C-Out: 23.10 18:11:28,164| HBQ-In: 23.10 18:11:28,164| DQ-In: 23.10 18:11:28,663| C-In: 23.10 18:11:28,924|
lab29-43-<0.2458.0>-T3: Msg #1884, C-Out: 23.10 18:11:28,181| HBQ-In: 23.10 18:11:28,181| DQ-In: 23.10 18:11:28,663| C-In: 23.10 18:11:28,924|
lab29-33-<0.3306.0>-T3: Msg #1885, C-Out: 23.10 18:11:28,181| HBQ-In: 23.10 18:11:28,181| DQ-In: 23.10 18:11:28,663| C-In: 23.10 18:11:28,924|
lab29-28-<0.3729.0>-T3: Msg #1886, C-Out: 23.10 18:11:28,199| HBQ-In: 23.10 18:11:28,199| DQ-In: 23.10 18:11:28,663| C-In: 23.10 18:11:28,925|
lab29-53-<0.1650.0>-T3: Msg #1887, C-Out: 23.10 18:11:28,699| HBQ-In: 23.10 18:11:28,699| DQ-In: 23.10 18:11:28,699| C-In: 23.10 18:11:28,925|
lab29-68-<0.633.0>-T3: Msg #1888, C-Out: 23.10 18:11:28,735| HBQ-In: 23.10 18:11:28,736| DQ-In: 23.10 18:11:28,736| C-In: 23.10 18:11:28,925|
Fehlernachricht fuer Luecke von 1889 bis 1890 C-In: 23.10 18:11:28,926|
lab29-22-<0.4210.0>-T3: Msg #1891, C-Out: 23.10 18:11:28,347| HBQ-In: 23.10 18:11:28,347| DQ-In: 23.10 18:11:28,769| C-In: 23.10 18:11:28,926|
Fehlernachricht fuer Luecke von 1892 bis 1892 C-In: 23.10 18:11:28,926|
lab29-17-<0.4601.0>-T3: Msg #1893, C-Out: 23.10 18:11:28,352| HBQ-In: 23.10 18:11:28,352| DQ-In: 23.10 18:11:28,774| C-In: 23.10 18:11:28,927|
lab29-12-<0.4991.0>-T3: Msg #1894, C-Out: 23.10 18:11:28,354| HBQ-In: 23.10 18:11:28,355| DQ-In: 23.10 18:11:28,774| C-In: 23.10 18:11:28,927|
lab29-7-<0.5358.0>-T3: Msg #1895, C-Out: 23.10 18:11:28,360| HBQ-In: 23.10 18:11:28,360| DQ-In: 23.10 18:11:28,774| C-In: 23.10 18:11:28,927|
lab29-2-<0.5741.0>-T3: Msg #1896, C-Out: 23.10 18:11:28,370| HBQ-In: 23.10 18:11:28,370| DQ-In: 23.10 18:11:28,774| C-In: 23.10 18:11:28,928|
lab29-75-<0.200.0>-T3: Msg #1897, C-Out: 23.10 18:11:28,874| HBQ-In: 23.10 18:11:28,876| DQ-In: 23.10 18:11:28,876| C-In: 23.10 18:11:28,928|
Fehlernachricht fuer Luecke von 1898 bis 1898 C-In: 23.10 18:11:28,928|
lab29-32-<0.3394.0>-T3: Msg #1899, C-Out: 23.10 18:11:28,374| HBQ-In: 23.10 18:11:28,376| DQ-In: 23.10 18:11:28,894| C-In: 23.10 18:11:28,928|
lab29-47-<0.2127.0>-T3: Msg #1900, C-Out: 23.10 18:11:28,382| HBQ-In: 23.10 18:11:28,382| DQ-In: 23.10 18:11:28,894| C-In: 23.10 18:11:28,929|
lab29-42-<0.2545.0>-T3: Msg #1901, C-Out: 23.10 18:11:28,382| HBQ-In: 23.10 18:11:28,382| DQ-In: 23.10 18:11:28,894| C-In: 23.10 18:11:28,929|
lab29-67-<0.708.0>-T3: Msg #1902, C-Out: 23.10 18:11:28,885| HBQ-In: 23.10 18:11:28,886| DQ-In: 23.10 18:11:28,894| C-In: 23.10 18:11:28,930|
ReceiveMsgs done
lab29-82-<0.153.0>-T3: Msg #2048, C-Out: 23.10 18:11:31,181| gesendet
lab29-82-<0.153.0>-T3: Msg #2271, C-Out: 23.10 18:11:33,433| gesendet
lab29-82-<0.153.0>-T3: Msg #2458, C-Out: 23.10 18:11:35,684| gesendet
lab29-82-<0.153.0>-T3: Msg #2647, C-Out: 23.10 18:11:37,936| gesendet
lab29-82-<0.153.0>-T3: Msg #2802, C-Out: 23.10 18:11:40,188| gesendet
Neues Intervall: 3.375 Sekunden
