lab29-91-<0.103.0>-T3 C-Start: 23.10 18:11:09,449|
lab29-91-<0.103.0>-T3: Msg #698, C-Out: 23.10 18:11:10,452| gesendet
lab29-91-<0.103.0>-T3: Msg #737, C-Out: 23.10 18:11:11,455| gesendet
lab29-91-<0.103.0>-T3: Msg #756, C-Out: 23.10 18:11:12,458| gesendet
lab29-91-<0.103.0>-T3: Msg #785, C-Out: 23.10 18:11:13,461| gesendet
lab29-91-<0.103.0>-T3: Msg #818, C-Out: 23.10 18:11:14,465| gesendet
Neues Intervall: 1 Sekunden
Msg #878 um 23.10 18:11:14,466| vergessen zu senden
lab29-86-<0.129.0>-T3: Msg #757, C-Out: 23.10 18:11:12,463| HBQ-In: 23.10 18:11:12,463| DQ-In: 23.10 18:11:12,463| C-In: 23.10 18:11:14,467|
lab29-81-<0.159.0>-T3: Msg #758, C-Out: 23.10 18:11:12,467| HBQ-In: 23.10 18:11:12,467| DQ-In: 23.10 18:11:12,467| C-In: 23.10 18:11:14,467|
lab29-90-<0.107.0>-T3: Msg #759, C-Out: 23.10 18:11:12,655| HBQ-In: 23.10 18:11:12,655| DQ-In: 23.10 18:11:12,655| C-In: 23.10 18:11:14,467|
lab29-85-<0.133.0>-T3: Msg #760, C-Out: 23.10 18:11:12,664| HBQ-In: 23.10 18:11:12,664| DQ-In: 23.10 18:11:12,664| C-In: 23.10 18:11:14,467|
lab29-80-<0.164.0>-T3: Msg #761, C-Out: 23.10 18:11:12,668| HBQ-In: 23.10 18:11:12,668| DQ-In: 23.10 18:11:12,668| C-In: 23.10 18:11:14,468|
lab29-100-<0.40.0>-T3: Msg #763, C-Out: 23.10 18:11:12,674| HBQ-In: 23.10 18:11:12,674| DQ-In: 23.10 18:11:12,674| C-In: 23.10 18:11:14,468|
lab29-99-<0.49.0>-T3: Msg #764, C-Out: 23.10 18:11:12,855| HBQ-In: 23.10 18:11:12,855| DQ-In: 23.10 18:11:12,855| C-In: 23.10 18:11:14,471|
lab29-89-<0.113.0>-T3: Msg #765, C-Out: 23.10 18:11:12,861| HBQ-In: 23.10 18:11:12,861| DQ-In: 23.10 18:11:12,861| C-In: 23.10 18:11:14,473|
lab29-94-<0.91.0>-T3: Msg #766, C-Out: 23.10 18:11:12,862| HBQ-In: 23.10 18:11:12,862| DQ-In: 23.10 18:11:12,862| C-In: 23.10 18:11:14,474|
lab29-84-<0.140.0>-T3: Msg #767, C-Out: 23.10 18:11:12,866| HBQ-In: 23.10 18:11:12,866| DQ-In: 23.10 18:11:12,866| C-In: 23.10 18:11:14,474|
lab29-79-<0.173.0>-T3: Msg #768, C-Out: 23.10 18:11:12,874| HBQ-In: 23.10 18:11:12,875| DQ-In: 23.10 18:11:12,875| C-In: 23.10 18:11:14,474|
lab29-98-<0.78.0>-T3: Msg #769, C-Out: 23.10 18:11:13,055| HBQ-In: 23.10 18:11:13,055| DQ-In: 23.10 18:11:13,055| C-In: 23.10 18:11:14,475|
lab29-88-<0.118.0>-T3: Msg #770, C-Out: 23.10 18:11:13,059| HBQ-In: 23.10 18:11:13,060| DQ-In: 23.10 18:11:13,060| C-In: 23.10 18:11:14,475|
lab29-93-<0.95.0>-T3: Msg #771, C-Out: 23.10 18:11:13,064| HBQ-In: 23.10 18:11:13,064| DQ-In: 23.10 18:11:13,064| C-In: 23.10 18:11:14,475|
lab29-83-<0.147.0>-T3: Msg #772, C-Out: 23.10 18:11:13,066| HBQ-In: 23.10 18:11:13,067| DQ-In: 23.10 18:11:13,067| C-In: 23.10 18:11:14,476|
lab29-78-<0.180.0>-T3: Msg #773, C-Out: 23.10 18:11:13,071| HBQ-In: 23.10 18:11:13,071| DQ-In: 23.10 18:11:13,071| C-In: 23.10 18:11:14,476|
lab29-97-<0.81.0>-T3: Msg #774, C-Out: 23.10 18:11:13,261| HBQ-In: 23.10 18:11:13,261| DQ-In: 23.10 18:11:13,261| C-In: 23.10 18:11:14,476|
lab29-92-<0.99.0>-T3: Msg #775, C-Out: 23.10 18:11:13,261| HBQ-In: 23.10 18:11:13,261| DQ-In: 23.10 18:11:13,261| C-In: 23.10 18:11:14,477|
lab29-87-<0.123.0>-T3: Msg #776, C-Out: 23.10 18:11:13,266| HBQ-In: 23.10 18:11:13,266| DQ-In: 23.10 18:11:13,266| C-In: 23.10 18:11:14,477|
lab29-82-<0.153.0>-T3: Msg #777, C-Out: 23.10 18:11:13,271| HBQ-In: 23.10 18:11:13,271| DQ-In: 23.10 18:11:13,271| C-In: 23.10 18:11:14,477|
lab29-77-<0.187.0>-T3: Msg #778, C-Out: 23.10 18:11:13,275| HBQ-In: 23.10 18:11:13,275| DQ-In: 23.10 18:11:13,275| C-In: 23.10 18:11:14,478|
Fehlernachricht fuer Luecke von 779 bis 783 C-In: 23.10 18:11:14,478|
lab29-96-<0.84.0>-T3: Msg #784, C-Out: 23.10 18:11:13,457| HBQ-In: 23.10 18:11:13,457| DQ-In: 23.10 18:11:14,276| C-In: 23.10 18:11:14,478|
lab29-91-<0.103.0>-T3: Msg #785, C-Out: 23.10 18:11:13,461| HBQ-In: 23.10 18:11:13,462| DQ-In: 23.10 18:11:14,276|******* C-In: 23.10 18:11:14,479|
lab29-86-<0.129.0>-T3: Msg #786, C-Out: 23.10 18:11:13,466| HBQ-In: 23.10 18:11:13,469| DQ-In: 23.10 18:11:14,276| C-In: 23.10 18:11:14,481|
lab29-81-<0.159.0>-T3: Msg #787, C-Out: 23.10 18:11:13,470| HBQ-In: 23.10 18:11:13,472| DQ-In: 23.10 18:11:14,276| C-In: 23.10 18:11:14,481|
lab29-76-<0.194.0>-T3: Msg #788, C-Out: 23.10 18:11:13,476| HBQ-In: 23.10 18:11:13,478| DQ-In: 23.10 18:11:14,276| C-In: 23.10 18:11:14,481|
lab29-90-<0.107.0>-T3: Msg #789, C-Out: 23.10 18:11:13,658| HBQ-In: 23.10 18:11:13,658| DQ-In: 23.10 18:11:14,276| C-In: 23.10 18:11:14,482|
lab29-85-<0.133.0>-T3: Msg #790, C-Out: 23.10 18:11:13,667| HBQ-In: 23.10 18:11:13,667| DQ-In: 23.10 18:11:14,276| C-In: 23.10 18:11:14,482|
lab29-80-<0.164.0>-T3: Msg #791, C-Out: 23.10 18:11:13,671| HBQ-In: 23.10 18:11:13,671| DQ-In: 23.10 18:11:14,276| C-In: 23.10 18:11:14,482|
lab29-95-<0.87.0>-T3: Msg #792, C-Out: 23.10 18:11:13,673| HBQ-In: 23.10 18:11:13,673| DQ-In: 23.10 18:11:14,276| C-In: 23.10 18:11:14,483|
lab29-75-<0.200.0>-T3: Msg #793, C-Out: 23.10 18:11:13,680| HBQ-In: 23.10 18:11:13,680| DQ-In: 23.10 18:11:14,276| C-In: 23.10 18:11:14,484|
Fehlernachricht fuer Luecke von 794 bis 794 C-In: 23.10 18:11:14,485|
lab29-100-<0.40.0>-T3: Msg #795, C-Out: 23.10 18:11:13,759| HBQ-In: 23.10 18:11:13,759| DQ-In: 23.10 18:11:14,458| C-In: 23.10 18:11:14,485|
Fehlernachricht fuer Luecke von 796 bis 796 C-In: 23.10 18:11:14,485|
lab29-89-<0.113.0>-T3: Msg #797, C-Out: 23.10 18:11:13,863| HBQ-In: 23.10 18:11:13,863| DQ-In: 23.10 18:11:14,459| C-In: 23.10 18:11:14,486|
lab29-94-<0.91.0>-T3: Msg #798, C-Out: 23.10 18:11:13,865| HBQ-In: 23.10 18:11:13,865| DQ-In: 23.10 18:11:14,459| C-In: 23.10 18:11:14,486|
lab29-84-<0.140.0>-T3: Msg #799, C-Out: 23.10 18:11:13,867| HBQ-In: 23.10 18:11:13,867| DQ-In: 23.10 18:11:14,459| C-In: 23.10 18:11:14,486|
lab29-79-<0.173.0>-T3: Msg #800, C-Out: 23.10 18:11:13,880| HBQ-In: 23.10 18:11:13,880| DQ-In: 23.10 18:11:14,459| C-In: 23.10 18:11:14,487|
lab29-74-<0.266.0>-T3: Msg #801, C-Out: 23.10 18:11:13,879| HBQ-In: 23.10 18:11:13,880| DQ-In: 23.10 18:11:14,459| C-In: 23.10 18:11:14,492|
lab29-99-<0.49.0>-T3: Msg #802, C-Out: 23.10 18:11:13,892| HBQ-In: 23.10 18:11:13,938| DQ-In: 23.10 18:11:14,459| C-In: 23.10 18:11:14,494|
Fehlernachricht fuer Luecke von 803 bis 803 C-In: 23.10 18:11:14,498|
lab29-88-<0.118.0>-T3: Msg #804, C-Out: 23.10 18:11:14,062| HBQ-In: 23.10 18:11:14,062| DQ-In: 23.10 18:11:14,465| C-In: 23.10 18:11:14,502|
lab29-93-<0.95.0>-T3: Msg #805, C-Out: 23.10 18:11:14,068| HBQ-In: 23.10 18:11:14,068| DQ-In: 23.10 18:11:14,466| C-In: 23.10 18:11:14,505|
lab29-83-<0.147.0>-T3: Msg #806, C-Out: 23.10 18:11:14,071| HBQ-In: 23.10 18:11:14,071| DQ-In: 23.10 18:11:14,466| C-In: 23.10 18:11:14,508|
lab29-78-<0.180.0>-T3: Msg #807, C-Out: 23.10 18:11:14,073| HBQ-In: 23.10 18:11:14,073| DQ-In: 23.10 18:11:14,466| C-In: 23.10 18:11:14,510|
lab29-73-<0.332.0>-T3: Msg #808, C-Out: 23.10 18:11:14,079| HBQ-In: 23.10 18:11:14,081| DQ-In: 23.10 18:11:14,466| C-In: 23.10 18:11:14,513|
lab29-98-<0.78.0>-T3: Msg #809, C-Out: 23.10 18:11:14,151| HBQ-In: 23.10 18:11:14,151| DQ-In: 23.10 18:11:14,466| C-In: 23.10 18:11:14,518|
lab29-92-<0.99.0>-T3: Msg #810, C-Out: 23.10 18:11:14,262| HBQ-In: 23.10 18:11:14,262| DQ-In: 23.10 18:11:14,466| C-In: 23.10 18:11:14,520|
Fehlernachricht fuer Luecke von 811 bis 811 C-In: 23.10 18:11:14,523|
lab29-87-<0.123.0>-T3: Msg #812, C-Out: 23.10 18:11:14,269| HBQ-In: 23.10 18:11:14,269| DQ-In: 23.10 18:11:14,468| C-In: 23.10 18:11:14,527|
lab29-82-<0.153.0>-T3: Msg #813, C-Out: 23.10 18:11:14,276| HBQ-In: 23.10 18:11:14,276| DQ-In: 23.10 18:11:14,468| C-In: 23.10 18:11:14,530|
lab29-77-<0.187.0>-T3: Msg #814, C-Out: 23.10 18:11:14,279| HBQ-In: 23.10 18:11:14,279| DQ-In: 23.10 18:11:14,468| C-In: 23.10 18:11:14,536|
lab29-72-<0.396.0>-T3: Msg #815, C-Out: 23.10 18:11:14,281| HBQ-In: 23.10 18:11:14,281| DQ-In: 23.10 18:11:14,468| C-In: 23.10 18:11:14,538|
lab29-97-<0.81.0>-T3: Msg #816, C-Out: 23.10 18:11:14,402| HBQ-In: 23.10 18:11:14,419| DQ-In: 23.10 18:11:14,468| C-In: 23.10 18:11:14,541|
ReceiveMsgs done
lab29-91-<0.103.0>-T3: Msg #887, C-Out: 23.10 18:11:15,547| gesendet
lab29-91-<0.103.0>-T3: Msg #931, C-Out: 23.10 18:11:16,551| gesendet
lab29-91-<0.103.0>-T3: Msg #986, C-Out: 23.10 18:11:17,553| gesendet
lab29-91-<0.103.0>-T3: Msg #1040, C-Out: 23.10 18:11:18,558| gesendet
lab29-91-<0.103.0>-T3: Msg #1128, C-Out: 23.10 18:11:19,561| gesendet
Neues Intervall: 1.5 Sekunden
Msg #1196 um 23.10 18:11:19,563| vergessen zu senden
lab29-79-<0.173.0>-T3: Msg #1066, C-Out: 23.10 18:11:18,955| HBQ-In: 23.10 18:11:18,955| DQ-In: 23.10 18:11:19,102| C-In: 23.10 18:11:19,563|
lab29-74-<0.266.0>-T3: Msg #1067, C-Out: 23.10 18:11:18,963| HBQ-In: 23.10 18:11:18,963| DQ-In: 23.10 18:11:19,102| C-In: 23.10 18:11:19,565|
Fehlernachricht fuer Luecke von 1068 bis 1068 C-In: 23.10 18:11:19,566|
lab29-94-<0.91.0>-T3: Msg #1069, C-Out: 23.10 18:11:18,000| HBQ-In: 23.10 18:11:18,000| DQ-In: 23.10 18:11:19,112| C-In: 23.10 18:11:19,566|
Fehlernachricht fuer Luecke von 1070 bis 1070 C-In: 23.10 18:11:19,567|
lab29-68-<0.633.0>-T3: Msg #1071, C-Out: 23.10 18:11:19,096| HBQ-In: 23.10 18:11:19,097| DQ-In: 23.10 18:11:19,113| C-In: 23.10 18:11:19,567|
lab29-63-<0.983.0>-T3: Msg #1072, C-Out: 23.10 18:11:19,096| HBQ-In: 23.10 18:11:19,096| DQ-In: 23.10 18:11:19,113| C-In: 23.10 18:11:19,567|
lab29-58-<0.1296.0>-T3: Msg #1073, C-Out: 23.10 18:11:19,102| HBQ-In: 23.10 18:11:19,102| DQ-In: 23.10 18:11:19,113| C-In: 23.10 18:11:19,568|
lab29-53-<0.1650.0>-T3: Msg #1074, C-Out: 23.10 18:11:19,104| HBQ-In: 23.10 18:11:19,104| DQ-In: 23.10 18:11:19,113| C-In: 23.10 18:11:19,568|
lab29-48-<0.2035.0>-T3: Msg #1075, C-Out: 23.10 18:11:19,112| HBQ-In: 23.10 18:11:19,112| DQ-In: 23.10 18:11:19,113| C-In: 23.10 18:11:19,570|
lab29-93-<0.95.0>-T3: Msg #1076, C-Out: 23.10 18:11:19,112| HBQ-In: 23.10 18:11:19,112| DQ-In: 23.10 18:11:19,113| C-In: 23.10 18:11:19,570|
lab29-83-<0.147.0>-T3: Msg #1077, C-Out: 23.10 18:11:19,117| HBQ-In: 23.10 18:11:19,117| DQ-In: 23.10 18:11:19,117| C-In: 23.10 18:11:19,572|
lab29-78-<0.180.0>-T3: Msg #1078, C-Out: 23.10 18:11:19,120| HBQ-In: 23.10 18:11:19,120| DQ-In: 23.10 18:11:19,120| C-In: 23.10 18:11:19,572|
lab29-88-<0.118.0>-T3: Msg #1079, C-Out: 23.10 18:11:19,121| HBQ-In: 23.10 18:11:19,121| DQ-In: 23.10 18:11:19,121| C-In: 23.10 18:11:19,573|
lab29-73-<0.332.0>-T3: Msg #1080, C-Out: 23.10 18:11:19,122| HBQ-In: 23.10 18:11:19,122| DQ-In: 23.10 18:11:19,122| C-In: 23.10 18:11:19,573|
Fehlernachricht fuer Luecke von 1081 bis 1083 C-In: 23.10 18:11:19,573|
lab29-67-<0.708.0>-T3: Msg #1084, C-Out: 23.10 18:11:19,296| HBQ-In: 23.10 18:11:19,297| DQ-In: 23.10 18:11:19,316| C-In: 23.10 18:11:19,574|
lab29-62-<0.1043.0>-T3: Msg #1085, C-Out: 23.10 18:11:19,299| HBQ-In: 23.10 18:11:19,299| DQ-In: 23.10 18:11:19,316| C-In: 23.10 18:11:19,574|
lab29-57-<0.1365.0>-T3: Msg #1086, C-Out: 23.10 18:11:19,304| HBQ-In: 23.10 18:11:19,304| DQ-In: 23.10 18:11:19,316| C-In: 23.10 18:11:19,576|
lab29-52-<0.1713.0>-T3: Msg #1087, C-Out: 23.10 18:11:19,312| HBQ-In: 23.10 18:11:19,316| DQ-In: 23.10 18:11:19,316| C-In: 23.10 18:11:19,576|
lab29-47-<0.2127.0>-T3: Msg #1088, C-Out: 23.10 18:11:19,312| HBQ-In: 23.10 18:11:19,316| DQ-In: 23.10 18:11:19,316| C-In: 23.10 18:11:19,577|
lab29-87-<0.123.0>-T3: Msg #1089, C-Out: 23.10 18:11:19,312| HBQ-In: 23.10 18:11:19,314| DQ-In: 23.10 18:11:19,316| C-In: 23.10 18:11:19,579|
lab29-82-<0.153.0>-T3: Msg #1090, C-Out: 23.10 18:11:19,315| HBQ-In: 23.10 18:11:19,316| DQ-In: 23.10 18:11:19,316| C-In: 23.10 18:11:19,583|
lab29-72-<0.396.0>-T3: Msg #1091, C-Out: 23.10 18:11:19,325| HBQ-In: 23.10 18:11:19,326| DQ-In: 23.10 18:11:19,326| C-In: 23.10 18:11:19,586|
lab29-92-<0.99.0>-T3: Msg #1092, C-Out: 23.10 18:11:19,335| HBQ-In: 23.10 18:11:19,336| DQ-In: 23.10 18:11:19,336| C-In: 23.10 18:11:19,586|
lab29-77-<0.187.0>-T3: Msg #1093, C-Out: 23.10 18:11:19,378| HBQ-In: 23.10 18:11:19,378| DQ-In: 23.10 18:11:19,378| C-In: 23.10 18:11:19,586|
Fehlernachricht fuer Luecke von 1094 bis 1094 C-In: 23.10 18:11:19,586|
lab29-66-<0.743.0>-T3: Msg #1095, C-Out: 23.10 18:11:19,495| HBQ-In: 23.10 18:11:19,495| DQ-In: 23.10 18:11:19,512| C-In: 23.10 18:11:19,587|
Fehlernachricht fuer Luecke von 1096 bis 1097 C-In: 23.10 18:11:19,587|
1-client@lab23: 1098. Nachricht--Gruppe:1-Team:5-Sendezeit:18:11:18 HBQ-In: 23.10 18:11:18,502| DQ-In: 23.10 18:11:19,561| C-In: 23.10 18:11:19,587|
lab29-61-<0.1100.0>-T3: Msg #1099, C-Out: 23.10 18:11:19,503| HBQ-In: 23.10 18:11:19,503| DQ-In: 23.10 18:11:19,561| C-In: 23.10 18:11:19,590|
3-client@lab23: 1100. Nachricht--Gruppe:1-Team:5-Sendezeit:18:11:18 HBQ-In: 23.10 18:11:18,505| DQ-In: 23.10 18:11:19,561| C-In: 23.10 18:11:19,590|
1-client@lab23: 1101. Nachricht--Gruppe:1-Team:5-Sendezeit:18:11:18 HBQ-In: 23.10 18:11:18,508| DQ-In: 23.10 18:11:19,561| C-In: 23.10 18:11:19,590|
4-client@lab23: 1102. Nachricht--Gruppe:1-Team:5-Sendezeit:18:11:18 HBQ-In: 23.10 18:11:18,508| DQ-In: 23.10 18:11:19,561| C-In: 23.10 18:11:19,590|
2-client@lab23: 1103. Nachricht--Gruppe:1-Team:5-Sendezeit:18:11:18 HBQ-In: 23.10 18:11:18,508| DQ-In: 23.10 18:11:19,561| C-In: 23.10 18:11:19,591|
5-client@lab23: 1104. Nachricht--Gruppe:1-Team:5-Sendezeit:18:11:18 HBQ-In: 23.10 18:11:18,508| DQ-In: 23.10 18:11:19,561| C-In: 23.10 18:11:19,591|
lab29-56-<0.1439.0>-T3: Msg #1105, C-Out: 23.10 18:11:19,506| HBQ-In: 23.10 18:11:19,506| DQ-In: 23.10 18:11:19,561| C-In: 23.10 18:11:19,591|
3-client@lab23: 1106. Nachricht--Gruppe:1-Team:5-Sendezeit:18:11:18 HBQ-In: 23.10 18:11:18,512| DQ-In: 23.10 18:11:19,561| C-In: 23.10 18:11:19,592|
1-client@lab23: 1107. Nachricht--Gruppe:1-Team:5-Sendezeit:18:11:18 HBQ-In: 23.10 18:11:18,512| DQ-In: 23.10 18:11:19,561| C-In: 23.10 18:11:19,592|
4-client@lab23: 1108. Nachricht--Gruppe:1-Team:5-Sendezeit:18:11:18 HBQ-In: 23.10 18:11:18,513| DQ-In: 23.10 18:11:19,561| C-In: 23.10 18:11:19,596|
2-client@lab23: 1109. Nachricht--Gruppe:1-Team:5-Sendezeit:18:11:18 HBQ-In: 23.10 18:11:18,513| DQ-In: 23.10 18:11:19,562| C-In: 23.10 18:11:19,596|
5-client@lab23: 1110. Nachricht--Gruppe:1-Team:5-Sendezeit:18:11:18 HBQ-In: 23.10 18:11:18,513| DQ-In: 23.10 18:11:19,562| C-In: 23.10 18:11:19,597|
lab29-51-<0.1789.0>-T3: Msg #1111, C-Out: 23.10 18:11:19,509| HBQ-In: 23.10 18:11:19,511| DQ-In: 23.10 18:11:19,562| C-In: 23.10 18:11:19,597|
lab29-81-<0.159.0>-T3: Msg #1112, C-Out: 23.10 18:11:19,511| HBQ-In: 23.10 18:11:19,511| DQ-In: 23.10 18:11:19,562| C-In: 23.10 18:11:19,597|
lab29-46-<0.2213.0>-T3: Msg #1113, C-Out: 23.10 18:11:19,512| HBQ-In: 23.10 18:11:19,512| DQ-In: 23.10 18:11:19,562| C-In: 23.10 18:11:19,598|
1-client@lab23: 1114. Nachricht--Gruppe:1-Team:5-Sendezeit:18:11:18 HBQ-In: 23.10 18:11:18,517| DQ-In: 23.10 18:11:19,562| C-In: 23.10 18:11:19,598|
3-client@lab23: 1115. Nachricht--Gruppe:1-Team:5-Sendezeit:18:11:18 HBQ-In: 23.10 18:11:18,518| DQ-In: 23.10 18:11:19,562| C-In: 23.10 18:11:19,598|
2-client@lab23: 1116. Nachricht--Gruppe:1-Team:5-Sendezeit:18:11:18 HBQ-In: 23.10 18:11:18,517| DQ-In: 23.10 18:11:19,562| C-In: 23.10 18:11:19,599|
5-client@lab23: 1117. Nachricht--Gruppe:1-Team:5-Sendezeit:18:11:18 HBQ-In: 23.10 18:11:18,518| DQ-In: 23.10 18:11:19,562| C-In: 23.10 18:11:19,599|
4-client@lab23: 1118. Nachricht--Gruppe:1-Team:5-Sendezeit:18:11:18 HBQ-In: 23.10 18:11:18,518| DQ-In: 23.10 18:11:19,562| C-In: 23.10 18:11:19,599|
ReceiveMsgs done
lab29-91-<0.103.0>-T3: Msg #1199, C-Out: 23.10 18:11:21,102| gesendet
lab29-91-<0.103.0>-T3: Msg #1306, C-Out: 23.10 18:11:22,605| gesendet
lab29-91-<0.103.0>-T3: Msg #1450, C-Out: 23.10 18:11:24,106| gesendet
lab29-91-<0.103.0>-T3: Msg #1567, C-Out: 23.10 18:11:25,607| gesendet
lab29-91-<0.103.0>-T3: Msg #1709, C-Out: 23.10 18:11:27,109| gesendet
Neues Intervall: 2.25 Sekunden
Msg #1870 um 23.10 18:11:27,109| vergessen zu senden
lab29-27-<0.3815.0>-T3: Msg #1678, C-Out: 23.10 18:11:26,344| HBQ-In: 23.10 18:11:26,344| DQ-In: 23.10 18:11:26,635| C-In: 23.10 18:11:27,109|
lab29-22-<0.4210.0>-T3: Msg #1679, C-Out: 23.10 18:11:26,344| HBQ-In: 23.10 18:11:26,344| DQ-In: 23.10 18:11:26,635| C-In: 23.10 18:11:27,110|
lab29-17-<0.4601.0>-T3: Msg #1680, C-Out: 23.10 18:11:26,348| HBQ-In: 23.10 18:11:26,348| DQ-In: 23.10 18:11:26,635| C-In: 23.10 18:11:27,110|
lab29-12-<0.4991.0>-T3: Msg #1681, C-Out: 23.10 18:11:26,352| HBQ-In: 23.10 18:11:26,352| DQ-In: 23.10 18:11:26,635| C-In: 23.10 18:11:27,111|
Fehlernachricht fuer Luecke von 1682 bis 1682 C-In: 23.10 18:11:27,111|
lab29-47-<0.2127.0>-T3: Msg #1683, C-Out: 23.10 18:11:26,379| HBQ-In: 23.10 18:11:26,379| DQ-In: 23.10 18:11:26,641| C-In: 23.10 18:11:27,111|
lab29-42-<0.2545.0>-T3: Msg #1684, C-Out: 23.10 18:11:26,379| HBQ-In: 23.10 18:11:26,379| DQ-In: 23.10 18:11:26,641| C-In: 23.10 18:11:27,112|
lab29-52-<0.1713.0>-T3: Msg #1685, C-Out: 23.10 18:11:26,385| HBQ-In: 23.10 18:11:26,385| DQ-In: 23.10 18:11:26,641| C-In: 23.10 18:11:27,112|
lab29-57-<0.1365.0>-T3: Msg #1686, C-Out: 23.10 18:11:26,385| HBQ-In: 23.10 18:11:26,385| DQ-In: 23.10 18:11:26,641| C-In: 23.10 18:11:27,112|
lab29-37-<0.2967.0>-T3: Msg #1687, C-Out: 23.10 18:11:26,386| HBQ-In: 23.10 18:11:26,386| DQ-In: 23.10 18:11:26,641| C-In: 23.10 18:11:27,113|
Fehlernachricht fuer Luecke von 1688 bis 1695 C-In: 23.10 18:11:27,113|
lab29-31-<0.3480.0>-T3: Msg #1696, C-Out: 23.10 18:11:26,534| HBQ-In: 23.10 18:11:26,534| DQ-In: 23.10 18:11:26,644| C-In: 23.10 18:11:27,115|
Fehlernachricht fuer Luecke von 1697 bis 1697 C-In: 23.10 18:11:27,116|
lab29-26-<0.3898.0>-T3: Msg #1698, C-Out: 23.10 18:11:26,544| HBQ-In: 23.10 18:11:26,544| DQ-In: 23.10 18:11:26,644| C-In: 23.10 18:11:27,118|
Fehlernachricht fuer Luecke von 1699 bis 1699 C-In: 23.10 18:11:27,118|
lab29-16-<0.4681.0>-T3: Msg #1700, C-Out: 23.10 18:11:26,551| HBQ-In: 23.10 18:11:26,551| DQ-In: 23.10 18:11:26,644| C-In: 23.10 18:11:27,119|
lab29-56-<0.1439.0>-T3: Msg #1701, C-Out: 23.10 18:11:26,551| HBQ-In: 23.10 18:11:26,551| DQ-In: 23.10 18:11:26,644| C-In: 23.10 18:11:27,119|
lab29-21-<0.4291.0>-T3: Msg #1702, C-Out: 23.10 18:11:26,551| HBQ-In: 23.10 18:11:26,551| DQ-In: 23.10 18:11:26,644| C-In: 23.10 18:11:27,119|
lab29-46-<0.2213.0>-T3: Msg #1703, C-Out: 23.10 18:11:26,555| HBQ-In: 23.10 18:11:26,555| DQ-In: 23.10 18:11:26,644| C-In: 23.10 18:11:27,120|
lab29-11-<0.5067.0>-T3: Msg #1704, C-Out: 23.10 18:11:26,555| HBQ-In: 23.10 18:11:26,555| DQ-In: 23.10 18:11:26,644| C-In: 23.10 18:11:27,120|
lab29-51-<0.1789.0>-T3: Msg #1705, C-Out: 23.10 18:11:26,575| HBQ-In: 23.10 18:11:26,575| DQ-In: 23.10 18:11:26,645| C-In: 23.10 18:11:27,120|
lab29-36-<0.3048.0>-T3: Msg #1706, C-Out: 23.10 18:11:26,578| HBQ-In: 23.10 18:11:26,579| DQ-In: 23.10 18:11:26,645| C-In: 23.10 18:11:27,123|
Fehlernachricht fuer Luecke von 1707 bis 1707 C-In: 23.10 18:11:27,126|
lab29-41-<0.2632.0>-T3: Msg #1708, C-Out: 23.10 18:11:26,600| HBQ-In: 23.10 18:11:26,600| DQ-In: 23.10 18:11:26,752| C-In: 23.10 18:11:27,126|
Fehlernachricht fuer Luecke von 1709 bis 1715 C-In: 23.10 18:11:27,127|
lab29-30-<0.3559.0>-T3: Msg #1716, C-Out: 23.10 18:11:26,743| HBQ-In: 23.10 18:11:26,744| DQ-In: 23.10 18:11:26,755| C-In: 23.10 18:11:27,127|
Fehlernachricht fuer Luecke von 1717 bis 1717 C-In: 23.10 18:11:27,127|
lab29-20-<0.4365.0>-T3: Msg #1718, C-Out: 23.10 18:11:26,749| HBQ-In: 23.10 18:11:26,749| DQ-In: 23.10 18:11:26,764| C-In: 23.10 18:11:27,128|
lab29-25-<0.3973.0>-T3: Msg #1719, C-Out: 23.10 18:11:26,749| HBQ-In: 23.10 18:11:26,749| DQ-In: 23.10 18:11:26,764| C-In: 23.10 18:11:27,128|
lab29-35-<0.3134.0>-T3: Msg #1720, C-Out: 23.10 18:11:26,750| HBQ-In: 23.10 18:11:26,750| DQ-In: 23.10 18:11:26,764| C-In: 23.10 18:11:27,128|
Fehlernachricht fuer Luecke von 1721 bis 1721 C-In: 23.10 18:11:27,128|
lab29-15-<0.4762.0>-T3: Msg #1722, C-Out: 23.10 18:11:26,751| HBQ-In: 23.10 18:11:26,752| DQ-In: 23.10 18:11:26,810| C-In: 23.10 18:11:27,129|
lab29-10-<0.5112.0>-T3: Msg #1723, C-Out: 23.10 18:11:26,754| HBQ-In: 23.10 18:11:26,755| DQ-In: 23.10 18:11:26,810| C-In: 23.10 18:11:27,129|
lab29-40-<0.2707.0>-T3: Msg #1724, C-Out: 23.10 18:11:26,762| HBQ-In: 23.10 18:11:26,764| DQ-In: 23.10 18:11:26,810| C-In: 23.10 18:11:27,130|
lab29-45-<0.2293.0>-T3: Msg #1725, C-Out: 23.10 18:11:26,771| HBQ-In: 23.10 18:11:26,771| DQ-In: 23.10 18:11:26,810| C-In: 23.10 18:11:27,130|
lab29-55-<0.1513.0>-T3: Msg #1726, C-Out: 23.10 18:11:26,772| HBQ-In: 23.10 18:11:26,772| DQ-In: 23.10 18:11:26,810| C-In: 23.10 18:11:27,130|
Fehlernachricht fuer Luecke von 1727 bis 1727 C-In: 23.10 18:11:27,133|
lab29-50-<0.1864.0>-T3: Msg #1728, C-Out: 23.10 18:11:26,809| HBQ-In: 23.10 18:11:26,810| DQ-In: 23.10 18:11:26,957| C-In: 23.10 18:11:27,134|
Fehlernachricht fuer Luecke von 1729 bis 1734 C-In: 23.10 18:11:27,134|
lab29-24-<0.4051.0>-T3: Msg #1735, C-Out: 23.10 18:11:26,946| HBQ-In: 23.10 18:11:26,946| DQ-In: 23.10 18:11:26,963| C-In: 23.10 18:11:27,134|
lab29-29-<0.3641.0>-T3: Msg #1736, C-Out: 23.10 18:11:26,946| HBQ-In: 23.10 18:11:26,946| DQ-In: 23.10 18:11:26,963| C-In: 23.10 18:11:27,135|
Fehlernachricht fuer Luecke von 1737 bis 1737 C-In: 23.10 18:11:27,135|
lab29-19-<0.4442.0>-T3: Msg #1738, C-Out: 23.10 18:11:26,949| HBQ-In: 23.10 18:11:26,950| DQ-In: 23.10 18:11:26,969| C-In: 23.10 18:11:27,135|
lab29-14-<0.4846.0>-T3: Msg #1739, C-Out: 23.10 18:11:26,951| HBQ-In: 23.10 18:11:26,952| DQ-In: 23.10 18:11:26,969| C-In: 23.10 18:11:27,138|
lab29-9-<0.5191.0>-T3: Msg #1740, C-Out: 23.10 18:11:26,957| HBQ-In: 23.10 18:11:26,957| DQ-In: 23.10 18:11:26,969| C-In: 23.10 18:11:27,138|
lab29-39-<0.2795.0>-T3: Msg #1741, C-Out: 23.10 18:11:26,962| HBQ-In: 23.10 18:11:26,963| DQ-In: 23.10 18:11:26,969| C-In: 23.10 18:11:27,138|
lab29-49-<0.1950.0>-T3: Msg #1742, C-Out: 23.10 18:11:26,962| HBQ-In: 23.10 18:11:26,963| DQ-In: 23.10 18:11:26,969| C-In: 23.10 18:11:27,139|
lab29-44-<0.2376.0>-T3: Msg #1743, C-Out: 23.10 18:11:26,969| HBQ-In: 23.10 18:11:26,969| DQ-In: 23.10 18:11:26,969| C-In: 23.10 18:11:27,139|
lab29-54-<0.1586.0>-T3: Msg #1744, C-Out: 23.10 18:11:26,972| HBQ-In: 23.10 18:11:26,972| DQ-In: 23.10 18:11:26,972| C-In: 23.10 18:11:27,139|
lab29-34-<0.3220.0>-T3: Msg #1745, C-Out: 23.10 18:11:26,977| HBQ-In: 23.10 18:11:26,977| DQ-In: 23.10 18:11:26,977| C-In: 23.10 18:11:27,140|
ReceiveMsgs done
lab29-91-<0.103.0>-T3: Msg #1872, C-Out: 23.10 18:11:29,391| gesendet
lab29-91-<0.103.0>-T3: Msg #2092, C-Out: 23.10 18:11:31,642| gesendet
lab29-91-<0.103.0>-T3: Msg #2316, C-Out: 23.10 18:11:33,893| gesendet
lab29-91-<0.103.0>-T3: Msg #2494, C-Out: 23.10 18:11:36,150| gesendet
lab29-91-<0.103.0>-T3: Msg #2676, C-Out: 23.10 18:11:38,404| gesendet
Neues Intervall: 3.375 Sekunden
