lab29-26-<0.3898.0>-T3 C-Start: 23.10 18:11:22,536|
lab29-26-<0.3898.0>-T3: Msg #1419, C-Out: 23.10 18:11:23,537| gesendet
lab29-26-<0.3898.0>-T3: Msg #1522, C-Out: 23.10 18:11:24,538| gesendet
lab29-26-<0.3898.0>-T3: Msg #1606, C-Out: 23.10 18:11:25,543| gesendet
lab29-26-<0.3898.0>-T3: Msg #1698, C-Out: 23.10 18:11:26,544| gesendet
lab29-26-<0.3898.0>-T3: Msg #1791, C-Out: 23.10 18:11:27,545| gesendet
Neues Intervall: 1 Sekunden
Msg #1912 um 23.10 18:11:27,546| vergessen zu senden
Fehlernachricht fuer Luecke von 1707 bis 1707 C-In: 23.10 18:11:27,547|
lab29-41-<0.2632.0>-T3: Msg #1708, C-Out: 23.10 18:11:26,600| HBQ-In: 23.10 18:11:26,600| DQ-In: 23.10 18:11:26,752| C-In: 23.10 18:11:27,547|
Fehlernachricht fuer Luecke von 1709 bis 1715 C-In: 23.10 18:11:27,548|
lab29-30-<0.3559.0>-T3: Msg #1716, C-Out: 23.10 18:11:26,743| HBQ-In: 23.10 18:11:26,744| DQ-In: 23.10 18:11:26,755| C-In: 23.10 18:11:27,548|
Fehlernachricht fuer Luecke von 1717 bis 1717 C-In: 23.10 18:11:27,548|
lab29-20-<0.4365.0>-T3: Msg #1718, C-Out: 23.10 18:11:26,749| HBQ-In: 23.10 18:11:26,749| DQ-In: 23.10 18:11:26,764| C-In: 23.10 18:11:27,548|
lab29-25-<0.3973.0>-T3: Msg #1719, C-Out: 23.10 18:11:26,749| HBQ-In: 23.10 18:11:26,749| DQ-In: 23.10 18:11:26,764| C-In: 23.10 18:11:27,549|
lab29-35-<0.3134.0>-T3: Msg #1720, C-Out: 23.10 18:11:26,750| HBQ-In: 23.10 18:11:26,750| DQ-In: 23.10 18:11:26,764| C-In: 23.10 18:11:27,549|
Fehlernachricht fuer Luecke von 1721 bis 1721 C-In: 23.10 18:11:27,552|
lab29-15-<0.4762.0>-T3: Msg #1722, C-Out: 23.10 18:11:26,751| HBQ-In: 23.10 18:11:26,752| DQ-In: 23.10 18:11:26,810| C-In: 23.10 18:11:27,554|
lab29-10-<0.5112.0>-T3: Msg #1723, C-Out: 23.10 18:11:26,754| HBQ-In: 23.10 18:11:26,755| DQ-In: 23.10 18:11:26,810| C-In: 23.10 18:11:27,557|
lab29-40-<0.2707.0>-T3: Msg #1724, C-Out: 23.10 18:11:26,762| HBQ-In: 23.10 18:11:26,764| DQ-In: 23.10 18:11:26,810| C-In: 23.10 18:11:27,557|
lab29-45-<0.2293.0>-T3: Msg #1725, C-Out: 23.10 18:11:26,771| HBQ-In: 23.10 18:11:26,771| DQ-In: 23.10 18:11:26,810| C-In: 23.10 18:11:27,560|
lab29-55-<0.1513.0>-T3: Msg #1726, C-Out: 23.10 18:11:26,772| HBQ-In: 23.10 18:11:26,772| DQ-In: 23.10 18:11:26,810| C-In: 23.10 18:11:27,560|
Fehlernachricht fuer Luecke von 1727 bis 1727 C-In: 23.10 18:11:27,560|
lab29-50-<0.1864.0>-T3: Msg #1728, C-Out: 23.10 18:11:26,809| HBQ-In: 23.10 18:11:26,810| DQ-In: 23.10 18:11:26,957| C-In: 23.10 18:11:27,561|
Fehlernachricht fuer Luecke von 1729 bis 1734 C-In: 23.10 18:11:27,561|
lab29-24-<0.4051.0>-T3: Msg #1735, C-Out: 23.10 18:11:26,946| HBQ-In: 23.10 18:11:26,946| DQ-In: 23.10 18:11:26,963| C-In: 23.10 18:11:27,561|
lab29-29-<0.3641.0>-T3: Msg #1736, C-Out: 23.10 18:11:26,946| HBQ-In: 23.10 18:11:26,946| DQ-In: 23.10 18:11:26,963| C-In: 23.10 18:11:27,562|
Fehlernachricht fuer Luecke von 1737 bis 1737 C-In: 23.10 18:11:27,562|
lab29-19-<0.4442.0>-T3: Msg #1738, C-Out: 23.10 18:11:26,949| HBQ-In: 23.10 18:11:26,950| DQ-In: 23.10 18:11:26,969| C-In: 23.10 18:11:27,564|
lab29-14-<0.4846.0>-T3: Msg #1739, C-Out: 23.10 18:11:26,951| HBQ-In: 23.10 18:11:26,952| DQ-In: 23.10 18:11:26,969| C-In: 23.10 18:11:27,565|
lab29-9-<0.5191.0>-T3: Msg #1740, C-Out: 23.10 18:11:26,957| HBQ-In: 23.10 18:11:26,957| DQ-In: 23.10 18:11:26,969| C-In: 23.10 18:11:27,565|
lab29-39-<0.2795.0>-T3: Msg #1741, C-Out: 23.10 18:11:26,962| HBQ-In: 23.10 18:11:26,963| DQ-In: 23.10 18:11:26,969| C-In: 23.10 18:11:27,565|
lab29-49-<0.1950.0>-T3: Msg #1742, C-Out: 23.10 18:11:26,962| HBQ-In: 23.10 18:11:26,963| DQ-In: 23.10 18:11:26,969| C-In: 23.10 18:11:27,566|
lab29-44-<0.2376.0>-T3: Msg #1743, C-Out: 23.10 18:11:26,969| HBQ-In: 23.10 18:11:26,969| DQ-In: 23.10 18:11:26,969| C-In: 23.10 18:11:27,566|
lab29-54-<0.1586.0>-T3: Msg #1744, C-Out: 23.10 18:11:26,972| HBQ-In: 23.10 18:11:26,972| DQ-In: 23.10 18:11:26,972| C-In: 23.10 18:11:27,566|
lab29-34-<0.3220.0>-T3: Msg #1745, C-Out: 23.10 18:11:26,977| HBQ-In: 23.10 18:11:26,977| DQ-In: 23.10 18:11:26,977| C-In: 23.10 18:11:27,566|
Fehlernachricht fuer Luecke von 1746 bis 1753 C-In: 23.10 18:11:27,567|
lab29-28-<0.3729.0>-T3: Msg #1754, C-Out: 23.10 18:11:27,142| HBQ-In: 23.10 18:11:27,142| DQ-In: 23.10 18:11:27,159| C-In: 23.10 18:11:27,568|
lab29-23-<0.4130.0>-T3: Msg #1755, C-Out: 23.10 18:11:27,148| HBQ-In: 23.10 18:11:27,148| DQ-In: 23.10 18:11:27,159| C-In: 23.10 18:11:27,568|
lab29-18-<0.4519.0>-T3: Msg #1756, C-Out: 23.10 18:11:27,151| HBQ-In: 23.10 18:11:27,152| DQ-In: 23.10 18:11:27,159| C-In: 23.10 18:11:27,568|
lab29-53-<0.1650.0>-T3: Msg #1757, C-Out: 23.10 18:11:27,151| HBQ-In: 23.10 18:11:27,152| DQ-In: 23.10 18:11:27,159| C-In: 23.10 18:11:27,568|
lab29-13-<0.4921.0>-T3: Msg #1758, C-Out: 23.10 18:11:27,156| HBQ-In: 23.10 18:11:27,157| DQ-In: 23.10 18:11:27,159| C-In: 23.10 18:11:27,569|
lab29-8-<0.5273.0>-T3: Msg #1759, C-Out: 23.10 18:11:27,158| HBQ-In: 23.10 18:11:27,159| DQ-In: 23.10 18:11:27,159| C-In: 23.10 18:11:27,569|
lab29-48-<0.2035.0>-T3: Msg #1760, C-Out: 23.10 18:11:27,161| HBQ-In: 23.10 18:11:27,162| DQ-In: 23.10 18:11:27,162| C-In: 23.10 18:11:27,569|
Fehlernachricht fuer Luecke von 1761 bis 1762 C-In: 23.10 18:11:27,570|
lab29-38-<0.2880.0>-T3: Msg #1763, C-Out: 23.10 18:11:27,162| HBQ-In: 23.10 18:11:27,162| DQ-In: 23.10 18:11:27,350| C-In: 23.10 18:11:27,570|
Fehlernachricht fuer Luecke von 1764 bis 1764 C-In: 23.10 18:11:27,571|
lab29-43-<0.2458.0>-T3: Msg #1765, C-Out: 23.10 18:11:27,179| HBQ-In: 23.10 18:11:27,179| DQ-In: 23.10 18:11:27,353| C-In: 23.10 18:11:27,571|
Fehlernachricht fuer Luecke von 1766 bis 1766 C-In: 23.10 18:11:27,571|
lab29-33-<0.3306.0>-T3: Msg #1767, C-Out: 23.10 18:11:27,180| HBQ-In: 23.10 18:11:27,180| DQ-In: 23.10 18:11:27,359| C-In: 23.10 18:11:27,571|
Fehlernachricht fuer Luecke von 1768 bis 1772 C-In: 23.10 18:11:27,572|
lab29-22-<0.4210.0>-T3: Msg #1773, C-Out: 23.10 18:11:27,345| HBQ-In: 23.10 18:11:27,346| DQ-In: 23.10 18:11:27,373| C-In: 23.10 18:11:27,572|
lab29-27-<0.3815.0>-T3: Msg #1774, C-Out: 23.10 18:11:27,345| HBQ-In: 23.10 18:11:27,346| DQ-In: 23.10 18:11:27,373| C-In: 23.10 18:11:27,573|
lab29-17-<0.4601.0>-T3: Msg #1775, C-Out: 23.10 18:11:27,350| HBQ-In: 23.10 18:11:27,350| DQ-In: 23.10 18:11:27,373| C-In: 23.10 18:11:27,575|
lab29-12-<0.4991.0>-T3: Msg #1776, C-Out: 23.10 18:11:27,353| HBQ-In: 23.10 18:11:27,353| DQ-In: 23.10 18:11:27,373| C-In: 23.10 18:11:27,578|
lab29-7-<0.5358.0>-T3: Msg #1777, C-Out: 23.10 18:11:27,359| HBQ-In: 23.10 18:11:27,359| DQ-In: 23.10 18:11:27,373| C-In: 23.10 18:11:27,579|
Fehlernachricht fuer Luecke von 1778 bis 1778 C-In: 23.10 18:11:27,579|
lab29-32-<0.3394.0>-T3: Msg #1779, C-Out: 23.10 18:11:27,373| HBQ-In: 23.10 18:11:27,373| DQ-In: 23.10 18:11:27,546| C-In: 23.10 18:11:27,579|
Fehlernachricht fuer Luecke von 1780 bis 1780 C-In: 23.10 18:11:27,580|
lab29-47-<0.2127.0>-T3: Msg #1781, C-Out: 23.10 18:11:27,380| HBQ-In: 23.10 18:11:27,380| DQ-In: 23.10 18:11:27,554| C-In: 23.10 18:11:27,580|
lab29-42-<0.2545.0>-T3: Msg #1782, C-Out: 23.10 18:11:27,380| HBQ-In: 23.10 18:11:27,380| DQ-In: 23.10 18:11:27,554| C-In: 23.10 18:11:27,581|
Fehlernachricht fuer Luecke von 1783 bis 1783 C-In: 23.10 18:11:27,581|
lab29-52-<0.1713.0>-T3: Msg #1784, C-Out: 23.10 18:11:27,386| HBQ-In: 23.10 18:11:27,386| DQ-In: 23.10 18:11:27,556| C-In: 23.10 18:11:27,581|
Fehlernachricht fuer Luecke von 1785 bis 1785 C-In: 23.10 18:11:27,582|
lab29-37-<0.2967.0>-T3: Msg #1786, C-Out: 23.10 18:11:27,388| HBQ-In: 23.10 18:11:27,391| DQ-In: 23.10 18:11:27,557| C-In: 23.10 18:11:27,582|
Fehlernachricht fuer Luecke von 1787 bis 1790 C-In: 23.10 18:11:27,582|
lab29-26-<0.3898.0>-T3: Msg #1791, C-Out: 23.10 18:11:27,545| HBQ-In: 23.10 18:11:27,546| DQ-In: 23.10 18:11:27,564|******* C-In: 23.10 18:11:27,583|
Fehlernachricht fuer Luecke von 1792 bis 1792 C-In: 23.10 18:11:27,587|
lab29-21-<0.4291.0>-T3: Msg #1793, C-Out: 23.10 18:11:27,552| HBQ-In: 23.10 18:11:27,554| DQ-In: 23.10 18:11:27,572| C-In: 23.10 18:11:27,588|
Fehlernachricht fuer Luecke von 1794 bis 1794 C-In: 23.10 18:11:27,588|
lab29-16-<0.4681.0>-T3: Msg #1795, C-Out: 23.10 18:11:27,552| HBQ-In: 23.10 18:11:27,554| DQ-In: 23.10 18:11:27,577| C-In: 23.10 18:11:27,588|
lab29-11-<0.5067.0>-T3: Msg #1796, C-Out: 23.10 18:11:27,556| HBQ-In: 23.10 18:11:27,556| DQ-In: 23.10 18:11:27,577| C-In: 23.10 18:11:27,589|
lab29-46-<0.2213.0>-T3: Msg #1797, C-Out: 23.10 18:11:27,556| HBQ-In: 23.10 18:11:27,557| DQ-In: 23.10 18:11:27,577| C-In: 23.10 18:11:27,589|
lab29-6-<0.5440.0>-T3: Msg #1798, C-Out: 23.10 18:11:27,563| HBQ-In: 23.10 18:11:27,564| DQ-In: 23.10 18:11:27,577| C-In: 23.10 18:11:27,589|
lab29-31-<0.3480.0>-T3: Msg #1799, C-Out: 23.10 18:11:27,572| HBQ-In: 23.10 18:11:27,572| DQ-In: 23.10 18:11:27,578| C-In: 23.10 18:11:27,589|
lab29-51-<0.1789.0>-T3: Msg #1800, C-Out: 23.10 18:11:27,576| HBQ-In: 23.10 18:11:27,577| DQ-In: 23.10 18:11:27,578| C-In: 23.10 18:11:27,590|
lab29-36-<0.3048.0>-T3: Msg #1801, C-Out: 23.10 18:11:27,581| HBQ-In: 23.10 18:11:27,581| DQ-In: 23.10 18:11:27,581| C-In: 23.10 18:11:27,590|
ReceiveMsgs done
lab29-26-<0.3898.0>-T3: Msg #1923, C-Out: 23.10 18:11:28,591| gesendet
lab29-26-<0.3898.0>-T3: Msg #2016, C-Out: 23.10 18:11:29,594| gesendet
lab29-26-<0.3898.0>-T3: Msg #2110, C-Out: 23.10 18:11:30,596| gesendet
lab29-26-<0.3898.0>-T3: Msg #2200, C-Out: 23.10 18:11:31,598| gesendet
lab29-26-<0.3898.0>-T3: Msg #2308, C-Out: 23.10 18:11:32,599| gesendet
Neues Intervall: 1.5 Sekunden
Msg #2390 um 23.10 18:11:32,602| vergessen zu senden
lab29-22-<0.4210.0>-T3: Msg #2183, C-Out: 23.10 18:11:31,410| HBQ-In: 23.10 18:11:31,411| DQ-In: 23.10 18:11:31,587| C-In: 23.10 18:11:32,602|
lab29-17-<0.4601.0>-T3: Msg #2184, C-Out: 23.10 18:11:31,432| HBQ-In: 23.10 18:11:31,432| DQ-In: 23.10 18:11:31,587| C-In: 23.10 18:11:32,605|
Fehlernachricht fuer Luecke von 2186 bis 2195 C-In: 23.10 18:11:32,606|
lab29-6-<0.5440.0>-T3: Msg #2196, C-Out: 23.10 18:11:31,572| HBQ-In: 23.10 18:11:31,572| DQ-In: 23.10 18:11:31,619| C-In: 23.10 18:11:32,606|
lab29-1-<0.5818.0>-T3: Msg #2197, C-Out: 23.10 18:11:31,582| HBQ-In: 23.10 18:11:31,582| DQ-In: 23.10 18:11:31,619| C-In: 23.10 18:11:32,607|
lab29-31-<0.3480.0>-T3: Msg #2198, C-Out: 23.10 18:11:31,587| HBQ-In: 23.10 18:11:31,587| DQ-In: 23.10 18:11:31,619| C-In: 23.10 18:11:32,607|
Fehlernachricht fuer Luecke von 2199 bis 2199 C-In: 23.10 18:11:32,607|
lab29-26-<0.3898.0>-T3: Msg #2200, C-Out: 23.10 18:11:31,598| HBQ-In: 23.10 18:11:31,598| DQ-In: 23.10 18:11:31,805|******* C-In: 23.10 18:11:32,608|
Fehlernachricht fuer Luecke von 2201 bis 2201 C-In: 23.10 18:11:32,608|
lab29-11-<0.5067.0>-T3: Msg #2202, C-Out: 23.10 18:11:31,618| HBQ-In: 23.10 18:11:31,619| DQ-In: 23.10 18:11:31,806| C-In: 23.10 18:11:32,608|
lab29-21-<0.4291.0>-T3: Msg #2203, C-Out: 23.10 18:11:31,618| HBQ-In: 23.10 18:11:31,618| DQ-In: 23.10 18:11:31,806| C-In: 23.10 18:11:32,608|
Fehlernachricht fuer Luecke von 2204 bis 2204 C-In: 23.10 18:11:32,610|
lab29-16-<0.4681.0>-T3: Msg #2205, C-Out: 23.10 18:11:31,628| HBQ-In: 23.10 18:11:31,628| DQ-In: 23.10 18:11:31,812| C-In: 23.10 18:11:32,613|
Fehlernachricht fuer Luecke von 2206 bis 2208 C-In: 23.10 18:11:32,614|
5-client@lab23: 2209. Nachricht--Gruppe:1-Team:5-Sendezeit:18:11:30 HBQ-In: 23.10 18:11:30,696| DQ-In: 23.10 18:11:31,829| C-In: 23.10 18:11:32,614|
2-client@lab23: 2210. Nachricht--Gruppe:1-Team:5-Sendezeit:18:11:30 HBQ-In: 23.10 18:11:30,696| DQ-In: 23.10 18:11:31,829| C-In: 23.10 18:11:32,614|
4-client@lab23: 2211. Nachricht--Gruppe:1-Team:5-Sendezeit:18:11:30 HBQ-In: 23.10 18:11:30,696| DQ-In: 23.10 18:11:31,830| C-In: 23.10 18:11:32,617|
1-client@lab23: 2212. Nachricht--Gruppe:1-Team:5-Sendezeit:18:11:30 HBQ-In: 23.10 18:11:30,696| DQ-In: 23.10 18:11:31,830| C-In: 23.10 18:11:32,619|
4-client@lab23: 2213. Nachricht--Gruppe:1-Team:5-Sendezeit:18:11:30 HBQ-In: 23.10 18:11:30,702| DQ-In: 23.10 18:11:31,830| C-In: 23.10 18:11:32,619|
5-client@lab23: 2214. Nachricht--Gruppe:1-Team:5-Sendezeit:18:11:30 HBQ-In: 23.10 18:11:30,702| DQ-In: 23.10 18:11:31,830| C-In: 23.10 18:11:32,619|
2-client@lab23: 2215. Nachricht--Gruppe:1-Team:5-Sendezeit:18:11:30 HBQ-In: 23.10 18:11:30,702| DQ-In: 23.10 18:11:31,830| C-In: 23.10 18:11:32,620|
3-client@lab23: 2216. Nachricht--Gruppe:1-Team:5-Sendezeit:18:11:30 HBQ-In: 23.10 18:11:30,702| DQ-In: 23.10 18:11:31,830| C-In: 23.10 18:11:32,621|
1-client@lab23: 2217. Nachricht--Gruppe:1-Team:5-Sendezeit:18:11:30 HBQ-In: 23.10 18:11:30,702| DQ-In: 23.10 18:11:31,830| C-In: 23.10 18:11:32,621|
lab29-58-<0.1296.0>-T3: Msg #2218, C-Out: 23.10 18:11:32,200| HBQ-In: 23.10 18:11:32,201| DQ-In: 23.10 18:11:32,201| C-In: 23.10 18:11:32,621|
2-client@lab23: 2219. Nachricht--Gruppe:1-Team:5-Sendezeit:18:11:30 HBQ-In: 23.10 18:11:30,704| DQ-In: 23.10 18:11:32,201| C-In: 23.10 18:11:32,622|
3-client@lab23: 2220. Nachricht--Gruppe:1-Team:5-Sendezeit:18:11:30 HBQ-In: 23.10 18:11:30,706| DQ-In: 23.10 18:11:32,201| C-In: 23.10 18:11:32,622|
1-client@lab23: 2221. Nachricht--Gruppe:1-Team:5-Sendezeit:18:11:30 HBQ-In: 23.10 18:11:30,707| DQ-In: 23.10 18:11:32,201| C-In: 23.10 18:11:32,622|
5-client@lab23: 2222. Nachricht--Gruppe:1-Team:5-Sendezeit:18:11:30 HBQ-In: 23.10 18:11:30,706| DQ-In: 23.10 18:11:32,201| C-In: 23.10 18:11:32,623|
4-client@lab23: 2223. Nachricht--Gruppe:1-Team:5-Sendezeit:18:11:30 HBQ-In: 23.10 18:11:30,706| DQ-In: 23.10 18:11:32,201| C-In: 23.10 18:11:32,626|
2-client@lab23: 2224. Nachricht--Gruppe:1-Team:5-Sendezeit:18:11:30 HBQ-In: 23.10 18:11:30,710| DQ-In: 23.10 18:11:32,201| C-In: 23.10 18:11:32,627|
3-client@lab23: 2225. Nachricht--Gruppe:1-Team:5-Sendezeit:18:11:30 HBQ-In: 23.10 18:11:30,712| DQ-In: 23.10 18:11:32,201| C-In: 23.10 18:11:32,628|
4-client@lab23: 2226. Nachricht--Gruppe:1-Team:5-Sendezeit:18:11:30 HBQ-In: 23.10 18:11:30,711| DQ-In: 23.10 18:11:32,201| C-In: 23.10 18:11:32,629|
5-client@lab23: 2227. Nachricht--Gruppe:1-Team:5-Sendezeit:18:11:30 HBQ-In: 23.10 18:11:30,710| DQ-In: 23.10 18:11:32,201| C-In: 23.10 18:11:32,629|
1-client@lab23: 2228. Nachricht--Gruppe:1-Team:5-Sendezeit:18:11:30 HBQ-In: 23.10 18:11:30,711| DQ-In: 23.10 18:11:32,201| C-In: 23.10 18:11:32,630|
Fehlernachricht fuer Luecke von 2229 bis 2232 C-In: 23.10 18:11:32,632|
3-client@lab23: 2233. Nachricht--Gruppe:1-Team:5-Sendezeit:18:11:30 HBQ-In: 23.10 18:11:30,713| DQ-In: 23.10 18:11:32,412| C-In: 23.10 18:11:32,632|
Fehlernachricht fuer Luecke von 2234 bis 2234 C-In: 23.10 18:11:32,632|
lab29-43-<0.2458.0>-T3: Msg #2235, C-Out: 23.10 18:11:32,232| HBQ-In: 23.10 18:11:32,233| DQ-In: 23.10 18:11:32,418| C-In: 23.10 18:11:32,634|
Fehlernachricht fuer Luecke von 2236 bis 2239 C-In: 23.10 18:11:32,635|
lab29-65-<0.819.0>-T3: Msg #2240, C-Out: 23.10 18:11:32,272| HBQ-In: 23.10 18:11:32,273| DQ-In: 23.10 18:11:32,429| C-In: 23.10 18:11:32,638|
lab29-5-<0.5513.0>-T3: Msg #2241, C-Out: 23.10 18:11:31,779| HBQ-In: 23.10 18:11:31,779| DQ-In: 23.10 18:11:32,429| C-In: 23.10 18:11:32,638|
lab29-25-<0.3973.0>-T3: Msg #2242, C-Out: 23.10 18:11:31,805| HBQ-In: 23.10 18:11:31,805| DQ-In: 23.10 18:11:32,429| C-In: 23.10 18:11:32,639|
lab29-15-<0.4762.0>-T3: Msg #2243, C-Out: 23.10 18:11:31,806| HBQ-In: 23.10 18:11:31,806| DQ-In: 23.10 18:11:32,429| C-In: 23.10 18:11:32,641|
lab29-20-<0.4365.0>-T3: Msg #2244, C-Out: 23.10 18:11:31,807| HBQ-In: 23.10 18:11:31,807| DQ-In: 23.10 18:11:32,429| C-In: 23.10 18:11:32,641|
lab29-30-<0.3559.0>-T3: Msg #2245, C-Out: 23.10 18:11:31,812| HBQ-In: 23.10 18:11:31,812| DQ-In: 23.10 18:11:32,429| C-In: 23.10 18:11:32,642|
lab29-35-<0.3134.0>-T3: Msg #2246, C-Out: 23.10 18:11:32,325| HBQ-In: 23.10 18:11:32,325| DQ-In: 23.10 18:11:32,429| C-In: 23.10 18:11:32,642|
lab29-10-<0.5112.0>-T3: Msg #2247, C-Out: 23.10 18:11:31,828| HBQ-In: 23.10 18:11:31,829| DQ-In: 23.10 18:11:32,429| C-In: 23.10 18:11:32,642|
Fehlernachricht fuer Luecke von 2248 bis 2248 C-In: 23.10 18:11:32,643|
lab29-50-<0.1864.0>-T3: Msg #2249, C-Out: 23.10 18:11:32,381| HBQ-In: 23.10 18:11:32,381| DQ-In: 23.10 18:11:32,599| C-In: 23.10 18:11:32,643|
Fehlernachricht fuer Luecke von 2250 bis 2250 C-In: 23.10 18:11:32,643|
lab29-57-<0.1365.0>-T3: Msg #2251, C-Out: 23.10 18:11:32,427| HBQ-In: 23.10 18:11:32,429| DQ-In: 23.10 18:11:32,605| C-In: 23.10 18:11:32,644|
lab29-42-<0.2545.0>-T3: Msg #2252, C-Out: 23.10 18:11:32,433| HBQ-In: 23.10 18:11:32,433| DQ-In: 23.10 18:11:32,605| C-In: 23.10 18:11:32,646|
Fehlernachricht fuer Luecke von 2253 bis 2255 C-In: 23.10 18:11:32,646|
lab29-64-<0.899.0>-T3: Msg #2256, C-Out: 23.10 18:11:32,470| HBQ-In: 23.10 18:11:32,470| DQ-In: 23.10 18:11:32,620| C-In: 23.10 18:11:32,647|
lab29-4-<0.5587.0>-T3: Msg #2257, C-Out: 23.10 18:11:31,972| HBQ-In: 23.10 18:11:31,972| DQ-In: 23.10 18:11:32,620| C-In: 23.10 18:11:32,649|
lab29-24-<0.4051.0>-T3: Msg #2258, C-Out: 23.10 18:11:31,978| HBQ-In: 23.10 18:11:31,978| DQ-In: 23.10 18:11:32,620| C-In: 23.10 18:11:32,649|
ReceiveMsgs done
lab29-26-<0.3898.0>-T3: Msg #2397, C-Out: 23.10 18:11:34,152| gesendet
lab29-26-<0.3898.0>-T3: Msg #2512, C-Out: 23.10 18:11:35,656| gesendet
lab29-26-<0.3898.0>-T3: Msg #2644, C-Out: 23.10 18:11:37,158| gesendet
lab29-26-<0.3898.0>-T3: Msg #2748, C-Out: 23.10 18:11:38,659| gesendet
