lab29-36-<0.3048.0>-T3 C-Start: 23.10 18:11:20,524|
lab29-36-<0.3048.0>-T3: Msg #1264, C-Out: 23.10 18:11:21,525| gesendet
lab29-36-<0.3048.0>-T3: Msg #1342, C-Out: 23.10 18:11:22,528| gesendet
lab29-36-<0.3048.0>-T3: Msg #1417, C-Out: 23.10 18:11:23,530| gesendet
lab29-36-<0.3048.0>-T3: Msg #1520, C-Out: 23.10 18:11:24,531| gesendet
lab29-36-<0.3048.0>-T3: Msg #1603, C-Out: 23.10 18:11:25,533| gesendet
Neues Intervall: 1 Sekunden
Msg #1697 um 23.10 18:11:25,533| vergessen zu senden
lab29-27-<0.3815.0>-T3: Msg #1508, C-Out: 23.10 18:11:24,340| HBQ-In: 23.10 18:11:24,340| DQ-In: 23.10 18:11:24,770| C-In: 23.10 18:11:25,534|
lab29-22-<0.4210.0>-T3: Msg #1509, C-Out: 23.10 18:11:24,341| HBQ-In: 23.10 18:11:24,342| DQ-In: 23.10 18:11:24,770| C-In: 23.10 18:11:25,537|
lab29-67-<0.708.0>-T3: Msg #1510, C-Out: 23.10 18:11:24,346| HBQ-In: 23.10 18:11:24,346| DQ-In: 23.10 18:11:24,770| C-In: 23.10 18:11:25,540|
lab29-62-<0.1043.0>-T3: Msg #1511, C-Out: 23.10 18:11:24,356| HBQ-In: 23.10 18:11:24,357| DQ-In: 23.10 18:11:24,770| C-In: 23.10 18:11:25,543|
lab29-47-<0.2127.0>-T3: Msg #1512, C-Out: 23.10 18:11:24,366| HBQ-In: 23.10 18:11:24,366| DQ-In: 23.10 18:11:24,770| C-In: 23.10 18:11:25,543|
lab29-87-<0.123.0>-T3: Msg #1513, C-Out: 23.10 18:11:24,868| HBQ-In: 23.10 18:11:24,869| DQ-In: 23.10 18:11:24,869| C-In: 23.10 18:11:25,543|
lab29-52-<0.1713.0>-T3: Msg #1514, C-Out: 23.10 18:11:24,380| HBQ-In: 23.10 18:11:24,380| DQ-In: 23.10 18:11:24,869| C-In: 23.10 18:11:25,544|
lab29-72-<0.396.0>-T3: Msg #1515, C-Out: 23.10 18:11:24,882| HBQ-In: 23.10 18:11:24,882| DQ-In: 23.10 18:11:24,882| C-In: 23.10 18:11:25,544|
lab29-57-<0.1365.0>-T3: Msg #1516, C-Out: 23.10 18:11:24,382| HBQ-In: 23.10 18:11:24,382| DQ-In: 23.10 18:11:24,882| C-In: 23.10 18:11:25,544|
Fehlernachricht fuer Luecke von 1517 bis 1518 C-In: 23.10 18:11:25,545|
lab29-41-<0.2632.0>-T3: Msg #1519, C-Out: 23.10 18:11:24,531| HBQ-In: 23.10 18:11:24,532| DQ-In: 23.10 18:11:24,946| C-In: 23.10 18:11:25,545|
lab29-36-<0.3048.0>-T3: Msg #1520, C-Out: 23.10 18:11:24,531| HBQ-In: 23.10 18:11:24,532| DQ-In: 23.10 18:11:24,946|******* C-In: 23.10 18:11:25,546|
lab29-31-<0.3480.0>-T3: Msg #1521, C-Out: 23.10 18:11:24,532| HBQ-In: 23.10 18:11:24,532| DQ-In: 23.10 18:11:24,946| C-In: 23.10 18:11:25,548|
lab29-26-<0.3898.0>-T3: Msg #1522, C-Out: 23.10 18:11:24,538| HBQ-In: 23.10 18:11:24,540| DQ-In: 23.10 18:11:24,946| C-In: 23.10 18:11:25,548|
Fehlernachricht fuer Luecke von 1523 bis 1523 C-In: 23.10 18:11:25,549|
lab29-66-<0.743.0>-T3: Msg #1524, C-Out: 23.10 18:11:24,548| HBQ-In: 23.10 18:11:24,548| DQ-In: 23.10 18:11:24,966| C-In: 23.10 18:11:25,549|
lab29-21-<0.4291.0>-T3: Msg #1525, C-Out: 23.10 18:11:24,547| HBQ-In: 23.10 18:11:24,548| DQ-In: 23.10 18:11:24,966| C-In: 23.10 18:11:25,549|
lab29-56-<0.1439.0>-T3: Msg #1526, C-Out: 23.10 18:11:24,547| HBQ-In: 23.10 18:11:24,548| DQ-In: 23.10 18:11:24,966| C-In: 23.10 18:11:25,550|
lab29-46-<0.2213.0>-T3: Msg #1527, C-Out: 23.10 18:11:24,551| HBQ-In: 23.10 18:11:24,551| DQ-In: 23.10 18:11:24,966| C-In: 23.10 18:11:25,550|
lab29-51-<0.1789.0>-T3: Msg #1528, C-Out: 23.10 18:11:24,568| HBQ-In: 23.10 18:11:24,569| DQ-In: 23.10 18:11:24,966| C-In: 23.10 18:11:25,550|
lab29-61-<0.1100.0>-T3: Msg #1529, C-Out: 23.10 18:11:24,574| HBQ-In: 23.10 18:11:24,575| DQ-In: 23.10 18:11:24,966| C-In: 23.10 18:11:25,551|
lab29-86-<0.129.0>-T3: Msg #1530, C-Out: 23.10 18:11:25,112| HBQ-In: 23.10 18:11:25,112| DQ-In: 23.10 18:11:25,112| C-In: 23.10 18:11:25,551|
Fehlernachricht fuer Luecke von 1531 bis 1536 C-In: 23.10 18:11:25,552|
lab29-40-<0.2707.0>-T3: Msg #1537, C-Out: 23.10 18:11:24,726| HBQ-In: 23.10 18:11:24,726| DQ-In: 23.10 18:11:25,149| C-In: 23.10 18:11:25,554|
lab29-35-<0.3134.0>-T3: Msg #1538, C-Out: 23.10 18:11:24,729| HBQ-In: 23.10 18:11:24,729| DQ-In: 23.10 18:11:25,149| C-In: 23.10 18:11:25,554|
lab29-65-<0.819.0>-T3: Msg #1539, C-Out: 23.10 18:11:24,729| HBQ-In: 23.10 18:11:24,729| DQ-In: 23.10 18:11:25,149| C-In: 23.10 18:11:25,555|
lab29-30-<0.3559.0>-T3: Msg #1540, C-Out: 23.10 18:11:24,741| HBQ-In: 23.10 18:11:24,741| DQ-In: 23.10 18:11:25,149| C-In: 23.10 18:11:25,555|
Fehlernachricht fuer Luecke von 1541 bis 1541 C-In: 23.10 18:11:25,555|
lab29-25-<0.3973.0>-T3: Msg #1542, C-Out: 23.10 18:11:24,746| HBQ-In: 23.10 18:11:24,746| DQ-In: 23.10 18:11:25,175| C-In: 23.10 18:11:25,556|
lab29-60-<0.1170.0>-T3: Msg #1543, C-Out: 23.10 18:11:24,746| HBQ-In: 23.10 18:11:24,746| DQ-In: 23.10 18:11:25,175| C-In: 23.10 18:11:25,556|
lab29-20-<0.4365.0>-T3: Msg #1544, C-Out: 23.10 18:11:24,746| HBQ-In: 23.10 18:11:24,746| DQ-In: 23.10 18:11:25,175| C-In: 23.10 18:11:25,556|
lab29-45-<0.2293.0>-T3: Msg #1545, C-Out: 23.10 18:11:24,766| HBQ-In: 23.10 18:11:24,766| DQ-In: 23.10 18:11:25,175| C-In: 23.10 18:11:25,557|
lab29-70-<0.519.0>-T3: Msg #1546, C-Out: 23.10 18:11:25,267| HBQ-In: 23.10 18:11:25,267| DQ-In: 23.10 18:11:25,267| C-In: 23.10 18:11:25,557|
lab29-55-<0.1513.0>-T3: Msg #1547, C-Out: 23.10 18:11:24,770| HBQ-In: 23.10 18:11:24,770| DQ-In: 23.10 18:11:25,267| C-In: 23.10 18:11:25,557|
lab29-50-<0.1864.0>-T3: Msg #1548, C-Out: 23.10 18:11:24,803| HBQ-In: 23.10 18:11:24,804| DQ-In: 23.10 18:11:25,267| C-In: 23.10 18:11:25,558|
Fehlernachricht fuer Luecke von 1549 bis 1552 C-In: 23.10 18:11:25,558|
lab29-34-<0.3220.0>-T3: Msg #1553, C-Out: 23.10 18:11:24,934| HBQ-In: 23.10 18:11:24,934| DQ-In: 23.10 18:11:25,360| C-In: 23.10 18:11:25,558|
lab29-39-<0.2795.0>-T3: Msg #1554, C-Out: 23.10 18:11:24,934| HBQ-In: 23.10 18:11:24,934| DQ-In: 23.10 18:11:25,360| C-In: 23.10 18:11:25,559|
lab29-64-<0.899.0>-T3: Msg #1555, C-Out: 23.10 18:11:24,934| HBQ-In: 23.10 18:11:24,934| DQ-In: 23.10 18:11:25,360| C-In: 23.10 18:11:25,559|
Fehlernachricht fuer Luecke von 1556 bis 1556 C-In: 23.10 18:11:25,561|
lab29-29-<0.3641.0>-T3: Msg #1557, C-Out: 23.10 18:11:24,941| HBQ-In: 23.10 18:11:24,941| DQ-In: 23.10 18:11:25,383| C-In: 23.10 18:11:25,564|
lab29-24-<0.4051.0>-T3: Msg #1558, C-Out: 23.10 18:11:24,941| HBQ-In: 23.10 18:11:24,941| DQ-In: 23.10 18:11:25,383| C-In: 23.10 18:11:25,566|
lab29-84-<0.140.0>-T3: Msg #1559, C-Out: 23.10 18:11:25,447| HBQ-In: 23.10 18:11:25,447| DQ-In: 23.10 18:11:25,447| C-In: 23.10 18:11:25,567|
lab29-19-<0.4442.0>-T3: Msg #1560, C-Out: 23.10 18:11:24,946| HBQ-In: 23.10 18:11:24,946| DQ-In: 23.10 18:11:25,447| C-In: 23.10 18:11:25,567|
lab29-59-<0.1234.0>-T3: Msg #1561, C-Out: 23.10 18:11:24,946| HBQ-In: 23.10 18:11:24,946| DQ-In: 23.10 18:11:25,447| C-In: 23.10 18:11:25,567|
lab29-49-<0.1950.0>-T3: Msg #1562, C-Out: 23.10 18:11:24,960| HBQ-In: 23.10 18:11:24,960| DQ-In: 23.10 18:11:25,447| C-In: 23.10 18:11:25,568|
lab29-44-<0.2376.0>-T3: Msg #1563, C-Out: 23.10 18:11:24,963| HBQ-In: 23.10 18:11:24,963| DQ-In: 23.10 18:11:25,448| C-In: 23.10 18:11:25,568|
lab29-54-<0.1586.0>-T3: Msg #1564, C-Out: 23.10 18:11:24,966| HBQ-In: 23.10 18:11:24,966| DQ-In: 23.10 18:11:25,448| C-In: 23.10 18:11:25,570|
lab29-69-<0.583.0>-T3: Msg #1565, C-Out: 23.10 18:11:25,478| HBQ-In: 23.10 18:11:25,478| DQ-In: 23.10 18:11:25,478| C-In: 23.10 18:11:25,570|
lab29-99-<0.49.0>-T3: Msg #1566, C-Out: 23.10 18:11:25,486| HBQ-In: 23.10 18:11:25,487| DQ-In: 23.10 18:11:25,487| C-In: 23.10 18:11:25,571|
Fehlernachricht fuer Luecke von 1567 bis 1568 C-In: 23.10 18:11:25,571|
lab29-33-<0.3306.0>-T3: Msg #1569, C-Out: 23.10 18:11:25,135| HBQ-In: 23.10 18:11:25,135| DQ-In: 23.10 18:11:25,550| C-In: 23.10 18:11:25,572|
lab29-38-<0.2880.0>-T3: Msg #1570, C-Out: 23.10 18:11:25,135| HBQ-In: 23.10 18:11:25,135| DQ-In: 23.10 18:11:25,550| C-In: 23.10 18:11:25,574|
lab29-28-<0.3729.0>-T3: Msg #1571, C-Out: 23.10 18:11:25,138| HBQ-In: 23.10 18:11:25,138| DQ-In: 23.10 18:11:25,550| C-In: 23.10 18:11:25,574|
ReceiveMsgs done
lab29-36-<0.3048.0>-T3: Msg #1706, C-Out: 23.10 18:11:26,578| gesendet
lab29-36-<0.3048.0>-T3: Msg #1801, C-Out: 23.10 18:11:27,581| gesendet
lab29-36-<0.3048.0>-T3: Msg #1922, C-Out: 23.10 18:11:28,582| gesendet
lab29-36-<0.3048.0>-T3: Msg #2015, C-Out: 23.10 18:11:29,583| gesendet
lab29-36-<0.3048.0>-T3: Msg #2109, C-Out: 23.10 18:11:30,585| gesendet
Neues Intervall: 1.5 Sekunden
Msg #2199 um 23.10 18:11:30,586| vergessen zu senden
lab29-54-<0.1586.0>-T3: Msg #2007, C-Out: 23.10 18:11:30,022| HBQ-In: 23.10 18:11:30,022| DQ-In: 23.10 18:11:30,022| C-In: 23.10 18:11:30,596|
lab29-16-<0.4681.0>-T3: Msg #2008, C-Out: 23.10 18:11:29,559| HBQ-In: 23.10 18:11:29,559| DQ-In: 23.10 18:11:30,022| C-In: 23.10 18:11:30,597|
Fehlernachricht fuer Luecke von 2009 bis 2009 C-In: 23.10 18:11:30,597|
lab29-11-<0.5067.0>-T3: Msg #2010, C-Out: 23.10 18:11:29,560| HBQ-In: 23.10 18:11:29,560| DQ-In: 23.10 18:11:30,140| C-In: 23.10 18:11:30,598|
Fehlernachricht fuer Luecke von 2011 bis 2011 C-In: 23.10 18:11:30,598|
lab29-6-<0.5440.0>-T3: Msg #2012, C-Out: 23.10 18:11:29,568| HBQ-In: 23.10 18:11:29,568| DQ-In: 23.10 18:11:30,146| C-In: 23.10 18:11:30,598|
lab29-1-<0.5818.0>-T3: Msg #2013, C-Out: 23.10 18:11:29,573| HBQ-In: 23.10 18:11:29,573| DQ-In: 23.10 18:11:30,146| C-In: 23.10 18:11:30,599|
lab29-31-<0.3480.0>-T3: Msg #2014, C-Out: 23.10 18:11:29,578| HBQ-In: 23.10 18:11:29,578| DQ-In: 23.10 18:11:30,146| C-In: 23.10 18:11:30,599|
lab29-36-<0.3048.0>-T3: Msg #2015, C-Out: 23.10 18:11:29,583| HBQ-In: 23.10 18:11:29,584| DQ-In: 23.10 18:11:30,146|******* C-In: 23.10 18:11:30,599|
lab29-26-<0.3898.0>-T3: Msg #2016, C-Out: 23.10 18:11:29,594| HBQ-In: 23.10 18:11:29,594| DQ-In: 23.10 18:11:30,146| C-In: 23.10 18:11:30,600|
lab29-41-<0.2632.0>-T3: Msg #2017, C-Out: 23.10 18:11:29,603| HBQ-In: 23.10 18:11:29,604| DQ-In: 23.10 18:11:30,146| C-In: 23.10 18:11:30,600|
lab29-21-<0.4291.0>-T3: Msg #2018, C-Out: 23.10 18:11:29,615| HBQ-In: 23.10 18:11:29,616| DQ-In: 23.10 18:11:30,146| C-In: 23.10 18:11:30,600|
lab29-46-<0.2213.0>-T3: Msg #2019, C-Out: 23.10 18:11:30,115| HBQ-In: 23.10 18:11:30,116| DQ-In: 23.10 18:11:30,146| C-In: 23.10 18:11:30,600|
Fehlernachricht fuer Luecke von 2020 bis 2020 C-In: 23.10 18:11:30,601|
lab29-61-<0.1100.0>-T3: Msg #2021, C-Out: 23.10 18:11:30,140| HBQ-In: 23.10 18:11:30,140| DQ-In: 23.10 18:11:30,202| C-In: 23.10 18:11:30,606|
lab29-76-<0.194.0>-T3: Msg #2022, C-Out: 23.10 18:11:30,146| HBQ-In: 23.10 18:11:30,146| DQ-In: 23.10 18:11:30,202| C-In: 23.10 18:11:30,607|
Fehlernachricht fuer Luecke von 2023 bis 2028 C-In: 23.10 18:11:30,607|
lab29-53-<0.1650.0>-T3: Msg #2029, C-Out: 23.10 18:11:30,200| HBQ-In: 23.10 18:11:30,202| DQ-In: 23.10 18:11:30,239| C-In: 23.10 18:11:30,608|
Fehlernachricht fuer Luecke von 2030 bis 2030 C-In: 23.10 18:11:30,608|
lab29-68-<0.633.0>-T3: Msg #2031, C-Out: 23.10 18:11:30,238| HBQ-In: 23.10 18:11:30,239| DQ-In: 23.10 18:11:30,278| C-In: 23.10 18:11:30,608|
Fehlernachricht fuer Luecke von 2032 bis 2032 C-In: 23.10 18:11:30,609|
lab29-35-<0.3134.0>-T3: Msg #2033, C-Out: 23.10 18:11:29,754| HBQ-In: 23.10 18:11:29,755| DQ-In: 23.10 18:11:30,326| C-In: 23.10 18:11:30,609|
lab29-15-<0.4762.0>-T3: Msg #2034, C-Out: 23.10 18:11:29,755| HBQ-In: 23.10 18:11:29,755| DQ-In: 23.10 18:11:30,326| C-In: 23.10 18:11:30,609|
lab29-10-<0.5112.0>-T3: Msg #2035, C-Out: 23.10 18:11:29,760| HBQ-In: 23.10 18:11:29,760| DQ-In: 23.10 18:11:30,326| C-In: 23.10 18:11:30,610|
lab29-40-<0.2707.0>-T3: Msg #2036, C-Out: 23.10 18:11:29,770| HBQ-In: 23.10 18:11:29,771| DQ-In: 23.10 18:11:30,326| C-In: 23.10 18:11:30,610|
lab29-5-<0.5513.0>-T3: Msg #2037, C-Out: 23.10 18:11:29,770| HBQ-In: 23.10 18:11:29,771| DQ-In: 23.10 18:11:30,326| C-In: 23.10 18:11:30,610|
Fehlernachricht fuer Luecke von 2038 bis 2038 C-In: 23.10 18:11:30,610|
lab29-60-<0.1170.0>-T3: Msg #2039, C-Out: 23.10 18:11:30,278| HBQ-In: 23.10 18:11:30,278| DQ-In: 23.10 18:11:30,381| C-In: 23.10 18:11:30,611|
lab29-25-<0.3973.0>-T3: Msg #2040, C-Out: 23.10 18:11:29,801| HBQ-In: 23.10 18:11:29,801| DQ-In: 23.10 18:11:30,381| C-In: 23.10 18:11:30,616|
lab29-20-<0.4365.0>-T3: Msg #2041, C-Out: 23.10 18:11:29,804| HBQ-In: 23.10 18:11:29,805| DQ-In: 23.10 18:11:30,381| C-In: 23.10 18:11:30,617|
lab29-30-<0.3559.0>-T3: Msg #2042, C-Out: 23.10 18:11:29,810| HBQ-In: 23.10 18:11:29,810| DQ-In: 23.10 18:11:30,381| C-In: 23.10 18:11:30,617|
lab29-45-<0.2293.0>-T3: Msg #2043, C-Out: 23.10 18:11:30,326| HBQ-In: 23.10 18:11:30,326| DQ-In: 23.10 18:11:30,381| C-In: 23.10 18:11:30,618|
Fehlernachricht fuer Luecke von 2044 bis 2044 C-In: 23.10 18:11:30,618|
lab29-75-<0.200.0>-T3: Msg #2045, C-Out: 23.10 18:11:30,377| HBQ-In: 23.10 18:11:30,377| DQ-In: 23.10 18:11:30,430| C-In: 23.10 18:11:30,619|
lab29-67-<0.708.0>-T3: Msg #2046, C-Out: 23.10 18:11:30,389| HBQ-In: 23.10 18:11:30,389| DQ-In: 23.10 18:11:30,430| C-In: 23.10 18:11:30,619|
Fehlernachricht fuer Luecke von 2047 bis 2049 C-In: 23.10 18:11:30,619|
lab29-52-<0.1713.0>-T3: Msg #2050, C-Out: 23.10 18:11:30,449| HBQ-In: 23.10 18:11:30,449| DQ-In: 23.10 18:11:30,496| C-In: 23.10 18:11:30,620|
lab29-14-<0.4846.0>-T3: Msg #2051, C-Out: 23.10 18:11:29,957| HBQ-In: 23.10 18:11:29,958| DQ-In: 23.10 18:11:30,496| C-In: 23.10 18:11:30,620|
Fehlernachricht fuer Luecke von 2052 bis 2052 C-In: 23.10 18:11:30,621|
lab29-9-<0.5191.0>-T3: Msg #2053, C-Out: 23.10 18:11:29,961| HBQ-In: 23.10 18:11:29,962| DQ-In: 23.10 18:11:30,525| C-In: 23.10 18:11:30,621|
lab29-39-<0.2795.0>-T3: Msg #2054, C-Out: 23.10 18:11:29,966| HBQ-In: 23.10 18:11:29,966| DQ-In: 23.10 18:11:30,525| C-In: 23.10 18:11:30,623|
lab29-4-<0.5587.0>-T3: Msg #2055, C-Out: 23.10 18:11:29,966| HBQ-In: 23.10 18:11:29,966| DQ-In: 23.10 18:11:30,525| C-In: 23.10 18:11:30,624|
Fehlernachricht fuer Luecke von 2056 bis 2056 C-In: 23.10 18:11:30,626|
lab29-24-<0.4051.0>-T3: Msg #2057, C-Out: 23.10 18:11:29,974| HBQ-In: 23.10 18:11:29,976| DQ-In: 23.10 18:11:30,576| C-In: 23.10 18:11:30,626|
lab29-34-<0.3220.0>-T3: Msg #2058, C-Out: 23.10 18:11:29,980| HBQ-In: 23.10 18:11:29,981| DQ-In: 23.10 18:11:30,576| C-In: 23.10 18:11:30,627|
lab29-29-<0.3641.0>-T3: Msg #2059, C-Out: 23.10 18:11:29,996| HBQ-In: 23.10 18:11:29,996| DQ-In: 23.10 18:11:30,576| C-In: 23.10 18:11:30,627|
lab29-59-<0.1234.0>-T3: Msg #2060, C-Out: 23.10 18:11:30,496| HBQ-In: 23.10 18:11:30,496| DQ-In: 23.10 18:11:30,576| C-In: 23.10 18:11:30,628|
lab29-19-<0.4442.0>-T3: Msg #2061, C-Out: 23.10 18:11:30,015| HBQ-In: 23.10 18:11:30,016| DQ-In: 23.10 18:11:30,576| C-In: 23.10 18:11:30,628|
lab29-74-<0.266.0>-T3: Msg #2062, C-Out: 23.10 18:11:30,520| HBQ-In: 23.10 18:11:30,522| DQ-In: 23.10 18:11:30,576| C-In: 23.10 18:11:30,628|
lab29-44-<0.2376.0>-T3: Msg #2063, C-Out: 23.10 18:11:30,522| HBQ-In: 23.10 18:11:30,522| DQ-In: 23.10 18:11:30,576| C-In: 23.10 18:11:30,629|
Fehlernachricht fuer Luecke von 2064 bis 2064 C-In: 23.10 18:11:30,629|
lab29-66-<0.743.0>-T3: Msg #2065, C-Out: 23.10 18:11:30,604| HBQ-In: 23.10 18:11:30,606| DQ-In: 23.10 18:11:30,626| C-In: 23.10 18:11:30,630|
ReceiveMsgs done
lab29-36-<0.3048.0>-T3: Msg #2206, C-Out: 23.10 18:11:32,132| gesendet
lab29-36-<0.3048.0>-T3: Msg #2352, C-Out: 23.10 18:11:33,633| gesendet
lab29-36-<0.3048.0>-T3: Msg #2478, C-Out: 23.10 18:11:35,136| gesendet
lab29-36-<0.3048.0>-T3: Msg #2608, C-Out: 23.10 18:11:36,638| gesendet
lab29-36-<0.3048.0>-T3: Msg #2708, C-Out: 23.10 18:11:38,140| gesendet
Neues Intervall: 2.25 Sekunden
Msg #2816 um 23.10 18:11:38,140| vergessen zu senden
lab29-44-<0.2376.0>-T3: Msg #2602, C-Out: 23.10 18:11:36,532| HBQ-In: 23.10 18:11:36,532| DQ-In: 23.10 18:11:37,174| C-In: 23.10 18:11:38,141|
lab29-14-<0.4846.0>-T3: Msg #2603, C-Out: 23.10 18:11:36,566| HBQ-In: 23.10 18:11:36,570| DQ-In: 23.10 18:11:37,174| C-In: 23.10 18:11:38,142|
lab29-29-<0.3641.0>-T3: Msg #2604, C-Out: 23.10 18:11:36,568| HBQ-In: 23.10 18:11:36,571| DQ-In: 23.10 18:11:37,174| C-In: 23.10 18:11:38,142|
Fehlernachricht fuer Luecke von 2605 bis 2607 C-In: 23.10 18:11:38,142|
lab29-36-<0.3048.0>-T3: Msg #2608, C-Out: 23.10 18:11:36,638| HBQ-In: 23.10 18:11:36,638| DQ-In: 23.10 18:11:37,270|******* C-In: 23.10 18:11:38,143|
lab29-21-<0.4291.0>-T3: Msg #2609, C-Out: 23.10 18:11:36,673| HBQ-In: 23.10 18:11:36,676| DQ-In: 23.10 18:11:37,270| C-In: 23.10 18:11:38,144|
Fehlernachricht fuer Luecke von 2610 bis 2611 C-In: 23.10 18:11:38,144|
lab29-8-<0.5273.0>-T3: Msg #2612, C-Out: 23.10 18:11:36,212| HBQ-In: 23.10 18:11:36,212| DQ-In: 23.10 18:11:37,380| C-In: 23.10 18:11:38,147|
Fehlernachricht fuer Luecke von 2613 bis 2613 C-In: 23.10 18:11:38,150|
lab29-3-<0.5663.0>-T3: Msg #2614, C-Out: 23.10 18:11:36,230| HBQ-In: 23.10 18:11:36,230| DQ-In: 23.10 18:11:37,395| C-In: 23.10 18:11:38,151|
lab29-43-<0.2458.0>-T3: Msg #2615, C-Out: 23.10 18:11:36,736| HBQ-In: 23.10 18:11:36,736| DQ-In: 23.10 18:11:37,395| C-In: 23.10 18:11:38,153|
Fehlernachricht fuer Luecke von 2616 bis 2616 C-In: 23.10 18:11:38,153|
lab29-28-<0.3729.0>-T3: Msg #2617, C-Out: 23.10 18:11:36,753| HBQ-In: 23.10 18:11:36,753| DQ-In: 23.10 18:11:37,438| C-In: 23.10 18:11:38,154|
Fehlernachricht fuer Luecke von 2618 bis 2619 C-In: 23.10 18:11:38,154|
lab29-13-<0.4921.0>-T3: Msg #2620, C-Out: 23.10 18:11:36,790| HBQ-In: 23.10 18:11:36,790| DQ-In: 23.10 18:11:37,485| C-In: 23.10 18:11:38,155|
lab29-35-<0.3134.0>-T3: Msg #2621, C-Out: 23.10 18:11:36,829| HBQ-In: 23.10 18:11:36,829| DQ-In: 23.10 18:11:37,485| C-In: 23.10 18:11:38,155|
lab29-20-<0.4365.0>-T3: Msg #2622, C-Out: 23.10 18:11:36,897| HBQ-In: 23.10 18:11:36,900| DQ-In: 23.10 18:11:37,485| C-In: 23.10 18:11:38,157|
Fehlernachricht fuer Luecke von 2623 bis 2625 C-In: 23.10 18:11:38,157|
lab29-7-<0.5358.0>-T3: Msg #2626, C-Out: 23.10 18:11:36,424| HBQ-In: 23.10 18:11:36,424| DQ-In: 23.10 18:11:37,584| C-In: 23.10 18:11:38,158|
Fehlernachricht fuer Luecke von 2627 bis 2627 C-In: 23.10 18:11:38,160|
lab29-2-<0.5741.0>-T3: Msg #2628, C-Out: 23.10 18:11:36,437| HBQ-In: 23.10 18:11:36,437| DQ-In: 23.10 18:11:37,628| C-In: 23.10 18:11:38,163|
Fehlernachricht fuer Luecke von 2629 bis 2629 C-In: 23.10 18:11:38,169|
lab29-42-<0.2545.0>-T3: Msg #2630, C-Out: 23.10 18:11:36,942| HBQ-In: 23.10 18:11:36,943| DQ-In: 23.10 18:11:37,646| C-In: 23.10 18:11:38,172|
Fehlernachricht fuer Luecke von 2631 bis 2631 C-In: 23.10 18:11:38,173|
lab29-27-<0.3815.0>-T3: Msg #2632, C-Out: 23.10 18:11:36,975| HBQ-In: 23.10 18:11:36,975| DQ-In: 23.10 18:11:37,672| C-In: 23.10 18:11:38,175|
lab29-83-<0.147.0>-T3: Msg #2633, C-Out: 23.10 18:11:37,725| HBQ-In: 23.10 18:11:37,725| DQ-In: 23.10 18:11:37,725| C-In: 23.10 18:11:38,176|
lab29-12-<0.4991.0>-T3: Msg #2634, C-Out: 23.10 18:11:36,976| HBQ-In: 23.10 18:11:36,976| DQ-In: 23.10 18:11:37,725| C-In: 23.10 18:11:38,176|
Fehlernachricht fuer Luecke von 2635 bis 2635 C-In: 23.10 18:11:38,176|
lab29-34-<0.3220.0>-T3: Msg #2636, C-Out: 23.10 18:11:37,034| HBQ-In: 23.10 18:11:37,034| DQ-In: 23.10 18:11:37,784| C-In: 23.10 18:11:38,177|
lab29-19-<0.4442.0>-T3: Msg #2637, C-Out: 23.10 18:11:37,067| HBQ-In: 23.10 18:11:37,071| DQ-In: 23.10 18:11:37,784| C-In: 23.10 18:11:38,177|
lab29-49-<0.1950.0>-T3: Msg #2638, C-Out: 23.10 18:11:37,824| HBQ-In: 23.10 18:11:37,826| DQ-In: 23.10 18:11:37,826| C-In: 23.10 18:11:38,177|
lab29-94-<0.91.0>-T3: Msg #2639, C-Out: 23.10 18:11:37,860| HBQ-In: 23.10 18:11:37,860| DQ-In: 23.10 18:11:37,860| C-In: 23.10 18:11:38,178|
lab29-60-<0.1170.0>-T3: Msg #2640, C-Out: 23.10 18:11:37,865| HBQ-In: 23.10 18:11:37,865| DQ-In: 23.10 18:11:37,865| C-In: 23.10 18:11:38,178|
lab29-6-<0.5440.0>-T3: Msg #2641, C-Out: 23.10 18:11:36,620| HBQ-In: 23.10 18:11:36,621| DQ-In: 23.10 18:11:37,865| C-In: 23.10 18:11:38,179|
Fehlernachricht fuer Luecke von 2642 bis 2642 C-In: 23.10 18:11:38,180|
lab29-1-<0.5818.0>-T3: Msg #2643, C-Out: 23.10 18:11:36,645| HBQ-In: 23.10 18:11:36,645| DQ-In: 23.10 18:11:37,898| C-In: 23.10 18:11:38,182|
lab29-26-<0.3898.0>-T3: Msg #2644, C-Out: 23.10 18:11:37,158| HBQ-In: 23.10 18:11:37,158| DQ-In: 23.10 18:11:37,898| C-In: 23.10 18:11:38,182|
lab29-41-<0.2632.0>-T3: Msg #2645, C-Out: 23.10 18:11:37,174| HBQ-In: 23.10 18:11:37,174| DQ-In: 23.10 18:11:37,898| C-In: 23.10 18:11:38,183|
lab29-11-<0.5067.0>-T3: Msg #2646, C-Out: 23.10 18:11:37,174| HBQ-In: 23.10 18:11:37,174| DQ-In: 23.10 18:11:37,898| C-In: 23.10 18:11:38,185|
lab29-82-<0.153.0>-T3: Msg #2647, C-Out: 23.10 18:11:37,936| HBQ-In: 23.10 18:11:37,937| DQ-In: 23.10 18:11:37,937| C-In: 23.10 18:11:38,185|
lab29-93-<0.95.0>-T3: Msg #2648, C-Out: 23.10 18:11:37,951| HBQ-In: 23.10 18:11:37,953| DQ-In: 23.10 18:11:37,953| C-In: 23.10 18:11:38,188|
Fehlernachricht fuer Luecke von 2649 bis 2649 C-In: 23.10 18:11:38,188|
lab29-48-<0.2035.0>-T3: Msg #2650, C-Out: 23.10 18:11:37,002| HBQ-In: 23.10 18:11:37,002| DQ-In: 23.10 18:11:38,002| C-In: 23.10 18:11:38,189|
lab29-71-<0.461.0>-T3: Msg #2651, C-Out: 23.10 18:11:37,004| HBQ-In: 23.10 18:11:38,004| DQ-In: 23.10 18:11:38,004| C-In: 23.10 18:11:38,191|
lab29-33-<0.3306.0>-T3: Msg #2652, C-Out: 23.10 18:11:37,259| HBQ-In: 23.10 18:11:37,259| DQ-In: 23.10 18:11:38,004| C-In: 23.10 18:11:38,191|
lab29-18-<0.4519.0>-T3: Msg #2653, C-Out: 23.10 18:11:37,269| HBQ-In: 23.10 18:11:37,270| DQ-In: 23.10 18:11:38,004| C-In: 23.10 18:11:38,192|
lab29-59-<0.1234.0>-T3: Msg #2654, C-Out: 23.10 18:11:38,055| HBQ-In: 23.10 18:11:38,055| DQ-In: 23.10 18:11:38,055| C-In: 23.10 18:11:38,192|
lab29-5-<0.5513.0>-T3: Msg #2655, C-Out: 23.10 18:11:36,830| HBQ-In: 23.10 18:11:36,830| DQ-In: 23.10 18:11:38,055| C-In: 23.10 18:11:38,193|
lab29-40-<0.2707.0>-T3: Msg #2656, C-Out: 23.10 18:11:37,336| HBQ-In: 23.10 18:11:37,336| DQ-In: 23.10 18:11:38,055| C-In: 23.10 18:11:38,193|
lab29-70-<0.519.0>-T3: Msg #2657, C-Out: 23.10 18:11:38,092| HBQ-In: 23.10 18:11:38,093| DQ-In: 23.10 18:11:38,093| C-In: 23.10 18:11:38,193|
Fehlernachricht fuer Luecke von 2658 bis 2658 C-In: 23.10 18:11:38,194|
lab29-81-<0.159.0>-T3: Msg #2659, C-Out: 23.10 18:11:38,122| HBQ-In: 23.10 18:11:38,122| DQ-In: 23.10 18:11:38,169| C-In: 23.10 18:11:38,194|
lab29-25-<0.3973.0>-T3: Msg #2660, C-Out: 23.10 18:11:37,380| HBQ-In: 23.10 18:11:37,380| DQ-In: 23.10 18:11:38,169| C-In: 23.10 18:11:38,194|
lab29-10-<0.5112.0>-T3: Msg #2661, C-Out: 23.10 18:11:37,394| HBQ-In: 23.10 18:11:37,395| DQ-In: 23.10 18:11:38,169| C-In: 23.10 18:11:38,195|
lab29-32-<0.3394.0>-T3: Msg #2662, C-Out: 23.10 18:11:37,426| HBQ-In: 23.10 18:11:37,428| DQ-In: 23.10 18:11:38,169| C-In: 23.10 18:11:38,197|
ReceiveMsgs done
lab29-36-<0.3048.0>-T3: Msg #2819, C-Out: 23.10 18:11:40,448| gesendet
