lab29-45-<0.2293.0>-T3 C-Start: 23.10 18:11:18,711|
lab29-45-<0.2293.0>-T3: Msg #1140, C-Out: 23.10 18:11:19,712| gesendet
lab29-45-<0.2293.0>-T3: Msg #1207, C-Out: 23.10 18:11:20,713| gesendet
lab29-45-<0.2293.0>-T3: Msg #1281, C-Out: 23.10 18:11:21,715| gesendet
lab29-45-<0.2293.0>-T3: Msg #1354, C-Out: 23.10 18:11:22,718| gesendet
lab29-45-<0.2293.0>-T3: Msg #1457, C-Out: 23.10 18:11:23,721| gesendet
Neues Intervall: 1 Sekunden
Msg #1535 um 23.10 18:11:23,721| vergessen zu senden
lab29-33-<0.3306.0>-T3: Msg #1386, C-Out: 23.10 18:11:23,131| HBQ-In: 23.10 18:11:23,131| DQ-In: 23.10 18:11:23,145| C-In: 23.10 18:11:23,723|
lab29-73-<0.332.0>-T3: Msg #1387, C-Out: 23.10 18:11:23,132| HBQ-In: 23.10 18:11:23,132| DQ-In: 23.10 18:11:23,145| C-In: 23.10 18:11:23,723|
lab29-38-<0.2880.0>-T3: Msg #1388, C-Out: 23.10 18:11:23,132| HBQ-In: 23.10 18:11:23,132| DQ-In: 23.10 18:11:23,145| C-In: 23.10 18:11:23,724|
lab29-28-<0.3729.0>-T3: Msg #1389, C-Out: 23.10 18:11:23,135| HBQ-In: 23.10 18:11:23,135| DQ-In: 23.10 18:11:23,145| C-In: 23.10 18:11:23,724|
lab29-68-<0.633.0>-T3: Msg #1390, C-Out: 23.10 18:11:23,137| HBQ-In: 23.10 18:11:23,137| DQ-In: 23.10 18:11:23,145| C-In: 23.10 18:11:23,724|
lab29-53-<0.1650.0>-T3: Msg #1391, C-Out: 23.10 18:11:23,145| HBQ-In: 23.10 18:11:23,145| DQ-In: 23.10 18:11:23,145| C-In: 23.10 18:11:23,725|
lab29-63-<0.983.0>-T3: Msg #1392, C-Out: 23.10 18:11:23,149| HBQ-In: 23.10 18:11:23,150| DQ-In: 23.10 18:11:23,150| C-In: 23.10 18:11:23,728|
lab29-58-<0.1296.0>-T3: Msg #1393, C-Out: 23.10 18:11:23,152| HBQ-In: 23.10 18:11:23,152| DQ-In: 23.10 18:11:23,152| C-In: 23.10 18:11:23,728|
Fehlernachricht fuer Luecke von 1394 bis 1396 C-In: 23.10 18:11:23,729|
lab29-47-<0.2127.0>-T3: Msg #1397, C-Out: 23.10 18:11:23,324| HBQ-In: 23.10 18:11:23,324| DQ-In: 23.10 18:11:23,337| C-In: 23.10 18:11:23,732|
Fehlernachricht fuer Luecke von 1398 bis 1398 C-In: 23.10 18:11:23,733|
lab29-37-<0.2967.0>-T3: Msg #1399, C-Out: 23.10 18:11:23,330| HBQ-In: 23.10 18:11:23,330| DQ-In: 23.10 18:11:23,345| C-In: 23.10 18:11:23,735|
lab29-42-<0.2545.0>-T3: Msg #1400, C-Out: 23.10 18:11:23,330| HBQ-In: 23.10 18:11:23,330| DQ-In: 23.10 18:11:23,345| C-In: 23.10 18:11:23,735|
lab29-32-<0.3394.0>-T3: Msg #1401, C-Out: 23.10 18:11:23,330| HBQ-In: 23.10 18:11:23,330| DQ-In: 23.10 18:11:23,345| C-In: 23.10 18:11:23,736|
lab29-72-<0.396.0>-T3: Msg #1402, C-Out: 23.10 18:11:23,333| HBQ-In: 23.10 18:11:23,333| DQ-In: 23.10 18:11:23,345| C-In: 23.10 18:11:23,736|
lab29-27-<0.3815.0>-T3: Msg #1403, C-Out: 23.10 18:11:23,337| HBQ-In: 23.10 18:11:23,337| DQ-In: 23.10 18:11:23,345| C-In: 23.10 18:11:23,740|
lab29-67-<0.708.0>-T3: Msg #1404, C-Out: 23.10 18:11:23,345| HBQ-In: 23.10 18:11:23,345| DQ-In: 23.10 18:11:23,345| C-In: 23.10 18:11:23,743|
lab29-62-<0.1043.0>-T3: Msg #1405, C-Out: 23.10 18:11:23,353| HBQ-In: 23.10 18:11:23,355| DQ-In: 23.10 18:11:23,355| C-In: 23.10 18:11:23,744|
lab29-52-<0.1713.0>-T3: Msg #1406, C-Out: 23.10 18:11:23,375| HBQ-In: 23.10 18:11:23,377| DQ-In: 23.10 18:11:23,377| C-In: 23.10 18:11:23,744|
lab29-57-<0.1365.0>-T3: Msg #1407, C-Out: 23.10 18:11:23,381| HBQ-In: 23.10 18:11:23,381| DQ-In: 23.10 18:11:23,381| C-In: 23.10 18:11:23,744|
Fehlernachricht fuer Luecke von 1408 bis 1413 C-In: 23.10 18:11:23,745|
lab29-46-<0.2213.0>-T3: Msg #1414, C-Out: 23.10 18:11:23,518| HBQ-In: 23.10 18:11:23,518| DQ-In: 23.10 18:11:23,545| C-In: 23.10 18:11:23,745|
Fehlernachricht fuer Luecke von 1415 bis 1415 C-In: 23.10 18:11:23,746|
lab29-41-<0.2632.0>-T3: Msg #1416, C-Out: 23.10 18:11:23,530| HBQ-In: 23.10 18:11:23,530| DQ-In: 23.10 18:11:23,546| C-In: 23.10 18:11:23,746|
lab29-36-<0.3048.0>-T3: Msg #1417, C-Out: 23.10 18:11:23,530| HBQ-In: 23.10 18:11:23,530| DQ-In: 23.10 18:11:23,546| C-In: 23.10 18:11:23,746|
lab29-31-<0.3480.0>-T3: Msg #1418, C-Out: 23.10 18:11:23,531| HBQ-In: 23.10 18:11:23,531| DQ-In: 23.10 18:11:23,546| C-In: 23.10 18:11:23,747|
lab29-26-<0.3898.0>-T3: Msg #1419, C-Out: 23.10 18:11:23,537| HBQ-In: 23.10 18:11:23,537| DQ-In: 23.10 18:11:23,546| C-In: 23.10 18:11:23,747|
lab29-66-<0.743.0>-T3: Msg #1420, C-Out: 23.10 18:11:23,542| HBQ-In: 23.10 18:11:23,545| DQ-In: 23.10 18:11:23,546| C-In: 23.10 18:11:23,747|
lab29-56-<0.1439.0>-T3: Msg #1421, C-Out: 23.10 18:11:23,546| HBQ-In: 23.10 18:11:23,546| DQ-In: 23.10 18:11:23,546| C-In: 23.10 18:11:23,748|
lab29-51-<0.1789.0>-T3: Msg #1422, C-Out: 23.10 18:11:23,565| HBQ-In: 23.10 18:11:23,567| DQ-In: 23.10 18:11:23,567| C-In: 23.10 18:11:23,748|
1-client@lab23: 1423. Nachricht--Gruppe:1-Team:5-Sendezeit:18:11:22 HBQ-In: 23.10 18:11:22,570| DQ-In: 23.10 18:11:23,567| C-In: 23.10 18:11:23,748|
2-client@lab23: 1424. Nachricht--Gruppe:1-Team:5-Sendezeit:18:11:22 HBQ-In: 23.10 18:11:22,573| DQ-In: 23.10 18:11:23,567| C-In: 23.10 18:11:23,749|
4-client@lab23: 1425. Nachricht--Gruppe:1-Team:5-Sendezeit:18:11:22 HBQ-In: 23.10 18:11:22,576| DQ-In: 23.10 18:11:23,567| C-In: 23.10 18:11:23,749|
3-client@lab23: 1426. Nachricht--Gruppe:1-Team:5-Sendezeit:18:11:22 HBQ-In: 23.10 18:11:22,576| DQ-In: 23.10 18:11:23,567| C-In: 23.10 18:11:23,749|
5-client@lab23: 1427. Nachricht--Gruppe:1-Team:5-Sendezeit:18:11:22 HBQ-In: 23.10 18:11:22,575| DQ-In: 23.10 18:11:23,567| C-In: 23.10 18:11:23,750|
1-client@lab23: 1428. Nachricht--Gruppe:1-Team:5-Sendezeit:18:11:22 HBQ-In: 23.10 18:11:22,576| DQ-In: 23.10 18:11:23,567| C-In: 23.10 18:11:23,750|
lab29-61-<0.1100.0>-T3: Msg #1429, C-Out: 23.10 18:11:23,572| HBQ-In: 23.10 18:11:23,572| DQ-In: 23.10 18:11:23,572| C-In: 23.10 18:11:23,750|
2-client@lab23: 1430. Nachricht--Gruppe:1-Team:5-Sendezeit:18:11:22 HBQ-In: 23.10 18:11:22,576| DQ-In: 23.10 18:11:23,572| C-In: 23.10 18:11:23,751|
5-client@lab23: 1431. Nachricht--Gruppe:1-Team:5-Sendezeit:18:11:22 HBQ-In: 23.10 18:11:22,577| DQ-In: 23.10 18:11:23,572| C-In: 23.10 18:11:23,751|
3-client@lab23: 1432. Nachricht--Gruppe:1-Team:5-Sendezeit:18:11:22 HBQ-In: 23.10 18:11:22,581| DQ-In: 23.10 18:11:23,572| C-In: 23.10 18:11:23,752|
1-client@lab23: 1433. Nachricht--Gruppe:1-Team:5-Sendezeit:18:11:22 HBQ-In: 23.10 18:11:22,581| DQ-In: 23.10 18:11:23,572| C-In: 23.10 18:11:23,755|
4-client@lab23: 1434. Nachricht--Gruppe:1-Team:5-Sendezeit:18:11:22 HBQ-In: 23.10 18:11:22,580| DQ-In: 23.10 18:11:23,572| C-In: 23.10 18:11:23,756|
2-client@lab23: 1435. Nachricht--Gruppe:1-Team:5-Sendezeit:18:11:22 HBQ-In: 23.10 18:11:22,581| DQ-In: 23.10 18:11:23,572| C-In: 23.10 18:11:23,758|
5-client@lab23: 1436. Nachricht--Gruppe:1-Team:5-Sendezeit:18:11:22 HBQ-In: 23.10 18:11:22,581| DQ-In: 23.10 18:11:23,572| C-In: 23.10 18:11:23,760|
4-client@lab23: 1437. Nachricht--Gruppe:1-Team:5-Sendezeit:18:11:22 HBQ-In: 23.10 18:11:22,583| DQ-In: 23.10 18:11:23,573| C-In: 23.10 18:11:23,763|
1-client@lab23: 1438. Nachricht--Gruppe:1-Team:5-Sendezeit:18:11:22 HBQ-In: 23.10 18:11:22,584| DQ-In: 23.10 18:11:23,573| C-In: 23.10 18:11:23,764|
2-client@lab23: 1439. Nachricht--Gruppe:1-Team:5-Sendezeit:18:11:22 HBQ-In: 23.10 18:11:22,584| DQ-In: 23.10 18:11:23,573| C-In: 23.10 18:11:23,764|
3-client@lab23: 1440. Nachricht--Gruppe:1-Team:5-Sendezeit:18:11:22 HBQ-In: 23.10 18:11:22,585| DQ-In: 23.10 18:11:23,573| C-In: 23.10 18:11:23,764|
5-client@lab23: 1441. Nachricht--Gruppe:1-Team:5-Sendezeit:18:11:22 HBQ-In: 23.10 18:11:22,584| DQ-In: 23.10 18:11:23,573| C-In: 23.10 18:11:23,765|
4-client@lab23: 1442. Nachricht--Gruppe:1-Team:5-Sendezeit:18:11:22 HBQ-In: 23.10 18:11:22,585| DQ-In: 23.10 18:11:23,573| C-In: 23.10 18:11:23,765|
ReceiveMsgs done
lab29-45-<0.2293.0>-T3: Msg #1545, C-Out: 23.10 18:11:24,766| gesendet
lab29-45-<0.2293.0>-T3: Msg #1635, C-Out: 23.10 18:11:25,767| gesendet
lab29-45-<0.2293.0>-T3: Msg #1725, C-Out: 23.10 18:11:26,771| gesendet
lab29-45-<0.2293.0>-T3: Msg #1846, C-Out: 23.10 18:11:27,772| gesendet
lab29-45-<0.2293.0>-T3: Msg #1940, C-Out: 23.10 18:11:28,773| gesendet
Neues Intervall: 1.5 Sekunden
Msg #2038 um 23.10 18:11:28,774| vergessen zu senden
lab29-20-<0.4365.0>-T3: Msg #1839, C-Out: 23.10 18:11:27,750| HBQ-In: 23.10 18:11:27,750| DQ-In: 23.10 18:11:28,163| C-In: 23.10 18:11:28,774|
lab29-35-<0.3134.0>-T3: Msg #1840, C-Out: 23.10 18:11:27,751| HBQ-In: 23.10 18:11:27,751| DQ-In: 23.10 18:11:28,163| C-In: 23.10 18:11:28,776|
lab29-15-<0.4762.0>-T3: Msg #1841, C-Out: 23.10 18:11:27,753| HBQ-In: 23.10 18:11:27,753| DQ-In: 23.10 18:11:28,163| C-In: 23.10 18:11:28,779|
lab29-10-<0.5112.0>-T3: Msg #1842, C-Out: 23.10 18:11:27,756| HBQ-In: 23.10 18:11:27,756| DQ-In: 23.10 18:11:28,163| C-In: 23.10 18:11:28,780|
lab29-5-<0.5513.0>-T3: Msg #1843, C-Out: 23.10 18:11:27,766| HBQ-In: 23.10 18:11:27,766| DQ-In: 23.10 18:11:28,163| C-In: 23.10 18:11:28,782|
lab29-40-<0.2707.0>-T3: Msg #1844, C-Out: 23.10 18:11:27,766| HBQ-In: 23.10 18:11:27,766| DQ-In: 23.10 18:11:28,163| C-In: 23.10 18:11:28,783|
lab29-70-<0.519.0>-T3: Msg #1845, C-Out: 23.10 18:11:28,271| HBQ-In: 23.10 18:11:28,271| DQ-In: 23.10 18:11:28,271| C-In: 23.10 18:11:28,785|
lab29-45-<0.2293.0>-T3: Msg #1846, C-Out: 23.10 18:11:27,772| HBQ-In: 23.10 18:11:27,772| DQ-In: 23.10 18:11:28,271|******* C-In: 23.10 18:11:28,785|
Fehlernachricht fuer Luecke von 1847 bis 1847 C-In: 23.10 18:11:28,788|
lab29-30-<0.3559.0>-T3: Msg #1848, C-Out: 23.10 18:11:27,805| HBQ-In: 23.10 18:11:27,805| DQ-In: 23.10 18:11:28,355| C-In: 23.10 18:11:28,788|
lab29-50-<0.1864.0>-T3: Msg #1849, C-Out: 23.10 18:11:27,812| HBQ-In: 23.10 18:11:27,812| DQ-In: 23.10 18:11:28,355| C-In: 23.10 18:11:28,790|
lab29-55-<0.1513.0>-T3: Msg #1850, C-Out: 23.10 18:11:28,311| HBQ-In: 23.10 18:11:28,312| DQ-In: 23.10 18:11:28,355| C-In: 23.10 18:11:28,793|
Fehlernachricht fuer Luecke von 1851 bis 1854 C-In: 23.10 18:11:28,797|
lab29-24-<0.4051.0>-T3: Msg #1855, C-Out: 23.10 18:11:27,947| HBQ-In: 23.10 18:11:27,947| DQ-In: 23.10 18:11:28,376| C-In: 23.10 18:11:28,797|
lab29-19-<0.4442.0>-T3: Msg #1856, C-Out: 23.10 18:11:27,951| HBQ-In: 23.10 18:11:27,953| DQ-In: 23.10 18:11:28,376| C-In: 23.10 18:11:28,798|
Fehlernachricht fuer Luecke von 1857 bis 1857 C-In: 23.10 18:11:28,798|
lab29-14-<0.4846.0>-T3: Msg #1858, C-Out: 23.10 18:11:27,955| HBQ-In: 23.10 18:11:27,955| DQ-In: 23.10 18:11:28,382| C-In: 23.10 18:11:28,798|
lab29-9-<0.5191.0>-T3: Msg #1859, C-Out: 23.10 18:11:27,959| HBQ-In: 23.10 18:11:27,959| DQ-In: 23.10 18:11:28,382| C-In: 23.10 18:11:28,798|
Fehlernachricht fuer Luecke von 1860 bis 1860 C-In: 23.10 18:11:28,799|
lab29-39-<0.2795.0>-T3: Msg #1861, C-Out: 23.10 18:11:27,964| HBQ-In: 23.10 18:11:27,964| DQ-In: 23.10 18:11:28,401| C-In: 23.10 18:11:28,799|
lab29-49-<0.1950.0>-T3: Msg #1862, C-Out: 23.10 18:11:27,964| HBQ-In: 23.10 18:11:27,964| DQ-In: 23.10 18:11:28,401| C-In: 23.10 18:11:28,799|
lab29-4-<0.5587.0>-T3: Msg #1863, C-Out: 23.10 18:11:27,964| HBQ-In: 23.10 18:11:27,964| DQ-In: 23.10 18:11:28,401| C-In: 23.10 18:11:28,799|
lab29-44-<0.2376.0>-T3: Msg #1864, C-Out: 23.10 18:11:27,970| HBQ-In: 23.10 18:11:27,970| DQ-In: 23.10 18:11:28,401| C-In: 23.10 18:11:28,800|
Fehlernachricht fuer Luecke von 1865 bis 1865 C-In: 23.10 18:11:28,800|
lab29-34-<0.3220.0>-T3: Msg #1866, C-Out: 23.10 18:11:27,978| HBQ-In: 23.10 18:11:27,978| DQ-In: 23.10 18:11:28,557| C-In: 23.10 18:11:28,800|
lab29-69-<0.583.0>-T3: Msg #1867, C-Out: 23.10 18:11:28,482| HBQ-In: 23.10 18:11:28,482| DQ-In: 23.10 18:11:28,557| C-In: 23.10 18:11:28,801|
lab29-29-<0.3641.0>-T3: Msg #1868, C-Out: 23.10 18:11:27,991| HBQ-In: 23.10 18:11:27,992| DQ-In: 23.10 18:11:28,557| C-In: 23.10 18:11:28,801|
lab29-54-<0.1586.0>-T3: Msg #1869, C-Out: 23.10 18:11:28,519| HBQ-In: 23.10 18:11:28,519| DQ-In: 23.10 18:11:28,557| C-In: 23.10 18:11:28,801|
Fehlernachricht fuer Luecke von 1870 bis 1874 C-In: 23.10 18:11:28,801|
lab29-23-<0.4130.0>-T3: Msg #1875, C-Out: 23.10 18:11:28,149| HBQ-In: 23.10 18:11:28,149| DQ-In: 23.10 18:11:28,570| C-In: 23.10 18:11:28,802|
lab29-18-<0.4519.0>-T3: Msg #1876, C-Out: 23.10 18:11:28,153| HBQ-In: 23.10 18:11:28,153| DQ-In: 23.10 18:11:28,570| C-In: 23.10 18:11:28,802|
Fehlernachricht fuer Luecke von 1877 bis 1877 C-In: 23.10 18:11:28,802|
lab29-13-<0.4921.0>-T3: Msg #1878, C-Out: 23.10 18:11:28,159| HBQ-In: 23.10 18:11:28,160| DQ-In: 23.10 18:11:28,582| C-In: 23.10 18:11:28,803|
lab29-8-<0.5273.0>-T3: Msg #1879, C-Out: 23.10 18:11:28,162| HBQ-In: 23.10 18:11:28,162| DQ-In: 23.10 18:11:28,582| C-In: 23.10 18:11:28,803|
lab29-48-<0.2035.0>-T3: Msg #1880, C-Out: 23.10 18:11:28,163| HBQ-In: 23.10 18:11:28,163| DQ-In: 23.10 18:11:28,582| C-In: 23.10 18:11:28,803|
lab29-83-<0.147.0>-T3: Msg #1881, C-Out: 23.10 18:11:28,663| HBQ-In: 23.10 18:11:28,663| DQ-In: 23.10 18:11:28,663| C-In: 23.10 18:11:28,803|
lab29-38-<0.2880.0>-T3: Msg #1882, C-Out: 23.10 18:11:28,163| HBQ-In: 23.10 18:11:28,163| DQ-In: 23.10 18:11:28,663| C-In: 23.10 18:11:28,804|
lab29-3-<0.5663.0>-T3: Msg #1883, C-Out: 23.10 18:11:28,164| HBQ-In: 23.10 18:11:28,164| DQ-In: 23.10 18:11:28,663| C-In: 23.10 18:11:28,804|
lab29-43-<0.2458.0>-T3: Msg #1884, C-Out: 23.10 18:11:28,181| HBQ-In: 23.10 18:11:28,181| DQ-In: 23.10 18:11:28,663| C-In: 23.10 18:11:28,808|
lab29-33-<0.3306.0>-T3: Msg #1885, C-Out: 23.10 18:11:28,181| HBQ-In: 23.10 18:11:28,181| DQ-In: 23.10 18:11:28,663| C-In: 23.10 18:11:28,808|
lab29-28-<0.3729.0>-T3: Msg #1886, C-Out: 23.10 18:11:28,199| HBQ-In: 23.10 18:11:28,199| DQ-In: 23.10 18:11:28,663| C-In: 23.10 18:11:28,809|
lab29-53-<0.1650.0>-T3: Msg #1887, C-Out: 23.10 18:11:28,699| HBQ-In: 23.10 18:11:28,699| DQ-In: 23.10 18:11:28,699| C-In: 23.10 18:11:28,811|
lab29-68-<0.633.0>-T3: Msg #1888, C-Out: 23.10 18:11:28,735| HBQ-In: 23.10 18:11:28,736| DQ-In: 23.10 18:11:28,736| C-In: 23.10 18:11:28,811|
Fehlernachricht fuer Luecke von 1889 bis 1890 C-In: 23.10 18:11:28,813|
lab29-22-<0.4210.0>-T3: Msg #1891, C-Out: 23.10 18:11:28,347| HBQ-In: 23.10 18:11:28,347| DQ-In: 23.10 18:11:28,769| C-In: 23.10 18:11:28,816|
Fehlernachricht fuer Luecke von 1892 bis 1892 C-In: 23.10 18:11:28,818|
lab29-17-<0.4601.0>-T3: Msg #1893, C-Out: 23.10 18:11:28,352| HBQ-In: 23.10 18:11:28,352| DQ-In: 23.10 18:11:28,774| C-In: 23.10 18:11:28,821|
lab29-12-<0.4991.0>-T3: Msg #1894, C-Out: 23.10 18:11:28,354| HBQ-In: 23.10 18:11:28,355| DQ-In: 23.10 18:11:28,774| C-In: 23.10 18:11:28,822|
lab29-7-<0.5358.0>-T3: Msg #1895, C-Out: 23.10 18:11:28,360| HBQ-In: 23.10 18:11:28,360| DQ-In: 23.10 18:11:28,774| C-In: 23.10 18:11:28,824|
lab29-2-<0.5741.0>-T3: Msg #1896, C-Out: 23.10 18:11:28,370| HBQ-In: 23.10 18:11:28,370| DQ-In: 23.10 18:11:28,774| C-In: 23.10 18:11:28,825|
ReceiveMsgs done
lab29-45-<0.2293.0>-T3: Msg #2043, C-Out: 23.10 18:11:30,326| gesendet
lab29-45-<0.2293.0>-T3: Msg #2173, C-Out: 23.10 18:11:31,827| gesendet
lab29-45-<0.2293.0>-T3: Msg #2330, C-Out: 23.10 18:11:33,330| gesendet
lab29-45-<0.2293.0>-T3: Msg #2452, C-Out: 23.10 18:11:34,832| gesendet
lab29-45-<0.2293.0>-T3: Msg #2587, C-Out: 23.10 18:11:36,333| gesendet
Neues Intervall: 2.25 Sekunden
Msg #2688 um 23.10 18:11:36,334| vergessen zu senden
lab29-17-<0.4601.0>-T3: Msg #2461, C-Out: 23.10 18:11:34,436| HBQ-In: 23.10 18:11:34,436| DQ-In: 23.10 18:11:34,786| C-In: 23.10 18:11:36,334|
Fehlernachricht fuer Luecke von 2462 bis 2471 C-In: 23.10 18:11:36,336|
lab29-6-<0.5440.0>-T3: Msg #2472, C-Out: 23.10 18:11:34,616| HBQ-In: 23.10 18:11:34,616| DQ-In: 23.10 18:11:34,828| C-In: 23.10 18:11:36,337|
Fehlernachricht fuer Luecke von 2473 bis 2473 C-In: 23.10 18:11:36,338|
lab29-11-<0.5067.0>-T3: Msg #2474, C-Out: 23.10 18:11:34,622| HBQ-In: 23.10 18:11:34,622| DQ-In: 23.10 18:11:34,838| C-In: 23.10 18:11:36,341|
Fehlernachricht fuer Luecke von 2475 bis 2475 C-In: 23.10 18:11:36,342|
lab29-16-<0.4681.0>-T3: Msg #2476, C-Out: 23.10 18:11:34,633| HBQ-In: 23.10 18:11:34,633| DQ-In: 23.10 18:11:35,012| C-In: 23.10 18:11:36,345|
Fehlernachricht fuer Luecke von 2477 bis 2478 C-In: 23.10 18:11:36,348|
lab29-1-<0.5818.0>-T3: Msg #2479, C-Out: 23.10 18:11:34,637| HBQ-In: 23.10 18:11:34,637| DQ-In: 23.10 18:11:35,025| C-In: 23.10 18:11:36,351|
Fehlernachricht fuer Luecke von 2480 bis 2486 C-In: 23.10 18:11:36,352|
lab29-15-<0.4762.0>-T3: Msg #2487, C-Out: 23.10 18:11:34,812| HBQ-In: 23.10 18:11:34,812| DQ-In: 23.10 18:11:35,025| C-In: 23.10 18:11:36,352|
Fehlernachricht fuer Luecke von 2488 bis 2489 C-In: 23.10 18:11:36,352|
lab29-5-<0.5513.0>-T3: Msg #2490, C-Out: 23.10 18:11:34,828| HBQ-In: 23.10 18:11:34,828| DQ-In: 23.10 18:11:35,211| C-In: 23.10 18:11:36,353|
lab29-10-<0.5112.0>-T3: Msg #2491, C-Out: 23.10 18:11:34,838| HBQ-In: 23.10 18:11:34,838| DQ-In: 23.10 18:11:35,211| C-In: 23.10 18:11:36,353|
Fehlernachricht fuer Luecke von 2492 bis 2499 C-In: 23.10 18:11:36,354|
lab29-4-<0.5587.0>-T3: Msg #2500, C-Out: 23.10 18:11:35,012| HBQ-In: 23.10 18:11:35,012| DQ-In: 23.10 18:11:35,270| C-In: 23.10 18:11:36,356|
Fehlernachricht fuer Luecke von 2501 bis 2501 C-In: 23.10 18:11:36,357|
lab29-9-<0.5191.0>-T3: Msg #2502, C-Out: 23.10 18:11:35,025| HBQ-In: 23.10 18:11:35,025| DQ-In: 23.10 18:11:35,423| C-In: 23.10 18:11:36,359|
Fehlernachricht fuer Luecke von 2503 bis 2503 C-In: 23.10 18:11:36,360|
lab29-14-<0.4846.0>-T3: Msg #2504, C-Out: 23.10 18:11:35,025| HBQ-In: 23.10 18:11:35,025| DQ-In: 23.10 18:11:35,436| C-In: 23.10 18:11:36,363|
Fehlernachricht fuer Luecke von 2505 bis 2514 C-In: 23.10 18:11:36,363|
lab29-8-<0.5273.0>-T3: Msg #2515, C-Out: 23.10 18:11:35,211| HBQ-In: 23.10 18:11:35,211| DQ-In: 23.10 18:11:35,441| C-In: 23.10 18:11:36,364|
Fehlernachricht fuer Luecke von 2516 bis 2518 C-In: 23.10 18:11:36,364|
lab29-3-<0.5663.0>-T3: Msg #2519, C-Out: 23.10 18:11:35,229| HBQ-In: 23.10 18:11:35,229| DQ-In: 23.10 18:11:35,618| C-In: 23.10 18:11:36,364|
Fehlernachricht fuer Luecke von 2520 bis 2521 C-In: 23.10 18:11:36,365|
lab29-13-<0.4921.0>-T3: Msg #2522, C-Out: 23.10 18:11:35,270| HBQ-In: 23.10 18:11:35,270| DQ-In: 23.10 18:11:35,625| C-In: 23.10 18:11:36,365|
Fehlernachricht fuer Luecke von 2523 bis 2528 C-In: 23.10 18:11:36,366|
lab29-7-<0.5358.0>-T3: Msg #2529, C-Out: 23.10 18:11:35,423| HBQ-In: 23.10 18:11:35,423| DQ-In: 23.10 18:11:35,641| C-In: 23.10 18:11:36,366|
Fehlernachricht fuer Luecke von 2530 bis 2531 C-In: 23.10 18:11:36,370|
lab29-2-<0.5741.0>-T3: Msg #2532, C-Out: 23.10 18:11:35,436| HBQ-In: 23.10 18:11:35,436| DQ-In: 23.10 18:11:35,829| C-In: 23.10 18:11:36,370|
lab29-12-<0.4991.0>-T3: Msg #2533, C-Out: 23.10 18:11:35,437| HBQ-In: 23.10 18:11:35,441| DQ-In: 23.10 18:11:35,829| C-In: 23.10 18:11:36,371|
Fehlernachricht fuer Luecke von 2534 bis 2536 C-In: 23.10 18:11:36,373|
lab29-17-<0.4601.0>-T3: Msg #2537, C-Out: 23.10 18:11:35,983| HBQ-In: 23.10 18:11:35,983| DQ-In: 23.10 18:11:35,983| C-In: 23.10 18:11:36,374|
Fehlernachricht fuer Luecke von 2538 bis 2544 C-In: 23.10 18:11:36,374|
lab29-6-<0.5440.0>-T3: Msg #2545, C-Out: 23.10 18:11:35,618| HBQ-In: 23.10 18:11:35,618| DQ-In: 23.10 18:11:36,015| C-In: 23.10 18:11:36,374|
Fehlernachricht fuer Luecke von 2546 bis 2546 C-In: 23.10 18:11:36,375|
lab29-11-<0.5067.0>-T3: Msg #2547, C-Out: 23.10 18:11:35,623| HBQ-In: 23.10 18:11:35,625| DQ-In: 23.10 18:11:36,028| C-In: 23.10 18:11:36,375|
lab29-31-<0.3480.0>-T3: Msg #2548, C-Out: 23.10 18:11:36,126| HBQ-In: 23.10 18:11:36,127| DQ-In: 23.10 18:11:36,127| C-In: 23.10 18:11:36,375|
Fehlernachricht fuer Luecke von 2549 bis 2549 C-In: 23.10 18:11:36,376|
lab29-1-<0.5818.0>-T3: Msg #2550, C-Out: 23.10 18:11:35,640| HBQ-In: 23.10 18:11:35,641| DQ-In: 23.10 18:11:36,168| C-In: 23.10 18:11:36,376|
Fehlernachricht fuer Luecke von 2551 bis 2551 C-In: 23.10 18:11:36,378|
lab29-16-<0.4681.0>-T3: Msg #2552, C-Out: 23.10 18:11:36,167| HBQ-In: 23.10 18:11:36,168| DQ-In: 23.10 18:11:36,212| C-In: 23.10 18:11:36,379|
Fehlernachricht fuer Luecke von 2553 bis 2554 C-In: 23.10 18:11:36,379|
2-client@lab23: 2555. Nachricht--Gruppe:1-Team:5-Sendezeit:18:11:34 HBQ-In: 23.10 18:11:34,752| DQ-In: 23.10 18:11:36,230| C-In: 23.10 18:11:36,380|
1-client@lab23: 2556. Nachricht--Gruppe:1-Team:5-Sendezeit:18:11:34 HBQ-In: 23.10 18:11:34,753| DQ-In: 23.10 18:11:36,230| C-In: 23.10 18:11:36,380|
5-client@lab23: 2557. Nachricht--Gruppe:1-Team:5-Sendezeit:18:11:34 HBQ-In: 23.10 18:11:34,753| DQ-In: 23.10 18:11:36,230| C-In: 23.10 18:11:36,381|
2-client@lab23: 2558. Nachricht--Gruppe:1-Team:5-Sendezeit:18:11:34 HBQ-In: 23.10 18:11:34,758| DQ-In: 23.10 18:11:36,230| C-In: 23.10 18:11:36,381|
1-client@lab23: 2559. Nachricht--Gruppe:1-Team:5-Sendezeit:18:11:34 HBQ-In: 23.10 18:11:34,758| DQ-In: 23.10 18:11:36,230| C-In: 23.10 18:11:36,382|
5-client@lab23: 2560. Nachricht--Gruppe:1-Team:5-Sendezeit:18:11:34 HBQ-In: 23.10 18:11:34,758| DQ-In: 23.10 18:11:36,230| C-In: 23.10 18:11:36,382|
lab29-23-<0.4130.0>-T3: Msg #2561, C-Out: 23.10 18:11:36,270| HBQ-In: 23.10 18:11:36,277| DQ-In: 23.10 18:11:36,277| C-In: 23.10 18:11:36,383|
ReceiveMsgs done
lab29-45-<0.2293.0>-T3: Msg #2690, C-Out: 23.10 18:11:38,635| gesendet
