lab29-21-<0.4291.0>-T3 C-Start: 23.10 18:11:23,543|
lab29-21-<0.4291.0>-T3: Msg #1525, C-Out: 23.10 18:11:24,547| gesendet
lab29-21-<0.4291.0>-T3: Msg #1608, C-Out: 23.10 18:11:25,550| gesendet
lab29-21-<0.4291.0>-T3: Msg #1702, C-Out: 23.10 18:11:26,551| gesendet
lab29-21-<0.4291.0>-T3: Msg #1793, C-Out: 23.10 18:11:27,552| gesendet
lab29-21-<0.4291.0>-T3: Msg #1914, C-Out: 23.10 18:11:28,557| gesendet
Neues Intervall: 1 Sekunden
Msg #2009 um 23.10 18:11:28,557| vergessen zu senden
2-client@lab23: 1806. Nachricht--Gruppe:1-Team:5-Sendezeit:18:11:26 HBQ-In: 23.10 18:11:26,629| DQ-In: 23.10 18:11:27,766| C-In: 23.10 18:11:28,559|
1-client@lab23: 1807. Nachricht--Gruppe:1-Team:5-Sendezeit:18:11:26 HBQ-In: 23.10 18:11:26,630| DQ-In: 23.10 18:11:27,766| C-In: 23.10 18:11:28,559|
3-client@lab23: 1808. Nachricht--Gruppe:1-Team:5-Sendezeit:18:11:26 HBQ-In: 23.10 18:11:26,635| DQ-In: 23.10 18:11:27,766| C-In: 23.10 18:11:28,559|
4-client@lab23: 1809. Nachricht--Gruppe:1-Team:5-Sendezeit:18:11:26 HBQ-In: 23.10 18:11:26,632| DQ-In: 23.10 18:11:27,766| C-In: 23.10 18:11:28,560|
2-client@lab23: 1810. Nachricht--Gruppe:1-Team:5-Sendezeit:18:11:26 HBQ-In: 23.10 18:11:26,635| DQ-In: 23.10 18:11:27,766| C-In: 23.10 18:11:28,560|
5-client@lab23: 1811. Nachricht--Gruppe:1-Team:5-Sendezeit:18:11:26 HBQ-In: 23.10 18:11:26,635| DQ-In: 23.10 18:11:27,766| C-In: 23.10 18:11:28,561|
1-client@lab23: 1812. Nachricht--Gruppe:1-Team:5-Sendezeit:18:11:26 HBQ-In: 23.10 18:11:26,635| DQ-In: 23.10 18:11:27,766| C-In: 23.10 18:11:28,561|
4-client@lab23: 1813. Nachricht--Gruppe:1-Team:5-Sendezeit:18:11:26 HBQ-In: 23.10 18:11:26,635| DQ-In: 23.10 18:11:27,766| C-In: 23.10 18:11:28,561|
3-client@lab23: 1814. Nachricht--Gruppe:1-Team:5-Sendezeit:18:11:26 HBQ-In: 23.10 18:11:26,636| DQ-In: 23.10 18:11:27,766| C-In: 23.10 18:11:28,562|
5-client@lab23: 1815. Nachricht--Gruppe:1-Team:5-Sendezeit:18:11:26 HBQ-In: 23.10 18:11:26,638| DQ-In: 23.10 18:11:27,766| C-In: 23.10 18:11:28,564|
2-client@lab23: 1816. Nachricht--Gruppe:1-Team:5-Sendezeit:18:11:26 HBQ-In: 23.10 18:11:26,641| DQ-In: 23.10 18:11:27,766| C-In: 23.10 18:11:28,565|
1-client@lab23: 1817. Nachricht--Gruppe:1-Team:5-Sendezeit:18:11:26 HBQ-In: 23.10 18:11:26,641| DQ-In: 23.10 18:11:27,766| C-In: 23.10 18:11:28,567|
4-client@lab23: 1818. Nachricht--Gruppe:1-Team:5-Sendezeit:18:11:26 HBQ-In: 23.10 18:11:26,641| DQ-In: 23.10 18:11:27,766| C-In: 23.10 18:11:28,567|
3-client@lab23: 1819. Nachricht--Gruppe:1-Team:5-Sendezeit:18:11:26 HBQ-In: 23.10 18:11:26,641| DQ-In: 23.10 18:11:27,766| C-In: 23.10 18:11:28,569|
5-client@lab23: 1820. Nachricht--Gruppe:1-Team:5-Sendezeit:18:11:26 HBQ-In: 23.10 18:11:26,641| DQ-In: 23.10 18:11:27,766| C-In: 23.10 18:11:28,570|
2-client@lab23: 1821. Nachricht--Gruppe:1-Team:5-Sendezeit:18:11:26 HBQ-In: 23.10 18:11:26,644| DQ-In: 23.10 18:11:27,766| C-In: 23.10 18:11:28,572|
5-client@lab23: 1822. Nachricht--Gruppe:1-Team:5-Sendezeit:18:11:26 HBQ-In: 23.10 18:11:26,644| DQ-In: 23.10 18:11:27,766| C-In: 23.10 18:11:28,572|
1-client@lab23: 1823. Nachricht--Gruppe:1-Team:5-Sendezeit:18:11:26 HBQ-In: 23.10 18:11:26,644| DQ-In: 23.10 18:11:27,766| C-In: 23.10 18:11:28,575|
4-client@lab23: 1824. Nachricht--Gruppe:1-Team:5-Sendezeit:18:11:26 HBQ-In: 23.10 18:11:26,645| DQ-In: 23.10 18:11:27,766| C-In: 23.10 18:11:28,577|
3-client@lab23: 1825. Nachricht--Gruppe:1-Team:5-Sendezeit:18:11:26 HBQ-In: 23.10 18:11:26,645| DQ-In: 23.10 18:11:27,766| C-In: 23.10 18:11:28,579|
Fehlernachricht fuer Luecke von 1826 bis 1837 C-In: 23.10 18:11:28,579|
lab29-25-<0.3973.0>-T3: Msg #1838, C-Out: 23.10 18:11:27,750| HBQ-In: 23.10 18:11:27,750| DQ-In: 23.10 18:11:28,163| C-In: 23.10 18:11:28,580|
lab29-20-<0.4365.0>-T3: Msg #1839, C-Out: 23.10 18:11:27,750| HBQ-In: 23.10 18:11:27,750| DQ-In: 23.10 18:11:28,163| C-In: 23.10 18:11:28,582|
lab29-35-<0.3134.0>-T3: Msg #1840, C-Out: 23.10 18:11:27,751| HBQ-In: 23.10 18:11:27,751| DQ-In: 23.10 18:11:28,163| C-In: 23.10 18:11:28,582|
lab29-15-<0.4762.0>-T3: Msg #1841, C-Out: 23.10 18:11:27,753| HBQ-In: 23.10 18:11:27,753| DQ-In: 23.10 18:11:28,163| C-In: 23.10 18:11:28,584|
lab29-10-<0.5112.0>-T3: Msg #1842, C-Out: 23.10 18:11:27,756| HBQ-In: 23.10 18:11:27,756| DQ-In: 23.10 18:11:28,163| C-In: 23.10 18:11:28,585|
lab29-5-<0.5513.0>-T3: Msg #1843, C-Out: 23.10 18:11:27,766| HBQ-In: 23.10 18:11:27,766| DQ-In: 23.10 18:11:28,163| C-In: 23.10 18:11:28,587|
lab29-40-<0.2707.0>-T3: Msg #1844, C-Out: 23.10 18:11:27,766| HBQ-In: 23.10 18:11:27,766| DQ-In: 23.10 18:11:28,163| C-In: 23.10 18:11:28,587|
lab29-70-<0.519.0>-T3: Msg #1845, C-Out: 23.10 18:11:28,271| HBQ-In: 23.10 18:11:28,271| DQ-In: 23.10 18:11:28,271| C-In: 23.10 18:11:28,588|
lab29-45-<0.2293.0>-T3: Msg #1846, C-Out: 23.10 18:11:27,772| HBQ-In: 23.10 18:11:27,772| DQ-In: 23.10 18:11:28,271| C-In: 23.10 18:11:28,588|
Fehlernachricht fuer Luecke von 1847 bis 1847 C-In: 23.10 18:11:28,590|
lab29-30-<0.3559.0>-T3: Msg #1848, C-Out: 23.10 18:11:27,805| HBQ-In: 23.10 18:11:27,805| DQ-In: 23.10 18:11:28,355| C-In: 23.10 18:11:28,591|
lab29-50-<0.1864.0>-T3: Msg #1849, C-Out: 23.10 18:11:27,812| HBQ-In: 23.10 18:11:27,812| DQ-In: 23.10 18:11:28,355| C-In: 23.10 18:11:28,593|
lab29-55-<0.1513.0>-T3: Msg #1850, C-Out: 23.10 18:11:28,311| HBQ-In: 23.10 18:11:28,312| DQ-In: 23.10 18:11:28,355| C-In: 23.10 18:11:28,597|
Fehlernachricht fuer Luecke von 1851 bis 1854 C-In: 23.10 18:11:28,602|
lab29-24-<0.4051.0>-T3: Msg #1855, C-Out: 23.10 18:11:27,947| HBQ-In: 23.10 18:11:27,947| DQ-In: 23.10 18:11:28,376| C-In: 23.10 18:11:28,603|
lab29-19-<0.4442.0>-T3: Msg #1856, C-Out: 23.10 18:11:27,951| HBQ-In: 23.10 18:11:27,953| DQ-In: 23.10 18:11:28,376| C-In: 23.10 18:11:28,605|
Fehlernachricht fuer Luecke von 1857 bis 1857 C-In: 23.10 18:11:28,605|
lab29-14-<0.4846.0>-T3: Msg #1858, C-Out: 23.10 18:11:27,955| HBQ-In: 23.10 18:11:27,955| DQ-In: 23.10 18:11:28,382| C-In: 23.10 18:11:28,605|
lab29-9-<0.5191.0>-T3: Msg #1859, C-Out: 23.10 18:11:27,959| HBQ-In: 23.10 18:11:27,959| DQ-In: 23.10 18:11:28,382| C-In: 23.10 18:11:28,606|
Fehlernachricht fuer Luecke von 1860 bis 1860 C-In: 23.10 18:11:28,606|
lab29-39-<0.2795.0>-T3: Msg #1861, C-Out: 23.10 18:11:27,964| HBQ-In: 23.10 18:11:27,964| DQ-In: 23.10 18:11:28,401| C-In: 23.10 18:11:28,606|
lab29-49-<0.1950.0>-T3: Msg #1862, C-Out: 23.10 18:11:27,964| HBQ-In: 23.10 18:11:27,964| DQ-In: 23.10 18:11:28,401| C-In: 23.10 18:11:28,607|
lab29-4-<0.5587.0>-T3: Msg #1863, C-Out: 23.10 18:11:27,964| HBQ-In: 23.10 18:11:27,964| DQ-In: 23.10 18:11:28,401| C-In: 23.10 18:11:28,607|
lab29-44-<0.2376.0>-T3: Msg #1864, C-Out: 23.10 18:11:27,970| HBQ-In: 23.10 18:11:27,970| DQ-In: 23.10 18:11:28,401| C-In: 23.10 18:11:28,608|
Fehlernachricht fuer Luecke von 1865 bis 1865 C-In: 23.10 18:11:28,610|
lab29-34-<0.3220.0>-T3: Msg #1866, C-Out: 23.10 18:11:27,978| HBQ-In: 23.10 18:11:27,978| DQ-In: 23.10 18:11:28,557| C-In: 23.10 18:11:28,611|
lab29-69-<0.583.0>-T3: Msg #1867, C-Out: 23.10 18:11:28,482| HBQ-In: 23.10 18:11:28,482| DQ-In: 23.10 18:11:28,557| C-In: 23.10 18:11:28,611|
lab29-29-<0.3641.0>-T3: Msg #1868, C-Out: 23.10 18:11:27,991| HBQ-In: 23.10 18:11:27,992| DQ-In: 23.10 18:11:28,557| C-In: 23.10 18:11:28,611|
lab29-54-<0.1586.0>-T3: Msg #1869, C-Out: 23.10 18:11:28,519| HBQ-In: 23.10 18:11:28,519| DQ-In: 23.10 18:11:28,557| C-In: 23.10 18:11:28,612|
Fehlernachricht fuer Luecke von 1870 bis 1874 C-In: 23.10 18:11:28,612|
lab29-23-<0.4130.0>-T3: Msg #1875, C-Out: 23.10 18:11:28,149| HBQ-In: 23.10 18:11:28,149| DQ-In: 23.10 18:11:28,570| C-In: 23.10 18:11:28,612|
lab29-18-<0.4519.0>-T3: Msg #1876, C-Out: 23.10 18:11:28,153| HBQ-In: 23.10 18:11:28,153| DQ-In: 23.10 18:11:28,570| C-In: 23.10 18:11:28,612|
Fehlernachricht fuer Luecke von 1877 bis 1877 C-In: 23.10 18:11:28,613|
lab29-13-<0.4921.0>-T3: Msg #1878, C-Out: 23.10 18:11:28,159| HBQ-In: 23.10 18:11:28,160| DQ-In: 23.10 18:11:28,582| C-In: 23.10 18:11:28,613|
lab29-8-<0.5273.0>-T3: Msg #1879, C-Out: 23.10 18:11:28,162| HBQ-In: 23.10 18:11:28,162| DQ-In: 23.10 18:11:28,582| C-In: 23.10 18:11:28,613|
lab29-48-<0.2035.0>-T3: Msg #1880, C-Out: 23.10 18:11:28,163| HBQ-In: 23.10 18:11:28,163| DQ-In: 23.10 18:11:28,582| C-In: 23.10 18:11:28,614|
ReceiveMsgs done
lab29-21-<0.4291.0>-T3: Msg #2018, C-Out: 23.10 18:11:29,615| gesendet
lab29-21-<0.4291.0>-T3: Msg #2113, C-Out: 23.10 18:11:30,617| gesendet
lab29-21-<0.4291.0>-T3: Msg #2203, C-Out: 23.10 18:11:31,618| gesendet
lab29-21-<0.4291.0>-T3: Msg #2311, C-Out: 23.10 18:11:32,620| gesendet
lab29-21-<0.4291.0>-T3: Msg #2393, C-Out: 23.10 18:11:33,621| gesendet
Neues Intervall: 1.5 Sekunden
Msg #2475 um 23.10 18:11:33,622| vergessen zu senden
lab29-28-<0.3729.0>-T3: Msg #2276, C-Out: 23.10 18:11:32,205| HBQ-In: 23.10 18:11:32,206| DQ-In: 23.10 18:11:32,833| C-In: 23.10 18:11:33,626|
lab29-8-<0.5273.0>-T3: Msg #2277, C-Out: 23.10 18:11:32,205| HBQ-In: 23.10 18:11:32,206| DQ-In: 23.10 18:11:32,833| C-In: 23.10 18:11:33,629|
lab29-48-<0.2035.0>-T3: Msg #2278, C-Out: 23.10 18:11:32,705| HBQ-In: 23.10 18:11:32,706| DQ-In: 23.10 18:11:32,833| C-In: 23.10 18:11:33,629|
lab29-63-<0.983.0>-T3: Msg #2279, C-Out: 23.10 18:11:32,716| HBQ-In: 23.10 18:11:32,716| DQ-In: 23.10 18:11:32,833| C-In: 23.10 18:11:33,630|
lab29-18-<0.4519.0>-T3: Msg #2280, C-Out: 23.10 18:11:32,214| HBQ-In: 23.10 18:11:32,215| DQ-In: 23.10 18:11:32,833| C-In: 23.10 18:11:33,632|
Fehlernachricht fuer Luecke von 2281 bis 2281 C-In: 23.10 18:11:33,635|
lab29-33-<0.3306.0>-T3: Msg #2282, C-Out: 23.10 18:11:32,753| HBQ-In: 23.10 18:11:32,753| DQ-In: 23.10 18:11:33,007| C-In: 23.10 18:11:33,636|
lab29-13-<0.4921.0>-T3: Msg #2283, C-Out: 23.10 18:11:32,255| HBQ-In: 23.10 18:11:32,257| DQ-In: 23.10 18:11:33,007| C-In: 23.10 18:11:33,636|
Fehlernachricht fuer Luecke von 2284 bis 2284 C-In: 23.10 18:11:33,637|
lab29-55-<0.1513.0>-T3: Msg #2285, C-Out: 23.10 18:11:32,816| HBQ-In: 23.10 18:11:32,816| DQ-In: 23.10 18:11:33,021| C-In: 23.10 18:11:33,637|
lab29-40-<0.2707.0>-T3: Msg #2286, C-Out: 23.10 18:11:32,826| HBQ-In: 23.10 18:11:32,828| DQ-In: 23.10 18:11:33,021| C-In: 23.10 18:11:33,637|
Fehlernachricht fuer Luecke von 2287 bis 2289 C-In: 23.10 18:11:33,638|
lab29-2-<0.5741.0>-T3: Msg #2290, C-Out: 23.10 18:11:32,380| HBQ-In: 23.10 18:11:32,380| DQ-In: 23.10 18:11:33,029| C-In: 23.10 18:11:33,638|
Fehlernachricht fuer Luecke von 2291 bis 2291 C-In: 23.10 18:11:33,638|
lab29-27-<0.3815.0>-T3: Msg #2292, C-Out: 23.10 18:11:32,405| HBQ-In: 23.10 18:11:32,405| DQ-In: 23.10 18:11:33,031| C-In: 23.10 18:11:33,639|
lab29-22-<0.4210.0>-T3: Msg #2293, C-Out: 23.10 18:11:32,412| HBQ-In: 23.10 18:11:32,412| DQ-In: 23.10 18:11:33,031| C-In: 23.10 18:11:33,639|
lab29-7-<0.5358.0>-T3: Msg #2294, C-Out: 23.10 18:11:32,418| HBQ-In: 23.10 18:11:32,418| DQ-In: 23.10 18:11:33,031| C-In: 23.10 18:11:33,639|
lab29-32-<0.3394.0>-T3: Msg #2295, C-Out: 23.10 18:11:32,923| HBQ-In: 23.10 18:11:32,923| DQ-In: 23.10 18:11:33,031| C-In: 23.10 18:11:33,640|
lab29-47-<0.2127.0>-T3: Msg #2296, C-Out: 23.10 18:11:32,927| HBQ-In: 23.10 18:11:32,927| DQ-In: 23.10 18:11:33,031| C-In: 23.10 18:11:33,640|
lab29-62-<0.1043.0>-T3: Msg #2297, C-Out: 23.10 18:11:32,931| HBQ-In: 23.10 18:11:32,931| DQ-In: 23.10 18:11:33,031| C-In: 23.10 18:11:33,640|
lab29-12-<0.4991.0>-T3: Msg #2298, C-Out: 23.10 18:11:32,433| HBQ-In: 23.10 18:11:32,433| DQ-In: 23.10 18:11:33,031| C-In: 23.10 18:11:33,641|
lab29-17-<0.4601.0>-T3: Msg #2299, C-Out: 23.10 18:11:32,433| HBQ-In: 23.10 18:11:32,433| DQ-In: 23.10 18:11:33,031| C-In: 23.10 18:11:33,641|
Fehlernachricht fuer Luecke von 2300 bis 2301 C-In: 23.10 18:11:33,644|
lab29-54-<0.1586.0>-T3: Msg #2302, C-Out: 23.10 18:11:33,029| HBQ-In: 23.10 18:11:33,029| DQ-In: 23.10 18:11:33,225| C-In: 23.10 18:11:33,645|
lab29-39-<0.2795.0>-T3: Msg #2303, C-Out: 23.10 18:11:33,030| HBQ-In: 23.10 18:11:33,031| DQ-In: 23.10 18:11:33,225| C-In: 23.10 18:11:33,645|
Fehlernachricht fuer Luecke von 2304 bis 2305 C-In: 23.10 18:11:33,646|
lab29-1-<0.5818.0>-T3: Msg #2306, C-Out: 23.10 18:11:32,583| HBQ-In: 23.10 18:11:32,583| DQ-In: 23.10 18:11:33,261| C-In: 23.10 18:11:33,647|
Fehlernachricht fuer Luecke von 2307 bis 2307 C-In: 23.10 18:11:33,648|
lab29-26-<0.3898.0>-T3: Msg #2308, C-Out: 23.10 18:11:32,599| HBQ-In: 23.10 18:11:32,599| DQ-In: 23.10 18:11:33,281| C-In: 23.10 18:11:33,648|
lab29-6-<0.5440.0>-T3: Msg #2309, C-Out: 23.10 18:11:32,614| HBQ-In: 23.10 18:11:32,614| DQ-In: 23.10 18:11:33,282| C-In: 23.10 18:11:33,649|
lab29-46-<0.2213.0>-T3: Msg #2310, C-Out: 23.10 18:11:33,120| HBQ-In: 23.10 18:11:33,120| DQ-In: 23.10 18:11:33,282| C-In: 23.10 18:11:33,649|
lab29-21-<0.4291.0>-T3: Msg #2311, C-Out: 23.10 18:11:32,620| HBQ-In: 23.10 18:11:32,620| DQ-In: 23.10 18:11:33,282|******* C-In: 23.10 18:11:33,649|
lab29-11-<0.5067.0>-T3: Msg #2312, C-Out: 23.10 18:11:32,620| HBQ-In: 23.10 18:11:32,620| DQ-In: 23.10 18:11:33,282| C-In: 23.10 18:11:33,651|
lab29-31-<0.3480.0>-T3: Msg #2313, C-Out: 23.10 18:11:33,124| HBQ-In: 23.10 18:11:33,124| DQ-In: 23.10 18:11:33,282| C-In: 23.10 18:11:33,652|
lab29-16-<0.4681.0>-T3: Msg #2314, C-Out: 23.10 18:11:32,629| HBQ-In: 23.10 18:11:32,629| DQ-In: 23.10 18:11:33,282| C-In: 23.10 18:11:33,652|
lab29-61-<0.1100.0>-T3: Msg #2315, C-Out: 23.10 18:11:33,142| HBQ-In: 23.10 18:11:33,142| DQ-In: 23.10 18:11:33,282| C-In: 23.10 18:11:33,654|
Fehlernachricht fuer Luecke von 2316 bis 2317 C-In: 23.10 18:11:33,654|
lab29-53-<0.1650.0>-T3: Msg #2318, C-Out: 23.10 18:11:33,208| HBQ-In: 23.10 18:11:33,208| DQ-In: 23.10 18:11:33,453| C-In: 23.10 18:11:33,655|
Fehlernachricht fuer Luecke von 2319 bis 2319 C-In: 23.10 18:11:33,655|
lab29-38-<0.2880.0>-T3: Msg #2320, C-Out: 23.10 18:11:33,261| HBQ-In: 23.10 18:11:33,261| DQ-In: 23.10 18:11:33,454| C-In: 23.10 18:11:33,656|
lab29-60-<0.1170.0>-T3: Msg #2321, C-Out: 23.10 18:11:33,280| HBQ-In: 23.10 18:11:33,281| DQ-In: 23.10 18:11:33,454| C-In: 23.10 18:11:33,656|
Fehlernachricht fuer Luecke von 2322 bis 2324 C-In: 23.10 18:11:33,656|
lab29-25-<0.3973.0>-T3: Msg #2325, C-Out: 23.10 18:11:32,807| HBQ-In: 23.10 18:11:32,807| DQ-In: 23.10 18:11:33,529| C-In: 23.10 18:11:33,659|
lab29-15-<0.4762.0>-T3: Msg #2326, C-Out: 23.10 18:11:32,807| HBQ-In: 23.10 18:11:32,808| DQ-In: 23.10 18:11:33,529| C-In: 23.10 18:11:33,659|
lab29-20-<0.4365.0>-T3: Msg #2327, C-Out: 23.10 18:11:32,810| HBQ-In: 23.10 18:11:32,810| DQ-In: 23.10 18:11:33,529| C-In: 23.10 18:11:33,660|
Fehlernachricht fuer Luecke von 2328 bis 2328 C-In: 23.10 18:11:33,660|
lab29-5-<0.5513.0>-T3: Msg #2329, C-Out: 23.10 18:11:32,825| HBQ-In: 23.10 18:11:32,825| DQ-In: 23.10 18:11:33,621| C-In: 23.10 18:11:33,660|
lab29-45-<0.2293.0>-T3: Msg #2330, C-Out: 23.10 18:11:33,330| HBQ-In: 23.10 18:11:33,330| DQ-In: 23.10 18:11:33,621| C-In: 23.10 18:11:33,662|
lab29-10-<0.5112.0>-T3: Msg #2331, C-Out: 23.10 18:11:32,832| HBQ-In: 23.10 18:11:32,833| DQ-In: 23.10 18:11:33,621| C-In: 23.10 18:11:33,664|
lab29-30-<0.3559.0>-T3: Msg #2332, C-Out: 23.10 18:11:33,354| HBQ-In: 23.10 18:11:33,354| DQ-In: 23.10 18:11:33,621| C-In: 23.10 18:11:33,665|
Fehlernachricht fuer Luecke von 2333 bis 2335 C-In: 23.10 18:11:33,666|
lab29-52-<0.1713.0>-T3: Msg #2336, C-Out: 23.10 18:11:33,452| HBQ-In: 23.10 18:11:33,453| DQ-In: 23.10 18:11:33,635| C-In: 23.10 18:11:33,666|
lab29-37-<0.2967.0>-T3: Msg #2337, C-Out: 23.10 18:11:33,453| HBQ-In: 23.10 18:11:33,454| DQ-In: 23.10 18:11:33,635| C-In: 23.10 18:11:33,668|
ReceiveMsgs done
lab29-21-<0.4291.0>-T3: Msg #2480, C-Out: 23.10 18:11:35,171| gesendet
lab29-21-<0.4291.0>-T3: Msg #2609, C-Out: 23.10 18:11:36,673| gesendet
lab29-21-<0.4291.0>-T3: Msg #2712, C-Out: 23.10 18:11:38,178| gesendet
lab29-21-<0.4291.0>-T3: Msg #2818, C-Out: 23.10 18:11:39,679| gesendet
