lab29-15-<0.4762.0>-T3 C-Start: 23.10 18:11:24,748|
lab29-15-<0.4762.0>-T3: Msg #1632, C-Out: 23.10 18:11:25,750| gesendet
lab29-15-<0.4762.0>-T3: Msg #1722, C-Out: 23.10 18:11:26,751| gesendet
lab29-15-<0.4762.0>-T3: Msg #1841, C-Out: 23.10 18:11:27,753| gesendet
lab29-15-<0.4762.0>-T3: Msg #1935, C-Out: 23.10 18:11:28,754| gesendet
lab29-15-<0.4762.0>-T3: Msg #2034, C-Out: 23.10 18:11:29,755| gesendet
Neues Intervall: 1 Sekunden
Msg #2124 um 23.10 18:11:29,757| vergessen zu senden
lab29-73-<0.332.0>-T3: Msg #1927, C-Out: 23.10 18:11:29,165| HBQ-In: 23.10 18:11:29,165| DQ-In: 23.10 18:11:29,165| C-In: 23.10 18:11:29,758|
Fehlernachricht fuer Luecke von 1928 bis 1931 C-In: 23.10 18:11:29,758|
lab29-20-<0.4365.0>-T3: Msg #1932, C-Out: 23.10 18:11:28,751| HBQ-In: 23.10 18:11:28,752| DQ-In: 23.10 18:11:29,183| C-In: 23.10 18:11:29,759|
Fehlernachricht fuer Luecke von 1933 bis 1933 C-In: 23.10 18:11:29,759|
lab29-35-<0.3134.0>-T3: Msg #1934, C-Out: 23.10 18:11:28,752| HBQ-In: 23.10 18:11:28,752| DQ-In: 23.10 18:11:29,200| C-In: 23.10 18:11:29,760|
lab29-15-<0.4762.0>-T3: Msg #1935, C-Out: 23.10 18:11:28,754| HBQ-In: 23.10 18:11:28,754| DQ-In: 23.10 18:11:29,200|******* C-In: 23.10 18:11:29,760|
lab29-10-<0.5112.0>-T3: Msg #1936, C-Out: 23.10 18:11:28,757| HBQ-In: 23.10 18:11:28,757| DQ-In: 23.10 18:11:29,200| C-In: 23.10 18:11:29,760|
lab29-65-<0.819.0>-T3: Msg #1937, C-Out: 23.10 18:11:29,266| HBQ-In: 23.10 18:11:29,266| DQ-In: 23.10 18:11:29,266| C-In: 23.10 18:11:29,761|
lab29-5-<0.5513.0>-T3: Msg #1938, C-Out: 23.10 18:11:28,769| HBQ-In: 23.10 18:11:28,769| DQ-In: 23.10 18:11:29,266| C-In: 23.10 18:11:29,762|
lab29-40-<0.2707.0>-T3: Msg #1939, C-Out: 23.10 18:11:28,769| HBQ-In: 23.10 18:11:28,769| DQ-In: 23.10 18:11:29,266| C-In: 23.10 18:11:29,762|
lab29-45-<0.2293.0>-T3: Msg #1940, C-Out: 23.10 18:11:28,773| HBQ-In: 23.10 18:11:28,774| DQ-In: 23.10 18:11:29,266| C-In: 23.10 18:11:29,763|
Fehlernachricht fuer Luecke von 1941 bis 1941 C-In: 23.10 18:11:29,765|
lab29-25-<0.3973.0>-T3: Msg #1942, C-Out: 23.10 18:11:28,800| HBQ-In: 23.10 18:11:28,800| DQ-In: 23.10 18:11:29,375| C-In: 23.10 18:11:29,768|
lab29-30-<0.3559.0>-T3: Msg #1943, C-Out: 23.10 18:11:28,808| HBQ-In: 23.10 18:11:28,808| DQ-In: 23.10 18:11:29,375| C-In: 23.10 18:11:29,768|
Fehlernachricht fuer Luecke von 1944 bis 1944 C-In: 23.10 18:11:29,768|
lab29-80-<0.164.0>-T3: Msg #1945, C-Out: 23.10 18:11:29,323| HBQ-In: 23.10 18:11:29,325| DQ-In: 23.10 18:11:29,383| C-In: 23.10 18:11:29,769|
Fehlernachricht fuer Luecke von 1946 bis 1946 C-In: 23.10 18:11:29,769|
lab29-50-<0.1864.0>-T3: Msg #1947, C-Out: 23.10 18:11:29,375| HBQ-In: 23.10 18:11:29,375| DQ-In: 23.10 18:11:29,387| C-In: 23.10 18:11:29,773|
lab29-72-<0.396.0>-T3: Msg #1948, C-Out: 23.10 18:11:29,387| HBQ-In: 23.10 18:11:29,387| DQ-In: 23.10 18:11:29,387| C-In: 23.10 18:11:29,778|
Fehlernachricht fuer Luecke von 1949 bis 1951 C-In: 23.10 18:11:29,782|
lab29-19-<0.4442.0>-T3: Msg #1952, C-Out: 23.10 18:11:28,956| HBQ-In: 23.10 18:11:28,956| DQ-In: 23.10 18:11:29,402| C-In: 23.10 18:11:29,782|
lab29-14-<0.4846.0>-T3: Msg #1953, C-Out: 23.10 18:11:28,956| HBQ-In: 23.10 18:11:28,956| DQ-In: 23.10 18:11:29,402| C-In: 23.10 18:11:29,782|
lab29-9-<0.5191.0>-T3: Msg #1954, C-Out: 23.10 18:11:28,960| HBQ-In: 23.10 18:11:28,960| DQ-In: 23.10 18:11:29,402| C-In: 23.10 18:11:29,783|
lab29-64-<0.899.0>-T3: Msg #1955, C-Out: 23.10 18:11:29,463| HBQ-In: 23.10 18:11:29,464| DQ-In: 23.10 18:11:29,464| C-In: 23.10 18:11:29,783|
lab29-39-<0.2795.0>-T3: Msg #1956, C-Out: 23.10 18:11:28,965| HBQ-In: 23.10 18:11:28,965| DQ-In: 23.10 18:11:29,464| C-In: 23.10 18:11:29,783|
lab29-4-<0.5587.0>-T3: Msg #1957, C-Out: 23.10 18:11:28,965| HBQ-In: 23.10 18:11:28,965| DQ-In: 23.10 18:11:29,464| C-In: 23.10 18:11:29,784|
Fehlernachricht fuer Luecke von 1958 bis 1958 C-In: 23.10 18:11:29,784|
lab29-44-<0.2376.0>-T3: Msg #1959, C-Out: 23.10 18:11:28,971| HBQ-In: 23.10 18:11:28,971| DQ-In: 23.10 18:11:29,560| C-In: 23.10 18:11:29,784|
lab29-24-<0.4051.0>-T3: Msg #1960, C-Out: 23.10 18:11:28,973| HBQ-In: 23.10 18:11:28,973| DQ-In: 23.10 18:11:29,560| C-In: 23.10 18:11:29,785|
lab29-34-<0.3220.0>-T3: Msg #1961, C-Out: 23.10 18:11:28,979| HBQ-In: 23.10 18:11:28,979| DQ-In: 23.10 18:11:29,560| C-In: 23.10 18:11:29,787|
lab29-29-<0.3641.0>-T3: Msg #1962, C-Out: 23.10 18:11:28,994| HBQ-In: 23.10 18:11:28,994| DQ-In: 23.10 18:11:29,560| C-In: 23.10 18:11:29,788|
Fehlernachricht fuer Luecke von 1963 bis 1963 C-In: 23.10 18:11:29,790|
lab29-49-<0.1950.0>-T3: Msg #1964, C-Out: 23.10 18:11:29,506| HBQ-In: 23.10 18:11:29,506| DQ-In: 23.10 18:11:29,584| C-In: 23.10 18:11:29,791|
lab29-79-<0.173.0>-T3: Msg #1965, C-Out: 23.10 18:11:29,514| HBQ-In: 23.10 18:11:29,514| DQ-In: 23.10 18:11:29,584| C-In: 23.10 18:11:29,793|
lab29-56-<0.1439.0>-T3: Msg #1966, C-Out: 23.10 18:11:29,602| HBQ-In: 23.10 18:11:29,602| DQ-In: 23.10 18:11:29,602| C-In: 23.10 18:11:29,793|
Fehlernachricht fuer Luecke von 1967 bis 1969 C-In: 23.10 18:11:29,796|
lab29-18-<0.4519.0>-T3: Msg #1970, C-Out: 23.10 18:11:29,154| HBQ-In: 23.10 18:11:29,154| DQ-In: 23.10 18:11:29,604| C-In: 23.10 18:11:29,797|
lab29-13-<0.4921.0>-T3: Msg #1971, C-Out: 23.10 18:11:29,162| HBQ-In: 23.10 18:11:29,162| DQ-In: 23.10 18:11:29,604| C-In: 23.10 18:11:29,797|
lab29-8-<0.5273.0>-T3: Msg #1972, C-Out: 23.10 18:11:29,165| HBQ-In: 23.10 18:11:29,165| DQ-In: 23.10 18:11:29,604| C-In: 23.10 18:11:29,798|
Fehlernachricht fuer Luecke von 1973 bis 1973 C-In: 23.10 18:11:29,798|
lab29-38-<0.2880.0>-T3: Msg #1974, C-Out: 23.10 18:11:29,165| HBQ-In: 23.10 18:11:29,166| DQ-In: 23.10 18:11:29,684| C-In: 23.10 18:11:29,798|
lab29-78-<0.180.0>-T3: Msg #1975, C-Out: 23.10 18:11:29,665| HBQ-In: 23.10 18:11:29,666| DQ-In: 23.10 18:11:29,684| C-In: 23.10 18:11:29,799|
lab29-3-<0.5663.0>-T3: Msg #1976, C-Out: 23.10 18:11:29,165| HBQ-In: 23.10 18:11:29,165| DQ-In: 23.10 18:11:29,684| C-In: 23.10 18:11:29,799|
lab29-33-<0.3306.0>-T3: Msg #1977, C-Out: 23.10 18:11:29,182| HBQ-In: 23.10 18:11:29,182| DQ-In: 23.10 18:11:29,684| C-In: 23.10 18:11:29,800|
lab29-43-<0.2458.0>-T3: Msg #1978, C-Out: 23.10 18:11:29,182| HBQ-In: 23.10 18:11:29,182| DQ-In: 23.10 18:11:29,684| C-In: 23.10 18:11:29,800|
lab29-23-<0.4130.0>-T3: Msg #1979, C-Out: 23.10 18:11:29,183| HBQ-In: 23.10 18:11:29,183| DQ-In: 23.10 18:11:29,684| C-In: 23.10 18:11:29,800|
lab29-71-<0.461.0>-T3: Msg #1980, C-Out: 23.10 18:11:29,684| HBQ-In: 23.10 18:11:29,684| DQ-In: 23.10 18:11:29,684| C-In: 23.10 18:11:29,801|
lab29-28-<0.3729.0>-T3: Msg #1981, C-Out: 23.10 18:11:29,200| HBQ-In: 23.10 18:11:29,200| DQ-In: 23.10 18:11:29,684| C-In: 23.10 18:11:29,801|
lab29-48-<0.2035.0>-T3: Msg #1982, C-Out: 23.10 18:11:29,703| HBQ-In: 23.10 18:11:29,703| DQ-In: 23.10 18:11:29,703| C-In: 23.10 18:11:29,802|
lab29-63-<0.983.0>-T3: Msg #1983, C-Out: 23.10 18:11:29,706| HBQ-In: 23.10 18:11:29,706| DQ-In: 23.10 18:11:29,706| C-In: 23.10 18:11:29,802|
ReceiveMsgs done
lab29-15-<0.4762.0>-T3: Msg #2130, C-Out: 23.10 18:11:30,805| gesendet
lab29-15-<0.4762.0>-T3: Msg #2243, C-Out: 23.10 18:11:31,806| gesendet
lab29-15-<0.4762.0>-T3: Msg #2326, C-Out: 23.10 18:11:32,807| gesendet
lab29-15-<0.4762.0>-T3: Msg #2412, C-Out: 23.10 18:11:33,809| gesendet
lab29-15-<0.4762.0>-T3: Msg #2487, C-Out: 23.10 18:11:34,812| gesendet
Neues Intervall: 1.5 Sekunden
Msg #2584 um 23.10 18:11:34,815| vergessen zu senden
Fehlernachricht fuer Luecke von 2389 bis 2390 C-In: 23.10 18:11:34,815|
lab29-56-<0.1439.0>-T3: Msg #2391, C-Out: 23.10 18:11:34,107| HBQ-In: 23.10 18:11:34,108| DQ-In: 23.10 18:11:34,422| C-In: 23.10 18:11:34,816|
lab29-6-<0.5440.0>-T3: Msg #2392, C-Out: 23.10 18:11:33,615| HBQ-In: 23.10 18:11:33,615| DQ-In: 23.10 18:11:34,422| C-In: 23.10 18:11:34,816|
lab29-21-<0.4291.0>-T3: Msg #2393, C-Out: 23.10 18:11:33,621| HBQ-In: 23.10 18:11:33,622| DQ-In: 23.10 18:11:34,422| C-In: 23.10 18:11:34,816|
lab29-11-<0.5067.0>-T3: Msg #2394, C-Out: 23.10 18:11:33,621| HBQ-In: 23.10 18:11:33,621| DQ-In: 23.10 18:11:34,422| C-In: 23.10 18:11:34,817|
lab29-16-<0.4681.0>-T3: Msg #2395, C-Out: 23.10 18:11:33,630| HBQ-In: 23.10 18:11:33,630| DQ-In: 23.10 18:11:34,422| C-In: 23.10 18:11:34,818|
lab29-1-<0.5818.0>-T3: Msg #2396, C-Out: 23.10 18:11:33,635| HBQ-In: 23.10 18:11:33,636| DQ-In: 23.10 18:11:34,422| C-In: 23.10 18:11:34,819|
lab29-26-<0.3898.0>-T3: Msg #2397, C-Out: 23.10 18:11:34,152| HBQ-In: 23.10 18:11:34,153| DQ-In: 23.10 18:11:34,422| C-In: 23.10 18:11:34,820|
Fehlernachricht fuer Luecke von 2398 bis 2398 C-In: 23.10 18:11:34,821|
lab29-41-<0.2632.0>-T3: Msg #2399, C-Out: 23.10 18:11:34,169| HBQ-In: 23.10 18:11:34,169| DQ-In: 23.10 18:11:34,530| C-In: 23.10 18:11:34,821|
Fehlernachricht fuer Luecke von 2400 bis 2400 C-In: 23.10 18:11:34,822|
lab29-48-<0.2035.0>-T3: Msg #2401, C-Out: 23.10 18:11:34,209| HBQ-In: 23.10 18:11:34,209| DQ-In: 23.10 18:11:34,533| C-In: 23.10 18:11:34,822|
Fehlernachricht fuer Luecke von 2402 bis 2408 C-In: 23.10 18:11:34,822|
lab29-33-<0.3306.0>-T3: Msg #2409, C-Out: 23.10 18:11:34,254| HBQ-In: 23.10 18:11:34,254| DQ-In: 23.10 18:11:34,616| C-In: 23.10 18:11:34,823|
Fehlernachricht fuer Luecke von 2410 bis 2411 C-In: 23.10 18:11:34,824|
lab29-15-<0.4762.0>-T3: Msg #2412, C-Out: 23.10 18:11:33,809| HBQ-In: 23.10 18:11:33,809| DQ-In: 23.10 18:11:34,621|******* C-In: 23.10 18:11:34,824|
lab29-20-<0.4365.0>-T3: Msg #2413, C-Out: 23.10 18:11:33,811| HBQ-In: 23.10 18:11:33,812| DQ-In: 23.10 18:11:34,621| C-In: 23.10 18:11:34,827|
lab29-55-<0.1513.0>-T3: Msg #2414, C-Out: 23.10 18:11:34,317| HBQ-In: 23.10 18:11:34,317| DQ-In: 23.10 18:11:34,621| C-In: 23.10 18:11:34,827|
Fehlernachricht fuer Luecke von 2415 bis 2416 C-In: 23.10 18:11:34,828|
lab29-5-<0.5513.0>-T3: Msg #2417, C-Out: 23.10 18:11:33,826| HBQ-In: 23.10 18:11:33,827| DQ-In: 23.10 18:11:34,633| C-In: 23.10 18:11:34,828|
lab29-40-<0.2707.0>-T3: Msg #2418, C-Out: 23.10 18:11:34,329| HBQ-In: 23.10 18:11:34,329| DQ-In: 23.10 18:11:34,633| C-In: 23.10 18:11:34,828|
lab29-10-<0.5112.0>-T3: Msg #2419, C-Out: 23.10 18:11:33,836| HBQ-In: 23.10 18:11:33,836| DQ-In: 23.10 18:11:34,633| C-In: 23.10 18:11:34,829|
lab29-25-<0.3973.0>-T3: Msg #2420, C-Out: 23.10 18:11:34,375| HBQ-In: 23.10 18:11:34,375| DQ-In: 23.10 18:11:34,633| C-In: 23.10 18:11:34,830|
lab29-32-<0.3394.0>-T3: Msg #2421, C-Out: 23.10 18:11:34,424| HBQ-In: 23.10 18:11:34,424| DQ-In: 23.10 18:11:34,633| C-In: 23.10 18:11:34,832|
lab29-47-<0.2127.0>-T3: Msg #2422, C-Out: 23.10 18:11:34,429| HBQ-In: 23.10 18:11:34,429| DQ-In: 23.10 18:11:34,633| C-In: 23.10 18:11:34,832|
Fehlernachricht fuer Luecke von 2423 bis 2428 C-In: 23.10 18:11:34,833|
lab29-4-<0.5587.0>-T3: Msg #2429, C-Out: 23.10 18:11:34,008| HBQ-In: 23.10 18:11:34,008| DQ-In: 23.10 18:11:34,753| C-In: 23.10 18:11:34,833|
lab29-24-<0.4051.0>-T3: Msg #2430, C-Out: 23.10 18:11:34,513| HBQ-In: 23.10 18:11:34,513| DQ-In: 23.10 18:11:34,753| C-In: 23.10 18:11:34,836|
lab29-19-<0.4442.0>-T3: Msg #2431, C-Out: 23.10 18:11:34,022| HBQ-In: 23.10 18:11:34,023| DQ-In: 23.10 18:11:34,753| C-In: 23.10 18:11:34,836|
lab29-9-<0.5191.0>-T3: Msg #2432, C-Out: 23.10 18:11:34,022| HBQ-In: 23.10 18:11:34,023| DQ-In: 23.10 18:11:34,753| C-In: 23.10 18:11:34,837|
lab29-14-<0.4846.0>-T3: Msg #2433, C-Out: 23.10 18:11:34,023| HBQ-In: 23.10 18:11:34,023| DQ-In: 23.10 18:11:34,753| C-In: 23.10 18:11:34,837|
lab29-54-<0.1586.0>-T3: Msg #2434, C-Out: 23.10 18:11:34,530| HBQ-In: 23.10 18:11:34,530| DQ-In: 23.10 18:11:34,753| C-In: 23.10 18:11:34,837|
lab29-39-<0.2795.0>-T3: Msg #2435, C-Out: 23.10 18:11:34,532| HBQ-In: 23.10 18:11:34,533| DQ-In: 23.10 18:11:34,753| C-In: 23.10 18:11:34,837|
lab29-46-<0.2213.0>-T3: Msg #2436, C-Out: 23.10 18:11:34,621| HBQ-In: 23.10 18:11:34,621| DQ-In: 23.10 18:11:34,753| C-In: 23.10 18:11:34,838|
lab29-31-<0.3480.0>-T3: Msg #2437, C-Out: 23.10 18:11:34,625| HBQ-In: 23.10 18:11:34,625| DQ-In: 23.10 18:11:34,753| C-In: 23.10 18:11:34,838|
Fehlernachricht fuer Luecke von 2438 bis 2442 C-In: 23.10 18:11:34,839|
lab29-53-<0.1650.0>-T3: Msg #2443, C-Out: 23.10 18:11:34,709| HBQ-In: 23.10 18:11:34,709| DQ-In: 23.10 18:11:34,767| C-In: 23.10 18:11:34,839|
lab29-8-<0.5273.0>-T3: Msg #2444, C-Out: 23.10 18:11:34,209| HBQ-In: 23.10 18:11:34,209| DQ-In: 23.10 18:11:34,767| C-In: 23.10 18:11:34,840|
lab29-18-<0.4519.0>-T3: Msg #2445, C-Out: 23.10 18:11:34,220| HBQ-In: 23.10 18:11:34,220| DQ-In: 23.10 18:11:34,767| C-In: 23.10 18:11:34,841|
Fehlernachricht fuer Luecke von 2446 bis 2446 C-In: 23.10 18:11:34,841|
lab29-3-<0.5663.0>-T3: Msg #2447, C-Out: 23.10 18:11:34,226| HBQ-In: 23.10 18:11:34,227| DQ-In: 23.10 18:11:34,778| C-In: 23.10 18:11:34,843|
lab29-23-<0.4130.0>-T3: Msg #2448, C-Out: 23.10 18:11:34,751| HBQ-In: 23.10 18:11:34,753| DQ-In: 23.10 18:11:34,778| C-In: 23.10 18:11:34,844|
lab29-13-<0.4921.0>-T3: Msg #2449, C-Out: 23.10 18:11:34,260| HBQ-In: 23.10 18:11:34,260| DQ-In: 23.10 18:11:34,778| C-In: 23.10 18:11:34,844|
lab29-38-<0.2880.0>-T3: Msg #2450, C-Out: 23.10 18:11:34,765| HBQ-In: 23.10 18:11:34,765| DQ-In: 23.10 18:11:34,778| C-In: 23.10 18:11:34,847|
Fehlernachricht fuer Luecke von 2451 bis 2456 C-In: 23.10 18:11:34,848|
lab29-7-<0.5358.0>-T3: Msg #2457, C-Out: 23.10 18:11:34,422| HBQ-In: 23.10 18:11:34,422| DQ-In: 23.10 18:11:34,782| C-In: 23.10 18:11:34,848|
Fehlernachricht fuer Luecke von 2458 bis 2458 C-In: 23.10 18:11:34,849|
lab29-2-<0.5741.0>-T3: Msg #2459, C-Out: 23.10 18:11:34,435| HBQ-In: 23.10 18:11:34,435| DQ-In: 23.10 18:11:34,786| C-In: 23.10 18:11:34,884|
lab29-12-<0.4991.0>-T3: Msg #2460, C-Out: 23.10 18:11:34,436| HBQ-In: 23.10 18:11:34,436| DQ-In: 23.10 18:11:34,786| C-In: 23.10 18:11:34,888|
lab29-17-<0.4601.0>-T3: Msg #2461, C-Out: 23.10 18:11:34,436| HBQ-In: 23.10 18:11:34,436| DQ-In: 23.10 18:11:34,786| C-In: 23.10 18:11:34,889|
Fehlernachricht fuer Luecke von 2462 bis 2471 C-In: 23.10 18:11:34,891|
lab29-6-<0.5440.0>-T3: Msg #2472, C-Out: 23.10 18:11:34,616| HBQ-In: 23.10 18:11:34,616| DQ-In: 23.10 18:11:34,828| C-In: 23.10 18:11:34,892|
Fehlernachricht fuer Luecke von 2473 bis 2473 C-In: 23.10 18:11:34,892|
lab29-11-<0.5067.0>-T3: Msg #2474, C-Out: 23.10 18:11:34,622| HBQ-In: 23.10 18:11:34,622| DQ-In: 23.10 18:11:34,838| C-In: 23.10 18:11:34,895|
ReceiveMsgs done
lab29-15-<0.4762.0>-T3: Msg #2590, C-Out: 23.10 18:11:36,396| gesendet
lab29-15-<0.4762.0>-T3: Msg #2692, C-Out: 23.10 18:11:37,898| gesendet
lab29-15-<0.4762.0>-T3: Msg #2800, C-Out: 23.10 18:11:39,399| gesendet
