lab29-53-<0.1650.0>-T3 C-Start: 23.10 18:11:17,102|
lab29-53-<0.1650.0>-T3: Msg #1016, C-Out: 23.10 18:11:18,103| gesendet
lab29-53-<0.1650.0>-T3: Msg #1074, C-Out: 23.10 18:11:19,104| gesendet
lab29-53-<0.1650.0>-T3: Msg #1163, C-Out: 23.10 18:11:20,106| gesendet
lab29-53-<0.1650.0>-T3: Msg #1231, C-Out: 23.10 18:11:21,107| gesendet
lab29-53-<0.1650.0>-T3: Msg #1308, C-Out: 23.10 18:11:22,109| gesendet
Neues Intervall: 1 Sekunden
Msg #1382 um 23.10 18:11:22,111| vergessen zu senden
Fehlernachricht fuer Luecke von 1219 bis 1219 C-In: 23.10 18:11:22,111|
lab29-49-<0.1950.0>-T3: Msg #1220, C-Out: 23.10 18:11:20,910| HBQ-In: 23.10 18:11:20,910| DQ-In: 23.10 18:11:21,346| C-In: 23.10 18:11:22,112|
lab29-44-<0.2376.0>-T3: Msg #1221, C-Out: 23.10 18:11:20,915| HBQ-In: 23.10 18:11:20,915| DQ-In: 23.10 18:11:21,346| C-In: 23.10 18:11:22,112|
lab29-39-<0.2795.0>-T3: Msg #1222, C-Out: 23.10 18:11:20,921| HBQ-In: 23.10 18:11:20,923| DQ-In: 23.10 18:11:21,346| C-In: 23.10 18:11:22,113|
lab29-64-<0.899.0>-T3: Msg #1223, C-Out: 23.10 18:11:20,927| HBQ-In: 23.10 18:11:20,928| DQ-In: 23.10 18:11:21,346| C-In: 23.10 18:11:22,113|
lab29-69-<0.583.0>-T3: Msg #1224, C-Out: 23.10 18:11:20,931| HBQ-In: 23.10 18:11:20,931| DQ-In: 23.10 18:11:21,346| C-In: 23.10 18:11:22,113|
lab29-89-<0.113.0>-T3: Msg #1225, C-Out: 23.10 18:11:21,431| HBQ-In: 23.10 18:11:21,431| DQ-In: 23.10 18:11:21,431| C-In: 23.10 18:11:22,114|
lab29-79-<0.173.0>-T3: Msg #1226, C-Out: 23.10 18:11:20,960| HBQ-In: 23.10 18:11:20,960| DQ-In: 23.10 18:11:21,431| C-In: 23.10 18:11:22,114|
lab29-74-<0.266.0>-T3: Msg #1227, C-Out: 23.10 18:11:20,967| HBQ-In: 23.10 18:11:20,968| DQ-In: 23.10 18:11:21,431| C-In: 23.10 18:11:22,114|
lab29-97-<0.81.0>-T3: Msg #1228, C-Out: 23.10 18:11:21,500| HBQ-In: 23.10 18:11:21,501| DQ-In: 23.10 18:11:21,501| C-In: 23.10 18:11:22,115|
Fehlernachricht fuer Luecke von 1229 bis 1229 C-In: 23.10 18:11:22,115|
lab29-58-<0.1296.0>-T3: Msg #1230, C-Out: 23.10 18:11:21,104| HBQ-In: 23.10 18:11:21,104| DQ-In: 23.10 18:11:21,527| C-In: 23.10 18:11:22,115|
lab29-53-<0.1650.0>-T3: Msg #1231, C-Out: 23.10 18:11:21,107| HBQ-In: 23.10 18:11:21,107| DQ-In: 23.10 18:11:21,527|******* C-In: 23.10 18:11:22,116|
lab29-48-<0.2035.0>-T3: Msg #1232, C-Out: 23.10 18:11:21,119| HBQ-In: 23.10 18:11:21,121| DQ-In: 23.10 18:11:21,527| C-In: 23.10 18:11:22,118|
lab29-43-<0.2458.0>-T3: Msg #1233, C-Out: 23.10 18:11:21,119| HBQ-In: 23.10 18:11:21,121| DQ-In: 23.10 18:11:21,527| C-In: 23.10 18:11:22,118|
lab29-83-<0.147.0>-T3: Msg #1234, C-Out: 23.10 18:11:21,120| HBQ-In: 23.10 18:11:21,121| DQ-In: 23.10 18:11:21,527| C-In: 23.10 18:11:22,120|
lab29-78-<0.180.0>-T3: Msg #1235, C-Out: 23.10 18:11:21,123| HBQ-In: 23.10 18:11:21,125| DQ-In: 23.10 18:11:21,527| C-In: 23.10 18:11:22,123|
lab29-38-<0.2880.0>-T3: Msg #1236, C-Out: 23.10 18:11:21,128| HBQ-In: 23.10 18:11:21,130| DQ-In: 23.10 18:11:21,527| C-In: 23.10 18:11:22,123|
Fehlernachricht fuer Luecke von 1237 bis 1237 C-In: 23.10 18:11:22,123|
lab29-73-<0.332.0>-T3: Msg #1238, C-Out: 23.10 18:11:21,128| HBQ-In: 23.10 18:11:21,130| DQ-In: 23.10 18:11:21,710| C-In: 23.10 18:11:22,124|
lab29-96-<0.84.0>-T3: Msg #1239, C-Out: 23.10 18:11:21,628| HBQ-In: 23.10 18:11:21,630| DQ-In: 23.10 18:11:21,710| C-In: 23.10 18:11:22,124|
lab29-68-<0.633.0>-T3: Msg #1240, C-Out: 23.10 18:11:21,135| HBQ-In: 23.10 18:11:21,135| DQ-In: 23.10 18:11:21,710| C-In: 23.10 18:11:22,124|
lab29-63-<0.983.0>-T3: Msg #1241, C-Out: 23.10 18:11:21,147| HBQ-In: 23.10 18:11:21,147| DQ-In: 23.10 18:11:21,710| C-In: 23.10 18:11:22,125|
lab29-88-<0.118.0>-T3: Msg #1242, C-Out: 23.10 18:11:21,659| HBQ-In: 23.10 18:11:21,660| DQ-In: 23.10 18:11:21,710| C-In: 23.10 18:11:22,125|
Fehlernachricht fuer Luecke von 1243 bis 1243 C-In: 23.10 18:11:22,125|
lab29-57-<0.1365.0>-T3: Msg #1244, C-Out: 23.10 18:11:21,306| HBQ-In: 23.10 18:11:21,307| DQ-In: 23.10 18:11:21,725| C-In: 23.10 18:11:22,126|
Fehlernachricht fuer Luecke von 1245 bis 1245 C-In: 23.10 18:11:22,126|
lab29-82-<0.153.0>-T3: Msg #1246, C-Out: 23.10 18:11:21,320| HBQ-In: 23.10 18:11:21,322| DQ-In: 23.10 18:11:21,725| C-In: 23.10 18:11:22,128|
lab29-52-<0.1713.0>-T3: Msg #1247, C-Out: 23.10 18:11:21,320| HBQ-In: 23.10 18:11:21,321| DQ-In: 23.10 18:11:21,725| C-In: 23.10 18:11:22,129|
lab29-47-<0.2127.0>-T3: Msg #1248, C-Out: 23.10 18:11:21,320| HBQ-In: 23.10 18:11:21,321| DQ-In: 23.10 18:11:21,725| C-In: 23.10 18:11:22,129|
lab29-42-<0.2545.0>-T3: Msg #1249, C-Out: 23.10 18:11:21,325| HBQ-In: 23.10 18:11:21,325| DQ-In: 23.10 18:11:21,725| C-In: 23.10 18:11:22,129|
lab29-37-<0.2967.0>-T3: Msg #1250, C-Out: 23.10 18:11:21,325| HBQ-In: 23.10 18:11:21,325| DQ-In: 23.10 18:11:21,725| C-In: 23.10 18:11:22,130|
lab29-72-<0.396.0>-T3: Msg #1251, C-Out: 23.10 18:11:21,331| HBQ-In: 23.10 18:11:21,331| DQ-In: 23.10 18:11:21,725| C-In: 23.10 18:11:22,130|
lab29-95-<0.87.0>-T3: Msg #1252, C-Out: 23.10 18:11:21,834| HBQ-In: 23.10 18:11:21,834| DQ-In: 23.10 18:11:21,834| C-In: 23.10 18:11:22,130|
lab29-67-<0.708.0>-T3: Msg #1253, C-Out: 23.10 18:11:21,342| HBQ-In: 23.10 18:11:21,342| DQ-In: 23.10 18:11:21,834| C-In: 23.10 18:11:22,130|
lab29-62-<0.1043.0>-T3: Msg #1254, C-Out: 23.10 18:11:21,346| HBQ-In: 23.10 18:11:21,346| DQ-In: 23.10 18:11:21,834| C-In: 23.10 18:11:22,131|
lab29-87-<0.123.0>-T3: Msg #1255, C-Out: 23.10 18:11:21,865| HBQ-In: 23.10 18:11:21,865| DQ-In: 23.10 18:11:21,865| C-In: 23.10 18:11:22,133|
lab29-77-<0.187.0>-T3: Msg #1256, C-Out: 23.10 18:11:21,385| HBQ-In: 23.10 18:11:21,385| DQ-In: 23.10 18:11:21,865| C-In: 23.10 18:11:22,133|
Fehlernachricht fuer Luecke von 1257 bis 1257 C-In: 23.10 18:11:22,134|
lab29-56-<0.1439.0>-T3: Msg #1258, C-Out: 23.10 18:11:21,509| HBQ-In: 23.10 18:11:21,509| DQ-In: 23.10 18:11:21,930| C-In: 23.10 18:11:22,134|
lab29-81-<0.159.0>-T3: Msg #1259, C-Out: 23.10 18:11:21,514| HBQ-In: 23.10 18:11:21,515| DQ-In: 23.10 18:11:21,930| C-In: 23.10 18:11:22,134|
lab29-51-<0.1789.0>-T3: Msg #1260, C-Out: 23.10 18:11:21,514| HBQ-In: 23.10 18:11:21,515| DQ-In: 23.10 18:11:21,930| C-In: 23.10 18:11:22,135|
lab29-46-<0.2213.0>-T3: Msg #1261, C-Out: 23.10 18:11:21,514| HBQ-In: 23.10 18:11:21,515| DQ-In: 23.10 18:11:21,930| C-In: 23.10 18:11:22,135|
lab29-41-<0.2632.0>-T3: Msg #1262, C-Out: 23.10 18:11:21,524| HBQ-In: 23.10 18:11:21,524| DQ-In: 23.10 18:11:21,930| C-In: 23.10 18:11:22,135|
Fehlernachricht fuer Luecke von 1263 bis 1263 C-In: 23.10 18:11:22,136|
lab29-36-<0.3048.0>-T3: Msg #1264, C-Out: 23.10 18:11:21,525| HBQ-In: 23.10 18:11:21,526| DQ-In: 23.10 18:11:22,039| C-In: 23.10 18:11:22,136|
Fehlernachricht fuer Luecke von 1265 bis 1268 C-In: 23.10 18:11:22,136|
lab29-94-<0.91.0>-T3: Msg #1269, C-Out: 23.10 18:11:22,039| HBQ-In: 23.10 18:11:22,039| DQ-In: 23.10 18:11:22,107| C-In: 23.10 18:11:22,136|
lab29-66-<0.743.0>-T3: Msg #1270, C-Out: 23.10 18:11:21,539| HBQ-In: 23.10 18:11:21,539| DQ-In: 23.10 18:11:22,108| C-In: 23.10 18:11:22,137|
lab29-61-<0.1100.0>-T3: Msg #1271, C-Out: 23.10 18:11:21,557| HBQ-In: 23.10 18:11:21,569| DQ-In: 23.10 18:11:22,108| C-In: 23.10 18:11:22,137|
Fehlernachricht fuer Luecke von 1272 bis 1272 C-In: 23.10 18:11:22,137|
lab29-76-<0.194.0>-T3: Msg #1273, C-Out: 23.10 18:11:21,590| HBQ-In: 23.10 18:11:21,590| DQ-In: 23.10 18:11:22,123| C-In: 23.10 18:11:22,138|
lab29-86-<0.129.0>-T3: Msg #1274, C-Out: 23.10 18:11:22,107| HBQ-In: 23.10 18:11:22,107| DQ-In: 23.10 18:11:22,123| C-In: 23.10 18:11:22,138|
lab29-71-<0.461.0>-T3: Msg #1275, C-Out: 23.10 18:11:21,611| HBQ-In: 23.10 18:11:21,613| DQ-In: 23.10 18:11:22,123| C-In: 23.10 18:11:22,138|
Fehlernachricht fuer Luecke von 1276 bis 1278 C-In: 23.10 18:11:22,138|
lab29-50-<0.1864.0>-T3: Msg #1279, C-Out: 23.10 18:11:21,709| HBQ-In: 23.10 18:11:21,710| DQ-In: 23.10 18:11:22,131| C-In: 23.10 18:11:22,140|
lab29-55-<0.1513.0>-T3: Msg #1280, C-Out: 23.10 18:11:21,709| HBQ-In: 23.10 18:11:21,710| DQ-In: 23.10 18:11:22,131| C-In: 23.10 18:11:22,142|
lab29-45-<0.2293.0>-T3: Msg #1281, C-Out: 23.10 18:11:21,715| HBQ-In: 23.10 18:11:21,717| DQ-In: 23.10 18:11:22,131| C-In: 23.10 18:11:22,143|
lab29-70-<0.519.0>-T3: Msg #1282, C-Out: 23.10 18:11:21,715| HBQ-In: 23.10 18:11:21,717| DQ-In: 23.10 18:11:22,131| C-In: 23.10 18:11:22,143|
lab29-40-<0.2707.0>-T3: Msg #1283, C-Out: 23.10 18:11:21,721| HBQ-In: 23.10 18:11:21,721| DQ-In: 23.10 18:11:22,131| C-In: 23.10 18:11:22,143|
lab29-65-<0.819.0>-T3: Msg #1284, C-Out: 23.10 18:11:21,725| HBQ-In: 23.10 18:11:21,725| DQ-In: 23.10 18:11:22,131| C-In: 23.10 18:11:22,143|
lab29-35-<0.3134.0>-T3: Msg #1285, C-Out: 23.10 18:11:21,725| HBQ-In: 23.10 18:11:21,725| DQ-In: 23.10 18:11:22,131| C-In: 23.10 18:11:22,144|
lab29-60-<0.1170.0>-T3: Msg #1286, C-Out: 23.10 18:11:21,739| HBQ-In: 23.10 18:11:21,739| DQ-In: 23.10 18:11:22,131| C-In: 23.10 18:11:22,144|
ReceiveMsgs done
lab29-53-<0.1650.0>-T3: Msg #1391, C-Out: 23.10 18:11:23,145| gesendet
lab29-53-<0.1650.0>-T3: Msg #1495, C-Out: 23.10 18:11:24,146| gesendet
lab29-53-<0.1650.0>-T3: Msg #1576, C-Out: 23.10 18:11:25,149| gesendet
lab29-53-<0.1650.0>-T3: Msg #1662, C-Out: 23.10 18:11:26,150| gesendet
lab29-53-<0.1650.0>-T3: Msg #1757, C-Out: 23.10 18:11:27,151| gesendet
Neues Intervall: 1.5 Sekunden
Msg #1877 um 23.10 18:11:27,152| vergessen zu senden
lab29-27-<0.3815.0>-T3: Msg #1678, C-Out: 23.10 18:11:26,344| HBQ-In: 23.10 18:11:26,344| DQ-In: 23.10 18:11:26,635| C-In: 23.10 18:11:27,152|
lab29-22-<0.4210.0>-T3: Msg #1679, C-Out: 23.10 18:11:26,344| HBQ-In: 23.10 18:11:26,344| DQ-In: 23.10 18:11:26,635| C-In: 23.10 18:11:27,153|
lab29-17-<0.4601.0>-T3: Msg #1680, C-Out: 23.10 18:11:26,348| HBQ-In: 23.10 18:11:26,348| DQ-In: 23.10 18:11:26,635| C-In: 23.10 18:11:27,153|
lab29-12-<0.4991.0>-T3: Msg #1681, C-Out: 23.10 18:11:26,352| HBQ-In: 23.10 18:11:26,352| DQ-In: 23.10 18:11:26,635| C-In: 23.10 18:11:27,153|
Fehlernachricht fuer Luecke von 1682 bis 1682 C-In: 23.10 18:11:27,156|
lab29-47-<0.2127.0>-T3: Msg #1683, C-Out: 23.10 18:11:26,379| HBQ-In: 23.10 18:11:26,379| DQ-In: 23.10 18:11:26,641| C-In: 23.10 18:11:27,158|
lab29-42-<0.2545.0>-T3: Msg #1684, C-Out: 23.10 18:11:26,379| HBQ-In: 23.10 18:11:26,379| DQ-In: 23.10 18:11:26,641| C-In: 23.10 18:11:27,161|
lab29-57-<0.1365.0>-T3: Msg #1686, C-Out: 23.10 18:11:26,385| HBQ-In: 23.10 18:11:26,385| DQ-In: 23.10 18:11:26,641| C-In: 23.10 18:11:27,162|
lab29-37-<0.2967.0>-T3: Msg #1687, C-Out: 23.10 18:11:26,386| HBQ-In: 23.10 18:11:26,386| DQ-In: 23.10 18:11:26,641| C-In: 23.10 18:11:27,162|
Fehlernachricht fuer Luecke von 1688 bis 1695 C-In: 23.10 18:11:27,163|
lab29-31-<0.3480.0>-T3: Msg #1696, C-Out: 23.10 18:11:26,534| HBQ-In: 23.10 18:11:26,534| DQ-In: 23.10 18:11:26,644| C-In: 23.10 18:11:27,163|
Fehlernachricht fuer Luecke von 1697 bis 1697 C-In: 23.10 18:11:27,164|
lab29-26-<0.3898.0>-T3: Msg #1698, C-Out: 23.10 18:11:26,544| HBQ-In: 23.10 18:11:26,544| DQ-In: 23.10 18:11:26,644| C-In: 23.10 18:11:27,164|
Fehlernachricht fuer Luecke von 1699 bis 1699 C-In: 23.10 18:11:27,166|
lab29-16-<0.4681.0>-T3: Msg #1700, C-Out: 23.10 18:11:26,551| HBQ-In: 23.10 18:11:26,551| DQ-In: 23.10 18:11:26,644| C-In: 23.10 18:11:27,170|
lab29-56-<0.1439.0>-T3: Msg #1701, C-Out: 23.10 18:11:26,551| HBQ-In: 23.10 18:11:26,551| DQ-In: 23.10 18:11:26,644| C-In: 23.10 18:11:27,170|
lab29-21-<0.4291.0>-T3: Msg #1702, C-Out: 23.10 18:11:26,551| HBQ-In: 23.10 18:11:26,551| DQ-In: 23.10 18:11:26,644| C-In: 23.10 18:11:27,171|
lab29-46-<0.2213.0>-T3: Msg #1703, C-Out: 23.10 18:11:26,555| HBQ-In: 23.10 18:11:26,555| DQ-In: 23.10 18:11:26,644| C-In: 23.10 18:11:27,173|
lab29-11-<0.5067.0>-T3: Msg #1704, C-Out: 23.10 18:11:26,555| HBQ-In: 23.10 18:11:26,555| DQ-In: 23.10 18:11:26,644| C-In: 23.10 18:11:27,176|
lab29-51-<0.1789.0>-T3: Msg #1705, C-Out: 23.10 18:11:26,575| HBQ-In: 23.10 18:11:26,575| DQ-In: 23.10 18:11:26,645| C-In: 23.10 18:11:27,177|
lab29-36-<0.3048.0>-T3: Msg #1706, C-Out: 23.10 18:11:26,578| HBQ-In: 23.10 18:11:26,579| DQ-In: 23.10 18:11:26,645| C-In: 23.10 18:11:27,177|
Fehlernachricht fuer Luecke von 1707 bis 1707 C-In: 23.10 18:11:27,179|
lab29-41-<0.2632.0>-T3: Msg #1708, C-Out: 23.10 18:11:26,600| HBQ-In: 23.10 18:11:26,600| DQ-In: 23.10 18:11:26,752| C-In: 23.10 18:11:27,179|
Fehlernachricht fuer Luecke von 1709 bis 1715 C-In: 23.10 18:11:27,180|
lab29-30-<0.3559.0>-T3: Msg #1716, C-Out: 23.10 18:11:26,743| HBQ-In: 23.10 18:11:26,744| DQ-In: 23.10 18:11:26,755| C-In: 23.10 18:11:27,180|
Fehlernachricht fuer Luecke von 1717 bis 1717 C-In: 23.10 18:11:27,180|
lab29-20-<0.4365.0>-T3: Msg #1718, C-Out: 23.10 18:11:26,749| HBQ-In: 23.10 18:11:26,749| DQ-In: 23.10 18:11:26,764| C-In: 23.10 18:11:27,181|
lab29-25-<0.3973.0>-T3: Msg #1719, C-Out: 23.10 18:11:26,749| HBQ-In: 23.10 18:11:26,749| DQ-In: 23.10 18:11:26,764| C-In: 23.10 18:11:27,181|
lab29-35-<0.3134.0>-T3: Msg #1720, C-Out: 23.10 18:11:26,750| HBQ-In: 23.10 18:11:26,750| DQ-In: 23.10 18:11:26,764| C-In: 23.10 18:11:27,181|
Fehlernachricht fuer Luecke von 1721 bis 1721 C-In: 23.10 18:11:27,182|
lab29-15-<0.4762.0>-T3: Msg #1722, C-Out: 23.10 18:11:26,751| HBQ-In: 23.10 18:11:26,752| DQ-In: 23.10 18:11:26,810| C-In: 23.10 18:11:27,182|
lab29-10-<0.5112.0>-T3: Msg #1723, C-Out: 23.10 18:11:26,754| HBQ-In: 23.10 18:11:26,755| DQ-In: 23.10 18:11:26,810| C-In: 23.10 18:11:27,182|
lab29-40-<0.2707.0>-T3: Msg #1724, C-Out: 23.10 18:11:26,762| HBQ-In: 23.10 18:11:26,764| DQ-In: 23.10 18:11:26,810| C-In: 23.10 18:11:27,183|
lab29-45-<0.2293.0>-T3: Msg #1725, C-Out: 23.10 18:11:26,771| HBQ-In: 23.10 18:11:26,771| DQ-In: 23.10 18:11:26,810| C-In: 23.10 18:11:27,183|
lab29-55-<0.1513.0>-T3: Msg #1726, C-Out: 23.10 18:11:26,772| HBQ-In: 23.10 18:11:26,772| DQ-In: 23.10 18:11:26,810| C-In: 23.10 18:11:27,184|
Fehlernachricht fuer Luecke von 1727 bis 1727 C-In: 23.10 18:11:27,184|
lab29-50-<0.1864.0>-T3: Msg #1728, C-Out: 23.10 18:11:26,809| HBQ-In: 23.10 18:11:26,810| DQ-In: 23.10 18:11:26,957| C-In: 23.10 18:11:27,184|
Fehlernachricht fuer Luecke von 1729 bis 1734 C-In: 23.10 18:11:27,185|
lab29-24-<0.4051.0>-T3: Msg #1735, C-Out: 23.10 18:11:26,946| HBQ-In: 23.10 18:11:26,946| DQ-In: 23.10 18:11:26,963| C-In: 23.10 18:11:27,185|
lab29-29-<0.3641.0>-T3: Msg #1736, C-Out: 23.10 18:11:26,946| HBQ-In: 23.10 18:11:26,946| DQ-In: 23.10 18:11:26,963| C-In: 23.10 18:11:27,185|
Fehlernachricht fuer Luecke von 1737 bis 1737 C-In: 23.10 18:11:27,186|
lab29-19-<0.4442.0>-T3: Msg #1738, C-Out: 23.10 18:11:26,949| HBQ-In: 23.10 18:11:26,950| DQ-In: 23.10 18:11:26,969| C-In: 23.10 18:11:27,189|
lab29-14-<0.4846.0>-T3: Msg #1739, C-Out: 23.10 18:11:26,951| HBQ-In: 23.10 18:11:26,952| DQ-In: 23.10 18:11:26,969| C-In: 23.10 18:11:27,189|
lab29-9-<0.5191.0>-T3: Msg #1740, C-Out: 23.10 18:11:26,957| HBQ-In: 23.10 18:11:26,957| DQ-In: 23.10 18:11:26,969| C-In: 23.10 18:11:27,190|
lab29-39-<0.2795.0>-T3: Msg #1741, C-Out: 23.10 18:11:26,962| HBQ-In: 23.10 18:11:26,963| DQ-In: 23.10 18:11:26,969| C-In: 23.10 18:11:27,192|
lab29-49-<0.1950.0>-T3: Msg #1742, C-Out: 23.10 18:11:26,962| HBQ-In: 23.10 18:11:26,963| DQ-In: 23.10 18:11:26,969| C-In: 23.10 18:11:27,195|
lab29-44-<0.2376.0>-T3: Msg #1743, C-Out: 23.10 18:11:26,969| HBQ-In: 23.10 18:11:26,969| DQ-In: 23.10 18:11:26,969| C-In: 23.10 18:11:27,195|
lab29-54-<0.1586.0>-T3: Msg #1744, C-Out: 23.10 18:11:26,972| HBQ-In: 23.10 18:11:26,972| DQ-In: 23.10 18:11:26,972| C-In: 23.10 18:11:27,195|
lab29-34-<0.3220.0>-T3: Msg #1745, C-Out: 23.10 18:11:26,977| HBQ-In: 23.10 18:11:26,977| DQ-In: 23.10 18:11:26,977| C-In: 23.10 18:11:27,196|
Fehlernachricht fuer Luecke von 1746 bis 1753 C-In: 23.10 18:11:27,196|
lab29-28-<0.3729.0>-T3: Msg #1754, C-Out: 23.10 18:11:27,142| HBQ-In: 23.10 18:11:27,142| DQ-In: 23.10 18:11:27,159| C-In: 23.10 18:11:27,196|
lab29-23-<0.4130.0>-T3: Msg #1755, C-Out: 23.10 18:11:27,148| HBQ-In: 23.10 18:11:27,148| DQ-In: 23.10 18:11:27,159| C-In: 23.10 18:11:27,196|
lab29-18-<0.4519.0>-T3: Msg #1756, C-Out: 23.10 18:11:27,151| HBQ-In: 23.10 18:11:27,152| DQ-In: 23.10 18:11:27,159| C-In: 23.10 18:11:27,197|
lab29-53-<0.1650.0>-T3: Msg #1757, C-Out: 23.10 18:11:27,151| HBQ-In: 23.10 18:11:27,152| DQ-In: 23.10 18:11:27,159|******* C-In: 23.10 18:11:27,197|
lab29-13-<0.4921.0>-T3: Msg #1758, C-Out: 23.10 18:11:27,156| HBQ-In: 23.10 18:11:27,157| DQ-In: 23.10 18:11:27,159| C-In: 23.10 18:11:27,197|
lab29-8-<0.5273.0>-T3: Msg #1759, C-Out: 23.10 18:11:27,158| HBQ-In: 23.10 18:11:27,159| DQ-In: 23.10 18:11:27,159| C-In: 23.10 18:11:27,198|
lab29-48-<0.2035.0>-T3: Msg #1760, C-Out: 23.10 18:11:27,161| HBQ-In: 23.10 18:11:27,162| DQ-In: 23.10 18:11:27,162| C-In: 23.10 18:11:27,198|
ReceiveMsgs done
lab29-53-<0.1650.0>-T3: Msg #1887, C-Out: 23.10 18:11:28,699| gesendet
lab29-53-<0.1650.0>-T3: Msg #2029, C-Out: 23.10 18:11:30,200| gesendet
lab29-53-<0.1650.0>-T3: Msg #2164, C-Out: 23.10 18:11:31,704| gesendet
lab29-53-<0.1650.0>-T3: Msg #2318, C-Out: 23.10 18:11:33,208| gesendet
lab29-53-<0.1650.0>-T3: Msg #2443, C-Out: 23.10 18:11:34,709| gesendet
Neues Intervall: 2.25 Sekunden
Msg #2553 um 23.10 18:11:34,710| vergessen zu senden
lab29-18-<0.4519.0>-T3: Msg #2360, C-Out: 23.10 18:11:33,216| HBQ-In: 23.10 18:11:33,217| DQ-In: 23.10 18:11:34,010| C-In: 23.10 18:11:34,710|
Fehlernachricht fuer Luecke von 2361 bis 2361 C-In: 23.10 18:11:34,711|
lab29-3-<0.5663.0>-T3: Msg #2362, C-Out: 23.10 18:11:33,225| HBQ-In: 23.10 18:11:33,225| DQ-In: 23.10 18:11:34,023| C-In: 23.10 18:11:34,713|
lab29-43-<0.2458.0>-T3: Msg #2363, C-Out: 23.10 18:11:33,734| HBQ-In: 23.10 18:11:33,734| DQ-In: 23.10 18:11:34,023| C-In: 23.10 18:11:34,713|
Fehlernachricht fuer Luecke von 2364 bis 2364 C-In: 23.10 18:11:34,715|
lab29-28-<0.3729.0>-T3: Msg #2365, C-Out: 23.10 18:11:33,748| HBQ-In: 23.10 18:11:33,749| DQ-In: 23.10 18:11:34,023| C-In: 23.10 18:11:34,716|
lab29-13-<0.4921.0>-T3: Msg #2366, C-Out: 23.10 18:11:33,259| HBQ-In: 23.10 18:11:33,259| DQ-In: 23.10 18:11:34,023| C-In: 23.10 18:11:34,717|
Fehlernachricht fuer Luecke von 2367 bis 2369 C-In: 23.10 18:11:34,718|
lab29-35-<0.3134.0>-T3: Msg #2370, C-Out: 23.10 18:11:33,826| HBQ-In: 23.10 18:11:33,827| DQ-In: 23.10 18:11:34,108| C-In: 23.10 18:11:34,718|
Fehlernachricht fuer Luecke von 2371 bis 2371 C-In: 23.10 18:11:34,719|
lab29-50-<0.1864.0>-T3: Msg #2372, C-Out: 23.10 18:11:33,882| HBQ-In: 23.10 18:11:33,882| DQ-In: 23.10 18:11:34,153| C-In: 23.10 18:11:34,720|
Fehlernachricht fuer Luecke von 2373 bis 2374 C-In: 23.10 18:11:34,722|
lab29-22-<0.4210.0>-T3: Msg #2375, C-Out: 23.10 18:11:33,413| HBQ-In: 23.10 18:11:33,414| DQ-In: 23.10 18:11:34,169| C-In: 23.10 18:11:34,723|
lab29-7-<0.5358.0>-T3: Msg #2376, C-Out: 23.10 18:11:33,419| HBQ-In: 23.10 18:11:33,421| DQ-In: 23.10 18:11:34,169| C-In: 23.10 18:11:34,726|
lab29-57-<0.1365.0>-T3: Msg #2377, C-Out: 23.10 18:11:33,933| HBQ-In: 23.10 18:11:33,933| DQ-In: 23.10 18:11:34,169| C-In: 23.10 18:11:34,727|
lab29-2-<0.5741.0>-T3: Msg #2378, C-Out: 23.10 18:11:33,433| HBQ-In: 23.10 18:11:33,433| DQ-In: 23.10 18:11:34,169| C-In: 23.10 18:11:34,728|
lab29-12-<0.4991.0>-T3: Msg #2379, C-Out: 23.10 18:11:33,435| HBQ-In: 23.10 18:11:33,435| DQ-In: 23.10 18:11:34,169| C-In: 23.10 18:11:34,728|
lab29-17-<0.4601.0>-T3: Msg #2380, C-Out: 23.10 18:11:33,435| HBQ-In: 23.10 18:11:33,435| DQ-In: 23.10 18:11:34,169| C-In: 23.10 18:11:34,730|
lab29-42-<0.2545.0>-T3: Msg #2381, C-Out: 23.10 18:11:33,935| HBQ-In: 23.10 18:11:33,937| DQ-In: 23.10 18:11:34,169| C-In: 23.10 18:11:34,733|
Fehlernachricht fuer Luecke von 2382 bis 2383 C-In: 23.10 18:11:34,736|
lab29-27-<0.3815.0>-T3: Msg #2384, C-Out: 23.10 18:11:33,973| HBQ-In: 23.10 18:11:33,973| DQ-In: 23.10 18:11:34,317| C-In: 23.10 18:11:34,737|
Fehlernachricht fuer Luecke von 2385 bis 2385 C-In: 23.10 18:11:34,739|
lab29-49-<0.1950.0>-T3: Msg #2386, C-Out: 23.10 18:11:34,010| HBQ-In: 23.10 18:11:34,010| DQ-In: 23.10 18:11:34,329| C-In: 23.10 18:11:34,741|
Fehlernachricht fuer Luecke von 2387 bis 2387 C-In: 23.10 18:11:34,741|
lab29-34-<0.3220.0>-T3: Msg #2388, C-Out: 23.10 18:11:34,027| HBQ-In: 23.10 18:11:34,029| DQ-In: 23.10 18:11:34,375| C-In: 23.10 18:11:34,742|
Fehlernachricht fuer Luecke von 2389 bis 2390 C-In: 23.10 18:11:34,743|
lab29-56-<0.1439.0>-T3: Msg #2391, C-Out: 23.10 18:11:34,107| HBQ-In: 23.10 18:11:34,108| DQ-In: 23.10 18:11:34,422| C-In: 23.10 18:11:34,743|
lab29-6-<0.5440.0>-T3: Msg #2392, C-Out: 23.10 18:11:33,615| HBQ-In: 23.10 18:11:33,615| DQ-In: 23.10 18:11:34,422| C-In: 23.10 18:11:34,744|
lab29-21-<0.4291.0>-T3: Msg #2393, C-Out: 23.10 18:11:33,621| HBQ-In: 23.10 18:11:33,622| DQ-In: 23.10 18:11:34,422| C-In: 23.10 18:11:34,744|
lab29-11-<0.5067.0>-T3: Msg #2394, C-Out: 23.10 18:11:33,621| HBQ-In: 23.10 18:11:33,621| DQ-In: 23.10 18:11:34,422| C-In: 23.10 18:11:34,745|
lab29-16-<0.4681.0>-T3: Msg #2395, C-Out: 23.10 18:11:33,630| HBQ-In: 23.10 18:11:33,630| DQ-In: 23.10 18:11:34,422| C-In: 23.10 18:11:34,745|
lab29-1-<0.5818.0>-T3: Msg #2396, C-Out: 23.10 18:11:33,635| HBQ-In: 23.10 18:11:33,636| DQ-In: 23.10 18:11:34,422| C-In: 23.10 18:11:34,746|
lab29-26-<0.3898.0>-T3: Msg #2397, C-Out: 23.10 18:11:34,152| HBQ-In: 23.10 18:11:34,153| DQ-In: 23.10 18:11:34,422| C-In: 23.10 18:11:34,749|
Fehlernachricht fuer Luecke von 2398 bis 2398 C-In: 23.10 18:11:34,749|
lab29-41-<0.2632.0>-T3: Msg #2399, C-Out: 23.10 18:11:34,169| HBQ-In: 23.10 18:11:34,169| DQ-In: 23.10 18:11:34,530| C-In: 23.10 18:11:34,753|
Fehlernachricht fuer Luecke von 2400 bis 2400 C-In: 23.10 18:11:34,754|
lab29-48-<0.2035.0>-T3: Msg #2401, C-Out: 23.10 18:11:34,209| HBQ-In: 23.10 18:11:34,209| DQ-In: 23.10 18:11:34,533| C-In: 23.10 18:11:34,758|
Fehlernachricht fuer Luecke von 2402 bis 2408 C-In: 23.10 18:11:34,759|
lab29-33-<0.3306.0>-T3: Msg #2409, C-Out: 23.10 18:11:34,254| HBQ-In: 23.10 18:11:34,254| DQ-In: 23.10 18:11:34,616| C-In: 23.10 18:11:34,761|
Fehlernachricht fuer Luecke von 2410 bis 2411 C-In: 23.10 18:11:34,762|
lab29-15-<0.4762.0>-T3: Msg #2412, C-Out: 23.10 18:11:33,809| HBQ-In: 23.10 18:11:33,809| DQ-In: 23.10 18:11:34,621| C-In: 23.10 18:11:34,765|
lab29-20-<0.4365.0>-T3: Msg #2413, C-Out: 23.10 18:11:33,811| HBQ-In: 23.10 18:11:33,812| DQ-In: 23.10 18:11:34,621| C-In: 23.10 18:11:34,768|
lab29-55-<0.1513.0>-T3: Msg #2414, C-Out: 23.10 18:11:34,317| HBQ-In: 23.10 18:11:34,317| DQ-In: 23.10 18:11:34,621| C-In: 23.10 18:11:34,769|
Fehlernachricht fuer Luecke von 2415 bis 2416 C-In: 23.10 18:11:34,773|
lab29-5-<0.5513.0>-T3: Msg #2417, C-Out: 23.10 18:11:33,826| HBQ-In: 23.10 18:11:33,827| DQ-In: 23.10 18:11:34,633| C-In: 23.10 18:11:34,775|
lab29-40-<0.2707.0>-T3: Msg #2418, C-Out: 23.10 18:11:34,329| HBQ-In: 23.10 18:11:34,329| DQ-In: 23.10 18:11:34,633| C-In: 23.10 18:11:34,778|
lab29-10-<0.5112.0>-T3: Msg #2419, C-Out: 23.10 18:11:33,836| HBQ-In: 23.10 18:11:33,836| DQ-In: 23.10 18:11:34,633| C-In: 23.10 18:11:34,779|
lab29-25-<0.3973.0>-T3: Msg #2420, C-Out: 23.10 18:11:34,375| HBQ-In: 23.10 18:11:34,375| DQ-In: 23.10 18:11:34,633| C-In: 23.10 18:11:34,781|
lab29-32-<0.3394.0>-T3: Msg #2421, C-Out: 23.10 18:11:34,424| HBQ-In: 23.10 18:11:34,424| DQ-In: 23.10 18:11:34,633| C-In: 23.10 18:11:34,782|
lab29-47-<0.2127.0>-T3: Msg #2422, C-Out: 23.10 18:11:34,429| HBQ-In: 23.10 18:11:34,429| DQ-In: 23.10 18:11:34,633| C-In: 23.10 18:11:34,783|
Fehlernachricht fuer Luecke von 2423 bis 2428 C-In: 23.10 18:11:34,783|
lab29-4-<0.5587.0>-T3: Msg #2429, C-Out: 23.10 18:11:34,008| HBQ-In: 23.10 18:11:34,008| DQ-In: 23.10 18:11:34,753| C-In: 23.10 18:11:34,783|
lab29-24-<0.4051.0>-T3: Msg #2430, C-Out: 23.10 18:11:34,513| HBQ-In: 23.10 18:11:34,513| DQ-In: 23.10 18:11:34,753| C-In: 23.10 18:11:34,784|
lab29-19-<0.4442.0>-T3: Msg #2431, C-Out: 23.10 18:11:34,022| HBQ-In: 23.10 18:11:34,023| DQ-In: 23.10 18:11:34,753| C-In: 23.10 18:11:34,784|
lab29-9-<0.5191.0>-T3: Msg #2432, C-Out: 23.10 18:11:34,022| HBQ-In: 23.10 18:11:34,023| DQ-In: 23.10 18:11:34,753| C-In: 23.10 18:11:34,785|
lab29-14-<0.4846.0>-T3: Msg #2433, C-Out: 23.10 18:11:34,023| HBQ-In: 23.10 18:11:34,023| DQ-In: 23.10 18:11:34,753| C-In: 23.10 18:11:34,787|
lab29-54-<0.1586.0>-T3: Msg #2434, C-Out: 23.10 18:11:34,530| HBQ-In: 23.10 18:11:34,530| DQ-In: 23.10 18:11:34,753| C-In: 23.10 18:11:34,790|
lab29-39-<0.2795.0>-T3: Msg #2435, C-Out: 23.10 18:11:34,532| HBQ-In: 23.10 18:11:34,533| DQ-In: 23.10 18:11:34,753| C-In: 23.10 18:11:34,796|
lab29-46-<0.2213.0>-T3: Msg #2436, C-Out: 23.10 18:11:34,621| HBQ-In: 23.10 18:11:34,621| DQ-In: 23.10 18:11:34,753| C-In: 23.10 18:11:34,796|
lab29-31-<0.3480.0>-T3: Msg #2437, C-Out: 23.10 18:11:34,625| HBQ-In: 23.10 18:11:34,625| DQ-In: 23.10 18:11:34,753| C-In: 23.10 18:11:34,799|
Fehlernachricht fuer Luecke von 2438 bis 2442 C-In: 23.10 18:11:34,800|
lab29-53-<0.1650.0>-T3: Msg #2443, C-Out: 23.10 18:11:34,709| HBQ-In: 23.10 18:11:34,709| DQ-In: 23.10 18:11:34,767|******* C-In: 23.10 18:11:34,800|
lab29-8-<0.5273.0>-T3: Msg #2444, C-Out: 23.10 18:11:34,209| HBQ-In: 23.10 18:11:34,209| DQ-In: 23.10 18:11:34,767| C-In: 23.10 18:11:34,801|
lab29-18-<0.4519.0>-T3: Msg #2445, C-Out: 23.10 18:11:34,220| HBQ-In: 23.10 18:11:34,220| DQ-In: 23.10 18:11:34,767| C-In: 23.10 18:11:34,801|
Fehlernachricht fuer Luecke von 2446 bis 2446 C-In: 23.10 18:11:34,802|
lab29-3-<0.5663.0>-T3: Msg #2447, C-Out: 23.10 18:11:34,226| HBQ-In: 23.10 18:11:34,227| DQ-In: 23.10 18:11:34,778| C-In: 23.10 18:11:34,802|
lab29-23-<0.4130.0>-T3: Msg #2448, C-Out: 23.10 18:11:34,751| HBQ-In: 23.10 18:11:34,753| DQ-In: 23.10 18:11:34,778| C-In: 23.10 18:11:34,807|
lab29-13-<0.4921.0>-T3: Msg #2449, C-Out: 23.10 18:11:34,260| HBQ-In: 23.10 18:11:34,260| DQ-In: 23.10 18:11:34,778| C-In: 23.10 18:11:34,809|
lab29-38-<0.2880.0>-T3: Msg #2450, C-Out: 23.10 18:11:34,765| HBQ-In: 23.10 18:11:34,765| DQ-In: 23.10 18:11:34,778| C-In: 23.10 18:11:34,812|
Fehlernachricht fuer Luecke von 2451 bis 2456 C-In: 23.10 18:11:34,815|
lab29-7-<0.5358.0>-T3: Msg #2457, C-Out: 23.10 18:11:34,422| HBQ-In: 23.10 18:11:34,422| DQ-In: 23.10 18:11:34,782| C-In: 23.10 18:11:34,815|
Fehlernachricht fuer Luecke von 2458 bis 2458 C-In: 23.10 18:11:34,816|
lab29-2-<0.5741.0>-T3: Msg #2459, C-Out: 23.10 18:11:34,435| HBQ-In: 23.10 18:11:34,435| DQ-In: 23.10 18:11:34,786| C-In: 23.10 18:11:34,816|
lab29-12-<0.4991.0>-T3: Msg #2460, C-Out: 23.10 18:11:34,436| HBQ-In: 23.10 18:11:34,436| DQ-In: 23.10 18:11:34,786| C-In: 23.10 18:11:34,816|
lab29-17-<0.4601.0>-T3: Msg #2461, C-Out: 23.10 18:11:34,436| HBQ-In: 23.10 18:11:34,436| DQ-In: 23.10 18:11:34,786| C-In: 23.10 18:11:34,817|
ReceiveMsgs done
lab29-53-<0.1650.0>-T3: Msg #2585, C-Out: 23.10 18:11:37,069| gesendet
lab29-53-<0.1650.0>-T3: Msg #2747, C-Out: 23.10 18:11:39,323| gesendet
