lab29-35-<0.3134.0>-T3 C-Start: 23.10 18:11:20,724|
lab29-35-<0.3134.0>-T3: Msg #1285, C-Out: 23.10 18:11:21,725| gesendet
lab29-35-<0.3134.0>-T3: Msg #1357, C-Out: 23.10 18:11:22,726| gesendet
lab29-35-<0.3134.0>-T3: Msg #1460, C-Out: 23.10 18:11:23,727| gesendet
lab29-35-<0.3134.0>-T3: Msg #1538, C-Out: 23.10 18:11:24,729| gesendet
lab29-35-<0.3134.0>-T3: Msg #1627, C-Out: 23.10 18:11:25,731| gesendet
Neues Intervall: 1 Sekunden
Msg #1713 um 23.10 18:11:25,731| vergessen zu senden
lab29-66-<0.743.0>-T3: Msg #1524, C-Out: 23.10 18:11:24,548| HBQ-In: 23.10 18:11:24,548| DQ-In: 23.10 18:11:24,966| C-In: 23.10 18:11:25,731|
lab29-21-<0.4291.0>-T3: Msg #1525, C-Out: 23.10 18:11:24,547| HBQ-In: 23.10 18:11:24,548| DQ-In: 23.10 18:11:24,966| C-In: 23.10 18:11:25,732|
lab29-56-<0.1439.0>-T3: Msg #1526, C-Out: 23.10 18:11:24,547| HBQ-In: 23.10 18:11:24,548| DQ-In: 23.10 18:11:24,966| C-In: 23.10 18:11:25,732|
lab29-46-<0.2213.0>-T3: Msg #1527, C-Out: 23.10 18:11:24,551| HBQ-In: 23.10 18:11:24,551| DQ-In: 23.10 18:11:24,966| C-In: 23.10 18:11:25,732|
lab29-51-<0.1789.0>-T3: Msg #1528, C-Out: 23.10 18:11:24,568| HBQ-In: 23.10 18:11:24,569| DQ-In: 23.10 18:11:24,966| C-In: 23.10 18:11:25,734|
lab29-61-<0.1100.0>-T3: Msg #1529, C-Out: 23.10 18:11:24,574| HBQ-In: 23.10 18:11:24,575| DQ-In: 23.10 18:11:24,966| C-In: 23.10 18:11:25,735|
lab29-86-<0.129.0>-T3: Msg #1530, C-Out: 23.10 18:11:25,112| HBQ-In: 23.10 18:11:25,112| DQ-In: 23.10 18:11:25,112| C-In: 23.10 18:11:25,735|
Fehlernachricht fuer Luecke von 1531 bis 1536 C-In: 23.10 18:11:25,735|
lab29-40-<0.2707.0>-T3: Msg #1537, C-Out: 23.10 18:11:24,726| HBQ-In: 23.10 18:11:24,726| DQ-In: 23.10 18:11:25,149| C-In: 23.10 18:11:25,736|
lab29-35-<0.3134.0>-T3: Msg #1538, C-Out: 23.10 18:11:24,729| HBQ-In: 23.10 18:11:24,729| DQ-In: 23.10 18:11:25,149|******* C-In: 23.10 18:11:25,736|
lab29-65-<0.819.0>-T3: Msg #1539, C-Out: 23.10 18:11:24,729| HBQ-In: 23.10 18:11:24,729| DQ-In: 23.10 18:11:25,149| C-In: 23.10 18:11:25,736|
lab29-30-<0.3559.0>-T3: Msg #1540, C-Out: 23.10 18:11:24,741| HBQ-In: 23.10 18:11:24,741| DQ-In: 23.10 18:11:25,149| C-In: 23.10 18:11:25,737|
Fehlernachricht fuer Luecke von 1541 bis 1541 C-In: 23.10 18:11:25,737|
lab29-25-<0.3973.0>-T3: Msg #1542, C-Out: 23.10 18:11:24,746| HBQ-In: 23.10 18:11:24,746| DQ-In: 23.10 18:11:25,175| C-In: 23.10 18:11:25,737|
lab29-60-<0.1170.0>-T3: Msg #1543, C-Out: 23.10 18:11:24,746| HBQ-In: 23.10 18:11:24,746| DQ-In: 23.10 18:11:25,175| C-In: 23.10 18:11:25,738|
lab29-20-<0.4365.0>-T3: Msg #1544, C-Out: 23.10 18:11:24,746| HBQ-In: 23.10 18:11:24,746| DQ-In: 23.10 18:11:25,175| C-In: 23.10 18:11:25,738|
lab29-45-<0.2293.0>-T3: Msg #1545, C-Out: 23.10 18:11:24,766| HBQ-In: 23.10 18:11:24,766| DQ-In: 23.10 18:11:25,175| C-In: 23.10 18:11:25,738|
lab29-70-<0.519.0>-T3: Msg #1546, C-Out: 23.10 18:11:25,267| HBQ-In: 23.10 18:11:25,267| DQ-In: 23.10 18:11:25,267| C-In: 23.10 18:11:25,739|
lab29-55-<0.1513.0>-T3: Msg #1547, C-Out: 23.10 18:11:24,770| HBQ-In: 23.10 18:11:24,770| DQ-In: 23.10 18:11:25,267| C-In: 23.10 18:11:25,739|
lab29-50-<0.1864.0>-T3: Msg #1548, C-Out: 23.10 18:11:24,803| HBQ-In: 23.10 18:11:24,804| DQ-In: 23.10 18:11:25,267| C-In: 23.10 18:11:25,739|
Fehlernachricht fuer Luecke von 1549 bis 1552 C-In: 23.10 18:11:25,739|
lab29-34-<0.3220.0>-T3: Msg #1553, C-Out: 23.10 18:11:24,934| HBQ-In: 23.10 18:11:24,934| DQ-In: 23.10 18:11:25,360| C-In: 23.10 18:11:25,740|
lab29-39-<0.2795.0>-T3: Msg #1554, C-Out: 23.10 18:11:24,934| HBQ-In: 23.10 18:11:24,934| DQ-In: 23.10 18:11:25,360| C-In: 23.10 18:11:25,740|
lab29-64-<0.899.0>-T3: Msg #1555, C-Out: 23.10 18:11:24,934| HBQ-In: 23.10 18:11:24,934| DQ-In: 23.10 18:11:25,360| C-In: 23.10 18:11:25,740|
Fehlernachricht fuer Luecke von 1556 bis 1556 C-In: 23.10 18:11:25,740|
lab29-29-<0.3641.0>-T3: Msg #1557, C-Out: 23.10 18:11:24,941| HBQ-In: 23.10 18:11:24,941| DQ-In: 23.10 18:11:25,383| C-In: 23.10 18:11:25,741|
lab29-24-<0.4051.0>-T3: Msg #1558, C-Out: 23.10 18:11:24,941| HBQ-In: 23.10 18:11:24,941| DQ-In: 23.10 18:11:25,383| C-In: 23.10 18:11:25,741|
lab29-84-<0.140.0>-T3: Msg #1559, C-Out: 23.10 18:11:25,447| HBQ-In: 23.10 18:11:25,447| DQ-In: 23.10 18:11:25,447| C-In: 23.10 18:11:25,741|
lab29-19-<0.4442.0>-T3: Msg #1560, C-Out: 23.10 18:11:24,946| HBQ-In: 23.10 18:11:24,946| DQ-In: 23.10 18:11:25,447| C-In: 23.10 18:11:25,742|
lab29-59-<0.1234.0>-T3: Msg #1561, C-Out: 23.10 18:11:24,946| HBQ-In: 23.10 18:11:24,946| DQ-In: 23.10 18:11:25,447| C-In: 23.10 18:11:25,742|
lab29-49-<0.1950.0>-T3: Msg #1562, C-Out: 23.10 18:11:24,960| HBQ-In: 23.10 18:11:24,960| DQ-In: 23.10 18:11:25,447| C-In: 23.10 18:11:25,742|
lab29-44-<0.2376.0>-T3: Msg #1563, C-Out: 23.10 18:11:24,963| HBQ-In: 23.10 18:11:24,963| DQ-In: 23.10 18:11:25,448| C-In: 23.10 18:11:25,743|
lab29-54-<0.1586.0>-T3: Msg #1564, C-Out: 23.10 18:11:24,966| HBQ-In: 23.10 18:11:24,966| DQ-In: 23.10 18:11:25,448| C-In: 23.10 18:11:25,743|
lab29-69-<0.583.0>-T3: Msg #1565, C-Out: 23.10 18:11:25,478| HBQ-In: 23.10 18:11:25,478| DQ-In: 23.10 18:11:25,478| C-In: 23.10 18:11:25,743|
lab29-99-<0.49.0>-T3: Msg #1566, C-Out: 23.10 18:11:25,486| HBQ-In: 23.10 18:11:25,487| DQ-In: 23.10 18:11:25,487| C-In: 23.10 18:11:25,744|
Fehlernachricht fuer Luecke von 1567 bis 1568 C-In: 23.10 18:11:25,744|
lab29-33-<0.3306.0>-T3: Msg #1569, C-Out: 23.10 18:11:25,135| HBQ-In: 23.10 18:11:25,135| DQ-In: 23.10 18:11:25,550| C-In: 23.10 18:11:25,744|
lab29-38-<0.2880.0>-T3: Msg #1570, C-Out: 23.10 18:11:25,135| HBQ-In: 23.10 18:11:25,135| DQ-In: 23.10 18:11:25,550| C-In: 23.10 18:11:25,745|
lab29-28-<0.3729.0>-T3: Msg #1571, C-Out: 23.10 18:11:25,138| HBQ-In: 23.10 18:11:25,138| DQ-In: 23.10 18:11:25,550| C-In: 23.10 18:11:25,745|
Fehlernachricht fuer Luecke von 1572 bis 1573 C-In: 23.10 18:11:25,745|
lab29-23-<0.4130.0>-T3: Msg #1574, C-Out: 23.10 18:11:25,144| HBQ-In: 23.10 18:11:25,144| DQ-In: 23.10 18:11:25,576| C-In: 23.10 18:11:25,746|
lab29-18-<0.4519.0>-T3: Msg #1575, C-Out: 23.10 18:11:25,149| HBQ-In: 23.10 18:11:25,149| DQ-In: 23.10 18:11:25,576| C-In: 23.10 18:11:25,746|
lab29-53-<0.1650.0>-T3: Msg #1576, C-Out: 23.10 18:11:25,149| HBQ-In: 23.10 18:11:25,149| DQ-In: 23.10 18:11:25,576| C-In: 23.10 18:11:25,746|
lab29-63-<0.983.0>-T3: Msg #1577, C-Out: 23.10 18:11:25,155| HBQ-In: 23.10 18:11:25,158| DQ-In: 23.10 18:11:25,576| C-In: 23.10 18:11:25,747|
lab29-58-<0.1296.0>-T3: Msg #1578, C-Out: 23.10 18:11:25,156| HBQ-In: 23.10 18:11:25,158| DQ-In: 23.10 18:11:25,576| C-In: 23.10 18:11:25,747|
lab29-48-<0.2035.0>-T3: Msg #1579, C-Out: 23.10 18:11:25,158| HBQ-In: 23.10 18:11:25,158| DQ-In: 23.10 18:11:25,576| C-In: 23.10 18:11:25,748|
lab29-83-<0.147.0>-T3: Msg #1580, C-Out: 23.10 18:11:25,659| HBQ-In: 23.10 18:11:25,660| DQ-In: 23.10 18:11:25,660| C-In: 23.10 18:11:25,748|
lab29-43-<0.2458.0>-T3: Msg #1581, C-Out: 23.10 18:11:25,175| HBQ-In: 23.10 18:11:25,175| DQ-In: 23.10 18:11:25,660| C-In: 23.10 18:11:25,748|
lab29-68-<0.633.0>-T3: Msg #1582, C-Out: 23.10 18:11:25,731| HBQ-In: 23.10 18:11:25,731| DQ-In: 23.10 18:11:25,731| C-In: 23.10 18:11:25,749|
lab29-98-<0.78.0>-T3: Msg #1583, C-Out: 23.10 18:11:25,731| HBQ-In: 23.10 18:11:25,731| DQ-In: 23.10 18:11:25,731| C-In: 23.10 18:11:25,749|
ReceiveMsgs done
lab29-35-<0.3134.0>-T3: Msg #1720, C-Out: 23.10 18:11:26,750| gesendet
lab29-35-<0.3134.0>-T3: Msg #1840, C-Out: 23.10 18:11:27,751| gesendet
lab29-35-<0.3134.0>-T3: Msg #1934, C-Out: 23.10 18:11:28,752| gesendet
lab29-35-<0.3134.0>-T3: Msg #2033, C-Out: 23.10 18:11:29,754| gesendet
lab29-35-<0.3134.0>-T3: Msg #2123, C-Out: 23.10 18:11:30,759| gesendet
Neues Intervall: 1.5 Sekunden
Msg #2238 um 23.10 18:11:30,761| vergessen zu senden
Fehlernachricht fuer Luecke von 2047 bis 2049 C-In: 23.10 18:11:30,764|
lab29-52-<0.1713.0>-T3: Msg #2050, C-Out: 23.10 18:11:30,449| HBQ-In: 23.10 18:11:30,449| DQ-In: 23.10 18:11:30,496| C-In: 23.10 18:11:30,764|
lab29-14-<0.4846.0>-T3: Msg #2051, C-Out: 23.10 18:11:29,957| HBQ-In: 23.10 18:11:29,958| DQ-In: 23.10 18:11:30,496| C-In: 23.10 18:11:30,765|
Fehlernachricht fuer Luecke von 2052 bis 2052 C-In: 23.10 18:11:30,765|
lab29-9-<0.5191.0>-T3: Msg #2053, C-Out: 23.10 18:11:29,961| HBQ-In: 23.10 18:11:29,962| DQ-In: 23.10 18:11:30,525| C-In: 23.10 18:11:30,765|
lab29-39-<0.2795.0>-T3: Msg #2054, C-Out: 23.10 18:11:29,966| HBQ-In: 23.10 18:11:29,966| DQ-In: 23.10 18:11:30,525| C-In: 23.10 18:11:30,769|
lab29-4-<0.5587.0>-T3: Msg #2055, C-Out: 23.10 18:11:29,966| HBQ-In: 23.10 18:11:29,966| DQ-In: 23.10 18:11:30,525| C-In: 23.10 18:11:30,770|
Fehlernachricht fuer Luecke von 2056 bis 2056 C-In: 23.10 18:11:30,771|
lab29-24-<0.4051.0>-T3: Msg #2057, C-Out: 23.10 18:11:29,974| HBQ-In: 23.10 18:11:29,976| DQ-In: 23.10 18:11:30,576| C-In: 23.10 18:11:30,773|
lab29-34-<0.3220.0>-T3: Msg #2058, C-Out: 23.10 18:11:29,980| HBQ-In: 23.10 18:11:29,981| DQ-In: 23.10 18:11:30,576| C-In: 23.10 18:11:30,773|
lab29-29-<0.3641.0>-T3: Msg #2059, C-Out: 23.10 18:11:29,996| HBQ-In: 23.10 18:11:29,996| DQ-In: 23.10 18:11:30,576| C-In: 23.10 18:11:30,773|
lab29-59-<0.1234.0>-T3: Msg #2060, C-Out: 23.10 18:11:30,496| HBQ-In: 23.10 18:11:30,496| DQ-In: 23.10 18:11:30,576| C-In: 23.10 18:11:30,775|
lab29-19-<0.4442.0>-T3: Msg #2061, C-Out: 23.10 18:11:30,015| HBQ-In: 23.10 18:11:30,016| DQ-In: 23.10 18:11:30,576| C-In: 23.10 18:11:30,778|
lab29-74-<0.266.0>-T3: Msg #2062, C-Out: 23.10 18:11:30,520| HBQ-In: 23.10 18:11:30,522| DQ-In: 23.10 18:11:30,576| C-In: 23.10 18:11:30,778|
lab29-44-<0.2376.0>-T3: Msg #2063, C-Out: 23.10 18:11:30,522| HBQ-In: 23.10 18:11:30,522| DQ-In: 23.10 18:11:30,576| C-In: 23.10 18:11:30,778|
Fehlernachricht fuer Luecke von 2064 bis 2064 C-In: 23.10 18:11:30,781|
lab29-66-<0.743.0>-T3: Msg #2065, C-Out: 23.10 18:11:30,604| HBQ-In: 23.10 18:11:30,606| DQ-In: 23.10 18:11:30,626| C-In: 23.10 18:11:30,781|
Fehlernachricht fuer Luecke von 2066 bis 2066 C-In: 23.10 18:11:30,782|
lab29-51-<0.1789.0>-T3: Msg #2067, C-Out: 23.10 18:11:30,624| HBQ-In: 23.10 18:11:30,626| DQ-In: 23.10 18:11:30,667| C-In: 23.10 18:11:30,782|
Fehlernachricht fuer Luecke von 2068 bis 2068 C-In: 23.10 18:11:30,784|
lab29-13-<0.4921.0>-T3: Msg #2069, C-Out: 23.10 18:11:30,166| HBQ-In: 23.10 18:11:30,166| DQ-In: 23.10 18:11:30,695| C-In: 23.10 18:11:30,784|
lab29-8-<0.5273.0>-T3: Msg #2070, C-Out: 23.10 18:11:30,167| HBQ-In: 23.10 18:11:30,169| DQ-In: 23.10 18:11:30,695| C-In: 23.10 18:11:30,787|
lab29-73-<0.332.0>-T3: Msg #2071, C-Out: 23.10 18:11:30,667| HBQ-In: 23.10 18:11:30,667| DQ-In: 23.10 18:11:30,695| C-In: 23.10 18:11:30,790|
lab29-3-<0.5663.0>-T3: Msg #2072, C-Out: 23.10 18:11:30,167| HBQ-In: 23.10 18:11:30,169| DQ-In: 23.10 18:11:30,695| C-In: 23.10 18:11:30,792|
lab29-38-<0.2880.0>-T3: Msg #2073, C-Out: 23.10 18:11:30,167| HBQ-In: 23.10 18:11:30,167| DQ-In: 23.10 18:11:30,695| C-In: 23.10 18:11:30,793|
lab29-33-<0.3306.0>-T3: Msg #2074, C-Out: 23.10 18:11:30,183| HBQ-In: 23.10 18:11:30,191| DQ-In: 23.10 18:11:30,695| C-In: 23.10 18:11:30,793|
Fehlernachricht fuer Luecke von 2075 bis 2075 C-In: 23.10 18:11:30,793|
lab29-23-<0.4130.0>-T3: Msg #2076, C-Out: 23.10 18:11:30,187| HBQ-In: 23.10 18:11:30,191| DQ-In: 23.10 18:11:30,702| C-In: 23.10 18:11:30,794|
lab29-58-<0.1296.0>-T3: Msg #2077, C-Out: 23.10 18:11:30,695| HBQ-In: 23.10 18:11:30,695| DQ-In: 23.10 18:11:30,702| C-In: 23.10 18:11:30,794|
lab29-28-<0.3729.0>-T3: Msg #2078, C-Out: 23.10 18:11:30,201| HBQ-In: 23.10 18:11:30,202| DQ-In: 23.10 18:11:30,702| C-In: 23.10 18:11:30,794|
lab29-18-<0.4519.0>-T3: Msg #2079, C-Out: 23.10 18:11:30,209| HBQ-In: 23.10 18:11:30,210| DQ-In: 23.10 18:11:30,702| C-In: 23.10 18:11:30,794|
Fehlernachricht fuer Luecke von 2080 bis 2084 C-In: 23.10 18:11:30,795|
lab29-12-<0.4991.0>-T3: Msg #2085, C-Out: 23.10 18:11:30,359| HBQ-In: 23.10 18:11:30,360| DQ-In: 23.10 18:11:30,704| C-In: 23.10 18:11:30,798|
lab29-7-<0.5358.0>-T3: Msg #2086, C-Out: 23.10 18:11:30,367| HBQ-In: 23.10 18:11:30,367| DQ-In: 23.10 18:11:30,704| C-In: 23.10 18:11:30,800|
lab29-2-<0.5741.0>-T3: Msg #2087, C-Out: 23.10 18:11:30,376| HBQ-In: 23.10 18:11:30,376| DQ-In: 23.10 18:11:30,704| C-In: 23.10 18:11:30,800|
Fehlernachricht fuer Luecke von 2088 bis 2088 C-In: 23.10 18:11:30,801|
lab29-32-<0.3394.0>-T3: Msg #2089, C-Out: 23.10 18:11:30,379| HBQ-In: 23.10 18:11:30,381| DQ-In: 23.10 18:11:30,706| C-In: 23.10 18:11:30,801|
Fehlernachricht fuer Luecke von 2090 bis 2092 C-In: 23.10 18:11:30,804|
lab29-37-<0.2967.0>-T3: Msg #2093, C-Out: 23.10 18:11:30,398| HBQ-In: 23.10 18:11:30,398| DQ-In: 23.10 18:11:30,707| C-In: 23.10 18:11:30,804|
Fehlernachricht fuer Luecke von 2094 bis 2094 C-In: 23.10 18:11:30,804|
lab29-27-<0.3815.0>-T3: Msg #2095, C-Out: 23.10 18:11:30,403| HBQ-In: 23.10 18:11:30,403| DQ-In: 23.10 18:11:30,710| C-In: 23.10 18:11:30,805|
lab29-22-<0.4210.0>-T3: Msg #2096, C-Out: 23.10 18:11:30,405| HBQ-In: 23.10 18:11:30,406| DQ-In: 23.10 18:11:30,710| C-In: 23.10 18:11:30,805|
lab29-17-<0.4601.0>-T3: Msg #2097, C-Out: 23.10 18:11:30,430| HBQ-In: 23.10 18:11:30,430| DQ-In: 23.10 18:11:30,710| C-In: 23.10 18:11:30,805|
Fehlernachricht fuer Luecke von 2098 bis 2104 C-In: 23.10 18:11:30,806|
lab29-11-<0.5067.0>-T3: Msg #2105, C-Out: 23.10 18:11:30,561| HBQ-In: 23.10 18:11:30,566| DQ-In: 23.10 18:11:30,711| C-In: 23.10 18:11:30,806|
lab29-6-<0.5440.0>-T3: Msg #2106, C-Out: 23.10 18:11:30,571| HBQ-In: 23.10 18:11:30,571| DQ-In: 23.10 18:11:30,711| C-In: 23.10 18:11:30,810|
lab29-1-<0.5818.0>-T3: Msg #2107, C-Out: 23.10 18:11:30,576| HBQ-In: 23.10 18:11:30,576| DQ-In: 23.10 18:11:30,711| C-In: 23.10 18:11:30,810|
lab29-31-<0.3480.0>-T3: Msg #2108, C-Out: 23.10 18:11:30,581| HBQ-In: 23.10 18:11:30,586| DQ-In: 23.10 18:11:30,711| C-In: 23.10 18:11:30,810|
lab29-36-<0.3048.0>-T3: Msg #2109, C-Out: 23.10 18:11:30,585| HBQ-In: 23.10 18:11:30,586| DQ-In: 23.10 18:11:30,711| C-In: 23.10 18:11:30,811|
lab29-26-<0.3898.0>-T3: Msg #2110, C-Out: 23.10 18:11:30,596| HBQ-In: 23.10 18:11:30,597| DQ-In: 23.10 18:11:30,711| C-In: 23.10 18:11:30,811|
Fehlernachricht fuer Luecke von 2111 bis 2112 C-In: 23.10 18:11:30,811|
lab29-21-<0.4291.0>-T3: Msg #2113, C-Out: 23.10 18:11:30,617| HBQ-In: 23.10 18:11:30,617| DQ-In: 23.10 18:11:30,804| C-In: 23.10 18:11:30,812|
lab29-16-<0.4681.0>-T3: Msg #2114, C-Out: 23.10 18:11:30,626| HBQ-In: 23.10 18:11:30,626| DQ-In: 23.10 18:11:30,804| C-In: 23.10 18:11:30,812|
Fehlernachricht fuer Luecke von 2115 bis 2122 C-In: 23.10 18:11:30,812|
lab29-35-<0.3134.0>-T3: Msg #2123, C-Out: 23.10 18:11:30,759| HBQ-In: 23.10 18:11:30,760| DQ-In: 23.10 18:11:30,806|******* C-In: 23.10 18:11:30,814|
Fehlernachricht fuer Luecke von 2124 bis 2124 C-In: 23.10 18:11:30,815|
lab29-10-<0.5112.0>-T3: Msg #2125, C-Out: 23.10 18:11:30,761| HBQ-In: 23.10 18:11:30,763| DQ-In: 23.10 18:11:30,811| C-In: 23.10 18:11:30,815|
lab29-5-<0.5513.0>-T3: Msg #2126, C-Out: 23.10 18:11:30,776| HBQ-In: 23.10 18:11:30,778| DQ-In: 23.10 18:11:30,811| C-In: 23.10 18:11:30,819|
ReceiveMsgs done
lab29-35-<0.3134.0>-T3: Msg #2246, C-Out: 23.10 18:11:32,325| gesendet
lab29-35-<0.3134.0>-T3: Msg #2370, C-Out: 23.10 18:11:33,826| gesendet
lab29-35-<0.3134.0>-T3: Msg #2489, C-Out: 23.10 18:11:35,328| gesendet
lab29-35-<0.3134.0>-T3: Msg #2621, C-Out: 23.10 18:11:36,829| gesendet
lab29-35-<0.3134.0>-T3: Msg #2728, C-Out: 23.10 18:11:38,330| gesendet
Neues Intervall: 2.25 Sekunden
