lab29-74-<0.266.0>-T3 C-Start: 23.10 18:11:12,878|
lab29-74-<0.266.0>-T3: Msg #801, C-Out: 23.10 18:11:13,879| gesendet
lab29-74-<0.266.0>-T3: Msg #835, C-Out: 23.10 18:11:14,881| gesendet
lab29-74-<0.266.0>-T3: Msg #901, C-Out: 23.10 18:11:15,882| gesendet
lab29-74-<0.266.0>-T3: Msg #946, C-Out: 23.10 18:11:16,883| gesendet
lab29-74-<0.266.0>-T3: Msg #1000, C-Out: 23.10 18:11:17,888| gesendet
Neues Intervall: 1 Sekunden
Msg #1057 um 23.10 18:11:17,891| vergessen zu senden
lab29-97-<0.81.0>-T3: Msg #924, C-Out: 23.10 18:11:16,437| HBQ-In: 23.10 18:11:16,437| DQ-In: 23.10 18:11:16,883| C-In: 23.10 18:11:17,894|
Fehlernachricht fuer Luecke von 925 bis 925 C-In: 23.10 18:11:17,898|
lab29-81-<0.159.0>-T3: Msg #926, C-Out: 23.10 18:11:16,475| HBQ-In: 23.10 18:11:16,475| DQ-In: 23.10 18:11:16,995| C-In: 23.10 18:11:17,898|
lab29-76-<0.194.0>-T3: Msg #927, C-Out: 23.10 18:11:16,487| HBQ-In: 23.10 18:11:16,487| DQ-In: 23.10 18:11:16,995| C-In: 23.10 18:11:17,898|
lab29-71-<0.461.0>-T3: Msg #928, C-Out: 23.10 18:11:16,487| HBQ-In: 23.10 18:11:16,487| DQ-In: 23.10 18:11:16,995| C-In: 23.10 18:11:17,899|
lab29-66-<0.743.0>-T3: Msg #929, C-Out: 23.10 18:11:16,487| HBQ-In: 23.10 18:11:16,487| DQ-In: 23.10 18:11:16,995| C-In: 23.10 18:11:17,899|
lab29-61-<0.1100.0>-T3: Msg #930, C-Out: 23.10 18:11:16,497| HBQ-In: 23.10 18:11:16,497| DQ-In: 23.10 18:11:16,995| C-In: 23.10 18:11:17,899|
lab29-91-<0.103.0>-T3: Msg #931, C-Out: 23.10 18:11:16,551| HBQ-In: 23.10 18:11:16,551| DQ-In: 23.10 18:11:16,995| C-In: 23.10 18:11:17,900|
lab29-86-<0.129.0>-T3: Msg #932, C-Out: 23.10 18:11:16,553| HBQ-In: 23.10 18:11:16,553| DQ-In: 23.10 18:11:16,995| C-In: 23.10 18:11:17,900|
lab29-96-<0.84.0>-T3: Msg #933, C-Out: 23.10 18:11:16,592| HBQ-In: 23.10 18:11:16,592| DQ-In: 23.10 18:11:16,995| C-In: 23.10 18:11:17,900|
Fehlernachricht fuer Luecke von 934 bis 934 C-In: 23.10 18:11:17,901|
lab29-80-<0.164.0>-T3: Msg #935, C-Out: 23.10 18:11:16,679| HBQ-In: 23.10 18:11:16,679| DQ-In: 23.10 18:11:17,119| C-In: 23.10 18:11:17,901|
lab29-75-<0.200.0>-T3: Msg #936, C-Out: 23.10 18:11:16,688| HBQ-In: 23.10 18:11:16,688| DQ-In: 23.10 18:11:17,119| C-In: 23.10 18:11:17,903|
lab29-70-<0.519.0>-T3: Msg #937, C-Out: 23.10 18:11:16,688| HBQ-In: 23.10 18:11:16,689| DQ-In: 23.10 18:11:17,119| C-In: 23.10 18:11:17,903|
lab29-65-<0.819.0>-T3: Msg #938, C-Out: 23.10 18:11:16,688| HBQ-In: 23.10 18:11:16,689| DQ-In: 23.10 18:11:17,119| C-In: 23.10 18:11:17,904|
lab29-60-<0.1170.0>-T3: Msg #939, C-Out: 23.10 18:11:16,699| HBQ-In: 23.10 18:11:16,700| DQ-In: 23.10 18:11:17,119| C-In: 23.10 18:11:17,904|
lab29-85-<0.133.0>-T3: Msg #940, C-Out: 23.10 18:11:16,699| HBQ-In: 23.10 18:11:16,700| DQ-In: 23.10 18:11:17,119| C-In: 23.10 18:11:17,905|
lab29-90-<0.107.0>-T3: Msg #941, C-Out: 23.10 18:11:16,755| HBQ-In: 23.10 18:11:16,755| DQ-In: 23.10 18:11:17,119| C-In: 23.10 18:11:17,905|
lab29-95-<0.87.0>-T3: Msg #942, C-Out: 23.10 18:11:16,767| HBQ-In: 23.10 18:11:16,767| DQ-In: 23.10 18:11:17,119| C-In: 23.10 18:11:17,906|
lab29-100-<0.40.0>-T3: Msg #943, C-Out: 23.10 18:11:16,767| HBQ-In: 23.10 18:11:16,767| DQ-In: 23.10 18:11:17,119| C-In: 23.10 18:11:17,907|
Fehlernachricht fuer Luecke von 944 bis 944 C-In: 23.10 18:11:17,907|
lab29-79-<0.173.0>-T3: Msg #945, C-Out: 23.10 18:11:16,883| HBQ-In: 23.10 18:11:16,883| DQ-In: 23.10 18:11:17,329| C-In: 23.10 18:11:17,907|
lab29-74-<0.266.0>-T3: Msg #946, C-Out: 23.10 18:11:16,883| HBQ-In: 23.10 18:11:16,883| DQ-In: 23.10 18:11:17,329|******* C-In: 23.10 18:11:17,908|
lab29-69-<0.583.0>-T3: Msg #947, C-Out: 23.10 18:11:16,890| HBQ-In: 23.10 18:11:16,890| DQ-In: 23.10 18:11:17,329| C-In: 23.10 18:11:17,908|
lab29-64-<0.899.0>-T3: Msg #948, C-Out: 23.10 18:11:16,892| HBQ-In: 23.10 18:11:16,892| DQ-In: 23.10 18:11:17,329| C-In: 23.10 18:11:17,908|
lab29-59-<0.1234.0>-T3: Msg #949, C-Out: 23.10 18:11:16,896| HBQ-In: 23.10 18:11:16,896| DQ-In: 23.10 18:11:17,329| C-In: 23.10 18:11:17,909|
lab29-89-<0.113.0>-T3: Msg #950, C-Out: 23.10 18:11:16,900| HBQ-In: 23.10 18:11:16,902| DQ-In: 23.10 18:11:17,329| C-In: 23.10 18:11:17,909|
lab29-84-<0.140.0>-T3: Msg #951, C-Out: 23.10 18:11:16,900| HBQ-In: 23.10 18:11:16,902| DQ-In: 23.10 18:11:17,329| C-In: 23.10 18:11:17,909|
lab29-99-<0.49.0>-T3: Msg #952, C-Out: 23.10 18:11:16,942| HBQ-In: 23.10 18:11:16,943| DQ-In: 23.10 18:11:17,329| C-In: 23.10 18:11:17,910|
lab29-94-<0.91.0>-T3: Msg #953, C-Out: 23.10 18:11:16,995| HBQ-In: 23.10 18:11:16,995| DQ-In: 23.10 18:11:17,329| C-In: 23.10 18:11:17,910|
Fehlernachricht fuer Luecke von 954 bis 954 C-In: 23.10 18:11:17,914|
lab29-78-<0.180.0>-T3: Msg #955, C-Out: 23.10 18:11:17,083| HBQ-In: 23.10 18:11:17,084| DQ-In: 23.10 18:11:17,556| C-In: 23.10 18:11:17,917|
lab29-73-<0.332.0>-T3: Msg #956, C-Out: 23.10 18:11:17,086| HBQ-In: 23.10 18:11:17,087| DQ-In: 23.10 18:11:17,556| C-In: 23.10 18:11:17,919|
lab29-68-<0.633.0>-T3: Msg #957, C-Out: 23.10 18:11:17,092| HBQ-In: 23.10 18:11:17,092| DQ-In: 23.10 18:11:17,556| C-In: 23.10 18:11:17,924|
lab29-63-<0.983.0>-T3: Msg #958, C-Out: 23.10 18:11:17,093| HBQ-In: 23.10 18:11:17,093| DQ-In: 23.10 18:11:17,556| C-In: 23.10 18:11:17,926|
lab29-58-<0.1296.0>-T3: Msg #959, C-Out: 23.10 18:11:17,097| HBQ-In: 23.10 18:11:17,099| DQ-In: 23.10 18:11:17,556| C-In: 23.10 18:11:17,929|
lab29-93-<0.95.0>-T3: Msg #960, C-Out: 23.10 18:11:17,107| HBQ-In: 23.10 18:11:17,108| DQ-In: 23.10 18:11:17,556| C-In: 23.10 18:11:17,933|
lab29-83-<0.147.0>-T3: Msg #961, C-Out: 23.10 18:11:17,115| HBQ-In: 23.10 18:11:17,115| DQ-In: 23.10 18:11:17,556| C-In: 23.10 18:11:17,935|
lab29-88-<0.118.0>-T3: Msg #962, C-Out: 23.10 18:11:17,119| HBQ-In: 23.10 18:11:17,119| DQ-In: 23.10 18:11:17,556| C-In: 23.10 18:11:17,938|
lab29-98-<0.78.0>-T3: Msg #963, C-Out: 23.10 18:11:17,157| HBQ-In: 23.10 18:11:17,157| DQ-In: 23.10 18:11:17,556| C-In: 23.10 18:11:17,942|
Fehlernachricht fuer Luecke von 964 bis 964 C-In: 23.10 18:11:17,945|
lab29-77-<0.187.0>-T3: Msg #965, C-Out: 23.10 18:11:17,287| HBQ-In: 23.10 18:11:17,287| DQ-In: 23.10 18:11:17,757| C-In: 23.10 18:11:17,949|
lab29-72-<0.396.0>-T3: Msg #966, C-Out: 23.10 18:11:17,287| HBQ-In: 23.10 18:11:17,287| DQ-In: 23.10 18:11:17,758| C-In: 23.10 18:11:17,952|
lab29-67-<0.708.0>-T3: Msg #967, C-Out: 23.10 18:11:17,290| HBQ-In: 23.10 18:11:17,292| DQ-In: 23.10 18:11:17,758| C-In: 23.10 18:11:17,954|
lab29-62-<0.1043.0>-T3: Msg #968, C-Out: 23.10 18:11:17,293| HBQ-In: 23.10 18:11:17,294| DQ-In: 23.10 18:11:17,758| C-In: 23.10 18:11:17,955|
lab29-57-<0.1365.0>-T3: Msg #969, C-Out: 23.10 18:11:17,300| HBQ-In: 23.10 18:11:17,302| DQ-In: 23.10 18:11:17,758| C-In: 23.10 18:11:17,955|
lab29-87-<0.123.0>-T3: Msg #970, C-Out: 23.10 18:11:17,309| HBQ-In: 23.10 18:11:17,309| DQ-In: 23.10 18:11:17,758| C-In: 23.10 18:11:17,955|
lab29-82-<0.153.0>-T3: Msg #971, C-Out: 23.10 18:11:17,313| HBQ-In: 23.10 18:11:17,313| DQ-In: 23.10 18:11:17,758| C-In: 23.10 18:11:17,956|
lab29-92-<0.99.0>-T3: Msg #972, C-Out: 23.10 18:11:17,329| HBQ-In: 23.10 18:11:17,329| DQ-In: 23.10 18:11:17,758| C-In: 23.10 18:11:17,956|
lab29-97-<0.81.0>-T3: Msg #973, C-Out: 23.10 18:11:17,438| HBQ-In: 23.10 18:11:17,438| DQ-In: 23.10 18:11:17,758| C-In: 23.10 18:11:17,956|
Fehlernachricht fuer Luecke von 974 bis 979 C-In: 23.10 18:11:17,956|
lab29-66-<0.743.0>-T3: Msg #980, C-Out: 23.10 18:11:17,488| HBQ-In: 23.10 18:11:17,488| DQ-In: 23.10 18:11:17,903| C-In: 23.10 18:11:17,957|
lab29-71-<0.461.0>-T3: Msg #981, C-Out: 23.10 18:11:17,488| HBQ-In: 23.10 18:11:17,488| DQ-In: 23.10 18:11:17,903| C-In: 23.10 18:11:17,958|
lab29-76-<0.194.0>-T3: Msg #982, C-Out: 23.10 18:11:17,488| HBQ-In: 23.10 18:11:17,488| DQ-In: 23.10 18:11:17,903| C-In: 23.10 18:11:17,959|
lab29-61-<0.1100.0>-T3: Msg #983, C-Out: 23.10 18:11:17,499| HBQ-In: 23.10 18:11:17,499| DQ-In: 23.10 18:11:17,903| C-In: 23.10 18:11:17,959|
lab29-56-<0.1439.0>-T3: Msg #984, C-Out: 23.10 18:11:17,502| HBQ-In: 23.10 18:11:17,503| DQ-In: 23.10 18:11:17,903| C-In: 23.10 18:11:17,959|
lab29-81-<0.159.0>-T3: Msg #985, C-Out: 23.10 18:11:17,506| HBQ-In: 23.10 18:11:17,507| DQ-In: 23.10 18:11:17,903| C-In: 23.10 18:11:17,960|
lab29-91-<0.103.0>-T3: Msg #986, C-Out: 23.10 18:11:17,553| HBQ-In: 23.10 18:11:17,554| DQ-In: 23.10 18:11:17,903| C-In: 23.10 18:11:17,960|
lab29-86-<0.129.0>-T3: Msg #987, C-Out: 23.10 18:11:17,556| HBQ-In: 23.10 18:11:17,556| DQ-In: 23.10 18:11:17,903| C-In: 23.10 18:11:17,960|
lab29-96-<0.84.0>-T3: Msg #988, C-Out: 23.10 18:11:17,593| HBQ-In: 23.10 18:11:17,593| DQ-In: 23.10 18:11:17,903| C-In: 23.10 18:11:17,960|
ReceiveMsgs done
lab29-74-<0.266.0>-T3: Msg #1067, C-Out: 23.10 18:11:18,963| gesendet
lab29-74-<0.266.0>-T3: Msg #1157, C-Out: 23.10 18:11:19,964| gesendet
lab29-74-<0.266.0>-T3: Msg #1227, C-Out: 23.10 18:11:20,967| gesendet
lab29-74-<0.266.0>-T3: Msg #1304, C-Out: 23.10 18:11:21,969| gesendet
lab29-74-<0.266.0>-T3: Msg #1378, C-Out: 23.10 18:11:22,971| gesendet
Neues Intervall: 1.5 Sekunden
Msg #1482 um 23.10 18:11:22,973| vergessen zu senden
lab29-63-<0.983.0>-T3: Msg #1317, C-Out: 23.10 18:11:22,148| HBQ-In: 23.10 18:11:22,148| DQ-In: 23.10 18:11:22,570| C-In: 23.10 18:11:22,973|
lab29-58-<0.1296.0>-T3: Msg #1318, C-Out: 23.10 18:11:22,151| HBQ-In: 23.10 18:11:22,151| DQ-In: 23.10 18:11:22,570| C-In: 23.10 18:11:22,976|
Fehlernachricht fuer Luecke von 1319 bis 1322 C-In: 23.10 18:11:22,976|
lab29-52-<0.1713.0>-T3: Msg #1323, C-Out: 23.10 18:11:22,323| HBQ-In: 23.10 18:11:22,323| DQ-In: 23.10 18:11:22,577| C-In: 23.10 18:11:22,977|
lab29-47-<0.2127.0>-T3: Msg #1324, C-Out: 23.10 18:11:22,323| HBQ-In: 23.10 18:11:22,323| DQ-In: 23.10 18:11:22,577| C-In: 23.10 18:11:22,977|
Fehlernachricht fuer Luecke von 1325 bis 1325 C-In: 23.10 18:11:22,977|
lab29-42-<0.2545.0>-T3: Msg #1326, C-Out: 23.10 18:11:22,328| HBQ-In: 23.10 18:11:22,328| DQ-In: 23.10 18:11:22,581| C-In: 23.10 18:11:22,978|
lab29-37-<0.2967.0>-T3: Msg #1327, C-Out: 23.10 18:11:22,328| HBQ-In: 23.10 18:11:22,328| DQ-In: 23.10 18:11:22,581| C-In: 23.10 18:11:22,978|
lab29-32-<0.3394.0>-T3: Msg #1328, C-Out: 23.10 18:11:22,329| HBQ-In: 23.10 18:11:22,329| DQ-In: 23.10 18:11:22,581| C-In: 23.10 18:11:22,978|
lab29-72-<0.396.0>-T3: Msg #1329, C-Out: 23.10 18:11:22,332| HBQ-In: 23.10 18:11:22,332| DQ-In: 23.10 18:11:22,581| C-In: 23.10 18:11:22,979|
lab29-67-<0.708.0>-T3: Msg #1330, C-Out: 23.10 18:11:22,343| HBQ-In: 23.10 18:11:22,343| DQ-In: 23.10 18:11:22,581| C-In: 23.10 18:11:22,979|
lab29-62-<0.1043.0>-T3: Msg #1331, C-Out: 23.10 18:11:22,347| HBQ-In: 23.10 18:11:22,347| DQ-In: 23.10 18:11:22,581| C-In: 23.10 18:11:22,979|
lab29-57-<0.1365.0>-T3: Msg #1332, C-Out: 23.10 18:11:22,379| HBQ-In: 23.10 18:11:22,380| DQ-In: 23.10 18:11:22,581| C-In: 23.10 18:11:22,980|
Fehlernachricht fuer Luecke von 1333 bis 1333 C-In: 23.10 18:11:22,981|
lab29-77-<0.187.0>-T3: Msg #1334, C-Out: 23.10 18:11:22,388| HBQ-In: 23.10 18:11:22,389| DQ-In: 23.10 18:11:22,584| C-In: 23.10 18:11:22,982|
Fehlernachricht fuer Luecke von 1335 bis 1337 C-In: 23.10 18:11:22,982|
lab29-51-<0.1789.0>-T3: Msg #1338, C-Out: 23.10 18:11:22,517| HBQ-In: 23.10 18:11:22,517| DQ-In: 23.10 18:11:22,585| C-In: 23.10 18:11:22,983|
lab29-46-<0.2213.0>-T3: Msg #1339, C-Out: 23.10 18:11:22,517| HBQ-In: 23.10 18:11:22,517| DQ-In: 23.10 18:11:22,585| C-In: 23.10 18:11:22,983|
Fehlernachricht fuer Luecke von 1340 bis 1340 C-In: 23.10 18:11:22,983|
lab29-41-<0.2632.0>-T3: Msg #1341, C-Out: 23.10 18:11:22,528| HBQ-In: 23.10 18:11:22,529| DQ-In: 23.10 18:11:22,586| C-In: 23.10 18:11:22,983|
lab29-36-<0.3048.0>-T3: Msg #1342, C-Out: 23.10 18:11:22,528| HBQ-In: 23.10 18:11:22,529| DQ-In: 23.10 18:11:22,586| C-In: 23.10 18:11:22,984|
lab29-31-<0.3480.0>-T3: Msg #1343, C-Out: 23.10 18:11:22,530| HBQ-In: 23.10 18:11:22,530| DQ-In: 23.10 18:11:22,586| C-In: 23.10 18:11:22,987|
lab29-66-<0.743.0>-T3: Msg #1344, C-Out: 23.10 18:11:22,540| HBQ-In: 23.10 18:11:22,540| DQ-In: 23.10 18:11:22,586| C-In: 23.10 18:11:22,988|
lab29-56-<0.1439.0>-T3: Msg #1345, C-Out: 23.10 18:11:22,545| HBQ-In: 23.10 18:11:22,545| DQ-In: 23.10 18:11:22,586| C-In: 23.10 18:11:22,990|
Fehlernachricht fuer Luecke von 1346 bis 1346 C-In: 23.10 18:11:22,991|
lab29-61-<0.1100.0>-T3: Msg #1347, C-Out: 23.10 18:11:22,570| HBQ-In: 23.10 18:11:22,570| DQ-In: 23.10 18:11:22,719| C-In: 23.10 18:11:22,993|
lab29-76-<0.194.0>-T3: Msg #1348, C-Out: 23.10 18:11:22,591| HBQ-In: 23.10 18:11:22,592| DQ-In: 23.10 18:11:22,719| C-In: 23.10 18:11:22,993|
lab29-71-<0.461.0>-T3: Msg #1349, C-Out: 23.10 18:11:22,614| HBQ-In: 23.10 18:11:22,614| DQ-In: 23.10 18:11:22,719| C-In: 23.10 18:11:22,995|
Fehlernachricht fuer Luecke von 1350 bis 1351 C-In: 23.10 18:11:22,995|
lab29-50-<0.1864.0>-T3: Msg #1352, C-Out: 23.10 18:11:22,712| HBQ-In: 23.10 18:11:22,713| DQ-In: 23.10 18:11:22,726| C-In: 23.10 18:11:22,996|
Fehlernachricht fuer Luecke von 1353 bis 1353 C-In: 23.10 18:11:22,996|
lab29-45-<0.2293.0>-T3: Msg #1354, C-Out: 23.10 18:11:22,718| HBQ-In: 23.10 18:11:22,719| DQ-In: 23.10 18:11:22,736| C-In: 23.10 18:11:22,996|
lab29-70-<0.519.0>-T3: Msg #1355, C-Out: 23.10 18:11:22,718| HBQ-In: 23.10 18:11:22,719| DQ-In: 23.10 18:11:22,736| C-In: 23.10 18:11:22,997|
lab29-40-<0.2707.0>-T3: Msg #1356, C-Out: 23.10 18:11:22,722| HBQ-In: 23.10 18:11:22,723| DQ-In: 23.10 18:11:22,736| C-In: 23.10 18:11:22,997|
lab29-35-<0.3134.0>-T3: Msg #1357, C-Out: 23.10 18:11:22,726| HBQ-In: 23.10 18:11:22,726| DQ-In: 23.10 18:11:22,736| C-In: 23.10 18:11:22,997|
lab29-65-<0.819.0>-T3: Msg #1358, C-Out: 23.10 18:11:22,726| HBQ-In: 23.10 18:11:22,726| DQ-In: 23.10 18:11:22,736| C-In: 23.10 18:11:22,998|
lab29-30-<0.3559.0>-T3: Msg #1359, C-Out: 23.10 18:11:22,736| HBQ-In: 23.10 18:11:22,736| DQ-In: 23.10 18:11:22,736| C-In: 23.10 18:11:22,998|
lab29-60-<0.1170.0>-T3: Msg #1360, C-Out: 23.10 18:11:22,740| HBQ-In: 23.10 18:11:22,741| DQ-In: 23.10 18:11:22,741| C-In: 23.10 18:11:22,998|
Fehlernachricht fuer Luecke von 1361 bis 1361 C-In: 23.10 18:11:22,999|
lab29-55-<0.1513.0>-T3: Msg #1362, C-Out: 23.10 18:11:22,766| HBQ-In: 23.10 18:11:22,766| DQ-In: 23.10 18:11:22,930| C-In: 23.10 18:11:22,999|
lab29-75-<0.200.0>-T3: Msg #1363, C-Out: 23.10 18:11:22,789| HBQ-In: 23.10 18:11:22,792| DQ-In: 23.10 18:11:22,930| C-In: 23.10 18:11:22,999|
Fehlernachricht fuer Luecke von 1364 bis 1367 C-In: 23.10 18:11:22,000|
lab29-49-<0.1950.0>-T3: Msg #1368, C-Out: 23.10 18:11:22,912| HBQ-In: 23.10 18:11:22,912| DQ-In: 23.10 18:11:22,933| C-In: 23.10 18:11:22,000|
lab29-44-<0.2376.0>-T3: Msg #1369, C-Out: 23.10 18:11:22,917| HBQ-In: 23.10 18:11:22,918| DQ-In: 23.10 18:11:22,933| C-In: 23.10 18:11:22,000|
lab29-39-<0.2795.0>-T3: Msg #1370, C-Out: 23.10 18:11:22,930| HBQ-In: 23.10 18:11:22,930| DQ-In: 23.10 18:11:22,933| C-In: 23.10 18:11:22,001|
lab29-34-<0.3220.0>-T3: Msg #1371, C-Out: 23.10 18:11:22,930| HBQ-In: 23.10 18:11:22,930| DQ-In: 23.10 18:11:22,933| C-In: 23.10 18:11:22,003|
lab29-64-<0.899.0>-T3: Msg #1372, C-Out: 23.10 18:11:22,931| HBQ-In: 23.10 18:11:22,931| DQ-In: 23.10 18:11:22,933| C-In: 23.10 18:11:23,006|
lab29-69-<0.583.0>-T3: Msg #1373, C-Out: 23.10 18:11:22,933| HBQ-In: 23.10 18:11:22,933| DQ-In: 23.10 18:11:22,933| C-In: 23.10 18:11:23,008|
lab29-29-<0.3641.0>-T3: Msg #1374, C-Out: 23.10 18:11:22,937| HBQ-In: 23.10 18:11:22,937| DQ-In: 23.10 18:11:22,937| C-In: 23.10 18:11:23,009|
lab29-59-<0.1234.0>-T3: Msg #1375, C-Out: 23.10 18:11:22,944| HBQ-In: 23.10 18:11:22,944| DQ-In: 23.10 18:11:22,944| C-In: 23.10 18:11:23,009|
ReceiveMsgs done
lab29-74-<0.266.0>-T3: Msg #1484, C-Out: 23.10 18:11:24,510| gesendet
lab29-74-<0.266.0>-T3: Msg #1602, C-Out: 23.10 18:11:26,011| gesendet
lab29-74-<0.266.0>-T3: Msg #1748, C-Out: 23.10 18:11:27,513| gesendet
lab29-74-<0.266.0>-T3: Msg #1911, C-Out: 23.10 18:11:29,017| gesendet
lab29-74-<0.266.0>-T3: Msg #2062, C-Out: 23.10 18:11:30,520| gesendet
Neues Intervall: 2.25 Sekunden
Msg #2190 um 23.10 18:11:30,522| vergessen zu senden
lab29-22-<0.4210.0>-T3: Msg #1999, C-Out: 23.10 18:11:29,404| HBQ-In: 23.10 18:11:29,404| DQ-In: 23.10 18:11:29,966| C-In: 23.10 18:11:30,525|
lab29-47-<0.2127.0>-T3: Msg #2000, C-Out: 23.10 18:11:29,925| HBQ-In: 23.10 18:11:29,925| DQ-In: 23.10 18:11:29,966| C-In: 23.10 18:11:30,526|
lab29-62-<0.1043.0>-T3: Msg #2001, C-Out: 23.10 18:11:29,929| HBQ-In: 23.10 18:11:29,929| DQ-In: 23.10 18:11:29,966| C-In: 23.10 18:11:30,526|
Fehlernachricht fuer Luecke von 2002 bis 2002 C-In: 23.10 18:11:30,526|
lab29-77-<0.187.0>-T3: Msg #2003, C-Out: 23.10 18:11:29,939| HBQ-In: 23.10 18:11:29,939| DQ-In: 23.10 18:11:29,996| C-In: 23.10 18:11:30,526|
Fehlernachricht fuer Luecke von 2004 bis 2004 C-In: 23.10 18:11:30,527|
lab29-69-<0.583.0>-T3: Msg #2005, C-Out: 23.10 18:11:29,983| HBQ-In: 23.10 18:11:29,983| DQ-In: 23.10 18:11:30,016| C-In: 23.10 18:11:30,527|
Fehlernachricht fuer Luecke von 2006 bis 2006 C-In: 23.10 18:11:30,527|
lab29-54-<0.1586.0>-T3: Msg #2007, C-Out: 23.10 18:11:30,022| HBQ-In: 23.10 18:11:30,022| DQ-In: 23.10 18:11:30,022| C-In: 23.10 18:11:30,528|
lab29-16-<0.4681.0>-T3: Msg #2008, C-Out: 23.10 18:11:29,559| HBQ-In: 23.10 18:11:29,559| DQ-In: 23.10 18:11:30,022| C-In: 23.10 18:11:30,528|
Fehlernachricht fuer Luecke von 2009 bis 2009 C-In: 23.10 18:11:30,528|
lab29-11-<0.5067.0>-T3: Msg #2010, C-Out: 23.10 18:11:29,560| HBQ-In: 23.10 18:11:29,560| DQ-In: 23.10 18:11:30,140| C-In: 23.10 18:11:30,529|
Fehlernachricht fuer Luecke von 2011 bis 2011 C-In: 23.10 18:11:30,529|
lab29-6-<0.5440.0>-T3: Msg #2012, C-Out: 23.10 18:11:29,568| HBQ-In: 23.10 18:11:29,568| DQ-In: 23.10 18:11:30,146| C-In: 23.10 18:11:30,529|
lab29-1-<0.5818.0>-T3: Msg #2013, C-Out: 23.10 18:11:29,573| HBQ-In: 23.10 18:11:29,573| DQ-In: 23.10 18:11:30,146| C-In: 23.10 18:11:30,530|
lab29-31-<0.3480.0>-T3: Msg #2014, C-Out: 23.10 18:11:29,578| HBQ-In: 23.10 18:11:29,578| DQ-In: 23.10 18:11:30,146| C-In: 23.10 18:11:30,530|
lab29-36-<0.3048.0>-T3: Msg #2015, C-Out: 23.10 18:11:29,583| HBQ-In: 23.10 18:11:29,584| DQ-In: 23.10 18:11:30,146| C-In: 23.10 18:11:30,530|
lab29-26-<0.3898.0>-T3: Msg #2016, C-Out: 23.10 18:11:29,594| HBQ-In: 23.10 18:11:29,594| DQ-In: 23.10 18:11:30,146| C-In: 23.10 18:11:30,531|
lab29-41-<0.2632.0>-T3: Msg #2017, C-Out: 23.10 18:11:29,603| HBQ-In: 23.10 18:11:29,604| DQ-In: 23.10 18:11:30,146| C-In: 23.10 18:11:30,531|
lab29-21-<0.4291.0>-T3: Msg #2018, C-Out: 23.10 18:11:29,615| HBQ-In: 23.10 18:11:29,616| DQ-In: 23.10 18:11:30,146| C-In: 23.10 18:11:30,531|
lab29-46-<0.2213.0>-T3: Msg #2019, C-Out: 23.10 18:11:30,115| HBQ-In: 23.10 18:11:30,116| DQ-In: 23.10 18:11:30,146| C-In: 23.10 18:11:30,531|
Fehlernachricht fuer Luecke von 2020 bis 2020 C-In: 23.10 18:11:30,532|
lab29-61-<0.1100.0>-T3: Msg #2021, C-Out: 23.10 18:11:30,140| HBQ-In: 23.10 18:11:30,140| DQ-In: 23.10 18:11:30,202| C-In: 23.10 18:11:30,532|
lab29-76-<0.194.0>-T3: Msg #2022, C-Out: 23.10 18:11:30,146| HBQ-In: 23.10 18:11:30,146| DQ-In: 23.10 18:11:30,202| C-In: 23.10 18:11:30,532|
Fehlernachricht fuer Luecke von 2023 bis 2028 C-In: 23.10 18:11:30,533|
lab29-53-<0.1650.0>-T3: Msg #2029, C-Out: 23.10 18:11:30,200| HBQ-In: 23.10 18:11:30,202| DQ-In: 23.10 18:11:30,239| C-In: 23.10 18:11:30,533|
Fehlernachricht fuer Luecke von 2030 bis 2030 C-In: 23.10 18:11:30,533|
lab29-68-<0.633.0>-T3: Msg #2031, C-Out: 23.10 18:11:30,238| HBQ-In: 23.10 18:11:30,239| DQ-In: 23.10 18:11:30,278| C-In: 23.10 18:11:30,534|
Fehlernachricht fuer Luecke von 2032 bis 2032 C-In: 23.10 18:11:30,534|
lab29-35-<0.3134.0>-T3: Msg #2033, C-Out: 23.10 18:11:29,754| HBQ-In: 23.10 18:11:29,755| DQ-In: 23.10 18:11:30,326| C-In: 23.10 18:11:30,534|
lab29-15-<0.4762.0>-T3: Msg #2034, C-Out: 23.10 18:11:29,755| HBQ-In: 23.10 18:11:29,755| DQ-In: 23.10 18:11:30,326| C-In: 23.10 18:11:30,535|
lab29-10-<0.5112.0>-T3: Msg #2035, C-Out: 23.10 18:11:29,760| HBQ-In: 23.10 18:11:29,760| DQ-In: 23.10 18:11:30,326| C-In: 23.10 18:11:30,535|
lab29-40-<0.2707.0>-T3: Msg #2036, C-Out: 23.10 18:11:29,770| HBQ-In: 23.10 18:11:29,771| DQ-In: 23.10 18:11:30,326| C-In: 23.10 18:11:30,535|
lab29-5-<0.5513.0>-T3: Msg #2037, C-Out: 23.10 18:11:29,770| HBQ-In: 23.10 18:11:29,771| DQ-In: 23.10 18:11:30,326| C-In: 23.10 18:11:30,536|
Fehlernachricht fuer Luecke von 2038 bis 2038 C-In: 23.10 18:11:30,536|
lab29-60-<0.1170.0>-T3: Msg #2039, C-Out: 23.10 18:11:30,278| HBQ-In: 23.10 18:11:30,278| DQ-In: 23.10 18:11:30,381| C-In: 23.10 18:11:30,537|
lab29-25-<0.3973.0>-T3: Msg #2040, C-Out: 23.10 18:11:29,801| HBQ-In: 23.10 18:11:29,801| DQ-In: 23.10 18:11:30,381| C-In: 23.10 18:11:30,537|
lab29-20-<0.4365.0>-T3: Msg #2041, C-Out: 23.10 18:11:29,804| HBQ-In: 23.10 18:11:29,805| DQ-In: 23.10 18:11:30,381| C-In: 23.10 18:11:30,537|
lab29-30-<0.3559.0>-T3: Msg #2042, C-Out: 23.10 18:11:29,810| HBQ-In: 23.10 18:11:29,810| DQ-In: 23.10 18:11:30,381| C-In: 23.10 18:11:30,538|
lab29-45-<0.2293.0>-T3: Msg #2043, C-Out: 23.10 18:11:30,326| HBQ-In: 23.10 18:11:30,326| DQ-In: 23.10 18:11:30,381| C-In: 23.10 18:11:30,538|
Fehlernachricht fuer Luecke von 2044 bis 2044 C-In: 23.10 18:11:30,538|
lab29-75-<0.200.0>-T3: Msg #2045, C-Out: 23.10 18:11:30,377| HBQ-In: 23.10 18:11:30,377| DQ-In: 23.10 18:11:30,430| C-In: 23.10 18:11:30,539|
lab29-67-<0.708.0>-T3: Msg #2046, C-Out: 23.10 18:11:30,389| HBQ-In: 23.10 18:11:30,389| DQ-In: 23.10 18:11:30,430| C-In: 23.10 18:11:30,546|
Fehlernachricht fuer Luecke von 2047 bis 2049 C-In: 23.10 18:11:30,550|
lab29-52-<0.1713.0>-T3: Msg #2050, C-Out: 23.10 18:11:30,449| HBQ-In: 23.10 18:11:30,449| DQ-In: 23.10 18:11:30,496| C-In: 23.10 18:11:30,556|
lab29-14-<0.4846.0>-T3: Msg #2051, C-Out: 23.10 18:11:29,957| HBQ-In: 23.10 18:11:29,958| DQ-In: 23.10 18:11:30,496| C-In: 23.10 18:11:30,566|
Fehlernachricht fuer Luecke von 2052 bis 2052 C-In: 23.10 18:11:30,567|
lab29-9-<0.5191.0>-T3: Msg #2053, C-Out: 23.10 18:11:29,961| HBQ-In: 23.10 18:11:29,962| DQ-In: 23.10 18:11:30,525| C-In: 23.10 18:11:30,567|
lab29-39-<0.2795.0>-T3: Msg #2054, C-Out: 23.10 18:11:29,966| HBQ-In: 23.10 18:11:29,966| DQ-In: 23.10 18:11:30,525| C-In: 23.10 18:11:30,567|
lab29-4-<0.5587.0>-T3: Msg #2055, C-Out: 23.10 18:11:29,966| HBQ-In: 23.10 18:11:29,966| DQ-In: 23.10 18:11:30,525| C-In: 23.10 18:11:30,568|
ReceiveMsgs done
lab29-74-<0.266.0>-T3: Msg #2195, C-Out: 23.10 18:11:32,819| gesendet
lab29-74-<0.266.0>-T3: Msg #2416, C-Out: 23.10 18:11:35,071| gesendet
lab29-74-<0.266.0>-T3: Msg #2605, C-Out: 23.10 18:11:37,322| gesendet
lab29-74-<0.266.0>-T3: Msg #2762, C-Out: 23.10 18:11:39,577| gesendet
