lab29-47-<0.2127.0>-T3 C-Start: 23.10 18:11:18,310|
lab29-47-<0.2127.0>-T3: Msg #1088, C-Out: 23.10 18:11:19,312| gesendet
lab29-47-<0.2127.0>-T3: Msg #1177, C-Out: 23.10 18:11:20,319| gesendet
lab29-47-<0.2127.0>-T3: Msg #1248, C-Out: 23.10 18:11:21,320| gesendet
lab29-47-<0.2127.0>-T3: Msg #1324, C-Out: 23.10 18:11:22,323| gesendet
lab29-47-<0.2127.0>-T3: Msg #1397, C-Out: 23.10 18:11:23,324| gesendet
Neues Intervall: 1 Sekunden
Msg #1502 um 23.10 18:11:23,324| vergessen zu senden
Fehlernachricht fuer Luecke von 1335 bis 1337 C-In: 23.10 18:11:23,327|
lab29-51-<0.1789.0>-T3: Msg #1338, C-Out: 23.10 18:11:22,517| HBQ-In: 23.10 18:11:22,517| DQ-In: 23.10 18:11:22,585| C-In: 23.10 18:11:23,330|
lab29-46-<0.2213.0>-T3: Msg #1339, C-Out: 23.10 18:11:22,517| HBQ-In: 23.10 18:11:22,517| DQ-In: 23.10 18:11:22,585| C-In: 23.10 18:11:23,330|
Fehlernachricht fuer Luecke von 1340 bis 1340 C-In: 23.10 18:11:23,330|
lab29-41-<0.2632.0>-T3: Msg #1341, C-Out: 23.10 18:11:22,528| HBQ-In: 23.10 18:11:22,529| DQ-In: 23.10 18:11:22,586| C-In: 23.10 18:11:23,331|
lab29-36-<0.3048.0>-T3: Msg #1342, C-Out: 23.10 18:11:22,528| HBQ-In: 23.10 18:11:22,529| DQ-In: 23.10 18:11:22,586| C-In: 23.10 18:11:23,331|
lab29-31-<0.3480.0>-T3: Msg #1343, C-Out: 23.10 18:11:22,530| HBQ-In: 23.10 18:11:22,530| DQ-In: 23.10 18:11:22,586| C-In: 23.10 18:11:23,331|
lab29-66-<0.743.0>-T3: Msg #1344, C-Out: 23.10 18:11:22,540| HBQ-In: 23.10 18:11:22,540| DQ-In: 23.10 18:11:22,586| C-In: 23.10 18:11:23,332|
lab29-56-<0.1439.0>-T3: Msg #1345, C-Out: 23.10 18:11:22,545| HBQ-In: 23.10 18:11:22,545| DQ-In: 23.10 18:11:22,586| C-In: 23.10 18:11:23,332|
Fehlernachricht fuer Luecke von 1346 bis 1346 C-In: 23.10 18:11:23,332|
lab29-61-<0.1100.0>-T3: Msg #1347, C-Out: 23.10 18:11:22,570| HBQ-In: 23.10 18:11:22,570| DQ-In: 23.10 18:11:22,719| C-In: 23.10 18:11:23,332|
lab29-76-<0.194.0>-T3: Msg #1348, C-Out: 23.10 18:11:22,591| HBQ-In: 23.10 18:11:22,592| DQ-In: 23.10 18:11:22,719| C-In: 23.10 18:11:23,333|
lab29-71-<0.461.0>-T3: Msg #1349, C-Out: 23.10 18:11:22,614| HBQ-In: 23.10 18:11:22,614| DQ-In: 23.10 18:11:22,719| C-In: 23.10 18:11:23,333|
Fehlernachricht fuer Luecke von 1350 bis 1351 C-In: 23.10 18:11:23,333|
lab29-50-<0.1864.0>-T3: Msg #1352, C-Out: 23.10 18:11:22,712| HBQ-In: 23.10 18:11:22,713| DQ-In: 23.10 18:11:22,726| C-In: 23.10 18:11:23,334|
Fehlernachricht fuer Luecke von 1353 bis 1353 C-In: 23.10 18:11:23,334|
lab29-45-<0.2293.0>-T3: Msg #1354, C-Out: 23.10 18:11:22,718| HBQ-In: 23.10 18:11:22,719| DQ-In: 23.10 18:11:22,736| C-In: 23.10 18:11:23,334|
lab29-70-<0.519.0>-T3: Msg #1355, C-Out: 23.10 18:11:22,718| HBQ-In: 23.10 18:11:22,719| DQ-In: 23.10 18:11:22,736| C-In: 23.10 18:11:23,334|
lab29-40-<0.2707.0>-T3: Msg #1356, C-Out: 23.10 18:11:22,722| HBQ-In: 23.10 18:11:22,723| DQ-In: 23.10 18:11:22,736| C-In: 23.10 18:11:23,335|
lab29-35-<0.3134.0>-T3: Msg #1357, C-Out: 23.10 18:11:22,726| HBQ-In: 23.10 18:11:22,726| DQ-In: 23.10 18:11:22,736| C-In: 23.10 18:11:23,335|
lab29-65-<0.819.0>-T3: Msg #1358, C-Out: 23.10 18:11:22,726| HBQ-In: 23.10 18:11:22,726| DQ-In: 23.10 18:11:22,736| C-In: 23.10 18:11:23,335|
lab29-30-<0.3559.0>-T3: Msg #1359, C-Out: 23.10 18:11:22,736| HBQ-In: 23.10 18:11:22,736| DQ-In: 23.10 18:11:22,736| C-In: 23.10 18:11:23,336|
lab29-60-<0.1170.0>-T3: Msg #1360, C-Out: 23.10 18:11:22,740| HBQ-In: 23.10 18:11:22,741| DQ-In: 23.10 18:11:22,741| C-In: 23.10 18:11:23,336|
Fehlernachricht fuer Luecke von 1361 bis 1361 C-In: 23.10 18:11:23,337|
lab29-55-<0.1513.0>-T3: Msg #1362, C-Out: 23.10 18:11:22,766| HBQ-In: 23.10 18:11:22,766| DQ-In: 23.10 18:11:22,930| C-In: 23.10 18:11:23,339|
lab29-75-<0.200.0>-T3: Msg #1363, C-Out: 23.10 18:11:22,789| HBQ-In: 23.10 18:11:22,792| DQ-In: 23.10 18:11:22,930| C-In: 23.10 18:11:23,339|
Fehlernachricht fuer Luecke von 1364 bis 1367 C-In: 23.10 18:11:23,340|
lab29-49-<0.1950.0>-T3: Msg #1368, C-Out: 23.10 18:11:22,912| HBQ-In: 23.10 18:11:22,912| DQ-In: 23.10 18:11:22,933| C-In: 23.10 18:11:23,340|
lab29-44-<0.2376.0>-T3: Msg #1369, C-Out: 23.10 18:11:22,917| HBQ-In: 23.10 18:11:22,918| DQ-In: 23.10 18:11:22,933| C-In: 23.10 18:11:23,341|
lab29-39-<0.2795.0>-T3: Msg #1370, C-Out: 23.10 18:11:22,930| HBQ-In: 23.10 18:11:22,930| DQ-In: 23.10 18:11:22,933| C-In: 23.10 18:11:23,341|
lab29-34-<0.3220.0>-T3: Msg #1371, C-Out: 23.10 18:11:22,930| HBQ-In: 23.10 18:11:22,930| DQ-In: 23.10 18:11:22,933| C-In: 23.10 18:11:23,341|
lab29-64-<0.899.0>-T3: Msg #1372, C-Out: 23.10 18:11:22,931| HBQ-In: 23.10 18:11:22,931| DQ-In: 23.10 18:11:22,933| C-In: 23.10 18:11:23,344|
lab29-69-<0.583.0>-T3: Msg #1373, C-Out: 23.10 18:11:22,933| HBQ-In: 23.10 18:11:22,933| DQ-In: 23.10 18:11:22,933| C-In: 23.10 18:11:23,344|
lab29-29-<0.3641.0>-T3: Msg #1374, C-Out: 23.10 18:11:22,937| HBQ-In: 23.10 18:11:22,937| DQ-In: 23.10 18:11:22,937| C-In: 23.10 18:11:23,344|
lab29-59-<0.1234.0>-T3: Msg #1375, C-Out: 23.10 18:11:22,944| HBQ-In: 23.10 18:11:22,944| DQ-In: 23.10 18:11:22,944| C-In: 23.10 18:11:23,344|
Fehlernachricht fuer Luecke von 1376 bis 1376 C-In: 23.10 18:11:23,345|
lab29-54-<0.1586.0>-T3: Msg #1377, C-Out: 23.10 18:11:22,964| HBQ-In: 23.10 18:11:22,964| DQ-In: 23.10 18:11:23,132| C-In: 23.10 18:11:23,345|
lab29-74-<0.266.0>-T3: Msg #1378, C-Out: 23.10 18:11:22,971| HBQ-In: 23.10 18:11:22,971| DQ-In: 23.10 18:11:23,132| C-In: 23.10 18:11:23,345|
Fehlernachricht fuer Luecke von 1379 bis 1382 C-In: 23.10 18:11:23,346|
lab29-43-<0.2458.0>-T3: Msg #1383, C-Out: 23.10 18:11:23,124| HBQ-In: 23.10 18:11:23,125| DQ-In: 23.10 18:11:23,135| C-In: 23.10 18:11:23,346|
lab29-48-<0.2035.0>-T3: Msg #1384, C-Out: 23.10 18:11:23,124| HBQ-In: 23.10 18:11:23,125| DQ-In: 23.10 18:11:23,135| C-In: 23.10 18:11:23,346|
Fehlernachricht fuer Luecke von 1385 bis 1385 C-In: 23.10 18:11:23,347|
lab29-33-<0.3306.0>-T3: Msg #1386, C-Out: 23.10 18:11:23,131| HBQ-In: 23.10 18:11:23,131| DQ-In: 23.10 18:11:23,145| C-In: 23.10 18:11:23,347|
lab29-73-<0.332.0>-T3: Msg #1387, C-Out: 23.10 18:11:23,132| HBQ-In: 23.10 18:11:23,132| DQ-In: 23.10 18:11:23,145| C-In: 23.10 18:11:23,347|
lab29-38-<0.2880.0>-T3: Msg #1388, C-Out: 23.10 18:11:23,132| HBQ-In: 23.10 18:11:23,132| DQ-In: 23.10 18:11:23,145| C-In: 23.10 18:11:23,347|
lab29-28-<0.3729.0>-T3: Msg #1389, C-Out: 23.10 18:11:23,135| HBQ-In: 23.10 18:11:23,135| DQ-In: 23.10 18:11:23,145| C-In: 23.10 18:11:23,353|
lab29-68-<0.633.0>-T3: Msg #1390, C-Out: 23.10 18:11:23,137| HBQ-In: 23.10 18:11:23,137| DQ-In: 23.10 18:11:23,145| C-In: 23.10 18:11:23,355|
lab29-53-<0.1650.0>-T3: Msg #1391, C-Out: 23.10 18:11:23,145| HBQ-In: 23.10 18:11:23,145| DQ-In: 23.10 18:11:23,145| C-In: 23.10 18:11:23,355|
lab29-63-<0.983.0>-T3: Msg #1392, C-Out: 23.10 18:11:23,149| HBQ-In: 23.10 18:11:23,150| DQ-In: 23.10 18:11:23,150| C-In: 23.10 18:11:23,355|
lab29-58-<0.1296.0>-T3: Msg #1393, C-Out: 23.10 18:11:23,152| HBQ-In: 23.10 18:11:23,152| DQ-In: 23.10 18:11:23,152| C-In: 23.10 18:11:23,356|
Fehlernachricht fuer Luecke von 1394 bis 1396 C-In: 23.10 18:11:23,357|
lab29-47-<0.2127.0>-T3: Msg #1397, C-Out: 23.10 18:11:23,324| HBQ-In: 23.10 18:11:23,324| DQ-In: 23.10 18:11:23,337|******* C-In: 23.10 18:11:23,358|
Fehlernachricht fuer Luecke von 1398 bis 1398 C-In: 23.10 18:11:23,358|
lab29-37-<0.2967.0>-T3: Msg #1399, C-Out: 23.10 18:11:23,330| HBQ-In: 23.10 18:11:23,330| DQ-In: 23.10 18:11:23,345| C-In: 23.10 18:11:23,358|
lab29-42-<0.2545.0>-T3: Msg #1400, C-Out: 23.10 18:11:23,330| HBQ-In: 23.10 18:11:23,330| DQ-In: 23.10 18:11:23,345| C-In: 23.10 18:11:23,359|
lab29-32-<0.3394.0>-T3: Msg #1401, C-Out: 23.10 18:11:23,330| HBQ-In: 23.10 18:11:23,330| DQ-In: 23.10 18:11:23,345| C-In: 23.10 18:11:23,362|
lab29-72-<0.396.0>-T3: Msg #1402, C-Out: 23.10 18:11:23,333| HBQ-In: 23.10 18:11:23,333| DQ-In: 23.10 18:11:23,345| C-In: 23.10 18:11:23,364|
lab29-27-<0.3815.0>-T3: Msg #1403, C-Out: 23.10 18:11:23,337| HBQ-In: 23.10 18:11:23,337| DQ-In: 23.10 18:11:23,345| C-In: 23.10 18:11:23,364|
lab29-67-<0.708.0>-T3: Msg #1404, C-Out: 23.10 18:11:23,345| HBQ-In: 23.10 18:11:23,345| DQ-In: 23.10 18:11:23,345| C-In: 23.10 18:11:23,365|
lab29-62-<0.1043.0>-T3: Msg #1405, C-Out: 23.10 18:11:23,353| HBQ-In: 23.10 18:11:23,355| DQ-In: 23.10 18:11:23,355| C-In: 23.10 18:11:23,365|
ReceiveMsgs done
lab29-47-<0.2127.0>-T3: Msg #1512, C-Out: 23.10 18:11:24,366| gesendet
lab29-47-<0.2127.0>-T3: Msg #1594, C-Out: 23.10 18:11:25,369| gesendet
lab29-47-<0.2127.0>-T3: Msg #1683, C-Out: 23.10 18:11:26,379| gesendet
lab29-47-<0.2127.0>-T3: Msg #1781, C-Out: 23.10 18:11:27,380| gesendet
lab29-47-<0.2127.0>-T3: Msg #1900, C-Out: 23.10 18:11:28,382| gesendet
Neues Intervall: 1.5 Sekunden
Msg #1996 um 23.10 18:11:28,382| vergessen zu senden
lab29-16-<0.4681.0>-T3: Msg #1795, C-Out: 23.10 18:11:27,552| HBQ-In: 23.10 18:11:27,554| DQ-In: 23.10 18:11:27,577| C-In: 23.10 18:11:28,383|
lab29-11-<0.5067.0>-T3: Msg #1796, C-Out: 23.10 18:11:27,556| HBQ-In: 23.10 18:11:27,556| DQ-In: 23.10 18:11:27,577| C-In: 23.10 18:11:28,383|
lab29-46-<0.2213.0>-T3: Msg #1797, C-Out: 23.10 18:11:27,556| HBQ-In: 23.10 18:11:27,557| DQ-In: 23.10 18:11:27,577| C-In: 23.10 18:11:28,383|
lab29-6-<0.5440.0>-T3: Msg #1798, C-Out: 23.10 18:11:27,563| HBQ-In: 23.10 18:11:27,564| DQ-In: 23.10 18:11:27,577| C-In: 23.10 18:11:28,384|
lab29-31-<0.3480.0>-T3: Msg #1799, C-Out: 23.10 18:11:27,572| HBQ-In: 23.10 18:11:27,572| DQ-In: 23.10 18:11:27,578| C-In: 23.10 18:11:28,384|
lab29-51-<0.1789.0>-T3: Msg #1800, C-Out: 23.10 18:11:27,576| HBQ-In: 23.10 18:11:27,577| DQ-In: 23.10 18:11:27,578| C-In: 23.10 18:11:28,384|
lab29-36-<0.3048.0>-T3: Msg #1801, C-Out: 23.10 18:11:27,581| HBQ-In: 23.10 18:11:27,581| DQ-In: 23.10 18:11:27,581| C-In: 23.10 18:11:28,385|
Fehlernachricht fuer Luecke von 1802 bis 1802 C-In: 23.10 18:11:28,388|
lab29-41-<0.2632.0>-T3: Msg #1803, C-Out: 23.10 18:11:27,601| HBQ-In: 23.10 18:11:27,601| DQ-In: 23.10 18:11:27,756| C-In: 23.10 18:11:28,390|
Fehlernachricht fuer Luecke von 1804 bis 1805 C-In: 23.10 18:11:28,391|
2-client@lab23: 1806. Nachricht--Gruppe:1-Team:5-Sendezeit:18:11:26 HBQ-In: 23.10 18:11:26,629| DQ-In: 23.10 18:11:27,766| C-In: 23.10 18:11:28,391|
1-client@lab23: 1807. Nachricht--Gruppe:1-Team:5-Sendezeit:18:11:26 HBQ-In: 23.10 18:11:26,630| DQ-In: 23.10 18:11:27,766| C-In: 23.10 18:11:28,391|
3-client@lab23: 1808. Nachricht--Gruppe:1-Team:5-Sendezeit:18:11:26 HBQ-In: 23.10 18:11:26,635| DQ-In: 23.10 18:11:27,766| C-In: 23.10 18:11:28,391|
4-client@lab23: 1809. Nachricht--Gruppe:1-Team:5-Sendezeit:18:11:26 HBQ-In: 23.10 18:11:26,632| DQ-In: 23.10 18:11:27,766| C-In: 23.10 18:11:28,392|
2-client@lab23: 1810. Nachricht--Gruppe:1-Team:5-Sendezeit:18:11:26 HBQ-In: 23.10 18:11:26,635| DQ-In: 23.10 18:11:27,766| C-In: 23.10 18:11:28,392|
5-client@lab23: 1811. Nachricht--Gruppe:1-Team:5-Sendezeit:18:11:26 HBQ-In: 23.10 18:11:26,635| DQ-In: 23.10 18:11:27,766| C-In: 23.10 18:11:28,392|
1-client@lab23: 1812. Nachricht--Gruppe:1-Team:5-Sendezeit:18:11:26 HBQ-In: 23.10 18:11:26,635| DQ-In: 23.10 18:11:27,766| C-In: 23.10 18:11:28,395|
4-client@lab23: 1813. Nachricht--Gruppe:1-Team:5-Sendezeit:18:11:26 HBQ-In: 23.10 18:11:26,635| DQ-In: 23.10 18:11:27,766| C-In: 23.10 18:11:28,395|
3-client@lab23: 1814. Nachricht--Gruppe:1-Team:5-Sendezeit:18:11:26 HBQ-In: 23.10 18:11:26,636| DQ-In: 23.10 18:11:27,766| C-In: 23.10 18:11:28,396|
5-client@lab23: 1815. Nachricht--Gruppe:1-Team:5-Sendezeit:18:11:26 HBQ-In: 23.10 18:11:26,638| DQ-In: 23.10 18:11:27,766| C-In: 23.10 18:11:28,396|
2-client@lab23: 1816. Nachricht--Gruppe:1-Team:5-Sendezeit:18:11:26 HBQ-In: 23.10 18:11:26,641| DQ-In: 23.10 18:11:27,766| C-In: 23.10 18:11:28,396|
1-client@lab23: 1817. Nachricht--Gruppe:1-Team:5-Sendezeit:18:11:26 HBQ-In: 23.10 18:11:26,641| DQ-In: 23.10 18:11:27,766| C-In: 23.10 18:11:28,397|
4-client@lab23: 1818. Nachricht--Gruppe:1-Team:5-Sendezeit:18:11:26 HBQ-In: 23.10 18:11:26,641| DQ-In: 23.10 18:11:27,766| C-In: 23.10 18:11:28,397|
3-client@lab23: 1819. Nachricht--Gruppe:1-Team:5-Sendezeit:18:11:26 HBQ-In: 23.10 18:11:26,641| DQ-In: 23.10 18:11:27,766| C-In: 23.10 18:11:28,397|
5-client@lab23: 1820. Nachricht--Gruppe:1-Team:5-Sendezeit:18:11:26 HBQ-In: 23.10 18:11:26,641| DQ-In: 23.10 18:11:27,766| C-In: 23.10 18:11:28,397|
2-client@lab23: 1821. Nachricht--Gruppe:1-Team:5-Sendezeit:18:11:26 HBQ-In: 23.10 18:11:26,644| DQ-In: 23.10 18:11:27,766| C-In: 23.10 18:11:28,398|
5-client@lab23: 1822. Nachricht--Gruppe:1-Team:5-Sendezeit:18:11:26 HBQ-In: 23.10 18:11:26,644| DQ-In: 23.10 18:11:27,766| C-In: 23.10 18:11:28,400|
1-client@lab23: 1823. Nachricht--Gruppe:1-Team:5-Sendezeit:18:11:26 HBQ-In: 23.10 18:11:26,644| DQ-In: 23.10 18:11:27,766| C-In: 23.10 18:11:28,401|
4-client@lab23: 1824. Nachricht--Gruppe:1-Team:5-Sendezeit:18:11:26 HBQ-In: 23.10 18:11:26,645| DQ-In: 23.10 18:11:27,766| C-In: 23.10 18:11:28,401|
3-client@lab23: 1825. Nachricht--Gruppe:1-Team:5-Sendezeit:18:11:26 HBQ-In: 23.10 18:11:26,645| DQ-In: 23.10 18:11:27,766| C-In: 23.10 18:11:28,401|
Fehlernachricht fuer Luecke von 1826 bis 1837 C-In: 23.10 18:11:28,402|
lab29-25-<0.3973.0>-T3: Msg #1838, C-Out: 23.10 18:11:27,750| HBQ-In: 23.10 18:11:27,750| DQ-In: 23.10 18:11:28,163| C-In: 23.10 18:11:28,402|
lab29-20-<0.4365.0>-T3: Msg #1839, C-Out: 23.10 18:11:27,750| HBQ-In: 23.10 18:11:27,750| DQ-In: 23.10 18:11:28,163| C-In: 23.10 18:11:28,402|
lab29-35-<0.3134.0>-T3: Msg #1840, C-Out: 23.10 18:11:27,751| HBQ-In: 23.10 18:11:27,751| DQ-In: 23.10 18:11:28,163| C-In: 23.10 18:11:28,403|
lab29-15-<0.4762.0>-T3: Msg #1841, C-Out: 23.10 18:11:27,753| HBQ-In: 23.10 18:11:27,753| DQ-In: 23.10 18:11:28,163| C-In: 23.10 18:11:28,403|
lab29-10-<0.5112.0>-T3: Msg #1842, C-Out: 23.10 18:11:27,756| HBQ-In: 23.10 18:11:27,756| DQ-In: 23.10 18:11:28,163| C-In: 23.10 18:11:28,405|
lab29-5-<0.5513.0>-T3: Msg #1843, C-Out: 23.10 18:11:27,766| HBQ-In: 23.10 18:11:27,766| DQ-In: 23.10 18:11:28,163| C-In: 23.10 18:11:28,406|
lab29-40-<0.2707.0>-T3: Msg #1844, C-Out: 23.10 18:11:27,766| HBQ-In: 23.10 18:11:27,766| DQ-In: 23.10 18:11:28,163| C-In: 23.10 18:11:28,408|
lab29-70-<0.519.0>-T3: Msg #1845, C-Out: 23.10 18:11:28,271| HBQ-In: 23.10 18:11:28,271| DQ-In: 23.10 18:11:28,271| C-In: 23.10 18:11:28,409|
lab29-45-<0.2293.0>-T3: Msg #1846, C-Out: 23.10 18:11:27,772| HBQ-In: 23.10 18:11:27,772| DQ-In: 23.10 18:11:28,271| C-In: 23.10 18:11:28,409|
Fehlernachricht fuer Luecke von 1847 bis 1847 C-In: 23.10 18:11:28,409|
lab29-30-<0.3559.0>-T3: Msg #1848, C-Out: 23.10 18:11:27,805| HBQ-In: 23.10 18:11:27,805| DQ-In: 23.10 18:11:28,355| C-In: 23.10 18:11:28,410|
lab29-50-<0.1864.0>-T3: Msg #1849, C-Out: 23.10 18:11:27,812| HBQ-In: 23.10 18:11:27,812| DQ-In: 23.10 18:11:28,355| C-In: 23.10 18:11:28,410|
lab29-55-<0.1513.0>-T3: Msg #1850, C-Out: 23.10 18:11:28,311| HBQ-In: 23.10 18:11:28,312| DQ-In: 23.10 18:11:28,355| C-In: 23.10 18:11:28,410|
Fehlernachricht fuer Luecke von 1851 bis 1854 C-In: 23.10 18:11:28,411|
lab29-24-<0.4051.0>-T3: Msg #1855, C-Out: 23.10 18:11:27,947| HBQ-In: 23.10 18:11:27,947| DQ-In: 23.10 18:11:28,376| C-In: 23.10 18:11:28,411|
lab29-19-<0.4442.0>-T3: Msg #1856, C-Out: 23.10 18:11:27,951| HBQ-In: 23.10 18:11:27,953| DQ-In: 23.10 18:11:28,376| C-In: 23.10 18:11:28,411|
Fehlernachricht fuer Luecke von 1857 bis 1857 C-In: 23.10 18:11:28,414|
lab29-14-<0.4846.0>-T3: Msg #1858, C-Out: 23.10 18:11:27,955| HBQ-In: 23.10 18:11:27,955| DQ-In: 23.10 18:11:28,382| C-In: 23.10 18:11:28,416|
lab29-9-<0.5191.0>-T3: Msg #1859, C-Out: 23.10 18:11:27,959| HBQ-In: 23.10 18:11:27,959| DQ-In: 23.10 18:11:28,382| C-In: 23.10 18:11:28,421|
Fehlernachricht fuer Luecke von 1860 bis 1860 C-In: 23.10 18:11:28,422|
lab29-39-<0.2795.0>-T3: Msg #1861, C-Out: 23.10 18:11:27,964| HBQ-In: 23.10 18:11:27,964| DQ-In: 23.10 18:11:28,401| C-In: 23.10 18:11:28,422|
lab29-49-<0.1950.0>-T3: Msg #1862, C-Out: 23.10 18:11:27,964| HBQ-In: 23.10 18:11:27,964| DQ-In: 23.10 18:11:28,401| C-In: 23.10 18:11:28,423|
lab29-4-<0.5587.0>-T3: Msg #1863, C-Out: 23.10 18:11:27,964| HBQ-In: 23.10 18:11:27,964| DQ-In: 23.10 18:11:28,401| C-In: 23.10 18:11:28,423|
lab29-44-<0.2376.0>-T3: Msg #1864, C-Out: 23.10 18:11:27,970| HBQ-In: 23.10 18:11:27,970| DQ-In: 23.10 18:11:28,401| C-In: 23.10 18:11:28,423|
ReceiveMsgs done
lab29-47-<0.2127.0>-T3: Msg #2000, C-Out: 23.10 18:11:29,925| gesendet
lab29-47-<0.2127.0>-T3: Msg #2135, C-Out: 23.10 18:11:31,426| gesendet
lab29-47-<0.2127.0>-T3: Msg #2296, C-Out: 23.10 18:11:32,927| gesendet
lab29-47-<0.2127.0>-T3: Msg #2422, C-Out: 23.10 18:11:34,429| gesendet
lab29-47-<0.2127.0>-T3: Msg #2531, C-Out: 23.10 18:11:35,932| gesendet
Neues Intervall: 2.25 Sekunden
Msg #2663 um 23.10 18:11:35,933| vergessen zu senden
lab29-14-<0.4846.0>-T3: Msg #2433, C-Out: 23.10 18:11:34,023| HBQ-In: 23.10 18:11:34,023| DQ-In: 23.10 18:11:34,753| C-In: 23.10 18:11:35,938|
lab29-54-<0.1586.0>-T3: Msg #2434, C-Out: 23.10 18:11:34,530| HBQ-In: 23.10 18:11:34,530| DQ-In: 23.10 18:11:34,753| C-In: 23.10 18:11:35,943|
lab29-39-<0.2795.0>-T3: Msg #2435, C-Out: 23.10 18:11:34,532| HBQ-In: 23.10 18:11:34,533| DQ-In: 23.10 18:11:34,753| C-In: 23.10 18:11:35,944|
lab29-46-<0.2213.0>-T3: Msg #2436, C-Out: 23.10 18:11:34,621| HBQ-In: 23.10 18:11:34,621| DQ-In: 23.10 18:11:34,753| C-In: 23.10 18:11:35,945|
lab29-31-<0.3480.0>-T3: Msg #2437, C-Out: 23.10 18:11:34,625| HBQ-In: 23.10 18:11:34,625| DQ-In: 23.10 18:11:34,753| C-In: 23.10 18:11:35,945|
Fehlernachricht fuer Luecke von 2438 bis 2442 C-In: 23.10 18:11:35,946|
lab29-53-<0.1650.0>-T3: Msg #2443, C-Out: 23.10 18:11:34,709| HBQ-In: 23.10 18:11:34,709| DQ-In: 23.10 18:11:34,767| C-In: 23.10 18:11:35,946|
lab29-8-<0.5273.0>-T3: Msg #2444, C-Out: 23.10 18:11:34,209| HBQ-In: 23.10 18:11:34,209| DQ-In: 23.10 18:11:34,767| C-In: 23.10 18:11:35,947|
lab29-18-<0.4519.0>-T3: Msg #2445, C-Out: 23.10 18:11:34,220| HBQ-In: 23.10 18:11:34,220| DQ-In: 23.10 18:11:34,767| C-In: 23.10 18:11:35,947|
Fehlernachricht fuer Luecke von 2446 bis 2446 C-In: 23.10 18:11:35,948|
lab29-3-<0.5663.0>-T3: Msg #2447, C-Out: 23.10 18:11:34,226| HBQ-In: 23.10 18:11:34,227| DQ-In: 23.10 18:11:34,778| C-In: 23.10 18:11:35,949|
lab29-23-<0.4130.0>-T3: Msg #2448, C-Out: 23.10 18:11:34,751| HBQ-In: 23.10 18:11:34,753| DQ-In: 23.10 18:11:34,778| C-In: 23.10 18:11:35,949|
lab29-13-<0.4921.0>-T3: Msg #2449, C-Out: 23.10 18:11:34,260| HBQ-In: 23.10 18:11:34,260| DQ-In: 23.10 18:11:34,778| C-In: 23.10 18:11:35,949|
lab29-38-<0.2880.0>-T3: Msg #2450, C-Out: 23.10 18:11:34,765| HBQ-In: 23.10 18:11:34,765| DQ-In: 23.10 18:11:34,778| C-In: 23.10 18:11:35,949|
Fehlernachricht fuer Luecke von 2451 bis 2456 C-In: 23.10 18:11:35,950|
lab29-7-<0.5358.0>-T3: Msg #2457, C-Out: 23.10 18:11:34,422| HBQ-In: 23.10 18:11:34,422| DQ-In: 23.10 18:11:34,782| C-In: 23.10 18:11:35,952|
Fehlernachricht fuer Luecke von 2458 bis 2458 C-In: 23.10 18:11:35,955|
lab29-2-<0.5741.0>-T3: Msg #2459, C-Out: 23.10 18:11:34,435| HBQ-In: 23.10 18:11:34,435| DQ-In: 23.10 18:11:34,786| C-In: 23.10 18:11:35,960|
lab29-12-<0.4991.0>-T3: Msg #2460, C-Out: 23.10 18:11:34,436| HBQ-In: 23.10 18:11:34,436| DQ-In: 23.10 18:11:34,786| C-In: 23.10 18:11:35,963|
lab29-17-<0.4601.0>-T3: Msg #2461, C-Out: 23.10 18:11:34,436| HBQ-In: 23.10 18:11:34,436| DQ-In: 23.10 18:11:34,786| C-In: 23.10 18:11:35,967|
Fehlernachricht fuer Luecke von 2462 bis 2471 C-In: 23.10 18:11:35,967|
lab29-6-<0.5440.0>-T3: Msg #2472, C-Out: 23.10 18:11:34,616| HBQ-In: 23.10 18:11:34,616| DQ-In: 23.10 18:11:34,828| C-In: 23.10 18:11:35,969|
Fehlernachricht fuer Luecke von 2473 bis 2473 C-In: 23.10 18:11:35,969|
lab29-11-<0.5067.0>-T3: Msg #2474, C-Out: 23.10 18:11:34,622| HBQ-In: 23.10 18:11:34,622| DQ-In: 23.10 18:11:34,838| C-In: 23.10 18:11:35,970|
Fehlernachricht fuer Luecke von 2475 bis 2475 C-In: 23.10 18:11:35,972|
lab29-16-<0.4681.0>-T3: Msg #2476, C-Out: 23.10 18:11:34,633| HBQ-In: 23.10 18:11:34,633| DQ-In: 23.10 18:11:35,012| C-In: 23.10 18:11:35,972|
Fehlernachricht fuer Luecke von 2477 bis 2478 C-In: 23.10 18:11:35,975|
lab29-1-<0.5818.0>-T3: Msg #2479, C-Out: 23.10 18:11:34,637| HBQ-In: 23.10 18:11:34,637| DQ-In: 23.10 18:11:35,025| C-In: 23.10 18:11:35,976|
Fehlernachricht fuer Luecke von 2480 bis 2486 C-In: 23.10 18:11:35,978|
lab29-15-<0.4762.0>-T3: Msg #2487, C-Out: 23.10 18:11:34,812| HBQ-In: 23.10 18:11:34,812| DQ-In: 23.10 18:11:35,025| C-In: 23.10 18:11:35,979|
Fehlernachricht fuer Luecke von 2488 bis 2489 C-In: 23.10 18:11:35,979|
lab29-5-<0.5513.0>-T3: Msg #2490, C-Out: 23.10 18:11:34,828| HBQ-In: 23.10 18:11:34,828| DQ-In: 23.10 18:11:35,211| C-In: 23.10 18:11:35,980|
lab29-10-<0.5112.0>-T3: Msg #2491, C-Out: 23.10 18:11:34,838| HBQ-In: 23.10 18:11:34,838| DQ-In: 23.10 18:11:35,211| C-In: 23.10 18:11:35,980|
Fehlernachricht fuer Luecke von 2492 bis 2499 C-In: 23.10 18:11:35,980|
lab29-4-<0.5587.0>-T3: Msg #2500, C-Out: 23.10 18:11:35,012| HBQ-In: 23.10 18:11:35,012| DQ-In: 23.10 18:11:35,270| C-In: 23.10 18:11:35,981|
Fehlernachricht fuer Luecke von 2501 bis 2501 C-In: 23.10 18:11:35,981|
lab29-9-<0.5191.0>-T3: Msg #2502, C-Out: 23.10 18:11:35,025| HBQ-In: 23.10 18:11:35,025| DQ-In: 23.10 18:11:35,423| C-In: 23.10 18:11:35,983|
Fehlernachricht fuer Luecke von 2503 bis 2503 C-In: 23.10 18:11:35,983|
lab29-14-<0.4846.0>-T3: Msg #2504, C-Out: 23.10 18:11:35,025| HBQ-In: 23.10 18:11:35,025| DQ-In: 23.10 18:11:35,436| C-In: 23.10 18:11:35,984|
Fehlernachricht fuer Luecke von 2505 bis 2514 C-In: 23.10 18:11:35,984|
lab29-8-<0.5273.0>-T3: Msg #2515, C-Out: 23.10 18:11:35,211| HBQ-In: 23.10 18:11:35,211| DQ-In: 23.10 18:11:35,441| C-In: 23.10 18:11:35,990|
Fehlernachricht fuer Luecke von 2516 bis 2518 C-In: 23.10 18:11:35,990|
lab29-3-<0.5663.0>-T3: Msg #2519, C-Out: 23.10 18:11:35,229| HBQ-In: 23.10 18:11:35,229| DQ-In: 23.10 18:11:35,618| C-In: 23.10 18:11:35,992|
Fehlernachricht fuer Luecke von 2520 bis 2521 C-In: 23.10 18:11:35,993|
lab29-13-<0.4921.0>-T3: Msg #2522, C-Out: 23.10 18:11:35,270| HBQ-In: 23.10 18:11:35,270| DQ-In: 23.10 18:11:35,625| C-In: 23.10 18:11:35,993|
Fehlernachricht fuer Luecke von 2523 bis 2528 C-In: 23.10 18:11:35,995|
lab29-7-<0.5358.0>-T3: Msg #2529, C-Out: 23.10 18:11:35,423| HBQ-In: 23.10 18:11:35,423| DQ-In: 23.10 18:11:35,641| C-In: 23.10 18:11:35,997|
Fehlernachricht fuer Luecke von 2530 bis 2531******* C-In: 23.10 18:11:35,997|
lab29-2-<0.5741.0>-T3: Msg #2532, C-Out: 23.10 18:11:35,436| HBQ-In: 23.10 18:11:35,436| DQ-In: 23.10 18:11:35,829| C-In: 23.10 18:11:35,998|
lab29-12-<0.4991.0>-T3: Msg #2533, C-Out: 23.10 18:11:35,437| HBQ-In: 23.10 18:11:35,441| DQ-In: 23.10 18:11:35,829| C-In: 23.10 18:11:35,998|
Fehlernachricht fuer Luecke von 2534 bis 2536 C-In: 23.10 18:11:35,999|
lab29-17-<0.4601.0>-T3: Msg #2537, C-Out: 23.10 18:11:35,983| HBQ-In: 23.10 18:11:35,983| DQ-In: 23.10 18:11:35,983| C-In: 23.10 18:11:35,001|
ReceiveMsgs done
lab29-47-<0.2127.0>-T3: Msg #2666, C-Out: 23.10 18:11:38,252| gesendet
lab29-47-<0.2127.0>-T3: Msg #2821, C-Out: 23.10 18:11:40,505| gesendet
