lab29-22-<0.4210.0>-T3 C-Start: 23.10 18:11:23,340|
lab29-22-<0.4210.0>-T3: Msg #1509, C-Out: 23.10 18:11:24,341| gesendet
lab29-22-<0.4210.0>-T3: Msg #1589, C-Out: 23.10 18:11:25,343| gesendet
lab29-22-<0.4210.0>-T3: Msg #1679, C-Out: 23.10 18:11:26,344| gesendet
lab29-22-<0.4210.0>-T3: Msg #1773, C-Out: 23.10 18:11:27,345| gesendet
lab29-22-<0.4210.0>-T3: Msg #1891, C-Out: 23.10 18:11:28,347| gesendet
Neues Intervall: 1 Sekunden
Msg #1989 um 23.10 18:11:28,348| vergessen zu senden
lab29-42-<0.2545.0>-T3: Msg #1782, C-Out: 23.10 18:11:27,380| HBQ-In: 23.10 18:11:27,380| DQ-In: 23.10 18:11:27,554| C-In: 23.10 18:11:28,352|
Fehlernachricht fuer Luecke von 1783 bis 1783 C-In: 23.10 18:11:28,352|
lab29-52-<0.1713.0>-T3: Msg #1784, C-Out: 23.10 18:11:27,386| HBQ-In: 23.10 18:11:27,386| DQ-In: 23.10 18:11:27,556| C-In: 23.10 18:11:28,356|
lab29-37-<0.2967.0>-T3: Msg #1786, C-Out: 23.10 18:11:27,388| HBQ-In: 23.10 18:11:27,391| DQ-In: 23.10 18:11:27,557| C-In: 23.10 18:11:28,357|
Fehlernachricht fuer Luecke von 1787 bis 1790 C-In: 23.10 18:11:28,357|
lab29-26-<0.3898.0>-T3: Msg #1791, C-Out: 23.10 18:11:27,545| HBQ-In: 23.10 18:11:27,546| DQ-In: 23.10 18:11:27,564| C-In: 23.10 18:11:28,357|
Fehlernachricht fuer Luecke von 1792 bis 1792 C-In: 23.10 18:11:28,358|
lab29-21-<0.4291.0>-T3: Msg #1793, C-Out: 23.10 18:11:27,552| HBQ-In: 23.10 18:11:27,554| DQ-In: 23.10 18:11:27,572| C-In: 23.10 18:11:28,358|
Fehlernachricht fuer Luecke von 1794 bis 1794 C-In: 23.10 18:11:28,358|
lab29-16-<0.4681.0>-T3: Msg #1795, C-Out: 23.10 18:11:27,552| HBQ-In: 23.10 18:11:27,554| DQ-In: 23.10 18:11:27,577| C-In: 23.10 18:11:28,360|
lab29-11-<0.5067.0>-T3: Msg #1796, C-Out: 23.10 18:11:27,556| HBQ-In: 23.10 18:11:27,556| DQ-In: 23.10 18:11:27,577| C-In: 23.10 18:11:28,360|
lab29-46-<0.2213.0>-T3: Msg #1797, C-Out: 23.10 18:11:27,556| HBQ-In: 23.10 18:11:27,557| DQ-In: 23.10 18:11:27,577| C-In: 23.10 18:11:28,362|
lab29-6-<0.5440.0>-T3: Msg #1798, C-Out: 23.10 18:11:27,563| HBQ-In: 23.10 18:11:27,564| DQ-In: 23.10 18:11:27,577| C-In: 23.10 18:11:28,363|
lab29-31-<0.3480.0>-T3: Msg #1799, C-Out: 23.10 18:11:27,572| HBQ-In: 23.10 18:11:27,572| DQ-In: 23.10 18:11:27,578| C-In: 23.10 18:11:28,365|
lab29-51-<0.1789.0>-T3: Msg #1800, C-Out: 23.10 18:11:27,576| HBQ-In: 23.10 18:11:27,577| DQ-In: 23.10 18:11:27,578| C-In: 23.10 18:11:28,368|
lab29-36-<0.3048.0>-T3: Msg #1801, C-Out: 23.10 18:11:27,581| HBQ-In: 23.10 18:11:27,581| DQ-In: 23.10 18:11:27,581| C-In: 23.10 18:11:28,370|
Fehlernachricht fuer Luecke von 1802 bis 1802 C-In: 23.10 18:11:28,371|
lab29-41-<0.2632.0>-T3: Msg #1803, C-Out: 23.10 18:11:27,601| HBQ-In: 23.10 18:11:27,601| DQ-In: 23.10 18:11:27,756| C-In: 23.10 18:11:28,371|
Fehlernachricht fuer Luecke von 1804 bis 1805 C-In: 23.10 18:11:28,371|
2-client@lab23: 1806. Nachricht--Gruppe:1-Team:5-Sendezeit:18:11:26 HBQ-In: 23.10 18:11:26,629| DQ-In: 23.10 18:11:27,766| C-In: 23.10 18:11:28,372|
1-client@lab23: 1807. Nachricht--Gruppe:1-Team:5-Sendezeit:18:11:26 HBQ-In: 23.10 18:11:26,630| DQ-In: 23.10 18:11:27,766| C-In: 23.10 18:11:28,372|
3-client@lab23: 1808. Nachricht--Gruppe:1-Team:5-Sendezeit:18:11:26 HBQ-In: 23.10 18:11:26,635| DQ-In: 23.10 18:11:27,766| C-In: 23.10 18:11:28,372|
4-client@lab23: 1809. Nachricht--Gruppe:1-Team:5-Sendezeit:18:11:26 HBQ-In: 23.10 18:11:26,632| DQ-In: 23.10 18:11:27,766| C-In: 23.10 18:11:28,373|
2-client@lab23: 1810. Nachricht--Gruppe:1-Team:5-Sendezeit:18:11:26 HBQ-In: 23.10 18:11:26,635| DQ-In: 23.10 18:11:27,766| C-In: 23.10 18:11:28,373|
5-client@lab23: 1811. Nachricht--Gruppe:1-Team:5-Sendezeit:18:11:26 HBQ-In: 23.10 18:11:26,635| DQ-In: 23.10 18:11:27,766| C-In: 23.10 18:11:28,373|
1-client@lab23: 1812. Nachricht--Gruppe:1-Team:5-Sendezeit:18:11:26 HBQ-In: 23.10 18:11:26,635| DQ-In: 23.10 18:11:27,766| C-In: 23.10 18:11:28,376|
4-client@lab23: 1813. Nachricht--Gruppe:1-Team:5-Sendezeit:18:11:26 HBQ-In: 23.10 18:11:26,635| DQ-In: 23.10 18:11:27,766| C-In: 23.10 18:11:28,376|
3-client@lab23: 1814. Nachricht--Gruppe:1-Team:5-Sendezeit:18:11:26 HBQ-In: 23.10 18:11:26,636| DQ-In: 23.10 18:11:27,766| C-In: 23.10 18:11:28,379|
5-client@lab23: 1815. Nachricht--Gruppe:1-Team:5-Sendezeit:18:11:26 HBQ-In: 23.10 18:11:26,638| DQ-In: 23.10 18:11:27,766| C-In: 23.10 18:11:28,382|
2-client@lab23: 1816. Nachricht--Gruppe:1-Team:5-Sendezeit:18:11:26 HBQ-In: 23.10 18:11:26,641| DQ-In: 23.10 18:11:27,766| C-In: 23.10 18:11:28,382|
1-client@lab23: 1817. Nachricht--Gruppe:1-Team:5-Sendezeit:18:11:26 HBQ-In: 23.10 18:11:26,641| DQ-In: 23.10 18:11:27,766| C-In: 23.10 18:11:28,383|
4-client@lab23: 1818. Nachricht--Gruppe:1-Team:5-Sendezeit:18:11:26 HBQ-In: 23.10 18:11:26,641| DQ-In: 23.10 18:11:27,766| C-In: 23.10 18:11:28,383|
3-client@lab23: 1819. Nachricht--Gruppe:1-Team:5-Sendezeit:18:11:26 HBQ-In: 23.10 18:11:26,641| DQ-In: 23.10 18:11:27,766| C-In: 23.10 18:11:28,383|
5-client@lab23: 1820. Nachricht--Gruppe:1-Team:5-Sendezeit:18:11:26 HBQ-In: 23.10 18:11:26,641| DQ-In: 23.10 18:11:27,766| C-In: 23.10 18:11:28,384|
2-client@lab23: 1821. Nachricht--Gruppe:1-Team:5-Sendezeit:18:11:26 HBQ-In: 23.10 18:11:26,644| DQ-In: 23.10 18:11:27,766| C-In: 23.10 18:11:28,384|
5-client@lab23: 1822. Nachricht--Gruppe:1-Team:5-Sendezeit:18:11:26 HBQ-In: 23.10 18:11:26,644| DQ-In: 23.10 18:11:27,766| C-In: 23.10 18:11:28,384|
1-client@lab23: 1823. Nachricht--Gruppe:1-Team:5-Sendezeit:18:11:26 HBQ-In: 23.10 18:11:26,644| DQ-In: 23.10 18:11:27,766| C-In: 23.10 18:11:28,385|
4-client@lab23: 1824. Nachricht--Gruppe:1-Team:5-Sendezeit:18:11:26 HBQ-In: 23.10 18:11:26,645| DQ-In: 23.10 18:11:27,766| C-In: 23.10 18:11:28,388|
3-client@lab23: 1825. Nachricht--Gruppe:1-Team:5-Sendezeit:18:11:26 HBQ-In: 23.10 18:11:26,645| DQ-In: 23.10 18:11:27,766| C-In: 23.10 18:11:28,390|
Fehlernachricht fuer Luecke von 1826 bis 1837 C-In: 23.10 18:11:28,391|
lab29-25-<0.3973.0>-T3: Msg #1838, C-Out: 23.10 18:11:27,750| HBQ-In: 23.10 18:11:27,750| DQ-In: 23.10 18:11:28,163| C-In: 23.10 18:11:28,391|
lab29-20-<0.4365.0>-T3: Msg #1839, C-Out: 23.10 18:11:27,750| HBQ-In: 23.10 18:11:27,750| DQ-In: 23.10 18:11:28,163| C-In: 23.10 18:11:28,391|
lab29-35-<0.3134.0>-T3: Msg #1840, C-Out: 23.10 18:11:27,751| HBQ-In: 23.10 18:11:27,751| DQ-In: 23.10 18:11:28,163| C-In: 23.10 18:11:28,391|
lab29-15-<0.4762.0>-T3: Msg #1841, C-Out: 23.10 18:11:27,753| HBQ-In: 23.10 18:11:27,753| DQ-In: 23.10 18:11:28,163| C-In: 23.10 18:11:28,392|
lab29-10-<0.5112.0>-T3: Msg #1842, C-Out: 23.10 18:11:27,756| HBQ-In: 23.10 18:11:27,756| DQ-In: 23.10 18:11:28,163| C-In: 23.10 18:11:28,392|
lab29-5-<0.5513.0>-T3: Msg #1843, C-Out: 23.10 18:11:27,766| HBQ-In: 23.10 18:11:27,766| DQ-In: 23.10 18:11:28,163| C-In: 23.10 18:11:28,392|
lab29-40-<0.2707.0>-T3: Msg #1844, C-Out: 23.10 18:11:27,766| HBQ-In: 23.10 18:11:27,766| DQ-In: 23.10 18:11:28,163| C-In: 23.10 18:11:28,393|
lab29-70-<0.519.0>-T3: Msg #1845, C-Out: 23.10 18:11:28,271| HBQ-In: 23.10 18:11:28,271| DQ-In: 23.10 18:11:28,271| C-In: 23.10 18:11:28,395|
lab29-45-<0.2293.0>-T3: Msg #1846, C-Out: 23.10 18:11:27,772| HBQ-In: 23.10 18:11:27,772| DQ-In: 23.10 18:11:28,271| C-In: 23.10 18:11:28,396|
Fehlernachricht fuer Luecke von 1847 bis 1847 C-In: 23.10 18:11:28,396|
lab29-30-<0.3559.0>-T3: Msg #1848, C-Out: 23.10 18:11:27,805| HBQ-In: 23.10 18:11:27,805| DQ-In: 23.10 18:11:28,355| C-In: 23.10 18:11:28,396|
lab29-50-<0.1864.0>-T3: Msg #1849, C-Out: 23.10 18:11:27,812| HBQ-In: 23.10 18:11:27,812| DQ-In: 23.10 18:11:28,355| C-In: 23.10 18:11:28,397|
lab29-55-<0.1513.0>-T3: Msg #1850, C-Out: 23.10 18:11:28,311| HBQ-In: 23.10 18:11:28,312| DQ-In: 23.10 18:11:28,355| C-In: 23.10 18:11:28,397|
Fehlernachricht fuer Luecke von 1851 bis 1854 C-In: 23.10 18:11:28,397|
lab29-24-<0.4051.0>-T3: Msg #1855, C-Out: 23.10 18:11:27,947| HBQ-In: 23.10 18:11:27,947| DQ-In: 23.10 18:11:28,376| C-In: 23.10 18:11:28,398|
lab29-19-<0.4442.0>-T3: Msg #1856, C-Out: 23.10 18:11:27,951| HBQ-In: 23.10 18:11:27,953| DQ-In: 23.10 18:11:28,376| C-In: 23.10 18:11:28,398|
Fehlernachricht fuer Luecke von 1857 bis 1857 C-In: 23.10 18:11:28,400|
lab29-14-<0.4846.0>-T3: Msg #1858, C-Out: 23.10 18:11:27,955| HBQ-In: 23.10 18:11:27,955| DQ-In: 23.10 18:11:28,382| C-In: 23.10 18:11:28,401|
lab29-9-<0.5191.0>-T3: Msg #1859, C-Out: 23.10 18:11:27,959| HBQ-In: 23.10 18:11:27,959| DQ-In: 23.10 18:11:28,382| C-In: 23.10 18:11:28,401|
Fehlernachricht fuer Luecke von 1860 bis 1860 C-In: 23.10 18:11:28,401|
lab29-39-<0.2795.0>-T3: Msg #1861, C-Out: 23.10 18:11:27,964| HBQ-In: 23.10 18:11:27,964| DQ-In: 23.10 18:11:28,401| C-In: 23.10 18:11:28,402|
lab29-49-<0.1950.0>-T3: Msg #1862, C-Out: 23.10 18:11:27,964| HBQ-In: 23.10 18:11:27,964| DQ-In: 23.10 18:11:28,401| C-In: 23.10 18:11:28,402|
lab29-4-<0.5587.0>-T3: Msg #1863, C-Out: 23.10 18:11:27,964| HBQ-In: 23.10 18:11:27,964| DQ-In: 23.10 18:11:28,401| C-In: 23.10 18:11:28,402|
lab29-44-<0.2376.0>-T3: Msg #1864, C-Out: 23.10 18:11:27,970| HBQ-In: 23.10 18:11:27,970| DQ-In: 23.10 18:11:28,401| C-In: 23.10 18:11:28,403|
ReceiveMsgs done
lab29-22-<0.4210.0>-T3: Msg #1999, C-Out: 23.10 18:11:29,404| gesendet
lab29-22-<0.4210.0>-T3: Msg #2096, C-Out: 23.10 18:11:30,405| gesendet
lab29-22-<0.4210.0>-T3: Msg #2183, C-Out: 23.10 18:11:31,410| gesendet
lab29-22-<0.4210.0>-T3: Msg #2293, C-Out: 23.10 18:11:32,412| gesendet
lab29-22-<0.4210.0>-T3: Msg #2375, C-Out: 23.10 18:11:33,413| gesendet
Neues Intervall: 1.5 Sekunden
Msg #2456 um 23.10 18:11:33,415| vergessen zu senden
Fehlernachricht fuer Luecke von 2259 bis 2259 C-In: 23.10 18:11:33,415|
lab29-29-<0.3641.0>-T3: Msg #2260, C-Out: 23.10 18:11:31,999| HBQ-In: 23.10 18:11:31,000| DQ-In: 23.10 18:11:32,667| C-In: 23.10 18:11:33,416|
lab29-49-<0.1950.0>-T3: Msg #2261, C-Out: 23.10 18:11:32,509| HBQ-In: 23.10 18:11:32,509| DQ-In: 23.10 18:11:32,667| C-In: 23.10 18:11:33,416|
lab29-9-<0.5191.0>-T3: Msg #2262, C-Out: 23.10 18:11:32,016| HBQ-In: 23.10 18:11:32,016| DQ-In: 23.10 18:11:32,667| C-In: 23.10 18:11:33,416|
lab29-14-<0.4846.0>-T3: Msg #2263, C-Out: 23.10 18:11:32,020| HBQ-In: 23.10 18:11:32,020| DQ-In: 23.10 18:11:32,667| C-In: 23.10 18:11:33,417|
lab29-19-<0.4442.0>-T3: Msg #2264, C-Out: 23.10 18:11:32,020| HBQ-In: 23.10 18:11:32,020| DQ-In: 23.10 18:11:32,667| C-In: 23.10 18:11:33,417|
lab29-34-<0.3220.0>-T3: Msg #2265, C-Out: 23.10 18:11:32,525| HBQ-In: 23.10 18:11:32,525| DQ-In: 23.10 18:11:32,667| C-In: 23.10 18:11:33,417|
lab29-56-<0.1439.0>-T3: Msg #2266, C-Out: 23.10 18:11:32,605| HBQ-In: 23.10 18:11:32,605| DQ-In: 23.10 18:11:32,667| C-In: 23.10 18:11:33,418|
Fehlernachricht fuer Luecke von 2267 bis 2267 C-In: 23.10 18:11:33,421|
lab29-41-<0.2632.0>-T3: Msg #2268, C-Out: 23.10 18:11:32,663| HBQ-In: 23.10 18:11:32,665| DQ-In: 23.10 18:11:32,816| C-In: 23.10 18:11:33,422|
lab29-3-<0.5663.0>-T3: Msg #2269, C-Out: 23.10 18:11:32,172| HBQ-In: 23.10 18:11:32,173| DQ-In: 23.10 18:11:32,816| C-In: 23.10 18:11:33,424|
Fehlernachricht fuer Luecke von 2270 bis 2272 C-In: 23.10 18:11:33,426|
lab29-23-<0.4130.0>-T3: Msg #2273, C-Out: 23.10 18:11:32,193| HBQ-In: 23.10 18:11:32,193| DQ-In: 23.10 18:11:32,828| C-In: 23.10 18:11:33,427|
Fehlernachricht fuer Luecke von 2274 bis 2275 C-In: 23.10 18:11:33,430|
lab29-28-<0.3729.0>-T3: Msg #2276, C-Out: 23.10 18:11:32,205| HBQ-In: 23.10 18:11:32,206| DQ-In: 23.10 18:11:32,833| C-In: 23.10 18:11:33,430|
lab29-8-<0.5273.0>-T3: Msg #2277, C-Out: 23.10 18:11:32,205| HBQ-In: 23.10 18:11:32,206| DQ-In: 23.10 18:11:32,833| C-In: 23.10 18:11:33,432|
lab29-48-<0.2035.0>-T3: Msg #2278, C-Out: 23.10 18:11:32,705| HBQ-In: 23.10 18:11:32,706| DQ-In: 23.10 18:11:32,833| C-In: 23.10 18:11:33,433|
lab29-63-<0.983.0>-T3: Msg #2279, C-Out: 23.10 18:11:32,716| HBQ-In: 23.10 18:11:32,716| DQ-In: 23.10 18:11:32,833| C-In: 23.10 18:11:33,435|
lab29-18-<0.4519.0>-T3: Msg #2280, C-Out: 23.10 18:11:32,214| HBQ-In: 23.10 18:11:32,215| DQ-In: 23.10 18:11:32,833| C-In: 23.10 18:11:33,435|
Fehlernachricht fuer Luecke von 2281 bis 2281 C-In: 23.10 18:11:33,436|
lab29-33-<0.3306.0>-T3: Msg #2282, C-Out: 23.10 18:11:32,753| HBQ-In: 23.10 18:11:32,753| DQ-In: 23.10 18:11:33,007| C-In: 23.10 18:11:33,436|
lab29-13-<0.4921.0>-T3: Msg #2283, C-Out: 23.10 18:11:32,255| HBQ-In: 23.10 18:11:32,257| DQ-In: 23.10 18:11:33,007| C-In: 23.10 18:11:33,437|
Fehlernachricht fuer Luecke von 2284 bis 2284 C-In: 23.10 18:11:33,437|
lab29-55-<0.1513.0>-T3: Msg #2285, C-Out: 23.10 18:11:32,816| HBQ-In: 23.10 18:11:32,816| DQ-In: 23.10 18:11:33,021| C-In: 23.10 18:11:33,437|
lab29-40-<0.2707.0>-T3: Msg #2286, C-Out: 23.10 18:11:32,826| HBQ-In: 23.10 18:11:32,828| DQ-In: 23.10 18:11:33,021| C-In: 23.10 18:11:33,438|
Fehlernachricht fuer Luecke von 2287 bis 2289 C-In: 23.10 18:11:33,441|
lab29-2-<0.5741.0>-T3: Msg #2290, C-Out: 23.10 18:11:32,380| HBQ-In: 23.10 18:11:32,380| DQ-In: 23.10 18:11:33,029| C-In: 23.10 18:11:33,441|
Fehlernachricht fuer Luecke von 2291 bis 2291 C-In: 23.10 18:11:33,441|
lab29-27-<0.3815.0>-T3: Msg #2292, C-Out: 23.10 18:11:32,405| HBQ-In: 23.10 18:11:32,405| DQ-In: 23.10 18:11:33,031| C-In: 23.10 18:11:33,441|
lab29-22-<0.4210.0>-T3: Msg #2293, C-Out: 23.10 18:11:32,412| HBQ-In: 23.10 18:11:32,412| DQ-In: 23.10 18:11:33,031|******* C-In: 23.10 18:11:33,442|
lab29-7-<0.5358.0>-T3: Msg #2294, C-Out: 23.10 18:11:32,418| HBQ-In: 23.10 18:11:32,418| DQ-In: 23.10 18:11:33,031| C-In: 23.10 18:11:33,442|
lab29-32-<0.3394.0>-T3: Msg #2295, C-Out: 23.10 18:11:32,923| HBQ-In: 23.10 18:11:32,923| DQ-In: 23.10 18:11:33,031| C-In: 23.10 18:11:33,442|
lab29-47-<0.2127.0>-T3: Msg #2296, C-Out: 23.10 18:11:32,927| HBQ-In: 23.10 18:11:32,927| DQ-In: 23.10 18:11:33,031| C-In: 23.10 18:11:33,443|
lab29-62-<0.1043.0>-T3: Msg #2297, C-Out: 23.10 18:11:32,931| HBQ-In: 23.10 18:11:32,931| DQ-In: 23.10 18:11:33,031| C-In: 23.10 18:11:33,444|
lab29-12-<0.4991.0>-T3: Msg #2298, C-Out: 23.10 18:11:32,433| HBQ-In: 23.10 18:11:32,433| DQ-In: 23.10 18:11:33,031| C-In: 23.10 18:11:33,444|
lab29-17-<0.4601.0>-T3: Msg #2299, C-Out: 23.10 18:11:32,433| HBQ-In: 23.10 18:11:32,433| DQ-In: 23.10 18:11:33,031| C-In: 23.10 18:11:33,446|
Fehlernachricht fuer Luecke von 2300 bis 2301 C-In: 23.10 18:11:33,446|
lab29-54-<0.1586.0>-T3: Msg #2302, C-Out: 23.10 18:11:33,029| HBQ-In: 23.10 18:11:33,029| DQ-In: 23.10 18:11:33,225| C-In: 23.10 18:11:33,447|
lab29-39-<0.2795.0>-T3: Msg #2303, C-Out: 23.10 18:11:33,030| HBQ-In: 23.10 18:11:33,031| DQ-In: 23.10 18:11:33,225| C-In: 23.10 18:11:33,449|
Fehlernachricht fuer Luecke von 2304 bis 2305 C-In: 23.10 18:11:33,449|
lab29-1-<0.5818.0>-T3: Msg #2306, C-Out: 23.10 18:11:32,583| HBQ-In: 23.10 18:11:32,583| DQ-In: 23.10 18:11:33,261| C-In: 23.10 18:11:33,452|
Fehlernachricht fuer Luecke von 2307 bis 2307 C-In: 23.10 18:11:33,454|
lab29-26-<0.3898.0>-T3: Msg #2308, C-Out: 23.10 18:11:32,599| HBQ-In: 23.10 18:11:32,599| DQ-In: 23.10 18:11:33,281| C-In: 23.10 18:11:33,454|
lab29-6-<0.5440.0>-T3: Msg #2309, C-Out: 23.10 18:11:32,614| HBQ-In: 23.10 18:11:32,614| DQ-In: 23.10 18:11:33,282| C-In: 23.10 18:11:33,454|
lab29-46-<0.2213.0>-T3: Msg #2310, C-Out: 23.10 18:11:33,120| HBQ-In: 23.10 18:11:33,120| DQ-In: 23.10 18:11:33,282| C-In: 23.10 18:11:33,455|
lab29-21-<0.4291.0>-T3: Msg #2311, C-Out: 23.10 18:11:32,620| HBQ-In: 23.10 18:11:32,620| DQ-In: 23.10 18:11:33,282| C-In: 23.10 18:11:33,455|
lab29-11-<0.5067.0>-T3: Msg #2312, C-Out: 23.10 18:11:32,620| HBQ-In: 23.10 18:11:32,620| DQ-In: 23.10 18:11:33,282| C-In: 23.10 18:11:33,455|
lab29-31-<0.3480.0>-T3: Msg #2313, C-Out: 23.10 18:11:33,124| HBQ-In: 23.10 18:11:33,124| DQ-In: 23.10 18:11:33,282| C-In: 23.10 18:11:33,456|
lab29-16-<0.4681.0>-T3: Msg #2314, C-Out: 23.10 18:11:32,629| HBQ-In: 23.10 18:11:32,629| DQ-In: 23.10 18:11:33,282| C-In: 23.10 18:11:33,458|
lab29-61-<0.1100.0>-T3: Msg #2315, C-Out: 23.10 18:11:33,142| HBQ-In: 23.10 18:11:33,142| DQ-In: 23.10 18:11:33,282| C-In: 23.10 18:11:33,459|
Fehlernachricht fuer Luecke von 2316 bis 2317 C-In: 23.10 18:11:33,459|
lab29-53-<0.1650.0>-T3: Msg #2318, C-Out: 23.10 18:11:33,208| HBQ-In: 23.10 18:11:33,208| DQ-In: 23.10 18:11:33,453| C-In: 23.10 18:11:33,460|
Fehlernachricht fuer Luecke von 2319 bis 2319 C-In: 23.10 18:11:33,462|
lab29-38-<0.2880.0>-T3: Msg #2320, C-Out: 23.10 18:11:33,261| HBQ-In: 23.10 18:11:33,261| DQ-In: 23.10 18:11:33,454| C-In: 23.10 18:11:33,462|
lab29-60-<0.1170.0>-T3: Msg #2321, C-Out: 23.10 18:11:33,280| HBQ-In: 23.10 18:11:33,281| DQ-In: 23.10 18:11:33,454| C-In: 23.10 18:11:33,464|
ReceiveMsgs done
lab29-22-<0.4210.0>-T3: Msg #2465, C-Out: 23.10 18:11:34,967| gesendet
lab29-22-<0.4210.0>-T3: Msg #2595, C-Out: 23.10 18:11:36,471| gesendet
lab29-22-<0.4210.0>-T3: Msg #2699, C-Out: 23.10 18:11:37,975| gesendet
lab29-22-<0.4210.0>-T3: Msg #2806, C-Out: 23.10 18:11:39,478| gesendet
