lab29-60-<0.1170.0>-T3 C-Start: 23.10 18:11:15,696|
lab29-60-<0.1170.0>-T3: Msg #939, C-Out: 23.10 18:11:16,699| gesendet
lab29-60-<0.1170.0>-T3: Msg #994, C-Out: 23.10 18:11:17,701| gesendet
lab29-60-<0.1170.0>-T3: Msg #1047, C-Out: 23.10 18:11:18,704| gesendet
lab29-60-<0.1170.0>-T3: Msg #1136, C-Out: 23.10 18:11:19,705| gesendet
lab29-60-<0.1170.0>-T3: Msg #1204, C-Out: 23.10 18:11:20,707| gesendet
Neues Intervall: 1 Sekunden
Msg #1277 um 23.10 18:11:20,708| vergessen zu senden
Fehlernachricht fuer Luecke von 1119 bis 1119 C-In: 23.10 18:11:20,709|
2-client@lab23: 1120. Nachricht--Gruppe:1-Team:5-Sendezeit:18:11:18 HBQ-In: 23.10 18:11:18,522| DQ-In: 23.10 18:11:19,929| C-In: 23.10 18:11:20,709|
3-client@lab23: 1121. Nachricht--Gruppe:1-Team:5-Sendezeit:18:11:18 HBQ-In: 23.10 18:11:18,523| DQ-In: 23.10 18:11:19,929| C-In: 23.10 18:11:20,709|
5-client@lab23: 1122. Nachricht--Gruppe:1-Team:5-Sendezeit:18:11:18 HBQ-In: 23.10 18:11:18,523| DQ-In: 23.10 18:11:19,929| C-In: 23.10 18:11:20,710|
4-client@lab23: 1123. Nachricht--Gruppe:1-Team:5-Sendezeit:18:11:18 HBQ-In: 23.10 18:11:18,523| DQ-In: 23.10 18:11:19,929| C-In: 23.10 18:11:20,710|
Fehlernachricht fuer Luecke von 1124 bis 1127 C-In: 23.10 18:11:20,710|
lab29-91-<0.103.0>-T3: Msg #1128, C-Out: 23.10 18:11:19,561| HBQ-In: 23.10 18:11:19,561| DQ-In: 23.10 18:11:20,103| C-In: 23.10 18:11:20,711|
lab29-86-<0.129.0>-T3: Msg #1129, C-Out: 23.10 18:11:19,565| HBQ-In: 23.10 18:11:19,566| DQ-In: 23.10 18:11:20,103| C-In: 23.10 18:11:20,711|
lab29-76-<0.194.0>-T3: Msg #1130, C-Out: 23.10 18:11:19,583| HBQ-In: 23.10 18:11:19,583| DQ-In: 23.10 18:11:20,103| C-In: 23.10 18:11:20,711|
Fehlernachricht fuer Luecke von 1131 bis 1131 C-In: 23.10 18:11:20,712|
lab29-71-<0.461.0>-T3: Msg #1132, C-Out: 23.10 18:11:19,604| HBQ-In: 23.10 18:11:19,606| DQ-In: 23.10 18:11:20,117| C-In: 23.10 18:11:20,712|
Fehlernachricht fuer Luecke von 1133 bis 1133 C-In: 23.10 18:11:20,712|
lab29-65-<0.819.0>-T3: Msg #1134, C-Out: 23.10 18:11:19,694| HBQ-In: 23.10 18:11:19,694| DQ-In: 23.10 18:11:20,118| C-In: 23.10 18:11:20,712|
Fehlernachricht fuer Luecke von 1135 bis 1135 C-In: 23.10 18:11:20,713|
lab29-60-<0.1170.0>-T3: Msg #1136, C-Out: 23.10 18:11:19,705| HBQ-In: 23.10 18:11:19,706| DQ-In: 23.10 18:11:20,121|******* C-In: 23.10 18:11:20,713|
lab29-85-<0.133.0>-T3: Msg #1137, C-Out: 23.10 18:11:19,705| HBQ-In: 23.10 18:11:19,706| DQ-In: 23.10 18:11:20,121| C-In: 23.10 18:11:20,713|
lab29-50-<0.1864.0>-T3: Msg #1138, C-Out: 23.10 18:11:19,707| HBQ-In: 23.10 18:11:19,707| DQ-In: 23.10 18:11:20,121| C-In: 23.10 18:11:20,714|
lab29-55-<0.1513.0>-T3: Msg #1139, C-Out: 23.10 18:11:19,707| HBQ-In: 23.10 18:11:19,707| DQ-In: 23.10 18:11:20,121| C-In: 23.10 18:11:20,714|
lab29-45-<0.2293.0>-T3: Msg #1140, C-Out: 23.10 18:11:19,712| HBQ-In: 23.10 18:11:19,712| DQ-In: 23.10 18:11:20,121| C-In: 23.10 18:11:20,715|
lab29-70-<0.519.0>-T3: Msg #1141, C-Out: 23.10 18:11:19,713| HBQ-In: 23.10 18:11:19,713| DQ-In: 23.10 18:11:20,121| C-In: 23.10 18:11:20,715|
lab29-80-<0.164.0>-T3: Msg #1142, C-Out: 23.10 18:11:19,760| HBQ-In: 23.10 18:11:19,760| DQ-In: 23.10 18:11:20,121| C-In: 23.10 18:11:20,715|
lab29-90-<0.107.0>-T3: Msg #1143, C-Out: 23.10 18:11:19,760| HBQ-In: 23.10 18:11:19,760| DQ-In: 23.10 18:11:20,121| C-In: 23.10 18:11:20,716|
Fehlernachricht fuer Luecke von 1144 bis 1144 C-In: 23.10 18:11:20,716|
lab29-75-<0.200.0>-T3: Msg #1145, C-Out: 23.10 18:11:19,779| HBQ-In: 23.10 18:11:19,781| DQ-In: 23.10 18:11:20,319| C-In: 23.10 18:11:20,718|
Fehlernachricht fuer Luecke von 1146 bis 1146 C-In: 23.10 18:11:20,720|
lab29-59-<0.1234.0>-T3: Msg #1147, C-Out: 23.10 18:11:19,901| HBQ-In: 23.10 18:11:19,901| DQ-In: 23.10 18:11:20,319| C-In: 23.10 18:11:20,720|
lab29-64-<0.899.0>-T3: Msg #1148, C-Out: 23.10 18:11:19,901| HBQ-In: 23.10 18:11:19,901| DQ-In: 23.10 18:11:20,319| C-In: 23.10 18:11:20,721|
Fehlernachricht fuer Luecke von 1149 bis 1149 C-In: 23.10 18:11:20,721|
lab29-89-<0.113.0>-T3: Msg #1150, C-Out: 23.10 18:11:19,905| HBQ-In: 23.10 18:11:19,905| DQ-In: 23.10 18:11:20,329| C-In: 23.10 18:11:20,721|
lab29-54-<0.1586.0>-T3: Msg #1151, C-Out: 23.10 18:11:19,905| HBQ-In: 23.10 18:11:19,905| DQ-In: 23.10 18:11:20,329| C-In: 23.10 18:11:20,722|
lab29-84-<0.140.0>-T3: Msg #1152, C-Out: 23.10 18:11:19,905| HBQ-In: 23.10 18:11:19,905| DQ-In: 23.10 18:11:20,329| C-In: 23.10 18:11:20,722|
lab29-49-<0.1950.0>-T3: Msg #1153, C-Out: 23.10 18:11:19,909| HBQ-In: 23.10 18:11:19,909| DQ-In: 23.10 18:11:20,329| C-In: 23.10 18:11:20,723|
lab29-44-<0.2376.0>-T3: Msg #1154, C-Out: 23.10 18:11:19,913| HBQ-In: 23.10 18:11:19,914| DQ-In: 23.10 18:11:20,329| C-In: 23.10 18:11:20,723|
lab29-69-<0.583.0>-T3: Msg #1155, C-Out: 23.10 18:11:19,928| HBQ-In: 23.10 18:11:19,929| DQ-In: 23.10 18:11:20,329| C-In: 23.10 18:11:20,723|
lab29-79-<0.173.0>-T3: Msg #1156, C-Out: 23.10 18:11:19,958| HBQ-In: 23.10 18:11:19,958| DQ-In: 23.10 18:11:20,329| C-In: 23.10 18:11:20,723|
lab29-74-<0.266.0>-T3: Msg #1157, C-Out: 23.10 18:11:19,964| HBQ-In: 23.10 18:11:19,964| DQ-In: 23.10 18:11:20,329| C-In: 23.10 18:11:20,724|
Fehlernachricht fuer Luecke von 1158 bis 1159 C-In: 23.10 18:11:20,725|
lab29-63-<0.983.0>-T3: Msg #1160, C-Out: 23.10 18:11:20,099| HBQ-In: 23.10 18:11:20,100| DQ-In: 23.10 18:11:20,522| C-In: 23.10 18:11:20,727|
Fehlernachricht fuer Luecke von 1161 bis 1161 C-In: 23.10 18:11:20,727|
lab29-58-<0.1296.0>-T3: Msg #1162, C-Out: 23.10 18:11:20,103| HBQ-In: 23.10 18:11:20,103| DQ-In: 23.10 18:11:20,538| C-In: 23.10 18:11:20,727|
lab29-53-<0.1650.0>-T3: Msg #1163, C-Out: 23.10 18:11:20,106| HBQ-In: 23.10 18:11:20,106| DQ-In: 23.10 18:11:20,538| C-In: 23.10 18:11:20,728|
lab29-48-<0.2035.0>-T3: Msg #1164, C-Out: 23.10 18:11:20,116| HBQ-In: 23.10 18:11:20,117| DQ-In: 23.10 18:11:20,538| C-In: 23.10 18:11:20,728|
Fehlernachricht fuer Luecke von 1165 bis 1165 C-In: 23.10 18:11:20,728|
lab29-43-<0.2458.0>-T3: Msg #1166, C-Out: 23.10 18:11:20,117| HBQ-In: 23.10 18:11:20,117| DQ-In: 23.10 18:11:20,610| C-In: 23.10 18:11:20,729|
lab29-83-<0.147.0>-T3: Msg #1167, C-Out: 23.10 18:11:20,118| HBQ-In: 23.10 18:11:20,118| DQ-In: 23.10 18:11:20,610| C-In: 23.10 18:11:20,729|
lab29-78-<0.180.0>-T3: Msg #1168, C-Out: 23.10 18:11:20,121| HBQ-In: 23.10 18:11:20,121| DQ-In: 23.10 18:11:20,610| C-In: 23.10 18:11:20,729|
lab29-88-<0.118.0>-T3: Msg #1169, C-Out: 23.10 18:11:20,122| HBQ-In: 23.10 18:11:20,125| DQ-In: 23.10 18:11:20,610| C-In: 23.10 18:11:20,730|
lab29-73-<0.332.0>-T3: Msg #1170, C-Out: 23.10 18:11:20,123| HBQ-In: 23.10 18:11:20,126| DQ-In: 23.10 18:11:20,610| C-In: 23.10 18:11:20,730|
lab29-68-<0.633.0>-T3: Msg #1171, C-Out: 23.10 18:11:20,133| HBQ-In: 23.10 18:11:20,134| DQ-In: 23.10 18:11:20,610| C-In: 23.10 18:11:20,732|
lab29-93-<0.95.0>-T3: Msg #1172, C-Out: 23.10 18:11:20,653| HBQ-In: 23.10 18:11:20,653| DQ-In: 23.10 18:11:20,653| C-In: 23.10 18:11:20,732|
Fehlernachricht fuer Luecke von 1173 bis 1173 C-In: 23.10 18:11:20,734|
lab29-62-<0.1043.0>-T3: Msg #1174, C-Out: 23.10 18:11:20,301| HBQ-In: 23.10 18:11:20,302| DQ-In: 23.10 18:11:20,714| C-In: 23.10 18:11:20,734|
lab29-57-<0.1365.0>-T3: Msg #1175, C-Out: 23.10 18:11:20,305| HBQ-In: 23.10 18:11:20,305| DQ-In: 23.10 18:11:20,714| C-In: 23.10 18:11:20,734|
lab29-87-<0.123.0>-T3: Msg #1176, C-Out: 23.10 18:11:20,315| HBQ-In: 23.10 18:11:20,315| DQ-In: 23.10 18:11:20,714| C-In: 23.10 18:11:20,735|
lab29-47-<0.2127.0>-T3: Msg #1177, C-Out: 23.10 18:11:20,319| HBQ-In: 23.10 18:11:20,319| DQ-In: 23.10 18:11:20,714| C-In: 23.10 18:11:20,735|
lab29-52-<0.1713.0>-T3: Msg #1178, C-Out: 23.10 18:11:20,319| HBQ-In: 23.10 18:11:20,319| DQ-In: 23.10 18:11:20,714| C-In: 23.10 18:11:20,735|
lab29-82-<0.153.0>-T3: Msg #1179, C-Out: 23.10 18:11:20,319| HBQ-In: 23.10 18:11:20,319| DQ-In: 23.10 18:11:20,714| C-In: 23.10 18:11:20,736|
lab29-42-<0.2545.0>-T3: Msg #1180, C-Out: 23.10 18:11:20,320| HBQ-In: 23.10 18:11:20,322| DQ-In: 23.10 18:11:20,714| C-In: 23.10 18:11:20,736|
lab29-72-<0.396.0>-T3: Msg #1181, C-Out: 23.10 18:11:20,327| HBQ-In: 23.10 18:11:20,329| DQ-In: 23.10 18:11:20,714| C-In: 23.10 18:11:20,736|
ReceiveMsgs done
lab29-60-<0.1170.0>-T3: Msg #1286, C-Out: 23.10 18:11:21,739| gesendet
lab29-60-<0.1170.0>-T3: Msg #1360, C-Out: 23.10 18:11:22,740| gesendet
lab29-60-<0.1170.0>-T3: Msg #1463, C-Out: 23.10 18:11:23,743| gesendet
lab29-60-<0.1170.0>-T3: Msg #1543, C-Out: 23.10 18:11:24,746| gesendet
lab29-60-<0.1170.0>-T3: Msg #1629, C-Out: 23.10 18:11:25,747| gesendet
Neues Intervall: 1.5 Sekunden
Msg #1717 um 23.10 18:11:25,747| vergessen zu senden
lab29-66-<0.743.0>-T3: Msg #1524, C-Out: 23.10 18:11:24,548| HBQ-In: 23.10 18:11:24,548| DQ-In: 23.10 18:11:24,966| C-In: 23.10 18:11:25,747|
lab29-21-<0.4291.0>-T3: Msg #1525, C-Out: 23.10 18:11:24,547| HBQ-In: 23.10 18:11:24,548| DQ-In: 23.10 18:11:24,966| C-In: 23.10 18:11:25,748|
lab29-56-<0.1439.0>-T3: Msg #1526, C-Out: 23.10 18:11:24,547| HBQ-In: 23.10 18:11:24,548| DQ-In: 23.10 18:11:24,966| C-In: 23.10 18:11:25,748|
lab29-46-<0.2213.0>-T3: Msg #1527, C-Out: 23.10 18:11:24,551| HBQ-In: 23.10 18:11:24,551| DQ-In: 23.10 18:11:24,966| C-In: 23.10 18:11:25,748|
lab29-51-<0.1789.0>-T3: Msg #1528, C-Out: 23.10 18:11:24,568| HBQ-In: 23.10 18:11:24,569| DQ-In: 23.10 18:11:24,966| C-In: 23.10 18:11:25,749|
lab29-61-<0.1100.0>-T3: Msg #1529, C-Out: 23.10 18:11:24,574| HBQ-In: 23.10 18:11:24,575| DQ-In: 23.10 18:11:24,966| C-In: 23.10 18:11:25,749|
lab29-86-<0.129.0>-T3: Msg #1530, C-Out: 23.10 18:11:25,112| HBQ-In: 23.10 18:11:25,112| DQ-In: 23.10 18:11:25,112| C-In: 23.10 18:11:25,749|
Fehlernachricht fuer Luecke von 1531 bis 1536 C-In: 23.10 18:11:25,750|
lab29-40-<0.2707.0>-T3: Msg #1537, C-Out: 23.10 18:11:24,726| HBQ-In: 23.10 18:11:24,726| DQ-In: 23.10 18:11:25,149| C-In: 23.10 18:11:25,750|
lab29-35-<0.3134.0>-T3: Msg #1538, C-Out: 23.10 18:11:24,729| HBQ-In: 23.10 18:11:24,729| DQ-In: 23.10 18:11:25,149| C-In: 23.10 18:11:25,751|
lab29-65-<0.819.0>-T3: Msg #1539, C-Out: 23.10 18:11:24,729| HBQ-In: 23.10 18:11:24,729| DQ-In: 23.10 18:11:25,149| C-In: 23.10 18:11:25,751|
lab29-30-<0.3559.0>-T3: Msg #1540, C-Out: 23.10 18:11:24,741| HBQ-In: 23.10 18:11:24,741| DQ-In: 23.10 18:11:25,149| C-In: 23.10 18:11:25,751|
Fehlernachricht fuer Luecke von 1541 bis 1541 C-In: 23.10 18:11:25,752|
lab29-25-<0.3973.0>-T3: Msg #1542, C-Out: 23.10 18:11:24,746| HBQ-In: 23.10 18:11:24,746| DQ-In: 23.10 18:11:25,175| C-In: 23.10 18:11:25,752|
lab29-60-<0.1170.0>-T3: Msg #1543, C-Out: 23.10 18:11:24,746| HBQ-In: 23.10 18:11:24,746| DQ-In: 23.10 18:11:25,175|******* C-In: 23.10 18:11:25,752|
lab29-20-<0.4365.0>-T3: Msg #1544, C-Out: 23.10 18:11:24,746| HBQ-In: 23.10 18:11:24,746| DQ-In: 23.10 18:11:25,175| C-In: 23.10 18:11:25,753|
lab29-45-<0.2293.0>-T3: Msg #1545, C-Out: 23.10 18:11:24,766| HBQ-In: 23.10 18:11:24,766| DQ-In: 23.10 18:11:25,175| C-In: 23.10 18:11:25,754|
lab29-70-<0.519.0>-T3: Msg #1546, C-Out: 23.10 18:11:25,267| HBQ-In: 23.10 18:11:25,267| DQ-In: 23.10 18:11:25,267| C-In: 23.10 18:11:25,754|
lab29-55-<0.1513.0>-T3: Msg #1547, C-Out: 23.10 18:11:24,770| HBQ-In: 23.10 18:11:24,770| DQ-In: 23.10 18:11:25,267| C-In: 23.10 18:11:25,754|
lab29-50-<0.1864.0>-T3: Msg #1548, C-Out: 23.10 18:11:24,803| HBQ-In: 23.10 18:11:24,804| DQ-In: 23.10 18:11:25,267| C-In: 23.10 18:11:25,754|
Fehlernachricht fuer Luecke von 1549 bis 1552 C-In: 23.10 18:11:25,755|
lab29-34-<0.3220.0>-T3: Msg #1553, C-Out: 23.10 18:11:24,934| HBQ-In: 23.10 18:11:24,934| DQ-In: 23.10 18:11:25,360| C-In: 23.10 18:11:25,755|
lab29-39-<0.2795.0>-T3: Msg #1554, C-Out: 23.10 18:11:24,934| HBQ-In: 23.10 18:11:24,934| DQ-In: 23.10 18:11:25,360| C-In: 23.10 18:11:25,755|
lab29-64-<0.899.0>-T3: Msg #1555, C-Out: 23.10 18:11:24,934| HBQ-In: 23.10 18:11:24,934| DQ-In: 23.10 18:11:25,360| C-In: 23.10 18:11:25,756|
Fehlernachricht fuer Luecke von 1556 bis 1556 C-In: 23.10 18:11:25,756|
lab29-29-<0.3641.0>-T3: Msg #1557, C-Out: 23.10 18:11:24,941| HBQ-In: 23.10 18:11:24,941| DQ-In: 23.10 18:11:25,383| C-In: 23.10 18:11:25,756|
lab29-24-<0.4051.0>-T3: Msg #1558, C-Out: 23.10 18:11:24,941| HBQ-In: 23.10 18:11:24,941| DQ-In: 23.10 18:11:25,383| C-In: 23.10 18:11:25,757|
lab29-84-<0.140.0>-T3: Msg #1559, C-Out: 23.10 18:11:25,447| HBQ-In: 23.10 18:11:25,447| DQ-In: 23.10 18:11:25,447| C-In: 23.10 18:11:25,757|
lab29-19-<0.4442.0>-T3: Msg #1560, C-Out: 23.10 18:11:24,946| HBQ-In: 23.10 18:11:24,946| DQ-In: 23.10 18:11:25,447| C-In: 23.10 18:11:25,757|
lab29-59-<0.1234.0>-T3: Msg #1561, C-Out: 23.10 18:11:24,946| HBQ-In: 23.10 18:11:24,946| DQ-In: 23.10 18:11:25,447| C-In: 23.10 18:11:25,758|
lab29-49-<0.1950.0>-T3: Msg #1562, C-Out: 23.10 18:11:24,960| HBQ-In: 23.10 18:11:24,960| DQ-In: 23.10 18:11:25,447| C-In: 23.10 18:11:25,758|
lab29-44-<0.2376.0>-T3: Msg #1563, C-Out: 23.10 18:11:24,963| HBQ-In: 23.10 18:11:24,963| DQ-In: 23.10 18:11:25,448| C-In: 23.10 18:11:25,758|
lab29-54-<0.1586.0>-T3: Msg #1564, C-Out: 23.10 18:11:24,966| HBQ-In: 23.10 18:11:24,966| DQ-In: 23.10 18:11:25,448| C-In: 23.10 18:11:25,759|
lab29-69-<0.583.0>-T3: Msg #1565, C-Out: 23.10 18:11:25,478| HBQ-In: 23.10 18:11:25,478| DQ-In: 23.10 18:11:25,478| C-In: 23.10 18:11:25,759|
lab29-99-<0.49.0>-T3: Msg #1566, C-Out: 23.10 18:11:25,486| HBQ-In: 23.10 18:11:25,487| DQ-In: 23.10 18:11:25,487| C-In: 23.10 18:11:25,761|
Fehlernachricht fuer Luecke von 1567 bis 1568 C-In: 23.10 18:11:25,761|
lab29-33-<0.3306.0>-T3: Msg #1569, C-Out: 23.10 18:11:25,135| HBQ-In: 23.10 18:11:25,135| DQ-In: 23.10 18:11:25,550| C-In: 23.10 18:11:25,762|
lab29-38-<0.2880.0>-T3: Msg #1570, C-Out: 23.10 18:11:25,135| HBQ-In: 23.10 18:11:25,135| DQ-In: 23.10 18:11:25,550| C-In: 23.10 18:11:25,762|
lab29-28-<0.3729.0>-T3: Msg #1571, C-Out: 23.10 18:11:25,138| HBQ-In: 23.10 18:11:25,138| DQ-In: 23.10 18:11:25,550| C-In: 23.10 18:11:25,762|
Fehlernachricht fuer Luecke von 1572 bis 1573 C-In: 23.10 18:11:25,762|
lab29-23-<0.4130.0>-T3: Msg #1574, C-Out: 23.10 18:11:25,144| HBQ-In: 23.10 18:11:25,144| DQ-In: 23.10 18:11:25,576| C-In: 23.10 18:11:25,763|
lab29-18-<0.4519.0>-T3: Msg #1575, C-Out: 23.10 18:11:25,149| HBQ-In: 23.10 18:11:25,149| DQ-In: 23.10 18:11:25,576| C-In: 23.10 18:11:25,763|
lab29-53-<0.1650.0>-T3: Msg #1576, C-Out: 23.10 18:11:25,149| HBQ-In: 23.10 18:11:25,149| DQ-In: 23.10 18:11:25,576| C-In: 23.10 18:11:25,763|
lab29-63-<0.983.0>-T3: Msg #1577, C-Out: 23.10 18:11:25,155| HBQ-In: 23.10 18:11:25,158| DQ-In: 23.10 18:11:25,576| C-In: 23.10 18:11:25,764|
lab29-58-<0.1296.0>-T3: Msg #1578, C-Out: 23.10 18:11:25,156| HBQ-In: 23.10 18:11:25,158| DQ-In: 23.10 18:11:25,576| C-In: 23.10 18:11:25,764|
lab29-48-<0.2035.0>-T3: Msg #1579, C-Out: 23.10 18:11:25,158| HBQ-In: 23.10 18:11:25,158| DQ-In: 23.10 18:11:25,576| C-In: 23.10 18:11:25,765|
lab29-83-<0.147.0>-T3: Msg #1580, C-Out: 23.10 18:11:25,659| HBQ-In: 23.10 18:11:25,660| DQ-In: 23.10 18:11:25,660| C-In: 23.10 18:11:25,765|
lab29-43-<0.2458.0>-T3: Msg #1581, C-Out: 23.10 18:11:25,175| HBQ-In: 23.10 18:11:25,175| DQ-In: 23.10 18:11:25,660| C-In: 23.10 18:11:25,767|
lab29-68-<0.633.0>-T3: Msg #1582, C-Out: 23.10 18:11:25,731| HBQ-In: 23.10 18:11:25,731| DQ-In: 23.10 18:11:25,731| C-In: 23.10 18:11:25,769|
lab29-98-<0.78.0>-T3: Msg #1583, C-Out: 23.10 18:11:25,731| HBQ-In: 23.10 18:11:25,731| DQ-In: 23.10 18:11:25,731| C-In: 23.10 18:11:25,771|
Fehlernachricht fuer Luecke von 1584 bis 1584 C-In: 23.10 18:11:25,771|
lab29-32-<0.3394.0>-T3: Msg #1585, C-Out: 23.10 18:11:25,332| HBQ-In: 23.10 18:11:25,332| DQ-In: 23.10 18:11:25,750| C-In: 23.10 18:11:25,772|
lab29-37-<0.2967.0>-T3: Msg #1586, C-Out: 23.10 18:11:25,332| HBQ-In: 23.10 18:11:25,332| DQ-In: 23.10 18:11:25,750| C-In: 23.10 18:11:25,772|
Fehlernachricht fuer Luecke von 1587 bis 1587 C-In: 23.10 18:11:25,772|
lab29-27-<0.3815.0>-T3: Msg #1588, C-Out: 23.10 18:11:25,341| HBQ-In: 23.10 18:11:25,342| DQ-In: 23.10 18:11:25,769| C-In: 23.10 18:11:25,773|
lab29-22-<0.4210.0>-T3: Msg #1589, C-Out: 23.10 18:11:25,343| HBQ-In: 23.10 18:11:25,343| DQ-In: 23.10 18:11:25,769| C-In: 23.10 18:11:25,773|
lab29-17-<0.4601.0>-T3: Msg #1590, C-Out: 23.10 18:11:25,347| HBQ-In: 23.10 18:11:25,347| DQ-In: 23.10 18:11:25,769| C-In: 23.10 18:11:25,773|
ReceiveMsgs done
lab29-60-<0.1170.0>-T3: Msg #1727, C-Out: 23.10 18:11:27,275| gesendet
lab29-60-<0.1170.0>-T3: Msg #1889, C-Out: 23.10 18:11:28,776| gesendet
lab29-60-<0.1170.0>-T3: Msg #2039, C-Out: 23.10 18:11:30,278| gesendet
lab29-60-<0.1170.0>-T3: Msg #2172, C-Out: 23.10 18:11:31,779| gesendet
lab29-60-<0.1170.0>-T3: Msg #2321, C-Out: 23.10 18:11:33,280| gesendet
Neues Intervall: 2.25 Sekunden
Msg #2451 um 23.10 18:11:33,284| vergessen zu senden
Fehlernachricht fuer Luecke von 2259 bis 2259 C-In: 23.10 18:11:33,285|
lab29-29-<0.3641.0>-T3: Msg #2260, C-Out: 23.10 18:11:31,999| HBQ-In: 23.10 18:11:31,000| DQ-In: 23.10 18:11:32,667| C-In: 23.10 18:11:33,288|
lab29-49-<0.1950.0>-T3: Msg #2261, C-Out: 23.10 18:11:32,509| HBQ-In: 23.10 18:11:32,509| DQ-In: 23.10 18:11:32,667| C-In: 23.10 18:11:33,291|
lab29-9-<0.5191.0>-T3: Msg #2262, C-Out: 23.10 18:11:32,016| HBQ-In: 23.10 18:11:32,016| DQ-In: 23.10 18:11:32,667| C-In: 23.10 18:11:33,294|
lab29-14-<0.4846.0>-T3: Msg #2263, C-Out: 23.10 18:11:32,020| HBQ-In: 23.10 18:11:32,020| DQ-In: 23.10 18:11:32,667| C-In: 23.10 18:11:33,294|
lab29-19-<0.4442.0>-T3: Msg #2264, C-Out: 23.10 18:11:32,020| HBQ-In: 23.10 18:11:32,020| DQ-In: 23.10 18:11:32,667| C-In: 23.10 18:11:33,296|
lab29-34-<0.3220.0>-T3: Msg #2265, C-Out: 23.10 18:11:32,525| HBQ-In: 23.10 18:11:32,525| DQ-In: 23.10 18:11:32,667| C-In: 23.10 18:11:33,297|
lab29-56-<0.1439.0>-T3: Msg #2266, C-Out: 23.10 18:11:32,605| HBQ-In: 23.10 18:11:32,605| DQ-In: 23.10 18:11:32,667| C-In: 23.10 18:11:33,301|
Fehlernachricht fuer Luecke von 2267 bis 2267 C-In: 23.10 18:11:33,304|
lab29-41-<0.2632.0>-T3: Msg #2268, C-Out: 23.10 18:11:32,663| HBQ-In: 23.10 18:11:32,665| DQ-In: 23.10 18:11:32,816| C-In: 23.10 18:11:33,305|
lab29-3-<0.5663.0>-T3: Msg #2269, C-Out: 23.10 18:11:32,172| HBQ-In: 23.10 18:11:32,173| DQ-In: 23.10 18:11:32,816| C-In: 23.10 18:11:33,309|
Fehlernachricht fuer Luecke von 2270 bis 2272 C-In: 23.10 18:11:33,312|
lab29-23-<0.4130.0>-T3: Msg #2273, C-Out: 23.10 18:11:32,193| HBQ-In: 23.10 18:11:32,193| DQ-In: 23.10 18:11:32,828| C-In: 23.10 18:11:33,315|
Fehlernachricht fuer Luecke von 2274 bis 2275 C-In: 23.10 18:11:33,318|
lab29-28-<0.3729.0>-T3: Msg #2276, C-Out: 23.10 18:11:32,205| HBQ-In: 23.10 18:11:32,206| DQ-In: 23.10 18:11:32,833| C-In: 23.10 18:11:33,319|
lab29-8-<0.5273.0>-T3: Msg #2277, C-Out: 23.10 18:11:32,205| HBQ-In: 23.10 18:11:32,206| DQ-In: 23.10 18:11:32,833| C-In: 23.10 18:11:33,323|
lab29-48-<0.2035.0>-T3: Msg #2278, C-Out: 23.10 18:11:32,705| HBQ-In: 23.10 18:11:32,706| DQ-In: 23.10 18:11:32,833| C-In: 23.10 18:11:33,323|
lab29-63-<0.983.0>-T3: Msg #2279, C-Out: 23.10 18:11:32,716| HBQ-In: 23.10 18:11:32,716| DQ-In: 23.10 18:11:32,833| C-In: 23.10 18:11:33,324|
lab29-18-<0.4519.0>-T3: Msg #2280, C-Out: 23.10 18:11:32,214| HBQ-In: 23.10 18:11:32,215| DQ-In: 23.10 18:11:32,833| C-In: 23.10 18:11:33,326|
Fehlernachricht fuer Luecke von 2281 bis 2281 C-In: 23.10 18:11:33,326|
lab29-33-<0.3306.0>-T3: Msg #2282, C-Out: 23.10 18:11:32,753| HBQ-In: 23.10 18:11:32,753| DQ-In: 23.10 18:11:33,007| C-In: 23.10 18:11:33,326|
lab29-13-<0.4921.0>-T3: Msg #2283, C-Out: 23.10 18:11:32,255| HBQ-In: 23.10 18:11:32,257| DQ-In: 23.10 18:11:33,007| C-In: 23.10 18:11:33,327|
Fehlernachricht fuer Luecke von 2284 bis 2284 C-In: 23.10 18:11:33,327|
lab29-55-<0.1513.0>-T3: Msg #2285, C-Out: 23.10 18:11:32,816| HBQ-In: 23.10 18:11:32,816| DQ-In: 23.10 18:11:33,021| C-In: 23.10 18:11:33,330|
lab29-40-<0.2707.0>-T3: Msg #2286, C-Out: 23.10 18:11:32,826| HBQ-In: 23.10 18:11:32,828| DQ-In: 23.10 18:11:33,021| C-In: 23.10 18:11:33,331|
Fehlernachricht fuer Luecke von 2287 bis 2289 C-In: 23.10 18:11:33,332|
lab29-2-<0.5741.0>-T3: Msg #2290, C-Out: 23.10 18:11:32,380| HBQ-In: 23.10 18:11:32,380| DQ-In: 23.10 18:11:33,029| C-In: 23.10 18:11:33,333|
Fehlernachricht fuer Luecke von 2291 bis 2291 C-In: 23.10 18:11:33,333|
lab29-27-<0.3815.0>-T3: Msg #2292, C-Out: 23.10 18:11:32,405| HBQ-In: 23.10 18:11:32,405| DQ-In: 23.10 18:11:33,031| C-In: 23.10 18:11:33,334|
lab29-22-<0.4210.0>-T3: Msg #2293, C-Out: 23.10 18:11:32,412| HBQ-In: 23.10 18:11:32,412| DQ-In: 23.10 18:11:33,031| C-In: 23.10 18:11:33,334|
lab29-7-<0.5358.0>-T3: Msg #2294, C-Out: 23.10 18:11:32,418| HBQ-In: 23.10 18:11:32,418| DQ-In: 23.10 18:11:33,031| C-In: 23.10 18:11:33,334|
lab29-32-<0.3394.0>-T3: Msg #2295, C-Out: 23.10 18:11:32,923| HBQ-In: 23.10 18:11:32,923| DQ-In: 23.10 18:11:33,031| C-In: 23.10 18:11:33,335|
lab29-47-<0.2127.0>-T3: Msg #2296, C-Out: 23.10 18:11:32,927| HBQ-In: 23.10 18:11:32,927| DQ-In: 23.10 18:11:33,031| C-In: 23.10 18:11:33,346|
lab29-62-<0.1043.0>-T3: Msg #2297, C-Out: 23.10 18:11:32,931| HBQ-In: 23.10 18:11:32,931| DQ-In: 23.10 18:11:33,031| C-In: 23.10 18:11:33,352|
lab29-12-<0.4991.0>-T3: Msg #2298, C-Out: 23.10 18:11:32,433| HBQ-In: 23.10 18:11:32,433| DQ-In: 23.10 18:11:33,031| C-In: 23.10 18:11:33,354|
lab29-17-<0.4601.0>-T3: Msg #2299, C-Out: 23.10 18:11:32,433| HBQ-In: 23.10 18:11:32,433| DQ-In: 23.10 18:11:33,031| C-In: 23.10 18:11:33,354|
Fehlernachricht fuer Luecke von 2300 bis 2301 C-In: 23.10 18:11:33,356|
lab29-54-<0.1586.0>-T3: Msg #2302, C-Out: 23.10 18:11:33,029| HBQ-In: 23.10 18:11:33,029| DQ-In: 23.10 18:11:33,225| C-In: 23.10 18:11:33,356|
lab29-39-<0.2795.0>-T3: Msg #2303, C-Out: 23.10 18:11:33,030| HBQ-In: 23.10 18:11:33,031| DQ-In: 23.10 18:11:33,225| C-In: 23.10 18:11:33,357|
Fehlernachricht fuer Luecke von 2304 bis 2305 C-In: 23.10 18:11:33,358|
lab29-1-<0.5818.0>-T3: Msg #2306, C-Out: 23.10 18:11:32,583| HBQ-In: 23.10 18:11:32,583| DQ-In: 23.10 18:11:33,261| C-In: 23.10 18:11:33,358|
Fehlernachricht fuer Luecke von 2307 bis 2307 C-In: 23.10 18:11:33,358|
lab29-26-<0.3898.0>-T3: Msg #2308, C-Out: 23.10 18:11:32,599| HBQ-In: 23.10 18:11:32,599| DQ-In: 23.10 18:11:33,281| C-In: 23.10 18:11:33,358|
lab29-6-<0.5440.0>-T3: Msg #2309, C-Out: 23.10 18:11:32,614| HBQ-In: 23.10 18:11:32,614| DQ-In: 23.10 18:11:33,282| C-In: 23.10 18:11:33,359|
lab29-46-<0.2213.0>-T3: Msg #2310, C-Out: 23.10 18:11:33,120| HBQ-In: 23.10 18:11:33,120| DQ-In: 23.10 18:11:33,282| C-In: 23.10 18:11:33,359|
lab29-21-<0.4291.0>-T3: Msg #2311, C-Out: 23.10 18:11:32,620| HBQ-In: 23.10 18:11:32,620| DQ-In: 23.10 18:11:33,282| C-In: 23.10 18:11:33,359|
lab29-11-<0.5067.0>-T3: Msg #2312, C-Out: 23.10 18:11:32,620| HBQ-In: 23.10 18:11:32,620| DQ-In: 23.10 18:11:33,282| C-In: 23.10 18:11:33,360|
lab29-31-<0.3480.0>-T3: Msg #2313, C-Out: 23.10 18:11:33,124| HBQ-In: 23.10 18:11:33,124| DQ-In: 23.10 18:11:33,282| C-In: 23.10 18:11:33,360|
lab29-16-<0.4681.0>-T3: Msg #2314, C-Out: 23.10 18:11:32,629| HBQ-In: 23.10 18:11:32,629| DQ-In: 23.10 18:11:33,282| C-In: 23.10 18:11:33,361|
lab29-61-<0.1100.0>-T3: Msg #2315, C-Out: 23.10 18:11:33,142| HBQ-In: 23.10 18:11:33,142| DQ-In: 23.10 18:11:33,282| C-In: 23.10 18:11:33,361|
ReceiveMsgs done
lab29-60-<0.1170.0>-T3: Msg #2455, C-Out: 23.10 18:11:35,614| gesendet
lab29-60-<0.1170.0>-T3: Msg #2640, C-Out: 23.10 18:11:37,865| gesendet
lab29-60-<0.1170.0>-T3: Msg #2798, C-Out: 23.10 18:11:40,116| gesendet
