lab29-19-<0.4442.0>-T3 C-Start: 23.10 18:11:23,944|
lab29-19-<0.4442.0>-T3: Msg #1560, C-Out: 23.10 18:11:24,946| gesendet
lab29-19-<0.4442.0>-T3: Msg #1648, C-Out: 23.10 18:11:25,947| gesendet
lab29-19-<0.4442.0>-T3: Msg #1738, C-Out: 23.10 18:11:26,949| gesendet
lab29-19-<0.4442.0>-T3: Msg #1856, C-Out: 23.10 18:11:27,951| gesendet
lab29-19-<0.4442.0>-T3: Msg #1952, C-Out: 23.10 18:11:28,956| gesendet
Neues Intervall: 1 Sekunden
Msg #2052 um 23.10 18:11:28,956| vergessen zu senden
lab29-70-<0.519.0>-T3: Msg #1845, C-Out: 23.10 18:11:28,271| HBQ-In: 23.10 18:11:28,271| DQ-In: 23.10 18:11:28,271| C-In: 23.10 18:11:28,957|
lab29-45-<0.2293.0>-T3: Msg #1846, C-Out: 23.10 18:11:27,772| HBQ-In: 23.10 18:11:27,772| DQ-In: 23.10 18:11:28,271| C-In: 23.10 18:11:28,959|
Fehlernachricht fuer Luecke von 1847 bis 1847 C-In: 23.10 18:11:28,960|
lab29-50-<0.1864.0>-T3: Msg #1849, C-Out: 23.10 18:11:27,812| HBQ-In: 23.10 18:11:27,812| DQ-In: 23.10 18:11:28,355| C-In: 23.10 18:11:28,960|
lab29-55-<0.1513.0>-T3: Msg #1850, C-Out: 23.10 18:11:28,311| HBQ-In: 23.10 18:11:28,312| DQ-In: 23.10 18:11:28,355| C-In: 23.10 18:11:28,961|
Fehlernachricht fuer Luecke von 1851 bis 1854 C-In: 23.10 18:11:28,961|
lab29-24-<0.4051.0>-T3: Msg #1855, C-Out: 23.10 18:11:27,947| HBQ-In: 23.10 18:11:27,947| DQ-In: 23.10 18:11:28,376| C-In: 23.10 18:11:28,961|
lab29-19-<0.4442.0>-T3: Msg #1856, C-Out: 23.10 18:11:27,951| HBQ-In: 23.10 18:11:27,953| DQ-In: 23.10 18:11:28,376|******* C-In: 23.10 18:11:28,962|
Fehlernachricht fuer Luecke von 1857 bis 1857 C-In: 23.10 18:11:28,962|
lab29-14-<0.4846.0>-T3: Msg #1858, C-Out: 23.10 18:11:27,955| HBQ-In: 23.10 18:11:27,955| DQ-In: 23.10 18:11:28,382| C-In: 23.10 18:11:28,962|
lab29-9-<0.5191.0>-T3: Msg #1859, C-Out: 23.10 18:11:27,959| HBQ-In: 23.10 18:11:27,959| DQ-In: 23.10 18:11:28,382| C-In: 23.10 18:11:28,963|
Fehlernachricht fuer Luecke von 1860 bis 1860 C-In: 23.10 18:11:28,963|
lab29-39-<0.2795.0>-T3: Msg #1861, C-Out: 23.10 18:11:27,964| HBQ-In: 23.10 18:11:27,964| DQ-In: 23.10 18:11:28,401| C-In: 23.10 18:11:28,965|
lab29-49-<0.1950.0>-T3: Msg #1862, C-Out: 23.10 18:11:27,964| HBQ-In: 23.10 18:11:27,964| DQ-In: 23.10 18:11:28,401| C-In: 23.10 18:11:28,965|
lab29-4-<0.5587.0>-T3: Msg #1863, C-Out: 23.10 18:11:27,964| HBQ-In: 23.10 18:11:27,964| DQ-In: 23.10 18:11:28,401| C-In: 23.10 18:11:28,970|
lab29-44-<0.2376.0>-T3: Msg #1864, C-Out: 23.10 18:11:27,970| HBQ-In: 23.10 18:11:27,970| DQ-In: 23.10 18:11:28,401| C-In: 23.10 18:11:28,970|
Fehlernachricht fuer Luecke von 1865 bis 1865 C-In: 23.10 18:11:28,971|
lab29-34-<0.3220.0>-T3: Msg #1866, C-Out: 23.10 18:11:27,978| HBQ-In: 23.10 18:11:27,978| DQ-In: 23.10 18:11:28,557| C-In: 23.10 18:11:28,971|
lab29-69-<0.583.0>-T3: Msg #1867, C-Out: 23.10 18:11:28,482| HBQ-In: 23.10 18:11:28,482| DQ-In: 23.10 18:11:28,557| C-In: 23.10 18:11:28,971|
lab29-29-<0.3641.0>-T3: Msg #1868, C-Out: 23.10 18:11:27,991| HBQ-In: 23.10 18:11:27,992| DQ-In: 23.10 18:11:28,557| C-In: 23.10 18:11:28,972|
lab29-54-<0.1586.0>-T3: Msg #1869, C-Out: 23.10 18:11:28,519| HBQ-In: 23.10 18:11:28,519| DQ-In: 23.10 18:11:28,557| C-In: 23.10 18:11:28,972|
Fehlernachricht fuer Luecke von 1870 bis 1874 C-In: 23.10 18:11:28,972|
lab29-23-<0.4130.0>-T3: Msg #1875, C-Out: 23.10 18:11:28,149| HBQ-In: 23.10 18:11:28,149| DQ-In: 23.10 18:11:28,570| C-In: 23.10 18:11:28,973|
lab29-18-<0.4519.0>-T3: Msg #1876, C-Out: 23.10 18:11:28,153| HBQ-In: 23.10 18:11:28,153| DQ-In: 23.10 18:11:28,570| C-In: 23.10 18:11:28,973|
Fehlernachricht fuer Luecke von 1877 bis 1877 C-In: 23.10 18:11:28,974|
lab29-13-<0.4921.0>-T3: Msg #1878, C-Out: 23.10 18:11:28,159| HBQ-In: 23.10 18:11:28,160| DQ-In: 23.10 18:11:28,582| C-In: 23.10 18:11:28,974|
lab29-8-<0.5273.0>-T3: Msg #1879, C-Out: 23.10 18:11:28,162| HBQ-In: 23.10 18:11:28,162| DQ-In: 23.10 18:11:28,582| C-In: 23.10 18:11:28,974|
lab29-48-<0.2035.0>-T3: Msg #1880, C-Out: 23.10 18:11:28,163| HBQ-In: 23.10 18:11:28,163| DQ-In: 23.10 18:11:28,582| C-In: 23.10 18:11:28,975|
lab29-83-<0.147.0>-T3: Msg #1881, C-Out: 23.10 18:11:28,663| HBQ-In: 23.10 18:11:28,663| DQ-In: 23.10 18:11:28,663| C-In: 23.10 18:11:28,978|
lab29-38-<0.2880.0>-T3: Msg #1882, C-Out: 23.10 18:11:28,163| HBQ-In: 23.10 18:11:28,163| DQ-In: 23.10 18:11:28,663| C-In: 23.10 18:11:28,978|
lab29-3-<0.5663.0>-T3: Msg #1883, C-Out: 23.10 18:11:28,164| HBQ-In: 23.10 18:11:28,164| DQ-In: 23.10 18:11:28,663| C-In: 23.10 18:11:28,979|
lab29-43-<0.2458.0>-T3: Msg #1884, C-Out: 23.10 18:11:28,181| HBQ-In: 23.10 18:11:28,181| DQ-In: 23.10 18:11:28,663| C-In: 23.10 18:11:28,979|
lab29-33-<0.3306.0>-T3: Msg #1885, C-Out: 23.10 18:11:28,181| HBQ-In: 23.10 18:11:28,181| DQ-In: 23.10 18:11:28,663| C-In: 23.10 18:11:28,979|
lab29-28-<0.3729.0>-T3: Msg #1886, C-Out: 23.10 18:11:28,199| HBQ-In: 23.10 18:11:28,199| DQ-In: 23.10 18:11:28,663| C-In: 23.10 18:11:28,979|
lab29-53-<0.1650.0>-T3: Msg #1887, C-Out: 23.10 18:11:28,699| HBQ-In: 23.10 18:11:28,699| DQ-In: 23.10 18:11:28,699| C-In: 23.10 18:11:28,980|
lab29-68-<0.633.0>-T3: Msg #1888, C-Out: 23.10 18:11:28,735| HBQ-In: 23.10 18:11:28,736| DQ-In: 23.10 18:11:28,736| C-In: 23.10 18:11:28,980|
Fehlernachricht fuer Luecke von 1889 bis 1890 C-In: 23.10 18:11:28,980|
lab29-22-<0.4210.0>-T3: Msg #1891, C-Out: 23.10 18:11:28,347| HBQ-In: 23.10 18:11:28,347| DQ-In: 23.10 18:11:28,769| C-In: 23.10 18:11:28,983|
Fehlernachricht fuer Luecke von 1892 bis 1892 C-In: 23.10 18:11:28,983|
lab29-17-<0.4601.0>-T3: Msg #1893, C-Out: 23.10 18:11:28,352| HBQ-In: 23.10 18:11:28,352| DQ-In: 23.10 18:11:28,774| C-In: 23.10 18:11:28,984|
lab29-12-<0.4991.0>-T3: Msg #1894, C-Out: 23.10 18:11:28,354| HBQ-In: 23.10 18:11:28,355| DQ-In: 23.10 18:11:28,774| C-In: 23.10 18:11:28,984|
lab29-7-<0.5358.0>-T3: Msg #1895, C-Out: 23.10 18:11:28,360| HBQ-In: 23.10 18:11:28,360| DQ-In: 23.10 18:11:28,774| C-In: 23.10 18:11:28,984|
lab29-2-<0.5741.0>-T3: Msg #1896, C-Out: 23.10 18:11:28,370| HBQ-In: 23.10 18:11:28,370| DQ-In: 23.10 18:11:28,774| C-In: 23.10 18:11:28,985|
lab29-75-<0.200.0>-T3: Msg #1897, C-Out: 23.10 18:11:28,874| HBQ-In: 23.10 18:11:28,876| DQ-In: 23.10 18:11:28,876| C-In: 23.10 18:11:28,985|
Fehlernachricht fuer Luecke von 1898 bis 1898 C-In: 23.10 18:11:28,986|
lab29-32-<0.3394.0>-T3: Msg #1899, C-Out: 23.10 18:11:28,374| HBQ-In: 23.10 18:11:28,376| DQ-In: 23.10 18:11:28,894| C-In: 23.10 18:11:28,988|
lab29-47-<0.2127.0>-T3: Msg #1900, C-Out: 23.10 18:11:28,382| HBQ-In: 23.10 18:11:28,382| DQ-In: 23.10 18:11:28,894| C-In: 23.10 18:11:28,989|
lab29-42-<0.2545.0>-T3: Msg #1901, C-Out: 23.10 18:11:28,382| HBQ-In: 23.10 18:11:28,382| DQ-In: 23.10 18:11:28,894| C-In: 23.10 18:11:28,990|
lab29-67-<0.708.0>-T3: Msg #1902, C-Out: 23.10 18:11:28,885| HBQ-In: 23.10 18:11:28,886| DQ-In: 23.10 18:11:28,894| C-In: 23.10 18:11:28,994|
Fehlernachricht fuer Luecke von 1903 bis 1903 C-In: 23.10 18:11:28,995|
lab29-82-<0.153.0>-T3: Msg #1904, C-Out: 23.10 18:11:28,893| HBQ-In: 23.10 18:11:28,894| DQ-In: 23.10 18:11:28,960| C-In: 23.10 18:11:28,995|
lab29-37-<0.2967.0>-T3: Msg #1905, C-Out: 23.10 18:11:28,393| HBQ-In: 23.10 18:11:28,395| DQ-In: 23.10 18:11:28,960| C-In: 23.10 18:11:28,996|
lab29-27-<0.3815.0>-T3: Msg #1906, C-Out: 23.10 18:11:28,401| HBQ-In: 23.10 18:11:28,401| DQ-In: 23.10 18:11:28,960| C-In: 23.10 18:11:28,996|
Fehlernachricht fuer Luecke von 1907 bis 1907 C-In: 23.10 18:11:28,996|
lab29-52-<0.1713.0>-T3: Msg #1908, C-Out: 23.10 18:11:28,946| HBQ-In: 23.10 18:11:28,946| DQ-In: 23.10 18:11:28,971| C-In: 23.10 18:11:28,997|
Fehlernachricht fuer Luecke von 1909 bis 1912 C-In: 23.10 18:11:28,001|
lab29-16-<0.4681.0>-T3: Msg #1913, C-Out: 23.10 18:11:28,556| HBQ-In: 23.10 18:11:28,557| DQ-In: 23.10 18:11:28,973| C-In: 23.10 18:11:28,004|
lab29-21-<0.4291.0>-T3: Msg #1914, C-Out: 23.10 18:11:28,557| HBQ-In: 23.10 18:11:28,557| DQ-In: 23.10 18:11:28,973| C-In: 23.10 18:11:29,006|
Fehlernachricht fuer Luecke von 1915 bis 1915 C-In: 23.10 18:11:29,008|
lab29-11-<0.5067.0>-T3: Msg #1916, C-Out: 23.10 18:11:28,559| HBQ-In: 23.10 18:11:28,559| DQ-In: 23.10 18:11:28,994| C-In: 23.10 18:11:29,008|
lab29-46-<0.2213.0>-T3: Msg #1917, C-Out: 23.10 18:11:28,559| HBQ-In: 23.10 18:11:28,559| DQ-In: 23.10 18:11:28,994| C-In: 23.10 18:11:29,008|
lab29-6-<0.5440.0>-T3: Msg #1918, C-Out: 23.10 18:11:28,565| HBQ-In: 23.10 18:11:28,565| DQ-In: 23.10 18:11:28,994| C-In: 23.10 18:11:29,010|
lab29-1-<0.5818.0>-T3: Msg #1919, C-Out: 23.10 18:11:28,569| HBQ-In: 23.10 18:11:28,570| DQ-In: 23.10 18:11:28,994| C-In: 23.10 18:11:29,011|
lab29-31-<0.3480.0>-T3: Msg #1920, C-Out: 23.10 18:11:28,575| HBQ-In: 23.10 18:11:28,575| DQ-In: 23.10 18:11:28,994| C-In: 23.10 18:11:29,012|
ReceiveMsgs done
lab29-19-<0.4442.0>-T3: Msg #2061, C-Out: 23.10 18:11:30,015| gesendet
lab29-19-<0.4442.0>-T3: Msg #2149, C-Out: 23.10 18:11:31,017| gesendet
lab29-19-<0.4442.0>-T3: Msg #2264, C-Out: 23.10 18:11:32,020| gesendet
lab29-19-<0.4442.0>-T3: Msg #2346, C-Out: 23.10 18:11:33,021| gesendet
lab29-19-<0.4442.0>-T3: Msg #2431, C-Out: 23.10 18:11:34,022| gesendet
Neues Intervall: 1.5 Sekunden
Msg #2503 um 23.10 18:11:34,024| vergessen zu senden
lab29-6-<0.5440.0>-T3: Msg #2309, C-Out: 23.10 18:11:32,614| HBQ-In: 23.10 18:11:32,614| DQ-In: 23.10 18:11:33,282| C-In: 23.10 18:11:34,024|
lab29-46-<0.2213.0>-T3: Msg #2310, C-Out: 23.10 18:11:33,120| HBQ-In: 23.10 18:11:33,120| DQ-In: 23.10 18:11:33,282| C-In: 23.10 18:11:34,027|
lab29-21-<0.4291.0>-T3: Msg #2311, C-Out: 23.10 18:11:32,620| HBQ-In: 23.10 18:11:32,620| DQ-In: 23.10 18:11:33,282| C-In: 23.10 18:11:34,029|
lab29-11-<0.5067.0>-T3: Msg #2312, C-Out: 23.10 18:11:32,620| HBQ-In: 23.10 18:11:32,620| DQ-In: 23.10 18:11:33,282| C-In: 23.10 18:11:34,029|
lab29-31-<0.3480.0>-T3: Msg #2313, C-Out: 23.10 18:11:33,124| HBQ-In: 23.10 18:11:33,124| DQ-In: 23.10 18:11:33,282| C-In: 23.10 18:11:34,030|
lab29-16-<0.4681.0>-T3: Msg #2314, C-Out: 23.10 18:11:32,629| HBQ-In: 23.10 18:11:32,629| DQ-In: 23.10 18:11:33,282| C-In: 23.10 18:11:34,030|
lab29-61-<0.1100.0>-T3: Msg #2315, C-Out: 23.10 18:11:33,142| HBQ-In: 23.10 18:11:33,142| DQ-In: 23.10 18:11:33,282| C-In: 23.10 18:11:34,030|
Fehlernachricht fuer Luecke von 2316 bis 2317 C-In: 23.10 18:11:34,031|
lab29-53-<0.1650.0>-T3: Msg #2318, C-Out: 23.10 18:11:33,208| HBQ-In: 23.10 18:11:33,208| DQ-In: 23.10 18:11:33,453| C-In: 23.10 18:11:34,031|
Fehlernachricht fuer Luecke von 2319 bis 2319 C-In: 23.10 18:11:34,032|
lab29-38-<0.2880.0>-T3: Msg #2320, C-Out: 23.10 18:11:33,261| HBQ-In: 23.10 18:11:33,261| DQ-In: 23.10 18:11:33,454| C-In: 23.10 18:11:34,032|
lab29-60-<0.1170.0>-T3: Msg #2321, C-Out: 23.10 18:11:33,280| HBQ-In: 23.10 18:11:33,281| DQ-In: 23.10 18:11:33,454| C-In: 23.10 18:11:34,032|
Fehlernachricht fuer Luecke von 2322 bis 2324 C-In: 23.10 18:11:34,033|
lab29-25-<0.3973.0>-T3: Msg #2325, C-Out: 23.10 18:11:32,807| HBQ-In: 23.10 18:11:32,807| DQ-In: 23.10 18:11:33,529| C-In: 23.10 18:11:34,033|
lab29-15-<0.4762.0>-T3: Msg #2326, C-Out: 23.10 18:11:32,807| HBQ-In: 23.10 18:11:32,808| DQ-In: 23.10 18:11:33,529| C-In: 23.10 18:11:34,033|
lab29-20-<0.4365.0>-T3: Msg #2327, C-Out: 23.10 18:11:32,810| HBQ-In: 23.10 18:11:32,810| DQ-In: 23.10 18:11:33,529| C-In: 23.10 18:11:34,034|
Fehlernachricht fuer Luecke von 2328 bis 2328 C-In: 23.10 18:11:34,037|
lab29-5-<0.5513.0>-T3: Msg #2329, C-Out: 23.10 18:11:32,825| HBQ-In: 23.10 18:11:32,825| DQ-In: 23.10 18:11:33,621| C-In: 23.10 18:11:34,037|
lab29-45-<0.2293.0>-T3: Msg #2330, C-Out: 23.10 18:11:33,330| HBQ-In: 23.10 18:11:33,330| DQ-In: 23.10 18:11:33,621| C-In: 23.10 18:11:34,038|
lab29-10-<0.5112.0>-T3: Msg #2331, C-Out: 23.10 18:11:32,832| HBQ-In: 23.10 18:11:32,833| DQ-In: 23.10 18:11:33,621| C-In: 23.10 18:11:34,038|
lab29-30-<0.3559.0>-T3: Msg #2332, C-Out: 23.10 18:11:33,354| HBQ-In: 23.10 18:11:33,354| DQ-In: 23.10 18:11:33,621| C-In: 23.10 18:11:34,038|
Fehlernachricht fuer Luecke von 2333 bis 2335 C-In: 23.10 18:11:34,039|
lab29-52-<0.1713.0>-T3: Msg #2336, C-Out: 23.10 18:11:33,452| HBQ-In: 23.10 18:11:33,453| DQ-In: 23.10 18:11:33,635| C-In: 23.10 18:11:34,039|
lab29-37-<0.2967.0>-T3: Msg #2337, C-Out: 23.10 18:11:33,453| HBQ-In: 23.10 18:11:33,454| DQ-In: 23.10 18:11:33,635| C-In: 23.10 18:11:34,039|
Fehlernachricht fuer Luecke von 2338 bis 2339 C-In: 23.10 18:11:34,040|
lab29-24-<0.4051.0>-T3: Msg #2340, C-Out: 23.10 18:11:32,979| HBQ-In: 23.10 18:11:32,979| DQ-In: 23.10 18:11:33,711| C-In: 23.10 18:11:34,040|
Fehlernachricht fuer Luecke von 2341 bis 2341 C-In: 23.10 18:11:34,042|
lab29-59-<0.1234.0>-T3: Msg #2342, C-Out: 23.10 18:11:33,498| HBQ-In: 23.10 18:11:33,498| DQ-In: 23.10 18:11:33,734| C-In: 23.10 18:11:34,042|
Fehlernachricht fuer Luecke von 2343 bis 2343 C-In: 23.10 18:11:34,043|
lab29-4-<0.5587.0>-T3: Msg #2344, C-Out: 23.10 18:11:33,007| HBQ-In: 23.10 18:11:33,007| DQ-In: 23.10 18:11:33,749| C-In: 23.10 18:11:34,044|
lab29-9-<0.5191.0>-T3: Msg #2345, C-Out: 23.10 18:11:33,021| HBQ-In: 23.10 18:11:33,021| DQ-In: 23.10 18:11:33,749| C-In: 23.10 18:11:34,044|
lab29-19-<0.4442.0>-T3: Msg #2346, C-Out: 23.10 18:11:33,021| HBQ-In: 23.10 18:11:33,021| DQ-In: 23.10 18:11:33,749|******* C-In: 23.10 18:11:34,046|
lab29-14-<0.4846.0>-T3: Msg #2347, C-Out: 23.10 18:11:33,022| HBQ-In: 23.10 18:11:33,022| DQ-In: 23.10 18:11:33,749| C-In: 23.10 18:11:34,046|
lab29-44-<0.2376.0>-T3: Msg #2348, C-Out: 23.10 18:11:33,527| HBQ-In: 23.10 18:11:33,529| DQ-In: 23.10 18:11:33,749| C-In: 23.10 18:11:34,047|
lab29-29-<0.3641.0>-T3: Msg #2349, C-Out: 23.10 18:11:33,564| HBQ-In: 23.10 18:11:33,564| DQ-In: 23.10 18:11:33,749| C-In: 23.10 18:11:34,047|
Fehlernachricht fuer Luecke von 2350 bis 2350 C-In: 23.10 18:11:34,049|
lab29-51-<0.1789.0>-T3: Msg #2351, C-Out: 23.10 18:11:33,630| HBQ-In: 23.10 18:11:33,630| DQ-In: 23.10 18:11:33,882| C-In: 23.10 18:11:34,049|
lab29-36-<0.3048.0>-T3: Msg #2352, C-Out: 23.10 18:11:33,633| HBQ-In: 23.10 18:11:33,635| DQ-In: 23.10 18:11:33,882| C-In: 23.10 18:11:34,049|
Fehlernachricht fuer Luecke von 2353 bis 2355 C-In: 23.10 18:11:34,052|
lab29-23-<0.4130.0>-T3: Msg #2356, C-Out: 23.10 18:11:33,194| HBQ-In: 23.10 18:11:33,196| DQ-In: 23.10 18:11:33,937| C-In: 23.10 18:11:34,053|
lab29-58-<0.1296.0>-T3: Msg #2357, C-Out: 23.10 18:11:33,707| HBQ-In: 23.10 18:11:33,711| DQ-In: 23.10 18:11:33,937| C-In: 23.10 18:11:34,054|
lab29-8-<0.5273.0>-T3: Msg #2358, C-Out: 23.10 18:11:33,208| HBQ-In: 23.10 18:11:33,208| DQ-In: 23.10 18:11:33,937| C-In: 23.10 18:11:34,054|
Fehlernachricht fuer Luecke von 2359 bis 2359 C-In: 23.10 18:11:34,056|
lab29-18-<0.4519.0>-T3: Msg #2360, C-Out: 23.10 18:11:33,216| HBQ-In: 23.10 18:11:33,217| DQ-In: 23.10 18:11:34,010| C-In: 23.10 18:11:34,056|
Fehlernachricht fuer Luecke von 2361 bis 2361 C-In: 23.10 18:11:34,060|
lab29-3-<0.5663.0>-T3: Msg #2362, C-Out: 23.10 18:11:33,225| HBQ-In: 23.10 18:11:33,225| DQ-In: 23.10 18:11:34,023| C-In: 23.10 18:11:34,060|
lab29-43-<0.2458.0>-T3: Msg #2363, C-Out: 23.10 18:11:33,734| HBQ-In: 23.10 18:11:33,734| DQ-In: 23.10 18:11:34,023| C-In: 23.10 18:11:34,061|
Fehlernachricht fuer Luecke von 2364 bis 2364 C-In: 23.10 18:11:34,061|
lab29-28-<0.3729.0>-T3: Msg #2365, C-Out: 23.10 18:11:33,748| HBQ-In: 23.10 18:11:33,749| DQ-In: 23.10 18:11:34,023| C-In: 23.10 18:11:34,063|
lab29-13-<0.4921.0>-T3: Msg #2366, C-Out: 23.10 18:11:33,259| HBQ-In: 23.10 18:11:33,259| DQ-In: 23.10 18:11:34,023| C-In: 23.10 18:11:34,063|
ReceiveMsgs done
lab29-19-<0.4442.0>-T3: Msg #2508, C-Out: 23.10 18:11:35,566| gesendet
lab29-19-<0.4442.0>-T3: Msg #2637, C-Out: 23.10 18:11:37,067| gesendet
lab29-19-<0.4442.0>-T3: Msg #2746, C-Out: 23.10 18:11:38,573| gesendet
