lab29-56-<0.1439.0>-T3 C-Start: 23.10 18:11:16,499|
lab29-56-<0.1439.0>-T3: Msg #984, C-Out: 23.10 18:11:17,502| gesendet
lab29-56-<0.1439.0>-T3: Msg #1037, C-Out: 23.10 18:11:18,505| gesendet
lab29-56-<0.1439.0>-T3: Msg #1105, C-Out: 23.10 18:11:19,506| gesendet
lab29-56-<0.1439.0>-T3: Msg #1190, C-Out: 23.10 18:11:20,507| gesendet
lab29-56-<0.1439.0>-T3: Msg #1258, C-Out: 23.10 18:11:21,509| gesendet
Neues Intervall: 1 Sekunden
Msg #1337 um 23.10 18:11:21,509| vergessen zu senden
lab29-47-<0.2127.0>-T3: Msg #1177, C-Out: 23.10 18:11:20,319| HBQ-In: 23.10 18:11:20,319| DQ-In: 23.10 18:11:20,714| C-In: 23.10 18:11:21,509|
lab29-52-<0.1713.0>-T3: Msg #1178, C-Out: 23.10 18:11:20,319| HBQ-In: 23.10 18:11:20,319| DQ-In: 23.10 18:11:20,714| C-In: 23.10 18:11:21,510|
lab29-82-<0.153.0>-T3: Msg #1179, C-Out: 23.10 18:11:20,319| HBQ-In: 23.10 18:11:20,319| DQ-In: 23.10 18:11:20,714| C-In: 23.10 18:11:21,511|
lab29-42-<0.2545.0>-T3: Msg #1180, C-Out: 23.10 18:11:20,320| HBQ-In: 23.10 18:11:20,322| DQ-In: 23.10 18:11:20,714| C-In: 23.10 18:11:21,512|
lab29-72-<0.396.0>-T3: Msg #1181, C-Out: 23.10 18:11:20,327| HBQ-In: 23.10 18:11:20,329| DQ-In: 23.10 18:11:20,714| C-In: 23.10 18:11:21,514|
Fehlernachricht fuer Luecke von 1182 bis 1182 C-In: 23.10 18:11:21,516|
lab29-67-<0.708.0>-T3: Msg #1183, C-Out: 23.10 18:11:20,341| HBQ-In: 23.10 18:11:20,341| DQ-In: 23.10 18:11:20,906| C-In: 23.10 18:11:21,517|
lab29-77-<0.187.0>-T3: Msg #1184, C-Out: 23.10 18:11:20,381| HBQ-In: 23.10 18:11:20,381| DQ-In: 23.10 18:11:20,906| C-In: 23.10 18:11:21,518|
lab29-100-<0.40.0>-T3: Msg #1185, C-Out: 23.10 18:11:20,882| HBQ-In: 23.10 18:11:20,882| DQ-In: 23.10 18:11:20,906| C-In: 23.10 18:11:21,518|
lab29-92-<0.99.0>-T3: Msg #1186, C-Out: 23.10 18:11:20,897| HBQ-In: 23.10 18:11:20,897| DQ-In: 23.10 18:11:20,906| C-In: 23.10 18:11:21,518|
Fehlernachricht fuer Luecke von 1187 bis 1188 C-In: 23.10 18:11:21,519|
lab29-61-<0.1100.0>-T3: Msg #1189, C-Out: 23.10 18:11:20,504| HBQ-In: 23.10 18:11:20,505| DQ-In: 23.10 18:11:20,923| C-In: 23.10 18:11:21,519|
lab29-56-<0.1439.0>-T3: Msg #1190, C-Out: 23.10 18:11:20,507| HBQ-In: 23.10 18:11:20,508| DQ-In: 23.10 18:11:20,923|******* C-In: 23.10 18:11:21,519|
lab29-51-<0.1789.0>-T3: Msg #1191, C-Out: 23.10 18:11:20,512| HBQ-In: 23.10 18:11:20,513| DQ-In: 23.10 18:11:20,923| C-In: 23.10 18:11:21,520|
lab29-81-<0.159.0>-T3: Msg #1192, C-Out: 23.10 18:11:20,512| HBQ-In: 23.10 18:11:20,513| DQ-In: 23.10 18:11:20,923| C-In: 23.10 18:11:21,520|
lab29-46-<0.2213.0>-T3: Msg #1193, C-Out: 23.10 18:11:20,513| HBQ-In: 23.10 18:11:20,513| DQ-In: 23.10 18:11:20,923| C-In: 23.10 18:11:21,520|
lab29-41-<0.2632.0>-T3: Msg #1194, C-Out: 23.10 18:11:20,521| HBQ-In: 23.10 18:11:20,521| DQ-In: 23.10 18:11:20,923| C-In: 23.10 18:11:21,521|
lab29-66-<0.743.0>-T3: Msg #1195, C-Out: 23.10 18:11:20,538| HBQ-In: 23.10 18:11:20,538| DQ-In: 23.10 18:11:20,923| C-In: 23.10 18:11:21,521|
Fehlernachricht fuer Luecke von 1196 bis 1196 C-In: 23.10 18:11:21,521|
lab29-86-<0.129.0>-T3: Msg #1197, C-Out: 23.10 18:11:20,567| HBQ-In: 23.10 18:11:20,568| DQ-In: 23.10 18:11:21,107| C-In: 23.10 18:11:21,522|
lab29-76-<0.194.0>-T3: Msg #1198, C-Out: 23.10 18:11:20,587| HBQ-In: 23.10 18:11:20,589| DQ-In: 23.10 18:11:21,107| C-In: 23.10 18:11:21,524|
lab29-91-<0.103.0>-T3: Msg #1199, C-Out: 23.10 18:11:21,102| HBQ-In: 23.10 18:11:21,104| DQ-In: 23.10 18:11:21,107| C-In: 23.10 18:11:21,525|
lab29-71-<0.461.0>-T3: Msg #1200, C-Out: 23.10 18:11:20,609| HBQ-In: 23.10 18:11:20,610| DQ-In: 23.10 18:11:21,107| C-In: 23.10 18:11:21,527|
Fehlernachricht fuer Luecke von 1201 bis 1202 C-In: 23.10 18:11:21,527|
lab29-85-<0.133.0>-T3: Msg #1203, C-Out: 23.10 18:11:20,707| HBQ-In: 23.10 18:11:20,708| DQ-In: 23.10 18:11:21,125| C-In: 23.10 18:11:21,528|
lab29-60-<0.1170.0>-T3: Msg #1204, C-Out: 23.10 18:11:20,707| HBQ-In: 23.10 18:11:20,708| DQ-In: 23.10 18:11:21,125| C-In: 23.10 18:11:21,528|
lab29-55-<0.1513.0>-T3: Msg #1205, C-Out: 23.10 18:11:20,708| HBQ-In: 23.10 18:11:20,708| DQ-In: 23.10 18:11:21,125| C-In: 23.10 18:11:21,528|
lab29-50-<0.1864.0>-T3: Msg #1206, C-Out: 23.10 18:11:20,708| HBQ-In: 23.10 18:11:20,708| DQ-In: 23.10 18:11:21,125| C-In: 23.10 18:11:21,529|
lab29-45-<0.2293.0>-T3: Msg #1207, C-Out: 23.10 18:11:20,713| HBQ-In: 23.10 18:11:20,713| DQ-In: 23.10 18:11:21,125| C-In: 23.10 18:11:21,530|
lab29-70-<0.519.0>-T3: Msg #1208, C-Out: 23.10 18:11:20,714| HBQ-In: 23.10 18:11:20,714| DQ-In: 23.10 18:11:21,125| C-In: 23.10 18:11:21,530|
lab29-40-<0.2707.0>-T3: Msg #1209, C-Out: 23.10 18:11:20,720| HBQ-In: 23.10 18:11:20,720| DQ-In: 23.10 18:11:21,125| C-In: 23.10 18:11:21,530|
lab29-65-<0.819.0>-T3: Msg #1210, C-Out: 23.10 18:11:20,724| HBQ-In: 23.10 18:11:20,724| DQ-In: 23.10 18:11:21,125| C-In: 23.10 18:11:21,531|
Fehlernachricht fuer Luecke von 1211 bis 1211 C-In: 23.10 18:11:21,531|
lab29-80-<0.164.0>-T3: Msg #1212, C-Out: 23.10 18:11:20,761| HBQ-In: 23.10 18:11:20,761| DQ-In: 23.10 18:11:21,322| C-In: 23.10 18:11:21,531|
lab29-75-<0.200.0>-T3: Msg #1213, C-Out: 23.10 18:11:20,783| HBQ-In: 23.10 18:11:20,783| DQ-In: 23.10 18:11:21,322| C-In: 23.10 18:11:21,532|
lab29-90-<0.107.0>-T3: Msg #1214, C-Out: 23.10 18:11:21,301| HBQ-In: 23.10 18:11:21,302| DQ-In: 23.10 18:11:21,322| C-In: 23.10 18:11:21,532|
Fehlernachricht fuer Luecke von 1215 bis 1215 C-In: 23.10 18:11:21,532|
lab29-59-<0.1234.0>-T3: Msg #1216, C-Out: 23.10 18:11:20,902| HBQ-In: 23.10 18:11:20,902| DQ-In: 23.10 18:11:21,325| C-In: 23.10 18:11:21,532|
lab29-84-<0.140.0>-T3: Msg #1217, C-Out: 23.10 18:11:20,906| HBQ-In: 23.10 18:11:20,906| DQ-In: 23.10 18:11:21,325| C-In: 23.10 18:11:21,533|
lab29-54-<0.1586.0>-T3: Msg #1218, C-Out: 23.10 18:11:20,906| HBQ-In: 23.10 18:11:20,906| DQ-In: 23.10 18:11:21,325| C-In: 23.10 18:11:21,533|
Fehlernachricht fuer Luecke von 1219 bis 1219 C-In: 23.10 18:11:21,533|
lab29-49-<0.1950.0>-T3: Msg #1220, C-Out: 23.10 18:11:20,910| HBQ-In: 23.10 18:11:20,910| DQ-In: 23.10 18:11:21,346| C-In: 23.10 18:11:21,534|
lab29-44-<0.2376.0>-T3: Msg #1221, C-Out: 23.10 18:11:20,915| HBQ-In: 23.10 18:11:20,915| DQ-In: 23.10 18:11:21,346| C-In: 23.10 18:11:21,534|
lab29-39-<0.2795.0>-T3: Msg #1222, C-Out: 23.10 18:11:20,921| HBQ-In: 23.10 18:11:20,923| DQ-In: 23.10 18:11:21,346| C-In: 23.10 18:11:21,535|
lab29-64-<0.899.0>-T3: Msg #1223, C-Out: 23.10 18:11:20,927| HBQ-In: 23.10 18:11:20,928| DQ-In: 23.10 18:11:21,346| C-In: 23.10 18:11:21,535|
lab29-69-<0.583.0>-T3: Msg #1224, C-Out: 23.10 18:11:20,931| HBQ-In: 23.10 18:11:20,931| DQ-In: 23.10 18:11:21,346| C-In: 23.10 18:11:21,535|
lab29-89-<0.113.0>-T3: Msg #1225, C-Out: 23.10 18:11:21,431| HBQ-In: 23.10 18:11:21,431| DQ-In: 23.10 18:11:21,431| C-In: 23.10 18:11:21,536|
lab29-79-<0.173.0>-T3: Msg #1226, C-Out: 23.10 18:11:20,960| HBQ-In: 23.10 18:11:20,960| DQ-In: 23.10 18:11:21,431| C-In: 23.10 18:11:21,536|
lab29-74-<0.266.0>-T3: Msg #1227, C-Out: 23.10 18:11:20,967| HBQ-In: 23.10 18:11:20,968| DQ-In: 23.10 18:11:21,431| C-In: 23.10 18:11:21,539|
lab29-97-<0.81.0>-T3: Msg #1228, C-Out: 23.10 18:11:21,500| HBQ-In: 23.10 18:11:21,501| DQ-In: 23.10 18:11:21,501| C-In: 23.10 18:11:21,539|
Fehlernachricht fuer Luecke von 1229 bis 1229 C-In: 23.10 18:11:21,540|
lab29-58-<0.1296.0>-T3: Msg #1230, C-Out: 23.10 18:11:21,104| HBQ-In: 23.10 18:11:21,104| DQ-In: 23.10 18:11:21,527| C-In: 23.10 18:11:21,540|
lab29-53-<0.1650.0>-T3: Msg #1231, C-Out: 23.10 18:11:21,107| HBQ-In: 23.10 18:11:21,107| DQ-In: 23.10 18:11:21,527| C-In: 23.10 18:11:21,540|
lab29-48-<0.2035.0>-T3: Msg #1232, C-Out: 23.10 18:11:21,119| HBQ-In: 23.10 18:11:21,121| DQ-In: 23.10 18:11:21,527| C-In: 23.10 18:11:21,541|
lab29-43-<0.2458.0>-T3: Msg #1233, C-Out: 23.10 18:11:21,119| HBQ-In: 23.10 18:11:21,121| DQ-In: 23.10 18:11:21,527| C-In: 23.10 18:11:21,541|
lab29-83-<0.147.0>-T3: Msg #1234, C-Out: 23.10 18:11:21,120| HBQ-In: 23.10 18:11:21,121| DQ-In: 23.10 18:11:21,527| C-In: 23.10 18:11:21,543|
lab29-78-<0.180.0>-T3: Msg #1235, C-Out: 23.10 18:11:21,123| HBQ-In: 23.10 18:11:21,125| DQ-In: 23.10 18:11:21,527| C-In: 23.10 18:11:21,544|
lab29-38-<0.2880.0>-T3: Msg #1236, C-Out: 23.10 18:11:21,128| HBQ-In: 23.10 18:11:21,130| DQ-In: 23.10 18:11:21,527| C-In: 23.10 18:11:21,544|
ReceiveMsgs done
lab29-56-<0.1439.0>-T3: Msg #1345, C-Out: 23.10 18:11:22,545| gesendet
lab29-56-<0.1439.0>-T3: Msg #1421, C-Out: 23.10 18:11:23,546| gesendet
lab29-56-<0.1439.0>-T3: Msg #1526, C-Out: 23.10 18:11:24,547| gesendet
lab29-56-<0.1439.0>-T3: Msg #1607, C-Out: 23.10 18:11:25,550| gesendet
lab29-56-<0.1439.0>-T3: Msg #1701, C-Out: 23.10 18:11:26,551| gesendet
Neues Intervall: 1.5 Sekunden
Msg #1794 um 23.10 18:11:26,551| vergessen zu senden
lab29-57-<0.1365.0>-T3: Msg #1598, C-Out: 23.10 18:11:25,384| HBQ-In: 23.10 18:11:25,384| DQ-In: 23.10 18:11:25,883| C-In: 23.10 18:11:26,551|
lab29-82-<0.153.0>-T3: Msg #1599, C-Out: 23.10 18:11:25,885| HBQ-In: 23.10 18:11:25,886| DQ-In: 23.10 18:11:25,886| C-In: 23.10 18:11:26,552|
lab29-89-<0.113.0>-T3: Msg #1600, C-Out: 23.10 18:11:25,937| HBQ-In: 23.10 18:11:25,937| DQ-In: 23.10 18:11:25,937| C-In: 23.10 18:11:26,552|
Fehlernachricht fuer Luecke von 1601 bis 1602 C-In: 23.10 18:11:26,552|
lab29-36-<0.3048.0>-T3: Msg #1603, C-Out: 23.10 18:11:25,533| HBQ-In: 23.10 18:11:25,533| DQ-In: 23.10 18:11:25,950| C-In: 23.10 18:11:26,553|
Fehlernachricht fuer Luecke von 1604 bis 1604 C-In: 23.10 18:11:26,553|
lab29-31-<0.3480.0>-T3: Msg #1605, C-Out: 23.10 18:11:25,533| HBQ-In: 23.10 18:11:25,533| DQ-In: 23.10 18:11:25,961| C-In: 23.10 18:11:26,553|
lab29-26-<0.3898.0>-T3: Msg #1606, C-Out: 23.10 18:11:25,543| HBQ-In: 23.10 18:11:25,543| DQ-In: 23.10 18:11:25,961| C-In: 23.10 18:11:26,554|
lab29-56-<0.1439.0>-T3: Msg #1607, C-Out: 23.10 18:11:25,550| HBQ-In: 23.10 18:11:25,550| DQ-In: 23.10 18:11:25,961|******* C-In: 23.10 18:11:26,554|
lab29-21-<0.4291.0>-T3: Msg #1608, C-Out: 23.10 18:11:25,550| HBQ-In: 23.10 18:11:25,550| DQ-In: 23.10 18:11:25,961| C-In: 23.10 18:11:26,555|
Fehlernachricht fuer Luecke von 1609 bis 1609 C-In: 23.10 18:11:26,555|
lab29-16-<0.4681.0>-T3: Msg #1610, C-Out: 23.10 18:11:25,550| HBQ-In: 23.10 18:11:25,550| DQ-In: 23.10 18:11:26,052| C-In: 23.10 18:11:26,556|
lab29-81-<0.159.0>-T3: Msg #1611, C-Out: 23.10 18:11:26,050| HBQ-In: 23.10 18:11:26,051| DQ-In: 23.10 18:11:26,052| C-In: 23.10 18:11:26,556|
lab29-46-<0.2213.0>-T3: Msg #1612, C-Out: 23.10 18:11:25,552| HBQ-In: 23.10 18:11:25,554| DQ-In: 23.10 18:11:26,052| C-In: 23.10 18:11:26,556|
lab29-51-<0.1789.0>-T3: Msg #1613, C-Out: 23.10 18:11:25,572| HBQ-In: 23.10 18:11:25,573| DQ-In: 23.10 18:11:26,052| C-In: 23.10 18:11:26,557|
lab29-61-<0.1100.0>-T3: Msg #1614, C-Out: 23.10 18:11:25,576| HBQ-In: 23.10 18:11:25,576| DQ-In: 23.10 18:11:26,052| C-In: 23.10 18:11:26,560|
Fehlernachricht fuer Luecke von 1615 bis 1619 C-In: 23.10 18:11:26,562|
lab29-41-<0.2632.0>-T3: Msg #1620, C-Out: 23.10 18:11:25,594| HBQ-In: 23.10 18:11:25,596| DQ-In: 23.10 18:11:26,146| C-In: 23.10 18:11:26,562|
lab29-66-<0.743.0>-T3: Msg #1621, C-Out: 23.10 18:11:26,097| HBQ-In: 23.10 18:11:26,098| DQ-In: 23.10 18:11:26,146| C-In: 23.10 18:11:26,565|
lab29-96-<0.84.0>-T3: Msg #1622, C-Out: 23.10 18:11:26,136| HBQ-In: 23.10 18:11:26,138| DQ-In: 23.10 18:11:26,146| C-In: 23.10 18:11:26,565|
Fehlernachricht fuer Luecke von 1623 bis 1626 C-In: 23.10 18:11:26,565|
lab29-35-<0.3134.0>-T3: Msg #1627, C-Out: 23.10 18:11:25,731| HBQ-In: 23.10 18:11:25,731| DQ-In: 23.10 18:11:26,152| C-In: 23.10 18:11:26,566|
lab29-30-<0.3559.0>-T3: Msg #1628, C-Out: 23.10 18:11:25,742| HBQ-In: 23.10 18:11:25,742| DQ-In: 23.10 18:11:26,152| C-In: 23.10 18:11:26,566|
lab29-60-<0.1170.0>-T3: Msg #1629, C-Out: 23.10 18:11:25,747| HBQ-In: 23.10 18:11:25,747| DQ-In: 23.10 18:11:26,152| C-In: 23.10 18:11:26,568|
lab29-25-<0.3973.0>-T3: Msg #1630, C-Out: 23.10 18:11:25,747| HBQ-In: 23.10 18:11:25,747| DQ-In: 23.10 18:11:26,152| C-In: 23.10 18:11:26,568|
lab29-20-<0.4365.0>-T3: Msg #1631, C-Out: 23.10 18:11:25,747| HBQ-In: 23.10 18:11:25,747| DQ-In: 23.10 18:11:26,152| C-In: 23.10 18:11:26,568|
lab29-15-<0.4762.0>-T3: Msg #1632, C-Out: 23.10 18:11:25,750| HBQ-In: 23.10 18:11:25,750| DQ-In: 23.10 18:11:26,152| C-In: 23.10 18:11:26,569|
lab29-40-<0.2707.0>-T3: Msg #1633, C-Out: 23.10 18:11:25,760| HBQ-In: 23.10 18:11:25,761| DQ-In: 23.10 18:11:26,152| C-In: 23.10 18:11:26,569|
lab29-65-<0.819.0>-T3: Msg #1634, C-Out: 23.10 18:11:26,261| HBQ-In: 23.10 18:11:26,262| DQ-In: 23.10 18:11:26,262| C-In: 23.10 18:11:26,569|
lab29-45-<0.2293.0>-T3: Msg #1635, C-Out: 23.10 18:11:25,767| HBQ-In: 23.10 18:11:25,769| DQ-In: 23.10 18:11:26,262| C-In: 23.10 18:11:26,570|
lab29-55-<0.1513.0>-T3: Msg #1636, C-Out: 23.10 18:11:25,771| HBQ-In: 23.10 18:11:25,771| DQ-In: 23.10 18:11:26,262| C-In: 23.10 18:11:26,570|
lab29-50-<0.1864.0>-T3: Msg #1637, C-Out: 23.10 18:11:25,807| HBQ-In: 23.10 18:11:25,807| DQ-In: 23.10 18:11:26,262| C-In: 23.10 18:11:26,571|
lab29-80-<0.164.0>-T3: Msg #1638, C-Out: 23.10 18:11:26,321| HBQ-In: 23.10 18:11:26,321| DQ-In: 23.10 18:11:26,321| C-In: 23.10 18:11:26,571|
lab29-95-<0.87.0>-T3: Msg #1639, C-Out: 23.10 18:11:26,340| HBQ-In: 23.10 18:11:26,340| DQ-In: 23.10 18:11:26,340| C-In: 23.10 18:11:26,571|
lab29-87-<0.123.0>-T3: Msg #1640, C-Out: 23.10 18:11:26,371| HBQ-In: 23.10 18:11:26,371| DQ-In: 23.10 18:11:26,371| C-In: 23.10 18:11:26,571|
Fehlernachricht fuer Luecke von 1641 bis 1642 C-In: 23.10 18:11:26,572|
lab29-34-<0.3220.0>-T3: Msg #1643, C-Out: 23.10 18:11:25,935| HBQ-In: 23.10 18:11:25,935| DQ-In: 23.10 18:11:26,379| C-In: 23.10 18:11:26,572|
Fehlernachricht fuer Luecke von 1644 bis 1644 C-In: 23.10 18:11:26,573|
lab29-24-<0.4051.0>-T3: Msg #1645, C-Out: 23.10 18:11:25,943| HBQ-In: 23.10 18:11:25,943| DQ-In: 23.10 18:11:26,379| C-In: 23.10 18:11:26,573|
lab29-29-<0.3641.0>-T3: Msg #1646, C-Out: 23.10 18:11:25,943| HBQ-In: 23.10 18:11:25,943| DQ-In: 23.10 18:11:26,379| C-In: 23.10 18:11:26,573|
lab29-59-<0.1234.0>-T3: Msg #1647, C-Out: 23.10 18:11:25,947| HBQ-In: 23.10 18:11:25,948| DQ-In: 23.10 18:11:26,379| C-In: 23.10 18:11:26,574|
lab29-19-<0.4442.0>-T3: Msg #1648, C-Out: 23.10 18:11:25,947| HBQ-In: 23.10 18:11:25,948| DQ-In: 23.10 18:11:26,379| C-In: 23.10 18:11:26,574|
lab29-14-<0.4846.0>-T3: Msg #1649, C-Out: 23.10 18:11:25,950| HBQ-In: 23.10 18:11:25,950| DQ-In: 23.10 18:11:26,379| C-In: 23.10 18:11:26,574|
lab29-39-<0.2795.0>-T3: Msg #1650, C-Out: 23.10 18:11:25,960| HBQ-In: 23.10 18:11:25,961| DQ-In: 23.10 18:11:26,379| C-In: 23.10 18:11:26,574|
lab29-64-<0.899.0>-T3: Msg #1651, C-Out: 23.10 18:11:26,459| HBQ-In: 23.10 18:11:26,460| DQ-In: 23.10 18:11:26,460| C-In: 23.10 18:11:26,575|
lab29-49-<0.1950.0>-T3: Msg #1652, C-Out: 23.10 18:11:25,961| HBQ-In: 23.10 18:11:25,961| DQ-In: 23.10 18:11:26,460| C-In: 23.10 18:11:26,575|
lab29-44-<0.2376.0>-T3: Msg #1653, C-Out: 23.10 18:11:25,965| HBQ-In: 23.10 18:11:25,966| DQ-In: 23.10 18:11:26,460| C-In: 23.10 18:11:26,577|
lab29-54-<0.1586.0>-T3: Msg #1654, C-Out: 23.10 18:11:25,970| HBQ-In: 23.10 18:11:25,971| DQ-In: 23.10 18:11:26,460| C-In: 23.10 18:11:26,580|
lab29-79-<0.173.0>-T3: Msg #1655, C-Out: 23.10 18:11:26,512| HBQ-In: 23.10 18:11:26,512| DQ-In: 23.10 18:11:26,512| C-In: 23.10 18:11:26,580|
lab29-94-<0.91.0>-T3: Msg #1656, C-Out: 23.10 18:11:26,550| HBQ-In: 23.10 18:11:26,550| DQ-In: 23.10 18:11:26,550| C-In: 23.10 18:11:26,583|
Fehlernachricht fuer Luecke von 1657 bis 1657 C-In: 23.10 18:11:26,585|
lab29-33-<0.3306.0>-T3: Msg #1658, C-Out: 23.10 18:11:26,136| HBQ-In: 23.10 18:11:26,138| DQ-In: 23.10 18:11:26,555| C-In: 23.10 18:11:26,586|
Fehlernachricht fuer Luecke von 1659 bis 1659 C-In: 23.10 18:11:26,588|
lab29-28-<0.3729.0>-T3: Msg #1660, C-Out: 23.10 18:11:26,139| HBQ-In: 23.10 18:11:26,140| DQ-In: 23.10 18:11:26,555| C-In: 23.10 18:11:26,588|
lab29-23-<0.4130.0>-T3: Msg #1661, C-Out: 23.10 18:11:26,146| HBQ-In: 23.10 18:11:26,146| DQ-In: 23.10 18:11:26,555| C-In: 23.10 18:11:26,590|
lab29-53-<0.1650.0>-T3: Msg #1662, C-Out: 23.10 18:11:26,150| HBQ-In: 23.10 18:11:26,150| DQ-In: 23.10 18:11:26,555| C-In: 23.10 18:11:26,592|
lab29-18-<0.4519.0>-T3: Msg #1663, C-Out: 23.10 18:11:26,150| HBQ-In: 23.10 18:11:26,150| DQ-In: 23.10 18:11:26,555| C-In: 23.10 18:11:26,597|
lab29-13-<0.4921.0>-T3: Msg #1664, C-Out: 23.10 18:11:26,151| HBQ-In: 23.10 18:11:26,152| DQ-In: 23.10 18:11:26,555| C-In: 23.10 18:11:26,600|
ReceiveMsgs done
lab29-56-<0.1439.0>-T3: Msg #1804, C-Out: 23.10 18:11:28,101| gesendet
lab29-56-<0.1439.0>-T3: Msg #1966, C-Out: 23.10 18:11:29,602| gesendet
lab29-56-<0.1439.0>-T3: Msg #2111, C-Out: 23.10 18:11:31,103| gesendet
lab29-56-<0.1439.0>-T3: Msg #2266, C-Out: 23.10 18:11:32,605| gesendet
lab29-56-<0.1439.0>-T3: Msg #2391, C-Out: 23.10 18:11:34,107| gesendet
Neues Intervall: 2.25 Sekunden
Msg #2509 um 23.10 18:11:34,109| vergessen zu senden
lab29-21-<0.4291.0>-T3: Msg #2311, C-Out: 23.10 18:11:32,620| HBQ-In: 23.10 18:11:32,620| DQ-In: 23.10 18:11:33,282| C-In: 23.10 18:11:34,111|
lab29-11-<0.5067.0>-T3: Msg #2312, C-Out: 23.10 18:11:32,620| HBQ-In: 23.10 18:11:32,620| DQ-In: 23.10 18:11:33,282| C-In: 23.10 18:11:34,112|
lab29-31-<0.3480.0>-T3: Msg #2313, C-Out: 23.10 18:11:33,124| HBQ-In: 23.10 18:11:33,124| DQ-In: 23.10 18:11:33,282| C-In: 23.10 18:11:34,113|
lab29-16-<0.4681.0>-T3: Msg #2314, C-Out: 23.10 18:11:32,629| HBQ-In: 23.10 18:11:32,629| DQ-In: 23.10 18:11:33,282| C-In: 23.10 18:11:34,113|
lab29-61-<0.1100.0>-T3: Msg #2315, C-Out: 23.10 18:11:33,142| HBQ-In: 23.10 18:11:33,142| DQ-In: 23.10 18:11:33,282| C-In: 23.10 18:11:34,113|
Fehlernachricht fuer Luecke von 2316 bis 2317 C-In: 23.10 18:11:34,114|
lab29-53-<0.1650.0>-T3: Msg #2318, C-Out: 23.10 18:11:33,208| HBQ-In: 23.10 18:11:33,208| DQ-In: 23.10 18:11:33,453| C-In: 23.10 18:11:34,114|
Fehlernachricht fuer Luecke von 2319 bis 2319 C-In: 23.10 18:11:34,115|
lab29-38-<0.2880.0>-T3: Msg #2320, C-Out: 23.10 18:11:33,261| HBQ-In: 23.10 18:11:33,261| DQ-In: 23.10 18:11:33,454| C-In: 23.10 18:11:34,118|
lab29-60-<0.1170.0>-T3: Msg #2321, C-Out: 23.10 18:11:33,280| HBQ-In: 23.10 18:11:33,281| DQ-In: 23.10 18:11:33,454| C-In: 23.10 18:11:34,119|
Fehlernachricht fuer Luecke von 2322 bis 2324 C-In: 23.10 18:11:34,120|
lab29-25-<0.3973.0>-T3: Msg #2325, C-Out: 23.10 18:11:32,807| HBQ-In: 23.10 18:11:32,807| DQ-In: 23.10 18:11:33,529| C-In: 23.10 18:11:34,120|
lab29-15-<0.4762.0>-T3: Msg #2326, C-Out: 23.10 18:11:32,807| HBQ-In: 23.10 18:11:32,808| DQ-In: 23.10 18:11:33,529| C-In: 23.10 18:11:34,120|
lab29-20-<0.4365.0>-T3: Msg #2327, C-Out: 23.10 18:11:32,810| HBQ-In: 23.10 18:11:32,810| DQ-In: 23.10 18:11:33,529| C-In: 23.10 18:11:34,121|
Fehlernachricht fuer Luecke von 2328 bis 2328 C-In: 23.10 18:11:34,121|
lab29-5-<0.5513.0>-T3: Msg #2329, C-Out: 23.10 18:11:32,825| HBQ-In: 23.10 18:11:32,825| DQ-In: 23.10 18:11:33,621| C-In: 23.10 18:11:34,121|
lab29-45-<0.2293.0>-T3: Msg #2330, C-Out: 23.10 18:11:33,330| HBQ-In: 23.10 18:11:33,330| DQ-In: 23.10 18:11:33,621| C-In: 23.10 18:11:34,122|
lab29-10-<0.5112.0>-T3: Msg #2331, C-Out: 23.10 18:11:32,832| HBQ-In: 23.10 18:11:32,833| DQ-In: 23.10 18:11:33,621| C-In: 23.10 18:11:34,122|
lab29-30-<0.3559.0>-T3: Msg #2332, C-Out: 23.10 18:11:33,354| HBQ-In: 23.10 18:11:33,354| DQ-In: 23.10 18:11:33,621| C-In: 23.10 18:11:34,126|
Fehlernachricht fuer Luecke von 2333 bis 2335 C-In: 23.10 18:11:34,127|
lab29-52-<0.1713.0>-T3: Msg #2336, C-Out: 23.10 18:11:33,452| HBQ-In: 23.10 18:11:33,453| DQ-In: 23.10 18:11:33,635| C-In: 23.10 18:11:34,130|
lab29-37-<0.2967.0>-T3: Msg #2337, C-Out: 23.10 18:11:33,453| HBQ-In: 23.10 18:11:33,454| DQ-In: 23.10 18:11:33,635| C-In: 23.10 18:11:34,131|
Fehlernachricht fuer Luecke von 2338 bis 2339 C-In: 23.10 18:11:34,132|
lab29-24-<0.4051.0>-T3: Msg #2340, C-Out: 23.10 18:11:32,979| HBQ-In: 23.10 18:11:32,979| DQ-In: 23.10 18:11:33,711| C-In: 23.10 18:11:34,132|
Fehlernachricht fuer Luecke von 2341 bis 2341 C-In: 23.10 18:11:34,133|
lab29-59-<0.1234.0>-T3: Msg #2342, C-Out: 23.10 18:11:33,498| HBQ-In: 23.10 18:11:33,498| DQ-In: 23.10 18:11:33,734| C-In: 23.10 18:11:34,133|
Fehlernachricht fuer Luecke von 2343 bis 2343 C-In: 23.10 18:11:34,134|
lab29-4-<0.5587.0>-T3: Msg #2344, C-Out: 23.10 18:11:33,007| HBQ-In: 23.10 18:11:33,007| DQ-In: 23.10 18:11:33,749| C-In: 23.10 18:11:34,135|
lab29-9-<0.5191.0>-T3: Msg #2345, C-Out: 23.10 18:11:33,021| HBQ-In: 23.10 18:11:33,021| DQ-In: 23.10 18:11:33,749| C-In: 23.10 18:11:34,135|
lab29-19-<0.4442.0>-T3: Msg #2346, C-Out: 23.10 18:11:33,021| HBQ-In: 23.10 18:11:33,021| DQ-In: 23.10 18:11:33,749| C-In: 23.10 18:11:34,135|
lab29-14-<0.4846.0>-T3: Msg #2347, C-Out: 23.10 18:11:33,022| HBQ-In: 23.10 18:11:33,022| DQ-In: 23.10 18:11:33,749| C-In: 23.10 18:11:34,136|
lab29-44-<0.2376.0>-T3: Msg #2348, C-Out: 23.10 18:11:33,527| HBQ-In: 23.10 18:11:33,529| DQ-In: 23.10 18:11:33,749| C-In: 23.10 18:11:34,136|
lab29-29-<0.3641.0>-T3: Msg #2349, C-Out: 23.10 18:11:33,564| HBQ-In: 23.10 18:11:33,564| DQ-In: 23.10 18:11:33,749| C-In: 23.10 18:11:34,136|
Fehlernachricht fuer Luecke von 2350 bis 2350 C-In: 23.10 18:11:34,137|
lab29-51-<0.1789.0>-T3: Msg #2351, C-Out: 23.10 18:11:33,630| HBQ-In: 23.10 18:11:33,630| DQ-In: 23.10 18:11:33,882| C-In: 23.10 18:11:34,138|
lab29-36-<0.3048.0>-T3: Msg #2352, C-Out: 23.10 18:11:33,633| HBQ-In: 23.10 18:11:33,635| DQ-In: 23.10 18:11:33,882| C-In: 23.10 18:11:34,138|
Fehlernachricht fuer Luecke von 2353 bis 2355 C-In: 23.10 18:11:34,139|
lab29-23-<0.4130.0>-T3: Msg #2356, C-Out: 23.10 18:11:33,194| HBQ-In: 23.10 18:11:33,196| DQ-In: 23.10 18:11:33,937| C-In: 23.10 18:11:34,139|
lab29-58-<0.1296.0>-T3: Msg #2357, C-Out: 23.10 18:11:33,707| HBQ-In: 23.10 18:11:33,711| DQ-In: 23.10 18:11:33,937| C-In: 23.10 18:11:34,139|
lab29-8-<0.5273.0>-T3: Msg #2358, C-Out: 23.10 18:11:33,208| HBQ-In: 23.10 18:11:33,208| DQ-In: 23.10 18:11:33,937| C-In: 23.10 18:11:34,140|
Fehlernachricht fuer Luecke von 2359 bis 2359 C-In: 23.10 18:11:34,140|
lab29-18-<0.4519.0>-T3: Msg #2360, C-Out: 23.10 18:11:33,216| HBQ-In: 23.10 18:11:33,217| DQ-In: 23.10 18:11:34,010| C-In: 23.10 18:11:34,140|
Fehlernachricht fuer Luecke von 2361 bis 2361 C-In: 23.10 18:11:34,144|
lab29-3-<0.5663.0>-T3: Msg #2362, C-Out: 23.10 18:11:33,225| HBQ-In: 23.10 18:11:33,225| DQ-In: 23.10 18:11:34,023| C-In: 23.10 18:11:34,146|
lab29-43-<0.2458.0>-T3: Msg #2363, C-Out: 23.10 18:11:33,734| HBQ-In: 23.10 18:11:33,734| DQ-In: 23.10 18:11:34,023| C-In: 23.10 18:11:34,146|
Fehlernachricht fuer Luecke von 2364 bis 2364 C-In: 23.10 18:11:34,148|
lab29-28-<0.3729.0>-T3: Msg #2365, C-Out: 23.10 18:11:33,748| HBQ-In: 23.10 18:11:33,749| DQ-In: 23.10 18:11:34,023| C-In: 23.10 18:11:34,149|
lab29-13-<0.4921.0>-T3: Msg #2366, C-Out: 23.10 18:11:33,259| HBQ-In: 23.10 18:11:33,259| DQ-In: 23.10 18:11:34,023| C-In: 23.10 18:11:34,149|
Fehlernachricht fuer Luecke von 2367 bis 2369 C-In: 23.10 18:11:34,151|
lab29-35-<0.3134.0>-T3: Msg #2370, C-Out: 23.10 18:11:33,826| HBQ-In: 23.10 18:11:33,827| DQ-In: 23.10 18:11:34,108| C-In: 23.10 18:11:34,151|
ReceiveMsgs done
lab29-56-<0.1439.0>-T3: Msg #2511, C-Out: 23.10 18:11:36,402| gesendet
lab29-56-<0.1439.0>-T3: Msg #2693, C-Out: 23.10 18:11:38,656| gesendet
