lab29-77-<0.187.0>-T3 C-Start: 23.10 18:11:12,269|
lab29-77-<0.187.0>-T3: Msg #778, C-Out: 23.10 18:11:13,275| gesendet
lab29-77-<0.187.0>-T3: Msg #814, C-Out: 23.10 18:11:14,279| gesendet
lab29-77-<0.187.0>-T3: Msg #851, C-Out: 23.10 18:11:15,283| gesendet
lab29-77-<0.187.0>-T3: Msg #919, C-Out: 23.10 18:11:16,286| gesendet
lab29-77-<0.187.0>-T3: Msg #965, C-Out: 23.10 18:11:17,287| gesendet
Neues Intervall: 1 Sekunden
Msg #1023 um 23.10 18:11:17,287| vergessen zu senden
lab29-65-<0.819.0>-T3: Msg #894, C-Out: 23.10 18:11:15,687| HBQ-In: 23.10 18:11:15,687| DQ-In: 23.10 18:11:16,286| C-In: 23.10 18:11:17,288|
lab29-90-<0.107.0>-T3: Msg #895, C-Out: 23.10 18:11:15,754| HBQ-In: 23.10 18:11:15,754| DQ-In: 23.10 18:11:16,286| C-In: 23.10 18:11:17,288|
lab29-100-<0.40.0>-T3: Msg #896, C-Out: 23.10 18:11:15,766| HBQ-In: 23.10 18:11:15,766| DQ-In: 23.10 18:11:16,286| C-In: 23.10 18:11:17,288|
lab29-95-<0.87.0>-T3: Msg #897, C-Out: 23.10 18:11:15,766| HBQ-In: 23.10 18:11:15,766| DQ-In: 23.10 18:11:16,286| C-In: 23.10 18:11:17,289|
Fehlernachricht fuer Luecke von 898 bis 898 C-In: 23.10 18:11:17,289|
lab29-84-<0.140.0>-T3: Msg #899, C-Out: 23.10 18:11:15,871| HBQ-In: 23.10 18:11:15,871| DQ-In: 23.10 18:11:16,487| C-In: 23.10 18:11:17,289|
lab29-79-<0.173.0>-T3: Msg #900, C-Out: 23.10 18:11:15,882| HBQ-In: 23.10 18:11:15,882| DQ-In: 23.10 18:11:16,487| C-In: 23.10 18:11:17,292|
lab29-74-<0.266.0>-T3: Msg #901, C-Out: 23.10 18:11:15,882| HBQ-In: 23.10 18:11:15,882| DQ-In: 23.10 18:11:16,487| C-In: 23.10 18:11:17,294|
lab29-69-<0.583.0>-T3: Msg #902, C-Out: 23.10 18:11:15,887| HBQ-In: 23.10 18:11:15,888| DQ-In: 23.10 18:11:16,487| C-In: 23.10 18:11:17,297|
lab29-64-<0.899.0>-T3: Msg #903, C-Out: 23.10 18:11:15,889| HBQ-In: 23.10 18:11:15,891| DQ-In: 23.10 18:11:16,487| C-In: 23.10 18:11:17,302|
lab29-89-<0.113.0>-T3: Msg #904, C-Out: 23.10 18:11:15,898| HBQ-In: 23.10 18:11:15,899| DQ-In: 23.10 18:11:16,487| C-In: 23.10 18:11:17,307|
lab29-99-<0.49.0>-T3: Msg #905, C-Out: 23.10 18:11:15,940| HBQ-In: 23.10 18:11:15,940| DQ-In: 23.10 18:11:16,487| C-In: 23.10 18:11:17,309|
lab29-94-<0.91.0>-T3: Msg #906, C-Out: 23.10 18:11:15,994| HBQ-In: 23.10 18:11:15,994| DQ-In: 23.10 18:11:16,487| C-In: 23.10 18:11:17,309|
Fehlernachricht fuer Luecke von 907 bis 907 C-In: 23.10 18:11:17,309|
lab29-83-<0.147.0>-T3: Msg #908, C-Out: 23.10 18:11:16,078| HBQ-In: 23.10 18:11:16,079| DQ-In: 23.10 18:11:16,688| C-In: 23.10 18:11:17,310|
lab29-78-<0.180.0>-T3: Msg #909, C-Out: 23.10 18:11:16,080| HBQ-In: 23.10 18:11:16,082| DQ-In: 23.10 18:11:16,688| C-In: 23.10 18:11:17,310|
lab29-73-<0.332.0>-T3: Msg #910, C-Out: 23.10 18:11:16,085| HBQ-In: 23.10 18:11:16,085| DQ-In: 23.10 18:11:16,688| C-In: 23.10 18:11:17,311|
lab29-68-<0.633.0>-T3: Msg #911, C-Out: 23.10 18:11:16,091| HBQ-In: 23.10 18:11:16,091| DQ-In: 23.10 18:11:16,688| C-In: 23.10 18:11:17,313|
lab29-63-<0.983.0>-T3: Msg #912, C-Out: 23.10 18:11:16,092| HBQ-In: 23.10 18:11:16,092| DQ-In: 23.10 18:11:16,688| C-In: 23.10 18:11:17,313|
lab29-93-<0.95.0>-T3: Msg #913, C-Out: 23.10 18:11:16,105| HBQ-In: 23.10 18:11:16,106| DQ-In: 23.10 18:11:16,688| C-In: 23.10 18:11:17,313|
lab29-88-<0.118.0>-T3: Msg #914, C-Out: 23.10 18:11:16,118| HBQ-In: 23.10 18:11:16,118| DQ-In: 23.10 18:11:16,688| C-In: 23.10 18:11:17,314|
lab29-98-<0.78.0>-T3: Msg #915, C-Out: 23.10 18:11:16,156| HBQ-In: 23.10 18:11:16,156| DQ-In: 23.10 18:11:16,688| C-In: 23.10 18:11:17,314|
Fehlernachricht fuer Luecke von 916 bis 916 C-In: 23.10 18:11:17,314|
lab29-82-<0.153.0>-T3: Msg #917, C-Out: 23.10 18:11:16,282| HBQ-In: 23.10 18:11:16,282| DQ-In: 23.10 18:11:16,883| C-In: 23.10 18:11:17,317|
lab29-72-<0.396.0>-T3: Msg #918, C-Out: 23.10 18:11:16,286| HBQ-In: 23.10 18:11:16,286| DQ-In: 23.10 18:11:16,883| C-In: 23.10 18:11:17,322|
lab29-77-<0.187.0>-T3: Msg #919, C-Out: 23.10 18:11:16,286| HBQ-In: 23.10 18:11:16,286| DQ-In: 23.10 18:11:16,883|******* C-In: 23.10 18:11:17,325|
lab29-67-<0.708.0>-T3: Msg #920, C-Out: 23.10 18:11:16,287| HBQ-In: 23.10 18:11:16,289| DQ-In: 23.10 18:11:16,883| C-In: 23.10 18:11:17,329|
lab29-62-<0.1043.0>-T3: Msg #921, C-Out: 23.10 18:11:16,292| HBQ-In: 23.10 18:11:16,292| DQ-In: 23.10 18:11:16,883| C-In: 23.10 18:11:17,333|
lab29-87-<0.123.0>-T3: Msg #922, C-Out: 23.10 18:11:16,307| HBQ-In: 23.10 18:11:16,307| DQ-In: 23.10 18:11:16,883| C-In: 23.10 18:11:17,336|
lab29-92-<0.99.0>-T3: Msg #923, C-Out: 23.10 18:11:16,325| HBQ-In: 23.10 18:11:16,326| DQ-In: 23.10 18:11:16,883| C-In: 23.10 18:11:17,340|
lab29-97-<0.81.0>-T3: Msg #924, C-Out: 23.10 18:11:16,437| HBQ-In: 23.10 18:11:16,437| DQ-In: 23.10 18:11:16,883| C-In: 23.10 18:11:17,343|
Fehlernachricht fuer Luecke von 925 bis 925 C-In: 23.10 18:11:17,351|
lab29-81-<0.159.0>-T3: Msg #926, C-Out: 23.10 18:11:16,475| HBQ-In: 23.10 18:11:16,475| DQ-In: 23.10 18:11:16,995| C-In: 23.10 18:11:17,354|
lab29-76-<0.194.0>-T3: Msg #927, C-Out: 23.10 18:11:16,487| HBQ-In: 23.10 18:11:16,487| DQ-In: 23.10 18:11:16,995| C-In: 23.10 18:11:17,358|
lab29-71-<0.461.0>-T3: Msg #928, C-Out: 23.10 18:11:16,487| HBQ-In: 23.10 18:11:16,487| DQ-In: 23.10 18:11:16,995| C-In: 23.10 18:11:17,361|
lab29-66-<0.743.0>-T3: Msg #929, C-Out: 23.10 18:11:16,487| HBQ-In: 23.10 18:11:16,487| DQ-In: 23.10 18:11:16,995| C-In: 23.10 18:11:17,364|
lab29-61-<0.1100.0>-T3: Msg #930, C-Out: 23.10 18:11:16,497| HBQ-In: 23.10 18:11:16,497| DQ-In: 23.10 18:11:16,995| C-In: 23.10 18:11:17,366|
lab29-91-<0.103.0>-T3: Msg #931, C-Out: 23.10 18:11:16,551| HBQ-In: 23.10 18:11:16,551| DQ-In: 23.10 18:11:16,995| C-In: 23.10 18:11:17,366|
lab29-86-<0.129.0>-T3: Msg #932, C-Out: 23.10 18:11:16,553| HBQ-In: 23.10 18:11:16,553| DQ-In: 23.10 18:11:16,995| C-In: 23.10 18:11:17,366|
lab29-96-<0.84.0>-T3: Msg #933, C-Out: 23.10 18:11:16,592| HBQ-In: 23.10 18:11:16,592| DQ-In: 23.10 18:11:16,995| C-In: 23.10 18:11:17,367|
Fehlernachricht fuer Luecke von 934 bis 934 C-In: 23.10 18:11:17,367|
lab29-80-<0.164.0>-T3: Msg #935, C-Out: 23.10 18:11:16,679| HBQ-In: 23.10 18:11:16,679| DQ-In: 23.10 18:11:17,119| C-In: 23.10 18:11:17,367|
lab29-75-<0.200.0>-T3: Msg #936, C-Out: 23.10 18:11:16,688| HBQ-In: 23.10 18:11:16,688| DQ-In: 23.10 18:11:17,119| C-In: 23.10 18:11:17,368|
lab29-70-<0.519.0>-T3: Msg #937, C-Out: 23.10 18:11:16,688| HBQ-In: 23.10 18:11:16,689| DQ-In: 23.10 18:11:17,119| C-In: 23.10 18:11:17,368|
lab29-65-<0.819.0>-T3: Msg #938, C-Out: 23.10 18:11:16,688| HBQ-In: 23.10 18:11:16,689| DQ-In: 23.10 18:11:17,119| C-In: 23.10 18:11:17,368|
lab29-60-<0.1170.0>-T3: Msg #939, C-Out: 23.10 18:11:16,699| HBQ-In: 23.10 18:11:16,700| DQ-In: 23.10 18:11:17,119| C-In: 23.10 18:11:17,369|
lab29-85-<0.133.0>-T3: Msg #940, C-Out: 23.10 18:11:16,699| HBQ-In: 23.10 18:11:16,700| DQ-In: 23.10 18:11:17,119| C-In: 23.10 18:11:17,370|
lab29-90-<0.107.0>-T3: Msg #941, C-Out: 23.10 18:11:16,755| HBQ-In: 23.10 18:11:16,755| DQ-In: 23.10 18:11:17,119| C-In: 23.10 18:11:17,371|
lab29-95-<0.87.0>-T3: Msg #942, C-Out: 23.10 18:11:16,767| HBQ-In: 23.10 18:11:16,767| DQ-In: 23.10 18:11:17,119| C-In: 23.10 18:11:17,371|
lab29-100-<0.40.0>-T3: Msg #943, C-Out: 23.10 18:11:16,767| HBQ-In: 23.10 18:11:16,767| DQ-In: 23.10 18:11:17,119| C-In: 23.10 18:11:17,372|
Fehlernachricht fuer Luecke von 944 bis 944 C-In: 23.10 18:11:17,372|
lab29-79-<0.173.0>-T3: Msg #945, C-Out: 23.10 18:11:16,883| HBQ-In: 23.10 18:11:16,883| DQ-In: 23.10 18:11:17,329| C-In: 23.10 18:11:17,372|
lab29-74-<0.266.0>-T3: Msg #946, C-Out: 23.10 18:11:16,883| HBQ-In: 23.10 18:11:16,883| DQ-In: 23.10 18:11:17,329| C-In: 23.10 18:11:17,373|
lab29-69-<0.583.0>-T3: Msg #947, C-Out: 23.10 18:11:16,890| HBQ-In: 23.10 18:11:16,890| DQ-In: 23.10 18:11:17,329| C-In: 23.10 18:11:17,373|
lab29-64-<0.899.0>-T3: Msg #948, C-Out: 23.10 18:11:16,892| HBQ-In: 23.10 18:11:16,892| DQ-In: 23.10 18:11:17,329| C-In: 23.10 18:11:17,373|
lab29-59-<0.1234.0>-T3: Msg #949, C-Out: 23.10 18:11:16,896| HBQ-In: 23.10 18:11:16,896| DQ-In: 23.10 18:11:17,329| C-In: 23.10 18:11:17,374|
lab29-89-<0.113.0>-T3: Msg #950, C-Out: 23.10 18:11:16,900| HBQ-In: 23.10 18:11:16,902| DQ-In: 23.10 18:11:17,329| C-In: 23.10 18:11:17,374|
lab29-84-<0.140.0>-T3: Msg #951, C-Out: 23.10 18:11:16,900| HBQ-In: 23.10 18:11:16,902| DQ-In: 23.10 18:11:17,329| C-In: 23.10 18:11:17,374|
lab29-99-<0.49.0>-T3: Msg #952, C-Out: 23.10 18:11:16,942| HBQ-In: 23.10 18:11:16,943| DQ-In: 23.10 18:11:17,329| C-In: 23.10 18:11:17,375|
lab29-94-<0.91.0>-T3: Msg #953, C-Out: 23.10 18:11:16,995| HBQ-In: 23.10 18:11:16,995| DQ-In: 23.10 18:11:17,329| C-In: 23.10 18:11:17,375|
ReceiveMsgs done
lab29-77-<0.187.0>-T3: Msg #1031, C-Out: 23.10 18:11:18,377| gesendet
lab29-77-<0.187.0>-T3: Msg #1093, C-Out: 23.10 18:11:19,378| gesendet
lab29-77-<0.187.0>-T3: Msg #1184, C-Out: 23.10 18:11:20,381| gesendet
lab29-77-<0.187.0>-T3: Msg #1256, C-Out: 23.10 18:11:21,385| gesendet
lab29-77-<0.187.0>-T3: Msg #1334, C-Out: 23.10 18:11:22,388| gesendet
Neues Intervall: 1.5 Sekunden
Msg #1409 um 23.10 18:11:22,389| vergessen zu senden
Fehlernachricht fuer Luecke von 1245 bis 1245 C-In: 23.10 18:11:22,390|
lab29-82-<0.153.0>-T3: Msg #1246, C-Out: 23.10 18:11:21,320| HBQ-In: 23.10 18:11:21,322| DQ-In: 23.10 18:11:21,725| C-In: 23.10 18:11:22,392|
lab29-52-<0.1713.0>-T3: Msg #1247, C-Out: 23.10 18:11:21,320| HBQ-In: 23.10 18:11:21,321| DQ-In: 23.10 18:11:21,725| C-In: 23.10 18:11:22,392|
lab29-47-<0.2127.0>-T3: Msg #1248, C-Out: 23.10 18:11:21,320| HBQ-In: 23.10 18:11:21,321| DQ-In: 23.10 18:11:21,725| C-In: 23.10 18:11:22,392|
lab29-42-<0.2545.0>-T3: Msg #1249, C-Out: 23.10 18:11:21,325| HBQ-In: 23.10 18:11:21,325| DQ-In: 23.10 18:11:21,725| C-In: 23.10 18:11:22,395|
lab29-37-<0.2967.0>-T3: Msg #1250, C-Out: 23.10 18:11:21,325| HBQ-In: 23.10 18:11:21,325| DQ-In: 23.10 18:11:21,725| C-In: 23.10 18:11:22,395|
lab29-72-<0.396.0>-T3: Msg #1251, C-Out: 23.10 18:11:21,331| HBQ-In: 23.10 18:11:21,331| DQ-In: 23.10 18:11:21,725| C-In: 23.10 18:11:22,395|
lab29-95-<0.87.0>-T3: Msg #1252, C-Out: 23.10 18:11:21,834| HBQ-In: 23.10 18:11:21,834| DQ-In: 23.10 18:11:21,834| C-In: 23.10 18:11:22,396|
lab29-67-<0.708.0>-T3: Msg #1253, C-Out: 23.10 18:11:21,342| HBQ-In: 23.10 18:11:21,342| DQ-In: 23.10 18:11:21,834| C-In: 23.10 18:11:22,396|
lab29-62-<0.1043.0>-T3: Msg #1254, C-Out: 23.10 18:11:21,346| HBQ-In: 23.10 18:11:21,346| DQ-In: 23.10 18:11:21,834| C-In: 23.10 18:11:22,396|
lab29-87-<0.123.0>-T3: Msg #1255, C-Out: 23.10 18:11:21,865| HBQ-In: 23.10 18:11:21,865| DQ-In: 23.10 18:11:21,865| C-In: 23.10 18:11:22,397|
lab29-77-<0.187.0>-T3: Msg #1256, C-Out: 23.10 18:11:21,385| HBQ-In: 23.10 18:11:21,385| DQ-In: 23.10 18:11:21,865|******* C-In: 23.10 18:11:22,399|
Fehlernachricht fuer Luecke von 1257 bis 1257 C-In: 23.10 18:11:22,400|
lab29-56-<0.1439.0>-T3: Msg #1258, C-Out: 23.10 18:11:21,509| HBQ-In: 23.10 18:11:21,509| DQ-In: 23.10 18:11:21,930| C-In: 23.10 18:11:22,400|
lab29-81-<0.159.0>-T3: Msg #1259, C-Out: 23.10 18:11:21,514| HBQ-In: 23.10 18:11:21,515| DQ-In: 23.10 18:11:21,930| C-In: 23.10 18:11:22,400|
lab29-51-<0.1789.0>-T3: Msg #1260, C-Out: 23.10 18:11:21,514| HBQ-In: 23.10 18:11:21,515| DQ-In: 23.10 18:11:21,930| C-In: 23.10 18:11:22,401|
lab29-46-<0.2213.0>-T3: Msg #1261, C-Out: 23.10 18:11:21,514| HBQ-In: 23.10 18:11:21,515| DQ-In: 23.10 18:11:21,930| C-In: 23.10 18:11:22,403|
lab29-41-<0.2632.0>-T3: Msg #1262, C-Out: 23.10 18:11:21,524| HBQ-In: 23.10 18:11:21,524| DQ-In: 23.10 18:11:21,930| C-In: 23.10 18:11:22,405|
Fehlernachricht fuer Luecke von 1263 bis 1263 C-In: 23.10 18:11:22,408|
lab29-36-<0.3048.0>-T3: Msg #1264, C-Out: 23.10 18:11:21,525| HBQ-In: 23.10 18:11:21,526| DQ-In: 23.10 18:11:22,039| C-In: 23.10 18:11:22,408|
Fehlernachricht fuer Luecke von 1265 bis 1268 C-In: 23.10 18:11:22,410|
lab29-94-<0.91.0>-T3: Msg #1269, C-Out: 23.10 18:11:22,039| HBQ-In: 23.10 18:11:22,039| DQ-In: 23.10 18:11:22,107| C-In: 23.10 18:11:22,410|
lab29-66-<0.743.0>-T3: Msg #1270, C-Out: 23.10 18:11:21,539| HBQ-In: 23.10 18:11:21,539| DQ-In: 23.10 18:11:22,108| C-In: 23.10 18:11:22,411|
lab29-61-<0.1100.0>-T3: Msg #1271, C-Out: 23.10 18:11:21,557| HBQ-In: 23.10 18:11:21,569| DQ-In: 23.10 18:11:22,108| C-In: 23.10 18:11:22,413|
Fehlernachricht fuer Luecke von 1272 bis 1272 C-In: 23.10 18:11:22,414|
lab29-76-<0.194.0>-T3: Msg #1273, C-Out: 23.10 18:11:21,590| HBQ-In: 23.10 18:11:21,590| DQ-In: 23.10 18:11:22,123| C-In: 23.10 18:11:22,414|
lab29-86-<0.129.0>-T3: Msg #1274, C-Out: 23.10 18:11:22,107| HBQ-In: 23.10 18:11:22,107| DQ-In: 23.10 18:11:22,123| C-In: 23.10 18:11:22,414|
lab29-71-<0.461.0>-T3: Msg #1275, C-Out: 23.10 18:11:21,611| HBQ-In: 23.10 18:11:21,613| DQ-In: 23.10 18:11:22,123| C-In: 23.10 18:11:22,415|
Fehlernachricht fuer Luecke von 1276 bis 1278 C-In: 23.10 18:11:22,415|
lab29-50-<0.1864.0>-T3: Msg #1279, C-Out: 23.10 18:11:21,709| HBQ-In: 23.10 18:11:21,710| DQ-In: 23.10 18:11:22,131| C-In: 23.10 18:11:22,415|
lab29-55-<0.1513.0>-T3: Msg #1280, C-Out: 23.10 18:11:21,709| HBQ-In: 23.10 18:11:21,710| DQ-In: 23.10 18:11:22,131| C-In: 23.10 18:11:22,416|
lab29-45-<0.2293.0>-T3: Msg #1281, C-Out: 23.10 18:11:21,715| HBQ-In: 23.10 18:11:21,717| DQ-In: 23.10 18:11:22,131| C-In: 23.10 18:11:22,416|
lab29-70-<0.519.0>-T3: Msg #1282, C-Out: 23.10 18:11:21,715| HBQ-In: 23.10 18:11:21,717| DQ-In: 23.10 18:11:22,131| C-In: 23.10 18:11:22,416|
lab29-40-<0.2707.0>-T3: Msg #1283, C-Out: 23.10 18:11:21,721| HBQ-In: 23.10 18:11:21,721| DQ-In: 23.10 18:11:22,131| C-In: 23.10 18:11:22,417|
lab29-65-<0.819.0>-T3: Msg #1284, C-Out: 23.10 18:11:21,725| HBQ-In: 23.10 18:11:21,725| DQ-In: 23.10 18:11:22,131| C-In: 23.10 18:11:22,420|
lab29-35-<0.3134.0>-T3: Msg #1285, C-Out: 23.10 18:11:21,725| HBQ-In: 23.10 18:11:21,725| DQ-In: 23.10 18:11:22,131| C-In: 23.10 18:11:22,420|
lab29-60-<0.1170.0>-T3: Msg #1286, C-Out: 23.10 18:11:21,739| HBQ-In: 23.10 18:11:21,739| DQ-In: 23.10 18:11:22,131| C-In: 23.10 18:11:22,421|
lab29-85-<0.133.0>-T3: Msg #1287, C-Out: 23.10 18:11:22,238| HBQ-In: 23.10 18:11:22,238| DQ-In: 23.10 18:11:22,238| C-In: 23.10 18:11:22,421|
lab29-80-<0.164.0>-T3: Msg #1288, C-Out: 23.10 18:11:21,762| HBQ-In: 23.10 18:11:21,763| DQ-In: 23.10 18:11:22,238| C-In: 23.10 18:11:22,421|
lab29-75-<0.200.0>-T3: Msg #1289, C-Out: 23.10 18:11:21,784| HBQ-In: 23.10 18:11:21,786| DQ-In: 23.10 18:11:22,238| C-In: 23.10 18:11:22,422|
Fehlernachricht fuer Luecke von 1290 bis 1292 C-In: 23.10 18:11:22,422|
lab29-54-<0.1586.0>-T3: Msg #1293, C-Out: 23.10 18:11:21,908| HBQ-In: 23.10 18:11:21,908| DQ-In: 23.10 18:11:22,332| C-In: 23.10 18:11:22,423|
Fehlernachricht fuer Luecke von 1294 bis 1294 C-In: 23.10 18:11:22,423|
lab29-49-<0.1950.0>-T3: Msg #1295, C-Out: 23.10 18:11:21,911| HBQ-In: 23.10 18:11:21,911| DQ-In: 23.10 18:11:22,343| C-In: 23.10 18:11:22,423|
lab29-44-<0.2376.0>-T3: Msg #1296, C-Out: 23.10 18:11:21,916| HBQ-In: 23.10 18:11:21,916| DQ-In: 23.10 18:11:22,343| C-In: 23.10 18:11:22,424|
lab29-39-<0.2795.0>-T3: Msg #1297, C-Out: 23.10 18:11:21,929| HBQ-In: 23.10 18:11:21,929| DQ-In: 23.10 18:11:22,343| C-In: 23.10 18:11:22,424|
lab29-34-<0.3220.0>-T3: Msg #1298, C-Out: 23.10 18:11:21,929| HBQ-In: 23.10 18:11:21,929| DQ-In: 23.10 18:11:22,343| C-In: 23.10 18:11:22,424|
lab29-64-<0.899.0>-T3: Msg #1299, C-Out: 23.10 18:11:21,930| HBQ-In: 23.10 18:11:21,930| DQ-In: 23.10 18:11:22,343| C-In: 23.10 18:11:22,425|
lab29-69-<0.583.0>-T3: Msg #1300, C-Out: 23.10 18:11:21,932| HBQ-In: 23.10 18:11:21,932| DQ-In: 23.10 18:11:22,343| C-In: 23.10 18:11:22,426|
lab29-59-<0.1234.0>-T3: Msg #1301, C-Out: 23.10 18:11:21,940| HBQ-In: 23.10 18:11:21,941| DQ-In: 23.10 18:11:22,344| C-In: 23.10 18:11:22,427|
ReceiveMsgs done
lab29-77-<0.187.0>-T3: Msg #1411, C-Out: 23.10 18:11:23,928| gesendet
lab29-77-<0.187.0>-T3: Msg #1552, C-Out: 23.10 18:11:25,435| gesendet
lab29-77-<0.187.0>-T3: Msg #1692, C-Out: 23.10 18:11:26,936| gesendet
lab29-77-<0.187.0>-T3: Msg #1853, C-Out: 23.10 18:11:28,438| gesendet
lab29-77-<0.187.0>-T3: Msg #2003, C-Out: 23.10 18:11:29,939| gesendet
Neues Intervall: 2.25 Sekunden
Msg #2138 um 23.10 18:11:29,939| vergessen zu senden
lab29-40-<0.2707.0>-T3: Msg #1939, C-Out: 23.10 18:11:28,769| HBQ-In: 23.10 18:11:28,769| DQ-In: 23.10 18:11:29,266| C-In: 23.10 18:11:29,939|
lab29-45-<0.2293.0>-T3: Msg #1940, C-Out: 23.10 18:11:28,773| HBQ-In: 23.10 18:11:28,774| DQ-In: 23.10 18:11:29,266| C-In: 23.10 18:11:29,940|
Fehlernachricht fuer Luecke von 1941 bis 1941 C-In: 23.10 18:11:29,940|
lab29-25-<0.3973.0>-T3: Msg #1942, C-Out: 23.10 18:11:28,800| HBQ-In: 23.10 18:11:28,800| DQ-In: 23.10 18:11:29,375| C-In: 23.10 18:11:29,940|
lab29-30-<0.3559.0>-T3: Msg #1943, C-Out: 23.10 18:11:28,808| HBQ-In: 23.10 18:11:28,808| DQ-In: 23.10 18:11:29,375| C-In: 23.10 18:11:29,941|
Fehlernachricht fuer Luecke von 1944 bis 1944 C-In: 23.10 18:11:29,941|
lab29-80-<0.164.0>-T3: Msg #1945, C-Out: 23.10 18:11:29,323| HBQ-In: 23.10 18:11:29,325| DQ-In: 23.10 18:11:29,383| C-In: 23.10 18:11:29,941|
Fehlernachricht fuer Luecke von 1946 bis 1946 C-In: 23.10 18:11:29,942|
lab29-50-<0.1864.0>-T3: Msg #1947, C-Out: 23.10 18:11:29,375| HBQ-In: 23.10 18:11:29,375| DQ-In: 23.10 18:11:29,387| C-In: 23.10 18:11:29,942|
lab29-72-<0.396.0>-T3: Msg #1948, C-Out: 23.10 18:11:29,387| HBQ-In: 23.10 18:11:29,387| DQ-In: 23.10 18:11:29,387| C-In: 23.10 18:11:29,943|
Fehlernachricht fuer Luecke von 1949 bis 1951 C-In: 23.10 18:11:29,943|
lab29-19-<0.4442.0>-T3: Msg #1952, C-Out: 23.10 18:11:28,956| HBQ-In: 23.10 18:11:28,956| DQ-In: 23.10 18:11:29,402| C-In: 23.10 18:11:29,943|
lab29-14-<0.4846.0>-T3: Msg #1953, C-Out: 23.10 18:11:28,956| HBQ-In: 23.10 18:11:28,956| DQ-In: 23.10 18:11:29,402| C-In: 23.10 18:11:29,944|
lab29-9-<0.5191.0>-T3: Msg #1954, C-Out: 23.10 18:11:28,960| HBQ-In: 23.10 18:11:28,960| DQ-In: 23.10 18:11:29,402| C-In: 23.10 18:11:29,946|
lab29-64-<0.899.0>-T3: Msg #1955, C-Out: 23.10 18:11:29,463| HBQ-In: 23.10 18:11:29,464| DQ-In: 23.10 18:11:29,464| C-In: 23.10 18:11:29,947|
lab29-39-<0.2795.0>-T3: Msg #1956, C-Out: 23.10 18:11:28,965| HBQ-In: 23.10 18:11:28,965| DQ-In: 23.10 18:11:29,464| C-In: 23.10 18:11:29,949|
lab29-4-<0.5587.0>-T3: Msg #1957, C-Out: 23.10 18:11:28,965| HBQ-In: 23.10 18:11:28,965| DQ-In: 23.10 18:11:29,464| C-In: 23.10 18:11:29,949|
Fehlernachricht fuer Luecke von 1958 bis 1958 C-In: 23.10 18:11:29,949|
lab29-44-<0.2376.0>-T3: Msg #1959, C-Out: 23.10 18:11:28,971| HBQ-In: 23.10 18:11:28,971| DQ-In: 23.10 18:11:29,560| C-In: 23.10 18:11:29,952|
lab29-24-<0.4051.0>-T3: Msg #1960, C-Out: 23.10 18:11:28,973| HBQ-In: 23.10 18:11:28,973| DQ-In: 23.10 18:11:29,560| C-In: 23.10 18:11:29,952|
lab29-34-<0.3220.0>-T3: Msg #1961, C-Out: 23.10 18:11:28,979| HBQ-In: 23.10 18:11:28,979| DQ-In: 23.10 18:11:29,560| C-In: 23.10 18:11:29,955|
lab29-29-<0.3641.0>-T3: Msg #1962, C-Out: 23.10 18:11:28,994| HBQ-In: 23.10 18:11:28,994| DQ-In: 23.10 18:11:29,560| C-In: 23.10 18:11:29,957|
Fehlernachricht fuer Luecke von 1963 bis 1963 C-In: 23.10 18:11:29,958|
lab29-49-<0.1950.0>-T3: Msg #1964, C-Out: 23.10 18:11:29,506| HBQ-In: 23.10 18:11:29,506| DQ-In: 23.10 18:11:29,584| C-In: 23.10 18:11:29,958|
lab29-79-<0.173.0>-T3: Msg #1965, C-Out: 23.10 18:11:29,514| HBQ-In: 23.10 18:11:29,514| DQ-In: 23.10 18:11:29,584| C-In: 23.10 18:11:29,959|
lab29-56-<0.1439.0>-T3: Msg #1966, C-Out: 23.10 18:11:29,602| HBQ-In: 23.10 18:11:29,602| DQ-In: 23.10 18:11:29,602| C-In: 23.10 18:11:29,959|
Fehlernachricht fuer Luecke von 1967 bis 1969 C-In: 23.10 18:11:29,959|
lab29-18-<0.4519.0>-T3: Msg #1970, C-Out: 23.10 18:11:29,154| HBQ-In: 23.10 18:11:29,154| DQ-In: 23.10 18:11:29,604| C-In: 23.10 18:11:29,960|
lab29-13-<0.4921.0>-T3: Msg #1971, C-Out: 23.10 18:11:29,162| HBQ-In: 23.10 18:11:29,162| DQ-In: 23.10 18:11:29,604| C-In: 23.10 18:11:29,960|
lab29-8-<0.5273.0>-T3: Msg #1972, C-Out: 23.10 18:11:29,165| HBQ-In: 23.10 18:11:29,165| DQ-In: 23.10 18:11:29,604| C-In: 23.10 18:11:29,960|
Fehlernachricht fuer Luecke von 1973 bis 1973 C-In: 23.10 18:11:29,961|
lab29-38-<0.2880.0>-T3: Msg #1974, C-Out: 23.10 18:11:29,165| HBQ-In: 23.10 18:11:29,166| DQ-In: 23.10 18:11:29,684| C-In: 23.10 18:11:29,963|
lab29-78-<0.180.0>-T3: Msg #1975, C-Out: 23.10 18:11:29,665| HBQ-In: 23.10 18:11:29,666| DQ-In: 23.10 18:11:29,684| C-In: 23.10 18:11:29,964|
lab29-3-<0.5663.0>-T3: Msg #1976, C-Out: 23.10 18:11:29,165| HBQ-In: 23.10 18:11:29,165| DQ-In: 23.10 18:11:29,684| C-In: 23.10 18:11:29,966|
lab29-33-<0.3306.0>-T3: Msg #1977, C-Out: 23.10 18:11:29,182| HBQ-In: 23.10 18:11:29,182| DQ-In: 23.10 18:11:29,684| C-In: 23.10 18:11:29,966|
lab29-43-<0.2458.0>-T3: Msg #1978, C-Out: 23.10 18:11:29,182| HBQ-In: 23.10 18:11:29,182| DQ-In: 23.10 18:11:29,684| C-In: 23.10 18:11:29,967|
lab29-23-<0.4130.0>-T3: Msg #1979, C-Out: 23.10 18:11:29,183| HBQ-In: 23.10 18:11:29,183| DQ-In: 23.10 18:11:29,684| C-In: 23.10 18:11:29,970|
lab29-71-<0.461.0>-T3: Msg #1980, C-Out: 23.10 18:11:29,684| HBQ-In: 23.10 18:11:29,684| DQ-In: 23.10 18:11:29,684| C-In: 23.10 18:11:29,973|
lab29-28-<0.3729.0>-T3: Msg #1981, C-Out: 23.10 18:11:29,200| HBQ-In: 23.10 18:11:29,200| DQ-In: 23.10 18:11:29,684| C-In: 23.10 18:11:29,974|
lab29-48-<0.2035.0>-T3: Msg #1982, C-Out: 23.10 18:11:29,703| HBQ-In: 23.10 18:11:29,703| DQ-In: 23.10 18:11:29,703| C-In: 23.10 18:11:29,976|
lab29-63-<0.983.0>-T3: Msg #1983, C-Out: 23.10 18:11:29,706| HBQ-In: 23.10 18:11:29,706| DQ-In: 23.10 18:11:29,706| C-In: 23.10 18:11:29,977|
Fehlernachricht fuer Luecke von 1984 bis 1984 C-In: 23.10 18:11:29,979|
lab29-70-<0.519.0>-T3: Msg #1985, C-Out: 23.10 18:11:29,773| HBQ-In: 23.10 18:11:29,774| DQ-In: 23.10 18:11:29,805| C-In: 23.10 18:11:29,979|
Fehlernachricht fuer Luecke von 1986 bis 1989 C-In: 23.10 18:11:29,982|
lab29-17-<0.4601.0>-T3: Msg #1990, C-Out: 23.10 18:11:29,353| HBQ-In: 23.10 18:11:29,354| DQ-In: 23.10 18:11:29,810| C-In: 23.10 18:11:29,982|
lab29-12-<0.4991.0>-T3: Msg #1991, C-Out: 23.10 18:11:29,357| HBQ-In: 23.10 18:11:29,357| DQ-In: 23.10 18:11:29,810| C-In: 23.10 18:11:29,983|
lab29-7-<0.5358.0>-T3: Msg #1992, C-Out: 23.10 18:11:29,362| HBQ-In: 23.10 18:11:29,364| DQ-In: 23.10 18:11:29,810| C-In: 23.10 18:11:29,983|
lab29-2-<0.5741.0>-T3: Msg #1993, C-Out: 23.10 18:11:29,371| HBQ-In: 23.10 18:11:29,373| DQ-In: 23.10 18:11:29,810| C-In: 23.10 18:11:29,984|
lab29-32-<0.3394.0>-T3: Msg #1994, C-Out: 23.10 18:11:29,378| HBQ-In: 23.10 18:11:29,378| DQ-In: 23.10 18:11:29,810| C-In: 23.10 18:11:29,984|
lab29-42-<0.2545.0>-T3: Msg #1995, C-Out: 23.10 18:11:29,383| HBQ-In: 23.10 18:11:29,383| DQ-In: 23.10 18:11:29,810| C-In: 23.10 18:11:29,985|
Fehlernachricht fuer Luecke von 1996 bis 1996 C-In: 23.10 18:11:29,985|
lab29-37-<0.2967.0>-T3: Msg #1997, C-Out: 23.10 18:11:29,396| HBQ-In: 23.10 18:11:29,397| DQ-In: 23.10 18:11:29,966| C-In: 23.10 18:11:29,988|
lab29-27-<0.3815.0>-T3: Msg #1998, C-Out: 23.10 18:11:29,402| HBQ-In: 23.10 18:11:29,402| DQ-In: 23.10 18:11:29,966| C-In: 23.10 18:11:29,988|
lab29-22-<0.4210.0>-T3: Msg #1999, C-Out: 23.10 18:11:29,404| HBQ-In: 23.10 18:11:29,404| DQ-In: 23.10 18:11:29,966| C-In: 23.10 18:11:29,991|
lab29-47-<0.2127.0>-T3: Msg #2000, C-Out: 23.10 18:11:29,925| HBQ-In: 23.10 18:11:29,925| DQ-In: 23.10 18:11:29,966| C-In: 23.10 18:11:29,991|
lab29-62-<0.1043.0>-T3: Msg #2001, C-Out: 23.10 18:11:29,929| HBQ-In: 23.10 18:11:29,929| DQ-In: 23.10 18:11:29,966| C-In: 23.10 18:11:29,992|
ReceiveMsgs done
lab29-77-<0.187.0>-T3: Msg #2147, C-Out: 23.10 18:11:32,243| gesendet
lab29-77-<0.187.0>-T3: Msg #2364, C-Out: 23.10 18:11:34,494| gesendet
lab29-77-<0.187.0>-T3: Msg #2538, C-Out: 23.10 18:11:36,746| gesendet
lab29-77-<0.187.0>-T3: Msg #2717, C-Out: 23.10 18:11:38,001| gesendet
