lab29-12-<0.4991.0>-T3 C-Start: 23.10 18:11:25,351|
lab29-12-<0.4991.0>-T3: Msg #1681, C-Out: 23.10 18:11:26,352| gesendet
lab29-12-<0.4991.0>-T3: Msg #1776, C-Out: 23.10 18:11:27,353| gesendet
lab29-12-<0.4991.0>-T3: Msg #1894, C-Out: 23.10 18:11:28,354| gesendet
lab29-12-<0.4991.0>-T3: Msg #1991, C-Out: 23.10 18:11:29,357| gesendet
lab29-12-<0.4991.0>-T3: Msg #2085, C-Out: 23.10 18:11:30,359| gesendet
Neues Intervall: 1 Sekunden
Msg #2174 um 23.10 18:11:30,361| vergessen zu senden
lab29-71-<0.461.0>-T3: Msg #1980, C-Out: 23.10 18:11:29,684| HBQ-In: 23.10 18:11:29,684| DQ-In: 23.10 18:11:29,684| C-In: 23.10 18:11:30,362|
lab29-28-<0.3729.0>-T3: Msg #1981, C-Out: 23.10 18:11:29,200| HBQ-In: 23.10 18:11:29,200| DQ-In: 23.10 18:11:29,684| C-In: 23.10 18:11:30,364|
lab29-48-<0.2035.0>-T3: Msg #1982, C-Out: 23.10 18:11:29,703| HBQ-In: 23.10 18:11:29,703| DQ-In: 23.10 18:11:29,703| C-In: 23.10 18:11:30,364|
lab29-63-<0.983.0>-T3: Msg #1983, C-Out: 23.10 18:11:29,706| HBQ-In: 23.10 18:11:29,706| DQ-In: 23.10 18:11:29,706| C-In: 23.10 18:11:30,366|
Fehlernachricht fuer Luecke von 1984 bis 1984 C-In: 23.10 18:11:30,367|
lab29-70-<0.519.0>-T3: Msg #1985, C-Out: 23.10 18:11:29,773| HBQ-In: 23.10 18:11:29,774| DQ-In: 23.10 18:11:29,805| C-In: 23.10 18:11:30,367|
Fehlernachricht fuer Luecke von 1986 bis 1989 C-In: 23.10 18:11:30,367|
lab29-17-<0.4601.0>-T3: Msg #1990, C-Out: 23.10 18:11:29,353| HBQ-In: 23.10 18:11:29,354| DQ-In: 23.10 18:11:29,810| C-In: 23.10 18:11:30,368|
lab29-12-<0.4991.0>-T3: Msg #1991, C-Out: 23.10 18:11:29,357| HBQ-In: 23.10 18:11:29,357| DQ-In: 23.10 18:11:29,810|******* C-In: 23.10 18:11:30,368|
lab29-7-<0.5358.0>-T3: Msg #1992, C-Out: 23.10 18:11:29,362| HBQ-In: 23.10 18:11:29,364| DQ-In: 23.10 18:11:29,810| C-In: 23.10 18:11:30,368|
lab29-2-<0.5741.0>-T3: Msg #1993, C-Out: 23.10 18:11:29,371| HBQ-In: 23.10 18:11:29,373| DQ-In: 23.10 18:11:29,810| C-In: 23.10 18:11:30,369|
lab29-32-<0.3394.0>-T3: Msg #1994, C-Out: 23.10 18:11:29,378| HBQ-In: 23.10 18:11:29,378| DQ-In: 23.10 18:11:29,810| C-In: 23.10 18:11:30,369|
lab29-42-<0.2545.0>-T3: Msg #1995, C-Out: 23.10 18:11:29,383| HBQ-In: 23.10 18:11:29,383| DQ-In: 23.10 18:11:29,810| C-In: 23.10 18:11:30,370|
Fehlernachricht fuer Luecke von 1996 bis 1996 C-In: 23.10 18:11:30,372|
lab29-37-<0.2967.0>-T3: Msg #1997, C-Out: 23.10 18:11:29,396| HBQ-In: 23.10 18:11:29,397| DQ-In: 23.10 18:11:29,966| C-In: 23.10 18:11:30,372|
lab29-27-<0.3815.0>-T3: Msg #1998, C-Out: 23.10 18:11:29,402| HBQ-In: 23.10 18:11:29,402| DQ-In: 23.10 18:11:29,966| C-In: 23.10 18:11:30,372|
lab29-22-<0.4210.0>-T3: Msg #1999, C-Out: 23.10 18:11:29,404| HBQ-In: 23.10 18:11:29,404| DQ-In: 23.10 18:11:29,966| C-In: 23.10 18:11:30,376|
lab29-47-<0.2127.0>-T3: Msg #2000, C-Out: 23.10 18:11:29,925| HBQ-In: 23.10 18:11:29,925| DQ-In: 23.10 18:11:29,966| C-In: 23.10 18:11:30,376|
lab29-62-<0.1043.0>-T3: Msg #2001, C-Out: 23.10 18:11:29,929| HBQ-In: 23.10 18:11:29,929| DQ-In: 23.10 18:11:29,966| C-In: 23.10 18:11:30,376|
Fehlernachricht fuer Luecke von 2002 bis 2002 C-In: 23.10 18:11:30,376|
lab29-77-<0.187.0>-T3: Msg #2003, C-Out: 23.10 18:11:29,939| HBQ-In: 23.10 18:11:29,939| DQ-In: 23.10 18:11:29,996| C-In: 23.10 18:11:30,377|
Fehlernachricht fuer Luecke von 2004 bis 2004 C-In: 23.10 18:11:30,377|
lab29-69-<0.583.0>-T3: Msg #2005, C-Out: 23.10 18:11:29,983| HBQ-In: 23.10 18:11:29,983| DQ-In: 23.10 18:11:30,016| C-In: 23.10 18:11:30,378|
Fehlernachricht fuer Luecke von 2006 bis 2006 C-In: 23.10 18:11:30,378|
lab29-54-<0.1586.0>-T3: Msg #2007, C-Out: 23.10 18:11:30,022| HBQ-In: 23.10 18:11:30,022| DQ-In: 23.10 18:11:30,022| C-In: 23.10 18:11:30,381|
lab29-16-<0.4681.0>-T3: Msg #2008, C-Out: 23.10 18:11:29,559| HBQ-In: 23.10 18:11:29,559| DQ-In: 23.10 18:11:30,022| C-In: 23.10 18:11:30,381|
Fehlernachricht fuer Luecke von 2009 bis 2009 C-In: 23.10 18:11:30,384|
lab29-11-<0.5067.0>-T3: Msg #2010, C-Out: 23.10 18:11:29,560| HBQ-In: 23.10 18:11:29,560| DQ-In: 23.10 18:11:30,140| C-In: 23.10 18:11:30,384|
Fehlernachricht fuer Luecke von 2011 bis 2011 C-In: 23.10 18:11:30,387|
lab29-6-<0.5440.0>-T3: Msg #2012, C-Out: 23.10 18:11:29,568| HBQ-In: 23.10 18:11:29,568| DQ-In: 23.10 18:11:30,146| C-In: 23.10 18:11:30,389|
lab29-1-<0.5818.0>-T3: Msg #2013, C-Out: 23.10 18:11:29,573| HBQ-In: 23.10 18:11:29,573| DQ-In: 23.10 18:11:30,146| C-In: 23.10 18:11:30,389|
lab29-31-<0.3480.0>-T3: Msg #2014, C-Out: 23.10 18:11:29,578| HBQ-In: 23.10 18:11:29,578| DQ-In: 23.10 18:11:30,146| C-In: 23.10 18:11:30,392|
lab29-36-<0.3048.0>-T3: Msg #2015, C-Out: 23.10 18:11:29,583| HBQ-In: 23.10 18:11:29,584| DQ-In: 23.10 18:11:30,146| C-In: 23.10 18:11:30,392|
lab29-26-<0.3898.0>-T3: Msg #2016, C-Out: 23.10 18:11:29,594| HBQ-In: 23.10 18:11:29,594| DQ-In: 23.10 18:11:30,146| C-In: 23.10 18:11:30,395|
lab29-41-<0.2632.0>-T3: Msg #2017, C-Out: 23.10 18:11:29,603| HBQ-In: 23.10 18:11:29,604| DQ-In: 23.10 18:11:30,146| C-In: 23.10 18:11:30,397|
lab29-21-<0.4291.0>-T3: Msg #2018, C-Out: 23.10 18:11:29,615| HBQ-In: 23.10 18:11:29,616| DQ-In: 23.10 18:11:30,146| C-In: 23.10 18:11:30,397|
lab29-46-<0.2213.0>-T3: Msg #2019, C-Out: 23.10 18:11:30,115| HBQ-In: 23.10 18:11:30,116| DQ-In: 23.10 18:11:30,146| C-In: 23.10 18:11:30,398|
Fehlernachricht fuer Luecke von 2020 bis 2020 C-In: 23.10 18:11:30,398|
lab29-61-<0.1100.0>-T3: Msg #2021, C-Out: 23.10 18:11:30,140| HBQ-In: 23.10 18:11:30,140| DQ-In: 23.10 18:11:30,202| C-In: 23.10 18:11:30,398|
lab29-76-<0.194.0>-T3: Msg #2022, C-Out: 23.10 18:11:30,146| HBQ-In: 23.10 18:11:30,146| DQ-In: 23.10 18:11:30,202| C-In: 23.10 18:11:30,399|
Fehlernachricht fuer Luecke von 2023 bis 2028 C-In: 23.10 18:11:30,399|
lab29-53-<0.1650.0>-T3: Msg #2029, C-Out: 23.10 18:11:30,200| HBQ-In: 23.10 18:11:30,202| DQ-In: 23.10 18:11:30,239| C-In: 23.10 18:11:30,399|
Fehlernachricht fuer Luecke von 2030 bis 2030 C-In: 23.10 18:11:30,400|
lab29-68-<0.633.0>-T3: Msg #2031, C-Out: 23.10 18:11:30,238| HBQ-In: 23.10 18:11:30,239| DQ-In: 23.10 18:11:30,278| C-In: 23.10 18:11:30,402|
Fehlernachricht fuer Luecke von 2032 bis 2032 C-In: 23.10 18:11:30,403|
lab29-35-<0.3134.0>-T3: Msg #2033, C-Out: 23.10 18:11:29,754| HBQ-In: 23.10 18:11:29,755| DQ-In: 23.10 18:11:30,326| C-In: 23.10 18:11:30,403|
lab29-15-<0.4762.0>-T3: Msg #2034, C-Out: 23.10 18:11:29,755| HBQ-In: 23.10 18:11:29,755| DQ-In: 23.10 18:11:30,326| C-In: 23.10 18:11:30,403|
lab29-10-<0.5112.0>-T3: Msg #2035, C-Out: 23.10 18:11:29,760| HBQ-In: 23.10 18:11:29,760| DQ-In: 23.10 18:11:30,326| C-In: 23.10 18:11:30,404|
lab29-40-<0.2707.0>-T3: Msg #2036, C-Out: 23.10 18:11:29,770| HBQ-In: 23.10 18:11:29,771| DQ-In: 23.10 18:11:30,326| C-In: 23.10 18:11:30,404|
lab29-5-<0.5513.0>-T3: Msg #2037, C-Out: 23.10 18:11:29,770| HBQ-In: 23.10 18:11:29,771| DQ-In: 23.10 18:11:30,326| C-In: 23.10 18:11:30,405|
Fehlernachricht fuer Luecke von 2038 bis 2038 C-In: 23.10 18:11:30,407|
lab29-60-<0.1170.0>-T3: Msg #2039, C-Out: 23.10 18:11:30,278| HBQ-In: 23.10 18:11:30,278| DQ-In: 23.10 18:11:30,381| C-In: 23.10 18:11:30,410|
lab29-25-<0.3973.0>-T3: Msg #2040, C-Out: 23.10 18:11:29,801| HBQ-In: 23.10 18:11:29,801| DQ-In: 23.10 18:11:30,381| C-In: 23.10 18:11:30,411|
lab29-20-<0.4365.0>-T3: Msg #2041, C-Out: 23.10 18:11:29,804| HBQ-In: 23.10 18:11:29,805| DQ-In: 23.10 18:11:30,381| C-In: 23.10 18:11:30,413|
lab29-30-<0.3559.0>-T3: Msg #2042, C-Out: 23.10 18:11:29,810| HBQ-In: 23.10 18:11:29,810| DQ-In: 23.10 18:11:30,381| C-In: 23.10 18:11:30,430|
lab29-45-<0.2293.0>-T3: Msg #2043, C-Out: 23.10 18:11:30,326| HBQ-In: 23.10 18:11:30,326| DQ-In: 23.10 18:11:30,381| C-In: 23.10 18:11:30,430|
ReceiveMsgs done
lab29-12-<0.4991.0>-T3: Msg #2185, C-Out: 23.10 18:11:31,432| gesendet
lab29-12-<0.4991.0>-T3: Msg #2298, C-Out: 23.10 18:11:32,433| gesendet
lab29-12-<0.4991.0>-T3: Msg #2379, C-Out: 23.10 18:11:33,435| gesendet
lab29-12-<0.4991.0>-T3: Msg #2460, C-Out: 23.10 18:11:34,436| gesendet
lab29-12-<0.4991.0>-T3: Msg #2533, C-Out: 23.10 18:11:35,437| gesendet
Neues Intervall: 1.5 Sekunden
Msg #2629 um 23.10 18:11:35,441| vergessen zu senden
lab29-10-<0.5112.0>-T3: Msg #2419, C-Out: 23.10 18:11:33,836| HBQ-In: 23.10 18:11:33,836| DQ-In: 23.10 18:11:34,633| C-In: 23.10 18:11:35,442|
lab29-25-<0.3973.0>-T3: Msg #2420, C-Out: 23.10 18:11:34,375| HBQ-In: 23.10 18:11:34,375| DQ-In: 23.10 18:11:34,633| C-In: 23.10 18:11:35,442|
lab29-32-<0.3394.0>-T3: Msg #2421, C-Out: 23.10 18:11:34,424| HBQ-In: 23.10 18:11:34,424| DQ-In: 23.10 18:11:34,633| C-In: 23.10 18:11:35,443|
lab29-47-<0.2127.0>-T3: Msg #2422, C-Out: 23.10 18:11:34,429| HBQ-In: 23.10 18:11:34,429| DQ-In: 23.10 18:11:34,633| C-In: 23.10 18:11:35,444|
Fehlernachricht fuer Luecke von 2423 bis 2428 C-In: 23.10 18:11:35,444|
lab29-4-<0.5587.0>-T3: Msg #2429, C-Out: 23.10 18:11:34,008| HBQ-In: 23.10 18:11:34,008| DQ-In: 23.10 18:11:34,753| C-In: 23.10 18:11:35,444|
lab29-24-<0.4051.0>-T3: Msg #2430, C-Out: 23.10 18:11:34,513| HBQ-In: 23.10 18:11:34,513| DQ-In: 23.10 18:11:34,753| C-In: 23.10 18:11:35,445|
lab29-19-<0.4442.0>-T3: Msg #2431, C-Out: 23.10 18:11:34,022| HBQ-In: 23.10 18:11:34,023| DQ-In: 23.10 18:11:34,753| C-In: 23.10 18:11:35,445|
lab29-9-<0.5191.0>-T3: Msg #2432, C-Out: 23.10 18:11:34,022| HBQ-In: 23.10 18:11:34,023| DQ-In: 23.10 18:11:34,753| C-In: 23.10 18:11:35,445|
lab29-14-<0.4846.0>-T3: Msg #2433, C-Out: 23.10 18:11:34,023| HBQ-In: 23.10 18:11:34,023| DQ-In: 23.10 18:11:34,753| C-In: 23.10 18:11:35,453|
lab29-54-<0.1586.0>-T3: Msg #2434, C-Out: 23.10 18:11:34,530| HBQ-In: 23.10 18:11:34,530| DQ-In: 23.10 18:11:34,753| C-In: 23.10 18:11:35,454|
lab29-39-<0.2795.0>-T3: Msg #2435, C-Out: 23.10 18:11:34,532| HBQ-In: 23.10 18:11:34,533| DQ-In: 23.10 18:11:34,753| C-In: 23.10 18:11:35,454|
lab29-46-<0.2213.0>-T3: Msg #2436, C-Out: 23.10 18:11:34,621| HBQ-In: 23.10 18:11:34,621| DQ-In: 23.10 18:11:34,753| C-In: 23.10 18:11:35,454|
lab29-31-<0.3480.0>-T3: Msg #2437, C-Out: 23.10 18:11:34,625| HBQ-In: 23.10 18:11:34,625| DQ-In: 23.10 18:11:34,753| C-In: 23.10 18:11:35,455|
Fehlernachricht fuer Luecke von 2438 bis 2442 C-In: 23.10 18:11:35,455|
lab29-53-<0.1650.0>-T3: Msg #2443, C-Out: 23.10 18:11:34,709| HBQ-In: 23.10 18:11:34,709| DQ-In: 23.10 18:11:34,767| C-In: 23.10 18:11:35,455|
lab29-8-<0.5273.0>-T3: Msg #2444, C-Out: 23.10 18:11:34,209| HBQ-In: 23.10 18:11:34,209| DQ-In: 23.10 18:11:34,767| C-In: 23.10 18:11:35,456|
lab29-18-<0.4519.0>-T3: Msg #2445, C-Out: 23.10 18:11:34,220| HBQ-In: 23.10 18:11:34,220| DQ-In: 23.10 18:11:34,767| C-In: 23.10 18:11:35,456|
Fehlernachricht fuer Luecke von 2446 bis 2446 C-In: 23.10 18:11:35,456|
lab29-3-<0.5663.0>-T3: Msg #2447, C-Out: 23.10 18:11:34,226| HBQ-In: 23.10 18:11:34,227| DQ-In: 23.10 18:11:34,778| C-In: 23.10 18:11:35,457|
lab29-23-<0.4130.0>-T3: Msg #2448, C-Out: 23.10 18:11:34,751| HBQ-In: 23.10 18:11:34,753| DQ-In: 23.10 18:11:34,778| C-In: 23.10 18:11:35,457|
lab29-13-<0.4921.0>-T3: Msg #2449, C-Out: 23.10 18:11:34,260| HBQ-In: 23.10 18:11:34,260| DQ-In: 23.10 18:11:34,778| C-In: 23.10 18:11:35,457|
lab29-38-<0.2880.0>-T3: Msg #2450, C-Out: 23.10 18:11:34,765| HBQ-In: 23.10 18:11:34,765| DQ-In: 23.10 18:11:34,778| C-In: 23.10 18:11:35,458|
Fehlernachricht fuer Luecke von 2451 bis 2456 C-In: 23.10 18:11:35,458|
lab29-7-<0.5358.0>-T3: Msg #2457, C-Out: 23.10 18:11:34,422| HBQ-In: 23.10 18:11:34,422| DQ-In: 23.10 18:11:34,782| C-In: 23.10 18:11:35,459|
Fehlernachricht fuer Luecke von 2458 bis 2458 C-In: 23.10 18:11:35,459|
lab29-2-<0.5741.0>-T3: Msg #2459, C-Out: 23.10 18:11:34,435| HBQ-In: 23.10 18:11:34,435| DQ-In: 23.10 18:11:34,786| C-In: 23.10 18:11:35,459|
lab29-12-<0.4991.0>-T3: Msg #2460, C-Out: 23.10 18:11:34,436| HBQ-In: 23.10 18:11:34,436| DQ-In: 23.10 18:11:34,786|******* C-In: 23.10 18:11:35,460|
lab29-17-<0.4601.0>-T3: Msg #2461, C-Out: 23.10 18:11:34,436| HBQ-In: 23.10 18:11:34,436| DQ-In: 23.10 18:11:34,786| C-In: 23.10 18:11:35,460|
Fehlernachricht fuer Luecke von 2462 bis 2471 C-In: 23.10 18:11:35,460|
lab29-6-<0.5440.0>-T3: Msg #2472, C-Out: 23.10 18:11:34,616| HBQ-In: 23.10 18:11:34,616| DQ-In: 23.10 18:11:34,828| C-In: 23.10 18:11:35,461|
Fehlernachricht fuer Luecke von 2473 bis 2473 C-In: 23.10 18:11:35,461|
lab29-11-<0.5067.0>-T3: Msg #2474, C-Out: 23.10 18:11:34,622| HBQ-In: 23.10 18:11:34,622| DQ-In: 23.10 18:11:34,838| C-In: 23.10 18:11:35,461|
Fehlernachricht fuer Luecke von 2475 bis 2475 C-In: 23.10 18:11:35,462|
lab29-16-<0.4681.0>-T3: Msg #2476, C-Out: 23.10 18:11:34,633| HBQ-In: 23.10 18:11:34,633| DQ-In: 23.10 18:11:35,012| C-In: 23.10 18:11:35,462|
Fehlernachricht fuer Luecke von 2477 bis 2478 C-In: 23.10 18:11:35,462|
lab29-1-<0.5818.0>-T3: Msg #2479, C-Out: 23.10 18:11:34,637| HBQ-In: 23.10 18:11:34,637| DQ-In: 23.10 18:11:35,025| C-In: 23.10 18:11:35,463|
Fehlernachricht fuer Luecke von 2480 bis 2486 C-In: 23.10 18:11:35,463|
lab29-15-<0.4762.0>-T3: Msg #2487, C-Out: 23.10 18:11:34,812| HBQ-In: 23.10 18:11:34,812| DQ-In: 23.10 18:11:35,025| C-In: 23.10 18:11:35,463|
Fehlernachricht fuer Luecke von 2488 bis 2489 C-In: 23.10 18:11:35,464|
lab29-5-<0.5513.0>-T3: Msg #2490, C-Out: 23.10 18:11:34,828| HBQ-In: 23.10 18:11:34,828| DQ-In: 23.10 18:11:35,211| C-In: 23.10 18:11:35,472|
lab29-10-<0.5112.0>-T3: Msg #2491, C-Out: 23.10 18:11:34,838| HBQ-In: 23.10 18:11:34,838| DQ-In: 23.10 18:11:35,211| C-In: 23.10 18:11:35,472|
Fehlernachricht fuer Luecke von 2492 bis 2499 C-In: 23.10 18:11:35,472|
lab29-4-<0.5587.0>-T3: Msg #2500, C-Out: 23.10 18:11:35,012| HBQ-In: 23.10 18:11:35,012| DQ-In: 23.10 18:11:35,270| C-In: 23.10 18:11:35,473|
Fehlernachricht fuer Luecke von 2501 bis 2501 C-In: 23.10 18:11:35,473|
lab29-9-<0.5191.0>-T3: Msg #2502, C-Out: 23.10 18:11:35,025| HBQ-In: 23.10 18:11:35,025| DQ-In: 23.10 18:11:35,423| C-In: 23.10 18:11:35,473|
Fehlernachricht fuer Luecke von 2503 bis 2503 C-In: 23.10 18:11:35,474|
lab29-14-<0.4846.0>-T3: Msg #2504, C-Out: 23.10 18:11:35,025| HBQ-In: 23.10 18:11:35,025| DQ-In: 23.10 18:11:35,436| C-In: 23.10 18:11:35,474|
Fehlernachricht fuer Luecke von 2505 bis 2514 C-In: 23.10 18:11:35,474|
lab29-8-<0.5273.0>-T3: Msg #2515, C-Out: 23.10 18:11:35,211| HBQ-In: 23.10 18:11:35,211| DQ-In: 23.10 18:11:35,441| C-In: 23.10 18:11:35,475|
ReceiveMsgs done
lab29-12-<0.4991.0>-T3: Msg #2634, C-Out: 23.10 18:11:36,976| gesendet
lab29-12-<0.4991.0>-T3: Msg #2738, C-Out: 23.10 18:11:38,477| gesendet
