lab29-7-<0.5358.0>-T3 C-Start: 23.10 18:11:26,357|
lab29-7-<0.5358.0>-T3: Msg #1777, C-Out: 23.10 18:11:27,359| gesendet
lab29-7-<0.5358.0>-T3: Msg #1895, C-Out: 23.10 18:11:28,360| gesendet
lab29-7-<0.5358.0>-T3: Msg #1992, C-Out: 23.10 18:11:29,362| gesendet
lab29-7-<0.5358.0>-T3: Msg #2086, C-Out: 23.10 18:11:30,367| gesendet
lab29-7-<0.5358.0>-T3: Msg #2175, C-Out: 23.10 18:11:31,368| gesendet
Neues Intervall: 1 Sekunden
Msg #2289 um 23.10 18:11:31,368| vergessen zu senden
lab29-28-<0.3729.0>-T3: Msg #2078, C-Out: 23.10 18:11:30,201| HBQ-In: 23.10 18:11:30,202| DQ-In: 23.10 18:11:30,702| C-In: 23.10 18:11:31,369|
lab29-18-<0.4519.0>-T3: Msg #2079, C-Out: 23.10 18:11:30,209| HBQ-In: 23.10 18:11:30,210| DQ-In: 23.10 18:11:30,702| C-In: 23.10 18:11:31,371|
Fehlernachricht fuer Luecke von 2080 bis 2084 C-In: 23.10 18:11:31,375|
lab29-12-<0.4991.0>-T3: Msg #2085, C-Out: 23.10 18:11:30,359| HBQ-In: 23.10 18:11:30,360| DQ-In: 23.10 18:11:30,704| C-In: 23.10 18:11:31,375|
lab29-7-<0.5358.0>-T3: Msg #2086, C-Out: 23.10 18:11:30,367| HBQ-In: 23.10 18:11:30,367| DQ-In: 23.10 18:11:30,704|******* C-In: 23.10 18:11:31,376|
lab29-2-<0.5741.0>-T3: Msg #2087, C-Out: 23.10 18:11:30,376| HBQ-In: 23.10 18:11:30,376| DQ-In: 23.10 18:11:30,704| C-In: 23.10 18:11:31,376|
Fehlernachricht fuer Luecke von 2088 bis 2088 C-In: 23.10 18:11:31,376|
lab29-32-<0.3394.0>-T3: Msg #2089, C-Out: 23.10 18:11:30,379| HBQ-In: 23.10 18:11:30,381| DQ-In: 23.10 18:11:30,706| C-In: 23.10 18:11:31,377|
Fehlernachricht fuer Luecke von 2090 bis 2092 C-In: 23.10 18:11:31,379|
lab29-37-<0.2967.0>-T3: Msg #2093, C-Out: 23.10 18:11:30,398| HBQ-In: 23.10 18:11:30,398| DQ-In: 23.10 18:11:30,707| C-In: 23.10 18:11:31,379|
Fehlernachricht fuer Luecke von 2094 bis 2094 C-In: 23.10 18:11:31,382|
lab29-27-<0.3815.0>-T3: Msg #2095, C-Out: 23.10 18:11:30,403| HBQ-In: 23.10 18:11:30,403| DQ-In: 23.10 18:11:30,710| C-In: 23.10 18:11:31,382|
lab29-22-<0.4210.0>-T3: Msg #2096, C-Out: 23.10 18:11:30,405| HBQ-In: 23.10 18:11:30,406| DQ-In: 23.10 18:11:30,710| C-In: 23.10 18:11:31,382|
lab29-17-<0.4601.0>-T3: Msg #2097, C-Out: 23.10 18:11:30,430| HBQ-In: 23.10 18:11:30,430| DQ-In: 23.10 18:11:30,710| C-In: 23.10 18:11:31,386|
Fehlernachricht fuer Luecke von 2098 bis 2104 C-In: 23.10 18:11:31,387|
lab29-11-<0.5067.0>-T3: Msg #2105, C-Out: 23.10 18:11:30,561| HBQ-In: 23.10 18:11:30,566| DQ-In: 23.10 18:11:30,711| C-In: 23.10 18:11:31,387|
lab29-6-<0.5440.0>-T3: Msg #2106, C-Out: 23.10 18:11:30,571| HBQ-In: 23.10 18:11:30,571| DQ-In: 23.10 18:11:30,711| C-In: 23.10 18:11:31,388|
lab29-1-<0.5818.0>-T3: Msg #2107, C-Out: 23.10 18:11:30,576| HBQ-In: 23.10 18:11:30,576| DQ-In: 23.10 18:11:30,711| C-In: 23.10 18:11:31,388|
lab29-31-<0.3480.0>-T3: Msg #2108, C-Out: 23.10 18:11:30,581| HBQ-In: 23.10 18:11:30,586| DQ-In: 23.10 18:11:30,711| C-In: 23.10 18:11:31,388|
lab29-36-<0.3048.0>-T3: Msg #2109, C-Out: 23.10 18:11:30,585| HBQ-In: 23.10 18:11:30,586| DQ-In: 23.10 18:11:30,711| C-In: 23.10 18:11:31,389|
lab29-26-<0.3898.0>-T3: Msg #2110, C-Out: 23.10 18:11:30,596| HBQ-In: 23.10 18:11:30,597| DQ-In: 23.10 18:11:30,711| C-In: 23.10 18:11:31,392|
Fehlernachricht fuer Luecke von 2111 bis 2112 C-In: 23.10 18:11:31,392|
lab29-21-<0.4291.0>-T3: Msg #2113, C-Out: 23.10 18:11:30,617| HBQ-In: 23.10 18:11:30,617| DQ-In: 23.10 18:11:30,804| C-In: 23.10 18:11:31,392|
lab29-16-<0.4681.0>-T3: Msg #2114, C-Out: 23.10 18:11:30,626| HBQ-In: 23.10 18:11:30,626| DQ-In: 23.10 18:11:30,804| C-In: 23.10 18:11:31,393|
Fehlernachricht fuer Luecke von 2115 bis 2122 C-In: 23.10 18:11:31,393|
lab29-35-<0.3134.0>-T3: Msg #2123, C-Out: 23.10 18:11:30,759| HBQ-In: 23.10 18:11:30,760| DQ-In: 23.10 18:11:30,806| C-In: 23.10 18:11:31,397|
Fehlernachricht fuer Luecke von 2124 bis 2124 C-In: 23.10 18:11:31,397|
lab29-10-<0.5112.0>-T3: Msg #2125, C-Out: 23.10 18:11:30,761| HBQ-In: 23.10 18:11:30,763| DQ-In: 23.10 18:11:30,811| C-In: 23.10 18:11:31,397|
lab29-5-<0.5513.0>-T3: Msg #2126, C-Out: 23.10 18:11:30,776| HBQ-In: 23.10 18:11:30,778| DQ-In: 23.10 18:11:30,811| C-In: 23.10 18:11:31,398|
Fehlernachricht fuer Luecke von 2127 bis 2128 C-In: 23.10 18:11:31,398|
lab29-25-<0.3973.0>-T3: Msg #2129, C-Out: 23.10 18:11:30,804| HBQ-In: 23.10 18:11:30,804| DQ-In: 23.10 18:11:30,969| C-In: 23.10 18:11:31,400|
lab29-15-<0.4762.0>-T3: Msg #2130, C-Out: 23.10 18:11:30,805| HBQ-In: 23.10 18:11:30,805| DQ-In: 23.10 18:11:30,969| C-In: 23.10 18:11:31,401|
lab29-20-<0.4365.0>-T3: Msg #2131, C-Out: 23.10 18:11:30,806| HBQ-In: 23.10 18:11:30,806| DQ-In: 23.10 18:11:30,969| C-In: 23.10 18:11:31,403|
lab29-30-<0.3559.0>-T3: Msg #2132, C-Out: 23.10 18:11:30,811| HBQ-In: 23.10 18:11:30,811| DQ-In: 23.10 18:11:30,969| C-In: 23.10 18:11:31,403|
Fehlernachricht fuer Luecke von 2133 bis 2139 C-In: 23.10 18:11:31,404|
lab29-9-<0.5191.0>-T3: Msg #2140, C-Out: 23.10 18:11:30,964| HBQ-In: 23.10 18:11:30,964| DQ-In: 23.10 18:11:31,017| C-In: 23.10 18:11:31,404|
lab29-4-<0.5587.0>-T3: Msg #2141, C-Out: 23.10 18:11:30,969| HBQ-In: 23.10 18:11:30,969| DQ-In: 23.10 18:11:31,017| C-In: 23.10 18:11:31,404|
Fehlernachricht fuer Luecke von 2142 bis 2143 C-In: 23.10 18:11:31,405|
lab29-24-<0.4051.0>-T3: Msg #2144, C-Out: 23.10 18:11:30,977| HBQ-In: 23.10 18:11:30,977| DQ-In: 23.10 18:11:31,171| C-In: 23.10 18:11:31,405|
lab29-34-<0.3220.0>-T3: Msg #2145, C-Out: 23.10 18:11:30,983| HBQ-In: 23.10 18:11:30,983| DQ-In: 23.10 18:11:31,171| C-In: 23.10 18:11:31,405|
Fehlernachricht fuer Luecke von 2146 bis 2147 C-In: 23.10 18:11:31,405|
lab29-29-<0.3641.0>-T3: Msg #2148, C-Out: 23.10 18:11:30,997| HBQ-In: 23.10 18:11:30,998| DQ-In: 23.10 18:11:31,192| C-In: 23.10 18:11:31,407|
lab29-19-<0.4442.0>-T3: Msg #2149, C-Out: 23.10 18:11:31,017| HBQ-In: 23.10 18:11:31,018| DQ-In: 23.10 18:11:31,192| C-In: 23.10 18:11:31,410|
lab29-14-<0.4846.0>-T3: Msg #2150, C-Out: 23.10 18:11:31,017| HBQ-In: 23.10 18:11:31,017| DQ-In: 23.10 18:11:31,192| C-In: 23.10 18:11:31,411|
Fehlernachricht fuer Luecke von 2151 bis 2158 C-In: 23.10 18:11:31,411|
lab29-8-<0.5273.0>-T3: Msg #2159, C-Out: 23.10 18:11:31,170| HBQ-In: 23.10 18:11:31,171| DQ-In: 23.10 18:11:31,212| C-In: 23.10 18:11:31,412|
Fehlernachricht fuer Luecke von 2160 bis 2160 C-In: 23.10 18:11:31,412|
lab29-3-<0.5663.0>-T3: Msg #2161, C-Out: 23.10 18:11:31,170| HBQ-In: 23.10 18:11:31,171| DQ-In: 23.10 18:11:31,253| C-In: 23.10 18:11:31,412|
lab29-33-<0.3306.0>-T3: Msg #2162, C-Out: 23.10 18:11:31,192| HBQ-In: 23.10 18:11:31,192| DQ-In: 23.10 18:11:31,253| C-In: 23.10 18:11:31,413|
lab29-23-<0.4130.0>-T3: Msg #2163, C-Out: 23.10 18:11:31,192| HBQ-In: 23.10 18:11:31,192| DQ-In: 23.10 18:11:31,253| C-In: 23.10 18:11:31,414|
Fehlernachricht fuer Luecke von 2164 bis 2164 C-In: 23.10 18:11:31,414|
lab29-28-<0.3729.0>-T3: Msg #2165, C-Out: 23.10 18:11:31,203| HBQ-In: 23.10 18:11:31,203| DQ-In: 23.10 18:11:31,382| C-In: 23.10 18:11:31,415|
lab29-18-<0.4519.0>-T3: Msg #2166, C-Out: 23.10 18:11:31,212| HBQ-In: 23.10 18:11:31,212| DQ-In: 23.10 18:11:31,382| C-In: 23.10 18:11:31,415|
Fehlernachricht fuer Luecke von 2167 bis 2169 C-In: 23.10 18:11:31,415|
lab29-13-<0.4921.0>-T3: Msg #2170, C-Out: 23.10 18:11:31,253| HBQ-In: 23.10 18:11:31,253| DQ-In: 23.10 18:11:31,411| C-In: 23.10 18:11:31,416|
ReceiveMsgs done
lab29-7-<0.5358.0>-T3: Msg #2294, C-Out: 23.10 18:11:32,418| gesendet
lab29-7-<0.5358.0>-T3: Msg #2376, C-Out: 23.10 18:11:33,419| gesendet
lab29-7-<0.5358.0>-T3: Msg #2457, C-Out: 23.10 18:11:34,422| gesendet
lab29-7-<0.5358.0>-T3: Msg #2529, C-Out: 23.10 18:11:35,423| gesendet
lab29-7-<0.5358.0>-T3: Msg #2626, C-Out: 23.10 18:11:36,424| gesendet
Neues Intervall: 1.5 Sekunden
Msg #2694 um 23.10 18:11:36,424| vergessen zu senden
lab29-17-<0.4601.0>-T3: Msg #2461, C-Out: 23.10 18:11:34,436| HBQ-In: 23.10 18:11:34,436| DQ-In: 23.10 18:11:34,786| C-In: 23.10 18:11:36,426|
Fehlernachricht fuer Luecke von 2462 bis 2471 C-In: 23.10 18:11:36,427|
lab29-6-<0.5440.0>-T3: Msg #2472, C-Out: 23.10 18:11:34,616| HBQ-In: 23.10 18:11:34,616| DQ-In: 23.10 18:11:34,828| C-In: 23.10 18:11:36,427|
Fehlernachricht fuer Luecke von 2473 bis 2473 C-In: 23.10 18:11:36,429|
lab29-11-<0.5067.0>-T3: Msg #2474, C-Out: 23.10 18:11:34,622| HBQ-In: 23.10 18:11:34,622| DQ-In: 23.10 18:11:34,838| C-In: 23.10 18:11:36,429|
Fehlernachricht fuer Luecke von 2475 bis 2475 C-In: 23.10 18:11:36,430|
lab29-16-<0.4681.0>-T3: Msg #2476, C-Out: 23.10 18:11:34,633| HBQ-In: 23.10 18:11:34,633| DQ-In: 23.10 18:11:35,012| C-In: 23.10 18:11:36,432|
Fehlernachricht fuer Luecke von 2477 bis 2478 C-In: 23.10 18:11:36,433|
lab29-1-<0.5818.0>-T3: Msg #2479, C-Out: 23.10 18:11:34,637| HBQ-In: 23.10 18:11:34,637| DQ-In: 23.10 18:11:35,025| C-In: 23.10 18:11:36,435|
Fehlernachricht fuer Luecke von 2480 bis 2486 C-In: 23.10 18:11:36,436|
lab29-15-<0.4762.0>-T3: Msg #2487, C-Out: 23.10 18:11:34,812| HBQ-In: 23.10 18:11:34,812| DQ-In: 23.10 18:11:35,025| C-In: 23.10 18:11:36,436|
Fehlernachricht fuer Luecke von 2488 bis 2489 C-In: 23.10 18:11:36,436|
lab29-5-<0.5513.0>-T3: Msg #2490, C-Out: 23.10 18:11:34,828| HBQ-In: 23.10 18:11:34,828| DQ-In: 23.10 18:11:35,211| C-In: 23.10 18:11:36,437|
lab29-10-<0.5112.0>-T3: Msg #2491, C-Out: 23.10 18:11:34,838| HBQ-In: 23.10 18:11:34,838| DQ-In: 23.10 18:11:35,211| C-In: 23.10 18:11:36,437|
Fehlernachricht fuer Luecke von 2492 bis 2499 C-In: 23.10 18:11:36,438|
lab29-4-<0.5587.0>-T3: Msg #2500, C-Out: 23.10 18:11:35,012| HBQ-In: 23.10 18:11:35,012| DQ-In: 23.10 18:11:35,270| C-In: 23.10 18:11:36,438|
Fehlernachricht fuer Luecke von 2501 bis 2501 C-In: 23.10 18:11:36,440|
lab29-9-<0.5191.0>-T3: Msg #2502, C-Out: 23.10 18:11:35,025| HBQ-In: 23.10 18:11:35,025| DQ-In: 23.10 18:11:35,423| C-In: 23.10 18:11:36,441|
Fehlernachricht fuer Luecke von 2503 bis 2503 C-In: 23.10 18:11:36,441|
lab29-14-<0.4846.0>-T3: Msg #2504, C-Out: 23.10 18:11:35,025| HBQ-In: 23.10 18:11:35,025| DQ-In: 23.10 18:11:35,436| C-In: 23.10 18:11:36,441|
Fehlernachricht fuer Luecke von 2505 bis 2514 C-In: 23.10 18:11:36,442|
lab29-8-<0.5273.0>-T3: Msg #2515, C-Out: 23.10 18:11:35,211| HBQ-In: 23.10 18:11:35,211| DQ-In: 23.10 18:11:35,441| C-In: 23.10 18:11:36,442|
Fehlernachricht fuer Luecke von 2516 bis 2518 C-In: 23.10 18:11:36,442|
lab29-3-<0.5663.0>-T3: Msg #2519, C-Out: 23.10 18:11:35,229| HBQ-In: 23.10 18:11:35,229| DQ-In: 23.10 18:11:35,618| C-In: 23.10 18:11:36,443|
Fehlernachricht fuer Luecke von 2520 bis 2521 C-In: 23.10 18:11:36,443|
lab29-13-<0.4921.0>-T3: Msg #2522, C-Out: 23.10 18:11:35,270| HBQ-In: 23.10 18:11:35,270| DQ-In: 23.10 18:11:35,625| C-In: 23.10 18:11:36,444|
Fehlernachricht fuer Luecke von 2523 bis 2528 C-In: 23.10 18:11:36,444|
lab29-7-<0.5358.0>-T3: Msg #2529, C-Out: 23.10 18:11:35,423| HBQ-In: 23.10 18:11:35,423| DQ-In: 23.10 18:11:35,641|******* C-In: 23.10 18:11:36,446|
Fehlernachricht fuer Luecke von 2530 bis 2531 C-In: 23.10 18:11:36,446|
lab29-2-<0.5741.0>-T3: Msg #2532, C-Out: 23.10 18:11:35,436| HBQ-In: 23.10 18:11:35,436| DQ-In: 23.10 18:11:35,829| C-In: 23.10 18:11:36,447|
lab29-12-<0.4991.0>-T3: Msg #2533, C-Out: 23.10 18:11:35,437| HBQ-In: 23.10 18:11:35,441| DQ-In: 23.10 18:11:35,829| C-In: 23.10 18:11:36,449|
Fehlernachricht fuer Luecke von 2534 bis 2536 C-In: 23.10 18:11:36,449|
lab29-17-<0.4601.0>-T3: Msg #2537, C-Out: 23.10 18:11:35,983| HBQ-In: 23.10 18:11:35,983| DQ-In: 23.10 18:11:35,983| C-In: 23.10 18:11:36,449|
Fehlernachricht fuer Luecke von 2538 bis 2544 C-In: 23.10 18:11:36,450|
lab29-6-<0.5440.0>-T3: Msg #2545, C-Out: 23.10 18:11:35,618| HBQ-In: 23.10 18:11:35,618| DQ-In: 23.10 18:11:36,015| C-In: 23.10 18:11:36,452|
Fehlernachricht fuer Luecke von 2546 bis 2546 C-In: 23.10 18:11:36,452|
lab29-11-<0.5067.0>-T3: Msg #2547, C-Out: 23.10 18:11:35,623| HBQ-In: 23.10 18:11:35,625| DQ-In: 23.10 18:11:36,028| C-In: 23.10 18:11:36,453|
lab29-31-<0.3480.0>-T3: Msg #2548, C-Out: 23.10 18:11:36,126| HBQ-In: 23.10 18:11:36,127| DQ-In: 23.10 18:11:36,127| C-In: 23.10 18:11:36,455|
Fehlernachricht fuer Luecke von 2549 bis 2549 C-In: 23.10 18:11:36,458|
lab29-1-<0.5818.0>-T3: Msg #2550, C-Out: 23.10 18:11:35,640| HBQ-In: 23.10 18:11:35,641| DQ-In: 23.10 18:11:36,168| C-In: 23.10 18:11:36,459|
Fehlernachricht fuer Luecke von 2551 bis 2551 C-In: 23.10 18:11:36,459|
lab29-16-<0.4681.0>-T3: Msg #2552, C-Out: 23.10 18:11:36,167| HBQ-In: 23.10 18:11:36,168| DQ-In: 23.10 18:11:36,212| C-In: 23.10 18:11:36,462|
Fehlernachricht fuer Luecke von 2553 bis 2554 C-In: 23.10 18:11:36,462|
2-client@lab23: 2555. Nachricht--Gruppe:1-Team:5-Sendezeit:18:11:34 HBQ-In: 23.10 18:11:34,752| DQ-In: 23.10 18:11:36,230| C-In: 23.10 18:11:36,465|
1-client@lab23: 2556. Nachricht--Gruppe:1-Team:5-Sendezeit:18:11:34 HBQ-In: 23.10 18:11:34,753| DQ-In: 23.10 18:11:36,230| C-In: 23.10 18:11:36,466|
5-client@lab23: 2557. Nachricht--Gruppe:1-Team:5-Sendezeit:18:11:34 HBQ-In: 23.10 18:11:34,753| DQ-In: 23.10 18:11:36,230| C-In: 23.10 18:11:36,466|
2-client@lab23: 2558. Nachricht--Gruppe:1-Team:5-Sendezeit:18:11:34 HBQ-In: 23.10 18:11:34,758| DQ-In: 23.10 18:11:36,230| C-In: 23.10 18:11:36,466|
1-client@lab23: 2559. Nachricht--Gruppe:1-Team:5-Sendezeit:18:11:34 HBQ-In: 23.10 18:11:34,758| DQ-In: 23.10 18:11:36,230| C-In: 23.10 18:11:36,467|
5-client@lab23: 2560. Nachricht--Gruppe:1-Team:5-Sendezeit:18:11:34 HBQ-In: 23.10 18:11:34,758| DQ-In: 23.10 18:11:36,230| C-In: 23.10 18:11:36,467|
lab29-23-<0.4130.0>-T3: Msg #2561, C-Out: 23.10 18:11:36,270| HBQ-In: 23.10 18:11:36,277| DQ-In: 23.10 18:11:36,277| C-In: 23.10 18:11:36,467|
Fehlernachricht fuer Luecke von 2562 bis 2562 C-In: 23.10 18:11:36,468|
2-client@lab23: 2563. Nachricht--Gruppe:1-Team:5-Sendezeit:18:11:34 HBQ-In: 23.10 18:11:34,764| DQ-In: 23.10 18:11:36,437| C-In: 23.10 18:11:36,469|
5-client@lab23: 2564. Nachricht--Gruppe:1-Team:5-Sendezeit:18:11:34 HBQ-In: 23.10 18:11:34,764| DQ-In: 23.10 18:11:36,437| C-In: 23.10 18:11:36,469|
1-client@lab23: 2565. Nachricht--Gruppe:1-Team:5-Sendezeit:18:11:34 HBQ-In: 23.10 18:11:34,764| DQ-In: 23.10 18:11:36,437| C-In: 23.10 18:11:36,469|
2-client@lab23: 2566. Nachricht--Gruppe:1-Team:5-Sendezeit:18:11:34 HBQ-In: 23.10 18:11:34,767| DQ-In: 23.10 18:11:36,437| C-In: 23.10 18:11:36,470|
1-client@lab23: 2567. Nachricht--Gruppe:1-Team:5-Sendezeit:18:11:34 HBQ-In: 23.10 18:11:34,767| DQ-In: 23.10 18:11:36,437| C-In: 23.10 18:11:36,470|
5-client@lab23: 2568. Nachricht--Gruppe:1-Team:5-Sendezeit:18:11:34 HBQ-In: 23.10 18:11:34,768| DQ-In: 23.10 18:11:36,437| C-In: 23.10 18:11:36,470|
lab29-38-<0.2880.0>-T3: Msg #2569, C-Out: 23.10 18:11:36,270| HBQ-In: 23.10 18:11:36,277| DQ-In: 23.10 18:11:36,437| C-In: 23.10 18:11:36,471|
ReceiveMsgs done
lab29-7-<0.5358.0>-T3: Msg #2700, C-Out: 23.10 18:11:37,975| gesendet
lab29-7-<0.5358.0>-T3: Msg #2805, C-Out: 23.10 18:11:39,478| gesendet
