lab29-67-<0.708.0>-T3 C-Start: 23.10 18:11:14,283|
lab29-67-<0.708.0>-T3: Msg #853, C-Out: 23.10 18:11:15,285| gesendet
lab29-67-<0.708.0>-T3: Msg #920, C-Out: 23.10 18:11:16,287| gesendet
lab29-67-<0.708.0>-T3: Msg #967, C-Out: 23.10 18:11:17,290| gesendet
lab29-67-<0.708.0>-T3: Msg #1024, C-Out: 23.10 18:11:18,293| gesendet
lab29-67-<0.708.0>-T3: Msg #1084, C-Out: 23.10 18:11:19,296| gesendet
Neues Intervall: 1 Sekunden
Msg #1173 um 23.10 18:11:19,297| vergessen zu senden
lab29-92-<0.99.0>-T3: Msg #1030, C-Out: 23.10 18:11:18,334| HBQ-In: 23.10 18:11:18,334| DQ-In: 23.10 18:11:18,513| C-In: 23.10 18:11:19,298|
lab29-77-<0.187.0>-T3: Msg #1031, C-Out: 23.10 18:11:18,377| HBQ-In: 23.10 18:11:18,377| DQ-In: 23.10 18:11:18,513| C-In: 23.10 18:11:19,298|
lab29-97-<0.81.0>-T3: Msg #1032, C-Out: 23.10 18:11:18,439| HBQ-In: 23.10 18:11:18,439| DQ-In: 23.10 18:11:18,513| C-In: 23.10 18:11:19,298|
Fehlernachricht fuer Luecke von 1033 bis 1033 C-In: 23.10 18:11:19,299|
lab29-66-<0.743.0>-T3: Msg #1034, C-Out: 23.10 18:11:18,494| HBQ-In: 23.10 18:11:18,494| DQ-In: 23.10 18:11:18,523| C-In: 23.10 18:11:19,299|
lab29-71-<0.461.0>-T3: Msg #1035, C-Out: 23.10 18:11:18,494| HBQ-In: 23.10 18:11:18,494| DQ-In: 23.10 18:11:18,523| C-In: 23.10 18:11:19,299|
lab29-61-<0.1100.0>-T3: Msg #1036, C-Out: 23.10 18:11:18,501| HBQ-In: 23.10 18:11:18,502| DQ-In: 23.10 18:11:18,523| C-In: 23.10 18:11:19,300|
lab29-56-<0.1439.0>-T3: Msg #1037, C-Out: 23.10 18:11:18,505| HBQ-In: 23.10 18:11:18,505| DQ-In: 23.10 18:11:18,523| C-In: 23.10 18:11:19,300|
lab29-51-<0.1789.0>-T3: Msg #1038, C-Out: 23.10 18:11:18,506| HBQ-In: 23.10 18:11:18,508| DQ-In: 23.10 18:11:18,523| C-In: 23.10 18:11:19,300|
lab29-81-<0.159.0>-T3: Msg #1039, C-Out: 23.10 18:11:18,510| HBQ-In: 23.10 18:11:18,510| DQ-In: 23.10 18:11:18,523| C-In: 23.10 18:11:19,301|
lab29-91-<0.103.0>-T3: Msg #1040, C-Out: 23.10 18:11:18,558| HBQ-In: 23.10 18:11:18,558| DQ-In: 23.10 18:11:18,558| C-In: 23.10 18:11:19,301|
lab29-86-<0.129.0>-T3: Msg #1041, C-Out: 23.10 18:11:18,560| HBQ-In: 23.10 18:11:18,561| DQ-In: 23.10 18:11:18,561| C-In: 23.10 18:11:19,301|
lab29-76-<0.194.0>-T3: Msg #1042, C-Out: 23.10 18:11:18,578| HBQ-In: 23.10 18:11:18,579| DQ-In: 23.10 18:11:18,579| C-In: 23.10 18:11:19,302|
lab29-96-<0.84.0>-T3: Msg #1043, C-Out: 23.10 18:11:18,597| HBQ-In: 23.10 18:11:18,597| DQ-In: 23.10 18:11:18,597| C-In: 23.10 18:11:19,302|
lab29-65-<0.819.0>-T3: Msg #1044, C-Out: 23.10 18:11:18,692| HBQ-In: 23.10 18:11:18,692| DQ-In: 23.10 18:11:18,692| C-In: 23.10 18:11:19,303|
lab29-70-<0.519.0>-T3: Msg #1045, C-Out: 23.10 18:11:18,692| HBQ-In: 23.10 18:11:18,692| DQ-In: 23.10 18:11:18,692| C-In: 23.10 18:11:19,303|
Fehlernachricht fuer Luecke von 1046 bis 1046 C-In: 23.10 18:11:19,303|
lab29-60-<0.1170.0>-T3: Msg #1047, C-Out: 23.10 18:11:18,704| HBQ-In: 23.10 18:11:18,704| DQ-In: 23.10 18:11:18,759| C-In: 23.10 18:11:19,303|
lab29-85-<0.133.0>-T3: Msg #1048, C-Out: 23.10 18:11:18,704| HBQ-In: 23.10 18:11:18,704| DQ-In: 23.10 18:11:18,759| C-In: 23.10 18:11:19,304|
lab29-55-<0.1513.0>-T3: Msg #1049, C-Out: 23.10 18:11:18,706| HBQ-In: 23.10 18:11:18,706| DQ-In: 23.10 18:11:18,759| C-In: 23.10 18:11:19,304|
lab29-50-<0.1864.0>-T3: Msg #1050, C-Out: 23.10 18:11:18,706| HBQ-In: 23.10 18:11:18,706| DQ-In: 23.10 18:11:18,759| C-In: 23.10 18:11:19,304|
lab29-90-<0.107.0>-T3: Msg #1051, C-Out: 23.10 18:11:18,759| HBQ-In: 23.10 18:11:18,759| DQ-In: 23.10 18:11:18,759| C-In: 23.10 18:11:19,305|
lab29-80-<0.164.0>-T3: Msg #1052, C-Out: 23.10 18:11:18,759| HBQ-In: 23.10 18:11:18,759| DQ-In: 23.10 18:11:18,759| C-In: 23.10 18:11:19,305|
lab29-95-<0.87.0>-T3: Msg #1053, C-Out: 23.10 18:11:18,771| HBQ-In: 23.10 18:11:18,771| DQ-In: 23.10 18:11:18,771| C-In: 23.10 18:11:19,305|
Fehlernachricht fuer Luecke von 1054 bis 1054 C-In: 23.10 18:11:19,306|
lab29-75-<0.200.0>-T3: Msg #1055, C-Out: 23.10 18:11:18,774| HBQ-In: 23.10 18:11:18,775| DQ-In: 23.10 18:11:18,904| C-In: 23.10 18:11:19,306|
Fehlernachricht fuer Luecke von 1056 bis 1057 C-In: 23.10 18:11:19,306|
lab29-64-<0.899.0>-T3: Msg #1058, C-Out: 23.10 18:11:18,899| HBQ-In: 23.10 18:11:18,899| DQ-In: 23.10 18:11:18,904| C-In: 23.10 18:11:19,309|
lab29-69-<0.583.0>-T3: Msg #1059, C-Out: 23.10 18:11:18,899| HBQ-In: 23.10 18:11:18,899| DQ-In: 23.10 18:11:18,904| C-In: 23.10 18:11:19,309|
lab29-59-<0.1234.0>-T3: Msg #1060, C-Out: 23.10 18:11:18,899| HBQ-In: 23.10 18:11:18,899| DQ-In: 23.10 18:11:18,904| C-In: 23.10 18:11:19,309|
lab29-84-<0.140.0>-T3: Msg #1061, C-Out: 23.10 18:11:18,904| HBQ-In: 23.10 18:11:18,904| DQ-In: 23.10 18:11:18,904| C-In: 23.10 18:11:19,312|
lab29-54-<0.1586.0>-T3: Msg #1062, C-Out: 23.10 18:11:18,904| HBQ-In: 23.10 18:11:18,904| DQ-In: 23.10 18:11:18,904| C-In: 23.10 18:11:19,314|
lab29-89-<0.113.0>-T3: Msg #1063, C-Out: 23.10 18:11:18,904| HBQ-In: 23.10 18:11:18,904| DQ-In: 23.10 18:11:18,904| C-In: 23.10 18:11:19,318|
lab29-49-<0.1950.0>-T3: Msg #1064, C-Out: 23.10 18:11:18,908| HBQ-In: 23.10 18:11:18,908| DQ-In: 23.10 18:11:18,908| C-In: 23.10 18:11:19,319|
Fehlernachricht fuer Luecke von 1065 bis 1065 C-In: 23.10 18:11:19,319|
lab29-79-<0.173.0>-T3: Msg #1066, C-Out: 23.10 18:11:18,955| HBQ-In: 23.10 18:11:18,955| DQ-In: 23.10 18:11:19,102| C-In: 23.10 18:11:19,319|
lab29-74-<0.266.0>-T3: Msg #1067, C-Out: 23.10 18:11:18,963| HBQ-In: 23.10 18:11:18,963| DQ-In: 23.10 18:11:19,102| C-In: 23.10 18:11:19,320|
Fehlernachricht fuer Luecke von 1068 bis 1068 C-In: 23.10 18:11:19,320|
lab29-94-<0.91.0>-T3: Msg #1069, C-Out: 23.10 18:11:18,000| HBQ-In: 23.10 18:11:18,000| DQ-In: 23.10 18:11:19,112| C-In: 23.10 18:11:19,320|
Fehlernachricht fuer Luecke von 1070 bis 1070 C-In: 23.10 18:11:19,321|
lab29-68-<0.633.0>-T3: Msg #1071, C-Out: 23.10 18:11:19,096| HBQ-In: 23.10 18:11:19,097| DQ-In: 23.10 18:11:19,113| C-In: 23.10 18:11:19,323|
lab29-63-<0.983.0>-T3: Msg #1072, C-Out: 23.10 18:11:19,096| HBQ-In: 23.10 18:11:19,096| DQ-In: 23.10 18:11:19,113| C-In: 23.10 18:11:19,325|
lab29-58-<0.1296.0>-T3: Msg #1073, C-Out: 23.10 18:11:19,102| HBQ-In: 23.10 18:11:19,102| DQ-In: 23.10 18:11:19,113| C-In: 23.10 18:11:19,326|
lab29-53-<0.1650.0>-T3: Msg #1074, C-Out: 23.10 18:11:19,104| HBQ-In: 23.10 18:11:19,104| DQ-In: 23.10 18:11:19,113| C-In: 23.10 18:11:19,326|
lab29-48-<0.2035.0>-T3: Msg #1075, C-Out: 23.10 18:11:19,112| HBQ-In: 23.10 18:11:19,112| DQ-In: 23.10 18:11:19,113| C-In: 23.10 18:11:19,327|
lab29-93-<0.95.0>-T3: Msg #1076, C-Out: 23.10 18:11:19,112| HBQ-In: 23.10 18:11:19,112| DQ-In: 23.10 18:11:19,113| C-In: 23.10 18:11:19,327|
lab29-83-<0.147.0>-T3: Msg #1077, C-Out: 23.10 18:11:19,117| HBQ-In: 23.10 18:11:19,117| DQ-In: 23.10 18:11:19,117| C-In: 23.10 18:11:19,327|
lab29-78-<0.180.0>-T3: Msg #1078, C-Out: 23.10 18:11:19,120| HBQ-In: 23.10 18:11:19,120| DQ-In: 23.10 18:11:19,120| C-In: 23.10 18:11:19,328|
lab29-88-<0.118.0>-T3: Msg #1079, C-Out: 23.10 18:11:19,121| HBQ-In: 23.10 18:11:19,121| DQ-In: 23.10 18:11:19,121| C-In: 23.10 18:11:19,328|
lab29-73-<0.332.0>-T3: Msg #1080, C-Out: 23.10 18:11:19,122| HBQ-In: 23.10 18:11:19,122| DQ-In: 23.10 18:11:19,122| C-In: 23.10 18:11:19,328|
Fehlernachricht fuer Luecke von 1081 bis 1083 C-In: 23.10 18:11:19,331|
lab29-67-<0.708.0>-T3: Msg #1084, C-Out: 23.10 18:11:19,296| HBQ-In: 23.10 18:11:19,297| DQ-In: 23.10 18:11:19,316|******* C-In: 23.10 18:11:19,331|
lab29-62-<0.1043.0>-T3: Msg #1085, C-Out: 23.10 18:11:19,299| HBQ-In: 23.10 18:11:19,299| DQ-In: 23.10 18:11:19,316| C-In: 23.10 18:11:19,333|
lab29-57-<0.1365.0>-T3: Msg #1086, C-Out: 23.10 18:11:19,304| HBQ-In: 23.10 18:11:19,304| DQ-In: 23.10 18:11:19,316| C-In: 23.10 18:11:19,334|
lab29-52-<0.1713.0>-T3: Msg #1087, C-Out: 23.10 18:11:19,312| HBQ-In: 23.10 18:11:19,316| DQ-In: 23.10 18:11:19,316| C-In: 23.10 18:11:19,336|
lab29-47-<0.2127.0>-T3: Msg #1088, C-Out: 23.10 18:11:19,312| HBQ-In: 23.10 18:11:19,316| DQ-In: 23.10 18:11:19,316| C-In: 23.10 18:11:19,336|
lab29-87-<0.123.0>-T3: Msg #1089, C-Out: 23.10 18:11:19,312| HBQ-In: 23.10 18:11:19,314| DQ-In: 23.10 18:11:19,316| C-In: 23.10 18:11:19,337|
lab29-82-<0.153.0>-T3: Msg #1090, C-Out: 23.10 18:11:19,315| HBQ-In: 23.10 18:11:19,316| DQ-In: 23.10 18:11:19,316| C-In: 23.10 18:11:19,337|
lab29-72-<0.396.0>-T3: Msg #1091, C-Out: 23.10 18:11:19,325| HBQ-In: 23.10 18:11:19,326| DQ-In: 23.10 18:11:19,326| C-In: 23.10 18:11:19,337|
lab29-92-<0.99.0>-T3: Msg #1092, C-Out: 23.10 18:11:19,335| HBQ-In: 23.10 18:11:19,336| DQ-In: 23.10 18:11:19,336| C-In: 23.10 18:11:19,338|
ReceiveMsgs done
lab29-67-<0.708.0>-T3: Msg #1183, C-Out: 23.10 18:11:20,341| gesendet
lab29-67-<0.708.0>-T3: Msg #1253, C-Out: 23.10 18:11:21,342| gesendet
lab29-67-<0.708.0>-T3: Msg #1330, C-Out: 23.10 18:11:22,343| gesendet
lab29-67-<0.708.0>-T3: Msg #1404, C-Out: 23.10 18:11:23,345| gesendet
lab29-67-<0.708.0>-T3: Msg #1510, C-Out: 23.10 18:11:24,346| gesendet
Neues Intervall: 1.5 Sekunden
Msg #1591 um 23.10 18:11:24,347| vergessen zu senden
lab29-36-<0.3048.0>-T3: Msg #1417, C-Out: 23.10 18:11:23,530| HBQ-In: 23.10 18:11:23,530| DQ-In: 23.10 18:11:23,546| C-In: 23.10 18:11:24,347|
lab29-31-<0.3480.0>-T3: Msg #1418, C-Out: 23.10 18:11:23,531| HBQ-In: 23.10 18:11:23,531| DQ-In: 23.10 18:11:23,546| C-In: 23.10 18:11:24,347|
lab29-26-<0.3898.0>-T3: Msg #1419, C-Out: 23.10 18:11:23,537| HBQ-In: 23.10 18:11:23,537| DQ-In: 23.10 18:11:23,546| C-In: 23.10 18:11:24,348|
lab29-66-<0.743.0>-T3: Msg #1420, C-Out: 23.10 18:11:23,542| HBQ-In: 23.10 18:11:23,545| DQ-In: 23.10 18:11:23,546| C-In: 23.10 18:11:24,348|
lab29-56-<0.1439.0>-T3: Msg #1421, C-Out: 23.10 18:11:23,546| HBQ-In: 23.10 18:11:23,546| DQ-In: 23.10 18:11:23,546| C-In: 23.10 18:11:24,348|
lab29-51-<0.1789.0>-T3: Msg #1422, C-Out: 23.10 18:11:23,565| HBQ-In: 23.10 18:11:23,567| DQ-In: 23.10 18:11:23,567| C-In: 23.10 18:11:24,348|
1-client@lab23: 1423. Nachricht--Gruppe:1-Team:5-Sendezeit:18:11:22 HBQ-In: 23.10 18:11:22,570| DQ-In: 23.10 18:11:23,567| C-In: 23.10 18:11:24,349|
2-client@lab23: 1424. Nachricht--Gruppe:1-Team:5-Sendezeit:18:11:22 HBQ-In: 23.10 18:11:22,573| DQ-In: 23.10 18:11:23,567| C-In: 23.10 18:11:24,349|
4-client@lab23: 1425. Nachricht--Gruppe:1-Team:5-Sendezeit:18:11:22 HBQ-In: 23.10 18:11:22,576| DQ-In: 23.10 18:11:23,567| C-In: 23.10 18:11:24,350|
3-client@lab23: 1426. Nachricht--Gruppe:1-Team:5-Sendezeit:18:11:22 HBQ-In: 23.10 18:11:22,576| DQ-In: 23.10 18:11:23,567| C-In: 23.10 18:11:24,350|
5-client@lab23: 1427. Nachricht--Gruppe:1-Team:5-Sendezeit:18:11:22 HBQ-In: 23.10 18:11:22,575| DQ-In: 23.10 18:11:23,567| C-In: 23.10 18:11:24,350|
1-client@lab23: 1428. Nachricht--Gruppe:1-Team:5-Sendezeit:18:11:22 HBQ-In: 23.10 18:11:22,576| DQ-In: 23.10 18:11:23,567| C-In: 23.10 18:11:24,351|
lab29-61-<0.1100.0>-T3: Msg #1429, C-Out: 23.10 18:11:23,572| HBQ-In: 23.10 18:11:23,572| DQ-In: 23.10 18:11:23,572| C-In: 23.10 18:11:24,351|
2-client@lab23: 1430. Nachricht--Gruppe:1-Team:5-Sendezeit:18:11:22 HBQ-In: 23.10 18:11:22,576| DQ-In: 23.10 18:11:23,572| C-In: 23.10 18:11:24,352|
5-client@lab23: 1431. Nachricht--Gruppe:1-Team:5-Sendezeit:18:11:22 HBQ-In: 23.10 18:11:22,577| DQ-In: 23.10 18:11:23,572| C-In: 23.10 18:11:24,354|
3-client@lab23: 1432. Nachricht--Gruppe:1-Team:5-Sendezeit:18:11:22 HBQ-In: 23.10 18:11:22,581| DQ-In: 23.10 18:11:23,572| C-In: 23.10 18:11:24,355|
1-client@lab23: 1433. Nachricht--Gruppe:1-Team:5-Sendezeit:18:11:22 HBQ-In: 23.10 18:11:22,581| DQ-In: 23.10 18:11:23,572| C-In: 23.10 18:11:24,357|
4-client@lab23: 1434. Nachricht--Gruppe:1-Team:5-Sendezeit:18:11:22 HBQ-In: 23.10 18:11:22,580| DQ-In: 23.10 18:11:23,572| C-In: 23.10 18:11:24,358|
2-client@lab23: 1435. Nachricht--Gruppe:1-Team:5-Sendezeit:18:11:22 HBQ-In: 23.10 18:11:22,581| DQ-In: 23.10 18:11:23,572| C-In: 23.10 18:11:24,360|
5-client@lab23: 1436. Nachricht--Gruppe:1-Team:5-Sendezeit:18:11:22 HBQ-In: 23.10 18:11:22,581| DQ-In: 23.10 18:11:23,572| C-In: 23.10 18:11:24,363|
4-client@lab23: 1437. Nachricht--Gruppe:1-Team:5-Sendezeit:18:11:22 HBQ-In: 23.10 18:11:22,583| DQ-In: 23.10 18:11:23,573| C-In: 23.10 18:11:24,363|
1-client@lab23: 1438. Nachricht--Gruppe:1-Team:5-Sendezeit:18:11:22 HBQ-In: 23.10 18:11:22,584| DQ-In: 23.10 18:11:23,573| C-In: 23.10 18:11:24,363|
2-client@lab23: 1439. Nachricht--Gruppe:1-Team:5-Sendezeit:18:11:22 HBQ-In: 23.10 18:11:22,584| DQ-In: 23.10 18:11:23,573| C-In: 23.10 18:11:24,364|
3-client@lab23: 1440. Nachricht--Gruppe:1-Team:5-Sendezeit:18:11:22 HBQ-In: 23.10 18:11:22,585| DQ-In: 23.10 18:11:23,573| C-In: 23.10 18:11:24,364|
5-client@lab23: 1441. Nachricht--Gruppe:1-Team:5-Sendezeit:18:11:22 HBQ-In: 23.10 18:11:22,584| DQ-In: 23.10 18:11:23,573| C-In: 23.10 18:11:24,364|
4-client@lab23: 1442. Nachricht--Gruppe:1-Team:5-Sendezeit:18:11:22 HBQ-In: 23.10 18:11:22,585| DQ-In: 23.10 18:11:23,573| C-In: 23.10 18:11:24,364|
Fehlernachricht fuer Luecke von 1443 bis 1445 C-In: 23.10 18:11:24,365|
3-client@lab23: 1446. Nachricht--Gruppe:1-Team:5-Sendezeit:18:11:22 HBQ-In: 23.10 18:11:22,586| DQ-In: 23.10 18:11:24,134| C-In: 23.10 18:11:24,365|
Fehlernachricht fuer Luecke von 1447 bis 1449 C-In: 23.10 18:11:24,366|
lab29-91-<0.103.0>-T3: Msg #1450, C-Out: 23.10 18:11:24,106| HBQ-In: 23.10 18:11:24,106| DQ-In: 23.10 18:11:24,136| C-In: 23.10 18:11:24,368|
lab29-71-<0.461.0>-T3: Msg #1451, C-Out: 23.10 18:11:23,615| HBQ-In: 23.10 18:11:23,615| DQ-In: 23.10 18:11:24,136| C-In: 23.10 18:11:24,368|
lab29-76-<0.194.0>-T3: Msg #1452, C-Out: 23.10 18:11:24,137| HBQ-In: 23.10 18:11:24,137| DQ-In: 23.10 18:11:24,137| C-In: 23.10 18:11:24,369|
Fehlernachricht fuer Luecke von 1453 bis 1455 C-In: 23.10 18:11:24,369|
lab29-70-<0.519.0>-T3: Msg #1456, C-Out: 23.10 18:11:23,721| HBQ-In: 23.10 18:11:23,721| DQ-In: 23.10 18:11:24,141| C-In: 23.10 18:11:24,369|
lab29-45-<0.2293.0>-T3: Msg #1457, C-Out: 23.10 18:11:23,721| HBQ-In: 23.10 18:11:23,721| DQ-In: 23.10 18:11:24,141| C-In: 23.10 18:11:24,370|
lab29-40-<0.2707.0>-T3: Msg #1458, C-Out: 23.10 18:11:23,725| HBQ-In: 23.10 18:11:23,725| DQ-In: 23.10 18:11:24,141| C-In: 23.10 18:11:24,370|
lab29-65-<0.819.0>-T3: Msg #1459, C-Out: 23.10 18:11:23,727| HBQ-In: 23.10 18:11:23,728| DQ-In: 23.10 18:11:24,141| C-In: 23.10 18:11:24,371|
lab29-35-<0.3134.0>-T3: Msg #1460, C-Out: 23.10 18:11:23,727| HBQ-In: 23.10 18:11:23,728| DQ-In: 23.10 18:11:24,141| C-In: 23.10 18:11:24,373|
lab29-30-<0.3559.0>-T3: Msg #1461, C-Out: 23.10 18:11:23,737| HBQ-In: 23.10 18:11:23,738| DQ-In: 23.10 18:11:24,141| C-In: 23.10 18:11:24,373|
lab29-25-<0.3973.0>-T3: Msg #1462, C-Out: 23.10 18:11:23,743| HBQ-In: 23.10 18:11:23,743| DQ-In: 23.10 18:11:24,141| C-In: 23.10 18:11:24,374|
lab29-60-<0.1170.0>-T3: Msg #1463, C-Out: 23.10 18:11:23,743| HBQ-In: 23.10 18:11:23,744| DQ-In: 23.10 18:11:24,141| C-In: 23.10 18:11:24,374|
lab29-55-<0.1513.0>-T3: Msg #1464, C-Out: 23.10 18:11:23,769| HBQ-In: 23.10 18:11:23,769| DQ-In: 23.10 18:11:24,141| C-In: 23.10 18:11:24,374|
Fehlernachricht fuer Luecke von 1465 bis 1465 C-In: 23.10 18:11:24,374|
lab29-50-<0.1864.0>-T3: Msg #1466, C-Out: 23.10 18:11:23,802| HBQ-In: 23.10 18:11:23,802| DQ-In: 23.10 18:11:24,340| C-In: 23.10 18:11:24,375|
lab29-90-<0.107.0>-T3: Msg #1467, C-Out: 23.10 18:11:24,308| HBQ-In: 23.10 18:11:24,308| DQ-In: 23.10 18:11:24,340| C-In: 23.10 18:11:24,375|
Fehlernachricht fuer Luecke von 1468 bis 1470 C-In: 23.10 18:11:24,375|
lab29-44-<0.2376.0>-T3: Msg #1471, C-Out: 23.10 18:11:23,919| HBQ-In: 23.10 18:11:23,919| DQ-In: 23.10 18:11:24,346| C-In: 23.10 18:11:24,376|
lab29-39-<0.2795.0>-T3: Msg #1472, C-Out: 23.10 18:11:23,931| HBQ-In: 23.10 18:11:23,932| DQ-In: 23.10 18:11:24,346| C-In: 23.10 18:11:24,376|
lab29-34-<0.3220.0>-T3: Msg #1473, C-Out: 23.10 18:11:23,931| HBQ-In: 23.10 18:11:23,932| DQ-In: 23.10 18:11:24,346| C-In: 23.10 18:11:24,376|
lab29-64-<0.899.0>-T3: Msg #1474, C-Out: 23.10 18:11:23,932| HBQ-In: 23.10 18:11:23,933| DQ-In: 23.10 18:11:24,346| C-In: 23.10 18:11:24,380|
ReceiveMsgs done
lab29-67-<0.708.0>-T3: Msg #1597, C-Out: 23.10 18:11:25,883| gesendet
lab29-67-<0.708.0>-T3: Msg #1731, C-Out: 23.10 18:11:27,384| gesendet
lab29-67-<0.708.0>-T3: Msg #1902, C-Out: 23.10 18:11:28,885| gesendet
lab29-67-<0.708.0>-T3: Msg #2046, C-Out: 23.10 18:11:30,389| gesendet
lab29-67-<0.708.0>-T3: Msg #2179, C-Out: 23.10 18:11:31,890| gesendet
Neues Intervall: 2.25 Sekunden
Msg #2334 um 23.10 18:11:31,891| vergessen zu senden
Fehlernachricht fuer Luecke von 2142 bis 2143 C-In: 23.10 18:11:31,894|
lab29-24-<0.4051.0>-T3: Msg #2144, C-Out: 23.10 18:11:30,977| HBQ-In: 23.10 18:11:30,977| DQ-In: 23.10 18:11:31,171| C-In: 23.10 18:11:31,900|
lab29-34-<0.3220.0>-T3: Msg #2145, C-Out: 23.10 18:11:30,983| HBQ-In: 23.10 18:11:30,983| DQ-In: 23.10 18:11:31,171| C-In: 23.10 18:11:31,901|
Fehlernachricht fuer Luecke von 2146 bis 2147 C-In: 23.10 18:11:31,901|
lab29-29-<0.3641.0>-T3: Msg #2148, C-Out: 23.10 18:11:30,997| HBQ-In: 23.10 18:11:30,998| DQ-In: 23.10 18:11:31,192| C-In: 23.10 18:11:31,902|
lab29-19-<0.4442.0>-T3: Msg #2149, C-Out: 23.10 18:11:31,017| HBQ-In: 23.10 18:11:31,018| DQ-In: 23.10 18:11:31,192| C-In: 23.10 18:11:31,902|
lab29-14-<0.4846.0>-T3: Msg #2150, C-Out: 23.10 18:11:31,017| HBQ-In: 23.10 18:11:31,017| DQ-In: 23.10 18:11:31,192| C-In: 23.10 18:11:31,903|
Fehlernachricht fuer Luecke von 2151 bis 2158 C-In: 23.10 18:11:31,903|
lab29-8-<0.5273.0>-T3: Msg #2159, C-Out: 23.10 18:11:31,170| HBQ-In: 23.10 18:11:31,171| DQ-In: 23.10 18:11:31,212| C-In: 23.10 18:11:31,903|
Fehlernachricht fuer Luecke von 2160 bis 2160 C-In: 23.10 18:11:31,904|
lab29-3-<0.5663.0>-T3: Msg #2161, C-Out: 23.10 18:11:31,170| HBQ-In: 23.10 18:11:31,171| DQ-In: 23.10 18:11:31,253| C-In: 23.10 18:11:31,904|
lab29-33-<0.3306.0>-T3: Msg #2162, C-Out: 23.10 18:11:31,192| HBQ-In: 23.10 18:11:31,192| DQ-In: 23.10 18:11:31,253| C-In: 23.10 18:11:31,904|
lab29-23-<0.4130.0>-T3: Msg #2163, C-Out: 23.10 18:11:31,192| HBQ-In: 23.10 18:11:31,192| DQ-In: 23.10 18:11:31,253| C-In: 23.10 18:11:31,905|
Fehlernachricht fuer Luecke von 2164 bis 2164 C-In: 23.10 18:11:31,905|
lab29-28-<0.3729.0>-T3: Msg #2165, C-Out: 23.10 18:11:31,203| HBQ-In: 23.10 18:11:31,203| DQ-In: 23.10 18:11:31,382| C-In: 23.10 18:11:31,907|
lab29-18-<0.4519.0>-T3: Msg #2166, C-Out: 23.10 18:11:31,212| HBQ-In: 23.10 18:11:31,212| DQ-In: 23.10 18:11:31,382| C-In: 23.10 18:11:31,908|
Fehlernachricht fuer Luecke von 2167 bis 2169 C-In: 23.10 18:11:31,910|
lab29-13-<0.4921.0>-T3: Msg #2170, C-Out: 23.10 18:11:31,253| HBQ-In: 23.10 18:11:31,253| DQ-In: 23.10 18:11:31,411| C-In: 23.10 18:11:31,910|
Fehlernachricht fuer Luecke von 2171 bis 2174 C-In: 23.10 18:11:31,911|
lab29-7-<0.5358.0>-T3: Msg #2175, C-Out: 23.10 18:11:31,368| HBQ-In: 23.10 18:11:31,368| DQ-In: 23.10 18:11:31,432| C-In: 23.10 18:11:31,912|
lab29-2-<0.5741.0>-T3: Msg #2176, C-Out: 23.10 18:11:31,377| HBQ-In: 23.10 18:11:31,378| DQ-In: 23.10 18:11:31,432| C-In: 23.10 18:11:31,913|
Fehlernachricht fuer Luecke von 2177 bis 2177 C-In: 23.10 18:11:31,913|
lab29-32-<0.3394.0>-T3: Msg #2178, C-Out: 23.10 18:11:31,382| HBQ-In: 23.10 18:11:31,382| DQ-In: 23.10 18:11:31,572| C-In: 23.10 18:11:31,913|
Fehlernachricht fuer Luecke von 2179 bis 2180 C-In: 23.10 18:11:31,914|
lab29-27-<0.3815.0>-T3: Msg #2181, C-Out: 23.10 18:11:31,404| HBQ-In: 23.10 18:11:31,404| DQ-In: 23.10 18:11:31,582| C-In: 23.10 18:11:31,914|
Fehlernachricht fuer Luecke von 2182 bis 2182 C-In: 23.10 18:11:31,916|
lab29-22-<0.4210.0>-T3: Msg #2183, C-Out: 23.10 18:11:31,410| HBQ-In: 23.10 18:11:31,411| DQ-In: 23.10 18:11:31,587| C-In: 23.10 18:11:31,916|
lab29-17-<0.4601.0>-T3: Msg #2184, C-Out: 23.10 18:11:31,432| HBQ-In: 23.10 18:11:31,432| DQ-In: 23.10 18:11:31,587| C-In: 23.10 18:11:31,917|
lab29-12-<0.4991.0>-T3: Msg #2185, C-Out: 23.10 18:11:31,432| HBQ-In: 23.10 18:11:31,432| DQ-In: 23.10 18:11:31,587| C-In: 23.10 18:11:31,918|
Fehlernachricht fuer Luecke von 2186 bis 2195 C-In: 23.10 18:11:31,919|
lab29-6-<0.5440.0>-T3: Msg #2196, C-Out: 23.10 18:11:31,572| HBQ-In: 23.10 18:11:31,572| DQ-In: 23.10 18:11:31,619| C-In: 23.10 18:11:31,923|
lab29-1-<0.5818.0>-T3: Msg #2197, C-Out: 23.10 18:11:31,582| HBQ-In: 23.10 18:11:31,582| DQ-In: 23.10 18:11:31,619| C-In: 23.10 18:11:31,923|
lab29-31-<0.3480.0>-T3: Msg #2198, C-Out: 23.10 18:11:31,587| HBQ-In: 23.10 18:11:31,587| DQ-In: 23.10 18:11:31,619| C-In: 23.10 18:11:31,925|
Fehlernachricht fuer Luecke von 2199 bis 2199 C-In: 23.10 18:11:31,926|
lab29-26-<0.3898.0>-T3: Msg #2200, C-Out: 23.10 18:11:31,598| HBQ-In: 23.10 18:11:31,598| DQ-In: 23.10 18:11:31,805| C-In: 23.10 18:11:31,926|
Fehlernachricht fuer Luecke von 2201 bis 2201 C-In: 23.10 18:11:31,926|
lab29-11-<0.5067.0>-T3: Msg #2202, C-Out: 23.10 18:11:31,618| HBQ-In: 23.10 18:11:31,619| DQ-In: 23.10 18:11:31,806| C-In: 23.10 18:11:31,927|
lab29-21-<0.4291.0>-T3: Msg #2203, C-Out: 23.10 18:11:31,618| HBQ-In: 23.10 18:11:31,618| DQ-In: 23.10 18:11:31,806| C-In: 23.10 18:11:31,927|
Fehlernachricht fuer Luecke von 2204 bis 2204 C-In: 23.10 18:11:31,928|
lab29-16-<0.4681.0>-T3: Msg #2205, C-Out: 23.10 18:11:31,628| HBQ-In: 23.10 18:11:31,628| DQ-In: 23.10 18:11:31,812| C-In: 23.10 18:11:31,928|
Fehlernachricht fuer Luecke von 2206 bis 2208 C-In: 23.10 18:11:31,928|
5-client@lab23: 2209. Nachricht--Gruppe:1-Team:5-Sendezeit:18:11:30 HBQ-In: 23.10 18:11:30,696| DQ-In: 23.10 18:11:31,829| C-In: 23.10 18:11:31,929|
2-client@lab23: 2210. Nachricht--Gruppe:1-Team:5-Sendezeit:18:11:30 HBQ-In: 23.10 18:11:30,696| DQ-In: 23.10 18:11:31,829| C-In: 23.10 18:11:31,931|
4-client@lab23: 2211. Nachricht--Gruppe:1-Team:5-Sendezeit:18:11:30 HBQ-In: 23.10 18:11:30,696| DQ-In: 23.10 18:11:31,830| C-In: 23.10 18:11:31,931|
1-client@lab23: 2212. Nachricht--Gruppe:1-Team:5-Sendezeit:18:11:30 HBQ-In: 23.10 18:11:30,696| DQ-In: 23.10 18:11:31,830| C-In: 23.10 18:11:31,931|
4-client@lab23: 2213. Nachricht--Gruppe:1-Team:5-Sendezeit:18:11:30 HBQ-In: 23.10 18:11:30,702| DQ-In: 23.10 18:11:31,830| C-In: 23.10 18:11:31,933|
5-client@lab23: 2214. Nachricht--Gruppe:1-Team:5-Sendezeit:18:11:30 HBQ-In: 23.10 18:11:30,702| DQ-In: 23.10 18:11:31,830| C-In: 23.10 18:11:31,933|
2-client@lab23: 2215. Nachricht--Gruppe:1-Team:5-Sendezeit:18:11:30 HBQ-In: 23.10 18:11:30,702| DQ-In: 23.10 18:11:31,830| C-In: 23.10 18:11:31,934|
3-client@lab23: 2216. Nachricht--Gruppe:1-Team:5-Sendezeit:18:11:30 HBQ-In: 23.10 18:11:30,702| DQ-In: 23.10 18:11:31,830| C-In: 23.10 18:11:31,936|
1-client@lab23: 2217. Nachricht--Gruppe:1-Team:5-Sendezeit:18:11:30 HBQ-In: 23.10 18:11:30,702| DQ-In: 23.10 18:11:31,830| C-In: 23.10 18:11:31,936|
ReceiveMsgs done
lab29-67-<0.708.0>-T3: Msg #2335, C-Out: 23.10 18:11:34,188| gesendet
lab29-67-<0.708.0>-T3: Msg #2514, C-Out: 23.10 18:11:36,442| gesendet
lab29-67-<0.708.0>-T3: Msg #2696, C-Out: 23.10 18:11:38,693| gesendet
