lab29-33-<0.3306.0>-T3 C-Start: 23.10 18:11:21,127|
lab29-33-<0.3306.0>-T3: Msg #1313, C-Out: 23.10 18:11:22,128| gesendet
lab29-33-<0.3306.0>-T3: Msg #1386, C-Out: 23.10 18:11:23,131| gesendet
lab29-33-<0.3306.0>-T3: Msg #1488, C-Out: 23.10 18:11:24,132| gesendet
lab29-33-<0.3306.0>-T3: Msg #1569, C-Out: 23.10 18:11:25,135| gesendet
lab29-33-<0.3306.0>-T3: Msg #1658, C-Out: 23.10 18:11:26,136| gesendet
Neues Intervall: 1 Sekunden
Msg #1753 um 23.10 18:11:26,138| vergessen zu senden
lab29-49-<0.1950.0>-T3: Msg #1562, C-Out: 23.10 18:11:24,960| HBQ-In: 23.10 18:11:24,960| DQ-In: 23.10 18:11:25,447| C-In: 23.10 18:11:26,141|
lab29-44-<0.2376.0>-T3: Msg #1563, C-Out: 23.10 18:11:24,963| HBQ-In: 23.10 18:11:24,963| DQ-In: 23.10 18:11:25,448| C-In: 23.10 18:11:26,143|
lab29-54-<0.1586.0>-T3: Msg #1564, C-Out: 23.10 18:11:24,966| HBQ-In: 23.10 18:11:24,966| DQ-In: 23.10 18:11:25,448| C-In: 23.10 18:11:26,145|
lab29-69-<0.583.0>-T3: Msg #1565, C-Out: 23.10 18:11:25,478| HBQ-In: 23.10 18:11:25,478| DQ-In: 23.10 18:11:25,478| C-In: 23.10 18:11:26,146|
lab29-99-<0.49.0>-T3: Msg #1566, C-Out: 23.10 18:11:25,486| HBQ-In: 23.10 18:11:25,487| DQ-In: 23.10 18:11:25,487| C-In: 23.10 18:11:26,146|
Fehlernachricht fuer Luecke von 1567 bis 1568 C-In: 23.10 18:11:26,147|
lab29-33-<0.3306.0>-T3: Msg #1569, C-Out: 23.10 18:11:25,135| HBQ-In: 23.10 18:11:25,135| DQ-In: 23.10 18:11:25,550|******* C-In: 23.10 18:11:26,147|
lab29-38-<0.2880.0>-T3: Msg #1570, C-Out: 23.10 18:11:25,135| HBQ-In: 23.10 18:11:25,135| DQ-In: 23.10 18:11:25,550| C-In: 23.10 18:11:26,147|
lab29-28-<0.3729.0>-T3: Msg #1571, C-Out: 23.10 18:11:25,138| HBQ-In: 23.10 18:11:25,138| DQ-In: 23.10 18:11:25,550| C-In: 23.10 18:11:26,148|
Fehlernachricht fuer Luecke von 1572 bis 1573 C-In: 23.10 18:11:26,148|
lab29-23-<0.4130.0>-T3: Msg #1574, C-Out: 23.10 18:11:25,144| HBQ-In: 23.10 18:11:25,144| DQ-In: 23.10 18:11:25,576| C-In: 23.10 18:11:26,148|
lab29-18-<0.4519.0>-T3: Msg #1575, C-Out: 23.10 18:11:25,149| HBQ-In: 23.10 18:11:25,149| DQ-In: 23.10 18:11:25,576| C-In: 23.10 18:11:26,149|
lab29-53-<0.1650.0>-T3: Msg #1576, C-Out: 23.10 18:11:25,149| HBQ-In: 23.10 18:11:25,149| DQ-In: 23.10 18:11:25,576| C-In: 23.10 18:11:26,149|
lab29-63-<0.983.0>-T3: Msg #1577, C-Out: 23.10 18:11:25,155| HBQ-In: 23.10 18:11:25,158| DQ-In: 23.10 18:11:25,576| C-In: 23.10 18:11:26,149|
lab29-58-<0.1296.0>-T3: Msg #1578, C-Out: 23.10 18:11:25,156| HBQ-In: 23.10 18:11:25,158| DQ-In: 23.10 18:11:25,576| C-In: 23.10 18:11:26,149|
lab29-48-<0.2035.0>-T3: Msg #1579, C-Out: 23.10 18:11:25,158| HBQ-In: 23.10 18:11:25,158| DQ-In: 23.10 18:11:25,576| C-In: 23.10 18:11:26,150|
lab29-83-<0.147.0>-T3: Msg #1580, C-Out: 23.10 18:11:25,659| HBQ-In: 23.10 18:11:25,660| DQ-In: 23.10 18:11:25,660| C-In: 23.10 18:11:26,150|
lab29-43-<0.2458.0>-T3: Msg #1581, C-Out: 23.10 18:11:25,175| HBQ-In: 23.10 18:11:25,175| DQ-In: 23.10 18:11:25,660| C-In: 23.10 18:11:26,152|
lab29-68-<0.633.0>-T3: Msg #1582, C-Out: 23.10 18:11:25,731| HBQ-In: 23.10 18:11:25,731| DQ-In: 23.10 18:11:25,731| C-In: 23.10 18:11:26,153|
lab29-98-<0.78.0>-T3: Msg #1583, C-Out: 23.10 18:11:25,731| HBQ-In: 23.10 18:11:25,731| DQ-In: 23.10 18:11:25,731| C-In: 23.10 18:11:26,155|
Fehlernachricht fuer Luecke von 1584 bis 1584 C-In: 23.10 18:11:26,157|
lab29-32-<0.3394.0>-T3: Msg #1585, C-Out: 23.10 18:11:25,332| HBQ-In: 23.10 18:11:25,332| DQ-In: 23.10 18:11:25,750| C-In: 23.10 18:11:26,158|
lab29-37-<0.2967.0>-T3: Msg #1586, C-Out: 23.10 18:11:25,332| HBQ-In: 23.10 18:11:25,332| DQ-In: 23.10 18:11:25,750| C-In: 23.10 18:11:26,160|
Fehlernachricht fuer Luecke von 1587 bis 1587 C-In: 23.10 18:11:26,160|
lab29-27-<0.3815.0>-T3: Msg #1588, C-Out: 23.10 18:11:25,341| HBQ-In: 23.10 18:11:25,342| DQ-In: 23.10 18:11:25,769| C-In: 23.10 18:11:26,161|
lab29-22-<0.4210.0>-T3: Msg #1589, C-Out: 23.10 18:11:25,343| HBQ-In: 23.10 18:11:25,343| DQ-In: 23.10 18:11:25,769| C-In: 23.10 18:11:26,161|
lab29-17-<0.4601.0>-T3: Msg #1590, C-Out: 23.10 18:11:25,347| HBQ-In: 23.10 18:11:25,347| DQ-In: 23.10 18:11:25,769| C-In: 23.10 18:11:26,161|
Fehlernachricht fuer Luecke von 1591 bis 1591 C-In: 23.10 18:11:26,161|
lab29-62-<0.1043.0>-T3: Msg #1592, C-Out: 23.10 18:11:25,360| HBQ-In: 23.10 18:11:25,360| DQ-In: 23.10 18:11:25,867| C-In: 23.10 18:11:26,162|
lab29-75-<0.200.0>-T3: Msg #1593, C-Out: 23.10 18:11:25,866| HBQ-In: 23.10 18:11:25,867| DQ-In: 23.10 18:11:25,867| C-In: 23.10 18:11:26,162|
lab29-47-<0.2127.0>-T3: Msg #1594, C-Out: 23.10 18:11:25,369| HBQ-In: 23.10 18:11:25,377| DQ-In: 23.10 18:11:25,867| C-In: 23.10 18:11:26,162|
lab29-42-<0.2545.0>-T3: Msg #1595, C-Out: 23.10 18:11:25,376| HBQ-In: 23.10 18:11:25,377| DQ-In: 23.10 18:11:25,867| C-In: 23.10 18:11:26,163|
lab29-52-<0.1713.0>-T3: Msg #1596, C-Out: 23.10 18:11:25,383| HBQ-In: 23.10 18:11:25,383| DQ-In: 23.10 18:11:25,867| C-In: 23.10 18:11:26,165|
lab29-67-<0.708.0>-T3: Msg #1597, C-Out: 23.10 18:11:25,883| HBQ-In: 23.10 18:11:25,883| DQ-In: 23.10 18:11:25,883| C-In: 23.10 18:11:26,167|
lab29-57-<0.1365.0>-T3: Msg #1598, C-Out: 23.10 18:11:25,384| HBQ-In: 23.10 18:11:25,384| DQ-In: 23.10 18:11:25,883| C-In: 23.10 18:11:26,167|
lab29-82-<0.153.0>-T3: Msg #1599, C-Out: 23.10 18:11:25,885| HBQ-In: 23.10 18:11:25,886| DQ-In: 23.10 18:11:25,886| C-In: 23.10 18:11:26,168|
lab29-89-<0.113.0>-T3: Msg #1600, C-Out: 23.10 18:11:25,937| HBQ-In: 23.10 18:11:25,937| DQ-In: 23.10 18:11:25,937| C-In: 23.10 18:11:26,168|
Fehlernachricht fuer Luecke von 1601 bis 1602 C-In: 23.10 18:11:26,169|
lab29-36-<0.3048.0>-T3: Msg #1603, C-Out: 23.10 18:11:25,533| HBQ-In: 23.10 18:11:25,533| DQ-In: 23.10 18:11:25,950| C-In: 23.10 18:11:26,169|
Fehlernachricht fuer Luecke von 1604 bis 1604 C-In: 23.10 18:11:26,169|
lab29-31-<0.3480.0>-T3: Msg #1605, C-Out: 23.10 18:11:25,533| HBQ-In: 23.10 18:11:25,533| DQ-In: 23.10 18:11:25,961| C-In: 23.10 18:11:26,170|
lab29-26-<0.3898.0>-T3: Msg #1606, C-Out: 23.10 18:11:25,543| HBQ-In: 23.10 18:11:25,543| DQ-In: 23.10 18:11:25,961| C-In: 23.10 18:11:26,170|
lab29-56-<0.1439.0>-T3: Msg #1607, C-Out: 23.10 18:11:25,550| HBQ-In: 23.10 18:11:25,550| DQ-In: 23.10 18:11:25,961| C-In: 23.10 18:11:26,170|
lab29-21-<0.4291.0>-T3: Msg #1608, C-Out: 23.10 18:11:25,550| HBQ-In: 23.10 18:11:25,550| DQ-In: 23.10 18:11:25,961| C-In: 23.10 18:11:26,171|
Fehlernachricht fuer Luecke von 1609 bis 1609 C-In: 23.10 18:11:26,171|
lab29-16-<0.4681.0>-T3: Msg #1610, C-Out: 23.10 18:11:25,550| HBQ-In: 23.10 18:11:25,550| DQ-In: 23.10 18:11:26,052| C-In: 23.10 18:11:26,171|
lab29-81-<0.159.0>-T3: Msg #1611, C-Out: 23.10 18:11:26,050| HBQ-In: 23.10 18:11:26,051| DQ-In: 23.10 18:11:26,052| C-In: 23.10 18:11:26,172|
lab29-46-<0.2213.0>-T3: Msg #1612, C-Out: 23.10 18:11:25,552| HBQ-In: 23.10 18:11:25,554| DQ-In: 23.10 18:11:26,052| C-In: 23.10 18:11:26,172|
lab29-51-<0.1789.0>-T3: Msg #1613, C-Out: 23.10 18:11:25,572| HBQ-In: 23.10 18:11:25,573| DQ-In: 23.10 18:11:26,052| C-In: 23.10 18:11:26,174|
lab29-61-<0.1100.0>-T3: Msg #1614, C-Out: 23.10 18:11:25,576| HBQ-In: 23.10 18:11:25,576| DQ-In: 23.10 18:11:26,052| C-In: 23.10 18:11:26,175|
Fehlernachricht fuer Luecke von 1615 bis 1619 C-In: 23.10 18:11:26,175|
lab29-41-<0.2632.0>-T3: Msg #1620, C-Out: 23.10 18:11:25,594| HBQ-In: 23.10 18:11:25,596| DQ-In: 23.10 18:11:26,146| C-In: 23.10 18:11:26,175|
lab29-66-<0.743.0>-T3: Msg #1621, C-Out: 23.10 18:11:26,097| HBQ-In: 23.10 18:11:26,098| DQ-In: 23.10 18:11:26,146| C-In: 23.10 18:11:26,176|
lab29-96-<0.84.0>-T3: Msg #1622, C-Out: 23.10 18:11:26,136| HBQ-In: 23.10 18:11:26,138| DQ-In: 23.10 18:11:26,146| C-In: 23.10 18:11:26,176|
Fehlernachricht fuer Luecke von 1623 bis 1626 C-In: 23.10 18:11:26,176|
lab29-35-<0.3134.0>-T3: Msg #1627, C-Out: 23.10 18:11:25,731| HBQ-In: 23.10 18:11:25,731| DQ-In: 23.10 18:11:26,152| C-In: 23.10 18:11:26,177|
lab29-30-<0.3559.0>-T3: Msg #1628, C-Out: 23.10 18:11:25,742| HBQ-In: 23.10 18:11:25,742| DQ-In: 23.10 18:11:26,152| C-In: 23.10 18:11:26,177|
lab29-60-<0.1170.0>-T3: Msg #1629, C-Out: 23.10 18:11:25,747| HBQ-In: 23.10 18:11:25,747| DQ-In: 23.10 18:11:26,152| C-In: 23.10 18:11:26,178|
lab29-25-<0.3973.0>-T3: Msg #1630, C-Out: 23.10 18:11:25,747| HBQ-In: 23.10 18:11:25,747| DQ-In: 23.10 18:11:26,152| C-In: 23.10 18:11:26,178|
lab29-20-<0.4365.0>-T3: Msg #1631, C-Out: 23.10 18:11:25,747| HBQ-In: 23.10 18:11:25,747| DQ-In: 23.10 18:11:26,152| C-In: 23.10 18:11:26,178|
lab29-15-<0.4762.0>-T3: Msg #1632, C-Out: 23.10 18:11:25,750| HBQ-In: 23.10 18:11:25,750| DQ-In: 23.10 18:11:26,152| C-In: 23.10 18:11:26,179|
lab29-40-<0.2707.0>-T3: Msg #1633, C-Out: 23.10 18:11:25,760| HBQ-In: 23.10 18:11:25,761| DQ-In: 23.10 18:11:26,152| C-In: 23.10 18:11:26,179|
ReceiveMsgs done
lab29-33-<0.3306.0>-T3: Msg #1767, C-Out: 23.10 18:11:27,180| gesendet
lab29-33-<0.3306.0>-T3: Msg #1885, C-Out: 23.10 18:11:28,181| gesendet
lab29-33-<0.3306.0>-T3: Msg #1977, C-Out: 23.10 18:11:29,182| gesendet
lab29-33-<0.3306.0>-T3: Msg #2074, C-Out: 23.10 18:11:30,183| gesendet
lab29-33-<0.3306.0>-T3: Msg #2162, C-Out: 23.10 18:11:31,192| gesendet
Neues Intervall: 1.5 Sekunden
Msg #2274 um 23.10 18:11:31,192| vergessen zu senden
lab29-3-<0.5663.0>-T3: Msg #2072, C-Out: 23.10 18:11:30,167| HBQ-In: 23.10 18:11:30,169| DQ-In: 23.10 18:11:30,695| C-In: 23.10 18:11:31,196|
lab29-38-<0.2880.0>-T3: Msg #2073, C-Out: 23.10 18:11:30,167| HBQ-In: 23.10 18:11:30,167| DQ-In: 23.10 18:11:30,695| C-In: 23.10 18:11:31,197|
lab29-33-<0.3306.0>-T3: Msg #2074, C-Out: 23.10 18:11:30,183| HBQ-In: 23.10 18:11:30,191| DQ-In: 23.10 18:11:30,695|******* C-In: 23.10 18:11:31,197|
Fehlernachricht fuer Luecke von 2075 bis 2075 C-In: 23.10 18:11:31,198|
lab29-23-<0.4130.0>-T3: Msg #2076, C-Out: 23.10 18:11:30,187| HBQ-In: 23.10 18:11:30,191| DQ-In: 23.10 18:11:30,702| C-In: 23.10 18:11:31,198|
lab29-58-<0.1296.0>-T3: Msg #2077, C-Out: 23.10 18:11:30,695| HBQ-In: 23.10 18:11:30,695| DQ-In: 23.10 18:11:30,702| C-In: 23.10 18:11:31,199|
lab29-28-<0.3729.0>-T3: Msg #2078, C-Out: 23.10 18:11:30,201| HBQ-In: 23.10 18:11:30,202| DQ-In: 23.10 18:11:30,702| C-In: 23.10 18:11:31,199|
lab29-18-<0.4519.0>-T3: Msg #2079, C-Out: 23.10 18:11:30,209| HBQ-In: 23.10 18:11:30,210| DQ-In: 23.10 18:11:30,702| C-In: 23.10 18:11:31,201|
Fehlernachricht fuer Luecke von 2080 bis 2084 C-In: 23.10 18:11:31,201|
lab29-12-<0.4991.0>-T3: Msg #2085, C-Out: 23.10 18:11:30,359| HBQ-In: 23.10 18:11:30,360| DQ-In: 23.10 18:11:30,704| C-In: 23.10 18:11:31,203|
lab29-7-<0.5358.0>-T3: Msg #2086, C-Out: 23.10 18:11:30,367| HBQ-In: 23.10 18:11:30,367| DQ-In: 23.10 18:11:30,704| C-In: 23.10 18:11:31,204|
lab29-2-<0.5741.0>-T3: Msg #2087, C-Out: 23.10 18:11:30,376| HBQ-In: 23.10 18:11:30,376| DQ-In: 23.10 18:11:30,704| C-In: 23.10 18:11:31,204|
Fehlernachricht fuer Luecke von 2088 bis 2088 C-In: 23.10 18:11:31,206|
lab29-32-<0.3394.0>-T3: Msg #2089, C-Out: 23.10 18:11:30,379| HBQ-In: 23.10 18:11:30,381| DQ-In: 23.10 18:11:30,706| C-In: 23.10 18:11:31,210|
Fehlernachricht fuer Luecke von 2090 bis 2092 C-In: 23.10 18:11:31,212|
lab29-37-<0.2967.0>-T3: Msg #2093, C-Out: 23.10 18:11:30,398| HBQ-In: 23.10 18:11:30,398| DQ-In: 23.10 18:11:30,707| C-In: 23.10 18:11:31,213|
Fehlernachricht fuer Luecke von 2094 bis 2094 C-In: 23.10 18:11:31,220|
lab29-27-<0.3815.0>-T3: Msg #2095, C-Out: 23.10 18:11:30,403| HBQ-In: 23.10 18:11:30,403| DQ-In: 23.10 18:11:30,710| C-In: 23.10 18:11:31,222|
lab29-22-<0.4210.0>-T3: Msg #2096, C-Out: 23.10 18:11:30,405| HBQ-In: 23.10 18:11:30,406| DQ-In: 23.10 18:11:30,710| C-In: 23.10 18:11:31,222|
lab29-17-<0.4601.0>-T3: Msg #2097, C-Out: 23.10 18:11:30,430| HBQ-In: 23.10 18:11:30,430| DQ-In: 23.10 18:11:30,710| C-In: 23.10 18:11:31,225|
Fehlernachricht fuer Luecke von 2098 bis 2104 C-In: 23.10 18:11:31,225|
lab29-11-<0.5067.0>-T3: Msg #2105, C-Out: 23.10 18:11:30,561| HBQ-In: 23.10 18:11:30,566| DQ-In: 23.10 18:11:30,711| C-In: 23.10 18:11:31,225|
lab29-6-<0.5440.0>-T3: Msg #2106, C-Out: 23.10 18:11:30,571| HBQ-In: 23.10 18:11:30,571| DQ-In: 23.10 18:11:30,711| C-In: 23.10 18:11:31,227|
lab29-1-<0.5818.0>-T3: Msg #2107, C-Out: 23.10 18:11:30,576| HBQ-In: 23.10 18:11:30,576| DQ-In: 23.10 18:11:30,711| C-In: 23.10 18:11:31,228|
lab29-31-<0.3480.0>-T3: Msg #2108, C-Out: 23.10 18:11:30,581| HBQ-In: 23.10 18:11:30,586| DQ-In: 23.10 18:11:30,711| C-In: 23.10 18:11:31,228|
lab29-36-<0.3048.0>-T3: Msg #2109, C-Out: 23.10 18:11:30,585| HBQ-In: 23.10 18:11:30,586| DQ-In: 23.10 18:11:30,711| C-In: 23.10 18:11:31,228|
lab29-26-<0.3898.0>-T3: Msg #2110, C-Out: 23.10 18:11:30,596| HBQ-In: 23.10 18:11:30,597| DQ-In: 23.10 18:11:30,711| C-In: 23.10 18:11:31,229|
Fehlernachricht fuer Luecke von 2111 bis 2112 C-In: 23.10 18:11:31,229|
lab29-21-<0.4291.0>-T3: Msg #2113, C-Out: 23.10 18:11:30,617| HBQ-In: 23.10 18:11:30,617| DQ-In: 23.10 18:11:30,804| C-In: 23.10 18:11:31,230|
lab29-16-<0.4681.0>-T3: Msg #2114, C-Out: 23.10 18:11:30,626| HBQ-In: 23.10 18:11:30,626| DQ-In: 23.10 18:11:30,804| C-In: 23.10 18:11:31,233|
Fehlernachricht fuer Luecke von 2115 bis 2122 C-In: 23.10 18:11:31,237|
lab29-35-<0.3134.0>-T3: Msg #2123, C-Out: 23.10 18:11:30,759| HBQ-In: 23.10 18:11:30,760| DQ-In: 23.10 18:11:30,806| C-In: 23.10 18:11:31,239|
Fehlernachricht fuer Luecke von 2124 bis 2124 C-In: 23.10 18:11:31,242|
lab29-10-<0.5112.0>-T3: Msg #2125, C-Out: 23.10 18:11:30,761| HBQ-In: 23.10 18:11:30,763| DQ-In: 23.10 18:11:30,811| C-In: 23.10 18:11:31,242|
lab29-5-<0.5513.0>-T3: Msg #2126, C-Out: 23.10 18:11:30,776| HBQ-In: 23.10 18:11:30,778| DQ-In: 23.10 18:11:30,811| C-In: 23.10 18:11:31,242|
Fehlernachricht fuer Luecke von 2127 bis 2128 C-In: 23.10 18:11:31,243|
lab29-25-<0.3973.0>-T3: Msg #2129, C-Out: 23.10 18:11:30,804| HBQ-In: 23.10 18:11:30,804| DQ-In: 23.10 18:11:30,969| C-In: 23.10 18:11:31,243|
lab29-15-<0.4762.0>-T3: Msg #2130, C-Out: 23.10 18:11:30,805| HBQ-In: 23.10 18:11:30,805| DQ-In: 23.10 18:11:30,969| C-In: 23.10 18:11:31,243|
lab29-20-<0.4365.0>-T3: Msg #2131, C-Out: 23.10 18:11:30,806| HBQ-In: 23.10 18:11:30,806| DQ-In: 23.10 18:11:30,969| C-In: 23.10 18:11:31,243|
lab29-30-<0.3559.0>-T3: Msg #2132, C-Out: 23.10 18:11:30,811| HBQ-In: 23.10 18:11:30,811| DQ-In: 23.10 18:11:30,969| C-In: 23.10 18:11:31,244|
Fehlernachricht fuer Luecke von 2133 bis 2139 C-In: 23.10 18:11:31,244|
lab29-9-<0.5191.0>-T3: Msg #2140, C-Out: 23.10 18:11:30,964| HBQ-In: 23.10 18:11:30,964| DQ-In: 23.10 18:11:31,017| C-In: 23.10 18:11:31,247|
lab29-4-<0.5587.0>-T3: Msg #2141, C-Out: 23.10 18:11:30,969| HBQ-In: 23.10 18:11:30,969| DQ-In: 23.10 18:11:31,017| C-In: 23.10 18:11:31,248|
Fehlernachricht fuer Luecke von 2142 bis 2143 C-In: 23.10 18:11:31,248|
lab29-24-<0.4051.0>-T3: Msg #2144, C-Out: 23.10 18:11:30,977| HBQ-In: 23.10 18:11:30,977| DQ-In: 23.10 18:11:31,171| C-In: 23.10 18:11:31,249|
lab29-34-<0.3220.0>-T3: Msg #2145, C-Out: 23.10 18:11:30,983| HBQ-In: 23.10 18:11:30,983| DQ-In: 23.10 18:11:31,171| C-In: 23.10 18:11:31,249|
Fehlernachricht fuer Luecke von 2146 bis 2147 C-In: 23.10 18:11:31,249|
lab29-29-<0.3641.0>-T3: Msg #2148, C-Out: 23.10 18:11:30,997| HBQ-In: 23.10 18:11:30,998| DQ-In: 23.10 18:11:31,192| C-In: 23.10 18:11:31,250|
lab29-19-<0.4442.0>-T3: Msg #2149, C-Out: 23.10 18:11:31,017| HBQ-In: 23.10 18:11:31,018| DQ-In: 23.10 18:11:31,192| C-In: 23.10 18:11:31,250|
lab29-14-<0.4846.0>-T3: Msg #2150, C-Out: 23.10 18:11:31,017| HBQ-In: 23.10 18:11:31,017| DQ-In: 23.10 18:11:31,192| C-In: 23.10 18:11:31,250|
Fehlernachricht fuer Luecke von 2151 bis 2158 C-In: 23.10 18:11:31,251|
lab29-8-<0.5273.0>-T3: Msg #2159, C-Out: 23.10 18:11:31,170| HBQ-In: 23.10 18:11:31,171| DQ-In: 23.10 18:11:31,212| C-In: 23.10 18:11:31,251|
ReceiveMsgs done
lab29-33-<0.3306.0>-T3: Msg #2282, C-Out: 23.10 18:11:32,753| gesendet
lab29-33-<0.3306.0>-T3: Msg #2409, C-Out: 23.10 18:11:34,254| gesendet
lab29-33-<0.3306.0>-T3: Msg #2521, C-Out: 23.10 18:11:35,756| gesendet
lab29-33-<0.3306.0>-T3: Msg #2652, C-Out: 23.10 18:11:37,259| gesendet
lab29-33-<0.3306.0>-T3: Msg #2757, C-Out: 23.10 18:11:38,767| gesendet
Neues Intervall: 2.25 Sekunden
