lab29-41-<0.2632.0>-T3 C-Start: 23.10 18:11:19,519|
lab29-41-<0.2632.0>-T3: Msg #1194, C-Out: 23.10 18:11:20,521| gesendet
lab29-41-<0.2632.0>-T3: Msg #1262, C-Out: 23.10 18:11:21,524| gesendet
lab29-41-<0.2632.0>-T3: Msg #1341, C-Out: 23.10 18:11:22,528| gesendet
lab29-41-<0.2632.0>-T3: Msg #1416, C-Out: 23.10 18:11:23,530| gesendet
lab29-41-<0.2632.0>-T3: Msg #1519, C-Out: 23.10 18:11:24,531| gesendet
Neues Intervall: 1 Sekunden
Msg #1604 um 23.10 18:11:24,532| vergessen zu senden
2-client@lab23: 1424. Nachricht--Gruppe:1-Team:5-Sendezeit:18:11:22 HBQ-In: 23.10 18:11:22,573| DQ-In: 23.10 18:11:23,567| C-In: 23.10 18:11:24,532|
4-client@lab23: 1425. Nachricht--Gruppe:1-Team:5-Sendezeit:18:11:22 HBQ-In: 23.10 18:11:22,576| DQ-In: 23.10 18:11:23,567| C-In: 23.10 18:11:24,533|
3-client@lab23: 1426. Nachricht--Gruppe:1-Team:5-Sendezeit:18:11:22 HBQ-In: 23.10 18:11:22,576| DQ-In: 23.10 18:11:23,567| C-In: 23.10 18:11:24,533|
5-client@lab23: 1427. Nachricht--Gruppe:1-Team:5-Sendezeit:18:11:22 HBQ-In: 23.10 18:11:22,575| DQ-In: 23.10 18:11:23,567| C-In: 23.10 18:11:24,533|
1-client@lab23: 1428. Nachricht--Gruppe:1-Team:5-Sendezeit:18:11:22 HBQ-In: 23.10 18:11:22,576| DQ-In: 23.10 18:11:23,567| C-In: 23.10 18:11:24,534|
lab29-61-<0.1100.0>-T3: Msg #1429, C-Out: 23.10 18:11:23,572| HBQ-In: 23.10 18:11:23,572| DQ-In: 23.10 18:11:23,572| C-In: 23.10 18:11:24,534|
2-client@lab23: 1430. Nachricht--Gruppe:1-Team:5-Sendezeit:18:11:22 HBQ-In: 23.10 18:11:22,576| DQ-In: 23.10 18:11:23,572| C-In: 23.10 18:11:24,534|
5-client@lab23: 1431. Nachricht--Gruppe:1-Team:5-Sendezeit:18:11:22 HBQ-In: 23.10 18:11:22,577| DQ-In: 23.10 18:11:23,572| C-In: 23.10 18:11:24,535|
3-client@lab23: 1432. Nachricht--Gruppe:1-Team:5-Sendezeit:18:11:22 HBQ-In: 23.10 18:11:22,581| DQ-In: 23.10 18:11:23,572| C-In: 23.10 18:11:24,535|
1-client@lab23: 1433. Nachricht--Gruppe:1-Team:5-Sendezeit:18:11:22 HBQ-In: 23.10 18:11:22,581| DQ-In: 23.10 18:11:23,572| C-In: 23.10 18:11:24,536|
4-client@lab23: 1434. Nachricht--Gruppe:1-Team:5-Sendezeit:18:11:22 HBQ-In: 23.10 18:11:22,580| DQ-In: 23.10 18:11:23,572| C-In: 23.10 18:11:24,537|
2-client@lab23: 1435. Nachricht--Gruppe:1-Team:5-Sendezeit:18:11:22 HBQ-In: 23.10 18:11:22,581| DQ-In: 23.10 18:11:23,572| C-In: 23.10 18:11:24,538|
5-client@lab23: 1436. Nachricht--Gruppe:1-Team:5-Sendezeit:18:11:22 HBQ-In: 23.10 18:11:22,581| DQ-In: 23.10 18:11:23,572| C-In: 23.10 18:11:24,540|
4-client@lab23: 1437. Nachricht--Gruppe:1-Team:5-Sendezeit:18:11:22 HBQ-In: 23.10 18:11:22,583| DQ-In: 23.10 18:11:23,573| C-In: 23.10 18:11:24,541|
1-client@lab23: 1438. Nachricht--Gruppe:1-Team:5-Sendezeit:18:11:22 HBQ-In: 23.10 18:11:22,584| DQ-In: 23.10 18:11:23,573| C-In: 23.10 18:11:24,541|
2-client@lab23: 1439. Nachricht--Gruppe:1-Team:5-Sendezeit:18:11:22 HBQ-In: 23.10 18:11:22,584| DQ-In: 23.10 18:11:23,573| C-In: 23.10 18:11:24,541|
3-client@lab23: 1440. Nachricht--Gruppe:1-Team:5-Sendezeit:18:11:22 HBQ-In: 23.10 18:11:22,585| DQ-In: 23.10 18:11:23,573| C-In: 23.10 18:11:24,542|
5-client@lab23: 1441. Nachricht--Gruppe:1-Team:5-Sendezeit:18:11:22 HBQ-In: 23.10 18:11:22,584| DQ-In: 23.10 18:11:23,573| C-In: 23.10 18:11:24,545|
4-client@lab23: 1442. Nachricht--Gruppe:1-Team:5-Sendezeit:18:11:22 HBQ-In: 23.10 18:11:22,585| DQ-In: 23.10 18:11:23,573| C-In: 23.10 18:11:24,548|
Fehlernachricht fuer Luecke von 1443 bis 1445 C-In: 23.10 18:11:24,549|
3-client@lab23: 1446. Nachricht--Gruppe:1-Team:5-Sendezeit:18:11:22 HBQ-In: 23.10 18:11:22,586| DQ-In: 23.10 18:11:24,134| C-In: 23.10 18:11:24,549|
Fehlernachricht fuer Luecke von 1447 bis 1449 C-In: 23.10 18:11:24,549|
lab29-91-<0.103.0>-T3: Msg #1450, C-Out: 23.10 18:11:24,106| HBQ-In: 23.10 18:11:24,106| DQ-In: 23.10 18:11:24,136| C-In: 23.10 18:11:24,550|
lab29-71-<0.461.0>-T3: Msg #1451, C-Out: 23.10 18:11:23,615| HBQ-In: 23.10 18:11:23,615| DQ-In: 23.10 18:11:24,136| C-In: 23.10 18:11:24,551|
lab29-76-<0.194.0>-T3: Msg #1452, C-Out: 23.10 18:11:24,137| HBQ-In: 23.10 18:11:24,137| DQ-In: 23.10 18:11:24,137| C-In: 23.10 18:11:24,552|
Fehlernachricht fuer Luecke von 1453 bis 1455 C-In: 23.10 18:11:24,552|
lab29-70-<0.519.0>-T3: Msg #1456, C-Out: 23.10 18:11:23,721| HBQ-In: 23.10 18:11:23,721| DQ-In: 23.10 18:11:24,141| C-In: 23.10 18:11:24,553|
lab29-45-<0.2293.0>-T3: Msg #1457, C-Out: 23.10 18:11:23,721| HBQ-In: 23.10 18:11:23,721| DQ-In: 23.10 18:11:24,141| C-In: 23.10 18:11:24,553|
lab29-40-<0.2707.0>-T3: Msg #1458, C-Out: 23.10 18:11:23,725| HBQ-In: 23.10 18:11:23,725| DQ-In: 23.10 18:11:24,141| C-In: 23.10 18:11:24,553|
lab29-65-<0.819.0>-T3: Msg #1459, C-Out: 23.10 18:11:23,727| HBQ-In: 23.10 18:11:23,728| DQ-In: 23.10 18:11:24,141| C-In: 23.10 18:11:24,554|
lab29-35-<0.3134.0>-T3: Msg #1460, C-Out: 23.10 18:11:23,727| HBQ-In: 23.10 18:11:23,728| DQ-In: 23.10 18:11:24,141| C-In: 23.10 18:11:24,554|
lab29-30-<0.3559.0>-T3: Msg #1461, C-Out: 23.10 18:11:23,737| HBQ-In: 23.10 18:11:23,738| DQ-In: 23.10 18:11:24,141| C-In: 23.10 18:11:24,554|
lab29-25-<0.3973.0>-T3: Msg #1462, C-Out: 23.10 18:11:23,743| HBQ-In: 23.10 18:11:23,743| DQ-In: 23.10 18:11:24,141| C-In: 23.10 18:11:24,554|
lab29-60-<0.1170.0>-T3: Msg #1463, C-Out: 23.10 18:11:23,743| HBQ-In: 23.10 18:11:23,744| DQ-In: 23.10 18:11:24,141| C-In: 23.10 18:11:24,555|
lab29-55-<0.1513.0>-T3: Msg #1464, C-Out: 23.10 18:11:23,769| HBQ-In: 23.10 18:11:23,769| DQ-In: 23.10 18:11:24,141| C-In: 23.10 18:11:24,555|
Fehlernachricht fuer Luecke von 1465 bis 1465 C-In: 23.10 18:11:24,555|
lab29-50-<0.1864.0>-T3: Msg #1466, C-Out: 23.10 18:11:23,802| HBQ-In: 23.10 18:11:23,802| DQ-In: 23.10 18:11:24,340| C-In: 23.10 18:11:24,558|
lab29-90-<0.107.0>-T3: Msg #1467, C-Out: 23.10 18:11:24,308| HBQ-In: 23.10 18:11:24,308| DQ-In: 23.10 18:11:24,340| C-In: 23.10 18:11:24,558|
Fehlernachricht fuer Luecke von 1468 bis 1470 C-In: 23.10 18:11:24,559|
lab29-44-<0.2376.0>-T3: Msg #1471, C-Out: 23.10 18:11:23,919| HBQ-In: 23.10 18:11:23,919| DQ-In: 23.10 18:11:24,346| C-In: 23.10 18:11:24,563|
lab29-39-<0.2795.0>-T3: Msg #1472, C-Out: 23.10 18:11:23,931| HBQ-In: 23.10 18:11:23,932| DQ-In: 23.10 18:11:24,346| C-In: 23.10 18:11:24,563|
lab29-34-<0.3220.0>-T3: Msg #1473, C-Out: 23.10 18:11:23,931| HBQ-In: 23.10 18:11:23,932| DQ-In: 23.10 18:11:24,346| C-In: 23.10 18:11:24,566|
lab29-64-<0.899.0>-T3: Msg #1474, C-Out: 23.10 18:11:23,932| HBQ-In: 23.10 18:11:23,933| DQ-In: 23.10 18:11:24,346| C-In: 23.10 18:11:24,566|
Fehlernachricht fuer Luecke von 1475 bis 1475 C-In: 23.10 18:11:24,571|
lab29-69-<0.583.0>-T3: Msg #1476, C-Out: 23.10 18:11:23,934| HBQ-In: 23.10 18:11:23,935| DQ-In: 23.10 18:11:24,382| C-In: 23.10 18:11:24,572|
lab29-29-<0.3641.0>-T3: Msg #1477, C-Out: 23.10 18:11:23,938| HBQ-In: 23.10 18:11:23,940| DQ-In: 23.10 18:11:24,382| C-In: 23.10 18:11:24,573|
lab29-24-<0.4051.0>-T3: Msg #1478, C-Out: 23.10 18:11:23,940| HBQ-In: 23.10 18:11:23,940| DQ-In: 23.10 18:11:24,382| C-In: 23.10 18:11:24,575|
lab29-59-<0.1234.0>-T3: Msg #1479, C-Out: 23.10 18:11:23,945| HBQ-In: 23.10 18:11:23,945| DQ-In: 23.10 18:11:24,382| C-In: 23.10 18:11:24,575|
lab29-49-<0.1950.0>-T3: Msg #1480, C-Out: 23.10 18:11:23,958| HBQ-In: 23.10 18:11:23,959| DQ-In: 23.10 18:11:24,382| C-In: 23.10 18:11:24,577|
lab29-54-<0.1586.0>-T3: Msg #1481, C-Out: 23.10 18:11:23,965| HBQ-In: 23.10 18:11:23,965| DQ-In: 23.10 18:11:24,382| C-In: 23.10 18:11:24,578|
Fehlernachricht fuer Luecke von 1482 bis 1482 C-In: 23.10 18:11:24,578|
lab29-97-<0.81.0>-T3: Msg #1483, C-Out: 23.10 18:11:24,507| HBQ-In: 23.10 18:11:24,507| DQ-In: 23.10 18:11:24,540| C-In: 23.10 18:11:24,578|
lab29-74-<0.266.0>-T3: Msg #1484, C-Out: 23.10 18:11:24,510| HBQ-In: 23.10 18:11:24,510| DQ-In: 23.10 18:11:24,540| C-In: 23.10 18:11:24,578|
Fehlernachricht fuer Luecke von 1485 bis 1485 C-In: 23.10 18:11:24,579|
lab29-43-<0.2458.0>-T3: Msg #1486, C-Out: 23.10 18:11:24,126| HBQ-In: 23.10 18:11:24,126| DQ-In: 23.10 18:11:24,548| C-In: 23.10 18:11:24,579|
Fehlernachricht fuer Luecke von 1487 bis 1487 C-In: 23.10 18:11:24,581|
lab29-33-<0.3306.0>-T3: Msg #1488, C-Out: 23.10 18:11:24,132| HBQ-In: 23.10 18:11:24,133| DQ-In: 23.10 18:11:24,548| C-In: 23.10 18:11:24,584|
lab29-38-<0.2880.0>-T3: Msg #1489, C-Out: 23.10 18:11:24,134| HBQ-In: 23.10 18:11:24,134| DQ-In: 23.10 18:11:24,548| C-In: 23.10 18:11:24,585|
Fehlernachricht fuer Luecke von 1490 bis 1491 C-In: 23.10 18:11:24,585|
lab29-28-<0.3729.0>-T3: Msg #1492, C-Out: 23.10 18:11:24,136| HBQ-In: 23.10 18:11:24,136| DQ-In: 23.10 18:11:24,569| C-In: 23.10 18:11:24,587|
lab29-68-<0.633.0>-T3: Msg #1493, C-Out: 23.10 18:11:24,138| HBQ-In: 23.10 18:11:24,138| DQ-In: 23.10 18:11:24,569| C-In: 23.10 18:11:24,588|
lab29-23-<0.4130.0>-T3: Msg #1494, C-Out: 23.10 18:11:24,141| HBQ-In: 23.10 18:11:24,141| DQ-In: 23.10 18:11:24,569| C-In: 23.10 18:11:24,590|
lab29-53-<0.1650.0>-T3: Msg #1495, C-Out: 23.10 18:11:24,146| HBQ-In: 23.10 18:11:24,148| DQ-In: 23.10 18:11:24,569| C-In: 23.10 18:11:24,590|
lab29-63-<0.983.0>-T3: Msg #1496, C-Out: 23.10 18:11:24,152| HBQ-In: 23.10 18:11:24,152| DQ-In: 23.10 18:11:24,569| C-In: 23.10 18:11:24,591|
lab29-58-<0.1296.0>-T3: Msg #1497, C-Out: 23.10 18:11:24,155| HBQ-In: 23.10 18:11:24,155| DQ-In: 23.10 18:11:24,569| C-In: 23.10 18:11:24,591|
lab29-48-<0.2035.0>-T3: Msg #1498, C-Out: 23.10 18:11:24,157| HBQ-In: 23.10 18:11:24,157| DQ-In: 23.10 18:11:24,569| C-In: 23.10 18:11:24,591|
ReceiveMsgs done
lab29-41-<0.2632.0>-T3: Msg #1620, C-Out: 23.10 18:11:25,594| gesendet
lab29-41-<0.2632.0>-T3: Msg #1708, C-Out: 23.10 18:11:26,600| gesendet
lab29-41-<0.2632.0>-T3: Msg #1803, C-Out: 23.10 18:11:27,601| gesendet
lab29-41-<0.2632.0>-T3: Msg #1925, C-Out: 23.10 18:11:28,602| gesendet
lab29-41-<0.2632.0>-T3: Msg #2017, C-Out: 23.10 18:11:29,603| gesendet
Neues Intervall: 1.5 Sekunden
Msg #2112 um 23.10 18:11:29,605| vergessen zu senden
lab29-11-<0.5067.0>-T3: Msg #1916, C-Out: 23.10 18:11:28,559| HBQ-In: 23.10 18:11:28,559| DQ-In: 23.10 18:11:28,994| C-In: 23.10 18:11:29,605|
lab29-46-<0.2213.0>-T3: Msg #1917, C-Out: 23.10 18:11:28,559| HBQ-In: 23.10 18:11:28,559| DQ-In: 23.10 18:11:28,994| C-In: 23.10 18:11:29,605|
lab29-6-<0.5440.0>-T3: Msg #1918, C-Out: 23.10 18:11:28,565| HBQ-In: 23.10 18:11:28,565| DQ-In: 23.10 18:11:28,994| C-In: 23.10 18:11:29,607|
lab29-1-<0.5818.0>-T3: Msg #1919, C-Out: 23.10 18:11:28,569| HBQ-In: 23.10 18:11:28,570| DQ-In: 23.10 18:11:28,994| C-In: 23.10 18:11:29,610|
lab29-31-<0.3480.0>-T3: Msg #1920, C-Out: 23.10 18:11:28,575| HBQ-In: 23.10 18:11:28,575| DQ-In: 23.10 18:11:28,994| C-In: 23.10 18:11:29,611|
Fehlernachricht fuer Luecke von 1921 bis 1921 C-In: 23.10 18:11:29,613|
lab29-36-<0.3048.0>-T3: Msg #1922, C-Out: 23.10 18:11:28,582| HBQ-In: 23.10 18:11:28,582| DQ-In: 23.10 18:11:29,165| C-In: 23.10 18:11:29,616|
lab29-26-<0.3898.0>-T3: Msg #1923, C-Out: 23.10 18:11:28,591| HBQ-In: 23.10 18:11:28,591| DQ-In: 23.10 18:11:29,165| C-In: 23.10 18:11:29,616|
lab29-66-<0.743.0>-T3: Msg #1924, C-Out: 23.10 18:11:29,102| HBQ-In: 23.10 18:11:29,103| DQ-In: 23.10 18:11:29,165| C-In: 23.10 18:11:29,618|
lab29-41-<0.2632.0>-T3: Msg #1925, C-Out: 23.10 18:11:28,602| HBQ-In: 23.10 18:11:28,602| DQ-In: 23.10 18:11:29,165|******* C-In: 23.10 18:11:29,621|
lab29-51-<0.1789.0>-T3: Msg #1926, C-Out: 23.10 18:11:29,121| HBQ-In: 23.10 18:11:29,121| DQ-In: 23.10 18:11:29,165| C-In: 23.10 18:11:29,621|
lab29-73-<0.332.0>-T3: Msg #1927, C-Out: 23.10 18:11:29,165| HBQ-In: 23.10 18:11:29,165| DQ-In: 23.10 18:11:29,165| C-In: 23.10 18:11:29,622|
Fehlernachricht fuer Luecke von 1928 bis 1931 C-In: 23.10 18:11:29,625|
lab29-20-<0.4365.0>-T3: Msg #1932, C-Out: 23.10 18:11:28,751| HBQ-In: 23.10 18:11:28,752| DQ-In: 23.10 18:11:29,183| C-In: 23.10 18:11:29,626|
Fehlernachricht fuer Luecke von 1933 bis 1933 C-In: 23.10 18:11:29,626|
lab29-35-<0.3134.0>-T3: Msg #1934, C-Out: 23.10 18:11:28,752| HBQ-In: 23.10 18:11:28,752| DQ-In: 23.10 18:11:29,200| C-In: 23.10 18:11:29,629|
lab29-15-<0.4762.0>-T3: Msg #1935, C-Out: 23.10 18:11:28,754| HBQ-In: 23.10 18:11:28,754| DQ-In: 23.10 18:11:29,200| C-In: 23.10 18:11:29,629|
lab29-10-<0.5112.0>-T3: Msg #1936, C-Out: 23.10 18:11:28,757| HBQ-In: 23.10 18:11:28,757| DQ-In: 23.10 18:11:29,200| C-In: 23.10 18:11:29,631|
lab29-65-<0.819.0>-T3: Msg #1937, C-Out: 23.10 18:11:29,266| HBQ-In: 23.10 18:11:29,266| DQ-In: 23.10 18:11:29,266| C-In: 23.10 18:11:29,631|
lab29-5-<0.5513.0>-T3: Msg #1938, C-Out: 23.10 18:11:28,769| HBQ-In: 23.10 18:11:28,769| DQ-In: 23.10 18:11:29,266| C-In: 23.10 18:11:29,632|
lab29-40-<0.2707.0>-T3: Msg #1939, C-Out: 23.10 18:11:28,769| HBQ-In: 23.10 18:11:28,769| DQ-In: 23.10 18:11:29,266| C-In: 23.10 18:11:29,633|
lab29-45-<0.2293.0>-T3: Msg #1940, C-Out: 23.10 18:11:28,773| HBQ-In: 23.10 18:11:28,774| DQ-In: 23.10 18:11:29,266| C-In: 23.10 18:11:29,634|
Fehlernachricht fuer Luecke von 1941 bis 1941 C-In: 23.10 18:11:29,634|
lab29-25-<0.3973.0>-T3: Msg #1942, C-Out: 23.10 18:11:28,800| HBQ-In: 23.10 18:11:28,800| DQ-In: 23.10 18:11:29,375| C-In: 23.10 18:11:29,635|
lab29-30-<0.3559.0>-T3: Msg #1943, C-Out: 23.10 18:11:28,808| HBQ-In: 23.10 18:11:28,808| DQ-In: 23.10 18:11:29,375| C-In: 23.10 18:11:29,637|
Fehlernachricht fuer Luecke von 1944 bis 1944 C-In: 23.10 18:11:29,637|
lab29-80-<0.164.0>-T3: Msg #1945, C-Out: 23.10 18:11:29,323| HBQ-In: 23.10 18:11:29,325| DQ-In: 23.10 18:11:29,383| C-In: 23.10 18:11:29,638|
Fehlernachricht fuer Luecke von 1946 bis 1946 C-In: 23.10 18:11:29,638|
lab29-50-<0.1864.0>-T3: Msg #1947, C-Out: 23.10 18:11:29,375| HBQ-In: 23.10 18:11:29,375| DQ-In: 23.10 18:11:29,387| C-In: 23.10 18:11:29,638|
lab29-72-<0.396.0>-T3: Msg #1948, C-Out: 23.10 18:11:29,387| HBQ-In: 23.10 18:11:29,387| DQ-In: 23.10 18:11:29,387| C-In: 23.10 18:11:29,639|
Fehlernachricht fuer Luecke von 1949 bis 1951 C-In: 23.10 18:11:29,639|
lab29-19-<0.4442.0>-T3: Msg #1952, C-Out: 23.10 18:11:28,956| HBQ-In: 23.10 18:11:28,956| DQ-In: 23.10 18:11:29,402| C-In: 23.10 18:11:29,639|
lab29-14-<0.4846.0>-T3: Msg #1953, C-Out: 23.10 18:11:28,956| HBQ-In: 23.10 18:11:28,956| DQ-In: 23.10 18:11:29,402| C-In: 23.10 18:11:29,640|
lab29-9-<0.5191.0>-T3: Msg #1954, C-Out: 23.10 18:11:28,960| HBQ-In: 23.10 18:11:28,960| DQ-In: 23.10 18:11:29,402| C-In: 23.10 18:11:29,642|
lab29-64-<0.899.0>-T3: Msg #1955, C-Out: 23.10 18:11:29,463| HBQ-In: 23.10 18:11:29,464| DQ-In: 23.10 18:11:29,464| C-In: 23.10 18:11:29,642|
lab29-39-<0.2795.0>-T3: Msg #1956, C-Out: 23.10 18:11:28,965| HBQ-In: 23.10 18:11:28,965| DQ-In: 23.10 18:11:29,464| C-In: 23.10 18:11:29,643|
lab29-4-<0.5587.0>-T3: Msg #1957, C-Out: 23.10 18:11:28,965| HBQ-In: 23.10 18:11:28,965| DQ-In: 23.10 18:11:29,464| C-In: 23.10 18:11:29,643|
Fehlernachricht fuer Luecke von 1958 bis 1958 C-In: 23.10 18:11:29,644|
lab29-44-<0.2376.0>-T3: Msg #1959, C-Out: 23.10 18:11:28,971| HBQ-In: 23.10 18:11:28,971| DQ-In: 23.10 18:11:29,560| C-In: 23.10 18:11:29,645|
lab29-24-<0.4051.0>-T3: Msg #1960, C-Out: 23.10 18:11:28,973| HBQ-In: 23.10 18:11:28,973| DQ-In: 23.10 18:11:29,560| C-In: 23.10 18:11:29,645|
lab29-34-<0.3220.0>-T3: Msg #1961, C-Out: 23.10 18:11:28,979| HBQ-In: 23.10 18:11:28,979| DQ-In: 23.10 18:11:29,560| C-In: 23.10 18:11:29,647|
lab29-29-<0.3641.0>-T3: Msg #1962, C-Out: 23.10 18:11:28,994| HBQ-In: 23.10 18:11:28,994| DQ-In: 23.10 18:11:29,560| C-In: 23.10 18:11:29,648|
Fehlernachricht fuer Luecke von 1963 bis 1963 C-In: 23.10 18:11:29,650|
lab29-49-<0.1950.0>-T3: Msg #1964, C-Out: 23.10 18:11:29,506| HBQ-In: 23.10 18:11:29,506| DQ-In: 23.10 18:11:29,584| C-In: 23.10 18:11:29,651|
lab29-79-<0.173.0>-T3: Msg #1965, C-Out: 23.10 18:11:29,514| HBQ-In: 23.10 18:11:29,514| DQ-In: 23.10 18:11:29,584| C-In: 23.10 18:11:29,653|
lab29-56-<0.1439.0>-T3: Msg #1966, C-Out: 23.10 18:11:29,602| HBQ-In: 23.10 18:11:29,602| DQ-In: 23.10 18:11:29,602| C-In: 23.10 18:11:29,654|
Fehlernachricht fuer Luecke von 1967 bis 1969 C-In: 23.10 18:11:29,656|
lab29-18-<0.4519.0>-T3: Msg #1970, C-Out: 23.10 18:11:29,154| HBQ-In: 23.10 18:11:29,154| DQ-In: 23.10 18:11:29,604| C-In: 23.10 18:11:29,656|
lab29-13-<0.4921.0>-T3: Msg #1971, C-Out: 23.10 18:11:29,162| HBQ-In: 23.10 18:11:29,162| DQ-In: 23.10 18:11:29,604| C-In: 23.10 18:11:29,659|
lab29-8-<0.5273.0>-T3: Msg #1972, C-Out: 23.10 18:11:29,165| HBQ-In: 23.10 18:11:29,165| DQ-In: 23.10 18:11:29,604| C-In: 23.10 18:11:29,659|
ReceiveMsgs done
lab29-41-<0.2632.0>-T3: Msg #2116, C-Out: 23.10 18:11:31,160| gesendet
lab29-41-<0.2632.0>-T3: Msg #2268, C-Out: 23.10 18:11:32,663| gesendet
lab29-41-<0.2632.0>-T3: Msg #2399, C-Out: 23.10 18:11:34,169| gesendet
lab29-41-<0.2632.0>-T3: Msg #2513, C-Out: 23.10 18:11:35,671| gesendet
lab29-41-<0.2632.0>-T3: Msg #2645, C-Out: 23.10 18:11:37,174| gesendet
Neues Intervall: 2.25 Sekunden
Msg #2751 um 23.10 18:11:37,174| vergessen zu senden
lab29-31-<0.3480.0>-T3: Msg #2548, C-Out: 23.10 18:11:36,126| HBQ-In: 23.10 18:11:36,127| DQ-In: 23.10 18:11:36,127| C-In: 23.10 18:11:37,175|
Fehlernachricht fuer Luecke von 2549 bis 2549 C-In: 23.10 18:11:37,175|
lab29-1-<0.5818.0>-T3: Msg #2550, C-Out: 23.10 18:11:35,640| HBQ-In: 23.10 18:11:35,641| DQ-In: 23.10 18:11:36,168| C-In: 23.10 18:11:37,176|
Fehlernachricht fuer Luecke von 2551 bis 2551 C-In: 23.10 18:11:37,176|
lab29-16-<0.4681.0>-T3: Msg #2552, C-Out: 23.10 18:11:36,167| HBQ-In: 23.10 18:11:36,168| DQ-In: 23.10 18:11:36,212| C-In: 23.10 18:11:37,176|
Fehlernachricht fuer Luecke von 2553 bis 2554 C-In: 23.10 18:11:37,177|
2-client@lab23: 2555. Nachricht--Gruppe:1-Team:5-Sendezeit:18:11:34 HBQ-In: 23.10 18:11:34,752| DQ-In: 23.10 18:11:36,230| C-In: 23.10 18:11:37,177|
1-client@lab23: 2556. Nachricht--Gruppe:1-Team:5-Sendezeit:18:11:34 HBQ-In: 23.10 18:11:34,753| DQ-In: 23.10 18:11:36,230| C-In: 23.10 18:11:37,178|
5-client@lab23: 2557. Nachricht--Gruppe:1-Team:5-Sendezeit:18:11:34 HBQ-In: 23.10 18:11:34,753| DQ-In: 23.10 18:11:36,230| C-In: 23.10 18:11:37,179|
2-client@lab23: 2558. Nachricht--Gruppe:1-Team:5-Sendezeit:18:11:34 HBQ-In: 23.10 18:11:34,758| DQ-In: 23.10 18:11:36,230| C-In: 23.10 18:11:37,180|
1-client@lab23: 2559. Nachricht--Gruppe:1-Team:5-Sendezeit:18:11:34 HBQ-In: 23.10 18:11:34,758| DQ-In: 23.10 18:11:36,230| C-In: 23.10 18:11:37,180|
5-client@lab23: 2560. Nachricht--Gruppe:1-Team:5-Sendezeit:18:11:34 HBQ-In: 23.10 18:11:34,758| DQ-In: 23.10 18:11:36,230| C-In: 23.10 18:11:37,182|
lab29-23-<0.4130.0>-T3: Msg #2561, C-Out: 23.10 18:11:36,270| HBQ-In: 23.10 18:11:36,277| DQ-In: 23.10 18:11:36,277| C-In: 23.10 18:11:37,183|
Fehlernachricht fuer Luecke von 2562 bis 2562 C-In: 23.10 18:11:37,183|
2-client@lab23: 2563. Nachricht--Gruppe:1-Team:5-Sendezeit:18:11:34 HBQ-In: 23.10 18:11:34,764| DQ-In: 23.10 18:11:36,437| C-In: 23.10 18:11:37,185|
5-client@lab23: 2564. Nachricht--Gruppe:1-Team:5-Sendezeit:18:11:34 HBQ-In: 23.10 18:11:34,764| DQ-In: 23.10 18:11:36,437| C-In: 23.10 18:11:37,185|
1-client@lab23: 2565. Nachricht--Gruppe:1-Team:5-Sendezeit:18:11:34 HBQ-In: 23.10 18:11:34,764| DQ-In: 23.10 18:11:36,437| C-In: 23.10 18:11:37,186|
2-client@lab23: 2566. Nachricht--Gruppe:1-Team:5-Sendezeit:18:11:34 HBQ-In: 23.10 18:11:34,767| DQ-In: 23.10 18:11:36,437| C-In: 23.10 18:11:37,186|
1-client@lab23: 2567. Nachricht--Gruppe:1-Team:5-Sendezeit:18:11:34 HBQ-In: 23.10 18:11:34,767| DQ-In: 23.10 18:11:36,437| C-In: 23.10 18:11:37,187|
5-client@lab23: 2568. Nachricht--Gruppe:1-Team:5-Sendezeit:18:11:34 HBQ-In: 23.10 18:11:34,768| DQ-In: 23.10 18:11:36,437| C-In: 23.10 18:11:37,187|
lab29-38-<0.2880.0>-T3: Msg #2569, C-Out: 23.10 18:11:36,270| HBQ-In: 23.10 18:11:36,277| DQ-In: 23.10 18:11:36,437| C-In: 23.10 18:11:37,187|
Fehlernachricht fuer Luecke von 2570 bis 2572 C-In: 23.10 18:11:37,188|
4-client@lab23: 2573. Nachricht--Gruppe:1-Team:5-Sendezeit:18:11:34 HBQ-In: 23.10 18:11:34,778| DQ-In: 23.10 18:11:36,639| C-In: 23.10 18:11:37,188|
3-client@lab23: 2574. Nachricht--Gruppe:1-Team:5-Sendezeit:18:11:34 HBQ-In: 23.10 18:11:34,778| DQ-In: 23.10 18:11:36,639| C-In: 23.10 18:11:37,189|
Fehlernachricht fuer Luecke von 2575 bis 2575 C-In: 23.10 18:11:37,191|
4-client@lab23: 2576. Nachricht--Gruppe:1-Team:5-Sendezeit:18:11:34 HBQ-In: 23.10 18:11:34,780| DQ-In: 23.10 18:11:36,676| C-In: 23.10 18:11:37,192|
3-client@lab23: 2577. Nachricht--Gruppe:1-Team:5-Sendezeit:18:11:34 HBQ-In: 23.10 18:11:34,780| DQ-In: 23.10 18:11:36,676| C-In: 23.10 18:11:37,195|
4-client@lab23: 2578. Nachricht--Gruppe:1-Team:5-Sendezeit:18:11:34 HBQ-In: 23.10 18:11:34,782| DQ-In: 23.10 18:11:36,676| C-In: 23.10 18:11:37,195|
3-client@lab23: 2579. Nachricht--Gruppe:1-Team:5-Sendezeit:18:11:34 HBQ-In: 23.10 18:11:34,782| DQ-In: 23.10 18:11:36,676| C-In: 23.10 18:11:37,198|
4-client@lab23: 2580. Nachricht--Gruppe:1-Team:5-Sendezeit:18:11:34 HBQ-In: 23.10 18:11:34,786| DQ-In: 23.10 18:11:36,676| C-In: 23.10 18:11:37,199|
3-client@lab23: 2581. Nachricht--Gruppe:1-Team:5-Sendezeit:18:11:34 HBQ-In: 23.10 18:11:34,786| DQ-In: 23.10 18:11:36,676| C-In: 23.10 18:11:37,200|
4-client@lab23: 2582. Nachricht--Gruppe:1-Team:5-Sendezeit:18:11:36 HBQ-In: 23.10 18:11:36,791| DQ-In: 23.10 18:11:36,791| C-In: 23.10 18:11:37,200|
3-client@lab23: 2583. Nachricht--Gruppe:1-Team:5-Sendezeit:18:11:36 HBQ-In: 23.10 18:11:36,791| DQ-In: 23.10 18:11:36,791| C-In: 23.10 18:11:37,202|
Fehlernachricht fuer Luecke von 2584 bis 2585 C-In: 23.10 18:11:37,203|
lab29-5-<0.5513.0>-T3: Msg #2586, C-Out: 23.10 18:11:35,829| HBQ-In: 23.10 18:11:35,829| DQ-In: 23.10 18:11:36,900| C-In: 23.10 18:11:37,203|
lab29-45-<0.2293.0>-T3: Msg #2587, C-Out: 23.10 18:11:36,333| HBQ-In: 23.10 18:11:36,333| DQ-In: 23.10 18:11:36,900| C-In: 23.10 18:11:37,204|
lab29-10-<0.5112.0>-T3: Msg #2588, C-Out: 23.10 18:11:35,840| HBQ-In: 23.10 18:11:35,844| DQ-In: 23.10 18:11:36,900| C-In: 23.10 18:11:37,204|
lab29-30-<0.3559.0>-T3: Msg #2589, C-Out: 23.10 18:11:36,385| HBQ-In: 23.10 18:11:36,387| DQ-In: 23.10 18:11:36,900| C-In: 23.10 18:11:37,205|
lab29-15-<0.4762.0>-T3: Msg #2590, C-Out: 23.10 18:11:36,396| HBQ-In: 23.10 18:11:36,397| DQ-In: 23.10 18:11:36,900| C-In: 23.10 18:11:37,206|
Fehlernachricht fuer Luecke von 2591 bis 2592 C-In: 23.10 18:11:37,206|
lab29-37-<0.2967.0>-T3: Msg #2593, C-Out: 23.10 18:11:36,456| HBQ-In: 23.10 18:11:36,458| DQ-In: 23.10 18:11:37,034| C-In: 23.10 18:11:37,206|
Fehlernachricht fuer Luecke von 2594 bis 2594 C-In: 23.10 18:11:37,209|
lab29-22-<0.4210.0>-T3: Msg #2595, C-Out: 23.10 18:11:36,471| HBQ-In: 23.10 18:11:36,473| DQ-In: 23.10 18:11:37,071| C-In: 23.10 18:11:37,209|
Fehlernachricht fuer Luecke von 2596 bis 2597 C-In: 23.10 18:11:37,210|
lab29-4-<0.5587.0>-T3: Msg #2598, C-Out: 23.10 18:11:36,013| HBQ-In: 23.10 18:11:36,015| DQ-In: 23.10 18:11:37,158| C-In: 23.10 18:11:37,210|
lab29-9-<0.5191.0>-T3: Msg #2599, C-Out: 23.10 18:11:36,027| HBQ-In: 23.10 18:11:36,028| DQ-In: 23.10 18:11:37,158| C-In: 23.10 18:11:37,210|
Fehlernachricht fuer Luecke von 2600 bis 2601 C-In: 23.10 18:11:37,211|
lab29-44-<0.2376.0>-T3: Msg #2602, C-Out: 23.10 18:11:36,532| HBQ-In: 23.10 18:11:36,532| DQ-In: 23.10 18:11:37,174| C-In: 23.10 18:11:37,214|
lab29-14-<0.4846.0>-T3: Msg #2603, C-Out: 23.10 18:11:36,566| HBQ-In: 23.10 18:11:36,570| DQ-In: 23.10 18:11:37,174| C-In: 23.10 18:11:37,214|
lab29-29-<0.3641.0>-T3: Msg #2604, C-Out: 23.10 18:11:36,568| HBQ-In: 23.10 18:11:36,571| DQ-In: 23.10 18:11:37,174| C-In: 23.10 18:11:37,215|
ReceiveMsgs done
lab29-41-<0.2632.0>-T3: Msg #2753, C-Out: 23.10 18:11:39,467| gesendet
