lab29-76-<0.194.0>-T3 C-Start: 23.10 18:11:12,470|
lab29-76-<0.194.0>-T3: Msg #788, C-Out: 23.10 18:11:13,476| gesendet
lab29-76-<0.194.0>-T3: Msg #821, C-Out: 23.10 18:11:14,480| gesendet
lab29-76-<0.194.0>-T3: Msg #884, C-Out: 23.10 18:11:15,482| gesendet
lab29-76-<0.194.0>-T3: Msg #927, C-Out: 23.10 18:11:16,487| gesendet
lab29-76-<0.194.0>-T3: Msg #982, C-Out: 23.10 18:11:17,488| gesendet
Neues Intervall: 1 Sekunden
Msg #1033 um 23.10 18:11:17,489| vergessen zu senden
lab29-89-<0.113.0>-T3: Msg #904, C-Out: 23.10 18:11:15,898| HBQ-In: 23.10 18:11:15,899| DQ-In: 23.10 18:11:16,487| C-In: 23.10 18:11:17,492|
lab29-99-<0.49.0>-T3: Msg #905, C-Out: 23.10 18:11:15,940| HBQ-In: 23.10 18:11:15,940| DQ-In: 23.10 18:11:16,487| C-In: 23.10 18:11:17,495|
lab29-94-<0.91.0>-T3: Msg #906, C-Out: 23.10 18:11:15,994| HBQ-In: 23.10 18:11:15,994| DQ-In: 23.10 18:11:16,487| C-In: 23.10 18:11:17,499|
Fehlernachricht fuer Luecke von 907 bis 907 C-In: 23.10 18:11:17,499|
lab29-83-<0.147.0>-T3: Msg #908, C-Out: 23.10 18:11:16,078| HBQ-In: 23.10 18:11:16,079| DQ-In: 23.10 18:11:16,688| C-In: 23.10 18:11:17,500|
lab29-78-<0.180.0>-T3: Msg #909, C-Out: 23.10 18:11:16,080| HBQ-In: 23.10 18:11:16,082| DQ-In: 23.10 18:11:16,688| C-In: 23.10 18:11:17,500|
lab29-73-<0.332.0>-T3: Msg #910, C-Out: 23.10 18:11:16,085| HBQ-In: 23.10 18:11:16,085| DQ-In: 23.10 18:11:16,688| C-In: 23.10 18:11:17,500|
lab29-68-<0.633.0>-T3: Msg #911, C-Out: 23.10 18:11:16,091| HBQ-In: 23.10 18:11:16,091| DQ-In: 23.10 18:11:16,688| C-In: 23.10 18:11:17,504|
lab29-63-<0.983.0>-T3: Msg #912, C-Out: 23.10 18:11:16,092| HBQ-In: 23.10 18:11:16,092| DQ-In: 23.10 18:11:16,688| C-In: 23.10 18:11:17,504|
lab29-93-<0.95.0>-T3: Msg #913, C-Out: 23.10 18:11:16,105| HBQ-In: 23.10 18:11:16,106| DQ-In: 23.10 18:11:16,688| C-In: 23.10 18:11:17,504|
lab29-88-<0.118.0>-T3: Msg #914, C-Out: 23.10 18:11:16,118| HBQ-In: 23.10 18:11:16,118| DQ-In: 23.10 18:11:16,688| C-In: 23.10 18:11:17,505|
lab29-98-<0.78.0>-T3: Msg #915, C-Out: 23.10 18:11:16,156| HBQ-In: 23.10 18:11:16,156| DQ-In: 23.10 18:11:16,688| C-In: 23.10 18:11:17,509|
Fehlernachricht fuer Luecke von 916 bis 916 C-In: 23.10 18:11:17,509|
lab29-82-<0.153.0>-T3: Msg #917, C-Out: 23.10 18:11:16,282| HBQ-In: 23.10 18:11:16,282| DQ-In: 23.10 18:11:16,883| C-In: 23.10 18:11:17,512|
lab29-72-<0.396.0>-T3: Msg #918, C-Out: 23.10 18:11:16,286| HBQ-In: 23.10 18:11:16,286| DQ-In: 23.10 18:11:16,883| C-In: 23.10 18:11:17,514|
lab29-77-<0.187.0>-T3: Msg #919, C-Out: 23.10 18:11:16,286| HBQ-In: 23.10 18:11:16,286| DQ-In: 23.10 18:11:16,883| C-In: 23.10 18:11:17,516|
lab29-67-<0.708.0>-T3: Msg #920, C-Out: 23.10 18:11:16,287| HBQ-In: 23.10 18:11:16,289| DQ-In: 23.10 18:11:16,883| C-In: 23.10 18:11:17,519|
lab29-62-<0.1043.0>-T3: Msg #921, C-Out: 23.10 18:11:16,292| HBQ-In: 23.10 18:11:16,292| DQ-In: 23.10 18:11:16,883| C-In: 23.10 18:11:17,521|
lab29-87-<0.123.0>-T3: Msg #922, C-Out: 23.10 18:11:16,307| HBQ-In: 23.10 18:11:16,307| DQ-In: 23.10 18:11:16,883| C-In: 23.10 18:11:17,524|
lab29-92-<0.99.0>-T3: Msg #923, C-Out: 23.10 18:11:16,325| HBQ-In: 23.10 18:11:16,326| DQ-In: 23.10 18:11:16,883| C-In: 23.10 18:11:17,527|
lab29-97-<0.81.0>-T3: Msg #924, C-Out: 23.10 18:11:16,437| HBQ-In: 23.10 18:11:16,437| DQ-In: 23.10 18:11:16,883| C-In: 23.10 18:11:17,530|
Fehlernachricht fuer Luecke von 925 bis 925 C-In: 23.10 18:11:17,532|
lab29-81-<0.159.0>-T3: Msg #926, C-Out: 23.10 18:11:16,475| HBQ-In: 23.10 18:11:16,475| DQ-In: 23.10 18:11:16,995| C-In: 23.10 18:11:17,534|
lab29-76-<0.194.0>-T3: Msg #927, C-Out: 23.10 18:11:16,487| HBQ-In: 23.10 18:11:16,487| DQ-In: 23.10 18:11:16,995|******* C-In: 23.10 18:11:17,536|
lab29-71-<0.461.0>-T3: Msg #928, C-Out: 23.10 18:11:16,487| HBQ-In: 23.10 18:11:16,487| DQ-In: 23.10 18:11:16,995| C-In: 23.10 18:11:17,538|
lab29-66-<0.743.0>-T3: Msg #929, C-Out: 23.10 18:11:16,487| HBQ-In: 23.10 18:11:16,487| DQ-In: 23.10 18:11:16,995| C-In: 23.10 18:11:17,541|
lab29-61-<0.1100.0>-T3: Msg #930, C-Out: 23.10 18:11:16,497| HBQ-In: 23.10 18:11:16,497| DQ-In: 23.10 18:11:16,995| C-In: 23.10 18:11:17,543|
lab29-91-<0.103.0>-T3: Msg #931, C-Out: 23.10 18:11:16,551| HBQ-In: 23.10 18:11:16,551| DQ-In: 23.10 18:11:16,995| C-In: 23.10 18:11:17,546|
lab29-86-<0.129.0>-T3: Msg #932, C-Out: 23.10 18:11:16,553| HBQ-In: 23.10 18:11:16,553| DQ-In: 23.10 18:11:16,995| C-In: 23.10 18:11:17,548|
lab29-96-<0.84.0>-T3: Msg #933, C-Out: 23.10 18:11:16,592| HBQ-In: 23.10 18:11:16,592| DQ-In: 23.10 18:11:16,995| C-In: 23.10 18:11:17,551|
Fehlernachricht fuer Luecke von 934 bis 934 C-In: 23.10 18:11:17,553|
lab29-80-<0.164.0>-T3: Msg #935, C-Out: 23.10 18:11:16,679| HBQ-In: 23.10 18:11:16,679| DQ-In: 23.10 18:11:17,119| C-In: 23.10 18:11:17,556|
lab29-75-<0.200.0>-T3: Msg #936, C-Out: 23.10 18:11:16,688| HBQ-In: 23.10 18:11:16,688| DQ-In: 23.10 18:11:17,119| C-In: 23.10 18:11:17,559|
lab29-70-<0.519.0>-T3: Msg #937, C-Out: 23.10 18:11:16,688| HBQ-In: 23.10 18:11:16,689| DQ-In: 23.10 18:11:17,119| C-In: 23.10 18:11:17,560|
lab29-65-<0.819.0>-T3: Msg #938, C-Out: 23.10 18:11:16,688| HBQ-In: 23.10 18:11:16,689| DQ-In: 23.10 18:11:17,119| C-In: 23.10 18:11:17,560|
lab29-60-<0.1170.0>-T3: Msg #939, C-Out: 23.10 18:11:16,699| HBQ-In: 23.10 18:11:16,700| DQ-In: 23.10 18:11:17,119| C-In: 23.10 18:11:17,561|
lab29-85-<0.133.0>-T3: Msg #940, C-Out: 23.10 18:11:16,699| HBQ-In: 23.10 18:11:16,700| DQ-In: 23.10 18:11:17,119| C-In: 23.10 18:11:17,561|
lab29-90-<0.107.0>-T3: Msg #941, C-Out: 23.10 18:11:16,755| HBQ-In: 23.10 18:11:16,755| DQ-In: 23.10 18:11:17,119| C-In: 23.10 18:11:17,561|
lab29-95-<0.87.0>-T3: Msg #942, C-Out: 23.10 18:11:16,767| HBQ-In: 23.10 18:11:16,767| DQ-In: 23.10 18:11:17,119| C-In: 23.10 18:11:17,562|
lab29-100-<0.40.0>-T3: Msg #943, C-Out: 23.10 18:11:16,767| HBQ-In: 23.10 18:11:16,767| DQ-In: 23.10 18:11:17,119| C-In: 23.10 18:11:17,562|
Fehlernachricht fuer Luecke von 944 bis 944 C-In: 23.10 18:11:17,562|
lab29-79-<0.173.0>-T3: Msg #945, C-Out: 23.10 18:11:16,883| HBQ-In: 23.10 18:11:16,883| DQ-In: 23.10 18:11:17,329| C-In: 23.10 18:11:17,563|
lab29-74-<0.266.0>-T3: Msg #946, C-Out: 23.10 18:11:16,883| HBQ-In: 23.10 18:11:16,883| DQ-In: 23.10 18:11:17,329| C-In: 23.10 18:11:17,563|
lab29-69-<0.583.0>-T3: Msg #947, C-Out: 23.10 18:11:16,890| HBQ-In: 23.10 18:11:16,890| DQ-In: 23.10 18:11:17,329| C-In: 23.10 18:11:17,563|
lab29-64-<0.899.0>-T3: Msg #948, C-Out: 23.10 18:11:16,892| HBQ-In: 23.10 18:11:16,892| DQ-In: 23.10 18:11:17,329| C-In: 23.10 18:11:17,564|
lab29-59-<0.1234.0>-T3: Msg #949, C-Out: 23.10 18:11:16,896| HBQ-In: 23.10 18:11:16,896| DQ-In: 23.10 18:11:17,329| C-In: 23.10 18:11:17,564|
lab29-89-<0.113.0>-T3: Msg #950, C-Out: 23.10 18:11:16,900| HBQ-In: 23.10 18:11:16,902| DQ-In: 23.10 18:11:17,329| C-In: 23.10 18:11:17,564|
lab29-84-<0.140.0>-T3: Msg #951, C-Out: 23.10 18:11:16,900| HBQ-In: 23.10 18:11:16,902| DQ-In: 23.10 18:11:17,329| C-In: 23.10 18:11:17,565|
lab29-99-<0.49.0>-T3: Msg #952, C-Out: 23.10 18:11:16,942| HBQ-In: 23.10 18:11:16,943| DQ-In: 23.10 18:11:17,329| C-In: 23.10 18:11:17,565|
lab29-94-<0.91.0>-T3: Msg #953, C-Out: 23.10 18:11:16,995| HBQ-In: 23.10 18:11:16,995| DQ-In: 23.10 18:11:17,329| C-In: 23.10 18:11:17,566|
Fehlernachricht fuer Luecke von 954 bis 954 C-In: 23.10 18:11:17,566|
lab29-78-<0.180.0>-T3: Msg #955, C-Out: 23.10 18:11:17,083| HBQ-In: 23.10 18:11:17,084| DQ-In: 23.10 18:11:17,556| C-In: 23.10 18:11:17,567|
lab29-73-<0.332.0>-T3: Msg #956, C-Out: 23.10 18:11:17,086| HBQ-In: 23.10 18:11:17,087| DQ-In: 23.10 18:11:17,556| C-In: 23.10 18:11:17,567|
lab29-68-<0.633.0>-T3: Msg #957, C-Out: 23.10 18:11:17,092| HBQ-In: 23.10 18:11:17,092| DQ-In: 23.10 18:11:17,556| C-In: 23.10 18:11:17,567|
lab29-63-<0.983.0>-T3: Msg #958, C-Out: 23.10 18:11:17,093| HBQ-In: 23.10 18:11:17,093| DQ-In: 23.10 18:11:17,556| C-In: 23.10 18:11:17,568|
lab29-58-<0.1296.0>-T3: Msg #959, C-Out: 23.10 18:11:17,097| HBQ-In: 23.10 18:11:17,099| DQ-In: 23.10 18:11:17,556| C-In: 23.10 18:11:17,568|
lab29-93-<0.95.0>-T3: Msg #960, C-Out: 23.10 18:11:17,107| HBQ-In: 23.10 18:11:17,108| DQ-In: 23.10 18:11:17,556| C-In: 23.10 18:11:17,570|
lab29-83-<0.147.0>-T3: Msg #961, C-Out: 23.10 18:11:17,115| HBQ-In: 23.10 18:11:17,115| DQ-In: 23.10 18:11:17,556| C-In: 23.10 18:11:17,571|
lab29-88-<0.118.0>-T3: Msg #962, C-Out: 23.10 18:11:17,119| HBQ-In: 23.10 18:11:17,119| DQ-In: 23.10 18:11:17,556| C-In: 23.10 18:11:17,571|
lab29-98-<0.78.0>-T3: Msg #963, C-Out: 23.10 18:11:17,157| HBQ-In: 23.10 18:11:17,157| DQ-In: 23.10 18:11:17,556| C-In: 23.10 18:11:17,574|
ReceiveMsgs done
lab29-76-<0.194.0>-T3: Msg #1042, C-Out: 23.10 18:11:18,578| gesendet
lab29-76-<0.194.0>-T3: Msg #1130, C-Out: 23.10 18:11:19,583| gesendet
lab29-76-<0.194.0>-T3: Msg #1198, C-Out: 23.10 18:11:20,587| gesendet
lab29-76-<0.194.0>-T3: Msg #1273, C-Out: 23.10 18:11:21,590| gesendet
lab29-76-<0.194.0>-T3: Msg #1348, C-Out: 23.10 18:11:22,591| gesendet
Neues Intervall: 1.5 Sekunden
Msg #1449 um 23.10 18:11:22,596| vergessen zu senden
lab29-80-<0.164.0>-T3: Msg #1288, C-Out: 23.10 18:11:21,762| HBQ-In: 23.10 18:11:21,763| DQ-In: 23.10 18:11:22,238| C-In: 23.10 18:11:22,596|
lab29-75-<0.200.0>-T3: Msg #1289, C-Out: 23.10 18:11:21,784| HBQ-In: 23.10 18:11:21,786| DQ-In: 23.10 18:11:22,238| C-In: 23.10 18:11:22,598|
Fehlernachricht fuer Luecke von 1290 bis 1292 C-In: 23.10 18:11:22,598|
lab29-54-<0.1586.0>-T3: Msg #1293, C-Out: 23.10 18:11:21,908| HBQ-In: 23.10 18:11:21,908| DQ-In: 23.10 18:11:22,332| C-In: 23.10 18:11:22,599|
Fehlernachricht fuer Luecke von 1294 bis 1294 C-In: 23.10 18:11:22,599|
lab29-49-<0.1950.0>-T3: Msg #1295, C-Out: 23.10 18:11:21,911| HBQ-In: 23.10 18:11:21,911| DQ-In: 23.10 18:11:22,343| C-In: 23.10 18:11:22,603|
lab29-44-<0.2376.0>-T3: Msg #1296, C-Out: 23.10 18:11:21,916| HBQ-In: 23.10 18:11:21,916| DQ-In: 23.10 18:11:22,343| C-In: 23.10 18:11:22,604|
lab29-39-<0.2795.0>-T3: Msg #1297, C-Out: 23.10 18:11:21,929| HBQ-In: 23.10 18:11:21,929| DQ-In: 23.10 18:11:22,343| C-In: 23.10 18:11:22,605|
lab29-34-<0.3220.0>-T3: Msg #1298, C-Out: 23.10 18:11:21,929| HBQ-In: 23.10 18:11:21,929| DQ-In: 23.10 18:11:22,343| C-In: 23.10 18:11:22,605|
lab29-64-<0.899.0>-T3: Msg #1299, C-Out: 23.10 18:11:21,930| HBQ-In: 23.10 18:11:21,930| DQ-In: 23.10 18:11:22,343| C-In: 23.10 18:11:22,605|
lab29-69-<0.583.0>-T3: Msg #1300, C-Out: 23.10 18:11:21,932| HBQ-In: 23.10 18:11:21,932| DQ-In: 23.10 18:11:22,343| C-In: 23.10 18:11:22,606|
lab29-59-<0.1234.0>-T3: Msg #1301, C-Out: 23.10 18:11:21,940| HBQ-In: 23.10 18:11:21,941| DQ-In: 23.10 18:11:22,344| C-In: 23.10 18:11:22,606|
lab29-84-<0.140.0>-T3: Msg #1302, C-Out: 23.10 18:11:22,441| HBQ-In: 23.10 18:11:22,441| DQ-In: 23.10 18:11:22,441| C-In: 23.10 18:11:22,606|
lab29-79-<0.173.0>-T3: Msg #1303, C-Out: 23.10 18:11:21,961| HBQ-In: 23.10 18:11:21,961| DQ-In: 23.10 18:11:22,441| C-In: 23.10 18:11:22,607|
lab29-74-<0.266.0>-T3: Msg #1304, C-Out: 23.10 18:11:21,969| HBQ-In: 23.10 18:11:21,969| DQ-In: 23.10 18:11:22,441| C-In: 23.10 18:11:22,607|
lab29-99-<0.49.0>-T3: Msg #1305, C-Out: 23.10 18:11:22,484| HBQ-In: 23.10 18:11:22,484| DQ-In: 23.10 18:11:22,484| C-In: 23.10 18:11:22,607|
Fehlernachricht fuer Luecke von 1306 bis 1307 C-In: 23.10 18:11:22,607|
lab29-53-<0.1650.0>-T3: Msg #1308, C-Out: 23.10 18:11:22,109| HBQ-In: 23.10 18:11:22,110| DQ-In: 23.10 18:11:22,540| C-In: 23.10 18:11:22,608|
lab29-43-<0.2458.0>-T3: Msg #1309, C-Out: 23.10 18:11:22,123| HBQ-In: 23.10 18:11:22,123| DQ-In: 23.10 18:11:22,540| C-In: 23.10 18:11:22,608|
lab29-48-<0.2035.0>-T3: Msg #1310, C-Out: 23.10 18:11:22,123| HBQ-In: 23.10 18:11:22,123| DQ-In: 23.10 18:11:22,540| C-In: 23.10 18:11:22,609|
Fehlernachricht fuer Luecke von 1311 bis 1311 C-In: 23.10 18:11:22,609|
lab29-78-<0.180.0>-T3: Msg #1312, C-Out: 23.10 18:11:22,126| HBQ-In: 23.10 18:11:22,126| DQ-In: 23.10 18:11:22,570| C-In: 23.10 18:11:22,609|
lab29-33-<0.3306.0>-T3: Msg #1313, C-Out: 23.10 18:11:22,128| HBQ-In: 23.10 18:11:22,129| DQ-In: 23.10 18:11:22,570| C-In: 23.10 18:11:22,610|
lab29-73-<0.332.0>-T3: Msg #1314, C-Out: 23.10 18:11:22,131| HBQ-In: 23.10 18:11:22,131| DQ-In: 23.10 18:11:22,570| C-In: 23.10 18:11:22,610|
lab29-38-<0.2880.0>-T3: Msg #1315, C-Out: 23.10 18:11:22,131| HBQ-In: 23.10 18:11:22,131| DQ-In: 23.10 18:11:22,570| C-In: 23.10 18:11:22,610|
lab29-68-<0.633.0>-T3: Msg #1316, C-Out: 23.10 18:11:22,136| HBQ-In: 23.10 18:11:22,136| DQ-In: 23.10 18:11:22,570| C-In: 23.10 18:11:22,611|
lab29-63-<0.983.0>-T3: Msg #1317, C-Out: 23.10 18:11:22,148| HBQ-In: 23.10 18:11:22,148| DQ-In: 23.10 18:11:22,570| C-In: 23.10 18:11:22,611|
lab29-58-<0.1296.0>-T3: Msg #1318, C-Out: 23.10 18:11:22,151| HBQ-In: 23.10 18:11:22,151| DQ-In: 23.10 18:11:22,570| C-In: 23.10 18:11:22,613|
Fehlernachricht fuer Luecke von 1319 bis 1322 C-In: 23.10 18:11:22,614|
lab29-52-<0.1713.0>-T3: Msg #1323, C-Out: 23.10 18:11:22,323| HBQ-In: 23.10 18:11:22,323| DQ-In: 23.10 18:11:22,577| C-In: 23.10 18:11:22,614|
lab29-47-<0.2127.0>-T3: Msg #1324, C-Out: 23.10 18:11:22,323| HBQ-In: 23.10 18:11:22,323| DQ-In: 23.10 18:11:22,577| C-In: 23.10 18:11:22,616|
Fehlernachricht fuer Luecke von 1325 bis 1325 C-In: 23.10 18:11:22,617|
lab29-42-<0.2545.0>-T3: Msg #1326, C-Out: 23.10 18:11:22,328| HBQ-In: 23.10 18:11:22,328| DQ-In: 23.10 18:11:22,581| C-In: 23.10 18:11:22,625|
lab29-37-<0.2967.0>-T3: Msg #1327, C-Out: 23.10 18:11:22,328| HBQ-In: 23.10 18:11:22,328| DQ-In: 23.10 18:11:22,581| C-In: 23.10 18:11:22,625|
lab29-32-<0.3394.0>-T3: Msg #1328, C-Out: 23.10 18:11:22,329| HBQ-In: 23.10 18:11:22,329| DQ-In: 23.10 18:11:22,581| C-In: 23.10 18:11:22,628|
lab29-72-<0.396.0>-T3: Msg #1329, C-Out: 23.10 18:11:22,332| HBQ-In: 23.10 18:11:22,332| DQ-In: 23.10 18:11:22,581| C-In: 23.10 18:11:22,628|
lab29-67-<0.708.0>-T3: Msg #1330, C-Out: 23.10 18:11:22,343| HBQ-In: 23.10 18:11:22,343| DQ-In: 23.10 18:11:22,581| C-In: 23.10 18:11:22,632|
lab29-62-<0.1043.0>-T3: Msg #1331, C-Out: 23.10 18:11:22,347| HBQ-In: 23.10 18:11:22,347| DQ-In: 23.10 18:11:22,581| C-In: 23.10 18:11:22,632|
lab29-57-<0.1365.0>-T3: Msg #1332, C-Out: 23.10 18:11:22,379| HBQ-In: 23.10 18:11:22,380| DQ-In: 23.10 18:11:22,581| C-In: 23.10 18:11:22,632|
Fehlernachricht fuer Luecke von 1333 bis 1333 C-In: 23.10 18:11:22,633|
lab29-77-<0.187.0>-T3: Msg #1334, C-Out: 23.10 18:11:22,388| HBQ-In: 23.10 18:11:22,389| DQ-In: 23.10 18:11:22,584| C-In: 23.10 18:11:22,633|
Fehlernachricht fuer Luecke von 1335 bis 1337 C-In: 23.10 18:11:22,633|
lab29-51-<0.1789.0>-T3: Msg #1338, C-Out: 23.10 18:11:22,517| HBQ-In: 23.10 18:11:22,517| DQ-In: 23.10 18:11:22,585| C-In: 23.10 18:11:22,634|
lab29-46-<0.2213.0>-T3: Msg #1339, C-Out: 23.10 18:11:22,517| HBQ-In: 23.10 18:11:22,517| DQ-In: 23.10 18:11:22,585| C-In: 23.10 18:11:22,634|
Fehlernachricht fuer Luecke von 1340 bis 1340 C-In: 23.10 18:11:22,634|
lab29-41-<0.2632.0>-T3: Msg #1341, C-Out: 23.10 18:11:22,528| HBQ-In: 23.10 18:11:22,529| DQ-In: 23.10 18:11:22,586| C-In: 23.10 18:11:22,635|
lab29-36-<0.3048.0>-T3: Msg #1342, C-Out: 23.10 18:11:22,528| HBQ-In: 23.10 18:11:22,529| DQ-In: 23.10 18:11:22,586| C-In: 23.10 18:11:22,635|
lab29-31-<0.3480.0>-T3: Msg #1343, C-Out: 23.10 18:11:22,530| HBQ-In: 23.10 18:11:22,530| DQ-In: 23.10 18:11:22,586| C-In: 23.10 18:11:22,635|
lab29-66-<0.743.0>-T3: Msg #1344, C-Out: 23.10 18:11:22,540| HBQ-In: 23.10 18:11:22,540| DQ-In: 23.10 18:11:22,586| C-In: 23.10 18:11:22,636|
lab29-56-<0.1439.0>-T3: Msg #1345, C-Out: 23.10 18:11:22,545| HBQ-In: 23.10 18:11:22,545| DQ-In: 23.10 18:11:22,586| C-In: 23.10 18:11:22,636|
ReceiveMsgs done
lab29-76-<0.194.0>-T3: Msg #1452, C-Out: 23.10 18:11:24,137| gesendet
lab29-76-<0.194.0>-T3: Msg #1572, C-Out: 23.10 18:11:25,639| gesendet
lab29-76-<0.194.0>-T3: Msg #1711, C-Out: 23.10 18:11:27,142| gesendet
lab29-76-<0.194.0>-T3: Msg #1874, C-Out: 23.10 18:11:28,643| gesendet
lab29-76-<0.194.0>-T3: Msg #2022, C-Out: 23.10 18:11:30,146| gesendet
Neues Intervall: 2.25 Sekunden
Msg #2156 um 23.10 18:11:30,146| vergessen zu senden
lab29-79-<0.173.0>-T3: Msg #1965, C-Out: 23.10 18:11:29,514| HBQ-In: 23.10 18:11:29,514| DQ-In: 23.10 18:11:29,584| C-In: 23.10 18:11:30,147|
lab29-56-<0.1439.0>-T3: Msg #1966, C-Out: 23.10 18:11:29,602| HBQ-In: 23.10 18:11:29,602| DQ-In: 23.10 18:11:29,602| C-In: 23.10 18:11:30,147|
Fehlernachricht fuer Luecke von 1967 bis 1969 C-In: 23.10 18:11:30,147|
lab29-18-<0.4519.0>-T3: Msg #1970, C-Out: 23.10 18:11:29,154| HBQ-In: 23.10 18:11:29,154| DQ-In: 23.10 18:11:29,604| C-In: 23.10 18:11:30,148|
lab29-13-<0.4921.0>-T3: Msg #1971, C-Out: 23.10 18:11:29,162| HBQ-In: 23.10 18:11:29,162| DQ-In: 23.10 18:11:29,604| C-In: 23.10 18:11:30,148|
lab29-8-<0.5273.0>-T3: Msg #1972, C-Out: 23.10 18:11:29,165| HBQ-In: 23.10 18:11:29,165| DQ-In: 23.10 18:11:29,604| C-In: 23.10 18:11:30,148|
Fehlernachricht fuer Luecke von 1973 bis 1973 C-In: 23.10 18:11:30,149|
lab29-38-<0.2880.0>-T3: Msg #1974, C-Out: 23.10 18:11:29,165| HBQ-In: 23.10 18:11:29,166| DQ-In: 23.10 18:11:29,684| C-In: 23.10 18:11:30,149|
lab29-78-<0.180.0>-T3: Msg #1975, C-Out: 23.10 18:11:29,665| HBQ-In: 23.10 18:11:29,666| DQ-In: 23.10 18:11:29,684| C-In: 23.10 18:11:30,150|
lab29-3-<0.5663.0>-T3: Msg #1976, C-Out: 23.10 18:11:29,165| HBQ-In: 23.10 18:11:29,165| DQ-In: 23.10 18:11:29,684| C-In: 23.10 18:11:30,150|
lab29-33-<0.3306.0>-T3: Msg #1977, C-Out: 23.10 18:11:29,182| HBQ-In: 23.10 18:11:29,182| DQ-In: 23.10 18:11:29,684| C-In: 23.10 18:11:30,150|
lab29-43-<0.2458.0>-T3: Msg #1978, C-Out: 23.10 18:11:29,182| HBQ-In: 23.10 18:11:29,182| DQ-In: 23.10 18:11:29,684| C-In: 23.10 18:11:30,151|
lab29-23-<0.4130.0>-T3: Msg #1979, C-Out: 23.10 18:11:29,183| HBQ-In: 23.10 18:11:29,183| DQ-In: 23.10 18:11:29,684| C-In: 23.10 18:11:30,151|
lab29-71-<0.461.0>-T3: Msg #1980, C-Out: 23.10 18:11:29,684| HBQ-In: 23.10 18:11:29,684| DQ-In: 23.10 18:11:29,684| C-In: 23.10 18:11:30,152|
lab29-28-<0.3729.0>-T3: Msg #1981, C-Out: 23.10 18:11:29,200| HBQ-In: 23.10 18:11:29,200| DQ-In: 23.10 18:11:29,684| C-In: 23.10 18:11:30,154|
lab29-48-<0.2035.0>-T3: Msg #1982, C-Out: 23.10 18:11:29,703| HBQ-In: 23.10 18:11:29,703| DQ-In: 23.10 18:11:29,703| C-In: 23.10 18:11:30,154|
lab29-63-<0.983.0>-T3: Msg #1983, C-Out: 23.10 18:11:29,706| HBQ-In: 23.10 18:11:29,706| DQ-In: 23.10 18:11:29,706| C-In: 23.10 18:11:30,154|
Fehlernachricht fuer Luecke von 1984 bis 1984 C-In: 23.10 18:11:30,158|
lab29-70-<0.519.0>-T3: Msg #1985, C-Out: 23.10 18:11:29,773| HBQ-In: 23.10 18:11:29,774| DQ-In: 23.10 18:11:29,805| C-In: 23.10 18:11:30,158|
Fehlernachricht fuer Luecke von 1986 bis 1989 C-In: 23.10 18:11:30,160|
lab29-17-<0.4601.0>-T3: Msg #1990, C-Out: 23.10 18:11:29,353| HBQ-In: 23.10 18:11:29,354| DQ-In: 23.10 18:11:29,810| C-In: 23.10 18:11:30,161|
lab29-12-<0.4991.0>-T3: Msg #1991, C-Out: 23.10 18:11:29,357| HBQ-In: 23.10 18:11:29,357| DQ-In: 23.10 18:11:29,810| C-In: 23.10 18:11:30,161|
lab29-7-<0.5358.0>-T3: Msg #1992, C-Out: 23.10 18:11:29,362| HBQ-In: 23.10 18:11:29,364| DQ-In: 23.10 18:11:29,810| C-In: 23.10 18:11:30,162|
lab29-2-<0.5741.0>-T3: Msg #1993, C-Out: 23.10 18:11:29,371| HBQ-In: 23.10 18:11:29,373| DQ-In: 23.10 18:11:29,810| C-In: 23.10 18:11:30,162|
lab29-32-<0.3394.0>-T3: Msg #1994, C-Out: 23.10 18:11:29,378| HBQ-In: 23.10 18:11:29,378| DQ-In: 23.10 18:11:29,810| C-In: 23.10 18:11:30,162|
lab29-42-<0.2545.0>-T3: Msg #1995, C-Out: 23.10 18:11:29,383| HBQ-In: 23.10 18:11:29,383| DQ-In: 23.10 18:11:29,810| C-In: 23.10 18:11:30,163|
Fehlernachricht fuer Luecke von 1996 bis 1996 C-In: 23.10 18:11:30,163|
lab29-37-<0.2967.0>-T3: Msg #1997, C-Out: 23.10 18:11:29,396| HBQ-In: 23.10 18:11:29,397| DQ-In: 23.10 18:11:29,966| C-In: 23.10 18:11:30,163|
lab29-27-<0.3815.0>-T3: Msg #1998, C-Out: 23.10 18:11:29,402| HBQ-In: 23.10 18:11:29,402| DQ-In: 23.10 18:11:29,966| C-In: 23.10 18:11:30,165|
lab29-22-<0.4210.0>-T3: Msg #1999, C-Out: 23.10 18:11:29,404| HBQ-In: 23.10 18:11:29,404| DQ-In: 23.10 18:11:29,966| C-In: 23.10 18:11:30,166|
lab29-47-<0.2127.0>-T3: Msg #2000, C-Out: 23.10 18:11:29,925| HBQ-In: 23.10 18:11:29,925| DQ-In: 23.10 18:11:29,966| C-In: 23.10 18:11:30,166|
lab29-62-<0.1043.0>-T3: Msg #2001, C-Out: 23.10 18:11:29,929| HBQ-In: 23.10 18:11:29,929| DQ-In: 23.10 18:11:29,966| C-In: 23.10 18:11:30,166|
Fehlernachricht fuer Luecke von 2002 bis 2002 C-In: 23.10 18:11:30,167|
lab29-77-<0.187.0>-T3: Msg #2003, C-Out: 23.10 18:11:29,939| HBQ-In: 23.10 18:11:29,939| DQ-In: 23.10 18:11:29,996| C-In: 23.10 18:11:30,169|
Fehlernachricht fuer Luecke von 2004 bis 2004 C-In: 23.10 18:11:30,170|
lab29-69-<0.583.0>-T3: Msg #2005, C-Out: 23.10 18:11:29,983| HBQ-In: 23.10 18:11:29,983| DQ-In: 23.10 18:11:30,016| C-In: 23.10 18:11:30,170|
Fehlernachricht fuer Luecke von 2006 bis 2006 C-In: 23.10 18:11:30,170|
lab29-54-<0.1586.0>-T3: Msg #2007, C-Out: 23.10 18:11:30,022| HBQ-In: 23.10 18:11:30,022| DQ-In: 23.10 18:11:30,022| C-In: 23.10 18:11:30,171|
lab29-16-<0.4681.0>-T3: Msg #2008, C-Out: 23.10 18:11:29,559| HBQ-In: 23.10 18:11:29,559| DQ-In: 23.10 18:11:30,022| C-In: 23.10 18:11:30,171|
Fehlernachricht fuer Luecke von 2009 bis 2009 C-In: 23.10 18:11:30,171|
lab29-11-<0.5067.0>-T3: Msg #2010, C-Out: 23.10 18:11:29,560| HBQ-In: 23.10 18:11:29,560| DQ-In: 23.10 18:11:30,140| C-In: 23.10 18:11:30,191|
Fehlernachricht fuer Luecke von 2011 bis 2011 C-In: 23.10 18:11:30,192|
lab29-6-<0.5440.0>-T3: Msg #2012, C-Out: 23.10 18:11:29,568| HBQ-In: 23.10 18:11:29,568| DQ-In: 23.10 18:11:30,146| C-In: 23.10 18:11:30,194|
lab29-1-<0.5818.0>-T3: Msg #2013, C-Out: 23.10 18:11:29,573| HBQ-In: 23.10 18:11:29,573| DQ-In: 23.10 18:11:30,146| C-In: 23.10 18:11:30,195|
lab29-31-<0.3480.0>-T3: Msg #2014, C-Out: 23.10 18:11:29,578| HBQ-In: 23.10 18:11:29,578| DQ-In: 23.10 18:11:30,146| C-In: 23.10 18:11:30,197|
lab29-36-<0.3048.0>-T3: Msg #2015, C-Out: 23.10 18:11:29,583| HBQ-In: 23.10 18:11:29,584| DQ-In: 23.10 18:11:30,146| C-In: 23.10 18:11:30,200|
lab29-26-<0.3898.0>-T3: Msg #2016, C-Out: 23.10 18:11:29,594| HBQ-In: 23.10 18:11:29,594| DQ-In: 23.10 18:11:30,146| C-In: 23.10 18:11:30,202|
lab29-41-<0.2632.0>-T3: Msg #2017, C-Out: 23.10 18:11:29,603| HBQ-In: 23.10 18:11:29,604| DQ-In: 23.10 18:11:30,146| C-In: 23.10 18:11:30,202|
lab29-21-<0.4291.0>-T3: Msg #2018, C-Out: 23.10 18:11:29,615| HBQ-In: 23.10 18:11:29,616| DQ-In: 23.10 18:11:30,146| C-In: 23.10 18:11:30,204|
lab29-46-<0.2213.0>-T3: Msg #2019, C-Out: 23.10 18:11:30,115| HBQ-In: 23.10 18:11:30,116| DQ-In: 23.10 18:11:30,146| C-In: 23.10 18:11:30,205|
Fehlernachricht fuer Luecke von 2020 bis 2020 C-In: 23.10 18:11:30,208|
lab29-61-<0.1100.0>-T3: Msg #2021, C-Out: 23.10 18:11:30,140| HBQ-In: 23.10 18:11:30,140| DQ-In: 23.10 18:11:30,202| C-In: 23.10 18:11:30,211|
lab29-76-<0.194.0>-T3: Msg #2022, C-Out: 23.10 18:11:30,146| HBQ-In: 23.10 18:11:30,146| DQ-In: 23.10 18:11:30,202|******* C-In: 23.10 18:11:30,211|
ReceiveMsgs done
lab29-76-<0.194.0>-T3: Msg #2167, C-Out: 23.10 18:11:32,464| gesendet
lab29-76-<0.194.0>-T3: Msg #2382, C-Out: 23.10 18:11:34,716| gesendet
lab29-76-<0.194.0>-T3: Msg #2554, C-Out: 23.10 18:11:36,967| gesendet
lab29-76-<0.194.0>-T3: Msg #2736, C-Out: 23.10 18:11:39,218| gesendet
