lab29-63-<0.983.0>-T3 C-Start: 23.10 18:11:15,089|
lab29-63-<0.983.0>-T3: Msg #912, C-Out: 23.10 18:11:16,092| gesendet
lab29-63-<0.983.0>-T3: Msg #958, C-Out: 23.10 18:11:17,093| gesendet
lab29-63-<0.983.0>-T3: Msg #1014, C-Out: 23.10 18:11:18,094| gesendet
lab29-63-<0.983.0>-T3: Msg #1072, C-Out: 23.10 18:11:19,096| gesendet
lab29-63-<0.983.0>-T3: Msg #1160, C-Out: 23.10 18:11:20,099| gesendet
Neues Intervall: 1 Sekunden
Msg #1229 um 23.10 18:11:20,100| vergessen zu senden
lab29-68-<0.633.0>-T3: Msg #1071, C-Out: 23.10 18:11:19,096| HBQ-In: 23.10 18:11:19,097| DQ-In: 23.10 18:11:19,113| C-In: 23.10 18:11:20,102|
lab29-63-<0.983.0>-T3: Msg #1072, C-Out: 23.10 18:11:19,096| HBQ-In: 23.10 18:11:19,096| DQ-In: 23.10 18:11:19,113|******* C-In: 23.10 18:11:20,103|
lab29-48-<0.2035.0>-T3: Msg #1075, C-Out: 23.10 18:11:19,112| HBQ-In: 23.10 18:11:19,112| DQ-In: 23.10 18:11:19,113| C-In: 23.10 18:11:20,103|
lab29-93-<0.95.0>-T3: Msg #1076, C-Out: 23.10 18:11:19,112| HBQ-In: 23.10 18:11:19,112| DQ-In: 23.10 18:11:19,113| C-In: 23.10 18:11:20,104|
lab29-83-<0.147.0>-T3: Msg #1077, C-Out: 23.10 18:11:19,117| HBQ-In: 23.10 18:11:19,117| DQ-In: 23.10 18:11:19,117| C-In: 23.10 18:11:20,104|
lab29-78-<0.180.0>-T3: Msg #1078, C-Out: 23.10 18:11:19,120| HBQ-In: 23.10 18:11:19,120| DQ-In: 23.10 18:11:19,120| C-In: 23.10 18:11:20,104|
lab29-88-<0.118.0>-T3: Msg #1079, C-Out: 23.10 18:11:19,121| HBQ-In: 23.10 18:11:19,121| DQ-In: 23.10 18:11:19,121| C-In: 23.10 18:11:20,105|
lab29-73-<0.332.0>-T3: Msg #1080, C-Out: 23.10 18:11:19,122| HBQ-In: 23.10 18:11:19,122| DQ-In: 23.10 18:11:19,122| C-In: 23.10 18:11:20,105|
Fehlernachricht fuer Luecke von 1081 bis 1083 C-In: 23.10 18:11:20,105|
lab29-67-<0.708.0>-T3: Msg #1084, C-Out: 23.10 18:11:19,296| HBQ-In: 23.10 18:11:19,297| DQ-In: 23.10 18:11:19,316| C-In: 23.10 18:11:20,106|
lab29-62-<0.1043.0>-T3: Msg #1085, C-Out: 23.10 18:11:19,299| HBQ-In: 23.10 18:11:19,299| DQ-In: 23.10 18:11:19,316| C-In: 23.10 18:11:20,106|
lab29-57-<0.1365.0>-T3: Msg #1086, C-Out: 23.10 18:11:19,304| HBQ-In: 23.10 18:11:19,304| DQ-In: 23.10 18:11:19,316| C-In: 23.10 18:11:20,106|
lab29-52-<0.1713.0>-T3: Msg #1087, C-Out: 23.10 18:11:19,312| HBQ-In: 23.10 18:11:19,316| DQ-In: 23.10 18:11:19,316| C-In: 23.10 18:11:20,107|
lab29-47-<0.2127.0>-T3: Msg #1088, C-Out: 23.10 18:11:19,312| HBQ-In: 23.10 18:11:19,316| DQ-In: 23.10 18:11:19,316| C-In: 23.10 18:11:20,107|
lab29-87-<0.123.0>-T3: Msg #1089, C-Out: 23.10 18:11:19,312| HBQ-In: 23.10 18:11:19,314| DQ-In: 23.10 18:11:19,316| C-In: 23.10 18:11:20,107|
lab29-82-<0.153.0>-T3: Msg #1090, C-Out: 23.10 18:11:19,315| HBQ-In: 23.10 18:11:19,316| DQ-In: 23.10 18:11:19,316| C-In: 23.10 18:11:20,110|
lab29-72-<0.396.0>-T3: Msg #1091, C-Out: 23.10 18:11:19,325| HBQ-In: 23.10 18:11:19,326| DQ-In: 23.10 18:11:19,326| C-In: 23.10 18:11:20,112|
lab29-92-<0.99.0>-T3: Msg #1092, C-Out: 23.10 18:11:19,335| HBQ-In: 23.10 18:11:19,336| DQ-In: 23.10 18:11:19,336| C-In: 23.10 18:11:20,114|
lab29-77-<0.187.0>-T3: Msg #1093, C-Out: 23.10 18:11:19,378| HBQ-In: 23.10 18:11:19,378| DQ-In: 23.10 18:11:19,378| C-In: 23.10 18:11:20,115|
Fehlernachricht fuer Luecke von 1094 bis 1094 C-In: 23.10 18:11:20,117|
lab29-66-<0.743.0>-T3: Msg #1095, C-Out: 23.10 18:11:19,495| HBQ-In: 23.10 18:11:19,495| DQ-In: 23.10 18:11:19,512| C-In: 23.10 18:11:20,117|
Fehlernachricht fuer Luecke von 1096 bis 1097 C-In: 23.10 18:11:20,118|
1-client@lab23: 1098. Nachricht--Gruppe:1-Team:5-Sendezeit:18:11:18 HBQ-In: 23.10 18:11:18,502| DQ-In: 23.10 18:11:19,561| C-In: 23.10 18:11:20,118|
lab29-61-<0.1100.0>-T3: Msg #1099, C-Out: 23.10 18:11:19,503| HBQ-In: 23.10 18:11:19,503| DQ-In: 23.10 18:11:19,561| C-In: 23.10 18:11:20,118|
3-client@lab23: 1100. Nachricht--Gruppe:1-Team:5-Sendezeit:18:11:18 HBQ-In: 23.10 18:11:18,505| DQ-In: 23.10 18:11:19,561| C-In: 23.10 18:11:20,119|
1-client@lab23: 1101. Nachricht--Gruppe:1-Team:5-Sendezeit:18:11:18 HBQ-In: 23.10 18:11:18,508| DQ-In: 23.10 18:11:19,561| C-In: 23.10 18:11:20,121|
4-client@lab23: 1102. Nachricht--Gruppe:1-Team:5-Sendezeit:18:11:18 HBQ-In: 23.10 18:11:18,508| DQ-In: 23.10 18:11:19,561| C-In: 23.10 18:11:20,122|
2-client@lab23: 1103. Nachricht--Gruppe:1-Team:5-Sendezeit:18:11:18 HBQ-In: 23.10 18:11:18,508| DQ-In: 23.10 18:11:19,561| C-In: 23.10 18:11:20,127|
5-client@lab23: 1104. Nachricht--Gruppe:1-Team:5-Sendezeit:18:11:18 HBQ-In: 23.10 18:11:18,508| DQ-In: 23.10 18:11:19,561| C-In: 23.10 18:11:20,127|
lab29-56-<0.1439.0>-T3: Msg #1105, C-Out: 23.10 18:11:19,506| HBQ-In: 23.10 18:11:19,506| DQ-In: 23.10 18:11:19,561| C-In: 23.10 18:11:20,128|
3-client@lab23: 1106. Nachricht--Gruppe:1-Team:5-Sendezeit:18:11:18 HBQ-In: 23.10 18:11:18,512| DQ-In: 23.10 18:11:19,561| C-In: 23.10 18:11:20,128|
1-client@lab23: 1107. Nachricht--Gruppe:1-Team:5-Sendezeit:18:11:18 HBQ-In: 23.10 18:11:18,512| DQ-In: 23.10 18:11:19,561| C-In: 23.10 18:11:20,128|
4-client@lab23: 1108. Nachricht--Gruppe:1-Team:5-Sendezeit:18:11:18 HBQ-In: 23.10 18:11:18,513| DQ-In: 23.10 18:11:19,561| C-In: 23.10 18:11:20,129|
2-client@lab23: 1109. Nachricht--Gruppe:1-Team:5-Sendezeit:18:11:18 HBQ-In: 23.10 18:11:18,513| DQ-In: 23.10 18:11:19,562| C-In: 23.10 18:11:20,129|
5-client@lab23: 1110. Nachricht--Gruppe:1-Team:5-Sendezeit:18:11:18 HBQ-In: 23.10 18:11:18,513| DQ-In: 23.10 18:11:19,562| C-In: 23.10 18:11:20,129|
lab29-51-<0.1789.0>-T3: Msg #1111, C-Out: 23.10 18:11:19,509| HBQ-In: 23.10 18:11:19,511| DQ-In: 23.10 18:11:19,562| C-In: 23.10 18:11:20,130|
lab29-81-<0.159.0>-T3: Msg #1112, C-Out: 23.10 18:11:19,511| HBQ-In: 23.10 18:11:19,511| DQ-In: 23.10 18:11:19,562| C-In: 23.10 18:11:20,130|
lab29-46-<0.2213.0>-T3: Msg #1113, C-Out: 23.10 18:11:19,512| HBQ-In: 23.10 18:11:19,512| DQ-In: 23.10 18:11:19,562| C-In: 23.10 18:11:20,130|
1-client@lab23: 1114. Nachricht--Gruppe:1-Team:5-Sendezeit:18:11:18 HBQ-In: 23.10 18:11:18,517| DQ-In: 23.10 18:11:19,562| C-In: 23.10 18:11:20,131|
3-client@lab23: 1115. Nachricht--Gruppe:1-Team:5-Sendezeit:18:11:18 HBQ-In: 23.10 18:11:18,518| DQ-In: 23.10 18:11:19,562| C-In: 23.10 18:11:20,131|
2-client@lab23: 1116. Nachricht--Gruppe:1-Team:5-Sendezeit:18:11:18 HBQ-In: 23.10 18:11:18,517| DQ-In: 23.10 18:11:19,562| C-In: 23.10 18:11:20,133|
5-client@lab23: 1117. Nachricht--Gruppe:1-Team:5-Sendezeit:18:11:18 HBQ-In: 23.10 18:11:18,518| DQ-In: 23.10 18:11:19,562| C-In: 23.10 18:11:20,134|
4-client@lab23: 1118. Nachricht--Gruppe:1-Team:5-Sendezeit:18:11:18 HBQ-In: 23.10 18:11:18,518| DQ-In: 23.10 18:11:19,562| C-In: 23.10 18:11:20,134|
Fehlernachricht fuer Luecke von 1119 bis 1119 C-In: 23.10 18:11:20,134|
2-client@lab23: 1120. Nachricht--Gruppe:1-Team:5-Sendezeit:18:11:18 HBQ-In: 23.10 18:11:18,522| DQ-In: 23.10 18:11:19,929| C-In: 23.10 18:11:20,135|
3-client@lab23: 1121. Nachricht--Gruppe:1-Team:5-Sendezeit:18:11:18 HBQ-In: 23.10 18:11:18,523| DQ-In: 23.10 18:11:19,929| C-In: 23.10 18:11:20,135|
5-client@lab23: 1122. Nachricht--Gruppe:1-Team:5-Sendezeit:18:11:18 HBQ-In: 23.10 18:11:18,523| DQ-In: 23.10 18:11:19,929| C-In: 23.10 18:11:20,136|
4-client@lab23: 1123. Nachricht--Gruppe:1-Team:5-Sendezeit:18:11:18 HBQ-In: 23.10 18:11:18,523| DQ-In: 23.10 18:11:19,929| C-In: 23.10 18:11:20,136|
Fehlernachricht fuer Luecke von 1124 bis 1127 C-In: 23.10 18:11:20,136|
lab29-91-<0.103.0>-T3: Msg #1128, C-Out: 23.10 18:11:19,561| HBQ-In: 23.10 18:11:19,561| DQ-In: 23.10 18:11:20,103| C-In: 23.10 18:11:20,136|
lab29-86-<0.129.0>-T3: Msg #1129, C-Out: 23.10 18:11:19,565| HBQ-In: 23.10 18:11:19,566| DQ-In: 23.10 18:11:20,103| C-In: 23.10 18:11:20,137|
lab29-76-<0.194.0>-T3: Msg #1130, C-Out: 23.10 18:11:19,583| HBQ-In: 23.10 18:11:19,583| DQ-In: 23.10 18:11:20,103| C-In: 23.10 18:11:20,137|
Fehlernachricht fuer Luecke von 1131 bis 1131 C-In: 23.10 18:11:20,137|
lab29-71-<0.461.0>-T3: Msg #1132, C-Out: 23.10 18:11:19,604| HBQ-In: 23.10 18:11:19,606| DQ-In: 23.10 18:11:20,117| C-In: 23.10 18:11:20,138|
Fehlernachricht fuer Luecke von 1133 bis 1133 C-In: 23.10 18:11:20,140|
lab29-65-<0.819.0>-T3: Msg #1134, C-Out: 23.10 18:11:19,694| HBQ-In: 23.10 18:11:19,694| DQ-In: 23.10 18:11:20,118| C-In: 23.10 18:11:20,141|
Fehlernachricht fuer Luecke von 1135 bis 1135 C-In: 23.10 18:11:20,141|
lab29-60-<0.1170.0>-T3: Msg #1136, C-Out: 23.10 18:11:19,705| HBQ-In: 23.10 18:11:19,706| DQ-In: 23.10 18:11:20,121| C-In: 23.10 18:11:20,142|
lab29-85-<0.133.0>-T3: Msg #1137, C-Out: 23.10 18:11:19,705| HBQ-In: 23.10 18:11:19,706| DQ-In: 23.10 18:11:20,121| C-In: 23.10 18:11:20,142|
lab29-50-<0.1864.0>-T3: Msg #1138, C-Out: 23.10 18:11:19,707| HBQ-In: 23.10 18:11:19,707| DQ-In: 23.10 18:11:20,121| C-In: 23.10 18:11:20,142|
lab29-55-<0.1513.0>-T3: Msg #1139, C-Out: 23.10 18:11:19,707| HBQ-In: 23.10 18:11:19,707| DQ-In: 23.10 18:11:20,121| C-In: 23.10 18:11:20,145|
lab29-45-<0.2293.0>-T3: Msg #1140, C-Out: 23.10 18:11:19,712| HBQ-In: 23.10 18:11:19,712| DQ-In: 23.10 18:11:20,121| C-In: 23.10 18:11:20,145|
lab29-70-<0.519.0>-T3: Msg #1141, C-Out: 23.10 18:11:19,713| HBQ-In: 23.10 18:11:19,713| DQ-In: 23.10 18:11:20,121| C-In: 23.10 18:11:20,145|
lab29-80-<0.164.0>-T3: Msg #1142, C-Out: 23.10 18:11:19,760| HBQ-In: 23.10 18:11:19,760| DQ-In: 23.10 18:11:20,121| C-In: 23.10 18:11:20,146|
lab29-90-<0.107.0>-T3: Msg #1143, C-Out: 23.10 18:11:19,760| HBQ-In: 23.10 18:11:19,760| DQ-In: 23.10 18:11:20,121| C-In: 23.10 18:11:20,146|
ReceiveMsgs done
lab29-63-<0.983.0>-T3: Msg #1241, C-Out: 23.10 18:11:21,147| gesendet
lab29-63-<0.983.0>-T3: Msg #1317, C-Out: 23.10 18:11:22,148| gesendet
lab29-63-<0.983.0>-T3: Msg #1392, C-Out: 23.10 18:11:23,149| gesendet
lab29-63-<0.983.0>-T3: Msg #1496, C-Out: 23.10 18:11:24,152| gesendet
lab29-63-<0.983.0>-T3: Msg #1577, C-Out: 23.10 18:11:25,155| gesendet
Neues Intervall: 1.5 Sekunden
Msg #1665 um 23.10 18:11:25,158| vergessen zu senden
Fehlernachricht fuer Luecke von 1482 bis 1482 C-In: 23.10 18:11:25,159|
lab29-97-<0.81.0>-T3: Msg #1483, C-Out: 23.10 18:11:24,507| HBQ-In: 23.10 18:11:24,507| DQ-In: 23.10 18:11:24,540| C-In: 23.10 18:11:25,159|
lab29-74-<0.266.0>-T3: Msg #1484, C-Out: 23.10 18:11:24,510| HBQ-In: 23.10 18:11:24,510| DQ-In: 23.10 18:11:24,540| C-In: 23.10 18:11:25,159|
Fehlernachricht fuer Luecke von 1485 bis 1485 C-In: 23.10 18:11:25,160|
lab29-43-<0.2458.0>-T3: Msg #1486, C-Out: 23.10 18:11:24,126| HBQ-In: 23.10 18:11:24,126| DQ-In: 23.10 18:11:24,548| C-In: 23.10 18:11:25,160|
Fehlernachricht fuer Luecke von 1487 bis 1487 C-In: 23.10 18:11:25,161|
lab29-33-<0.3306.0>-T3: Msg #1488, C-Out: 23.10 18:11:24,132| HBQ-In: 23.10 18:11:24,133| DQ-In: 23.10 18:11:24,548| C-In: 23.10 18:11:25,162|
lab29-38-<0.2880.0>-T3: Msg #1489, C-Out: 23.10 18:11:24,134| HBQ-In: 23.10 18:11:24,134| DQ-In: 23.10 18:11:24,548| C-In: 23.10 18:11:25,162|
Fehlernachricht fuer Luecke von 1490 bis 1491 C-In: 23.10 18:11:25,162|
lab29-28-<0.3729.0>-T3: Msg #1492, C-Out: 23.10 18:11:24,136| HBQ-In: 23.10 18:11:24,136| DQ-In: 23.10 18:11:24,569| C-In: 23.10 18:11:25,163|
lab29-68-<0.633.0>-T3: Msg #1493, C-Out: 23.10 18:11:24,138| HBQ-In: 23.10 18:11:24,138| DQ-In: 23.10 18:11:24,569| C-In: 23.10 18:11:25,163|
lab29-23-<0.4130.0>-T3: Msg #1494, C-Out: 23.10 18:11:24,141| HBQ-In: 23.10 18:11:24,141| DQ-In: 23.10 18:11:24,569| C-In: 23.10 18:11:25,172|
lab29-53-<0.1650.0>-T3: Msg #1495, C-Out: 23.10 18:11:24,146| HBQ-In: 23.10 18:11:24,148| DQ-In: 23.10 18:11:24,569| C-In: 23.10 18:11:25,175|
lab29-63-<0.983.0>-T3: Msg #1496, C-Out: 23.10 18:11:24,152| HBQ-In: 23.10 18:11:24,152| DQ-In: 23.10 18:11:24,569|******* C-In: 23.10 18:11:25,175|
lab29-58-<0.1296.0>-T3: Msg #1497, C-Out: 23.10 18:11:24,155| HBQ-In: 23.10 18:11:24,155| DQ-In: 23.10 18:11:24,569| C-In: 23.10 18:11:25,176|
lab29-48-<0.2035.0>-T3: Msg #1498, C-Out: 23.10 18:11:24,157| HBQ-In: 23.10 18:11:24,157| DQ-In: 23.10 18:11:24,569| C-In: 23.10 18:11:25,176|
lab29-73-<0.332.0>-T3: Msg #1499, C-Out: 23.10 18:11:24,658| HBQ-In: 23.10 18:11:24,659| DQ-In: 23.10 18:11:24,659| C-In: 23.10 18:11:25,176|
lab29-88-<0.118.0>-T3: Msg #1500, C-Out: 23.10 18:11:24,665| HBQ-In: 23.10 18:11:24,666| DQ-In: 23.10 18:11:24,666| C-In: 23.10 18:11:25,177|
Fehlernachricht fuer Luecke von 1501 bis 1502 C-In: 23.10 18:11:25,177|
lab29-37-<0.2967.0>-T3: Msg #1503, C-Out: 23.10 18:11:24,331| HBQ-In: 23.10 18:11:24,331| DQ-In: 23.10 18:11:24,746| C-In: 23.10 18:11:25,177|
lab29-42-<0.2545.0>-T3: Msg #1504, C-Out: 23.10 18:11:24,331| HBQ-In: 23.10 18:11:24,331| DQ-In: 23.10 18:11:24,746| C-In: 23.10 18:11:25,178|
lab29-32-<0.3394.0>-T3: Msg #1505, C-Out: 23.10 18:11:24,331| HBQ-In: 23.10 18:11:24,331| DQ-In: 23.10 18:11:24,746| C-In: 23.10 18:11:25,178|
Fehlernachricht fuer Luecke von 1506 bis 1507 C-In: 23.10 18:11:25,178|
lab29-27-<0.3815.0>-T3: Msg #1508, C-Out: 23.10 18:11:24,340| HBQ-In: 23.10 18:11:24,340| DQ-In: 23.10 18:11:24,770| C-In: 23.10 18:11:25,179|
lab29-22-<0.4210.0>-T3: Msg #1509, C-Out: 23.10 18:11:24,341| HBQ-In: 23.10 18:11:24,342| DQ-In: 23.10 18:11:24,770| C-In: 23.10 18:11:25,179|
lab29-67-<0.708.0>-T3: Msg #1510, C-Out: 23.10 18:11:24,346| HBQ-In: 23.10 18:11:24,346| DQ-In: 23.10 18:11:24,770| C-In: 23.10 18:11:25,179|
lab29-62-<0.1043.0>-T3: Msg #1511, C-Out: 23.10 18:11:24,356| HBQ-In: 23.10 18:11:24,357| DQ-In: 23.10 18:11:24,770| C-In: 23.10 18:11:25,180|
lab29-47-<0.2127.0>-T3: Msg #1512, C-Out: 23.10 18:11:24,366| HBQ-In: 23.10 18:11:24,366| DQ-In: 23.10 18:11:24,770| C-In: 23.10 18:11:25,180|
lab29-87-<0.123.0>-T3: Msg #1513, C-Out: 23.10 18:11:24,868| HBQ-In: 23.10 18:11:24,869| DQ-In: 23.10 18:11:24,869| C-In: 23.10 18:11:25,180|
lab29-52-<0.1713.0>-T3: Msg #1514, C-Out: 23.10 18:11:24,380| HBQ-In: 23.10 18:11:24,380| DQ-In: 23.10 18:11:24,869| C-In: 23.10 18:11:25,181|
lab29-72-<0.396.0>-T3: Msg #1515, C-Out: 23.10 18:11:24,882| HBQ-In: 23.10 18:11:24,882| DQ-In: 23.10 18:11:24,882| C-In: 23.10 18:11:25,181|
lab29-57-<0.1365.0>-T3: Msg #1516, C-Out: 23.10 18:11:24,382| HBQ-In: 23.10 18:11:24,382| DQ-In: 23.10 18:11:24,882| C-In: 23.10 18:11:25,181|
Fehlernachricht fuer Luecke von 1517 bis 1518 C-In: 23.10 18:11:25,182|
lab29-41-<0.2632.0>-T3: Msg #1519, C-Out: 23.10 18:11:24,531| HBQ-In: 23.10 18:11:24,532| DQ-In: 23.10 18:11:24,946| C-In: 23.10 18:11:25,182|
lab29-36-<0.3048.0>-T3: Msg #1520, C-Out: 23.10 18:11:24,531| HBQ-In: 23.10 18:11:24,532| DQ-In: 23.10 18:11:24,946| C-In: 23.10 18:11:25,182|
lab29-31-<0.3480.0>-T3: Msg #1521, C-Out: 23.10 18:11:24,532| HBQ-In: 23.10 18:11:24,532| DQ-In: 23.10 18:11:24,946| C-In: 23.10 18:11:25,183|
lab29-26-<0.3898.0>-T3: Msg #1522, C-Out: 23.10 18:11:24,538| HBQ-In: 23.10 18:11:24,540| DQ-In: 23.10 18:11:24,946| C-In: 23.10 18:11:25,183|
Fehlernachricht fuer Luecke von 1523 bis 1523 C-In: 23.10 18:11:25,184|
lab29-66-<0.743.0>-T3: Msg #1524, C-Out: 23.10 18:11:24,548| HBQ-In: 23.10 18:11:24,548| DQ-In: 23.10 18:11:24,966| C-In: 23.10 18:11:25,184|
lab29-21-<0.4291.0>-T3: Msg #1525, C-Out: 23.10 18:11:24,547| HBQ-In: 23.10 18:11:24,548| DQ-In: 23.10 18:11:24,966| C-In: 23.10 18:11:25,184|
lab29-56-<0.1439.0>-T3: Msg #1526, C-Out: 23.10 18:11:24,547| HBQ-In: 23.10 18:11:24,548| DQ-In: 23.10 18:11:24,966| C-In: 23.10 18:11:25,185|
lab29-46-<0.2213.0>-T3: Msg #1527, C-Out: 23.10 18:11:24,551| HBQ-In: 23.10 18:11:24,551| DQ-In: 23.10 18:11:24,966| C-In: 23.10 18:11:25,185|
lab29-51-<0.1789.0>-T3: Msg #1528, C-Out: 23.10 18:11:24,568| HBQ-In: 23.10 18:11:24,569| DQ-In: 23.10 18:11:24,966| C-In: 23.10 18:11:25,185|
lab29-61-<0.1100.0>-T3: Msg #1529, C-Out: 23.10 18:11:24,574| HBQ-In: 23.10 18:11:24,575| DQ-In: 23.10 18:11:24,966| C-In: 23.10 18:11:25,186|
lab29-86-<0.129.0>-T3: Msg #1530, C-Out: 23.10 18:11:25,112| HBQ-In: 23.10 18:11:25,112| DQ-In: 23.10 18:11:25,112| C-In: 23.10 18:11:25,186|
Fehlernachricht fuer Luecke von 1531 bis 1536 C-In: 23.10 18:11:25,186|
lab29-40-<0.2707.0>-T3: Msg #1537, C-Out: 23.10 18:11:24,726| HBQ-In: 23.10 18:11:24,726| DQ-In: 23.10 18:11:25,149| C-In: 23.10 18:11:25,187|
lab29-35-<0.3134.0>-T3: Msg #1538, C-Out: 23.10 18:11:24,729| HBQ-In: 23.10 18:11:24,729| DQ-In: 23.10 18:11:25,149| C-In: 23.10 18:11:25,187|
lab29-65-<0.819.0>-T3: Msg #1539, C-Out: 23.10 18:11:24,729| HBQ-In: 23.10 18:11:24,729| DQ-In: 23.10 18:11:25,149| C-In: 23.10 18:11:25,187|
lab29-30-<0.3559.0>-T3: Msg #1540, C-Out: 23.10 18:11:24,741| HBQ-In: 23.10 18:11:24,741| DQ-In: 23.10 18:11:25,149| C-In: 23.10 18:11:25,187|
Fehlernachricht fuer Luecke von 1541 bis 1541 C-In: 23.10 18:11:25,188|
lab29-25-<0.3973.0>-T3: Msg #1542, C-Out: 23.10 18:11:24,746| HBQ-In: 23.10 18:11:24,746| DQ-In: 23.10 18:11:25,175| C-In: 23.10 18:11:25,188|
lab29-60-<0.1170.0>-T3: Msg #1543, C-Out: 23.10 18:11:24,746| HBQ-In: 23.10 18:11:24,746| DQ-In: 23.10 18:11:25,175| C-In: 23.10 18:11:25,188|
lab29-20-<0.4365.0>-T3: Msg #1544, C-Out: 23.10 18:11:24,746| HBQ-In: 23.10 18:11:24,746| DQ-In: 23.10 18:11:25,175| C-In: 23.10 18:11:25,189|
lab29-45-<0.2293.0>-T3: Msg #1545, C-Out: 23.10 18:11:24,766| HBQ-In: 23.10 18:11:24,766| DQ-In: 23.10 18:11:25,175| C-In: 23.10 18:11:25,194|
ReceiveMsgs done
lab29-63-<0.983.0>-T3: Msg #1673, C-Out: 23.10 18:11:26,702| gesendet
lab29-63-<0.983.0>-T3: Msg #1835, C-Out: 23.10 18:11:28,205| gesendet
lab29-63-<0.983.0>-T3: Msg #1983, C-Out: 23.10 18:11:29,706| gesendet
lab29-63-<0.983.0>-T3: Msg #2120, C-Out: 23.10 18:11:31,207| gesendet
lab29-63-<0.983.0>-T3: Msg #2279, C-Out: 23.10 18:11:32,716| gesendet
Neues Intervall: 2.25 Sekunden
Msg #2405 um 23.10 18:11:32,716| vergessen zu senden
5-client@lab23: 2209. Nachricht--Gruppe:1-Team:5-Sendezeit:18:11:30 HBQ-In: 23.10 18:11:30,696| DQ-In: 23.10 18:11:31,829| C-In: 23.10 18:11:32,717|
2-client@lab23: 2210. Nachricht--Gruppe:1-Team:5-Sendezeit:18:11:30 HBQ-In: 23.10 18:11:30,696| DQ-In: 23.10 18:11:31,829| C-In: 23.10 18:11:32,717|
4-client@lab23: 2211. Nachricht--Gruppe:1-Team:5-Sendezeit:18:11:30 HBQ-In: 23.10 18:11:30,696| DQ-In: 23.10 18:11:31,830| C-In: 23.10 18:11:32,718|
1-client@lab23: 2212. Nachricht--Gruppe:1-Team:5-Sendezeit:18:11:30 HBQ-In: 23.10 18:11:30,696| DQ-In: 23.10 18:11:31,830| C-In: 23.10 18:11:32,718|
4-client@lab23: 2213. Nachricht--Gruppe:1-Team:5-Sendezeit:18:11:30 HBQ-In: 23.10 18:11:30,702| DQ-In: 23.10 18:11:31,830| C-In: 23.10 18:11:32,718|
5-client@lab23: 2214. Nachricht--Gruppe:1-Team:5-Sendezeit:18:11:30 HBQ-In: 23.10 18:11:30,702| DQ-In: 23.10 18:11:31,830| C-In: 23.10 18:11:32,719|
2-client@lab23: 2215. Nachricht--Gruppe:1-Team:5-Sendezeit:18:11:30 HBQ-In: 23.10 18:11:30,702| DQ-In: 23.10 18:11:31,830| C-In: 23.10 18:11:32,721|
3-client@lab23: 2216. Nachricht--Gruppe:1-Team:5-Sendezeit:18:11:30 HBQ-In: 23.10 18:11:30,702| DQ-In: 23.10 18:11:31,830| C-In: 23.10 18:11:32,722|
1-client@lab23: 2217. Nachricht--Gruppe:1-Team:5-Sendezeit:18:11:30 HBQ-In: 23.10 18:11:30,702| DQ-In: 23.10 18:11:31,830| C-In: 23.10 18:11:32,724|
lab29-58-<0.1296.0>-T3: Msg #2218, C-Out: 23.10 18:11:32,200| HBQ-In: 23.10 18:11:32,201| DQ-In: 23.10 18:11:32,201| C-In: 23.10 18:11:32,725|
2-client@lab23: 2219. Nachricht--Gruppe:1-Team:5-Sendezeit:18:11:30 HBQ-In: 23.10 18:11:30,704| DQ-In: 23.10 18:11:32,201| C-In: 23.10 18:11:32,726|
3-client@lab23: 2220. Nachricht--Gruppe:1-Team:5-Sendezeit:18:11:30 HBQ-In: 23.10 18:11:30,706| DQ-In: 23.10 18:11:32,201| C-In: 23.10 18:11:32,726|
1-client@lab23: 2221. Nachricht--Gruppe:1-Team:5-Sendezeit:18:11:30 HBQ-In: 23.10 18:11:30,707| DQ-In: 23.10 18:11:32,201| C-In: 23.10 18:11:32,726|
5-client@lab23: 2222. Nachricht--Gruppe:1-Team:5-Sendezeit:18:11:30 HBQ-In: 23.10 18:11:30,706| DQ-In: 23.10 18:11:32,201| C-In: 23.10 18:11:32,727|
4-client@lab23: 2223. Nachricht--Gruppe:1-Team:5-Sendezeit:18:11:30 HBQ-In: 23.10 18:11:30,706| DQ-In: 23.10 18:11:32,201| C-In: 23.10 18:11:32,727|
2-client@lab23: 2224. Nachricht--Gruppe:1-Team:5-Sendezeit:18:11:30 HBQ-In: 23.10 18:11:30,710| DQ-In: 23.10 18:11:32,201| C-In: 23.10 18:11:32,727|
3-client@lab23: 2225. Nachricht--Gruppe:1-Team:5-Sendezeit:18:11:30 HBQ-In: 23.10 18:11:30,712| DQ-In: 23.10 18:11:32,201| C-In: 23.10 18:11:32,728|
4-client@lab23: 2226. Nachricht--Gruppe:1-Team:5-Sendezeit:18:11:30 HBQ-In: 23.10 18:11:30,711| DQ-In: 23.10 18:11:32,201| C-In: 23.10 18:11:32,728|
5-client@lab23: 2227. Nachricht--Gruppe:1-Team:5-Sendezeit:18:11:30 HBQ-In: 23.10 18:11:30,710| DQ-In: 23.10 18:11:32,201| C-In: 23.10 18:11:32,728|
1-client@lab23: 2228. Nachricht--Gruppe:1-Team:5-Sendezeit:18:11:30 HBQ-In: 23.10 18:11:30,711| DQ-In: 23.10 18:11:32,201| C-In: 23.10 18:11:32,729|
Fehlernachricht fuer Luecke von 2229 bis 2232 C-In: 23.10 18:11:32,729|
3-client@lab23: 2233. Nachricht--Gruppe:1-Team:5-Sendezeit:18:11:30 HBQ-In: 23.10 18:11:30,713| DQ-In: 23.10 18:11:32,412| C-In: 23.10 18:11:32,729|
Fehlernachricht fuer Luecke von 2234 bis 2234 C-In: 23.10 18:11:32,730|
lab29-43-<0.2458.0>-T3: Msg #2235, C-Out: 23.10 18:11:32,232| HBQ-In: 23.10 18:11:32,233| DQ-In: 23.10 18:11:32,418| C-In: 23.10 18:11:32,730|
Fehlernachricht fuer Luecke von 2236 bis 2239 C-In: 23.10 18:11:32,730|
lab29-65-<0.819.0>-T3: Msg #2240, C-Out: 23.10 18:11:32,272| HBQ-In: 23.10 18:11:32,273| DQ-In: 23.10 18:11:32,429| C-In: 23.10 18:11:32,731|
lab29-5-<0.5513.0>-T3: Msg #2241, C-Out: 23.10 18:11:31,779| HBQ-In: 23.10 18:11:31,779| DQ-In: 23.10 18:11:32,429| C-In: 23.10 18:11:32,731|
lab29-25-<0.3973.0>-T3: Msg #2242, C-Out: 23.10 18:11:31,805| HBQ-In: 23.10 18:11:31,805| DQ-In: 23.10 18:11:32,429| C-In: 23.10 18:11:32,732|
lab29-15-<0.4762.0>-T3: Msg #2243, C-Out: 23.10 18:11:31,806| HBQ-In: 23.10 18:11:31,806| DQ-In: 23.10 18:11:32,429| C-In: 23.10 18:11:32,732|
lab29-20-<0.4365.0>-T3: Msg #2244, C-Out: 23.10 18:11:31,807| HBQ-In: 23.10 18:11:31,807| DQ-In: 23.10 18:11:32,429| C-In: 23.10 18:11:32,733|
lab29-30-<0.3559.0>-T3: Msg #2245, C-Out: 23.10 18:11:31,812| HBQ-In: 23.10 18:11:31,812| DQ-In: 23.10 18:11:32,429| C-In: 23.10 18:11:32,733|
lab29-35-<0.3134.0>-T3: Msg #2246, C-Out: 23.10 18:11:32,325| HBQ-In: 23.10 18:11:32,325| DQ-In: 23.10 18:11:32,429| C-In: 23.10 18:11:32,734|
lab29-10-<0.5112.0>-T3: Msg #2247, C-Out: 23.10 18:11:31,828| HBQ-In: 23.10 18:11:31,829| DQ-In: 23.10 18:11:32,429| C-In: 23.10 18:11:32,736|
Fehlernachricht fuer Luecke von 2248 bis 2248 C-In: 23.10 18:11:32,737|
lab29-50-<0.1864.0>-T3: Msg #2249, C-Out: 23.10 18:11:32,381| HBQ-In: 23.10 18:11:32,381| DQ-In: 23.10 18:11:32,599| C-In: 23.10 18:11:32,737|
Fehlernachricht fuer Luecke von 2250 bis 2250 C-In: 23.10 18:11:32,737|
lab29-57-<0.1365.0>-T3: Msg #2251, C-Out: 23.10 18:11:32,427| HBQ-In: 23.10 18:11:32,429| DQ-In: 23.10 18:11:32,605| C-In: 23.10 18:11:32,738|
lab29-42-<0.2545.0>-T3: Msg #2252, C-Out: 23.10 18:11:32,433| HBQ-In: 23.10 18:11:32,433| DQ-In: 23.10 18:11:32,605| C-In: 23.10 18:11:32,738|
Fehlernachricht fuer Luecke von 2253 bis 2255 C-In: 23.10 18:11:32,738|
lab29-64-<0.899.0>-T3: Msg #2256, C-Out: 23.10 18:11:32,470| HBQ-In: 23.10 18:11:32,470| DQ-In: 23.10 18:11:32,620| C-In: 23.10 18:11:32,739|
lab29-4-<0.5587.0>-T3: Msg #2257, C-Out: 23.10 18:11:31,972| HBQ-In: 23.10 18:11:31,972| DQ-In: 23.10 18:11:32,620| C-In: 23.10 18:11:32,739|
lab29-24-<0.4051.0>-T3: Msg #2258, C-Out: 23.10 18:11:31,978| HBQ-In: 23.10 18:11:31,978| DQ-In: 23.10 18:11:32,620| C-In: 23.10 18:11:32,740|
Fehlernachricht fuer Luecke von 2259 bis 2259 C-In: 23.10 18:11:32,742|
lab29-29-<0.3641.0>-T3: Msg #2260, C-Out: 23.10 18:11:31,999| HBQ-In: 23.10 18:11:31,000| DQ-In: 23.10 18:11:32,667| C-In: 23.10 18:11:32,742|
lab29-49-<0.1950.0>-T3: Msg #2261, C-Out: 23.10 18:11:32,509| HBQ-In: 23.10 18:11:32,509| DQ-In: 23.10 18:11:32,667| C-In: 23.10 18:11:32,742|
lab29-9-<0.5191.0>-T3: Msg #2262, C-Out: 23.10 18:11:32,016| HBQ-In: 23.10 18:11:32,016| DQ-In: 23.10 18:11:32,667| C-In: 23.10 18:11:32,744|
lab29-14-<0.4846.0>-T3: Msg #2263, C-Out: 23.10 18:11:32,020| HBQ-In: 23.10 18:11:32,020| DQ-In: 23.10 18:11:32,667| C-In: 23.10 18:11:32,744|
lab29-19-<0.4442.0>-T3: Msg #2264, C-Out: 23.10 18:11:32,020| HBQ-In: 23.10 18:11:32,020| DQ-In: 23.10 18:11:32,667| C-In: 23.10 18:11:32,745|
lab29-34-<0.3220.0>-T3: Msg #2265, C-Out: 23.10 18:11:32,525| HBQ-In: 23.10 18:11:32,525| DQ-In: 23.10 18:11:32,667| C-In: 23.10 18:11:32,747|
lab29-56-<0.1439.0>-T3: Msg #2266, C-Out: 23.10 18:11:32,605| HBQ-In: 23.10 18:11:32,605| DQ-In: 23.10 18:11:32,667| C-In: 23.10 18:11:32,747|
ReceiveMsgs done
lab29-63-<0.983.0>-T3: Msg #2408, C-Out: 23.10 18:11:34,000| gesendet
lab29-63-<0.983.0>-T3: Msg #2596, C-Out: 23.10 18:11:37,254| gesendet
lab29-63-<0.983.0>-T3: Msg #2756, C-Out: 23.10 18:11:39,505| gesendet
