lab29-46-<0.2213.0>-T3 C-Start: 23.10 18:11:18,510|
lab29-46-<0.2213.0>-T3: Msg #1113, C-Out: 23.10 18:11:19,512| gesendet
lab29-46-<0.2213.0>-T3: Msg #1193, C-Out: 23.10 18:11:20,513| gesendet
lab29-46-<0.2213.0>-T3: Msg #1261, C-Out: 23.10 18:11:21,514| gesendet
lab29-46-<0.2213.0>-T3: Msg #1339, C-Out: 23.10 18:11:22,517| gesendet
lab29-46-<0.2213.0>-T3: Msg #1414, C-Out: 23.10 18:11:23,518| gesendet
Neues Intervall: 1 Sekunden
Msg #1518 um 23.10 18:11:23,519| vergessen zu senden
lab29-71-<0.461.0>-T3: Msg #1349, C-Out: 23.10 18:11:22,614| HBQ-In: 23.10 18:11:22,614| DQ-In: 23.10 18:11:22,719| C-In: 23.10 18:11:23,520|
Fehlernachricht fuer Luecke von 1350 bis 1351 C-In: 23.10 18:11:23,520|
lab29-50-<0.1864.0>-T3: Msg #1352, C-Out: 23.10 18:11:22,712| HBQ-In: 23.10 18:11:22,713| DQ-In: 23.10 18:11:22,726| C-In: 23.10 18:11:23,520|
Fehlernachricht fuer Luecke von 1353 bis 1353 C-In: 23.10 18:11:23,521|
lab29-45-<0.2293.0>-T3: Msg #1354, C-Out: 23.10 18:11:22,718| HBQ-In: 23.10 18:11:22,719| DQ-In: 23.10 18:11:22,736| C-In: 23.10 18:11:23,521|
lab29-70-<0.519.0>-T3: Msg #1355, C-Out: 23.10 18:11:22,718| HBQ-In: 23.10 18:11:22,719| DQ-In: 23.10 18:11:22,736| C-In: 23.10 18:11:23,521|
lab29-40-<0.2707.0>-T3: Msg #1356, C-Out: 23.10 18:11:22,722| HBQ-In: 23.10 18:11:22,723| DQ-In: 23.10 18:11:22,736| C-In: 23.10 18:11:23,522|
lab29-35-<0.3134.0>-T3: Msg #1357, C-Out: 23.10 18:11:22,726| HBQ-In: 23.10 18:11:22,726| DQ-In: 23.10 18:11:22,736| C-In: 23.10 18:11:23,523|
lab29-65-<0.819.0>-T3: Msg #1358, C-Out: 23.10 18:11:22,726| HBQ-In: 23.10 18:11:22,726| DQ-In: 23.10 18:11:22,736| C-In: 23.10 18:11:23,525|
lab29-30-<0.3559.0>-T3: Msg #1359, C-Out: 23.10 18:11:22,736| HBQ-In: 23.10 18:11:22,736| DQ-In: 23.10 18:11:22,736| C-In: 23.10 18:11:23,526|
lab29-60-<0.1170.0>-T3: Msg #1360, C-Out: 23.10 18:11:22,740| HBQ-In: 23.10 18:11:22,741| DQ-In: 23.10 18:11:22,741| C-In: 23.10 18:11:23,526|
Fehlernachricht fuer Luecke von 1361 bis 1361 C-In: 23.10 18:11:23,526|
lab29-55-<0.1513.0>-T3: Msg #1362, C-Out: 23.10 18:11:22,766| HBQ-In: 23.10 18:11:22,766| DQ-In: 23.10 18:11:22,930| C-In: 23.10 18:11:23,526|
lab29-75-<0.200.0>-T3: Msg #1363, C-Out: 23.10 18:11:22,789| HBQ-In: 23.10 18:11:22,792| DQ-In: 23.10 18:11:22,930| C-In: 23.10 18:11:23,527|
Fehlernachricht fuer Luecke von 1364 bis 1367 C-In: 23.10 18:11:23,527|
lab29-49-<0.1950.0>-T3: Msg #1368, C-Out: 23.10 18:11:22,912| HBQ-In: 23.10 18:11:22,912| DQ-In: 23.10 18:11:22,933| C-In: 23.10 18:11:23,528|
lab29-44-<0.2376.0>-T3: Msg #1369, C-Out: 23.10 18:11:22,917| HBQ-In: 23.10 18:11:22,918| DQ-In: 23.10 18:11:22,933| C-In: 23.10 18:11:23,528|
lab29-39-<0.2795.0>-T3: Msg #1370, C-Out: 23.10 18:11:22,930| HBQ-In: 23.10 18:11:22,930| DQ-In: 23.10 18:11:22,933| C-In: 23.10 18:11:23,530|
lab29-34-<0.3220.0>-T3: Msg #1371, C-Out: 23.10 18:11:22,930| HBQ-In: 23.10 18:11:22,930| DQ-In: 23.10 18:11:22,933| C-In: 23.10 18:11:23,530|
lab29-64-<0.899.0>-T3: Msg #1372, C-Out: 23.10 18:11:22,931| HBQ-In: 23.10 18:11:22,931| DQ-In: 23.10 18:11:22,933| C-In: 23.10 18:11:23,531|
lab29-69-<0.583.0>-T3: Msg #1373, C-Out: 23.10 18:11:22,933| HBQ-In: 23.10 18:11:22,933| DQ-In: 23.10 18:11:22,933| C-In: 23.10 18:11:23,531|
lab29-29-<0.3641.0>-T3: Msg #1374, C-Out: 23.10 18:11:22,937| HBQ-In: 23.10 18:11:22,937| DQ-In: 23.10 18:11:22,937| C-In: 23.10 18:11:23,531|
lab29-59-<0.1234.0>-T3: Msg #1375, C-Out: 23.10 18:11:22,944| HBQ-In: 23.10 18:11:22,944| DQ-In: 23.10 18:11:22,944| C-In: 23.10 18:11:23,532|
Fehlernachricht fuer Luecke von 1376 bis 1376 C-In: 23.10 18:11:23,532|
lab29-54-<0.1586.0>-T3: Msg #1377, C-Out: 23.10 18:11:22,964| HBQ-In: 23.10 18:11:22,964| DQ-In: 23.10 18:11:23,132| C-In: 23.10 18:11:23,532|
lab29-74-<0.266.0>-T3: Msg #1378, C-Out: 23.10 18:11:22,971| HBQ-In: 23.10 18:11:22,971| DQ-In: 23.10 18:11:23,132| C-In: 23.10 18:11:23,533|
Fehlernachricht fuer Luecke von 1379 bis 1382 C-In: 23.10 18:11:23,533|
lab29-43-<0.2458.0>-T3: Msg #1383, C-Out: 23.10 18:11:23,124| HBQ-In: 23.10 18:11:23,125| DQ-In: 23.10 18:11:23,135| C-In: 23.10 18:11:23,533|
lab29-48-<0.2035.0>-T3: Msg #1384, C-Out: 23.10 18:11:23,124| HBQ-In: 23.10 18:11:23,125| DQ-In: 23.10 18:11:23,135| C-In: 23.10 18:11:23,534|
Fehlernachricht fuer Luecke von 1385 bis 1385 C-In: 23.10 18:11:23,536|
lab29-33-<0.3306.0>-T3: Msg #1386, C-Out: 23.10 18:11:23,131| HBQ-In: 23.10 18:11:23,131| DQ-In: 23.10 18:11:23,145| C-In: 23.10 18:11:23,536|
lab29-73-<0.332.0>-T3: Msg #1387, C-Out: 23.10 18:11:23,132| HBQ-In: 23.10 18:11:23,132| DQ-In: 23.10 18:11:23,145| C-In: 23.10 18:11:23,537|
lab29-38-<0.2880.0>-T3: Msg #1388, C-Out: 23.10 18:11:23,132| HBQ-In: 23.10 18:11:23,132| DQ-In: 23.10 18:11:23,145| C-In: 23.10 18:11:23,537|
lab29-28-<0.3729.0>-T3: Msg #1389, C-Out: 23.10 18:11:23,135| HBQ-In: 23.10 18:11:23,135| DQ-In: 23.10 18:11:23,145| C-In: 23.10 18:11:23,537|
lab29-68-<0.633.0>-T3: Msg #1390, C-Out: 23.10 18:11:23,137| HBQ-In: 23.10 18:11:23,137| DQ-In: 23.10 18:11:23,145| C-In: 23.10 18:11:23,538|
lab29-53-<0.1650.0>-T3: Msg #1391, C-Out: 23.10 18:11:23,145| HBQ-In: 23.10 18:11:23,145| DQ-In: 23.10 18:11:23,145| C-In: 23.10 18:11:23,538|
lab29-63-<0.983.0>-T3: Msg #1392, C-Out: 23.10 18:11:23,149| HBQ-In: 23.10 18:11:23,150| DQ-In: 23.10 18:11:23,150| C-In: 23.10 18:11:23,538|
lab29-58-<0.1296.0>-T3: Msg #1393, C-Out: 23.10 18:11:23,152| HBQ-In: 23.10 18:11:23,152| DQ-In: 23.10 18:11:23,152| C-In: 23.10 18:11:23,539|
Fehlernachricht fuer Luecke von 1394 bis 1396 C-In: 23.10 18:11:23,539|
lab29-47-<0.2127.0>-T3: Msg #1397, C-Out: 23.10 18:11:23,324| HBQ-In: 23.10 18:11:23,324| DQ-In: 23.10 18:11:23,337| C-In: 23.10 18:11:23,539|
Fehlernachricht fuer Luecke von 1398 bis 1398 C-In: 23.10 18:11:23,540|
lab29-37-<0.2967.0>-T3: Msg #1399, C-Out: 23.10 18:11:23,330| HBQ-In: 23.10 18:11:23,330| DQ-In: 23.10 18:11:23,345| C-In: 23.10 18:11:23,540|
lab29-42-<0.2545.0>-T3: Msg #1400, C-Out: 23.10 18:11:23,330| HBQ-In: 23.10 18:11:23,330| DQ-In: 23.10 18:11:23,345| C-In: 23.10 18:11:23,542|
lab29-32-<0.3394.0>-T3: Msg #1401, C-Out: 23.10 18:11:23,330| HBQ-In: 23.10 18:11:23,330| DQ-In: 23.10 18:11:23,345| C-In: 23.10 18:11:23,545|
lab29-72-<0.396.0>-T3: Msg #1402, C-Out: 23.10 18:11:23,333| HBQ-In: 23.10 18:11:23,333| DQ-In: 23.10 18:11:23,345| C-In: 23.10 18:11:23,545|
lab29-27-<0.3815.0>-T3: Msg #1403, C-Out: 23.10 18:11:23,337| HBQ-In: 23.10 18:11:23,337| DQ-In: 23.10 18:11:23,345| C-In: 23.10 18:11:23,546|
lab29-67-<0.708.0>-T3: Msg #1404, C-Out: 23.10 18:11:23,345| HBQ-In: 23.10 18:11:23,345| DQ-In: 23.10 18:11:23,345| C-In: 23.10 18:11:23,546|
lab29-62-<0.1043.0>-T3: Msg #1405, C-Out: 23.10 18:11:23,353| HBQ-In: 23.10 18:11:23,355| DQ-In: 23.10 18:11:23,355| C-In: 23.10 18:11:23,547|
lab29-52-<0.1713.0>-T3: Msg #1406, C-Out: 23.10 18:11:23,375| HBQ-In: 23.10 18:11:23,377| DQ-In: 23.10 18:11:23,377| C-In: 23.10 18:11:23,547|
lab29-57-<0.1365.0>-T3: Msg #1407, C-Out: 23.10 18:11:23,381| HBQ-In: 23.10 18:11:23,381| DQ-In: 23.10 18:11:23,381| C-In: 23.10 18:11:23,547|
Fehlernachricht fuer Luecke von 1408 bis 1413 C-In: 23.10 18:11:23,547|
lab29-46-<0.2213.0>-T3: Msg #1414, C-Out: 23.10 18:11:23,518| HBQ-In: 23.10 18:11:23,518| DQ-In: 23.10 18:11:23,545|******* C-In: 23.10 18:11:23,548|
Fehlernachricht fuer Luecke von 1415 bis 1415 C-In: 23.10 18:11:23,548|
lab29-41-<0.2632.0>-T3: Msg #1416, C-Out: 23.10 18:11:23,530| HBQ-In: 23.10 18:11:23,530| DQ-In: 23.10 18:11:23,546| C-In: 23.10 18:11:23,548|
lab29-36-<0.3048.0>-T3: Msg #1417, C-Out: 23.10 18:11:23,530| HBQ-In: 23.10 18:11:23,530| DQ-In: 23.10 18:11:23,546| C-In: 23.10 18:11:23,549|
lab29-31-<0.3480.0>-T3: Msg #1418, C-Out: 23.10 18:11:23,531| HBQ-In: 23.10 18:11:23,531| DQ-In: 23.10 18:11:23,546| C-In: 23.10 18:11:23,549|
lab29-26-<0.3898.0>-T3: Msg #1419, C-Out: 23.10 18:11:23,537| HBQ-In: 23.10 18:11:23,537| DQ-In: 23.10 18:11:23,546| C-In: 23.10 18:11:23,549|
lab29-66-<0.743.0>-T3: Msg #1420, C-Out: 23.10 18:11:23,542| HBQ-In: 23.10 18:11:23,545| DQ-In: 23.10 18:11:23,546| C-In: 23.10 18:11:23,550|
lab29-56-<0.1439.0>-T3: Msg #1421, C-Out: 23.10 18:11:23,546| HBQ-In: 23.10 18:11:23,546| DQ-In: 23.10 18:11:23,546| C-In: 23.10 18:11:23,550|
ReceiveMsgs done
lab29-46-<0.2213.0>-T3: Msg #1527, C-Out: 23.10 18:11:24,551| gesendet
lab29-46-<0.2213.0>-T3: Msg #1612, C-Out: 23.10 18:11:25,552| gesendet
lab29-46-<0.2213.0>-T3: Msg #1703, C-Out: 23.10 18:11:26,555| gesendet
lab29-46-<0.2213.0>-T3: Msg #1797, C-Out: 23.10 18:11:27,556| gesendet
lab29-46-<0.2213.0>-T3: Msg #1917, C-Out: 23.10 18:11:28,559| gesendet
Neues Intervall: 1.5 Sekunden
Msg #2011 um 23.10 18:11:28,559| vergessen zu senden
2-client@lab23: 1806. Nachricht--Gruppe:1-Team:5-Sendezeit:18:11:26 HBQ-In: 23.10 18:11:26,629| DQ-In: 23.10 18:11:27,766| C-In: 23.10 18:11:28,560|
1-client@lab23: 1807. Nachricht--Gruppe:1-Team:5-Sendezeit:18:11:26 HBQ-In: 23.10 18:11:26,630| DQ-In: 23.10 18:11:27,766| C-In: 23.10 18:11:28,560|
3-client@lab23: 1808. Nachricht--Gruppe:1-Team:5-Sendezeit:18:11:26 HBQ-In: 23.10 18:11:26,635| DQ-In: 23.10 18:11:27,766| C-In: 23.10 18:11:28,561|
4-client@lab23: 1809. Nachricht--Gruppe:1-Team:5-Sendezeit:18:11:26 HBQ-In: 23.10 18:11:26,632| DQ-In: 23.10 18:11:27,766| C-In: 23.10 18:11:28,561|
2-client@lab23: 1810. Nachricht--Gruppe:1-Team:5-Sendezeit:18:11:26 HBQ-In: 23.10 18:11:26,635| DQ-In: 23.10 18:11:27,766| C-In: 23.10 18:11:28,561|
5-client@lab23: 1811. Nachricht--Gruppe:1-Team:5-Sendezeit:18:11:26 HBQ-In: 23.10 18:11:26,635| DQ-In: 23.10 18:11:27,766| C-In: 23.10 18:11:28,562|
1-client@lab23: 1812. Nachricht--Gruppe:1-Team:5-Sendezeit:18:11:26 HBQ-In: 23.10 18:11:26,635| DQ-In: 23.10 18:11:27,766| C-In: 23.10 18:11:28,564|
4-client@lab23: 1813. Nachricht--Gruppe:1-Team:5-Sendezeit:18:11:26 HBQ-In: 23.10 18:11:26,635| DQ-In: 23.10 18:11:27,766| C-In: 23.10 18:11:28,564|
3-client@lab23: 1814. Nachricht--Gruppe:1-Team:5-Sendezeit:18:11:26 HBQ-In: 23.10 18:11:26,636| DQ-In: 23.10 18:11:27,766| C-In: 23.10 18:11:28,565|
5-client@lab23: 1815. Nachricht--Gruppe:1-Team:5-Sendezeit:18:11:26 HBQ-In: 23.10 18:11:26,638| DQ-In: 23.10 18:11:27,766| C-In: 23.10 18:11:28,567|
2-client@lab23: 1816. Nachricht--Gruppe:1-Team:5-Sendezeit:18:11:26 HBQ-In: 23.10 18:11:26,641| DQ-In: 23.10 18:11:27,766| C-In: 23.10 18:11:28,567|
1-client@lab23: 1817. Nachricht--Gruppe:1-Team:5-Sendezeit:18:11:26 HBQ-In: 23.10 18:11:26,641| DQ-In: 23.10 18:11:27,766| C-In: 23.10 18:11:28,569|
4-client@lab23: 1818. Nachricht--Gruppe:1-Team:5-Sendezeit:18:11:26 HBQ-In: 23.10 18:11:26,641| DQ-In: 23.10 18:11:27,766| C-In: 23.10 18:11:28,570|
3-client@lab23: 1819. Nachricht--Gruppe:1-Team:5-Sendezeit:18:11:26 HBQ-In: 23.10 18:11:26,641| DQ-In: 23.10 18:11:27,766| C-In: 23.10 18:11:28,572|
5-client@lab23: 1820. Nachricht--Gruppe:1-Team:5-Sendezeit:18:11:26 HBQ-In: 23.10 18:11:26,641| DQ-In: 23.10 18:11:27,766| C-In: 23.10 18:11:28,572|
2-client@lab23: 1821. Nachricht--Gruppe:1-Team:5-Sendezeit:18:11:26 HBQ-In: 23.10 18:11:26,644| DQ-In: 23.10 18:11:27,766| C-In: 23.10 18:11:28,575|
5-client@lab23: 1822. Nachricht--Gruppe:1-Team:5-Sendezeit:18:11:26 HBQ-In: 23.10 18:11:26,644| DQ-In: 23.10 18:11:27,766| C-In: 23.10 18:11:28,575|
1-client@lab23: 1823. Nachricht--Gruppe:1-Team:5-Sendezeit:18:11:26 HBQ-In: 23.10 18:11:26,644| DQ-In: 23.10 18:11:27,766| C-In: 23.10 18:11:28,577|
4-client@lab23: 1824. Nachricht--Gruppe:1-Team:5-Sendezeit:18:11:26 HBQ-In: 23.10 18:11:26,645| DQ-In: 23.10 18:11:27,766| C-In: 23.10 18:11:28,579|
3-client@lab23: 1825. Nachricht--Gruppe:1-Team:5-Sendezeit:18:11:26 HBQ-In: 23.10 18:11:26,645| DQ-In: 23.10 18:11:27,766| C-In: 23.10 18:11:28,579|
Fehlernachricht fuer Luecke von 1826 bis 1837 C-In: 23.10 18:11:28,582|
lab29-25-<0.3973.0>-T3: Msg #1838, C-Out: 23.10 18:11:27,750| HBQ-In: 23.10 18:11:27,750| DQ-In: 23.10 18:11:28,163| C-In: 23.10 18:11:28,582|
lab29-20-<0.4365.0>-T3: Msg #1839, C-Out: 23.10 18:11:27,750| HBQ-In: 23.10 18:11:27,750| DQ-In: 23.10 18:11:28,163| C-In: 23.10 18:11:28,584|
lab29-35-<0.3134.0>-T3: Msg #1840, C-Out: 23.10 18:11:27,751| HBQ-In: 23.10 18:11:27,751| DQ-In: 23.10 18:11:28,163| C-In: 23.10 18:11:28,585|
lab29-15-<0.4762.0>-T3: Msg #1841, C-Out: 23.10 18:11:27,753| HBQ-In: 23.10 18:11:27,753| DQ-In: 23.10 18:11:28,163| C-In: 23.10 18:11:28,585|
lab29-10-<0.5112.0>-T3: Msg #1842, C-Out: 23.10 18:11:27,756| HBQ-In: 23.10 18:11:27,756| DQ-In: 23.10 18:11:28,163| C-In: 23.10 18:11:28,587|
lab29-5-<0.5513.0>-T3: Msg #1843, C-Out: 23.10 18:11:27,766| HBQ-In: 23.10 18:11:27,766| DQ-In: 23.10 18:11:28,163| C-In: 23.10 18:11:28,587|
lab29-40-<0.2707.0>-T3: Msg #1844, C-Out: 23.10 18:11:27,766| HBQ-In: 23.10 18:11:27,766| DQ-In: 23.10 18:11:28,163| C-In: 23.10 18:11:28,588|
lab29-70-<0.519.0>-T3: Msg #1845, C-Out: 23.10 18:11:28,271| HBQ-In: 23.10 18:11:28,271| DQ-In: 23.10 18:11:28,271| C-In: 23.10 18:11:28,590|
lab29-45-<0.2293.0>-T3: Msg #1846, C-Out: 23.10 18:11:27,772| HBQ-In: 23.10 18:11:27,772| DQ-In: 23.10 18:11:28,271| C-In: 23.10 18:11:28,591|
Fehlernachricht fuer Luecke von 1847 bis 1847 C-In: 23.10 18:11:28,593|
lab29-30-<0.3559.0>-T3: Msg #1848, C-Out: 23.10 18:11:27,805| HBQ-In: 23.10 18:11:27,805| DQ-In: 23.10 18:11:28,355| C-In: 23.10 18:11:28,597|
lab29-50-<0.1864.0>-T3: Msg #1849, C-Out: 23.10 18:11:27,812| HBQ-In: 23.10 18:11:27,812| DQ-In: 23.10 18:11:28,355| C-In: 23.10 18:11:28,602|
lab29-55-<0.1513.0>-T3: Msg #1850, C-Out: 23.10 18:11:28,311| HBQ-In: 23.10 18:11:28,312| DQ-In: 23.10 18:11:28,355| C-In: 23.10 18:11:28,603|
Fehlernachricht fuer Luecke von 1851 bis 1854 C-In: 23.10 18:11:28,605|
lab29-24-<0.4051.0>-T3: Msg #1855, C-Out: 23.10 18:11:27,947| HBQ-In: 23.10 18:11:27,947| DQ-In: 23.10 18:11:28,376| C-In: 23.10 18:11:28,605|
lab29-19-<0.4442.0>-T3: Msg #1856, C-Out: 23.10 18:11:27,951| HBQ-In: 23.10 18:11:27,953| DQ-In: 23.10 18:11:28,376| C-In: 23.10 18:11:28,605|
Fehlernachricht fuer Luecke von 1857 bis 1857 C-In: 23.10 18:11:28,606|
lab29-14-<0.4846.0>-T3: Msg #1858, C-Out: 23.10 18:11:27,955| HBQ-In: 23.10 18:11:27,955| DQ-In: 23.10 18:11:28,382| C-In: 23.10 18:11:28,606|
lab29-9-<0.5191.0>-T3: Msg #1859, C-Out: 23.10 18:11:27,959| HBQ-In: 23.10 18:11:27,959| DQ-In: 23.10 18:11:28,382| C-In: 23.10 18:11:28,606|
Fehlernachricht fuer Luecke von 1860 bis 1860 C-In: 23.10 18:11:28,607|
lab29-39-<0.2795.0>-T3: Msg #1861, C-Out: 23.10 18:11:27,964| HBQ-In: 23.10 18:11:27,964| DQ-In: 23.10 18:11:28,401| C-In: 23.10 18:11:28,607|
lab29-49-<0.1950.0>-T3: Msg #1862, C-Out: 23.10 18:11:27,964| HBQ-In: 23.10 18:11:27,964| DQ-In: 23.10 18:11:28,401| C-In: 23.10 18:11:28,608|
lab29-4-<0.5587.0>-T3: Msg #1863, C-Out: 23.10 18:11:27,964| HBQ-In: 23.10 18:11:27,964| DQ-In: 23.10 18:11:28,401| C-In: 23.10 18:11:28,608|
lab29-44-<0.2376.0>-T3: Msg #1864, C-Out: 23.10 18:11:27,970| HBQ-In: 23.10 18:11:27,970| DQ-In: 23.10 18:11:28,401| C-In: 23.10 18:11:28,610|
Fehlernachricht fuer Luecke von 1865 bis 1865 C-In: 23.10 18:11:28,611|
lab29-34-<0.3220.0>-T3: Msg #1866, C-Out: 23.10 18:11:27,978| HBQ-In: 23.10 18:11:27,978| DQ-In: 23.10 18:11:28,557| C-In: 23.10 18:11:28,611|
lab29-69-<0.583.0>-T3: Msg #1867, C-Out: 23.10 18:11:28,482| HBQ-In: 23.10 18:11:28,482| DQ-In: 23.10 18:11:28,557| C-In: 23.10 18:11:28,611|
lab29-29-<0.3641.0>-T3: Msg #1868, C-Out: 23.10 18:11:27,991| HBQ-In: 23.10 18:11:27,992| DQ-In: 23.10 18:11:28,557| C-In: 23.10 18:11:28,612|
lab29-54-<0.1586.0>-T3: Msg #1869, C-Out: 23.10 18:11:28,519| HBQ-In: 23.10 18:11:28,519| DQ-In: 23.10 18:11:28,557| C-In: 23.10 18:11:28,612|
Fehlernachricht fuer Luecke von 1870 bis 1874 C-In: 23.10 18:11:28,612|
lab29-23-<0.4130.0>-T3: Msg #1875, C-Out: 23.10 18:11:28,149| HBQ-In: 23.10 18:11:28,149| DQ-In: 23.10 18:11:28,570| C-In: 23.10 18:11:28,612|
lab29-18-<0.4519.0>-T3: Msg #1876, C-Out: 23.10 18:11:28,153| HBQ-In: 23.10 18:11:28,153| DQ-In: 23.10 18:11:28,570| C-In: 23.10 18:11:28,613|
Fehlernachricht fuer Luecke von 1877 bis 1877 C-In: 23.10 18:11:28,613|
lab29-13-<0.4921.0>-T3: Msg #1878, C-Out: 23.10 18:11:28,159| HBQ-In: 23.10 18:11:28,160| DQ-In: 23.10 18:11:28,582| C-In: 23.10 18:11:28,613|
lab29-8-<0.5273.0>-T3: Msg #1879, C-Out: 23.10 18:11:28,162| HBQ-In: 23.10 18:11:28,162| DQ-In: 23.10 18:11:28,582| C-In: 23.10 18:11:28,614|
lab29-48-<0.2035.0>-T3: Msg #1880, C-Out: 23.10 18:11:28,163| HBQ-In: 23.10 18:11:28,163| DQ-In: 23.10 18:11:28,582| C-In: 23.10 18:11:28,614|
ReceiveMsgs done
lab29-46-<0.2213.0>-T3: Msg #2019, C-Out: 23.10 18:11:30,115| gesendet
lab29-46-<0.2213.0>-T3: Msg #2154, C-Out: 23.10 18:11:31,618| gesendet
lab29-46-<0.2213.0>-T3: Msg #2310, C-Out: 23.10 18:11:33,120| gesendet
lab29-46-<0.2213.0>-T3: Msg #2436, C-Out: 23.10 18:11:34,621| gesendet
lab29-46-<0.2213.0>-T3: Msg #2546, C-Out: 23.10 18:11:36,122| gesendet
Neues Intervall: 2.25 Sekunden
Msg #2674 um 23.10 18:11:36,123| vergessen zu senden
lab29-53-<0.1650.0>-T3: Msg #2443, C-Out: 23.10 18:11:34,709| HBQ-In: 23.10 18:11:34,709| DQ-In: 23.10 18:11:34,767| C-In: 23.10 18:11:36,126|
lab29-8-<0.5273.0>-T3: Msg #2444, C-Out: 23.10 18:11:34,209| HBQ-In: 23.10 18:11:34,209| DQ-In: 23.10 18:11:34,767| C-In: 23.10 18:11:36,127|
lab29-18-<0.4519.0>-T3: Msg #2445, C-Out: 23.10 18:11:34,220| HBQ-In: 23.10 18:11:34,220| DQ-In: 23.10 18:11:34,767| C-In: 23.10 18:11:36,127|
Fehlernachricht fuer Luecke von 2446 bis 2446 C-In: 23.10 18:11:36,129|
lab29-3-<0.5663.0>-T3: Msg #2447, C-Out: 23.10 18:11:34,226| HBQ-In: 23.10 18:11:34,227| DQ-In: 23.10 18:11:34,778| C-In: 23.10 18:11:36,129|
lab29-23-<0.4130.0>-T3: Msg #2448, C-Out: 23.10 18:11:34,751| HBQ-In: 23.10 18:11:34,753| DQ-In: 23.10 18:11:34,778| C-In: 23.10 18:11:36,130|
lab29-13-<0.4921.0>-T3: Msg #2449, C-Out: 23.10 18:11:34,260| HBQ-In: 23.10 18:11:34,260| DQ-In: 23.10 18:11:34,778| C-In: 23.10 18:11:36,130|
lab29-38-<0.2880.0>-T3: Msg #2450, C-Out: 23.10 18:11:34,765| HBQ-In: 23.10 18:11:34,765| DQ-In: 23.10 18:11:34,778| C-In: 23.10 18:11:36,131|
Fehlernachricht fuer Luecke von 2451 bis 2456 C-In: 23.10 18:11:36,131|
lab29-7-<0.5358.0>-T3: Msg #2457, C-Out: 23.10 18:11:34,422| HBQ-In: 23.10 18:11:34,422| DQ-In: 23.10 18:11:34,782| C-In: 23.10 18:11:36,132|
Fehlernachricht fuer Luecke von 2458 bis 2458 C-In: 23.10 18:11:36,132|
lab29-2-<0.5741.0>-T3: Msg #2459, C-Out: 23.10 18:11:34,435| HBQ-In: 23.10 18:11:34,435| DQ-In: 23.10 18:11:34,786| C-In: 23.10 18:11:36,132|
lab29-12-<0.4991.0>-T3: Msg #2460, C-Out: 23.10 18:11:34,436| HBQ-In: 23.10 18:11:34,436| DQ-In: 23.10 18:11:34,786| C-In: 23.10 18:11:36,134|
lab29-17-<0.4601.0>-T3: Msg #2461, C-Out: 23.10 18:11:34,436| HBQ-In: 23.10 18:11:34,436| DQ-In: 23.10 18:11:34,786| C-In: 23.10 18:11:36,135|
Fehlernachricht fuer Luecke von 2462 bis 2471 C-In: 23.10 18:11:36,137|
lab29-6-<0.5440.0>-T3: Msg #2472, C-Out: 23.10 18:11:34,616| HBQ-In: 23.10 18:11:34,616| DQ-In: 23.10 18:11:34,828| C-In: 23.10 18:11:36,137|
Fehlernachricht fuer Luecke von 2473 bis 2473 C-In: 23.10 18:11:36,138|
lab29-11-<0.5067.0>-T3: Msg #2474, C-Out: 23.10 18:11:34,622| HBQ-In: 23.10 18:11:34,622| DQ-In: 23.10 18:11:34,838| C-In: 23.10 18:11:36,140|
Fehlernachricht fuer Luecke von 2475 bis 2475 C-In: 23.10 18:11:36,140|
lab29-16-<0.4681.0>-T3: Msg #2476, C-Out: 23.10 18:11:34,633| HBQ-In: 23.10 18:11:34,633| DQ-In: 23.10 18:11:35,012| C-In: 23.10 18:11:36,141|
Fehlernachricht fuer Luecke von 2477 bis 2478 C-In: 23.10 18:11:36,141|
lab29-1-<0.5818.0>-T3: Msg #2479, C-Out: 23.10 18:11:34,637| HBQ-In: 23.10 18:11:34,637| DQ-In: 23.10 18:11:35,025| C-In: 23.10 18:11:36,141|
Fehlernachricht fuer Luecke von 2480 bis 2486 C-In: 23.10 18:11:36,142|
lab29-15-<0.4762.0>-T3: Msg #2487, C-Out: 23.10 18:11:34,812| HBQ-In: 23.10 18:11:34,812| DQ-In: 23.10 18:11:35,025| C-In: 23.10 18:11:36,150|
Fehlernachricht fuer Luecke von 2488 bis 2489 C-In: 23.10 18:11:36,153|
lab29-5-<0.5513.0>-T3: Msg #2490, C-Out: 23.10 18:11:34,828| HBQ-In: 23.10 18:11:34,828| DQ-In: 23.10 18:11:35,211| C-In: 23.10 18:11:36,155|
lab29-10-<0.5112.0>-T3: Msg #2491, C-Out: 23.10 18:11:34,838| HBQ-In: 23.10 18:11:34,838| DQ-In: 23.10 18:11:35,211| C-In: 23.10 18:11:36,161|
Fehlernachricht fuer Luecke von 2492 bis 2499 C-In: 23.10 18:11:36,166|
lab29-4-<0.5587.0>-T3: Msg #2500, C-Out: 23.10 18:11:35,012| HBQ-In: 23.10 18:11:35,012| DQ-In: 23.10 18:11:35,270| C-In: 23.10 18:11:36,167|
Fehlernachricht fuer Luecke von 2501 bis 2501 C-In: 23.10 18:11:36,171|
lab29-9-<0.5191.0>-T3: Msg #2502, C-Out: 23.10 18:11:35,025| HBQ-In: 23.10 18:11:35,025| DQ-In: 23.10 18:11:35,423| C-In: 23.10 18:11:36,175|
Fehlernachricht fuer Luecke von 2503 bis 2503 C-In: 23.10 18:11:36,179|
lab29-14-<0.4846.0>-T3: Msg #2504, C-Out: 23.10 18:11:35,025| HBQ-In: 23.10 18:11:35,025| DQ-In: 23.10 18:11:35,436| C-In: 23.10 18:11:36,184|
Fehlernachricht fuer Luecke von 2505 bis 2514 C-In: 23.10 18:11:36,186|
lab29-8-<0.5273.0>-T3: Msg #2515, C-Out: 23.10 18:11:35,211| HBQ-In: 23.10 18:11:35,211| DQ-In: 23.10 18:11:35,441| C-In: 23.10 18:11:36,186|
Fehlernachricht fuer Luecke von 2516 bis 2518 C-In: 23.10 18:11:36,187|
lab29-3-<0.5663.0>-T3: Msg #2519, C-Out: 23.10 18:11:35,229| HBQ-In: 23.10 18:11:35,229| DQ-In: 23.10 18:11:35,618| C-In: 23.10 18:11:36,187|
Fehlernachricht fuer Luecke von 2520 bis 2521 C-In: 23.10 18:11:36,187|
lab29-13-<0.4921.0>-T3: Msg #2522, C-Out: 23.10 18:11:35,270| HBQ-In: 23.10 18:11:35,270| DQ-In: 23.10 18:11:35,625| C-In: 23.10 18:11:36,188|
Fehlernachricht fuer Luecke von 2523 bis 2528 C-In: 23.10 18:11:36,188|
lab29-7-<0.5358.0>-T3: Msg #2529, C-Out: 23.10 18:11:35,423| HBQ-In: 23.10 18:11:35,423| DQ-In: 23.10 18:11:35,641| C-In: 23.10 18:11:36,189|
Fehlernachricht fuer Luecke von 2530 bis 2531 C-In: 23.10 18:11:36,189|
lab29-2-<0.5741.0>-T3: Msg #2532, C-Out: 23.10 18:11:35,436| HBQ-In: 23.10 18:11:35,436| DQ-In: 23.10 18:11:35,829| C-In: 23.10 18:11:36,192|
lab29-12-<0.4991.0>-T3: Msg #2533, C-Out: 23.10 18:11:35,437| HBQ-In: 23.10 18:11:35,441| DQ-In: 23.10 18:11:35,829| C-In: 23.10 18:11:36,192|
Fehlernachricht fuer Luecke von 2534 bis 2536 C-In: 23.10 18:11:36,193|
lab29-17-<0.4601.0>-T3: Msg #2537, C-Out: 23.10 18:11:35,983| HBQ-In: 23.10 18:11:35,983| DQ-In: 23.10 18:11:35,983| C-In: 23.10 18:11:36,193|
Fehlernachricht fuer Luecke von 2538 bis 2544 C-In: 23.10 18:11:36,193|
lab29-6-<0.5440.0>-T3: Msg #2545, C-Out: 23.10 18:11:35,618| HBQ-In: 23.10 18:11:35,618| DQ-In: 23.10 18:11:36,015| C-In: 23.10 18:11:36,194|
Fehlernachricht fuer Luecke von 2546 bis 2546******* C-In: 23.10 18:11:36,196|
lab29-11-<0.5067.0>-T3: Msg #2547, C-Out: 23.10 18:11:35,623| HBQ-In: 23.10 18:11:35,625| DQ-In: 23.10 18:11:36,028| C-In: 23.10 18:11:36,196|
lab29-31-<0.3480.0>-T3: Msg #2548, C-Out: 23.10 18:11:36,126| HBQ-In: 23.10 18:11:36,127| DQ-In: 23.10 18:11:36,127| C-In: 23.10 18:11:36,197|
Fehlernachricht fuer Luecke von 2549 bis 2549 C-In: 23.10 18:11:36,197|
lab29-1-<0.5818.0>-T3: Msg #2550, C-Out: 23.10 18:11:35,640| HBQ-In: 23.10 18:11:35,641| DQ-In: 23.10 18:11:36,168| C-In: 23.10 18:11:36,197|
ReceiveMsgs done
lab29-46-<0.2213.0>-T3: Msg #2679, C-Out: 23.10 18:11:38,452| gesendet
