lab29-28-<0.3729.0>-T3 C-Start: 23.10 18:11:22,134|
lab29-28-<0.3729.0>-T3: Msg #1389, C-Out: 23.10 18:11:23,135| gesendet
lab29-28-<0.3729.0>-T3: Msg #1492, C-Out: 23.10 18:11:24,136| gesendet
lab29-28-<0.3729.0>-T3: Msg #1571, C-Out: 23.10 18:11:25,138| gesendet
lab29-28-<0.3729.0>-T3: Msg #1660, C-Out: 23.10 18:11:26,139| gesendet
lab29-28-<0.3729.0>-T3: Msg #1754, C-Out: 23.10 18:11:27,142| gesendet
Neues Intervall: 1 Sekunden
Msg #1873 um 23.10 18:11:27,142| vergessen zu senden
lab29-27-<0.3815.0>-T3: Msg #1678, C-Out: 23.10 18:11:26,344| HBQ-In: 23.10 18:11:26,344| DQ-In: 23.10 18:11:26,635| C-In: 23.10 18:11:27,142|
lab29-22-<0.4210.0>-T3: Msg #1679, C-Out: 23.10 18:11:26,344| HBQ-In: 23.10 18:11:26,344| DQ-In: 23.10 18:11:26,635| C-In: 23.10 18:11:27,143|
lab29-17-<0.4601.0>-T3: Msg #1680, C-Out: 23.10 18:11:26,348| HBQ-In: 23.10 18:11:26,348| DQ-In: 23.10 18:11:26,635| C-In: 23.10 18:11:27,143|
lab29-12-<0.4991.0>-T3: Msg #1681, C-Out: 23.10 18:11:26,352| HBQ-In: 23.10 18:11:26,352| DQ-In: 23.10 18:11:26,635| C-In: 23.10 18:11:27,143|
Fehlernachricht fuer Luecke von 1682 bis 1682 C-In: 23.10 18:11:27,148|
lab29-47-<0.2127.0>-T3: Msg #1683, C-Out: 23.10 18:11:26,379| HBQ-In: 23.10 18:11:26,379| DQ-In: 23.10 18:11:26,641| C-In: 23.10 18:11:27,148|
lab29-42-<0.2545.0>-T3: Msg #1684, C-Out: 23.10 18:11:26,379| HBQ-In: 23.10 18:11:26,379| DQ-In: 23.10 18:11:26,641| C-In: 23.10 18:11:27,150|
lab29-52-<0.1713.0>-T3: Msg #1685, C-Out: 23.10 18:11:26,385| HBQ-In: 23.10 18:11:26,385| DQ-In: 23.10 18:11:26,641| C-In: 23.10 18:11:27,152|
lab29-57-<0.1365.0>-T3: Msg #1686, C-Out: 23.10 18:11:26,385| HBQ-In: 23.10 18:11:26,385| DQ-In: 23.10 18:11:26,641| C-In: 23.10 18:11:27,152|
lab29-37-<0.2967.0>-T3: Msg #1687, C-Out: 23.10 18:11:26,386| HBQ-In: 23.10 18:11:26,386| DQ-In: 23.10 18:11:26,641| C-In: 23.10 18:11:27,153|
Fehlernachricht fuer Luecke von 1688 bis 1695 C-In: 23.10 18:11:27,153|
lab29-31-<0.3480.0>-T3: Msg #1696, C-Out: 23.10 18:11:26,534| HBQ-In: 23.10 18:11:26,534| DQ-In: 23.10 18:11:26,644| C-In: 23.10 18:11:27,156|
Fehlernachricht fuer Luecke von 1697 bis 1697 C-In: 23.10 18:11:27,158|
lab29-26-<0.3898.0>-T3: Msg #1698, C-Out: 23.10 18:11:26,544| HBQ-In: 23.10 18:11:26,544| DQ-In: 23.10 18:11:26,644| C-In: 23.10 18:11:27,161|
Fehlernachricht fuer Luecke von 1699 bis 1699 C-In: 23.10 18:11:27,162|
lab29-16-<0.4681.0>-T3: Msg #1700, C-Out: 23.10 18:11:26,551| HBQ-In: 23.10 18:11:26,551| DQ-In: 23.10 18:11:26,644| C-In: 23.10 18:11:27,163|
lab29-56-<0.1439.0>-T3: Msg #1701, C-Out: 23.10 18:11:26,551| HBQ-In: 23.10 18:11:26,551| DQ-In: 23.10 18:11:26,644| C-In: 23.10 18:11:27,163|
lab29-21-<0.4291.0>-T3: Msg #1702, C-Out: 23.10 18:11:26,551| HBQ-In: 23.10 18:11:26,551| DQ-In: 23.10 18:11:26,644| C-In: 23.10 18:11:27,164|
lab29-46-<0.2213.0>-T3: Msg #1703, C-Out: 23.10 18:11:26,555| HBQ-In: 23.10 18:11:26,555| DQ-In: 23.10 18:11:26,644| C-In: 23.10 18:11:27,166|
lab29-11-<0.5067.0>-T3: Msg #1704, C-Out: 23.10 18:11:26,555| HBQ-In: 23.10 18:11:26,555| DQ-In: 23.10 18:11:26,644| C-In: 23.10 18:11:27,168|
lab29-51-<0.1789.0>-T3: Msg #1705, C-Out: 23.10 18:11:26,575| HBQ-In: 23.10 18:11:26,575| DQ-In: 23.10 18:11:26,645| C-In: 23.10 18:11:27,170|
lab29-36-<0.3048.0>-T3: Msg #1706, C-Out: 23.10 18:11:26,578| HBQ-In: 23.10 18:11:26,579| DQ-In: 23.10 18:11:26,645| C-In: 23.10 18:11:27,171|
Fehlernachricht fuer Luecke von 1707 bis 1707 C-In: 23.10 18:11:27,173|
lab29-41-<0.2632.0>-T3: Msg #1708, C-Out: 23.10 18:11:26,600| HBQ-In: 23.10 18:11:26,600| DQ-In: 23.10 18:11:26,752| C-In: 23.10 18:11:27,176|
Fehlernachricht fuer Luecke von 1709 bis 1715 C-In: 23.10 18:11:27,176|
lab29-30-<0.3559.0>-T3: Msg #1716, C-Out: 23.10 18:11:26,743| HBQ-In: 23.10 18:11:26,744| DQ-In: 23.10 18:11:26,755| C-In: 23.10 18:11:27,177|
Fehlernachricht fuer Luecke von 1717 bis 1717 C-In: 23.10 18:11:27,177|
lab29-20-<0.4365.0>-T3: Msg #1718, C-Out: 23.10 18:11:26,749| HBQ-In: 23.10 18:11:26,749| DQ-In: 23.10 18:11:26,764| C-In: 23.10 18:11:27,179|
lab29-25-<0.3973.0>-T3: Msg #1719, C-Out: 23.10 18:11:26,749| HBQ-In: 23.10 18:11:26,749| DQ-In: 23.10 18:11:26,764| C-In: 23.10 18:11:27,179|
lab29-35-<0.3134.0>-T3: Msg #1720, C-Out: 23.10 18:11:26,750| HBQ-In: 23.10 18:11:26,750| DQ-In: 23.10 18:11:26,764| C-In: 23.10 18:11:27,180|
Fehlernachricht fuer Luecke von 1721 bis 1721 C-In: 23.10 18:11:27,180|
lab29-15-<0.4762.0>-T3: Msg #1722, C-Out: 23.10 18:11:26,751| HBQ-In: 23.10 18:11:26,752| DQ-In: 23.10 18:11:26,810| C-In: 23.10 18:11:27,180|
lab29-10-<0.5112.0>-T3: Msg #1723, C-Out: 23.10 18:11:26,754| HBQ-In: 23.10 18:11:26,755| DQ-In: 23.10 18:11:26,810| C-In: 23.10 18:11:27,181|
lab29-40-<0.2707.0>-T3: Msg #1724, C-Out: 23.10 18:11:26,762| HBQ-In: 23.10 18:11:26,764| DQ-In: 23.10 18:11:26,810| C-In: 23.10 18:11:27,181|
lab29-45-<0.2293.0>-T3: Msg #1725, C-Out: 23.10 18:11:26,771| HBQ-In: 23.10 18:11:26,771| DQ-In: 23.10 18:11:26,810| C-In: 23.10 18:11:27,182|
lab29-55-<0.1513.0>-T3: Msg #1726, C-Out: 23.10 18:11:26,772| HBQ-In: 23.10 18:11:26,772| DQ-In: 23.10 18:11:26,810| C-In: 23.10 18:11:27,182|
Fehlernachricht fuer Luecke von 1727 bis 1727 C-In: 23.10 18:11:27,182|
lab29-50-<0.1864.0>-T3: Msg #1728, C-Out: 23.10 18:11:26,809| HBQ-In: 23.10 18:11:26,810| DQ-In: 23.10 18:11:26,957| C-In: 23.10 18:11:27,182|
Fehlernachricht fuer Luecke von 1729 bis 1734 C-In: 23.10 18:11:27,183|
lab29-24-<0.4051.0>-T3: Msg #1735, C-Out: 23.10 18:11:26,946| HBQ-In: 23.10 18:11:26,946| DQ-In: 23.10 18:11:26,963| C-In: 23.10 18:11:27,183|
lab29-29-<0.3641.0>-T3: Msg #1736, C-Out: 23.10 18:11:26,946| HBQ-In: 23.10 18:11:26,946| DQ-In: 23.10 18:11:26,963| C-In: 23.10 18:11:27,184|
Fehlernachricht fuer Luecke von 1737 bis 1737 C-In: 23.10 18:11:27,184|
lab29-19-<0.4442.0>-T3: Msg #1738, C-Out: 23.10 18:11:26,949| HBQ-In: 23.10 18:11:26,950| DQ-In: 23.10 18:11:26,969| C-In: 23.10 18:11:27,185|
lab29-14-<0.4846.0>-T3: Msg #1739, C-Out: 23.10 18:11:26,951| HBQ-In: 23.10 18:11:26,952| DQ-In: 23.10 18:11:26,969| C-In: 23.10 18:11:27,185|
lab29-9-<0.5191.0>-T3: Msg #1740, C-Out: 23.10 18:11:26,957| HBQ-In: 23.10 18:11:26,957| DQ-In: 23.10 18:11:26,969| C-In: 23.10 18:11:27,185|
lab29-39-<0.2795.0>-T3: Msg #1741, C-Out: 23.10 18:11:26,962| HBQ-In: 23.10 18:11:26,963| DQ-In: 23.10 18:11:26,969| C-In: 23.10 18:11:27,185|
lab29-49-<0.1950.0>-T3: Msg #1742, C-Out: 23.10 18:11:26,962| HBQ-In: 23.10 18:11:26,963| DQ-In: 23.10 18:11:26,969| C-In: 23.10 18:11:27,186|
lab29-44-<0.2376.0>-T3: Msg #1743, C-Out: 23.10 18:11:26,969| HBQ-In: 23.10 18:11:26,969| DQ-In: 23.10 18:11:26,969| C-In: 23.10 18:11:27,189|
lab29-54-<0.1586.0>-T3: Msg #1744, C-Out: 23.10 18:11:26,972| HBQ-In: 23.10 18:11:26,972| DQ-In: 23.10 18:11:26,972| C-In: 23.10 18:11:27,190|
lab29-34-<0.3220.0>-T3: Msg #1745, C-Out: 23.10 18:11:26,977| HBQ-In: 23.10 18:11:26,977| DQ-In: 23.10 18:11:26,977| C-In: 23.10 18:11:27,193|
Fehlernachricht fuer Luecke von 1746 bis 1753 C-In: 23.10 18:11:27,195|
lab29-28-<0.3729.0>-T3: Msg #1754, C-Out: 23.10 18:11:27,142| HBQ-In: 23.10 18:11:27,142| DQ-In: 23.10 18:11:27,159|******* C-In: 23.10 18:11:27,195|
lab29-23-<0.4130.0>-T3: Msg #1755, C-Out: 23.10 18:11:27,148| HBQ-In: 23.10 18:11:27,148| DQ-In: 23.10 18:11:27,159| C-In: 23.10 18:11:27,195|
lab29-18-<0.4519.0>-T3: Msg #1756, C-Out: 23.10 18:11:27,151| HBQ-In: 23.10 18:11:27,152| DQ-In: 23.10 18:11:27,159| C-In: 23.10 18:11:27,196|
lab29-53-<0.1650.0>-T3: Msg #1757, C-Out: 23.10 18:11:27,151| HBQ-In: 23.10 18:11:27,152| DQ-In: 23.10 18:11:27,159| C-In: 23.10 18:11:27,196|
lab29-13-<0.4921.0>-T3: Msg #1758, C-Out: 23.10 18:11:27,156| HBQ-In: 23.10 18:11:27,157| DQ-In: 23.10 18:11:27,159| C-In: 23.10 18:11:27,196|
lab29-8-<0.5273.0>-T3: Msg #1759, C-Out: 23.10 18:11:27,158| HBQ-In: 23.10 18:11:27,159| DQ-In: 23.10 18:11:27,159| C-In: 23.10 18:11:27,196|
lab29-48-<0.2035.0>-T3: Msg #1760, C-Out: 23.10 18:11:27,161| HBQ-In: 23.10 18:11:27,162| DQ-In: 23.10 18:11:27,162| C-In: 23.10 18:11:27,197|
ReceiveMsgs done
lab29-28-<0.3729.0>-T3: Msg #1886, C-Out: 23.10 18:11:28,199| gesendet
lab29-28-<0.3729.0>-T3: Msg #1981, C-Out: 23.10 18:11:29,200| gesendet
lab29-28-<0.3729.0>-T3: Msg #2078, C-Out: 23.10 18:11:30,201| gesendet
lab29-28-<0.3729.0>-T3: Msg #2165, C-Out: 23.10 18:11:31,203| gesendet
lab29-28-<0.3729.0>-T3: Msg #2276, C-Out: 23.10 18:11:32,205| gesendet
Neues Intervall: 1.5 Sekunden
Msg #2359 um 23.10 18:11:32,206| vergessen zu senden
lab29-33-<0.3306.0>-T3: Msg #2162, C-Out: 23.10 18:11:31,192| HBQ-In: 23.10 18:11:31,192| DQ-In: 23.10 18:11:31,253| C-In: 23.10 18:11:32,210|
lab29-23-<0.4130.0>-T3: Msg #2163, C-Out: 23.10 18:11:31,192| HBQ-In: 23.10 18:11:31,192| DQ-In: 23.10 18:11:31,253| C-In: 23.10 18:11:32,211|
Fehlernachricht fuer Luecke von 2164 bis 2164 C-In: 23.10 18:11:32,211|
lab29-28-<0.3729.0>-T3: Msg #2165, C-Out: 23.10 18:11:31,203| HBQ-In: 23.10 18:11:31,203| DQ-In: 23.10 18:11:31,382|******* C-In: 23.10 18:11:32,211|
lab29-18-<0.4519.0>-T3: Msg #2166, C-Out: 23.10 18:11:31,212| HBQ-In: 23.10 18:11:31,212| DQ-In: 23.10 18:11:31,382| C-In: 23.10 18:11:32,212|
Fehlernachricht fuer Luecke von 2167 bis 2169 C-In: 23.10 18:11:32,212|
lab29-13-<0.4921.0>-T3: Msg #2170, C-Out: 23.10 18:11:31,253| HBQ-In: 23.10 18:11:31,253| DQ-In: 23.10 18:11:31,411| C-In: 23.10 18:11:32,212|
Fehlernachricht fuer Luecke von 2171 bis 2174 C-In: 23.10 18:11:32,213|
lab29-7-<0.5358.0>-T3: Msg #2175, C-Out: 23.10 18:11:31,368| HBQ-In: 23.10 18:11:31,368| DQ-In: 23.10 18:11:31,432| C-In: 23.10 18:11:32,215|
lab29-2-<0.5741.0>-T3: Msg #2176, C-Out: 23.10 18:11:31,377| HBQ-In: 23.10 18:11:31,378| DQ-In: 23.10 18:11:31,432| C-In: 23.10 18:11:32,216|
Fehlernachricht fuer Luecke von 2177 bis 2177 C-In: 23.10 18:11:32,216|
lab29-32-<0.3394.0>-T3: Msg #2178, C-Out: 23.10 18:11:31,382| HBQ-In: 23.10 18:11:31,382| DQ-In: 23.10 18:11:31,572| C-In: 23.10 18:11:32,217|
Fehlernachricht fuer Luecke von 2179 bis 2180 C-In: 23.10 18:11:32,217|
lab29-27-<0.3815.0>-T3: Msg #2181, C-Out: 23.10 18:11:31,404| HBQ-In: 23.10 18:11:31,404| DQ-In: 23.10 18:11:31,582| C-In: 23.10 18:11:32,217|
Fehlernachricht fuer Luecke von 2182 bis 2182 C-In: 23.10 18:11:32,217|
lab29-22-<0.4210.0>-T3: Msg #2183, C-Out: 23.10 18:11:31,410| HBQ-In: 23.10 18:11:31,411| DQ-In: 23.10 18:11:31,587| C-In: 23.10 18:11:32,218|
lab29-17-<0.4601.0>-T3: Msg #2184, C-Out: 23.10 18:11:31,432| HBQ-In: 23.10 18:11:31,432| DQ-In: 23.10 18:11:31,587| C-In: 23.10 18:11:32,221|
lab29-12-<0.4991.0>-T3: Msg #2185, C-Out: 23.10 18:11:31,432| HBQ-In: 23.10 18:11:31,432| DQ-In: 23.10 18:11:31,587| C-In: 23.10 18:11:32,221|
Fehlernachricht fuer Luecke von 2186 bis 2195 C-In: 23.10 18:11:32,224|
lab29-6-<0.5440.0>-T3: Msg #2196, C-Out: 23.10 18:11:31,572| HBQ-In: 23.10 18:11:31,572| DQ-In: 23.10 18:11:31,619| C-In: 23.10 18:11:32,224|
lab29-1-<0.5818.0>-T3: Msg #2197, C-Out: 23.10 18:11:31,582| HBQ-In: 23.10 18:11:31,582| DQ-In: 23.10 18:11:31,619| C-In: 23.10 18:11:32,226|
lab29-31-<0.3480.0>-T3: Msg #2198, C-Out: 23.10 18:11:31,587| HBQ-In: 23.10 18:11:31,587| DQ-In: 23.10 18:11:31,619| C-In: 23.10 18:11:32,227|
Fehlernachricht fuer Luecke von 2199 bis 2199 C-In: 23.10 18:11:32,227|
lab29-26-<0.3898.0>-T3: Msg #2200, C-Out: 23.10 18:11:31,598| HBQ-In: 23.10 18:11:31,598| DQ-In: 23.10 18:11:31,805| C-In: 23.10 18:11:32,229|
Fehlernachricht fuer Luecke von 2201 bis 2201 C-In: 23.10 18:11:32,229|
lab29-11-<0.5067.0>-T3: Msg #2202, C-Out: 23.10 18:11:31,618| HBQ-In: 23.10 18:11:31,619| DQ-In: 23.10 18:11:31,806| C-In: 23.10 18:11:32,230|
lab29-21-<0.4291.0>-T3: Msg #2203, C-Out: 23.10 18:11:31,618| HBQ-In: 23.10 18:11:31,618| DQ-In: 23.10 18:11:31,806| C-In: 23.10 18:11:32,232|
Fehlernachricht fuer Luecke von 2204 bis 2204 C-In: 23.10 18:11:32,233|
lab29-16-<0.4681.0>-T3: Msg #2205, C-Out: 23.10 18:11:31,628| HBQ-In: 23.10 18:11:31,628| DQ-In: 23.10 18:11:31,812| C-In: 23.10 18:11:32,233|
Fehlernachricht fuer Luecke von 2206 bis 2208 C-In: 23.10 18:11:32,234|
5-client@lab23: 2209. Nachricht--Gruppe:1-Team:5-Sendezeit:18:11:30 HBQ-In: 23.10 18:11:30,696| DQ-In: 23.10 18:11:31,829| C-In: 23.10 18:11:32,234|
2-client@lab23: 2210. Nachricht--Gruppe:1-Team:5-Sendezeit:18:11:30 HBQ-In: 23.10 18:11:30,696| DQ-In: 23.10 18:11:31,829| C-In: 23.10 18:11:32,234|
4-client@lab23: 2211. Nachricht--Gruppe:1-Team:5-Sendezeit:18:11:30 HBQ-In: 23.10 18:11:30,696| DQ-In: 23.10 18:11:31,830| C-In: 23.10 18:11:32,234|
1-client@lab23: 2212. Nachricht--Gruppe:1-Team:5-Sendezeit:18:11:30 HBQ-In: 23.10 18:11:30,696| DQ-In: 23.10 18:11:31,830| C-In: 23.10 18:11:32,235|
4-client@lab23: 2213. Nachricht--Gruppe:1-Team:5-Sendezeit:18:11:30 HBQ-In: 23.10 18:11:30,702| DQ-In: 23.10 18:11:31,830| C-In: 23.10 18:11:32,235|
5-client@lab23: 2214. Nachricht--Gruppe:1-Team:5-Sendezeit:18:11:30 HBQ-In: 23.10 18:11:30,702| DQ-In: 23.10 18:11:31,830| C-In: 23.10 18:11:32,238|
2-client@lab23: 2215. Nachricht--Gruppe:1-Team:5-Sendezeit:18:11:30 HBQ-In: 23.10 18:11:30,702| DQ-In: 23.10 18:11:31,830| C-In: 23.10 18:11:32,238|
3-client@lab23: 2216. Nachricht--Gruppe:1-Team:5-Sendezeit:18:11:30 HBQ-In: 23.10 18:11:30,702| DQ-In: 23.10 18:11:31,830| C-In: 23.10 18:11:32,241|
1-client@lab23: 2217. Nachricht--Gruppe:1-Team:5-Sendezeit:18:11:30 HBQ-In: 23.10 18:11:30,702| DQ-In: 23.10 18:11:31,830| C-In: 23.10 18:11:32,241|
lab29-58-<0.1296.0>-T3: Msg #2218, C-Out: 23.10 18:11:32,200| HBQ-In: 23.10 18:11:32,201| DQ-In: 23.10 18:11:32,201| C-In: 23.10 18:11:32,242|
2-client@lab23: 2219. Nachricht--Gruppe:1-Team:5-Sendezeit:18:11:30 HBQ-In: 23.10 18:11:30,704| DQ-In: 23.10 18:11:32,201| C-In: 23.10 18:11:32,242|
3-client@lab23: 2220. Nachricht--Gruppe:1-Team:5-Sendezeit:18:11:30 HBQ-In: 23.10 18:11:30,706| DQ-In: 23.10 18:11:32,201| C-In: 23.10 18:11:32,242|
1-client@lab23: 2221. Nachricht--Gruppe:1-Team:5-Sendezeit:18:11:30 HBQ-In: 23.10 18:11:30,707| DQ-In: 23.10 18:11:32,201| C-In: 23.10 18:11:32,243|
5-client@lab23: 2222. Nachricht--Gruppe:1-Team:5-Sendezeit:18:11:30 HBQ-In: 23.10 18:11:30,706| DQ-In: 23.10 18:11:32,201| C-In: 23.10 18:11:32,243|
4-client@lab23: 2223. Nachricht--Gruppe:1-Team:5-Sendezeit:18:11:30 HBQ-In: 23.10 18:11:30,706| DQ-In: 23.10 18:11:32,201| C-In: 23.10 18:11:32,243|
2-client@lab23: 2224. Nachricht--Gruppe:1-Team:5-Sendezeit:18:11:30 HBQ-In: 23.10 18:11:30,710| DQ-In: 23.10 18:11:32,201| C-In: 23.10 18:11:32,244|
3-client@lab23: 2225. Nachricht--Gruppe:1-Team:5-Sendezeit:18:11:30 HBQ-In: 23.10 18:11:30,712| DQ-In: 23.10 18:11:32,201| C-In: 23.10 18:11:32,244|
4-client@lab23: 2226. Nachricht--Gruppe:1-Team:5-Sendezeit:18:11:30 HBQ-In: 23.10 18:11:30,711| DQ-In: 23.10 18:11:32,201| C-In: 23.10 18:11:32,244|
5-client@lab23: 2227. Nachricht--Gruppe:1-Team:5-Sendezeit:18:11:30 HBQ-In: 23.10 18:11:30,710| DQ-In: 23.10 18:11:32,201| C-In: 23.10 18:11:32,247|
1-client@lab23: 2228. Nachricht--Gruppe:1-Team:5-Sendezeit:18:11:30 HBQ-In: 23.10 18:11:30,711| DQ-In: 23.10 18:11:32,201| C-In: 23.10 18:11:32,247|
ReceiveMsgs done
lab29-28-<0.3729.0>-T3: Msg #2365, C-Out: 23.10 18:11:33,748| gesendet
lab29-28-<0.3729.0>-T3: Msg #2484, C-Out: 23.10 18:11:35,251| gesendet
lab29-28-<0.3729.0>-T3: Msg #2617, C-Out: 23.10 18:11:36,753| gesendet
lab29-28-<0.3729.0>-T3: Msg #2718, C-Out: 23.10 18:11:38,254| gesendet
lab29-28-<0.3729.0>-T3: Msg #2822, C-Out: 23.10 18:11:39,755| gesendet
Neues Intervall: 2.25 Sekunden
