lab29-85-<0.133.0>-T3 C-Start: 23.10 18:11:10,655|
lab29-85-<0.133.0>-T3: Msg #740, C-Out: 23.10 18:11:11,661| gesendet
lab29-85-<0.133.0>-T3: Msg #760, C-Out: 23.10 18:11:12,664| gesendet
lab29-85-<0.133.0>-T3: Msg #790, C-Out: 23.10 18:11:13,667| gesendet
lab29-85-<0.133.0>-T3: Msg #825, C-Out: 23.10 18:11:14,669| gesendet
lab29-85-<0.133.0>-T3: Msg #890, C-Out: 23.10 18:11:15,673| gesendet
Neues Intervall: 1 Sekunden
Msg #934 um 23.10 18:11:15,673| vergessen zu senden
lab29-80-<0.164.0>-T3: Msg #826, C-Out: 23.10 18:11:14,674| HBQ-In: 23.10 18:11:14,674| DQ-In: 23.10 18:11:14,674| C-In: 23.10 18:11:15,674|
Fehlernachricht fuer Luecke von 827 bis 827 C-In: 23.10 18:11:15,674|
lab29-75-<0.200.0>-T3: Msg #828, C-Out: 23.10 18:11:14,682| HBQ-In: 23.10 18:11:14,682| DQ-In: 23.10 18:11:14,870| C-In: 23.10 18:11:15,674|
lab29-70-<0.519.0>-T3: Msg #829, C-Out: 23.10 18:11:14,685| HBQ-In: 23.10 18:11:14,685| DQ-In: 23.10 18:11:14,870| C-In: 23.10 18:11:15,675|
lab29-100-<0.40.0>-T3: Msg #830, C-Out: 23.10 18:11:14,765| HBQ-In: 23.10 18:11:14,765| DQ-In: 23.10 18:11:14,870| C-In: 23.10 18:11:15,675|
lab29-95-<0.87.0>-T3: Msg #831, C-Out: 23.10 18:11:14,765| HBQ-In: 23.10 18:11:14,765| DQ-In: 23.10 18:11:14,870| C-In: 23.10 18:11:15,675|
lab29-89-<0.113.0>-T3: Msg #832, C-Out: 23.10 18:11:14,864| HBQ-In: 23.10 18:11:14,864| DQ-In: 23.10 18:11:14,870| C-In: 23.10 18:11:15,676|
Fehlernachricht fuer Luecke von 833 bis 833 C-In: 23.10 18:11:15,676|
lab29-84-<0.140.0>-T3: Msg #834, C-Out: 23.10 18:11:14,870| HBQ-In: 23.10 18:11:14,870| DQ-In: 23.10 18:11:14,991| C-In: 23.10 18:11:15,676|
lab29-74-<0.266.0>-T3: Msg #835, C-Out: 23.10 18:11:14,881| HBQ-In: 23.10 18:11:14,881| DQ-In: 23.10 18:11:14,991| C-In: 23.10 18:11:15,677|
lab29-79-<0.173.0>-T3: Msg #836, C-Out: 23.10 18:11:14,881| HBQ-In: 23.10 18:11:14,881| DQ-In: 23.10 18:11:14,991| C-In: 23.10 18:11:15,677|
lab29-69-<0.583.0>-T3: Msg #837, C-Out: 23.10 18:11:14,886| HBQ-In: 23.10 18:11:14,886| DQ-In: 23.10 18:11:14,991| C-In: 23.10 18:11:15,677|
lab29-99-<0.49.0>-T3: Msg #838, C-Out: 23.10 18:11:14,939| HBQ-In: 23.10 18:11:14,939| DQ-In: 23.10 18:11:14,991| C-In: 23.10 18:11:15,677|
lab29-94-<0.91.0>-T3: Msg #839, C-Out: 23.10 18:11:14,991| HBQ-In: 23.10 18:11:14,991| DQ-In: 23.10 18:11:14,991| C-In: 23.10 18:11:15,678|
lab29-88-<0.118.0>-T3: Msg #840, C-Out: 23.10 18:11:15,063| HBQ-In: 23.10 18:11:15,063| DQ-In: 23.10 18:11:15,063| C-In: 23.10 18:11:15,678|
Fehlernachricht fuer Luecke von 841 bis 841 C-In: 23.10 18:11:15,678|
lab29-83-<0.147.0>-T3: Msg #842, C-Out: 23.10 18:11:15,074| HBQ-In: 23.10 18:11:15,075| DQ-In: 23.10 18:11:15,153| C-In: 23.10 18:11:15,679|
lab29-78-<0.180.0>-T3: Msg #843, C-Out: 23.10 18:11:15,077| HBQ-In: 23.10 18:11:15,077| DQ-In: 23.10 18:11:15,153| C-In: 23.10 18:11:15,679|
lab29-73-<0.332.0>-T3: Msg #844, C-Out: 23.10 18:11:15,082| HBQ-In: 23.10 18:11:15,082| DQ-In: 23.10 18:11:15,153| C-In: 23.10 18:11:15,679|
lab29-68-<0.633.0>-T3: Msg #845, C-Out: 23.10 18:11:15,088| HBQ-In: 23.10 18:11:15,090| DQ-In: 23.10 18:11:15,153| C-In: 23.10 18:11:15,680|
lab29-93-<0.95.0>-T3: Msg #846, C-Out: 23.10 18:11:15,104| HBQ-In: 23.10 18:11:15,104| DQ-In: 23.10 18:11:15,154| C-In: 23.10 18:11:15,680|
lab29-98-<0.78.0>-T3: Msg #847, C-Out: 23.10 18:11:15,153| HBQ-In: 23.10 18:11:15,153| DQ-In: 23.10 18:11:15,154| C-In: 23.10 18:11:15,680|
Fehlernachricht fuer Luecke von 848 bis 848 C-In: 23.10 18:11:15,681|
lab29-87-<0.123.0>-T3: Msg #849, C-Out: 23.10 18:11:15,272| HBQ-In: 23.10 18:11:15,272| DQ-In: 23.10 18:11:15,324| C-In: 23.10 18:11:15,681|
lab29-82-<0.153.0>-T3: Msg #850, C-Out: 23.10 18:11:15,280| HBQ-In: 23.10 18:11:15,280| DQ-In: 23.10 18:11:15,324| C-In: 23.10 18:11:15,681|
lab29-77-<0.187.0>-T3: Msg #851, C-Out: 23.10 18:11:15,283| HBQ-In: 23.10 18:11:15,283| DQ-In: 23.10 18:11:15,324| C-In: 23.10 18:11:15,682|
lab29-72-<0.396.0>-T3: Msg #852, C-Out: 23.10 18:11:15,283| HBQ-In: 23.10 18:11:15,283| DQ-In: 23.10 18:11:15,324| C-In: 23.10 18:11:15,682|
lab29-67-<0.708.0>-T3: Msg #853, C-Out: 23.10 18:11:15,285| HBQ-In: 23.10 18:11:15,286| DQ-In: 23.10 18:11:15,324| C-In: 23.10 18:11:15,683|
lab29-92-<0.99.0>-T3: Msg #854, C-Out: 23.10 18:11:15,322| HBQ-In: 23.10 18:11:15,324| DQ-In: 23.10 18:11:15,324| C-In: 23.10 18:11:15,683|
lab29-97-<0.81.0>-T3: Msg #855, C-Out: 23.10 18:11:15,433| HBQ-In: 23.10 18:11:15,435| DQ-In: 23.10 18:11:15,435| C-In: 23.10 18:11:15,683|
3-client@lab23: 856. Nachricht--Gruppe:1-Team:5-Sendezeit:18:11:14 HBQ-In: 23.10 18:11:14,454| DQ-In: 23.10 18:11:15,435| C-In: 23.10 18:11:15,684|
1-client@lab23: 857. Nachricht--Gruppe:1-Team:5-Sendezeit:18:11:14 HBQ-In: 23.10 18:11:14,455| DQ-In: 23.10 18:11:15,435| C-In: 23.10 18:11:15,684|
2-client@lab23: 858. Nachricht--Gruppe:1-Team:5-Sendezeit:18:11:14 HBQ-In: 23.10 18:11:14,457| DQ-In: 23.10 18:11:15,435| C-In: 23.10 18:11:15,684|
5-client@lab23: 859. Nachricht--Gruppe:1-Team:5-Sendezeit:18:11:14 HBQ-In: 23.10 18:11:14,457| DQ-In: 23.10 18:11:15,435| C-In: 23.10 18:11:15,685|
4-client@lab23: 860. Nachricht--Gruppe:1-Team:5-Sendezeit:18:11:14 HBQ-In: 23.10 18:11:14,457| DQ-In: 23.10 18:11:15,435| C-In: 23.10 18:11:15,685|
3-client@lab23: 861. Nachricht--Gruppe:1-Team:5-Sendezeit:18:11:14 HBQ-In: 23.10 18:11:14,458| DQ-In: 23.10 18:11:15,435| C-In: 23.10 18:11:15,687|
1-client@lab23: 862. Nachricht--Gruppe:1-Team:5-Sendezeit:18:11:14 HBQ-In: 23.10 18:11:14,458| DQ-In: 23.10 18:11:15,435| C-In: 23.10 18:11:15,688|
4-client@lab23: 863. Nachricht--Gruppe:1-Team:5-Sendezeit:18:11:14 HBQ-In: 23.10 18:11:14,459| DQ-In: 23.10 18:11:15,435| C-In: 23.10 18:11:15,688|
5-client@lab23: 864. Nachricht--Gruppe:1-Team:5-Sendezeit:18:11:14 HBQ-In: 23.10 18:11:14,460| DQ-In: 23.10 18:11:15,436| C-In: 23.10 18:11:15,688|
2-client@lab23: 865. Nachricht--Gruppe:1-Team:5-Sendezeit:18:11:14 HBQ-In: 23.10 18:11:14,460| DQ-In: 23.10 18:11:15,436| C-In: 23.10 18:11:15,689|
3-client@lab23: 866. Nachricht--Gruppe:1-Team:5-Sendezeit:18:11:14 HBQ-In: 23.10 18:11:14,461| DQ-In: 23.10 18:11:15,436| C-In: 23.10 18:11:15,689|
1-client@lab23: 867. Nachricht--Gruppe:1-Team:5-Sendezeit:18:11:14 HBQ-In: 23.10 18:11:14,461| DQ-In: 23.10 18:11:15,436| C-In: 23.10 18:11:15,689|
4-client@lab23: 868. Nachricht--Gruppe:1-Team:5-Sendezeit:18:11:14 HBQ-In: 23.10 18:11:14,465| DQ-In: 23.10 18:11:15,436| C-In: 23.10 18:11:15,690|
5-client@lab23: 869. Nachricht--Gruppe:1-Team:5-Sendezeit:18:11:14 HBQ-In: 23.10 18:11:14,465| DQ-In: 23.10 18:11:15,436| C-In: 23.10 18:11:15,690|
2-client@lab23: 870. Nachricht--Gruppe:1-Team:5-Sendezeit:18:11:14 HBQ-In: 23.10 18:11:14,466| DQ-In: 23.10 18:11:15,436| C-In: 23.10 18:11:15,690|
3-client@lab23: 871. Nachricht--Gruppe:1-Team:5-Sendezeit:18:11:14 HBQ-In: 23.10 18:11:14,466| DQ-In: 23.10 18:11:15,436| C-In: 23.10 18:11:15,691|
1-client@lab23: 872. Nachricht--Gruppe:1-Team:5-Sendezeit:18:11:14 HBQ-In: 23.10 18:11:14,466| DQ-In: 23.10 18:11:15,436| C-In: 23.10 18:11:15,691|
4-client@lab23: 873. Nachricht--Gruppe:1-Team:5-Sendezeit:18:11:14 HBQ-In: 23.10 18:11:14,467| DQ-In: 23.10 18:11:15,436| C-In: 23.10 18:11:15,694|
5-client@lab23: 874. Nachricht--Gruppe:1-Team:5-Sendezeit:18:11:14 HBQ-In: 23.10 18:11:14,467| DQ-In: 23.10 18:11:15,436| C-In: 23.10 18:11:15,696|
2-client@lab23: 875. Nachricht--Gruppe:1-Team:5-Sendezeit:18:11:14 HBQ-In: 23.10 18:11:14,468| DQ-In: 23.10 18:11:15,436| C-In: 23.10 18:11:15,696|
ReceiveMsgs done
lab29-85-<0.133.0>-T3: Msg #940, C-Out: 23.10 18:11:16,699| gesendet
lab29-85-<0.133.0>-T3: Msg #993, C-Out: 23.10 18:11:17,701| gesendet
lab29-85-<0.133.0>-T3: Msg #1048, C-Out: 23.10 18:11:18,704| gesendet
lab29-85-<0.133.0>-T3: Msg #1137, C-Out: 23.10 18:11:19,705| gesendet
lab29-85-<0.133.0>-T3: Msg #1203, C-Out: 23.10 18:11:20,707| gesendet
Neues Intervall: 1.5 Sekunden
Msg #1278 um 23.10 18:11:20,708| vergessen zu senden
Fehlernachricht fuer Luecke von 1119 bis 1119 C-In: 23.10 18:11:20,709|
2-client@lab23: 1120. Nachricht--Gruppe:1-Team:5-Sendezeit:18:11:18 HBQ-In: 23.10 18:11:18,522| DQ-In: 23.10 18:11:19,929| C-In: 23.10 18:11:20,709|
3-client@lab23: 1121. Nachricht--Gruppe:1-Team:5-Sendezeit:18:11:18 HBQ-In: 23.10 18:11:18,523| DQ-In: 23.10 18:11:19,929| C-In: 23.10 18:11:20,710|
5-client@lab23: 1122. Nachricht--Gruppe:1-Team:5-Sendezeit:18:11:18 HBQ-In: 23.10 18:11:18,523| DQ-In: 23.10 18:11:19,929| C-In: 23.10 18:11:20,710|
4-client@lab23: 1123. Nachricht--Gruppe:1-Team:5-Sendezeit:18:11:18 HBQ-In: 23.10 18:11:18,523| DQ-In: 23.10 18:11:19,929| C-In: 23.10 18:11:20,710|
Fehlernachricht fuer Luecke von 1124 bis 1127 C-In: 23.10 18:11:20,710|
lab29-91-<0.103.0>-T3: Msg #1128, C-Out: 23.10 18:11:19,561| HBQ-In: 23.10 18:11:19,561| DQ-In: 23.10 18:11:20,103| C-In: 23.10 18:11:20,711|
lab29-86-<0.129.0>-T3: Msg #1129, C-Out: 23.10 18:11:19,565| HBQ-In: 23.10 18:11:19,566| DQ-In: 23.10 18:11:20,103| C-In: 23.10 18:11:20,711|
lab29-76-<0.194.0>-T3: Msg #1130, C-Out: 23.10 18:11:19,583| HBQ-In: 23.10 18:11:19,583| DQ-In: 23.10 18:11:20,103| C-In: 23.10 18:11:20,712|
Fehlernachricht fuer Luecke von 1131 bis 1131 C-In: 23.10 18:11:20,712|
lab29-71-<0.461.0>-T3: Msg #1132, C-Out: 23.10 18:11:19,604| HBQ-In: 23.10 18:11:19,606| DQ-In: 23.10 18:11:20,117| C-In: 23.10 18:11:20,712|
Fehlernachricht fuer Luecke von 1133 bis 1133 C-In: 23.10 18:11:20,712|
lab29-65-<0.819.0>-T3: Msg #1134, C-Out: 23.10 18:11:19,694| HBQ-In: 23.10 18:11:19,694| DQ-In: 23.10 18:11:20,118| C-In: 23.10 18:11:20,713|
Fehlernachricht fuer Luecke von 1135 bis 1135 C-In: 23.10 18:11:20,713|
lab29-60-<0.1170.0>-T3: Msg #1136, C-Out: 23.10 18:11:19,705| HBQ-In: 23.10 18:11:19,706| DQ-In: 23.10 18:11:20,121| C-In: 23.10 18:11:20,713|
lab29-85-<0.133.0>-T3: Msg #1137, C-Out: 23.10 18:11:19,705| HBQ-In: 23.10 18:11:19,706| DQ-In: 23.10 18:11:20,121|******* C-In: 23.10 18:11:20,714|
lab29-50-<0.1864.0>-T3: Msg #1138, C-Out: 23.10 18:11:19,707| HBQ-In: 23.10 18:11:19,707| DQ-In: 23.10 18:11:20,121| C-In: 23.10 18:11:20,714|
lab29-55-<0.1513.0>-T3: Msg #1139, C-Out: 23.10 18:11:19,707| HBQ-In: 23.10 18:11:19,707| DQ-In: 23.10 18:11:20,121| C-In: 23.10 18:11:20,714|
lab29-45-<0.2293.0>-T3: Msg #1140, C-Out: 23.10 18:11:19,712| HBQ-In: 23.10 18:11:19,712| DQ-In: 23.10 18:11:20,121| C-In: 23.10 18:11:20,715|
lab29-70-<0.519.0>-T3: Msg #1141, C-Out: 23.10 18:11:19,713| HBQ-In: 23.10 18:11:19,713| DQ-In: 23.10 18:11:20,121| C-In: 23.10 18:11:20,715|
lab29-80-<0.164.0>-T3: Msg #1142, C-Out: 23.10 18:11:19,760| HBQ-In: 23.10 18:11:19,760| DQ-In: 23.10 18:11:20,121| C-In: 23.10 18:11:20,715|
lab29-90-<0.107.0>-T3: Msg #1143, C-Out: 23.10 18:11:19,760| HBQ-In: 23.10 18:11:19,760| DQ-In: 23.10 18:11:20,121| C-In: 23.10 18:11:20,716|
Fehlernachricht fuer Luecke von 1144 bis 1144 C-In: 23.10 18:11:20,718|
lab29-75-<0.200.0>-T3: Msg #1145, C-Out: 23.10 18:11:19,779| HBQ-In: 23.10 18:11:19,781| DQ-In: 23.10 18:11:20,319| C-In: 23.10 18:11:20,720|
Fehlernachricht fuer Luecke von 1146 bis 1146 C-In: 23.10 18:11:20,720|
lab29-59-<0.1234.0>-T3: Msg #1147, C-Out: 23.10 18:11:19,901| HBQ-In: 23.10 18:11:19,901| DQ-In: 23.10 18:11:20,319| C-In: 23.10 18:11:20,721|
lab29-64-<0.899.0>-T3: Msg #1148, C-Out: 23.10 18:11:19,901| HBQ-In: 23.10 18:11:19,901| DQ-In: 23.10 18:11:20,319| C-In: 23.10 18:11:20,721|
Fehlernachricht fuer Luecke von 1149 bis 1149 C-In: 23.10 18:11:20,721|
lab29-89-<0.113.0>-T3: Msg #1150, C-Out: 23.10 18:11:19,905| HBQ-In: 23.10 18:11:19,905| DQ-In: 23.10 18:11:20,329| C-In: 23.10 18:11:20,722|
lab29-54-<0.1586.0>-T3: Msg #1151, C-Out: 23.10 18:11:19,905| HBQ-In: 23.10 18:11:19,905| DQ-In: 23.10 18:11:20,329| C-In: 23.10 18:11:20,722|
lab29-84-<0.140.0>-T3: Msg #1152, C-Out: 23.10 18:11:19,905| HBQ-In: 23.10 18:11:19,905| DQ-In: 23.10 18:11:20,329| C-In: 23.10 18:11:20,722|
lab29-49-<0.1950.0>-T3: Msg #1153, C-Out: 23.10 18:11:19,909| HBQ-In: 23.10 18:11:19,909| DQ-In: 23.10 18:11:20,329| C-In: 23.10 18:11:20,723|
lab29-44-<0.2376.0>-T3: Msg #1154, C-Out: 23.10 18:11:19,913| HBQ-In: 23.10 18:11:19,914| DQ-In: 23.10 18:11:20,329| C-In: 23.10 18:11:20,723|
lab29-69-<0.583.0>-T3: Msg #1155, C-Out: 23.10 18:11:19,928| HBQ-In: 23.10 18:11:19,929| DQ-In: 23.10 18:11:20,329| C-In: 23.10 18:11:20,723|
lab29-79-<0.173.0>-T3: Msg #1156, C-Out: 23.10 18:11:19,958| HBQ-In: 23.10 18:11:19,958| DQ-In: 23.10 18:11:20,329| C-In: 23.10 18:11:20,723|
lab29-74-<0.266.0>-T3: Msg #1157, C-Out: 23.10 18:11:19,964| HBQ-In: 23.10 18:11:19,964| DQ-In: 23.10 18:11:20,329| C-In: 23.10 18:11:20,724|
Fehlernachricht fuer Luecke von 1158 bis 1159 C-In: 23.10 18:11:20,725|
lab29-63-<0.983.0>-T3: Msg #1160, C-Out: 23.10 18:11:20,099| HBQ-In: 23.10 18:11:20,100| DQ-In: 23.10 18:11:20,522| C-In: 23.10 18:11:20,727|
Fehlernachricht fuer Luecke von 1161 bis 1161 C-In: 23.10 18:11:20,727|
lab29-58-<0.1296.0>-T3: Msg #1162, C-Out: 23.10 18:11:20,103| HBQ-In: 23.10 18:11:20,103| DQ-In: 23.10 18:11:20,538| C-In: 23.10 18:11:20,728|
lab29-53-<0.1650.0>-T3: Msg #1163, C-Out: 23.10 18:11:20,106| HBQ-In: 23.10 18:11:20,106| DQ-In: 23.10 18:11:20,538| C-In: 23.10 18:11:20,728|
lab29-48-<0.2035.0>-T3: Msg #1164, C-Out: 23.10 18:11:20,116| HBQ-In: 23.10 18:11:20,117| DQ-In: 23.10 18:11:20,538| C-In: 23.10 18:11:20,728|
Fehlernachricht fuer Luecke von 1165 bis 1165 C-In: 23.10 18:11:20,728|
lab29-43-<0.2458.0>-T3: Msg #1166, C-Out: 23.10 18:11:20,117| HBQ-In: 23.10 18:11:20,117| DQ-In: 23.10 18:11:20,610| C-In: 23.10 18:11:20,729|
lab29-83-<0.147.0>-T3: Msg #1167, C-Out: 23.10 18:11:20,118| HBQ-In: 23.10 18:11:20,118| DQ-In: 23.10 18:11:20,610| C-In: 23.10 18:11:20,729|
lab29-78-<0.180.0>-T3: Msg #1168, C-Out: 23.10 18:11:20,121| HBQ-In: 23.10 18:11:20,121| DQ-In: 23.10 18:11:20,610| C-In: 23.10 18:11:20,729|
lab29-88-<0.118.0>-T3: Msg #1169, C-Out: 23.10 18:11:20,122| HBQ-In: 23.10 18:11:20,125| DQ-In: 23.10 18:11:20,610| C-In: 23.10 18:11:20,730|
lab29-73-<0.332.0>-T3: Msg #1170, C-Out: 23.10 18:11:20,123| HBQ-In: 23.10 18:11:20,126| DQ-In: 23.10 18:11:20,610| C-In: 23.10 18:11:20,732|
lab29-68-<0.633.0>-T3: Msg #1171, C-Out: 23.10 18:11:20,133| HBQ-In: 23.10 18:11:20,134| DQ-In: 23.10 18:11:20,610| C-In: 23.10 18:11:20,734|
lab29-93-<0.95.0>-T3: Msg #1172, C-Out: 23.10 18:11:20,653| HBQ-In: 23.10 18:11:20,653| DQ-In: 23.10 18:11:20,653| C-In: 23.10 18:11:20,734|
Fehlernachricht fuer Luecke von 1173 bis 1173 C-In: 23.10 18:11:20,735|
lab29-62-<0.1043.0>-T3: Msg #1174, C-Out: 23.10 18:11:20,301| HBQ-In: 23.10 18:11:20,302| DQ-In: 23.10 18:11:20,714| C-In: 23.10 18:11:20,735|
lab29-57-<0.1365.0>-T3: Msg #1175, C-Out: 23.10 18:11:20,305| HBQ-In: 23.10 18:11:20,305| DQ-In: 23.10 18:11:20,714| C-In: 23.10 18:11:20,735|
lab29-87-<0.123.0>-T3: Msg #1176, C-Out: 23.10 18:11:20,315| HBQ-In: 23.10 18:11:20,315| DQ-In: 23.10 18:11:20,714| C-In: 23.10 18:11:20,735|
lab29-47-<0.2127.0>-T3: Msg #1177, C-Out: 23.10 18:11:20,319| HBQ-In: 23.10 18:11:20,319| DQ-In: 23.10 18:11:20,714| C-In: 23.10 18:11:20,736|
lab29-52-<0.1713.0>-T3: Msg #1178, C-Out: 23.10 18:11:20,319| HBQ-In: 23.10 18:11:20,319| DQ-In: 23.10 18:11:20,714| C-In: 23.10 18:11:20,736|
lab29-82-<0.153.0>-T3: Msg #1179, C-Out: 23.10 18:11:20,319| HBQ-In: 23.10 18:11:20,319| DQ-In: 23.10 18:11:20,714| C-In: 23.10 18:11:20,736|
lab29-42-<0.2545.0>-T3: Msg #1180, C-Out: 23.10 18:11:20,320| HBQ-In: 23.10 18:11:20,322| DQ-In: 23.10 18:11:20,714| C-In: 23.10 18:11:20,737|
lab29-72-<0.396.0>-T3: Msg #1181, C-Out: 23.10 18:11:20,327| HBQ-In: 23.10 18:11:20,329| DQ-In: 23.10 18:11:20,714| C-In: 23.10 18:11:20,737|
ReceiveMsgs done
lab29-85-<0.133.0>-T3: Msg #1287, C-Out: 23.10 18:11:22,238| gesendet
lab29-85-<0.133.0>-T3: Msg #1396, C-Out: 23.10 18:11:23,740| gesendet
lab29-85-<0.133.0>-T3: Msg #1541, C-Out: 23.10 18:11:25,244| gesendet
lab29-85-<0.133.0>-T3: Msg #1674, C-Out: 23.10 18:11:26,749| gesendet
lab29-85-<0.133.0>-T3: Msg #1837, C-Out: 23.10 18:11:28,250| gesendet
Neues Intervall: 2.25 Sekunden
Msg #1984 um 23.10 18:11:28,250| vergessen zu senden
Fehlernachricht fuer Luecke von 1780 bis 1780 C-In: 23.10 18:11:28,252|
lab29-47-<0.2127.0>-T3: Msg #1781, C-Out: 23.10 18:11:27,380| HBQ-In: 23.10 18:11:27,380| DQ-In: 23.10 18:11:27,554| C-In: 23.10 18:11:28,252|
lab29-42-<0.2545.0>-T3: Msg #1782, C-Out: 23.10 18:11:27,380| HBQ-In: 23.10 18:11:27,380| DQ-In: 23.10 18:11:27,554| C-In: 23.10 18:11:28,254|
Fehlernachricht fuer Luecke von 1783 bis 1783 C-In: 23.10 18:11:28,254|
lab29-52-<0.1713.0>-T3: Msg #1784, C-Out: 23.10 18:11:27,386| HBQ-In: 23.10 18:11:27,386| DQ-In: 23.10 18:11:27,556| C-In: 23.10 18:11:28,255|
Fehlernachricht fuer Luecke von 1785 bis 1785 C-In: 23.10 18:11:28,255|
lab29-37-<0.2967.0>-T3: Msg #1786, C-Out: 23.10 18:11:27,388| HBQ-In: 23.10 18:11:27,391| DQ-In: 23.10 18:11:27,557| C-In: 23.10 18:11:28,255|
Fehlernachricht fuer Luecke von 1787 bis 1790 C-In: 23.10 18:11:28,256|
lab29-26-<0.3898.0>-T3: Msg #1791, C-Out: 23.10 18:11:27,545| HBQ-In: 23.10 18:11:27,546| DQ-In: 23.10 18:11:27,564| C-In: 23.10 18:11:28,256|
Fehlernachricht fuer Luecke von 1792 bis 1792 C-In: 23.10 18:11:28,256|
lab29-21-<0.4291.0>-T3: Msg #1793, C-Out: 23.10 18:11:27,552| HBQ-In: 23.10 18:11:27,554| DQ-In: 23.10 18:11:27,572| C-In: 23.10 18:11:28,257|
Fehlernachricht fuer Luecke von 1794 bis 1794 C-In: 23.10 18:11:28,259|
lab29-16-<0.4681.0>-T3: Msg #1795, C-Out: 23.10 18:11:27,552| HBQ-In: 23.10 18:11:27,554| DQ-In: 23.10 18:11:27,577| C-In: 23.10 18:11:28,259|
lab29-11-<0.5067.0>-T3: Msg #1796, C-Out: 23.10 18:11:27,556| HBQ-In: 23.10 18:11:27,556| DQ-In: 23.10 18:11:27,577| C-In: 23.10 18:11:28,260|
lab29-46-<0.2213.0>-T3: Msg #1797, C-Out: 23.10 18:11:27,556| HBQ-In: 23.10 18:11:27,557| DQ-In: 23.10 18:11:27,577| C-In: 23.10 18:11:28,260|
lab29-6-<0.5440.0>-T3: Msg #1798, C-Out: 23.10 18:11:27,563| HBQ-In: 23.10 18:11:27,564| DQ-In: 23.10 18:11:27,577| C-In: 23.10 18:11:28,260|
lab29-31-<0.3480.0>-T3: Msg #1799, C-Out: 23.10 18:11:27,572| HBQ-In: 23.10 18:11:27,572| DQ-In: 23.10 18:11:27,578| C-In: 23.10 18:11:28,261|
lab29-51-<0.1789.0>-T3: Msg #1800, C-Out: 23.10 18:11:27,576| HBQ-In: 23.10 18:11:27,577| DQ-In: 23.10 18:11:27,578| C-In: 23.10 18:11:28,261|
lab29-36-<0.3048.0>-T3: Msg #1801, C-Out: 23.10 18:11:27,581| HBQ-In: 23.10 18:11:27,581| DQ-In: 23.10 18:11:27,581| C-In: 23.10 18:11:28,261|
Fehlernachricht fuer Luecke von 1802 bis 1802 C-In: 23.10 18:11:28,262|
lab29-41-<0.2632.0>-T3: Msg #1803, C-Out: 23.10 18:11:27,601| HBQ-In: 23.10 18:11:27,601| DQ-In: 23.10 18:11:27,756| C-In: 23.10 18:11:28,264|
Fehlernachricht fuer Luecke von 1804 bis 1805 C-In: 23.10 18:11:28,264|
2-client@lab23: 1806. Nachricht--Gruppe:1-Team:5-Sendezeit:18:11:26 HBQ-In: 23.10 18:11:26,629| DQ-In: 23.10 18:11:27,766| C-In: 23.10 18:11:28,264|
1-client@lab23: 1807. Nachricht--Gruppe:1-Team:5-Sendezeit:18:11:26 HBQ-In: 23.10 18:11:26,630| DQ-In: 23.10 18:11:27,766| C-In: 23.10 18:11:28,265|
3-client@lab23: 1808. Nachricht--Gruppe:1-Team:5-Sendezeit:18:11:26 HBQ-In: 23.10 18:11:26,635| DQ-In: 23.10 18:11:27,766| C-In: 23.10 18:11:28,265|
4-client@lab23: 1809. Nachricht--Gruppe:1-Team:5-Sendezeit:18:11:26 HBQ-In: 23.10 18:11:26,632| DQ-In: 23.10 18:11:27,766| C-In: 23.10 18:11:28,265|
2-client@lab23: 1810. Nachricht--Gruppe:1-Team:5-Sendezeit:18:11:26 HBQ-In: 23.10 18:11:26,635| DQ-In: 23.10 18:11:27,766| C-In: 23.10 18:11:28,266|
5-client@lab23: 1811. Nachricht--Gruppe:1-Team:5-Sendezeit:18:11:26 HBQ-In: 23.10 18:11:26,635| DQ-In: 23.10 18:11:27,766| C-In: 23.10 18:11:28,266|
1-client@lab23: 1812. Nachricht--Gruppe:1-Team:5-Sendezeit:18:11:26 HBQ-In: 23.10 18:11:26,635| DQ-In: 23.10 18:11:27,766| C-In: 23.10 18:11:28,267|
4-client@lab23: 1813. Nachricht--Gruppe:1-Team:5-Sendezeit:18:11:26 HBQ-In: 23.10 18:11:26,635| DQ-In: 23.10 18:11:27,766| C-In: 23.10 18:11:28,267|
3-client@lab23: 1814. Nachricht--Gruppe:1-Team:5-Sendezeit:18:11:26 HBQ-In: 23.10 18:11:26,636| DQ-In: 23.10 18:11:27,766| C-In: 23.10 18:11:28,267|
5-client@lab23: 1815. Nachricht--Gruppe:1-Team:5-Sendezeit:18:11:26 HBQ-In: 23.10 18:11:26,638| DQ-In: 23.10 18:11:27,766| C-In: 23.10 18:11:28,267|
2-client@lab23: 1816. Nachricht--Gruppe:1-Team:5-Sendezeit:18:11:26 HBQ-In: 23.10 18:11:26,641| DQ-In: 23.10 18:11:27,766| C-In: 23.10 18:11:28,268|
1-client@lab23: 1817. Nachricht--Gruppe:1-Team:5-Sendezeit:18:11:26 HBQ-In: 23.10 18:11:26,641| DQ-In: 23.10 18:11:27,766| C-In: 23.10 18:11:28,268|
4-client@lab23: 1818. Nachricht--Gruppe:1-Team:5-Sendezeit:18:11:26 HBQ-In: 23.10 18:11:26,641| DQ-In: 23.10 18:11:27,766| C-In: 23.10 18:11:28,268|
3-client@lab23: 1819. Nachricht--Gruppe:1-Team:5-Sendezeit:18:11:26 HBQ-In: 23.10 18:11:26,641| DQ-In: 23.10 18:11:27,766| C-In: 23.10 18:11:28,269|
5-client@lab23: 1820. Nachricht--Gruppe:1-Team:5-Sendezeit:18:11:26 HBQ-In: 23.10 18:11:26,641| DQ-In: 23.10 18:11:27,766| C-In: 23.10 18:11:28,269|
2-client@lab23: 1821. Nachricht--Gruppe:1-Team:5-Sendezeit:18:11:26 HBQ-In: 23.10 18:11:26,644| DQ-In: 23.10 18:11:27,766| C-In: 23.10 18:11:28,270|
5-client@lab23: 1822. Nachricht--Gruppe:1-Team:5-Sendezeit:18:11:26 HBQ-In: 23.10 18:11:26,644| DQ-In: 23.10 18:11:27,766| C-In: 23.10 18:11:28,270|
1-client@lab23: 1823. Nachricht--Gruppe:1-Team:5-Sendezeit:18:11:26 HBQ-In: 23.10 18:11:26,644| DQ-In: 23.10 18:11:27,766| C-In: 23.10 18:11:28,270|
4-client@lab23: 1824. Nachricht--Gruppe:1-Team:5-Sendezeit:18:11:26 HBQ-In: 23.10 18:11:26,645| DQ-In: 23.10 18:11:27,766| C-In: 23.10 18:11:28,270|
3-client@lab23: 1825. Nachricht--Gruppe:1-Team:5-Sendezeit:18:11:26 HBQ-In: 23.10 18:11:26,645| DQ-In: 23.10 18:11:27,766| C-In: 23.10 18:11:28,271|
Fehlernachricht fuer Luecke von 1826 bis 1837******* C-In: 23.10 18:11:28,271|
lab29-25-<0.3973.0>-T3: Msg #1838, C-Out: 23.10 18:11:27,750| HBQ-In: 23.10 18:11:27,750| DQ-In: 23.10 18:11:28,163| C-In: 23.10 18:11:28,272|
lab29-20-<0.4365.0>-T3: Msg #1839, C-Out: 23.10 18:11:27,750| HBQ-In: 23.10 18:11:27,750| DQ-In: 23.10 18:11:28,163| C-In: 23.10 18:11:28,272|
lab29-35-<0.3134.0>-T3: Msg #1840, C-Out: 23.10 18:11:27,751| HBQ-In: 23.10 18:11:27,751| DQ-In: 23.10 18:11:28,163| C-In: 23.10 18:11:28,272|
lab29-15-<0.4762.0>-T3: Msg #1841, C-Out: 23.10 18:11:27,753| HBQ-In: 23.10 18:11:27,753| DQ-In: 23.10 18:11:28,163| C-In: 23.10 18:11:28,273|
lab29-10-<0.5112.0>-T3: Msg #1842, C-Out: 23.10 18:11:27,756| HBQ-In: 23.10 18:11:27,756| DQ-In: 23.10 18:11:28,163| C-In: 23.10 18:11:28,273|
lab29-5-<0.5513.0>-T3: Msg #1843, C-Out: 23.10 18:11:27,766| HBQ-In: 23.10 18:11:27,766| DQ-In: 23.10 18:11:28,163| C-In: 23.10 18:11:28,274|
lab29-40-<0.2707.0>-T3: Msg #1844, C-Out: 23.10 18:11:27,766| HBQ-In: 23.10 18:11:27,766| DQ-In: 23.10 18:11:28,163| C-In: 23.10 18:11:28,274|
lab29-70-<0.519.0>-T3: Msg #1845, C-Out: 23.10 18:11:28,271| HBQ-In: 23.10 18:11:28,271| DQ-In: 23.10 18:11:28,271| C-In: 23.10 18:11:28,276|
lab29-45-<0.2293.0>-T3: Msg #1846, C-Out: 23.10 18:11:27,772| HBQ-In: 23.10 18:11:27,772| DQ-In: 23.10 18:11:28,271| C-In: 23.10 18:11:28,276|
ReceiveMsgs done
lab29-85-<0.133.0>-T3: Msg #1986, C-Out: 23.10 18:11:30,527| gesendet
lab29-85-<0.133.0>-T3: Msg #2192, C-Out: 23.10 18:11:32,778| gesendet
lab29-85-<0.133.0>-T3: Msg #2410, C-Out: 23.10 18:11:35,029| gesendet
lab29-85-<0.133.0>-T3: Msg #2601, C-Out: 23.10 18:11:37,280| gesendet
lab29-85-<0.133.0>-T3: Msg #2759, C-Out: 23.10 18:11:39,531| gesendet
Neues Intervall: 3.375 Sekunden
