lab29-48-<0.2035.0>-T3 C-Start: 23.10 18:11:18,107|
lab29-48-<0.2035.0>-T3: Msg #1075, C-Out: 23.10 18:11:19,112| gesendet
lab29-48-<0.2035.0>-T3: Msg #1164, C-Out: 23.10 18:11:20,116| gesendet
lab29-48-<0.2035.0>-T3: Msg #1232, C-Out: 23.10 18:11:21,119| gesendet
lab29-48-<0.2035.0>-T3: Msg #1310, C-Out: 23.10 18:11:22,123| gesendet
lab29-48-<0.2035.0>-T3: Msg #1384, C-Out: 23.10 18:11:23,124| gesendet
Neues Intervall: 1 Sekunden
Msg #1487 um 23.10 18:11:23,125| vergessen zu senden
lab29-63-<0.983.0>-T3: Msg #1317, C-Out: 23.10 18:11:22,148| HBQ-In: 23.10 18:11:22,148| DQ-In: 23.10 18:11:22,570| C-In: 23.10 18:11:23,126|
lab29-58-<0.1296.0>-T3: Msg #1318, C-Out: 23.10 18:11:22,151| HBQ-In: 23.10 18:11:22,151| DQ-In: 23.10 18:11:22,570| C-In: 23.10 18:11:23,128|
Fehlernachricht fuer Luecke von 1319 bis 1322 C-In: 23.10 18:11:23,128|
lab29-52-<0.1713.0>-T3: Msg #1323, C-Out: 23.10 18:11:22,323| HBQ-In: 23.10 18:11:22,323| DQ-In: 23.10 18:11:22,577| C-In: 23.10 18:11:23,131|
lab29-47-<0.2127.0>-T3: Msg #1324, C-Out: 23.10 18:11:22,323| HBQ-In: 23.10 18:11:22,323| DQ-In: 23.10 18:11:22,577| C-In: 23.10 18:11:23,131|
Fehlernachricht fuer Luecke von 1325 bis 1325 C-In: 23.10 18:11:23,131|
lab29-42-<0.2545.0>-T3: Msg #1326, C-Out: 23.10 18:11:22,328| HBQ-In: 23.10 18:11:22,328| DQ-In: 23.10 18:11:22,581| C-In: 23.10 18:11:23,132|
lab29-37-<0.2967.0>-T3: Msg #1327, C-Out: 23.10 18:11:22,328| HBQ-In: 23.10 18:11:22,328| DQ-In: 23.10 18:11:22,581| C-In: 23.10 18:11:23,132|
lab29-32-<0.3394.0>-T3: Msg #1328, C-Out: 23.10 18:11:22,329| HBQ-In: 23.10 18:11:22,329| DQ-In: 23.10 18:11:22,581| C-In: 23.10 18:11:23,133|
lab29-72-<0.396.0>-T3: Msg #1329, C-Out: 23.10 18:11:22,332| HBQ-In: 23.10 18:11:22,332| DQ-In: 23.10 18:11:22,581| C-In: 23.10 18:11:23,133|
lab29-67-<0.708.0>-T3: Msg #1330, C-Out: 23.10 18:11:22,343| HBQ-In: 23.10 18:11:22,343| DQ-In: 23.10 18:11:22,581| C-In: 23.10 18:11:23,133|
lab29-62-<0.1043.0>-T3: Msg #1331, C-Out: 23.10 18:11:22,347| HBQ-In: 23.10 18:11:22,347| DQ-In: 23.10 18:11:22,581| C-In: 23.10 18:11:23,134|
lab29-57-<0.1365.0>-T3: Msg #1332, C-Out: 23.10 18:11:22,379| HBQ-In: 23.10 18:11:22,380| DQ-In: 23.10 18:11:22,581| C-In: 23.10 18:11:23,134|
Fehlernachricht fuer Luecke von 1333 bis 1333 C-In: 23.10 18:11:23,134|
lab29-77-<0.187.0>-T3: Msg #1334, C-Out: 23.10 18:11:22,388| HBQ-In: 23.10 18:11:22,389| DQ-In: 23.10 18:11:22,584| C-In: 23.10 18:11:23,134|
Fehlernachricht fuer Luecke von 1335 bis 1337 C-In: 23.10 18:11:23,135|
lab29-51-<0.1789.0>-T3: Msg #1338, C-Out: 23.10 18:11:22,517| HBQ-In: 23.10 18:11:22,517| DQ-In: 23.10 18:11:22,585| C-In: 23.10 18:11:23,135|
lab29-46-<0.2213.0>-T3: Msg #1339, C-Out: 23.10 18:11:22,517| HBQ-In: 23.10 18:11:22,517| DQ-In: 23.10 18:11:22,585| C-In: 23.10 18:11:23,136|
Fehlernachricht fuer Luecke von 1340 bis 1340 C-In: 23.10 18:11:23,136|
lab29-41-<0.2632.0>-T3: Msg #1341, C-Out: 23.10 18:11:22,528| HBQ-In: 23.10 18:11:22,529| DQ-In: 23.10 18:11:22,586| C-In: 23.10 18:11:23,136|
lab29-36-<0.3048.0>-T3: Msg #1342, C-Out: 23.10 18:11:22,528| HBQ-In: 23.10 18:11:22,529| DQ-In: 23.10 18:11:22,586| C-In: 23.10 18:11:23,137|
lab29-31-<0.3480.0>-T3: Msg #1343, C-Out: 23.10 18:11:22,530| HBQ-In: 23.10 18:11:22,530| DQ-In: 23.10 18:11:22,586| C-In: 23.10 18:11:23,137|
lab29-66-<0.743.0>-T3: Msg #1344, C-Out: 23.10 18:11:22,540| HBQ-In: 23.10 18:11:22,540| DQ-In: 23.10 18:11:22,586| C-In: 23.10 18:11:23,137|
lab29-56-<0.1439.0>-T3: Msg #1345, C-Out: 23.10 18:11:22,545| HBQ-In: 23.10 18:11:22,545| DQ-In: 23.10 18:11:22,586| C-In: 23.10 18:11:23,137|
Fehlernachricht fuer Luecke von 1346 bis 1346 C-In: 23.10 18:11:23,138|
lab29-61-<0.1100.0>-T3: Msg #1347, C-Out: 23.10 18:11:22,570| HBQ-In: 23.10 18:11:22,570| DQ-In: 23.10 18:11:22,719| C-In: 23.10 18:11:23,138|
lab29-76-<0.194.0>-T3: Msg #1348, C-Out: 23.10 18:11:22,591| HBQ-In: 23.10 18:11:22,592| DQ-In: 23.10 18:11:22,719| C-In: 23.10 18:11:23,138|
lab29-71-<0.461.0>-T3: Msg #1349, C-Out: 23.10 18:11:22,614| HBQ-In: 23.10 18:11:22,614| DQ-In: 23.10 18:11:22,719| C-In: 23.10 18:11:23,139|
Fehlernachricht fuer Luecke von 1350 bis 1351 C-In: 23.10 18:11:23,139|
lab29-50-<0.1864.0>-T3: Msg #1352, C-Out: 23.10 18:11:22,712| HBQ-In: 23.10 18:11:22,713| DQ-In: 23.10 18:11:22,726| C-In: 23.10 18:11:23,139|
Fehlernachricht fuer Luecke von 1353 bis 1353 C-In: 23.10 18:11:23,140|
lab29-45-<0.2293.0>-T3: Msg #1354, C-Out: 23.10 18:11:22,718| HBQ-In: 23.10 18:11:22,719| DQ-In: 23.10 18:11:22,736| C-In: 23.10 18:11:23,140|
lab29-70-<0.519.0>-T3: Msg #1355, C-Out: 23.10 18:11:22,718| HBQ-In: 23.10 18:11:22,719| DQ-In: 23.10 18:11:22,736| C-In: 23.10 18:11:23,140|
lab29-40-<0.2707.0>-T3: Msg #1356, C-Out: 23.10 18:11:22,722| HBQ-In: 23.10 18:11:22,723| DQ-In: 23.10 18:11:22,736| C-In: 23.10 18:11:23,141|
lab29-35-<0.3134.0>-T3: Msg #1357, C-Out: 23.10 18:11:22,726| HBQ-In: 23.10 18:11:22,726| DQ-In: 23.10 18:11:22,736| C-In: 23.10 18:11:23,141|
lab29-65-<0.819.0>-T3: Msg #1358, C-Out: 23.10 18:11:22,726| HBQ-In: 23.10 18:11:22,726| DQ-In: 23.10 18:11:22,736| C-In: 23.10 18:11:23,141|
lab29-30-<0.3559.0>-T3: Msg #1359, C-Out: 23.10 18:11:22,736| HBQ-In: 23.10 18:11:22,736| DQ-In: 23.10 18:11:22,736| C-In: 23.10 18:11:23,142|
lab29-60-<0.1170.0>-T3: Msg #1360, C-Out: 23.10 18:11:22,740| HBQ-In: 23.10 18:11:22,741| DQ-In: 23.10 18:11:22,741| C-In: 23.10 18:11:23,142|
Fehlernachricht fuer Luecke von 1361 bis 1361 C-In: 23.10 18:11:23,143|
lab29-55-<0.1513.0>-T3: Msg #1362, C-Out: 23.10 18:11:22,766| HBQ-In: 23.10 18:11:22,766| DQ-In: 23.10 18:11:22,930| C-In: 23.10 18:11:23,143|
lab29-75-<0.200.0>-T3: Msg #1363, C-Out: 23.10 18:11:22,789| HBQ-In: 23.10 18:11:22,792| DQ-In: 23.10 18:11:22,930| C-In: 23.10 18:11:23,143|
Fehlernachricht fuer Luecke von 1364 bis 1367 C-In: 23.10 18:11:23,143|
lab29-49-<0.1950.0>-T3: Msg #1368, C-Out: 23.10 18:11:22,912| HBQ-In: 23.10 18:11:22,912| DQ-In: 23.10 18:11:22,933| C-In: 23.10 18:11:23,144|
lab29-44-<0.2376.0>-T3: Msg #1369, C-Out: 23.10 18:11:22,917| HBQ-In: 23.10 18:11:22,918| DQ-In: 23.10 18:11:22,933| C-In: 23.10 18:11:23,144|
lab29-39-<0.2795.0>-T3: Msg #1370, C-Out: 23.10 18:11:22,930| HBQ-In: 23.10 18:11:22,930| DQ-In: 23.10 18:11:22,933| C-In: 23.10 18:11:23,144|
lab29-34-<0.3220.0>-T3: Msg #1371, C-Out: 23.10 18:11:22,930| HBQ-In: 23.10 18:11:22,930| DQ-In: 23.10 18:11:22,933| C-In: 23.10 18:11:23,145|
lab29-64-<0.899.0>-T3: Msg #1372, C-Out: 23.10 18:11:22,931| HBQ-In: 23.10 18:11:22,931| DQ-In: 23.10 18:11:22,933| C-In: 23.10 18:11:23,145|
lab29-69-<0.583.0>-T3: Msg #1373, C-Out: 23.10 18:11:22,933| HBQ-In: 23.10 18:11:22,933| DQ-In: 23.10 18:11:22,933| C-In: 23.10 18:11:23,146|
lab29-29-<0.3641.0>-T3: Msg #1374, C-Out: 23.10 18:11:22,937| HBQ-In: 23.10 18:11:22,937| DQ-In: 23.10 18:11:22,937| C-In: 23.10 18:11:23,146|
lab29-59-<0.1234.0>-T3: Msg #1375, C-Out: 23.10 18:11:22,944| HBQ-In: 23.10 18:11:22,944| DQ-In: 23.10 18:11:22,944| C-In: 23.10 18:11:23,146|
Fehlernachricht fuer Luecke von 1376 bis 1376 C-In: 23.10 18:11:23,147|
lab29-54-<0.1586.0>-T3: Msg #1377, C-Out: 23.10 18:11:22,964| HBQ-In: 23.10 18:11:22,964| DQ-In: 23.10 18:11:23,132| C-In: 23.10 18:11:23,147|
lab29-74-<0.266.0>-T3: Msg #1378, C-Out: 23.10 18:11:22,971| HBQ-In: 23.10 18:11:22,971| DQ-In: 23.10 18:11:23,132| C-In: 23.10 18:11:23,147|
Fehlernachricht fuer Luecke von 1379 bis 1382 C-In: 23.10 18:11:23,148|
lab29-43-<0.2458.0>-T3: Msg #1383, C-Out: 23.10 18:11:23,124| HBQ-In: 23.10 18:11:23,125| DQ-In: 23.10 18:11:23,135| C-In: 23.10 18:11:23,150|
lab29-48-<0.2035.0>-T3: Msg #1384, C-Out: 23.10 18:11:23,124| HBQ-In: 23.10 18:11:23,125| DQ-In: 23.10 18:11:23,135|******* C-In: 23.10 18:11:23,150|
Fehlernachricht fuer Luecke von 1385 bis 1385 C-In: 23.10 18:11:23,151|
lab29-33-<0.3306.0>-T3: Msg #1386, C-Out: 23.10 18:11:23,131| HBQ-In: 23.10 18:11:23,131| DQ-In: 23.10 18:11:23,145| C-In: 23.10 18:11:23,151|
lab29-73-<0.332.0>-T3: Msg #1387, C-Out: 23.10 18:11:23,132| HBQ-In: 23.10 18:11:23,132| DQ-In: 23.10 18:11:23,145| C-In: 23.10 18:11:23,151|
lab29-38-<0.2880.0>-T3: Msg #1388, C-Out: 23.10 18:11:23,132| HBQ-In: 23.10 18:11:23,132| DQ-In: 23.10 18:11:23,145| C-In: 23.10 18:11:23,151|
lab29-28-<0.3729.0>-T3: Msg #1389, C-Out: 23.10 18:11:23,135| HBQ-In: 23.10 18:11:23,135| DQ-In: 23.10 18:11:23,145| C-In: 23.10 18:11:23,152|
lab29-68-<0.633.0>-T3: Msg #1390, C-Out: 23.10 18:11:23,137| HBQ-In: 23.10 18:11:23,137| DQ-In: 23.10 18:11:23,145| C-In: 23.10 18:11:23,154|
lab29-53-<0.1650.0>-T3: Msg #1391, C-Out: 23.10 18:11:23,145| HBQ-In: 23.10 18:11:23,145| DQ-In: 23.10 18:11:23,145| C-In: 23.10 18:11:23,155|
lab29-63-<0.983.0>-T3: Msg #1392, C-Out: 23.10 18:11:23,149| HBQ-In: 23.10 18:11:23,150| DQ-In: 23.10 18:11:23,150| C-In: 23.10 18:11:23,156|
lab29-58-<0.1296.0>-T3: Msg #1393, C-Out: 23.10 18:11:23,152| HBQ-In: 23.10 18:11:23,152| DQ-In: 23.10 18:11:23,152| C-In: 23.10 18:11:23,156|
ReceiveMsgs done
lab29-48-<0.2035.0>-T3: Msg #1498, C-Out: 23.10 18:11:24,157| gesendet
lab29-48-<0.2035.0>-T3: Msg #1579, C-Out: 23.10 18:11:25,158| gesendet
lab29-48-<0.2035.0>-T3: Msg #1667, C-Out: 23.10 18:11:26,160| gesendet
lab29-48-<0.2035.0>-T3: Msg #1760, C-Out: 23.10 18:11:27,161| gesendet
lab29-48-<0.2035.0>-T3: Msg #1880, C-Out: 23.10 18:11:28,163| gesendet
Neues Intervall: 1.5 Sekunden
Msg #1973 um 23.10 18:11:28,163| vergessen zu senden
Fehlernachricht fuer Luecke von 1780 bis 1780 C-In: 23.10 18:11:28,164|
lab29-47-<0.2127.0>-T3: Msg #1781, C-Out: 23.10 18:11:27,380| HBQ-In: 23.10 18:11:27,380| DQ-In: 23.10 18:11:27,554| C-In: 23.10 18:11:28,165|
lab29-42-<0.2545.0>-T3: Msg #1782, C-Out: 23.10 18:11:27,380| HBQ-In: 23.10 18:11:27,380| DQ-In: 23.10 18:11:27,554| C-In: 23.10 18:11:28,165|
Fehlernachricht fuer Luecke von 1783 bis 1783 C-In: 23.10 18:11:28,166|
lab29-52-<0.1713.0>-T3: Msg #1784, C-Out: 23.10 18:11:27,386| HBQ-In: 23.10 18:11:27,386| DQ-In: 23.10 18:11:27,556| C-In: 23.10 18:11:28,166|
Fehlernachricht fuer Luecke von 1785 bis 1785 C-In: 23.10 18:11:28,166|
lab29-37-<0.2967.0>-T3: Msg #1786, C-Out: 23.10 18:11:27,388| HBQ-In: 23.10 18:11:27,391| DQ-In: 23.10 18:11:27,557| C-In: 23.10 18:11:28,167|
Fehlernachricht fuer Luecke von 1787 bis 1790 C-In: 23.10 18:11:28,167|
lab29-26-<0.3898.0>-T3: Msg #1791, C-Out: 23.10 18:11:27,545| HBQ-In: 23.10 18:11:27,546| DQ-In: 23.10 18:11:27,564| C-In: 23.10 18:11:28,167|
Fehlernachricht fuer Luecke von 1792 bis 1792 C-In: 23.10 18:11:28,168|
lab29-21-<0.4291.0>-T3: Msg #1793, C-Out: 23.10 18:11:27,552| HBQ-In: 23.10 18:11:27,554| DQ-In: 23.10 18:11:27,572| C-In: 23.10 18:11:28,168|
Fehlernachricht fuer Luecke von 1794 bis 1794 C-In: 23.10 18:11:28,168|
lab29-16-<0.4681.0>-T3: Msg #1795, C-Out: 23.10 18:11:27,552| HBQ-In: 23.10 18:11:27,554| DQ-In: 23.10 18:11:27,577| C-In: 23.10 18:11:28,169|
lab29-11-<0.5067.0>-T3: Msg #1796, C-Out: 23.10 18:11:27,556| HBQ-In: 23.10 18:11:27,556| DQ-In: 23.10 18:11:27,577| C-In: 23.10 18:11:28,171|
lab29-46-<0.2213.0>-T3: Msg #1797, C-Out: 23.10 18:11:27,556| HBQ-In: 23.10 18:11:27,557| DQ-In: 23.10 18:11:27,577| C-In: 23.10 18:11:28,173|
lab29-6-<0.5440.0>-T3: Msg #1798, C-Out: 23.10 18:11:27,563| HBQ-In: 23.10 18:11:27,564| DQ-In: 23.10 18:11:27,577| C-In: 23.10 18:11:28,174|
lab29-31-<0.3480.0>-T3: Msg #1799, C-Out: 23.10 18:11:27,572| HBQ-In: 23.10 18:11:27,572| DQ-In: 23.10 18:11:27,578| C-In: 23.10 18:11:28,174|
lab29-51-<0.1789.0>-T3: Msg #1800, C-Out: 23.10 18:11:27,576| HBQ-In: 23.10 18:11:27,577| DQ-In: 23.10 18:11:27,578| C-In: 23.10 18:11:28,174|
lab29-36-<0.3048.0>-T3: Msg #1801, C-Out: 23.10 18:11:27,581| HBQ-In: 23.10 18:11:27,581| DQ-In: 23.10 18:11:27,581| C-In: 23.10 18:11:28,175|
Fehlernachricht fuer Luecke von 1802 bis 1802 C-In: 23.10 18:11:28,175|
lab29-41-<0.2632.0>-T3: Msg #1803, C-Out: 23.10 18:11:27,601| HBQ-In: 23.10 18:11:27,601| DQ-In: 23.10 18:11:27,756| C-In: 23.10 18:11:28,176|
Fehlernachricht fuer Luecke von 1804 bis 1805 C-In: 23.10 18:11:28,178|
2-client@lab23: 1806. Nachricht--Gruppe:1-Team:5-Sendezeit:18:11:26 HBQ-In: 23.10 18:11:26,629| DQ-In: 23.10 18:11:27,766| C-In: 23.10 18:11:28,178|
1-client@lab23: 1807. Nachricht--Gruppe:1-Team:5-Sendezeit:18:11:26 HBQ-In: 23.10 18:11:26,630| DQ-In: 23.10 18:11:27,766| C-In: 23.10 18:11:28,179|
3-client@lab23: 1808. Nachricht--Gruppe:1-Team:5-Sendezeit:18:11:26 HBQ-In: 23.10 18:11:26,635| DQ-In: 23.10 18:11:27,766| C-In: 23.10 18:11:28,179|
4-client@lab23: 1809. Nachricht--Gruppe:1-Team:5-Sendezeit:18:11:26 HBQ-In: 23.10 18:11:26,632| DQ-In: 23.10 18:11:27,766| C-In: 23.10 18:11:28,181|
2-client@lab23: 1810. Nachricht--Gruppe:1-Team:5-Sendezeit:18:11:26 HBQ-In: 23.10 18:11:26,635| DQ-In: 23.10 18:11:27,766| C-In: 23.10 18:11:28,181|
5-client@lab23: 1811. Nachricht--Gruppe:1-Team:5-Sendezeit:18:11:26 HBQ-In: 23.10 18:11:26,635| DQ-In: 23.10 18:11:27,766| C-In: 23.10 18:11:28,181|
1-client@lab23: 1812. Nachricht--Gruppe:1-Team:5-Sendezeit:18:11:26 HBQ-In: 23.10 18:11:26,635| DQ-In: 23.10 18:11:27,766| C-In: 23.10 18:11:28,182|
4-client@lab23: 1813. Nachricht--Gruppe:1-Team:5-Sendezeit:18:11:26 HBQ-In: 23.10 18:11:26,635| DQ-In: 23.10 18:11:27,766| C-In: 23.10 18:11:28,182|
3-client@lab23: 1814. Nachricht--Gruppe:1-Team:5-Sendezeit:18:11:26 HBQ-In: 23.10 18:11:26,636| DQ-In: 23.10 18:11:27,766| C-In: 23.10 18:11:28,182|
5-client@lab23: 1815. Nachricht--Gruppe:1-Team:5-Sendezeit:18:11:26 HBQ-In: 23.10 18:11:26,638| DQ-In: 23.10 18:11:27,766| C-In: 23.10 18:11:28,183|
2-client@lab23: 1816. Nachricht--Gruppe:1-Team:5-Sendezeit:18:11:26 HBQ-In: 23.10 18:11:26,641| DQ-In: 23.10 18:11:27,766| C-In: 23.10 18:11:28,183|
1-client@lab23: 1817. Nachricht--Gruppe:1-Team:5-Sendezeit:18:11:26 HBQ-In: 23.10 18:11:26,641| DQ-In: 23.10 18:11:27,766| C-In: 23.10 18:11:28,183|
4-client@lab23: 1818. Nachricht--Gruppe:1-Team:5-Sendezeit:18:11:26 HBQ-In: 23.10 18:11:26,641| DQ-In: 23.10 18:11:27,766| C-In: 23.10 18:11:28,184|
3-client@lab23: 1819. Nachricht--Gruppe:1-Team:5-Sendezeit:18:11:26 HBQ-In: 23.10 18:11:26,641| DQ-In: 23.10 18:11:27,766| C-In: 23.10 18:11:28,184|
5-client@lab23: 1820. Nachricht--Gruppe:1-Team:5-Sendezeit:18:11:26 HBQ-In: 23.10 18:11:26,641| DQ-In: 23.10 18:11:27,766| C-In: 23.10 18:11:28,186|
2-client@lab23: 1821. Nachricht--Gruppe:1-Team:5-Sendezeit:18:11:26 HBQ-In: 23.10 18:11:26,644| DQ-In: 23.10 18:11:27,766| C-In: 23.10 18:11:28,187|
5-client@lab23: 1822. Nachricht--Gruppe:1-Team:5-Sendezeit:18:11:26 HBQ-In: 23.10 18:11:26,644| DQ-In: 23.10 18:11:27,766| C-In: 23.10 18:11:28,192|
1-client@lab23: 1823. Nachricht--Gruppe:1-Team:5-Sendezeit:18:11:26 HBQ-In: 23.10 18:11:26,644| DQ-In: 23.10 18:11:27,766| C-In: 23.10 18:11:28,194|
4-client@lab23: 1824. Nachricht--Gruppe:1-Team:5-Sendezeit:18:11:26 HBQ-In: 23.10 18:11:26,645| DQ-In: 23.10 18:11:27,766| C-In: 23.10 18:11:28,197|
3-client@lab23: 1825. Nachricht--Gruppe:1-Team:5-Sendezeit:18:11:26 HBQ-In: 23.10 18:11:26,645| DQ-In: 23.10 18:11:27,766| C-In: 23.10 18:11:28,197|
Fehlernachricht fuer Luecke von 1826 bis 1837 C-In: 23.10 18:11:28,199|
lab29-25-<0.3973.0>-T3: Msg #1838, C-Out: 23.10 18:11:27,750| HBQ-In: 23.10 18:11:27,750| DQ-In: 23.10 18:11:28,163| C-In: 23.10 18:11:28,199|
lab29-20-<0.4365.0>-T3: Msg #1839, C-Out: 23.10 18:11:27,750| HBQ-In: 23.10 18:11:27,750| DQ-In: 23.10 18:11:28,163| C-In: 23.10 18:11:28,200|
lab29-35-<0.3134.0>-T3: Msg #1840, C-Out: 23.10 18:11:27,751| HBQ-In: 23.10 18:11:27,751| DQ-In: 23.10 18:11:28,163| C-In: 23.10 18:11:28,200|
lab29-15-<0.4762.0>-T3: Msg #1841, C-Out: 23.10 18:11:27,753| HBQ-In: 23.10 18:11:27,753| DQ-In: 23.10 18:11:28,163| C-In: 23.10 18:11:28,200|
lab29-10-<0.5112.0>-T3: Msg #1842, C-Out: 23.10 18:11:27,756| HBQ-In: 23.10 18:11:27,756| DQ-In: 23.10 18:11:28,163| C-In: 23.10 18:11:28,201|
lab29-5-<0.5513.0>-T3: Msg #1843, C-Out: 23.10 18:11:27,766| HBQ-In: 23.10 18:11:27,766| DQ-In: 23.10 18:11:28,163| C-In: 23.10 18:11:28,201|
lab29-40-<0.2707.0>-T3: Msg #1844, C-Out: 23.10 18:11:27,766| HBQ-In: 23.10 18:11:27,766| DQ-In: 23.10 18:11:28,163| C-In: 23.10 18:11:28,201|
ReceiveMsgs done
lab29-48-<0.2035.0>-T3: Msg #1982, C-Out: 23.10 18:11:29,703| gesendet
lab29-48-<0.2035.0>-T3: Msg #2119, C-Out: 23.10 18:11:31,204| gesendet
lab29-48-<0.2035.0>-T3: Msg #2278, C-Out: 23.10 18:11:32,705| gesendet
lab29-48-<0.2035.0>-T3: Msg #2401, C-Out: 23.10 18:11:34,209| gesendet
lab29-48-<0.2035.0>-T3: Msg #2516, C-Out: 23.10 18:11:35,714| gesendet
Neues Intervall: 2.25 Sekunden
Msg #2649 um 23.10 18:11:35,714| vergessen zu senden
lab29-24-<0.4051.0>-T3: Msg #2430, C-Out: 23.10 18:11:34,513| HBQ-In: 23.10 18:11:34,513| DQ-In: 23.10 18:11:34,753| C-In: 23.10 18:11:35,714|
lab29-19-<0.4442.0>-T3: Msg #2431, C-Out: 23.10 18:11:34,022| HBQ-In: 23.10 18:11:34,023| DQ-In: 23.10 18:11:34,753| C-In: 23.10 18:11:35,717|
lab29-9-<0.5191.0>-T3: Msg #2432, C-Out: 23.10 18:11:34,022| HBQ-In: 23.10 18:11:34,023| DQ-In: 23.10 18:11:34,753| C-In: 23.10 18:11:35,717|
lab29-14-<0.4846.0>-T3: Msg #2433, C-Out: 23.10 18:11:34,023| HBQ-In: 23.10 18:11:34,023| DQ-In: 23.10 18:11:34,753| C-In: 23.10 18:11:35,719|
lab29-54-<0.1586.0>-T3: Msg #2434, C-Out: 23.10 18:11:34,530| HBQ-In: 23.10 18:11:34,530| DQ-In: 23.10 18:11:34,753| C-In: 23.10 18:11:35,720|
lab29-39-<0.2795.0>-T3: Msg #2435, C-Out: 23.10 18:11:34,532| HBQ-In: 23.10 18:11:34,533| DQ-In: 23.10 18:11:34,753| C-In: 23.10 18:11:35,720|
lab29-46-<0.2213.0>-T3: Msg #2436, C-Out: 23.10 18:11:34,621| HBQ-In: 23.10 18:11:34,621| DQ-In: 23.10 18:11:34,753| C-In: 23.10 18:11:35,722|
lab29-31-<0.3480.0>-T3: Msg #2437, C-Out: 23.10 18:11:34,625| HBQ-In: 23.10 18:11:34,625| DQ-In: 23.10 18:11:34,753| C-In: 23.10 18:11:35,723|
Fehlernachricht fuer Luecke von 2438 bis 2442 C-In: 23.10 18:11:35,723|
lab29-53-<0.1650.0>-T3: Msg #2443, C-Out: 23.10 18:11:34,709| HBQ-In: 23.10 18:11:34,709| DQ-In: 23.10 18:11:34,767| C-In: 23.10 18:11:35,723|
lab29-8-<0.5273.0>-T3: Msg #2444, C-Out: 23.10 18:11:34,209| HBQ-In: 23.10 18:11:34,209| DQ-In: 23.10 18:11:34,767| C-In: 23.10 18:11:35,725|
lab29-18-<0.4519.0>-T3: Msg #2445, C-Out: 23.10 18:11:34,220| HBQ-In: 23.10 18:11:34,220| DQ-In: 23.10 18:11:34,767| C-In: 23.10 18:11:35,726|
Fehlernachricht fuer Luecke von 2446 bis 2446 C-In: 23.10 18:11:35,727|
lab29-3-<0.5663.0>-T3: Msg #2447, C-Out: 23.10 18:11:34,226| HBQ-In: 23.10 18:11:34,227| DQ-In: 23.10 18:11:34,778| C-In: 23.10 18:11:35,727|
lab29-23-<0.4130.0>-T3: Msg #2448, C-Out: 23.10 18:11:34,751| HBQ-In: 23.10 18:11:34,753| DQ-In: 23.10 18:11:34,778| C-In: 23.10 18:11:35,728|
lab29-13-<0.4921.0>-T3: Msg #2449, C-Out: 23.10 18:11:34,260| HBQ-In: 23.10 18:11:34,260| DQ-In: 23.10 18:11:34,778| C-In: 23.10 18:11:35,728|
lab29-38-<0.2880.0>-T3: Msg #2450, C-Out: 23.10 18:11:34,765| HBQ-In: 23.10 18:11:34,765| DQ-In: 23.10 18:11:34,778| C-In: 23.10 18:11:35,728|
Fehlernachricht fuer Luecke von 2451 bis 2456 C-In: 23.10 18:11:35,729|
lab29-7-<0.5358.0>-T3: Msg #2457, C-Out: 23.10 18:11:34,422| HBQ-In: 23.10 18:11:34,422| DQ-In: 23.10 18:11:34,782| C-In: 23.10 18:11:35,729|
Fehlernachricht fuer Luecke von 2458 bis 2458 C-In: 23.10 18:11:35,730|
lab29-2-<0.5741.0>-T3: Msg #2459, C-Out: 23.10 18:11:34,435| HBQ-In: 23.10 18:11:34,435| DQ-In: 23.10 18:11:34,786| C-In: 23.10 18:11:35,731|
lab29-12-<0.4991.0>-T3: Msg #2460, C-Out: 23.10 18:11:34,436| HBQ-In: 23.10 18:11:34,436| DQ-In: 23.10 18:11:34,786| C-In: 23.10 18:11:35,731|
lab29-17-<0.4601.0>-T3: Msg #2461, C-Out: 23.10 18:11:34,436| HBQ-In: 23.10 18:11:34,436| DQ-In: 23.10 18:11:34,786| C-In: 23.10 18:11:35,732|
Fehlernachricht fuer Luecke von 2462 bis 2471 C-In: 23.10 18:11:35,734|
lab29-6-<0.5440.0>-T3: Msg #2472, C-Out: 23.10 18:11:34,616| HBQ-In: 23.10 18:11:34,616| DQ-In: 23.10 18:11:34,828| C-In: 23.10 18:11:35,734|
Fehlernachricht fuer Luecke von 2473 bis 2473 C-In: 23.10 18:11:35,735|
lab29-11-<0.5067.0>-T3: Msg #2474, C-Out: 23.10 18:11:34,622| HBQ-In: 23.10 18:11:34,622| DQ-In: 23.10 18:11:34,838| C-In: 23.10 18:11:35,736|
Fehlernachricht fuer Luecke von 2475 bis 2475 C-In: 23.10 18:11:35,736|
lab29-16-<0.4681.0>-T3: Msg #2476, C-Out: 23.10 18:11:34,633| HBQ-In: 23.10 18:11:34,633| DQ-In: 23.10 18:11:35,012| C-In: 23.10 18:11:35,737|
Fehlernachricht fuer Luecke von 2477 bis 2478 C-In: 23.10 18:11:35,737|
lab29-1-<0.5818.0>-T3: Msg #2479, C-Out: 23.10 18:11:34,637| HBQ-In: 23.10 18:11:34,637| DQ-In: 23.10 18:11:35,025| C-In: 23.10 18:11:35,737|
Fehlernachricht fuer Luecke von 2480 bis 2486 C-In: 23.10 18:11:35,738|
lab29-15-<0.4762.0>-T3: Msg #2487, C-Out: 23.10 18:11:34,812| HBQ-In: 23.10 18:11:34,812| DQ-In: 23.10 18:11:35,025| C-In: 23.10 18:11:35,738|
Fehlernachricht fuer Luecke von 2488 bis 2489 C-In: 23.10 18:11:35,740|
lab29-5-<0.5513.0>-T3: Msg #2490, C-Out: 23.10 18:11:34,828| HBQ-In: 23.10 18:11:34,828| DQ-In: 23.10 18:11:35,211| C-In: 23.10 18:11:35,741|
lab29-10-<0.5112.0>-T3: Msg #2491, C-Out: 23.10 18:11:34,838| HBQ-In: 23.10 18:11:34,838| DQ-In: 23.10 18:11:35,211| C-In: 23.10 18:11:35,742|
Fehlernachricht fuer Luecke von 2492 bis 2499 C-In: 23.10 18:11:35,744|
lab29-4-<0.5587.0>-T3: Msg #2500, C-Out: 23.10 18:11:35,012| HBQ-In: 23.10 18:11:35,012| DQ-In: 23.10 18:11:35,270| C-In: 23.10 18:11:35,745|
Fehlernachricht fuer Luecke von 2501 bis 2501 C-In: 23.10 18:11:35,745|
lab29-9-<0.5191.0>-T3: Msg #2502, C-Out: 23.10 18:11:35,025| HBQ-In: 23.10 18:11:35,025| DQ-In: 23.10 18:11:35,423| C-In: 23.10 18:11:35,745|
Fehlernachricht fuer Luecke von 2503 bis 2503 C-In: 23.10 18:11:35,746|
lab29-14-<0.4846.0>-T3: Msg #2504, C-Out: 23.10 18:11:35,025| HBQ-In: 23.10 18:11:35,025| DQ-In: 23.10 18:11:35,436| C-In: 23.10 18:11:35,747|
Fehlernachricht fuer Luecke von 2505 bis 2514 C-In: 23.10 18:11:35,748|
lab29-8-<0.5273.0>-T3: Msg #2515, C-Out: 23.10 18:11:35,211| HBQ-In: 23.10 18:11:35,211| DQ-In: 23.10 18:11:35,441| C-In: 23.10 18:11:35,748|
Fehlernachricht fuer Luecke von 2516 bis 2518 C-In: 23.10 18:11:35,748|
lab29-3-<0.5663.0>-T3: Msg #2519, C-Out: 23.10 18:11:35,229| HBQ-In: 23.10 18:11:35,229| DQ-In: 23.10 18:11:35,618| C-In: 23.10 18:11:35,749|
Fehlernachricht fuer Luecke von 2520 bis 2521 C-In: 23.10 18:11:35,749|
lab29-13-<0.4921.0>-T3: Msg #2522, C-Out: 23.10 18:11:35,270| HBQ-In: 23.10 18:11:35,270| DQ-In: 23.10 18:11:35,625| C-In: 23.10 18:11:35,749|
Fehlernachricht fuer Luecke von 2523 bis 2528 C-In: 23.10 18:11:35,750|
lab29-7-<0.5358.0>-T3: Msg #2529, C-Out: 23.10 18:11:35,423| HBQ-In: 23.10 18:11:35,423| DQ-In: 23.10 18:11:35,641| C-In: 23.10 18:11:35,750|
ReceiveMsgs done
lab29-48-<0.2035.0>-T3: Msg #2650, C-Out: 23.10 18:11:37,002| gesendet
lab29-48-<0.2035.0>-T3: Msg #2807, C-Out: 23.10 18:11:40,253| gesendet
