lab29-80-<0.164.0>-T3 C-Start: 23.10 18:11:11,664|
lab29-80-<0.164.0>-T3: Msg #761, C-Out: 23.10 18:11:12,668| gesendet
lab29-80-<0.164.0>-T3: Msg #791, C-Out: 23.10 18:11:13,671| gesendet
lab29-80-<0.164.0>-T3: Msg #826, C-Out: 23.10 18:11:14,674| gesendet
lab29-80-<0.164.0>-T3: Msg #891, C-Out: 23.10 18:11:15,678| gesendet
lab29-80-<0.164.0>-T3: Msg #935, C-Out: 23.10 18:11:16,679| gesendet
Neues Intervall: 1 Sekunden
Msg #989 um 23.10 18:11:16,679| vergessen zu senden
lab29-72-<0.396.0>-T3: Msg #852, C-Out: 23.10 18:11:15,283| HBQ-In: 23.10 18:11:15,283| DQ-In: 23.10 18:11:15,324| C-In: 23.10 18:11:16,680|
lab29-67-<0.708.0>-T3: Msg #853, C-Out: 23.10 18:11:15,285| HBQ-In: 23.10 18:11:15,286| DQ-In: 23.10 18:11:15,324| C-In: 23.10 18:11:16,680|
lab29-92-<0.99.0>-T3: Msg #854, C-Out: 23.10 18:11:15,322| HBQ-In: 23.10 18:11:15,324| DQ-In: 23.10 18:11:15,324| C-In: 23.10 18:11:16,681|
lab29-97-<0.81.0>-T3: Msg #855, C-Out: 23.10 18:11:15,433| HBQ-In: 23.10 18:11:15,435| DQ-In: 23.10 18:11:15,435| C-In: 23.10 18:11:16,681|
3-client@lab23: 856. Nachricht--Gruppe:1-Team:5-Sendezeit:18:11:14 HBQ-In: 23.10 18:11:14,454| DQ-In: 23.10 18:11:15,435| C-In: 23.10 18:11:16,681|
1-client@lab23: 857. Nachricht--Gruppe:1-Team:5-Sendezeit:18:11:14 HBQ-In: 23.10 18:11:14,455| DQ-In: 23.10 18:11:15,435| C-In: 23.10 18:11:16,682|
2-client@lab23: 858. Nachricht--Gruppe:1-Team:5-Sendezeit:18:11:14 HBQ-In: 23.10 18:11:14,457| DQ-In: 23.10 18:11:15,435| C-In: 23.10 18:11:16,682|
5-client@lab23: 859. Nachricht--Gruppe:1-Team:5-Sendezeit:18:11:14 HBQ-In: 23.10 18:11:14,457| DQ-In: 23.10 18:11:15,435| C-In: 23.10 18:11:16,682|
4-client@lab23: 860. Nachricht--Gruppe:1-Team:5-Sendezeit:18:11:14 HBQ-In: 23.10 18:11:14,457| DQ-In: 23.10 18:11:15,435| C-In: 23.10 18:11:16,683|
3-client@lab23: 861. Nachricht--Gruppe:1-Team:5-Sendezeit:18:11:14 HBQ-In: 23.10 18:11:14,458| DQ-In: 23.10 18:11:15,435| C-In: 23.10 18:11:16,683|
1-client@lab23: 862. Nachricht--Gruppe:1-Team:5-Sendezeit:18:11:14 HBQ-In: 23.10 18:11:14,458| DQ-In: 23.10 18:11:15,435| C-In: 23.10 18:11:16,683|
4-client@lab23: 863. Nachricht--Gruppe:1-Team:5-Sendezeit:18:11:14 HBQ-In: 23.10 18:11:14,459| DQ-In: 23.10 18:11:15,435| C-In: 23.10 18:11:16,684|
5-client@lab23: 864. Nachricht--Gruppe:1-Team:5-Sendezeit:18:11:14 HBQ-In: 23.10 18:11:14,460| DQ-In: 23.10 18:11:15,436| C-In: 23.10 18:11:16,684|
2-client@lab23: 865. Nachricht--Gruppe:1-Team:5-Sendezeit:18:11:14 HBQ-In: 23.10 18:11:14,460| DQ-In: 23.10 18:11:15,436| C-In: 23.10 18:11:16,684|
3-client@lab23: 866. Nachricht--Gruppe:1-Team:5-Sendezeit:18:11:14 HBQ-In: 23.10 18:11:14,461| DQ-In: 23.10 18:11:15,436| C-In: 23.10 18:11:16,685|
1-client@lab23: 867. Nachricht--Gruppe:1-Team:5-Sendezeit:18:11:14 HBQ-In: 23.10 18:11:14,461| DQ-In: 23.10 18:11:15,436| C-In: 23.10 18:11:16,685|
4-client@lab23: 868. Nachricht--Gruppe:1-Team:5-Sendezeit:18:11:14 HBQ-In: 23.10 18:11:14,465| DQ-In: 23.10 18:11:15,436| C-In: 23.10 18:11:16,685|
5-client@lab23: 869. Nachricht--Gruppe:1-Team:5-Sendezeit:18:11:14 HBQ-In: 23.10 18:11:14,465| DQ-In: 23.10 18:11:15,436| C-In: 23.10 18:11:16,686|
2-client@lab23: 870. Nachricht--Gruppe:1-Team:5-Sendezeit:18:11:14 HBQ-In: 23.10 18:11:14,466| DQ-In: 23.10 18:11:15,436| C-In: 23.10 18:11:16,688|
3-client@lab23: 871. Nachricht--Gruppe:1-Team:5-Sendezeit:18:11:14 HBQ-In: 23.10 18:11:14,466| DQ-In: 23.10 18:11:15,436| C-In: 23.10 18:11:16,690|
1-client@lab23: 872. Nachricht--Gruppe:1-Team:5-Sendezeit:18:11:14 HBQ-In: 23.10 18:11:14,466| DQ-In: 23.10 18:11:15,436| C-In: 23.10 18:11:16,691|
4-client@lab23: 873. Nachricht--Gruppe:1-Team:5-Sendezeit:18:11:14 HBQ-In: 23.10 18:11:14,467| DQ-In: 23.10 18:11:15,436| C-In: 23.10 18:11:16,691|
5-client@lab23: 874. Nachricht--Gruppe:1-Team:5-Sendezeit:18:11:14 HBQ-In: 23.10 18:11:14,467| DQ-In: 23.10 18:11:15,436| C-In: 23.10 18:11:16,691|
2-client@lab23: 875. Nachricht--Gruppe:1-Team:5-Sendezeit:18:11:14 HBQ-In: 23.10 18:11:14,468| DQ-In: 23.10 18:11:15,436| C-In: 23.10 18:11:16,692|
Fehlernachricht fuer Luecke von 876 bis 881 C-In: 23.10 18:11:16,692|
lab29-86-<0.129.0>-T3: Msg #882, C-Out: 23.10 18:11:15,472| HBQ-In: 23.10 18:11:15,472| DQ-In: 23.10 18:11:16,085| C-In: 23.10 18:11:16,692|
lab29-81-<0.159.0>-T3: Msg #883, C-Out: 23.10 18:11:15,474| HBQ-In: 23.10 18:11:15,474| DQ-In: 23.10 18:11:16,085| C-In: 23.10 18:11:16,693|
lab29-76-<0.194.0>-T3: Msg #884, C-Out: 23.10 18:11:15,482| HBQ-In: 23.10 18:11:15,482| DQ-In: 23.10 18:11:16,085| C-In: 23.10 18:11:16,693|
lab29-71-<0.461.0>-T3: Msg #885, C-Out: 23.10 18:11:15,485| HBQ-In: 23.10 18:11:15,486| DQ-In: 23.10 18:11:16,085| C-In: 23.10 18:11:16,693|
lab29-66-<0.743.0>-T3: Msg #886, C-Out: 23.10 18:11:15,486| HBQ-In: 23.10 18:11:15,486| DQ-In: 23.10 18:11:16,085| C-In: 23.10 18:11:16,694|
lab29-91-<0.103.0>-T3: Msg #887, C-Out: 23.10 18:11:15,547| HBQ-In: 23.10 18:11:15,547| DQ-In: 23.10 18:11:16,085| C-In: 23.10 18:11:16,694|
lab29-96-<0.84.0>-T3: Msg #888, C-Out: 23.10 18:11:15,591| HBQ-In: 23.10 18:11:15,591| DQ-In: 23.10 18:11:16,085| C-In: 23.10 18:11:16,694|
Fehlernachricht fuer Luecke von 889 bis 889 C-In: 23.10 18:11:16,695|
lab29-85-<0.133.0>-T3: Msg #890, C-Out: 23.10 18:11:15,673| HBQ-In: 23.10 18:11:15,673| DQ-In: 23.10 18:11:16,286| C-In: 23.10 18:11:16,695|
lab29-80-<0.164.0>-T3: Msg #891, C-Out: 23.10 18:11:15,678| HBQ-In: 23.10 18:11:15,678| DQ-In: 23.10 18:11:16,286|******* C-In: 23.10 18:11:16,697|
lab29-75-<0.200.0>-T3: Msg #892, C-Out: 23.10 18:11:15,686| HBQ-In: 23.10 18:11:15,687| DQ-In: 23.10 18:11:16,286| C-In: 23.10 18:11:16,699|
lab29-70-<0.519.0>-T3: Msg #893, C-Out: 23.10 18:11:15,686| HBQ-In: 23.10 18:11:15,687| DQ-In: 23.10 18:11:16,286| C-In: 23.10 18:11:16,700|
lab29-65-<0.819.0>-T3: Msg #894, C-Out: 23.10 18:11:15,687| HBQ-In: 23.10 18:11:15,687| DQ-In: 23.10 18:11:16,286| C-In: 23.10 18:11:16,701|
lab29-90-<0.107.0>-T3: Msg #895, C-Out: 23.10 18:11:15,754| HBQ-In: 23.10 18:11:15,754| DQ-In: 23.10 18:11:16,286| C-In: 23.10 18:11:16,701|
lab29-100-<0.40.0>-T3: Msg #896, C-Out: 23.10 18:11:15,766| HBQ-In: 23.10 18:11:15,766| DQ-In: 23.10 18:11:16,286| C-In: 23.10 18:11:16,704|
lab29-95-<0.87.0>-T3: Msg #897, C-Out: 23.10 18:11:15,766| HBQ-In: 23.10 18:11:15,766| DQ-In: 23.10 18:11:16,286| C-In: 23.10 18:11:16,704|
Fehlernachricht fuer Luecke von 898 bis 898 C-In: 23.10 18:11:16,706|
lab29-84-<0.140.0>-T3: Msg #899, C-Out: 23.10 18:11:15,871| HBQ-In: 23.10 18:11:15,871| DQ-In: 23.10 18:11:16,487| C-In: 23.10 18:11:16,709|
lab29-79-<0.173.0>-T3: Msg #900, C-Out: 23.10 18:11:15,882| HBQ-In: 23.10 18:11:15,882| DQ-In: 23.10 18:11:16,487| C-In: 23.10 18:11:16,711|
lab29-74-<0.266.0>-T3: Msg #901, C-Out: 23.10 18:11:15,882| HBQ-In: 23.10 18:11:15,882| DQ-In: 23.10 18:11:16,487| C-In: 23.10 18:11:16,713|
lab29-69-<0.583.0>-T3: Msg #902, C-Out: 23.10 18:11:15,887| HBQ-In: 23.10 18:11:15,888| DQ-In: 23.10 18:11:16,487| C-In: 23.10 18:11:16,716|
lab29-64-<0.899.0>-T3: Msg #903, C-Out: 23.10 18:11:15,889| HBQ-In: 23.10 18:11:15,891| DQ-In: 23.10 18:11:16,487| C-In: 23.10 18:11:16,718|
lab29-89-<0.113.0>-T3: Msg #904, C-Out: 23.10 18:11:15,898| HBQ-In: 23.10 18:11:15,899| DQ-In: 23.10 18:11:16,487| C-In: 23.10 18:11:16,720|
lab29-99-<0.49.0>-T3: Msg #905, C-Out: 23.10 18:11:15,940| HBQ-In: 23.10 18:11:15,940| DQ-In: 23.10 18:11:16,487| C-In: 23.10 18:11:16,723|
lab29-94-<0.91.0>-T3: Msg #906, C-Out: 23.10 18:11:15,994| HBQ-In: 23.10 18:11:15,994| DQ-In: 23.10 18:11:16,487| C-In: 23.10 18:11:16,725|
Fehlernachricht fuer Luecke von 907 bis 907 C-In: 23.10 18:11:16,730|
lab29-83-<0.147.0>-T3: Msg #908, C-Out: 23.10 18:11:16,078| HBQ-In: 23.10 18:11:16,079| DQ-In: 23.10 18:11:16,688| C-In: 23.10 18:11:16,733|
lab29-78-<0.180.0>-T3: Msg #909, C-Out: 23.10 18:11:16,080| HBQ-In: 23.10 18:11:16,082| DQ-In: 23.10 18:11:16,688| C-In: 23.10 18:11:16,735|
lab29-73-<0.332.0>-T3: Msg #910, C-Out: 23.10 18:11:16,085| HBQ-In: 23.10 18:11:16,085| DQ-In: 23.10 18:11:16,688| C-In: 23.10 18:11:16,738|
lab29-68-<0.633.0>-T3: Msg #911, C-Out: 23.10 18:11:16,091| HBQ-In: 23.10 18:11:16,091| DQ-In: 23.10 18:11:16,688| C-In: 23.10 18:11:16,740|
lab29-63-<0.983.0>-T3: Msg #912, C-Out: 23.10 18:11:16,092| HBQ-In: 23.10 18:11:16,092| DQ-In: 23.10 18:11:16,688| C-In: 23.10 18:11:16,743|
lab29-93-<0.95.0>-T3: Msg #913, C-Out: 23.10 18:11:16,105| HBQ-In: 23.10 18:11:16,106| DQ-In: 23.10 18:11:16,688| C-In: 23.10 18:11:16,745|
lab29-88-<0.118.0>-T3: Msg #914, C-Out: 23.10 18:11:16,118| HBQ-In: 23.10 18:11:16,118| DQ-In: 23.10 18:11:16,688| C-In: 23.10 18:11:16,748|
lab29-98-<0.78.0>-T3: Msg #915, C-Out: 23.10 18:11:16,156| HBQ-In: 23.10 18:11:16,156| DQ-In: 23.10 18:11:16,688| C-In: 23.10 18:11:16,750|
ReceiveMsgs done
lab29-80-<0.164.0>-T3: Msg #996, C-Out: 23.10 18:11:17,757| gesendet
lab29-80-<0.164.0>-T3: Msg #1052, C-Out: 23.10 18:11:18,759| gesendet
lab29-80-<0.164.0>-T3: Msg #1142, C-Out: 23.10 18:11:19,760| gesendet
lab29-80-<0.164.0>-T3: Msg #1212, C-Out: 23.10 18:11:20,761| gesendet
lab29-80-<0.164.0>-T3: Msg #1288, C-Out: 23.10 18:11:21,762| gesendet
Neues Intervall: 1.5 Sekunden
Msg #1361 um 23.10 18:11:21,763| vergessen zu senden
Fehlernachricht fuer Luecke von 1201 bis 1202 C-In: 23.10 18:11:21,764|
lab29-85-<0.133.0>-T3: Msg #1203, C-Out: 23.10 18:11:20,707| HBQ-In: 23.10 18:11:20,708| DQ-In: 23.10 18:11:21,125| C-In: 23.10 18:11:21,764|
lab29-60-<0.1170.0>-T3: Msg #1204, C-Out: 23.10 18:11:20,707| HBQ-In: 23.10 18:11:20,708| DQ-In: 23.10 18:11:21,125| C-In: 23.10 18:11:21,764|
lab29-55-<0.1513.0>-T3: Msg #1205, C-Out: 23.10 18:11:20,708| HBQ-In: 23.10 18:11:20,708| DQ-In: 23.10 18:11:21,125| C-In: 23.10 18:11:21,765|
lab29-50-<0.1864.0>-T3: Msg #1206, C-Out: 23.10 18:11:20,708| HBQ-In: 23.10 18:11:20,708| DQ-In: 23.10 18:11:21,125| C-In: 23.10 18:11:21,765|
lab29-45-<0.2293.0>-T3: Msg #1207, C-Out: 23.10 18:11:20,713| HBQ-In: 23.10 18:11:20,713| DQ-In: 23.10 18:11:21,125| C-In: 23.10 18:11:21,765|
lab29-70-<0.519.0>-T3: Msg #1208, C-Out: 23.10 18:11:20,714| HBQ-In: 23.10 18:11:20,714| DQ-In: 23.10 18:11:21,125| C-In: 23.10 18:11:21,766|
lab29-40-<0.2707.0>-T3: Msg #1209, C-Out: 23.10 18:11:20,720| HBQ-In: 23.10 18:11:20,720| DQ-In: 23.10 18:11:21,125| C-In: 23.10 18:11:21,766|
lab29-65-<0.819.0>-T3: Msg #1210, C-Out: 23.10 18:11:20,724| HBQ-In: 23.10 18:11:20,724| DQ-In: 23.10 18:11:21,125| C-In: 23.10 18:11:21,770|
Fehlernachricht fuer Luecke von 1211 bis 1211 C-In: 23.10 18:11:21,770|
lab29-80-<0.164.0>-T3: Msg #1212, C-Out: 23.10 18:11:20,761| HBQ-In: 23.10 18:11:20,761| DQ-In: 23.10 18:11:21,322|******* C-In: 23.10 18:11:21,772|
lab29-75-<0.200.0>-T3: Msg #1213, C-Out: 23.10 18:11:20,783| HBQ-In: 23.10 18:11:20,783| DQ-In: 23.10 18:11:21,322| C-In: 23.10 18:11:21,773|
lab29-90-<0.107.0>-T3: Msg #1214, C-Out: 23.10 18:11:21,301| HBQ-In: 23.10 18:11:21,302| DQ-In: 23.10 18:11:21,322| C-In: 23.10 18:11:21,773|
Fehlernachricht fuer Luecke von 1215 bis 1215 C-In: 23.10 18:11:21,773|
lab29-59-<0.1234.0>-T3: Msg #1216, C-Out: 23.10 18:11:20,902| HBQ-In: 23.10 18:11:20,902| DQ-In: 23.10 18:11:21,325| C-In: 23.10 18:11:21,776|
lab29-84-<0.140.0>-T3: Msg #1217, C-Out: 23.10 18:11:20,906| HBQ-In: 23.10 18:11:20,906| DQ-In: 23.10 18:11:21,325| C-In: 23.10 18:11:21,778|
lab29-54-<0.1586.0>-T3: Msg #1218, C-Out: 23.10 18:11:20,906| HBQ-In: 23.10 18:11:20,906| DQ-In: 23.10 18:11:21,325| C-In: 23.10 18:11:21,779|
Fehlernachricht fuer Luecke von 1219 bis 1219 C-In: 23.10 18:11:21,779|
lab29-49-<0.1950.0>-T3: Msg #1220, C-Out: 23.10 18:11:20,910| HBQ-In: 23.10 18:11:20,910| DQ-In: 23.10 18:11:21,346| C-In: 23.10 18:11:21,780|
lab29-44-<0.2376.0>-T3: Msg #1221, C-Out: 23.10 18:11:20,915| HBQ-In: 23.10 18:11:20,915| DQ-In: 23.10 18:11:21,346| C-In: 23.10 18:11:21,782|
lab29-39-<0.2795.0>-T3: Msg #1222, C-Out: 23.10 18:11:20,921| HBQ-In: 23.10 18:11:20,923| DQ-In: 23.10 18:11:21,346| C-In: 23.10 18:11:21,784|
lab29-64-<0.899.0>-T3: Msg #1223, C-Out: 23.10 18:11:20,927| HBQ-In: 23.10 18:11:20,928| DQ-In: 23.10 18:11:21,346| C-In: 23.10 18:11:21,786|
lab29-69-<0.583.0>-T3: Msg #1224, C-Out: 23.10 18:11:20,931| HBQ-In: 23.10 18:11:20,931| DQ-In: 23.10 18:11:21,346| C-In: 23.10 18:11:21,788|
lab29-89-<0.113.0>-T3: Msg #1225, C-Out: 23.10 18:11:21,431| HBQ-In: 23.10 18:11:21,431| DQ-In: 23.10 18:11:21,431| C-In: 23.10 18:11:21,789|
lab29-79-<0.173.0>-T3: Msg #1226, C-Out: 23.10 18:11:20,960| HBQ-In: 23.10 18:11:20,960| DQ-In: 23.10 18:11:21,431| C-In: 23.10 18:11:21,791|
lab29-74-<0.266.0>-T3: Msg #1227, C-Out: 23.10 18:11:20,967| HBQ-In: 23.10 18:11:20,968| DQ-In: 23.10 18:11:21,431| C-In: 23.10 18:11:21,791|
lab29-97-<0.81.0>-T3: Msg #1228, C-Out: 23.10 18:11:21,500| HBQ-In: 23.10 18:11:21,501| DQ-In: 23.10 18:11:21,501| C-In: 23.10 18:11:21,791|
Fehlernachricht fuer Luecke von 1229 bis 1229 C-In: 23.10 18:11:21,792|
lab29-58-<0.1296.0>-T3: Msg #1230, C-Out: 23.10 18:11:21,104| HBQ-In: 23.10 18:11:21,104| DQ-In: 23.10 18:11:21,527| C-In: 23.10 18:11:21,792|
lab29-53-<0.1650.0>-T3: Msg #1231, C-Out: 23.10 18:11:21,107| HBQ-In: 23.10 18:11:21,107| DQ-In: 23.10 18:11:21,527| C-In: 23.10 18:11:21,792|
lab29-48-<0.2035.0>-T3: Msg #1232, C-Out: 23.10 18:11:21,119| HBQ-In: 23.10 18:11:21,121| DQ-In: 23.10 18:11:21,527| C-In: 23.10 18:11:21,792|
lab29-43-<0.2458.0>-T3: Msg #1233, C-Out: 23.10 18:11:21,119| HBQ-In: 23.10 18:11:21,121| DQ-In: 23.10 18:11:21,527| C-In: 23.10 18:11:21,795|
lab29-83-<0.147.0>-T3: Msg #1234, C-Out: 23.10 18:11:21,120| HBQ-In: 23.10 18:11:21,121| DQ-In: 23.10 18:11:21,527| C-In: 23.10 18:11:21,796|
lab29-78-<0.180.0>-T3: Msg #1235, C-Out: 23.10 18:11:21,123| HBQ-In: 23.10 18:11:21,125| DQ-In: 23.10 18:11:21,527| C-In: 23.10 18:11:21,801|
lab29-38-<0.2880.0>-T3: Msg #1236, C-Out: 23.10 18:11:21,128| HBQ-In: 23.10 18:11:21,130| DQ-In: 23.10 18:11:21,527| C-In: 23.10 18:11:21,801|
Fehlernachricht fuer Luecke von 1237 bis 1237 C-In: 23.10 18:11:21,803|
lab29-73-<0.332.0>-T3: Msg #1238, C-Out: 23.10 18:11:21,128| HBQ-In: 23.10 18:11:21,130| DQ-In: 23.10 18:11:21,710| C-In: 23.10 18:11:21,806|
lab29-96-<0.84.0>-T3: Msg #1239, C-Out: 23.10 18:11:21,628| HBQ-In: 23.10 18:11:21,630| DQ-In: 23.10 18:11:21,710| C-In: 23.10 18:11:21,808|
lab29-68-<0.633.0>-T3: Msg #1240, C-Out: 23.10 18:11:21,135| HBQ-In: 23.10 18:11:21,135| DQ-In: 23.10 18:11:21,710| C-In: 23.10 18:11:21,809|
lab29-63-<0.983.0>-T3: Msg #1241, C-Out: 23.10 18:11:21,147| HBQ-In: 23.10 18:11:21,147| DQ-In: 23.10 18:11:21,710| C-In: 23.10 18:11:21,809|
lab29-88-<0.118.0>-T3: Msg #1242, C-Out: 23.10 18:11:21,659| HBQ-In: 23.10 18:11:21,660| DQ-In: 23.10 18:11:21,710| C-In: 23.10 18:11:21,809|
Fehlernachricht fuer Luecke von 1243 bis 1243 C-In: 23.10 18:11:21,810|
lab29-57-<0.1365.0>-T3: Msg #1244, C-Out: 23.10 18:11:21,306| HBQ-In: 23.10 18:11:21,307| DQ-In: 23.10 18:11:21,725| C-In: 23.10 18:11:21,810|
Fehlernachricht fuer Luecke von 1245 bis 1245 C-In: 23.10 18:11:21,812|
lab29-82-<0.153.0>-T3: Msg #1246, C-Out: 23.10 18:11:21,320| HBQ-In: 23.10 18:11:21,322| DQ-In: 23.10 18:11:21,725| C-In: 23.10 18:11:21,815|
lab29-52-<0.1713.0>-T3: Msg #1247, C-Out: 23.10 18:11:21,320| HBQ-In: 23.10 18:11:21,321| DQ-In: 23.10 18:11:21,725| C-In: 23.10 18:11:21,815|
lab29-47-<0.2127.0>-T3: Msg #1248, C-Out: 23.10 18:11:21,320| HBQ-In: 23.10 18:11:21,321| DQ-In: 23.10 18:11:21,725| C-In: 23.10 18:11:21,815|
lab29-42-<0.2545.0>-T3: Msg #1249, C-Out: 23.10 18:11:21,325| HBQ-In: 23.10 18:11:21,325| DQ-In: 23.10 18:11:21,725| C-In: 23.10 18:11:21,816|
lab29-37-<0.2967.0>-T3: Msg #1250, C-Out: 23.10 18:11:21,325| HBQ-In: 23.10 18:11:21,325| DQ-In: 23.10 18:11:21,725| C-In: 23.10 18:11:21,816|
lab29-72-<0.396.0>-T3: Msg #1251, C-Out: 23.10 18:11:21,331| HBQ-In: 23.10 18:11:21,331| DQ-In: 23.10 18:11:21,725| C-In: 23.10 18:11:21,816|
ReceiveMsgs done
lab29-80-<0.164.0>-T3: Msg #1364, C-Out: 23.10 18:11:23,319| gesendet
lab29-80-<0.164.0>-T3: Msg #1501, C-Out: 23.10 18:11:24,820| gesendet
lab29-80-<0.164.0>-T3: Msg #1638, C-Out: 23.10 18:11:26,321| gesendet
lab29-80-<0.164.0>-T3: Msg #1770, C-Out: 23.10 18:11:27,822| gesendet
lab29-80-<0.164.0>-T3: Msg #1945, C-Out: 23.10 18:11:29,323| gesendet
Neues Intervall: 2.25 Sekunden
Msg #2083 um 23.10 18:11:29,325| vergessen zu senden
lab29-43-<0.2458.0>-T3: Msg #1884, C-Out: 23.10 18:11:28,181| HBQ-In: 23.10 18:11:28,181| DQ-In: 23.10 18:11:28,663| C-In: 23.10 18:11:29,329|
lab29-33-<0.3306.0>-T3: Msg #1885, C-Out: 23.10 18:11:28,181| HBQ-In: 23.10 18:11:28,181| DQ-In: 23.10 18:11:28,663| C-In: 23.10 18:11:29,329|
lab29-28-<0.3729.0>-T3: Msg #1886, C-Out: 23.10 18:11:28,199| HBQ-In: 23.10 18:11:28,199| DQ-In: 23.10 18:11:28,663| C-In: 23.10 18:11:29,329|
lab29-53-<0.1650.0>-T3: Msg #1887, C-Out: 23.10 18:11:28,699| HBQ-In: 23.10 18:11:28,699| DQ-In: 23.10 18:11:28,699| C-In: 23.10 18:11:29,331|
lab29-68-<0.633.0>-T3: Msg #1888, C-Out: 23.10 18:11:28,735| HBQ-In: 23.10 18:11:28,736| DQ-In: 23.10 18:11:28,736| C-In: 23.10 18:11:29,332|
Fehlernachricht fuer Luecke von 1889 bis 1890 C-In: 23.10 18:11:29,334|
lab29-22-<0.4210.0>-T3: Msg #1891, C-Out: 23.10 18:11:28,347| HBQ-In: 23.10 18:11:28,347| DQ-In: 23.10 18:11:28,769| C-In: 23.10 18:11:29,335|
Fehlernachricht fuer Luecke von 1892 bis 1892 C-In: 23.10 18:11:29,338|
lab29-17-<0.4601.0>-T3: Msg #1893, C-Out: 23.10 18:11:28,352| HBQ-In: 23.10 18:11:28,352| DQ-In: 23.10 18:11:28,774| C-In: 23.10 18:11:29,338|
lab29-12-<0.4991.0>-T3: Msg #1894, C-Out: 23.10 18:11:28,354| HBQ-In: 23.10 18:11:28,355| DQ-In: 23.10 18:11:28,774| C-In: 23.10 18:11:29,340|
lab29-7-<0.5358.0>-T3: Msg #1895, C-Out: 23.10 18:11:28,360| HBQ-In: 23.10 18:11:28,360| DQ-In: 23.10 18:11:28,774| C-In: 23.10 18:11:29,343|
lab29-2-<0.5741.0>-T3: Msg #1896, C-Out: 23.10 18:11:28,370| HBQ-In: 23.10 18:11:28,370| DQ-In: 23.10 18:11:28,774| C-In: 23.10 18:11:29,349|
lab29-75-<0.200.0>-T3: Msg #1897, C-Out: 23.10 18:11:28,874| HBQ-In: 23.10 18:11:28,876| DQ-In: 23.10 18:11:28,876| C-In: 23.10 18:11:29,350|
Fehlernachricht fuer Luecke von 1898 bis 1898 C-In: 23.10 18:11:29,350|
lab29-32-<0.3394.0>-T3: Msg #1899, C-Out: 23.10 18:11:28,374| HBQ-In: 23.10 18:11:28,376| DQ-In: 23.10 18:11:28,894| C-In: 23.10 18:11:29,351|
lab29-47-<0.2127.0>-T3: Msg #1900, C-Out: 23.10 18:11:28,382| HBQ-In: 23.10 18:11:28,382| DQ-In: 23.10 18:11:28,894| C-In: 23.10 18:11:29,351|
lab29-42-<0.2545.0>-T3: Msg #1901, C-Out: 23.10 18:11:28,382| HBQ-In: 23.10 18:11:28,382| DQ-In: 23.10 18:11:28,894| C-In: 23.10 18:11:29,351|
lab29-67-<0.708.0>-T3: Msg #1902, C-Out: 23.10 18:11:28,885| HBQ-In: 23.10 18:11:28,886| DQ-In: 23.10 18:11:28,894| C-In: 23.10 18:11:29,352|
Fehlernachricht fuer Luecke von 1903 bis 1903 C-In: 23.10 18:11:29,354|
lab29-82-<0.153.0>-T3: Msg #1904, C-Out: 23.10 18:11:28,893| HBQ-In: 23.10 18:11:28,894| DQ-In: 23.10 18:11:28,960| C-In: 23.10 18:11:29,355|
lab29-37-<0.2967.0>-T3: Msg #1905, C-Out: 23.10 18:11:28,393| HBQ-In: 23.10 18:11:28,395| DQ-In: 23.10 18:11:28,960| C-In: 23.10 18:11:29,357|
lab29-27-<0.3815.0>-T3: Msg #1906, C-Out: 23.10 18:11:28,401| HBQ-In: 23.10 18:11:28,401| DQ-In: 23.10 18:11:28,960| C-In: 23.10 18:11:29,357|
Fehlernachricht fuer Luecke von 1907 bis 1907 C-In: 23.10 18:11:29,358|
lab29-52-<0.1713.0>-T3: Msg #1908, C-Out: 23.10 18:11:28,946| HBQ-In: 23.10 18:11:28,946| DQ-In: 23.10 18:11:28,971| C-In: 23.10 18:11:29,360|
Fehlernachricht fuer Luecke von 1909 bis 1912 C-In: 23.10 18:11:29,363|
lab29-16-<0.4681.0>-T3: Msg #1913, C-Out: 23.10 18:11:28,556| HBQ-In: 23.10 18:11:28,557| DQ-In: 23.10 18:11:28,973| C-In: 23.10 18:11:29,365|
lab29-21-<0.4291.0>-T3: Msg #1914, C-Out: 23.10 18:11:28,557| HBQ-In: 23.10 18:11:28,557| DQ-In: 23.10 18:11:28,973| C-In: 23.10 18:11:29,366|
Fehlernachricht fuer Luecke von 1915 bis 1915 C-In: 23.10 18:11:29,368|
lab29-11-<0.5067.0>-T3: Msg #1916, C-Out: 23.10 18:11:28,559| HBQ-In: 23.10 18:11:28,559| DQ-In: 23.10 18:11:28,994| C-In: 23.10 18:11:29,368|
lab29-46-<0.2213.0>-T3: Msg #1917, C-Out: 23.10 18:11:28,559| HBQ-In: 23.10 18:11:28,559| DQ-In: 23.10 18:11:28,994| C-In: 23.10 18:11:29,370|
lab29-6-<0.5440.0>-T3: Msg #1918, C-Out: 23.10 18:11:28,565| HBQ-In: 23.10 18:11:28,565| DQ-In: 23.10 18:11:28,994| C-In: 23.10 18:11:29,375|
lab29-1-<0.5818.0>-T3: Msg #1919, C-Out: 23.10 18:11:28,569| HBQ-In: 23.10 18:11:28,570| DQ-In: 23.10 18:11:28,994| C-In: 23.10 18:11:29,376|
lab29-31-<0.3480.0>-T3: Msg #1920, C-Out: 23.10 18:11:28,575| HBQ-In: 23.10 18:11:28,575| DQ-In: 23.10 18:11:28,994| C-In: 23.10 18:11:29,378|
Fehlernachricht fuer Luecke von 1921 bis 1921 C-In: 23.10 18:11:29,378|
lab29-36-<0.3048.0>-T3: Msg #1922, C-Out: 23.10 18:11:28,582| HBQ-In: 23.10 18:11:28,582| DQ-In: 23.10 18:11:29,165| C-In: 23.10 18:11:29,381|
lab29-26-<0.3898.0>-T3: Msg #1923, C-Out: 23.10 18:11:28,591| HBQ-In: 23.10 18:11:28,591| DQ-In: 23.10 18:11:29,165| C-In: 23.10 18:11:29,383|
lab29-66-<0.743.0>-T3: Msg #1924, C-Out: 23.10 18:11:29,102| HBQ-In: 23.10 18:11:29,103| DQ-In: 23.10 18:11:29,165| C-In: 23.10 18:11:29,384|
lab29-41-<0.2632.0>-T3: Msg #1925, C-Out: 23.10 18:11:28,602| HBQ-In: 23.10 18:11:28,602| DQ-In: 23.10 18:11:29,165| C-In: 23.10 18:11:29,386|
lab29-51-<0.1789.0>-T3: Msg #1926, C-Out: 23.10 18:11:29,121| HBQ-In: 23.10 18:11:29,121| DQ-In: 23.10 18:11:29,165| C-In: 23.10 18:11:29,387|
lab29-73-<0.332.0>-T3: Msg #1927, C-Out: 23.10 18:11:29,165| HBQ-In: 23.10 18:11:29,165| DQ-In: 23.10 18:11:29,165| C-In: 23.10 18:11:29,388|
Fehlernachricht fuer Luecke von 1928 bis 1931 C-In: 23.10 18:11:29,388|
lab29-20-<0.4365.0>-T3: Msg #1932, C-Out: 23.10 18:11:28,751| HBQ-In: 23.10 18:11:28,752| DQ-In: 23.10 18:11:29,183| C-In: 23.10 18:11:29,388|
Fehlernachricht fuer Luecke von 1933 bis 1933 C-In: 23.10 18:11:29,388|
lab29-35-<0.3134.0>-T3: Msg #1934, C-Out: 23.10 18:11:28,752| HBQ-In: 23.10 18:11:28,752| DQ-In: 23.10 18:11:29,200| C-In: 23.10 18:11:29,389|
lab29-15-<0.4762.0>-T3: Msg #1935, C-Out: 23.10 18:11:28,754| HBQ-In: 23.10 18:11:28,754| DQ-In: 23.10 18:11:29,200| C-In: 23.10 18:11:29,389|
lab29-10-<0.5112.0>-T3: Msg #1936, C-Out: 23.10 18:11:28,757| HBQ-In: 23.10 18:11:28,757| DQ-In: 23.10 18:11:29,200| C-In: 23.10 18:11:29,389|
lab29-65-<0.819.0>-T3: Msg #1937, C-Out: 23.10 18:11:29,266| HBQ-In: 23.10 18:11:29,266| DQ-In: 23.10 18:11:29,266| C-In: 23.10 18:11:29,390|
lab29-5-<0.5513.0>-T3: Msg #1938, C-Out: 23.10 18:11:28,769| HBQ-In: 23.10 18:11:28,769| DQ-In: 23.10 18:11:29,266| C-In: 23.10 18:11:29,390|
lab29-40-<0.2707.0>-T3: Msg #1939, C-Out: 23.10 18:11:28,769| HBQ-In: 23.10 18:11:28,769| DQ-In: 23.10 18:11:29,266| C-In: 23.10 18:11:29,391|
lab29-45-<0.2293.0>-T3: Msg #1940, C-Out: 23.10 18:11:28,773| HBQ-In: 23.10 18:11:28,774| DQ-In: 23.10 18:11:29,266| C-In: 23.10 18:11:29,391|
Fehlernachricht fuer Luecke von 1941 bis 1941 C-In: 23.10 18:11:29,391|
lab29-25-<0.3973.0>-T3: Msg #1942, C-Out: 23.10 18:11:28,800| HBQ-In: 23.10 18:11:28,800| DQ-In: 23.10 18:11:29,375| C-In: 23.10 18:11:29,396|
lab29-30-<0.3559.0>-T3: Msg #1943, C-Out: 23.10 18:11:28,808| HBQ-In: 23.10 18:11:28,808| DQ-In: 23.10 18:11:29,375| C-In: 23.10 18:11:29,397|
Fehlernachricht fuer Luecke von 1944 bis 1944 C-In: 23.10 18:11:29,397|
lab29-80-<0.164.0>-T3: Msg #1945, C-Out: 23.10 18:11:29,323| HBQ-In: 23.10 18:11:29,325| DQ-In: 23.10 18:11:29,383|******* C-In: 23.10 18:11:29,400|
Fehlernachricht fuer Luecke von 1946 bis 1946 C-In: 23.10 18:11:29,400|
lab29-50-<0.1864.0>-T3: Msg #1947, C-Out: 23.10 18:11:29,375| HBQ-In: 23.10 18:11:29,375| DQ-In: 23.10 18:11:29,387| C-In: 23.10 18:11:29,401|
lab29-72-<0.396.0>-T3: Msg #1948, C-Out: 23.10 18:11:29,387| HBQ-In: 23.10 18:11:29,387| DQ-In: 23.10 18:11:29,387| C-In: 23.10 18:11:29,401|
ReceiveMsgs done
lab29-80-<0.164.0>-T3: Msg #2094, C-Out: 23.10 18:11:31,652| gesendet
lab29-80-<0.164.0>-T3: Msg #2317, C-Out: 23.10 18:11:33,904| gesendet
lab29-80-<0.164.0>-T3: Msg #2495, C-Out: 23.10 18:11:36,156| gesendet
lab29-80-<0.164.0>-T3: Msg #2677, C-Out: 23.10 18:11:38,412| gesendet
