lab29-97-<0.81.0>-T3 C-Start: 23.10 18:11:08,240|
lab29-97-<0.81.0>-T3: Msg #682, C-Out: 23.10 18:11:09,245| gesendet
lab29-97-<0.81.0>-T3: Msg #695, C-Out: 23.10 18:11:10,247| gesendet
lab29-97-<0.81.0>-T3: Msg #708, C-Out: 23.10 18:11:11,254| gesendet
lab29-97-<0.81.0>-T3: Msg #752, C-Out: 23.10 18:11:12,257| gesendet
lab29-97-<0.81.0>-T3: Msg #774, C-Out: 23.10 18:11:13,261| gesendet
Neues Intervall: 1 Sekunden
Msg #811 um 23.10 18:11:13,261| vergessen zu senden
1-client@lab23: 726. Nachricht--Gruppe:1-Team:5-Sendezeit:18:11:10 HBQ-In: 23.10 18:11:10,408| DQ-In: 23.10 18:11:12,059| C-In: 23.10 18:11:13,263|
4-client@lab23: 727. Nachricht--Gruppe:1-Team:5-Sendezeit:18:11:10 HBQ-In: 23.10 18:11:10,410| DQ-In: 23.10 18:11:12,059| C-In: 23.10 18:11:13,266|
1-client@lab23: 728. Nachricht--Gruppe:1-Team:5-Sendezeit:18:11:10 HBQ-In: 23.10 18:11:10,413| DQ-In: 23.10 18:11:12,059| C-In: 23.10 18:11:13,268|
4-client@lab23: 729. Nachricht--Gruppe:1-Team:5-Sendezeit:18:11:12 HBQ-In: 23.10 18:11:12,412| DQ-In: 23.10 18:11:12,412| C-In: 23.10 18:11:13,271|
2-client@lab23: 730. Nachricht--Gruppe:1-Team:5-Sendezeit:18:11:10 HBQ-In: 23.10 18:11:10,413| DQ-In: 23.10 18:11:12,412| C-In: 23.10 18:11:13,273|
2-client@lab23: 731. Nachricht--Gruppe:1-Team:5-Sendezeit:18:11:10 HBQ-In: 23.10 18:11:10,415| DQ-In: 23.10 18:11:12,412| C-In: 23.10 18:11:13,275|
1-client@lab23: 732. Nachricht--Gruppe:1-Team:5-Sendezeit:18:11:12 HBQ-In: 23.10 18:11:12,417| DQ-In: 23.10 18:11:12,417| C-In: 23.10 18:11:13,277|
2-client@lab23: 733. Nachricht--Gruppe:1-Team:5-Sendezeit:18:11:10 HBQ-In: 23.10 18:11:10,416| DQ-In: 23.10 18:11:12,417| C-In: 23.10 18:11:13,279|
2-client@lab23: 734. Nachricht--Gruppe:1-Team:5-Sendezeit:18:11:10 HBQ-In: 23.10 18:11:10,417| DQ-In: 23.10 18:11:12,417| C-In: 23.10 18:11:13,279|
2-client@lab23: 735. Nachricht--Gruppe:1-Team:5-Sendezeit:18:11:12 HBQ-In: 23.10 18:11:12,420| DQ-In: 23.10 18:11:12,420| C-In: 23.10 18:11:13,280|
lab29-96-<0.84.0>-T3: Msg #736, C-Out: 23.10 18:11:11,451| HBQ-In: 23.10 18:11:11,451| DQ-In: 23.10 18:11:12,420| C-In: 23.10 18:11:13,280|
lab29-91-<0.103.0>-T3: Msg #737, C-Out: 23.10 18:11:11,455| HBQ-In: 23.10 18:11:11,455| DQ-In: 23.10 18:11:12,420| C-In: 23.10 18:11:13,280|
lab29-86-<0.129.0>-T3: Msg #738, C-Out: 23.10 18:11:11,460| HBQ-In: 23.10 18:11:11,460| DQ-In: 23.10 18:11:12,420| C-In: 23.10 18:11:13,281|
lab29-90-<0.107.0>-T3: Msg #739, C-Out: 23.10 18:11:11,652| HBQ-In: 23.10 18:11:11,652| DQ-In: 23.10 18:11:12,420| C-In: 23.10 18:11:13,281|
lab29-85-<0.133.0>-T3: Msg #740, C-Out: 23.10 18:11:11,661| HBQ-In: 23.10 18:11:11,661| DQ-In: 23.10 18:11:12,420| C-In: 23.10 18:11:13,283|
lab29-95-<0.87.0>-T3: Msg #741, C-Out: 23.10 18:11:11,668| HBQ-In: 23.10 18:11:11,668| DQ-In: 23.10 18:11:12,420| C-In: 23.10 18:11:13,285|
lab29-100-<0.40.0>-T3: Msg #742, C-Out: 23.10 18:11:11,670| HBQ-In: 23.10 18:11:11,670| DQ-In: 23.10 18:11:12,420| C-In: 23.10 18:11:13,288|
lab29-99-<0.49.0>-T3: Msg #743, C-Out: 23.10 18:11:11,852| HBQ-In: 23.10 18:11:11,852| DQ-In: 23.10 18:11:12,420| C-In: 23.10 18:11:13,290|
lab29-89-<0.113.0>-T3: Msg #744, C-Out: 23.10 18:11:11,857| HBQ-In: 23.10 18:11:11,857| DQ-In: 23.10 18:11:12,420| C-In: 23.10 18:11:13,292|
lab29-94-<0.91.0>-T3: Msg #745, C-Out: 23.10 18:11:11,859| HBQ-In: 23.10 18:11:11,859| DQ-In: 23.10 18:11:12,420| C-In: 23.10 18:11:13,295|
lab29-84-<0.140.0>-T3: Msg #746, C-Out: 23.10 18:11:11,863| HBQ-In: 23.10 18:11:11,863| DQ-In: 23.10 18:11:12,420| C-In: 23.10 18:11:13,298|
lab29-98-<0.78.0>-T3: Msg #747, C-Out: 23.10 18:11:12,052| HBQ-In: 23.10 18:11:12,052| DQ-In: 23.10 18:11:12,420| C-In: 23.10 18:11:13,301|
lab29-88-<0.118.0>-T3: Msg #748, C-Out: 23.10 18:11:12,056| HBQ-In: 23.10 18:11:12,056| DQ-In: 23.10 18:11:12,420| C-In: 23.10 18:11:13,303|
lab29-93-<0.95.0>-T3: Msg #749, C-Out: 23.10 18:11:12,059| HBQ-In: 23.10 18:11:12,059| DQ-In: 23.10 18:11:12,420| C-In: 23.10 18:11:13,305|
lab29-83-<0.147.0>-T3: Msg #750, C-Out: 23.10 18:11:12,063| HBQ-In: 23.10 18:11:12,063| DQ-In: 23.10 18:11:12,420| C-In: 23.10 18:11:13,308|
lab29-92-<0.99.0>-T3: Msg #751, C-Out: 23.10 18:11:12,257| HBQ-In: 23.10 18:11:12,257| DQ-In: 23.10 18:11:12,420| C-In: 23.10 18:11:13,311|
lab29-97-<0.81.0>-T3: Msg #752, C-Out: 23.10 18:11:12,257| HBQ-In: 23.10 18:11:12,257| DQ-In: 23.10 18:11:12,420|******* C-In: 23.10 18:11:13,313|
lab29-87-<0.123.0>-T3: Msg #753, C-Out: 23.10 18:11:12,262| HBQ-In: 23.10 18:11:12,262| DQ-In: 23.10 18:11:12,420| C-In: 23.10 18:11:13,316|
lab29-82-<0.153.0>-T3: Msg #754, C-Out: 23.10 18:11:12,266| HBQ-In: 23.10 18:11:12,266| DQ-In: 23.10 18:11:12,420| C-In: 23.10 18:11:13,318|
lab29-96-<0.84.0>-T3: Msg #755, C-Out: 23.10 18:11:12,454| HBQ-In: 23.10 18:11:12,454| DQ-In: 23.10 18:11:12,454| C-In: 23.10 18:11:13,320|
lab29-91-<0.103.0>-T3: Msg #756, C-Out: 23.10 18:11:12,458| HBQ-In: 23.10 18:11:12,458| DQ-In: 23.10 18:11:12,458| C-In: 23.10 18:11:13,323|
lab29-86-<0.129.0>-T3: Msg #757, C-Out: 23.10 18:11:12,463| HBQ-In: 23.10 18:11:12,463| DQ-In: 23.10 18:11:12,463| C-In: 23.10 18:11:13,325|
lab29-81-<0.159.0>-T3: Msg #758, C-Out: 23.10 18:11:12,467| HBQ-In: 23.10 18:11:12,467| DQ-In: 23.10 18:11:12,467| C-In: 23.10 18:11:13,328|
lab29-90-<0.107.0>-T3: Msg #759, C-Out: 23.10 18:11:12,655| HBQ-In: 23.10 18:11:12,655| DQ-In: 23.10 18:11:12,655| C-In: 23.10 18:11:13,337|
lab29-85-<0.133.0>-T3: Msg #760, C-Out: 23.10 18:11:12,664| HBQ-In: 23.10 18:11:12,664| DQ-In: 23.10 18:11:12,664| C-In: 23.10 18:11:13,343|
lab29-80-<0.164.0>-T3: Msg #761, C-Out: 23.10 18:11:12,668| HBQ-In: 23.10 18:11:12,668| DQ-In: 23.10 18:11:12,668| C-In: 23.10 18:11:13,346|
lab29-95-<0.87.0>-T3: Msg #762, C-Out: 23.10 18:11:12,671| HBQ-In: 23.10 18:11:12,671| DQ-In: 23.10 18:11:12,671| C-In: 23.10 18:11:13,352|
lab29-100-<0.40.0>-T3: Msg #763, C-Out: 23.10 18:11:12,674| HBQ-In: 23.10 18:11:12,674| DQ-In: 23.10 18:11:12,674| C-In: 23.10 18:11:13,355|
lab29-99-<0.49.0>-T3: Msg #764, C-Out: 23.10 18:11:12,855| HBQ-In: 23.10 18:11:12,855| DQ-In: 23.10 18:11:12,855| C-In: 23.10 18:11:13,357|
lab29-89-<0.113.0>-T3: Msg #765, C-Out: 23.10 18:11:12,861| HBQ-In: 23.10 18:11:12,861| DQ-In: 23.10 18:11:12,861| C-In: 23.10 18:11:13,358|
lab29-94-<0.91.0>-T3: Msg #766, C-Out: 23.10 18:11:12,862| HBQ-In: 23.10 18:11:12,862| DQ-In: 23.10 18:11:12,862| C-In: 23.10 18:11:13,360|
lab29-84-<0.140.0>-T3: Msg #767, C-Out: 23.10 18:11:12,866| HBQ-In: 23.10 18:11:12,866| DQ-In: 23.10 18:11:12,866| C-In: 23.10 18:11:13,363|
lab29-79-<0.173.0>-T3: Msg #768, C-Out: 23.10 18:11:12,874| HBQ-In: 23.10 18:11:12,875| DQ-In: 23.10 18:11:12,875| C-In: 23.10 18:11:13,365|
lab29-98-<0.78.0>-T3: Msg #769, C-Out: 23.10 18:11:13,055| HBQ-In: 23.10 18:11:13,055| DQ-In: 23.10 18:11:13,055| C-In: 23.10 18:11:13,368|
lab29-88-<0.118.0>-T3: Msg #770, C-Out: 23.10 18:11:13,059| HBQ-In: 23.10 18:11:13,060| DQ-In: 23.10 18:11:13,060| C-In: 23.10 18:11:13,370|
lab29-93-<0.95.0>-T3: Msg #771, C-Out: 23.10 18:11:13,064| HBQ-In: 23.10 18:11:13,064| DQ-In: 23.10 18:11:13,064| C-In: 23.10 18:11:13,382|
lab29-83-<0.147.0>-T3: Msg #772, C-Out: 23.10 18:11:13,066| HBQ-In: 23.10 18:11:13,067| DQ-In: 23.10 18:11:13,067| C-In: 23.10 18:11:13,384|
lab29-78-<0.180.0>-T3: Msg #773, C-Out: 23.10 18:11:13,071| HBQ-In: 23.10 18:11:13,071| DQ-In: 23.10 18:11:13,071| C-In: 23.10 18:11:13,387|
lab29-97-<0.81.0>-T3: Msg #774, C-Out: 23.10 18:11:13,261| HBQ-In: 23.10 18:11:13,261| DQ-In: 23.10 18:11:13,261|******* C-In: 23.10 18:11:13,389|
lab29-92-<0.99.0>-T3: Msg #775, C-Out: 23.10 18:11:13,261| HBQ-In: 23.10 18:11:13,261| DQ-In: 23.10 18:11:13,261| C-In: 23.10 18:11:13,391|
lab29-87-<0.123.0>-T3: Msg #776, C-Out: 23.10 18:11:13,266| HBQ-In: 23.10 18:11:13,266| DQ-In: 23.10 18:11:13,266| C-In: 23.10 18:11:13,394|
lab29-82-<0.153.0>-T3: Msg #777, C-Out: 23.10 18:11:13,271| HBQ-In: 23.10 18:11:13,271| DQ-In: 23.10 18:11:13,271| C-In: 23.10 18:11:13,396|
lab29-77-<0.187.0>-T3: Msg #778, C-Out: 23.10 18:11:13,275| HBQ-In: 23.10 18:11:13,275| DQ-In: 23.10 18:11:13,275| C-In: 23.10 18:11:13,398|
ReceiveMsgs done
lab29-97-<0.81.0>-T3: Msg #816, C-Out: 23.10 18:11:14,402| gesendet
lab29-97-<0.81.0>-T3: Msg #855, C-Out: 23.10 18:11:15,433| gesendet
lab29-97-<0.81.0>-T3: Msg #924, C-Out: 23.10 18:11:16,437| gesendet
lab29-97-<0.81.0>-T3: Msg #973, C-Out: 23.10 18:11:17,438| gesendet
lab29-97-<0.81.0>-T3: Msg #1032, C-Out: 23.10 18:11:18,439| gesendet
Neues Intervall: 1.5 Sekunden
Msg #1094 um 23.10 18:11:18,439| vergessen zu senden
lab29-73-<0.332.0>-T3: Msg #956, C-Out: 23.10 18:11:17,086| HBQ-In: 23.10 18:11:17,087| DQ-In: 23.10 18:11:17,556| C-In: 23.10 18:11:18,444|
lab29-68-<0.633.0>-T3: Msg #957, C-Out: 23.10 18:11:17,092| HBQ-In: 23.10 18:11:17,092| DQ-In: 23.10 18:11:17,556| C-In: 23.10 18:11:18,446|
lab29-63-<0.983.0>-T3: Msg #958, C-Out: 23.10 18:11:17,093| HBQ-In: 23.10 18:11:17,093| DQ-In: 23.10 18:11:17,556| C-In: 23.10 18:11:18,451|
lab29-58-<0.1296.0>-T3: Msg #959, C-Out: 23.10 18:11:17,097| HBQ-In: 23.10 18:11:17,099| DQ-In: 23.10 18:11:17,556| C-In: 23.10 18:11:18,451|
lab29-93-<0.95.0>-T3: Msg #960, C-Out: 23.10 18:11:17,107| HBQ-In: 23.10 18:11:17,108| DQ-In: 23.10 18:11:17,556| C-In: 23.10 18:11:18,452|
lab29-83-<0.147.0>-T3: Msg #961, C-Out: 23.10 18:11:17,115| HBQ-In: 23.10 18:11:17,115| DQ-In: 23.10 18:11:17,556| C-In: 23.10 18:11:18,452|
lab29-88-<0.118.0>-T3: Msg #962, C-Out: 23.10 18:11:17,119| HBQ-In: 23.10 18:11:17,119| DQ-In: 23.10 18:11:17,556| C-In: 23.10 18:11:18,452|
lab29-98-<0.78.0>-T3: Msg #963, C-Out: 23.10 18:11:17,157| HBQ-In: 23.10 18:11:17,157| DQ-In: 23.10 18:11:17,556| C-In: 23.10 18:11:18,453|
Fehlernachricht fuer Luecke von 964 bis 964 C-In: 23.10 18:11:18,453|
lab29-77-<0.187.0>-T3: Msg #965, C-Out: 23.10 18:11:17,287| HBQ-In: 23.10 18:11:17,287| DQ-In: 23.10 18:11:17,757| C-In: 23.10 18:11:18,453|
lab29-72-<0.396.0>-T3: Msg #966, C-Out: 23.10 18:11:17,287| HBQ-In: 23.10 18:11:17,287| DQ-In: 23.10 18:11:17,758| C-In: 23.10 18:11:18,454|
lab29-67-<0.708.0>-T3: Msg #967, C-Out: 23.10 18:11:17,290| HBQ-In: 23.10 18:11:17,292| DQ-In: 23.10 18:11:17,758| C-In: 23.10 18:11:18,454|
lab29-62-<0.1043.0>-T3: Msg #968, C-Out: 23.10 18:11:17,293| HBQ-In: 23.10 18:11:17,294| DQ-In: 23.10 18:11:17,758| C-In: 23.10 18:11:18,454|
lab29-57-<0.1365.0>-T3: Msg #969, C-Out: 23.10 18:11:17,300| HBQ-In: 23.10 18:11:17,302| DQ-In: 23.10 18:11:17,758| C-In: 23.10 18:11:18,455|
lab29-87-<0.123.0>-T3: Msg #970, C-Out: 23.10 18:11:17,309| HBQ-In: 23.10 18:11:17,309| DQ-In: 23.10 18:11:17,758| C-In: 23.10 18:11:18,455|
lab29-82-<0.153.0>-T3: Msg #971, C-Out: 23.10 18:11:17,313| HBQ-In: 23.10 18:11:17,313| DQ-In: 23.10 18:11:17,758| C-In: 23.10 18:11:18,455|
lab29-92-<0.99.0>-T3: Msg #972, C-Out: 23.10 18:11:17,329| HBQ-In: 23.10 18:11:17,329| DQ-In: 23.10 18:11:17,758| C-In: 23.10 18:11:18,456|
lab29-97-<0.81.0>-T3: Msg #973, C-Out: 23.10 18:11:17,438| HBQ-In: 23.10 18:11:17,438| DQ-In: 23.10 18:11:17,758|******* C-In: 23.10 18:11:18,456|
Fehlernachricht fuer Luecke von 974 bis 979 C-In: 23.10 18:11:18,456|
lab29-66-<0.743.0>-T3: Msg #980, C-Out: 23.10 18:11:17,488| HBQ-In: 23.10 18:11:17,488| DQ-In: 23.10 18:11:17,903| C-In: 23.10 18:11:18,456|
lab29-71-<0.461.0>-T3: Msg #981, C-Out: 23.10 18:11:17,488| HBQ-In: 23.10 18:11:17,488| DQ-In: 23.10 18:11:17,903| C-In: 23.10 18:11:18,457|
lab29-76-<0.194.0>-T3: Msg #982, C-Out: 23.10 18:11:17,488| HBQ-In: 23.10 18:11:17,488| DQ-In: 23.10 18:11:17,903| C-In: 23.10 18:11:18,457|
lab29-61-<0.1100.0>-T3: Msg #983, C-Out: 23.10 18:11:17,499| HBQ-In: 23.10 18:11:17,499| DQ-In: 23.10 18:11:17,903| C-In: 23.10 18:11:18,457|
lab29-56-<0.1439.0>-T3: Msg #984, C-Out: 23.10 18:11:17,502| HBQ-In: 23.10 18:11:17,503| DQ-In: 23.10 18:11:17,903| C-In: 23.10 18:11:18,458|
lab29-81-<0.159.0>-T3: Msg #985, C-Out: 23.10 18:11:17,506| HBQ-In: 23.10 18:11:17,507| DQ-In: 23.10 18:11:17,903| C-In: 23.10 18:11:18,458|
lab29-91-<0.103.0>-T3: Msg #986, C-Out: 23.10 18:11:17,553| HBQ-In: 23.10 18:11:17,554| DQ-In: 23.10 18:11:17,903| C-In: 23.10 18:11:18,459|
lab29-86-<0.129.0>-T3: Msg #987, C-Out: 23.10 18:11:17,556| HBQ-In: 23.10 18:11:17,556| DQ-In: 23.10 18:11:17,903| C-In: 23.10 18:11:18,459|
lab29-96-<0.84.0>-T3: Msg #988, C-Out: 23.10 18:11:17,593| HBQ-In: 23.10 18:11:17,593| DQ-In: 23.10 18:11:17,903| C-In: 23.10 18:11:18,459|
Fehlernachricht fuer Luecke von 989 bis 989 C-In: 23.10 18:11:18,459|
lab29-75-<0.200.0>-T3: Msg #990, C-Out: 23.10 18:11:17,691| HBQ-In: 23.10 18:11:17,691| DQ-In: 23.10 18:11:18,110| C-In: 23.10 18:11:18,460|
lab29-70-<0.519.0>-T3: Msg #991, C-Out: 23.10 18:11:17,691| HBQ-In: 23.10 18:11:17,691| DQ-In: 23.10 18:11:18,110| C-In: 23.10 18:11:18,460|
lab29-65-<0.819.0>-T3: Msg #992, C-Out: 23.10 18:11:17,691| HBQ-In: 23.10 18:11:17,691| DQ-In: 23.10 18:11:18,110| C-In: 23.10 18:11:18,460|
lab29-85-<0.133.0>-T3: Msg #993, C-Out: 23.10 18:11:17,701| HBQ-In: 23.10 18:11:17,703| DQ-In: 23.10 18:11:18,110| C-In: 23.10 18:11:18,461|
lab29-60-<0.1170.0>-T3: Msg #994, C-Out: 23.10 18:11:17,701| HBQ-In: 23.10 18:11:17,703| DQ-In: 23.10 18:11:18,110| C-In: 23.10 18:11:18,461|
lab29-55-<0.1513.0>-T3: Msg #995, C-Out: 23.10 18:11:17,702| HBQ-In: 23.10 18:11:17,705| DQ-In: 23.10 18:11:18,110| C-In: 23.10 18:11:18,461|
lab29-80-<0.164.0>-T3: Msg #996, C-Out: 23.10 18:11:17,757| HBQ-In: 23.10 18:11:17,757| DQ-In: 23.10 18:11:18,111| C-In: 23.10 18:11:18,462|
lab29-90-<0.107.0>-T3: Msg #997, C-Out: 23.10 18:11:17,757| HBQ-In: 23.10 18:11:17,757| DQ-In: 23.10 18:11:18,111| C-In: 23.10 18:11:18,462|
lab29-100-<0.40.0>-T3: Msg #998, C-Out: 23.10 18:11:17,769| HBQ-In: 23.10 18:11:17,770| DQ-In: 23.10 18:11:18,111| C-In: 23.10 18:11:18,462|
lab29-95-<0.87.0>-T3: Msg #999, C-Out: 23.10 18:11:17,769| HBQ-In: 23.10 18:11:17,770| DQ-In: 23.10 18:11:18,111| C-In: 23.10 18:11:18,463|
lab29-74-<0.266.0>-T3: Msg #1000, C-Out: 23.10 18:11:17,888| HBQ-In: 23.10 18:11:17,888| DQ-In: 23.10 18:11:18,111| C-In: 23.10 18:11:18,465|
Fehlernachricht fuer Luecke von 1001 bis 1001 C-In: 23.10 18:11:18,468|
lab29-69-<0.583.0>-T3: Msg #1002, C-Out: 23.10 18:11:17,894| HBQ-In: 23.10 18:11:17,894| DQ-In: 23.10 18:11:18,314| C-In: 23.10 18:11:18,470|
lab29-64-<0.899.0>-T3: Msg #1003, C-Out: 23.10 18:11:17,894| HBQ-In: 23.10 18:11:17,894| DQ-In: 23.10 18:11:18,314| C-In: 23.10 18:11:18,474|
lab29-59-<0.1234.0>-T3: Msg #1004, C-Out: 23.10 18:11:17,897| HBQ-In: 23.10 18:11:17,898| DQ-In: 23.10 18:11:18,314| C-In: 23.10 18:11:18,477|
lab29-89-<0.113.0>-T3: Msg #1005, C-Out: 23.10 18:11:17,903| HBQ-In: 23.10 18:11:17,903| DQ-In: 23.10 18:11:18,314| C-In: 23.10 18:11:18,480|
lab29-84-<0.140.0>-T3: Msg #1006, C-Out: 23.10 18:11:17,903| HBQ-In: 23.10 18:11:17,903| DQ-In: 23.10 18:11:18,314| C-In: 23.10 18:11:18,484|
lab29-54-<0.1586.0>-T3: Msg #1007, C-Out: 23.10 18:11:17,903| HBQ-In: 23.10 18:11:17,903| DQ-In: 23.10 18:11:18,314| C-In: 23.10 18:11:18,486|
lab29-99-<0.49.0>-T3: Msg #1008, C-Out: 23.10 18:11:17,949| HBQ-In: 23.10 18:11:17,950| DQ-In: 23.10 18:11:18,314| C-In: 23.10 18:11:18,489|
lab29-79-<0.173.0>-T3: Msg #1009, C-Out: 23.10 18:11:17,954| HBQ-In: 23.10 18:11:17,954| DQ-In: 23.10 18:11:18,314| C-In: 23.10 18:11:18,494|
lab29-94-<0.91.0>-T3: Msg #1010, C-Out: 23.10 18:11:17,998| HBQ-In: 23.10 18:11:17,998| DQ-In: 23.10 18:11:18,314| C-In: 23.10 18:11:18,495|
ReceiveMsgs done
lab29-97-<0.81.0>-T3: Msg #1097, C-Out: 23.10 18:11:19,998| gesendet
lab29-97-<0.81.0>-T3: Msg #1228, C-Out: 23.10 18:11:21,500| gesendet
lab29-97-<0.81.0>-T3: Msg #1336, C-Out: 23.10 18:11:22,003| gesendet
lab29-97-<0.81.0>-T3: Msg #1483, C-Out: 23.10 18:11:24,507| gesendet
lab29-97-<0.81.0>-T3: Msg #1601, C-Out: 23.10 18:11:26,009| gesendet
Neues Intervall: 2.25 Sekunden
Msg #1747 um 23.10 18:11:26,011| vergessen zu senden
Fehlernachricht fuer Luecke von 1556 bis 1556 C-In: 23.10 18:11:26,011|
lab29-29-<0.3641.0>-T3: Msg #1557, C-Out: 23.10 18:11:24,941| HBQ-In: 23.10 18:11:24,941| DQ-In: 23.10 18:11:25,383| C-In: 23.10 18:11:26,012|
lab29-24-<0.4051.0>-T3: Msg #1558, C-Out: 23.10 18:11:24,941| HBQ-In: 23.10 18:11:24,941| DQ-In: 23.10 18:11:25,383| C-In: 23.10 18:11:26,012|
lab29-84-<0.140.0>-T3: Msg #1559, C-Out: 23.10 18:11:25,447| HBQ-In: 23.10 18:11:25,447| DQ-In: 23.10 18:11:25,447| C-In: 23.10 18:11:26,012|
lab29-19-<0.4442.0>-T3: Msg #1560, C-Out: 23.10 18:11:24,946| HBQ-In: 23.10 18:11:24,946| DQ-In: 23.10 18:11:25,447| C-In: 23.10 18:11:26,013|
lab29-59-<0.1234.0>-T3: Msg #1561, C-Out: 23.10 18:11:24,946| HBQ-In: 23.10 18:11:24,946| DQ-In: 23.10 18:11:25,447| C-In: 23.10 18:11:26,013|
lab29-49-<0.1950.0>-T3: Msg #1562, C-Out: 23.10 18:11:24,960| HBQ-In: 23.10 18:11:24,960| DQ-In: 23.10 18:11:25,447| C-In: 23.10 18:11:26,014|
lab29-44-<0.2376.0>-T3: Msg #1563, C-Out: 23.10 18:11:24,963| HBQ-In: 23.10 18:11:24,963| DQ-In: 23.10 18:11:25,448| C-In: 23.10 18:11:26,016|
lab29-54-<0.1586.0>-T3: Msg #1564, C-Out: 23.10 18:11:24,966| HBQ-In: 23.10 18:11:24,966| DQ-In: 23.10 18:11:25,448| C-In: 23.10 18:11:26,016|
lab29-69-<0.583.0>-T3: Msg #1565, C-Out: 23.10 18:11:25,478| HBQ-In: 23.10 18:11:25,478| DQ-In: 23.10 18:11:25,478| C-In: 23.10 18:11:26,020|
lab29-99-<0.49.0>-T3: Msg #1566, C-Out: 23.10 18:11:25,486| HBQ-In: 23.10 18:11:25,487| DQ-In: 23.10 18:11:25,487| C-In: 23.10 18:11:26,020|
Fehlernachricht fuer Luecke von 1567 bis 1568 C-In: 23.10 18:11:26,024|
lab29-33-<0.3306.0>-T3: Msg #1569, C-Out: 23.10 18:11:25,135| HBQ-In: 23.10 18:11:25,135| DQ-In: 23.10 18:11:25,550| C-In: 23.10 18:11:26,027|
lab29-38-<0.2880.0>-T3: Msg #1570, C-Out: 23.10 18:11:25,135| HBQ-In: 23.10 18:11:25,135| DQ-In: 23.10 18:11:25,550| C-In: 23.10 18:11:26,027|
lab29-28-<0.3729.0>-T3: Msg #1571, C-Out: 23.10 18:11:25,138| HBQ-In: 23.10 18:11:25,138| DQ-In: 23.10 18:11:25,550| C-In: 23.10 18:11:26,028|
Fehlernachricht fuer Luecke von 1572 bis 1573 C-In: 23.10 18:11:26,028|
lab29-23-<0.4130.0>-T3: Msg #1574, C-Out: 23.10 18:11:25,144| HBQ-In: 23.10 18:11:25,144| DQ-In: 23.10 18:11:25,576| C-In: 23.10 18:11:26,028|
lab29-18-<0.4519.0>-T3: Msg #1575, C-Out: 23.10 18:11:25,149| HBQ-In: 23.10 18:11:25,149| DQ-In: 23.10 18:11:25,576| C-In: 23.10 18:11:26,029|
lab29-53-<0.1650.0>-T3: Msg #1576, C-Out: 23.10 18:11:25,149| HBQ-In: 23.10 18:11:25,149| DQ-In: 23.10 18:11:25,576| C-In: 23.10 18:11:26,029|
lab29-63-<0.983.0>-T3: Msg #1577, C-Out: 23.10 18:11:25,155| HBQ-In: 23.10 18:11:25,158| DQ-In: 23.10 18:11:25,576| C-In: 23.10 18:11:26,029|
lab29-58-<0.1296.0>-T3: Msg #1578, C-Out: 23.10 18:11:25,156| HBQ-In: 23.10 18:11:25,158| DQ-In: 23.10 18:11:25,576| C-In: 23.10 18:11:26,030|
lab29-48-<0.2035.0>-T3: Msg #1579, C-Out: 23.10 18:11:25,158| HBQ-In: 23.10 18:11:25,158| DQ-In: 23.10 18:11:25,576| C-In: 23.10 18:11:26,030|
lab29-83-<0.147.0>-T3: Msg #1580, C-Out: 23.10 18:11:25,659| HBQ-In: 23.10 18:11:25,660| DQ-In: 23.10 18:11:25,660| C-In: 23.10 18:11:26,030|
lab29-43-<0.2458.0>-T3: Msg #1581, C-Out: 23.10 18:11:25,175| HBQ-In: 23.10 18:11:25,175| DQ-In: 23.10 18:11:25,660| C-In: 23.10 18:11:26,031|
lab29-68-<0.633.0>-T3: Msg #1582, C-Out: 23.10 18:11:25,731| HBQ-In: 23.10 18:11:25,731| DQ-In: 23.10 18:11:25,731| C-In: 23.10 18:11:26,031|
lab29-98-<0.78.0>-T3: Msg #1583, C-Out: 23.10 18:11:25,731| HBQ-In: 23.10 18:11:25,731| DQ-In: 23.10 18:11:25,731| C-In: 23.10 18:11:26,031|
Fehlernachricht fuer Luecke von 1584 bis 1584 C-In: 23.10 18:11:26,032|
lab29-32-<0.3394.0>-T3: Msg #1585, C-Out: 23.10 18:11:25,332| HBQ-In: 23.10 18:11:25,332| DQ-In: 23.10 18:11:25,750| C-In: 23.10 18:11:26,032|
lab29-37-<0.2967.0>-T3: Msg #1586, C-Out: 23.10 18:11:25,332| HBQ-In: 23.10 18:11:25,332| DQ-In: 23.10 18:11:25,750| C-In: 23.10 18:11:26,032|
Fehlernachricht fuer Luecke von 1587 bis 1587 C-In: 23.10 18:11:26,033|
lab29-27-<0.3815.0>-T3: Msg #1588, C-Out: 23.10 18:11:25,341| HBQ-In: 23.10 18:11:25,342| DQ-In: 23.10 18:11:25,769| C-In: 23.10 18:11:26,033|
lab29-22-<0.4210.0>-T3: Msg #1589, C-Out: 23.10 18:11:25,343| HBQ-In: 23.10 18:11:25,343| DQ-In: 23.10 18:11:25,769| C-In: 23.10 18:11:26,033|
lab29-17-<0.4601.0>-T3: Msg #1590, C-Out: 23.10 18:11:25,347| HBQ-In: 23.10 18:11:25,347| DQ-In: 23.10 18:11:25,769| C-In: 23.10 18:11:26,034|
Fehlernachricht fuer Luecke von 1591 bis 1591 C-In: 23.10 18:11:26,034|
lab29-62-<0.1043.0>-T3: Msg #1592, C-Out: 23.10 18:11:25,360| HBQ-In: 23.10 18:11:25,360| DQ-In: 23.10 18:11:25,867| C-In: 23.10 18:11:26,034|
lab29-75-<0.200.0>-T3: Msg #1593, C-Out: 23.10 18:11:25,866| HBQ-In: 23.10 18:11:25,867| DQ-In: 23.10 18:11:25,867| C-In: 23.10 18:11:26,035|
lab29-47-<0.2127.0>-T3: Msg #1594, C-Out: 23.10 18:11:25,369| HBQ-In: 23.10 18:11:25,377| DQ-In: 23.10 18:11:25,867| C-In: 23.10 18:11:26,035|
lab29-42-<0.2545.0>-T3: Msg #1595, C-Out: 23.10 18:11:25,376| HBQ-In: 23.10 18:11:25,377| DQ-In: 23.10 18:11:25,867| C-In: 23.10 18:11:26,037|
lab29-52-<0.1713.0>-T3: Msg #1596, C-Out: 23.10 18:11:25,383| HBQ-In: 23.10 18:11:25,383| DQ-In: 23.10 18:11:25,867| C-In: 23.10 18:11:26,038|
lab29-67-<0.708.0>-T3: Msg #1597, C-Out: 23.10 18:11:25,883| HBQ-In: 23.10 18:11:25,883| DQ-In: 23.10 18:11:25,883| C-In: 23.10 18:11:26,038|
lab29-57-<0.1365.0>-T3: Msg #1598, C-Out: 23.10 18:11:25,384| HBQ-In: 23.10 18:11:25,384| DQ-In: 23.10 18:11:25,883| C-In: 23.10 18:11:26,038|
lab29-82-<0.153.0>-T3: Msg #1599, C-Out: 23.10 18:11:25,885| HBQ-In: 23.10 18:11:25,886| DQ-In: 23.10 18:11:25,886| C-In: 23.10 18:11:26,039|
lab29-89-<0.113.0>-T3: Msg #1600, C-Out: 23.10 18:11:25,937| HBQ-In: 23.10 18:11:25,937| DQ-In: 23.10 18:11:25,937| C-In: 23.10 18:11:26,039|
Fehlernachricht fuer Luecke von 1601 bis 1602 C-In: 23.10 18:11:26,041|
lab29-36-<0.3048.0>-T3: Msg #1603, C-Out: 23.10 18:11:25,533| HBQ-In: 23.10 18:11:25,533| DQ-In: 23.10 18:11:25,950| C-In: 23.10 18:11:26,041|
Fehlernachricht fuer Luecke von 1604 bis 1604 C-In: 23.10 18:11:26,042|
lab29-31-<0.3480.0>-T3: Msg #1605, C-Out: 23.10 18:11:25,533| HBQ-In: 23.10 18:11:25,533| DQ-In: 23.10 18:11:25,961| C-In: 23.10 18:11:26,042|
lab29-26-<0.3898.0>-T3: Msg #1606, C-Out: 23.10 18:11:25,543| HBQ-In: 23.10 18:11:25,543| DQ-In: 23.10 18:11:25,961| C-In: 23.10 18:11:26,042|
lab29-56-<0.1439.0>-T3: Msg #1607, C-Out: 23.10 18:11:25,550| HBQ-In: 23.10 18:11:25,550| DQ-In: 23.10 18:11:25,961| C-In: 23.10 18:11:26,043|
lab29-21-<0.4291.0>-T3: Msg #1608, C-Out: 23.10 18:11:25,550| HBQ-In: 23.10 18:11:25,550| DQ-In: 23.10 18:11:25,961| C-In: 23.10 18:11:26,043|
ReceiveMsgs done
lab29-97-<0.81.0>-T3: Msg #1749, C-Out: 23.10 18:11:28,311| gesendet
lab29-97-<0.81.0>-T3: Msg #1988, C-Out: 23.10 18:11:30,563| gesendet
lab29-97-<0.81.0>-T3: Msg #2194, C-Out: 23.10 18:11:32,818| gesendet
lab29-97-<0.81.0>-T3: Msg #2415, C-Out: 23.10 18:11:35,071| gesendet
lab29-97-<0.81.0>-T3: Msg #2606, C-Out: 23.10 18:11:37,322| gesendet
Neues Intervall: 3.375 Sekunden
Msg #2761 um 23.10 18:11:37,324| vergessen zu senden
Fehlernachricht fuer Luecke von 2551 bis 2551 C-In: 23.10 18:11:37,325|
lab29-16-<0.4681.0>-T3: Msg #2552, C-Out: 23.10 18:11:36,167| HBQ-In: 23.10 18:11:36,168| DQ-In: 23.10 18:11:36,212| C-In: 23.10 18:11:37,325|
Fehlernachricht fuer Luecke von 2553 bis 2554 C-In: 23.10 18:11:37,328|
2-client@lab23: 2555. Nachricht--Gruppe:1-Team:5-Sendezeit:18:11:34 HBQ-In: 23.10 18:11:34,752| DQ-In: 23.10 18:11:36,230| C-In: 23.10 18:11:37,328|
1-client@lab23: 2556. Nachricht--Gruppe:1-Team:5-Sendezeit:18:11:34 HBQ-In: 23.10 18:11:34,753| DQ-In: 23.10 18:11:36,230| C-In: 23.10 18:11:37,329|
5-client@lab23: 2557. Nachricht--Gruppe:1-Team:5-Sendezeit:18:11:34 HBQ-In: 23.10 18:11:34,753| DQ-In: 23.10 18:11:36,230| C-In: 23.10 18:11:37,329|
2-client@lab23: 2558. Nachricht--Gruppe:1-Team:5-Sendezeit:18:11:34 HBQ-In: 23.10 18:11:34,758| DQ-In: 23.10 18:11:36,230| C-In: 23.10 18:11:37,330|
1-client@lab23: 2559. Nachricht--Gruppe:1-Team:5-Sendezeit:18:11:34 HBQ-In: 23.10 18:11:34,758| DQ-In: 23.10 18:11:36,230| C-In: 23.10 18:11:37,333|
5-client@lab23: 2560. Nachricht--Gruppe:1-Team:5-Sendezeit:18:11:34 HBQ-In: 23.10 18:11:34,758| DQ-In: 23.10 18:11:36,230| C-In: 23.10 18:11:37,336|
lab29-23-<0.4130.0>-T3: Msg #2561, C-Out: 23.10 18:11:36,270| HBQ-In: 23.10 18:11:36,277| DQ-In: 23.10 18:11:36,277| C-In: 23.10 18:11:37,338|
Fehlernachricht fuer Luecke von 2562 bis 2562 C-In: 23.10 18:11:37,338|
2-client@lab23: 2563. Nachricht--Gruppe:1-Team:5-Sendezeit:18:11:34 HBQ-In: 23.10 18:11:34,764| DQ-In: 23.10 18:11:36,437| C-In: 23.10 18:11:37,339|
5-client@lab23: 2564. Nachricht--Gruppe:1-Team:5-Sendezeit:18:11:34 HBQ-In: 23.10 18:11:34,764| DQ-In: 23.10 18:11:36,437| C-In: 23.10 18:11:37,339|
1-client@lab23: 2565. Nachricht--Gruppe:1-Team:5-Sendezeit:18:11:34 HBQ-In: 23.10 18:11:34,764| DQ-In: 23.10 18:11:36,437| C-In: 23.10 18:11:37,339|
2-client@lab23: 2566. Nachricht--Gruppe:1-Team:5-Sendezeit:18:11:34 HBQ-In: 23.10 18:11:34,767| DQ-In: 23.10 18:11:36,437| C-In: 23.10 18:11:37,339|
1-client@lab23: 2567. Nachricht--Gruppe:1-Team:5-Sendezeit:18:11:34 HBQ-In: 23.10 18:11:34,767| DQ-In: 23.10 18:11:36,437| C-In: 23.10 18:11:37,340|
5-client@lab23: 2568. Nachricht--Gruppe:1-Team:5-Sendezeit:18:11:34 HBQ-In: 23.10 18:11:34,768| DQ-In: 23.10 18:11:36,437| C-In: 23.10 18:11:37,341|
lab29-38-<0.2880.0>-T3: Msg #2569, C-Out: 23.10 18:11:36,270| HBQ-In: 23.10 18:11:36,277| DQ-In: 23.10 18:11:36,437| C-In: 23.10 18:11:37,343|
Fehlernachricht fuer Luecke von 2570 bis 2572 C-In: 23.10 18:11:37,344|
4-client@lab23: 2573. Nachricht--Gruppe:1-Team:5-Sendezeit:18:11:34 HBQ-In: 23.10 18:11:34,778| DQ-In: 23.10 18:11:36,639| C-In: 23.10 18:11:37,347|
3-client@lab23: 2574. Nachricht--Gruppe:1-Team:5-Sendezeit:18:11:34 HBQ-In: 23.10 18:11:34,778| DQ-In: 23.10 18:11:36,639| C-In: 23.10 18:11:37,348|
Fehlernachricht fuer Luecke von 2575 bis 2575 C-In: 23.10 18:11:37,350|
4-client@lab23: 2576. Nachricht--Gruppe:1-Team:5-Sendezeit:18:11:34 HBQ-In: 23.10 18:11:34,780| DQ-In: 23.10 18:11:36,676| C-In: 23.10 18:11:37,351|
3-client@lab23: 2577. Nachricht--Gruppe:1-Team:5-Sendezeit:18:11:34 HBQ-In: 23.10 18:11:34,780| DQ-In: 23.10 18:11:36,676| C-In: 23.10 18:11:37,354|
4-client@lab23: 2578. Nachricht--Gruppe:1-Team:5-Sendezeit:18:11:34 HBQ-In: 23.10 18:11:34,782| DQ-In: 23.10 18:11:36,676| C-In: 23.10 18:11:37,355|
3-client@lab23: 2579. Nachricht--Gruppe:1-Team:5-Sendezeit:18:11:34 HBQ-In: 23.10 18:11:34,782| DQ-In: 23.10 18:11:36,676| C-In: 23.10 18:11:37,355|
4-client@lab23: 2580. Nachricht--Gruppe:1-Team:5-Sendezeit:18:11:34 HBQ-In: 23.10 18:11:34,786| DQ-In: 23.10 18:11:36,676| C-In: 23.10 18:11:37,355|
3-client@lab23: 2581. Nachricht--Gruppe:1-Team:5-Sendezeit:18:11:34 HBQ-In: 23.10 18:11:34,786| DQ-In: 23.10 18:11:36,676| C-In: 23.10 18:11:37,356|
4-client@lab23: 2582. Nachricht--Gruppe:1-Team:5-Sendezeit:18:11:36 HBQ-In: 23.10 18:11:36,791| DQ-In: 23.10 18:11:36,791| C-In: 23.10 18:11:37,356|
3-client@lab23: 2583. Nachricht--Gruppe:1-Team:5-Sendezeit:18:11:36 HBQ-In: 23.10 18:11:36,791| DQ-In: 23.10 18:11:36,791| C-In: 23.10 18:11:37,356|
Fehlernachricht fuer Luecke von 2584 bis 2585 C-In: 23.10 18:11:37,357|
lab29-5-<0.5513.0>-T3: Msg #2586, C-Out: 23.10 18:11:35,829| HBQ-In: 23.10 18:11:35,829| DQ-In: 23.10 18:11:36,900| C-In: 23.10 18:11:37,358|
lab29-45-<0.2293.0>-T3: Msg #2587, C-Out: 23.10 18:11:36,333| HBQ-In: 23.10 18:11:36,333| DQ-In: 23.10 18:11:36,900| C-In: 23.10 18:11:37,358|
lab29-10-<0.5112.0>-T3: Msg #2588, C-Out: 23.10 18:11:35,840| HBQ-In: 23.10 18:11:35,844| DQ-In: 23.10 18:11:36,900| C-In: 23.10 18:11:37,359|
lab29-30-<0.3559.0>-T3: Msg #2589, C-Out: 23.10 18:11:36,385| HBQ-In: 23.10 18:11:36,387| DQ-In: 23.10 18:11:36,900| C-In: 23.10 18:11:37,359|
lab29-15-<0.4762.0>-T3: Msg #2590, C-Out: 23.10 18:11:36,396| HBQ-In: 23.10 18:11:36,397| DQ-In: 23.10 18:11:36,900| C-In: 23.10 18:11:37,359|
Fehlernachricht fuer Luecke von 2591 bis 2592 C-In: 23.10 18:11:37,360|
lab29-37-<0.2967.0>-T3: Msg #2593, C-Out: 23.10 18:11:36,456| HBQ-In: 23.10 18:11:36,458| DQ-In: 23.10 18:11:37,034| C-In: 23.10 18:11:37,360|
Fehlernachricht fuer Luecke von 2594 bis 2594 C-In: 23.10 18:11:37,362|
lab29-22-<0.4210.0>-T3: Msg #2595, C-Out: 23.10 18:11:36,471| HBQ-In: 23.10 18:11:36,473| DQ-In: 23.10 18:11:37,071| C-In: 23.10 18:11:37,363|
Fehlernachricht fuer Luecke von 2596 bis 2597 C-In: 23.10 18:11:37,363|
lab29-4-<0.5587.0>-T3: Msg #2598, C-Out: 23.10 18:11:36,013| HBQ-In: 23.10 18:11:36,015| DQ-In: 23.10 18:11:37,158| C-In: 23.10 18:11:37,364|
lab29-9-<0.5191.0>-T3: Msg #2599, C-Out: 23.10 18:11:36,027| HBQ-In: 23.10 18:11:36,028| DQ-In: 23.10 18:11:37,158| C-In: 23.10 18:11:37,364|
Fehlernachricht fuer Luecke von 2600 bis 2601 C-In: 23.10 18:11:37,365|
lab29-44-<0.2376.0>-T3: Msg #2602, C-Out: 23.10 18:11:36,532| HBQ-In: 23.10 18:11:36,532| DQ-In: 23.10 18:11:37,174| C-In: 23.10 18:11:37,365|
lab29-14-<0.4846.0>-T3: Msg #2603, C-Out: 23.10 18:11:36,566| HBQ-In: 23.10 18:11:36,570| DQ-In: 23.10 18:11:37,174| C-In: 23.10 18:11:37,366|
lab29-29-<0.3641.0>-T3: Msg #2604, C-Out: 23.10 18:11:36,568| HBQ-In: 23.10 18:11:36,571| DQ-In: 23.10 18:11:37,174| C-In: 23.10 18:11:37,367|
Fehlernachricht fuer Luecke von 2605 bis 2607 C-In: 23.10 18:11:37,368|
lab29-36-<0.3048.0>-T3: Msg #2608, C-Out: 23.10 18:11:36,638| HBQ-In: 23.10 18:11:36,638| DQ-In: 23.10 18:11:37,270| C-In: 23.10 18:11:37,368|
lab29-21-<0.4291.0>-T3: Msg #2609, C-Out: 23.10 18:11:36,673| HBQ-In: 23.10 18:11:36,676| DQ-In: 23.10 18:11:37,270| C-In: 23.10 18:11:37,369|
ReceiveMsgs done
lab29-97-<0.81.0>-T3: Msg #2764, C-Out: 23.10 18:11:40,745| gesendet
