lab29-9-<0.5191.0>-T3 C-Start: 23.10 18:11:25,956|
lab29-9-<0.5191.0>-T3: Msg #1740, C-Out: 23.10 18:11:26,957| gesendet
lab29-9-<0.5191.0>-T3: Msg #1859, C-Out: 23.10 18:11:27,959| gesendet
lab29-9-<0.5191.0>-T3: Msg #1954, C-Out: 23.10 18:11:28,960| gesendet
lab29-9-<0.5191.0>-T3: Msg #2053, C-Out: 23.10 18:11:29,961| gesendet
lab29-9-<0.5191.0>-T3: Msg #2140, C-Out: 23.10 18:11:30,964| gesendet
Neues Intervall: 1 Sekunden
Msg #2254 um 23.10 18:11:30,966| vergessen zu senden
lab29-24-<0.4051.0>-T3: Msg #2057, C-Out: 23.10 18:11:29,974| HBQ-In: 23.10 18:11:29,976| DQ-In: 23.10 18:11:30,576| C-In: 23.10 18:11:30,967|
lab29-34-<0.3220.0>-T3: Msg #2058, C-Out: 23.10 18:11:29,980| HBQ-In: 23.10 18:11:29,981| DQ-In: 23.10 18:11:30,576| C-In: 23.10 18:11:30,969|
lab29-74-<0.266.0>-T3: Msg #2062, C-Out: 23.10 18:11:30,520| HBQ-In: 23.10 18:11:30,522| DQ-In: 23.10 18:11:30,576| C-In: 23.10 18:11:30,969|
lab29-44-<0.2376.0>-T3: Msg #2063, C-Out: 23.10 18:11:30,522| HBQ-In: 23.10 18:11:30,522| DQ-In: 23.10 18:11:30,576| C-In: 23.10 18:11:30,972|
Fehlernachricht fuer Luecke von 2064 bis 2064 C-In: 23.10 18:11:30,973|
lab29-66-<0.743.0>-T3: Msg #2065, C-Out: 23.10 18:11:30,604| HBQ-In: 23.10 18:11:30,606| DQ-In: 23.10 18:11:30,626| C-In: 23.10 18:11:30,973|
Fehlernachricht fuer Luecke von 2066 bis 2066 C-In: 23.10 18:11:30,973|
lab29-51-<0.1789.0>-T3: Msg #2067, C-Out: 23.10 18:11:30,624| HBQ-In: 23.10 18:11:30,626| DQ-In: 23.10 18:11:30,667| C-In: 23.10 18:11:30,974|
Fehlernachricht fuer Luecke von 2068 bis 2068 C-In: 23.10 18:11:30,976|
lab29-13-<0.4921.0>-T3: Msg #2069, C-Out: 23.10 18:11:30,166| HBQ-In: 23.10 18:11:30,166| DQ-In: 23.10 18:11:30,695| C-In: 23.10 18:11:30,977|
lab29-8-<0.5273.0>-T3: Msg #2070, C-Out: 23.10 18:11:30,167| HBQ-In: 23.10 18:11:30,169| DQ-In: 23.10 18:11:30,695| C-In: 23.10 18:11:30,981|
lab29-73-<0.332.0>-T3: Msg #2071, C-Out: 23.10 18:11:30,667| HBQ-In: 23.10 18:11:30,667| DQ-In: 23.10 18:11:30,695| C-In: 23.10 18:11:30,982|
lab29-3-<0.5663.0>-T3: Msg #2072, C-Out: 23.10 18:11:30,167| HBQ-In: 23.10 18:11:30,169| DQ-In: 23.10 18:11:30,695| C-In: 23.10 18:11:30,982|
lab29-38-<0.2880.0>-T3: Msg #2073, C-Out: 23.10 18:11:30,167| HBQ-In: 23.10 18:11:30,167| DQ-In: 23.10 18:11:30,695| C-In: 23.10 18:11:30,982|
lab29-33-<0.3306.0>-T3: Msg #2074, C-Out: 23.10 18:11:30,183| HBQ-In: 23.10 18:11:30,191| DQ-In: 23.10 18:11:30,695| C-In: 23.10 18:11:30,983|
Fehlernachricht fuer Luecke von 2075 bis 2075 C-In: 23.10 18:11:30,984|
lab29-23-<0.4130.0>-T3: Msg #2076, C-Out: 23.10 18:11:30,187| HBQ-In: 23.10 18:11:30,191| DQ-In: 23.10 18:11:30,702| C-In: 23.10 18:11:30,985|
lab29-58-<0.1296.0>-T3: Msg #2077, C-Out: 23.10 18:11:30,695| HBQ-In: 23.10 18:11:30,695| DQ-In: 23.10 18:11:30,702| C-In: 23.10 18:11:30,985|
lab29-28-<0.3729.0>-T3: Msg #2078, C-Out: 23.10 18:11:30,201| HBQ-In: 23.10 18:11:30,202| DQ-In: 23.10 18:11:30,702| C-In: 23.10 18:11:30,985|
lab29-18-<0.4519.0>-T3: Msg #2079, C-Out: 23.10 18:11:30,209| HBQ-In: 23.10 18:11:30,210| DQ-In: 23.10 18:11:30,702| C-In: 23.10 18:11:30,986|
Fehlernachricht fuer Luecke von 2080 bis 2084 C-In: 23.10 18:11:30,986|
lab29-12-<0.4991.0>-T3: Msg #2085, C-Out: 23.10 18:11:30,359| HBQ-In: 23.10 18:11:30,360| DQ-In: 23.10 18:11:30,704| C-In: 23.10 18:11:30,986|
lab29-7-<0.5358.0>-T3: Msg #2086, C-Out: 23.10 18:11:30,367| HBQ-In: 23.10 18:11:30,367| DQ-In: 23.10 18:11:30,704| C-In: 23.10 18:11:30,987|
lab29-2-<0.5741.0>-T3: Msg #2087, C-Out: 23.10 18:11:30,376| HBQ-In: 23.10 18:11:30,376| DQ-In: 23.10 18:11:30,704| C-In: 23.10 18:11:30,989|
Fehlernachricht fuer Luecke von 2088 bis 2088 C-In: 23.10 18:11:30,991|
lab29-32-<0.3394.0>-T3: Msg #2089, C-Out: 23.10 18:11:30,379| HBQ-In: 23.10 18:11:30,381| DQ-In: 23.10 18:11:30,706| C-In: 23.10 18:11:30,991|
Fehlernachricht fuer Luecke von 2090 bis 2092 C-In: 23.10 18:11:30,997|
lab29-37-<0.2967.0>-T3: Msg #2093, C-Out: 23.10 18:11:30,398| HBQ-In: 23.10 18:11:30,398| DQ-In: 23.10 18:11:30,707| C-In: 23.10 18:11:30,998|
Fehlernachricht fuer Luecke von 2094 bis 2094 C-In: 23.10 18:11:30,998|
lab29-27-<0.3815.0>-T3: Msg #2095, C-Out: 23.10 18:11:30,403| HBQ-In: 23.10 18:11:30,403| DQ-In: 23.10 18:11:30,710| C-In: 23.10 18:11:30,998|
lab29-22-<0.4210.0>-T3: Msg #2096, C-Out: 23.10 18:11:30,405| HBQ-In: 23.10 18:11:30,406| DQ-In: 23.10 18:11:30,710| C-In: 23.10 18:11:30,000|
lab29-17-<0.4601.0>-T3: Msg #2097, C-Out: 23.10 18:11:30,430| HBQ-In: 23.10 18:11:30,430| DQ-In: 23.10 18:11:30,710| C-In: 23.10 18:11:30,001|
Fehlernachricht fuer Luecke von 2098 bis 2104 C-In: 23.10 18:11:30,001|
lab29-11-<0.5067.0>-T3: Msg #2105, C-Out: 23.10 18:11:30,561| HBQ-In: 23.10 18:11:30,566| DQ-In: 23.10 18:11:30,711| C-In: 23.10 18:11:30,001|
lab29-6-<0.5440.0>-T3: Msg #2106, C-Out: 23.10 18:11:30,571| HBQ-In: 23.10 18:11:30,571| DQ-In: 23.10 18:11:30,711| C-In: 23.10 18:11:30,002|
lab29-1-<0.5818.0>-T3: Msg #2107, C-Out: 23.10 18:11:30,576| HBQ-In: 23.10 18:11:30,576| DQ-In: 23.10 18:11:30,711| C-In: 23.10 18:11:30,002|
lab29-31-<0.3480.0>-T3: Msg #2108, C-Out: 23.10 18:11:30,581| HBQ-In: 23.10 18:11:30,586| DQ-In: 23.10 18:11:30,711| C-In: 23.10 18:11:30,002|
lab29-36-<0.3048.0>-T3: Msg #2109, C-Out: 23.10 18:11:30,585| HBQ-In: 23.10 18:11:30,586| DQ-In: 23.10 18:11:30,711| C-In: 23.10 18:11:30,003|
lab29-26-<0.3898.0>-T3: Msg #2110, C-Out: 23.10 18:11:30,596| HBQ-In: 23.10 18:11:30,597| DQ-In: 23.10 18:11:30,711| C-In: 23.10 18:11:30,004|
Fehlernachricht fuer Luecke von 2111 bis 2112 C-In: 23.10 18:11:31,007|
lab29-21-<0.4291.0>-T3: Msg #2113, C-Out: 23.10 18:11:30,617| HBQ-In: 23.10 18:11:30,617| DQ-In: 23.10 18:11:30,804| C-In: 23.10 18:11:31,007|
lab29-16-<0.4681.0>-T3: Msg #2114, C-Out: 23.10 18:11:30,626| HBQ-In: 23.10 18:11:30,626| DQ-In: 23.10 18:11:30,804| C-In: 23.10 18:11:31,009|
Fehlernachricht fuer Luecke von 2115 bis 2122 C-In: 23.10 18:11:31,009|
lab29-35-<0.3134.0>-T3: Msg #2123, C-Out: 23.10 18:11:30,759| HBQ-In: 23.10 18:11:30,760| DQ-In: 23.10 18:11:30,806| C-In: 23.10 18:11:31,010|
Fehlernachricht fuer Luecke von 2124 bis 2124 C-In: 23.10 18:11:31,010|
lab29-10-<0.5112.0>-T3: Msg #2125, C-Out: 23.10 18:11:30,761| HBQ-In: 23.10 18:11:30,763| DQ-In: 23.10 18:11:30,811| C-In: 23.10 18:11:31,010|
lab29-5-<0.5513.0>-T3: Msg #2126, C-Out: 23.10 18:11:30,776| HBQ-In: 23.10 18:11:30,778| DQ-In: 23.10 18:11:30,811| C-In: 23.10 18:11:31,011|
Fehlernachricht fuer Luecke von 2127 bis 2128 C-In: 23.10 18:11:31,011|
lab29-25-<0.3973.0>-T3: Msg #2129, C-Out: 23.10 18:11:30,804| HBQ-In: 23.10 18:11:30,804| DQ-In: 23.10 18:11:30,969| C-In: 23.10 18:11:31,011|
lab29-15-<0.4762.0>-T3: Msg #2130, C-Out: 23.10 18:11:30,805| HBQ-In: 23.10 18:11:30,805| DQ-In: 23.10 18:11:30,969| C-In: 23.10 18:11:31,012|
lab29-20-<0.4365.0>-T3: Msg #2131, C-Out: 23.10 18:11:30,806| HBQ-In: 23.10 18:11:30,806| DQ-In: 23.10 18:11:30,969| C-In: 23.10 18:11:31,012|
lab29-30-<0.3559.0>-T3: Msg #2132, C-Out: 23.10 18:11:30,811| HBQ-In: 23.10 18:11:30,811| DQ-In: 23.10 18:11:30,969| C-In: 23.10 18:11:31,014|
ReceiveMsgs done
lab29-9-<0.5191.0>-T3: Msg #2262, C-Out: 23.10 18:11:32,016| gesendet
lab29-9-<0.5191.0>-T3: Msg #2345, C-Out: 23.10 18:11:33,021| gesendet
lab29-9-<0.5191.0>-T3: Msg #2432, C-Out: 23.10 18:11:34,022| gesendet
lab29-9-<0.5191.0>-T3: Msg #2502, C-Out: 23.10 18:11:35,025| gesendet
lab29-9-<0.5191.0>-T3: Msg #2599, C-Out: 23.10 18:11:36,027| gesendet
Neues Intervall: 1.5 Sekunden
Msg #2669 um 23.10 18:11:36,030| vergessen zu senden
lab29-53-<0.1650.0>-T3: Msg #2443, C-Out: 23.10 18:11:34,709| HBQ-In: 23.10 18:11:34,709| DQ-In: 23.10 18:11:34,767| C-In: 23.10 18:11:36,030|
lab29-8-<0.5273.0>-T3: Msg #2444, C-Out: 23.10 18:11:34,209| HBQ-In: 23.10 18:11:34,209| DQ-In: 23.10 18:11:34,767| C-In: 23.10 18:11:36,031|
lab29-18-<0.4519.0>-T3: Msg #2445, C-Out: 23.10 18:11:34,220| HBQ-In: 23.10 18:11:34,220| DQ-In: 23.10 18:11:34,767| C-In: 23.10 18:11:36,033|
Fehlernachricht fuer Luecke von 2446 bis 2446 C-In: 23.10 18:11:36,033|
lab29-3-<0.5663.0>-T3: Msg #2447, C-Out: 23.10 18:11:34,226| HBQ-In: 23.10 18:11:34,227| DQ-In: 23.10 18:11:34,778| C-In: 23.10 18:11:36,034|
lab29-23-<0.4130.0>-T3: Msg #2448, C-Out: 23.10 18:11:34,751| HBQ-In: 23.10 18:11:34,753| DQ-In: 23.10 18:11:34,778| C-In: 23.10 18:11:36,036|
lab29-13-<0.4921.0>-T3: Msg #2449, C-Out: 23.10 18:11:34,260| HBQ-In: 23.10 18:11:34,260| DQ-In: 23.10 18:11:34,778| C-In: 23.10 18:11:36,037|
lab29-38-<0.2880.0>-T3: Msg #2450, C-Out: 23.10 18:11:34,765| HBQ-In: 23.10 18:11:34,765| DQ-In: 23.10 18:11:34,778| C-In: 23.10 18:11:36,038|
Fehlernachricht fuer Luecke von 2451 bis 2456 C-In: 23.10 18:11:36,039|
lab29-7-<0.5358.0>-T3: Msg #2457, C-Out: 23.10 18:11:34,422| HBQ-In: 23.10 18:11:34,422| DQ-In: 23.10 18:11:34,782| C-In: 23.10 18:11:36,039|
Fehlernachricht fuer Luecke von 2458 bis 2458 C-In: 23.10 18:11:36,040|
lab29-2-<0.5741.0>-T3: Msg #2459, C-Out: 23.10 18:11:34,435| HBQ-In: 23.10 18:11:34,435| DQ-In: 23.10 18:11:34,786| C-In: 23.10 18:11:36,042|
lab29-12-<0.4991.0>-T3: Msg #2460, C-Out: 23.10 18:11:34,436| HBQ-In: 23.10 18:11:34,436| DQ-In: 23.10 18:11:34,786| C-In: 23.10 18:11:36,044|
lab29-17-<0.4601.0>-T3: Msg #2461, C-Out: 23.10 18:11:34,436| HBQ-In: 23.10 18:11:34,436| DQ-In: 23.10 18:11:34,786| C-In: 23.10 18:11:36,045|
Fehlernachricht fuer Luecke von 2462 bis 2471 C-In: 23.10 18:11:36,045|
lab29-6-<0.5440.0>-T3: Msg #2472, C-Out: 23.10 18:11:34,616| HBQ-In: 23.10 18:11:34,616| DQ-In: 23.10 18:11:34,828| C-In: 23.10 18:11:36,047|
Fehlernachricht fuer Luecke von 2473 bis 2473 C-In: 23.10 18:11:36,047|
lab29-11-<0.5067.0>-T3: Msg #2474, C-Out: 23.10 18:11:34,622| HBQ-In: 23.10 18:11:34,622| DQ-In: 23.10 18:11:34,838| C-In: 23.10 18:11:36,048|
Fehlernachricht fuer Luecke von 2475 bis 2475 C-In: 23.10 18:11:36,050|
lab29-16-<0.4681.0>-T3: Msg #2476, C-Out: 23.10 18:11:34,633| HBQ-In: 23.10 18:11:34,633| DQ-In: 23.10 18:11:35,012| C-In: 23.10 18:11:36,050|
Fehlernachricht fuer Luecke von 2477 bis 2478 C-In: 23.10 18:11:36,051|
lab29-1-<0.5818.0>-T3: Msg #2479, C-Out: 23.10 18:11:34,637| HBQ-In: 23.10 18:11:34,637| DQ-In: 23.10 18:11:35,025| C-In: 23.10 18:11:36,053|
Fehlernachricht fuer Luecke von 2480 bis 2486 C-In: 23.10 18:11:36,054|
lab29-15-<0.4762.0>-T3: Msg #2487, C-Out: 23.10 18:11:34,812| HBQ-In: 23.10 18:11:34,812| DQ-In: 23.10 18:11:35,025| C-In: 23.10 18:11:36,056|
Fehlernachricht fuer Luecke von 2488 bis 2489 C-In: 23.10 18:11:36,056|
lab29-5-<0.5513.0>-T3: Msg #2490, C-Out: 23.10 18:11:34,828| HBQ-In: 23.10 18:11:34,828| DQ-In: 23.10 18:11:35,211| C-In: 23.10 18:11:36,057|
lab29-10-<0.5112.0>-T3: Msg #2491, C-Out: 23.10 18:11:34,838| HBQ-In: 23.10 18:11:34,838| DQ-In: 23.10 18:11:35,211| C-In: 23.10 18:11:36,057|
Fehlernachricht fuer Luecke von 2492 bis 2499 C-In: 23.10 18:11:36,058|
lab29-4-<0.5587.0>-T3: Msg #2500, C-Out: 23.10 18:11:35,012| HBQ-In: 23.10 18:11:35,012| DQ-In: 23.10 18:11:35,270| C-In: 23.10 18:11:36,058|
Fehlernachricht fuer Luecke von 2501 bis 2501 C-In: 23.10 18:11:36,058|
lab29-9-<0.5191.0>-T3: Msg #2502, C-Out: 23.10 18:11:35,025| HBQ-In: 23.10 18:11:35,025| DQ-In: 23.10 18:11:35,423|******* C-In: 23.10 18:11:36,059|
Fehlernachricht fuer Luecke von 2503 bis 2503 C-In: 23.10 18:11:36,059|
lab29-14-<0.4846.0>-T3: Msg #2504, C-Out: 23.10 18:11:35,025| HBQ-In: 23.10 18:11:35,025| DQ-In: 23.10 18:11:35,436| C-In: 23.10 18:11:36,061|
Fehlernachricht fuer Luecke von 2505 bis 2514 C-In: 23.10 18:11:36,061|
lab29-8-<0.5273.0>-T3: Msg #2515, C-Out: 23.10 18:11:35,211| HBQ-In: 23.10 18:11:35,211| DQ-In: 23.10 18:11:35,441| C-In: 23.10 18:11:36,062|
Fehlernachricht fuer Luecke von 2516 bis 2518 C-In: 23.10 18:11:36,062|
lab29-3-<0.5663.0>-T3: Msg #2519, C-Out: 23.10 18:11:35,229| HBQ-In: 23.10 18:11:35,229| DQ-In: 23.10 18:11:35,618| C-In: 23.10 18:11:36,062|
Fehlernachricht fuer Luecke von 2520 bis 2521 C-In: 23.10 18:11:36,063|
lab29-13-<0.4921.0>-T3: Msg #2522, C-Out: 23.10 18:11:35,270| HBQ-In: 23.10 18:11:35,270| DQ-In: 23.10 18:11:35,625| C-In: 23.10 18:11:36,063|
Fehlernachricht fuer Luecke von 2523 bis 2528 C-In: 23.10 18:11:36,066|
lab29-7-<0.5358.0>-T3: Msg #2529, C-Out: 23.10 18:11:35,423| HBQ-In: 23.10 18:11:35,423| DQ-In: 23.10 18:11:35,641| C-In: 23.10 18:11:36,071|
Fehlernachricht fuer Luecke von 2530 bis 2531 C-In: 23.10 18:11:36,072|
lab29-2-<0.5741.0>-T3: Msg #2532, C-Out: 23.10 18:11:35,436| HBQ-In: 23.10 18:11:35,436| DQ-In: 23.10 18:11:35,829| C-In: 23.10 18:11:36,072|
lab29-12-<0.4991.0>-T3: Msg #2533, C-Out: 23.10 18:11:35,437| HBQ-In: 23.10 18:11:35,441| DQ-In: 23.10 18:11:35,829| C-In: 23.10 18:11:36,076|
Fehlernachricht fuer Luecke von 2534 bis 2536 C-In: 23.10 18:11:36,076|
lab29-17-<0.4601.0>-T3: Msg #2537, C-Out: 23.10 18:11:35,983| HBQ-In: 23.10 18:11:35,983| DQ-In: 23.10 18:11:35,983| C-In: 23.10 18:11:36,077|
Fehlernachricht fuer Luecke von 2538 bis 2544 C-In: 23.10 18:11:36,080|
lab29-6-<0.5440.0>-T3: Msg #2545, C-Out: 23.10 18:11:35,618| HBQ-In: 23.10 18:11:35,618| DQ-In: 23.10 18:11:36,015| C-In: 23.10 18:11:36,080|
Fehlernachricht fuer Luecke von 2546 bis 2546 C-In: 23.10 18:11:36,080|
lab29-11-<0.5067.0>-T3: Msg #2547, C-Out: 23.10 18:11:35,623| HBQ-In: 23.10 18:11:35,625| DQ-In: 23.10 18:11:36,028| C-In: 23.10 18:11:36,080|
ReceiveMsgs done
lab29-9-<0.5191.0>-T3: Msg #2673, C-Out: 23.10 18:11:37,584| gesendet
lab29-9-<0.5191.0>-T3: Msg #2780, C-Out: 23.10 18:11:39,085| gesendet
