lab29-31-<0.3480.0>-T3 C-Start: 23.10 18:11:21,529|
lab29-31-<0.3480.0>-T3: Msg #1343, C-Out: 23.10 18:11:22,530| gesendet
lab29-31-<0.3480.0>-T3: Msg #1418, C-Out: 23.10 18:11:23,531| gesendet
lab29-31-<0.3480.0>-T3: Msg #1521, C-Out: 23.10 18:11:24,532| gesendet
lab29-31-<0.3480.0>-T3: Msg #1605, C-Out: 23.10 18:11:25,533| gesendet
lab29-31-<0.3480.0>-T3: Msg #1696, C-Out: 23.10 18:11:26,534| gesendet
Neues Intervall: 1 Sekunden
Msg #1790 um 23.10 18:11:26,534| vergessen zu senden
lab29-67-<0.708.0>-T3: Msg #1597, C-Out: 23.10 18:11:25,883| HBQ-In: 23.10 18:11:25,883| DQ-In: 23.10 18:11:25,883| C-In: 23.10 18:11:26,534|
lab29-57-<0.1365.0>-T3: Msg #1598, C-Out: 23.10 18:11:25,384| HBQ-In: 23.10 18:11:25,384| DQ-In: 23.10 18:11:25,883| C-In: 23.10 18:11:26,538|
lab29-82-<0.153.0>-T3: Msg #1599, C-Out: 23.10 18:11:25,885| HBQ-In: 23.10 18:11:25,886| DQ-In: 23.10 18:11:25,886| C-In: 23.10 18:11:26,540|
lab29-89-<0.113.0>-T3: Msg #1600, C-Out: 23.10 18:11:25,937| HBQ-In: 23.10 18:11:25,937| DQ-In: 23.10 18:11:25,937| C-In: 23.10 18:11:26,541|
Fehlernachricht fuer Luecke von 1601 bis 1602 C-In: 23.10 18:11:26,542|
lab29-36-<0.3048.0>-T3: Msg #1603, C-Out: 23.10 18:11:25,533| HBQ-In: 23.10 18:11:25,533| DQ-In: 23.10 18:11:25,950| C-In: 23.10 18:11:26,542|
Fehlernachricht fuer Luecke von 1604 bis 1604 C-In: 23.10 18:11:26,542|
lab29-31-<0.3480.0>-T3: Msg #1605, C-Out: 23.10 18:11:25,533| HBQ-In: 23.10 18:11:25,533| DQ-In: 23.10 18:11:25,961|******* C-In: 23.10 18:11:26,543|
lab29-26-<0.3898.0>-T3: Msg #1606, C-Out: 23.10 18:11:25,543| HBQ-In: 23.10 18:11:25,543| DQ-In: 23.10 18:11:25,961| C-In: 23.10 18:11:26,543|
lab29-56-<0.1439.0>-T3: Msg #1607, C-Out: 23.10 18:11:25,550| HBQ-In: 23.10 18:11:25,550| DQ-In: 23.10 18:11:25,961| C-In: 23.10 18:11:26,544|
lab29-21-<0.4291.0>-T3: Msg #1608, C-Out: 23.10 18:11:25,550| HBQ-In: 23.10 18:11:25,550| DQ-In: 23.10 18:11:25,961| C-In: 23.10 18:11:26,544|
Fehlernachricht fuer Luecke von 1609 bis 1609 C-In: 23.10 18:11:26,544|
lab29-16-<0.4681.0>-T3: Msg #1610, C-Out: 23.10 18:11:25,550| HBQ-In: 23.10 18:11:25,550| DQ-In: 23.10 18:11:26,052| C-In: 23.10 18:11:26,546|
lab29-81-<0.159.0>-T3: Msg #1611, C-Out: 23.10 18:11:26,050| HBQ-In: 23.10 18:11:26,051| DQ-In: 23.10 18:11:26,052| C-In: 23.10 18:11:26,546|
lab29-46-<0.2213.0>-T3: Msg #1612, C-Out: 23.10 18:11:25,552| HBQ-In: 23.10 18:11:25,554| DQ-In: 23.10 18:11:26,052| C-In: 23.10 18:11:26,547|
lab29-51-<0.1789.0>-T3: Msg #1613, C-Out: 23.10 18:11:25,572| HBQ-In: 23.10 18:11:25,573| DQ-In: 23.10 18:11:26,052| C-In: 23.10 18:11:26,547|
lab29-61-<0.1100.0>-T3: Msg #1614, C-Out: 23.10 18:11:25,576| HBQ-In: 23.10 18:11:25,576| DQ-In: 23.10 18:11:26,052| C-In: 23.10 18:11:26,547|
Fehlernachricht fuer Luecke von 1615 bis 1619 C-In: 23.10 18:11:26,548|
lab29-41-<0.2632.0>-T3: Msg #1620, C-Out: 23.10 18:11:25,594| HBQ-In: 23.10 18:11:25,596| DQ-In: 23.10 18:11:26,146| C-In: 23.10 18:11:26,548|
lab29-66-<0.743.0>-T3: Msg #1621, C-Out: 23.10 18:11:26,097| HBQ-In: 23.10 18:11:26,098| DQ-In: 23.10 18:11:26,146| C-In: 23.10 18:11:26,548|
lab29-96-<0.84.0>-T3: Msg #1622, C-Out: 23.10 18:11:26,136| HBQ-In: 23.10 18:11:26,138| DQ-In: 23.10 18:11:26,146| C-In: 23.10 18:11:26,549|
Fehlernachricht fuer Luecke von 1623 bis 1626 C-In: 23.10 18:11:26,549|
lab29-35-<0.3134.0>-T3: Msg #1627, C-Out: 23.10 18:11:25,731| HBQ-In: 23.10 18:11:25,731| DQ-In: 23.10 18:11:26,152| C-In: 23.10 18:11:26,549|
lab29-30-<0.3559.0>-T3: Msg #1628, C-Out: 23.10 18:11:25,742| HBQ-In: 23.10 18:11:25,742| DQ-In: 23.10 18:11:26,152| C-In: 23.10 18:11:26,550|
lab29-60-<0.1170.0>-T3: Msg #1629, C-Out: 23.10 18:11:25,747| HBQ-In: 23.10 18:11:25,747| DQ-In: 23.10 18:11:26,152| C-In: 23.10 18:11:26,550|
lab29-25-<0.3973.0>-T3: Msg #1630, C-Out: 23.10 18:11:25,747| HBQ-In: 23.10 18:11:25,747| DQ-In: 23.10 18:11:26,152| C-In: 23.10 18:11:26,550|
lab29-20-<0.4365.0>-T3: Msg #1631, C-Out: 23.10 18:11:25,747| HBQ-In: 23.10 18:11:25,747| DQ-In: 23.10 18:11:26,152| C-In: 23.10 18:11:26,551|
lab29-15-<0.4762.0>-T3: Msg #1632, C-Out: 23.10 18:11:25,750| HBQ-In: 23.10 18:11:25,750| DQ-In: 23.10 18:11:26,152| C-In: 23.10 18:11:26,551|
lab29-40-<0.2707.0>-T3: Msg #1633, C-Out: 23.10 18:11:25,760| HBQ-In: 23.10 18:11:25,761| DQ-In: 23.10 18:11:26,152| C-In: 23.10 18:11:26,551|
lab29-65-<0.819.0>-T3: Msg #1634, C-Out: 23.10 18:11:26,261| HBQ-In: 23.10 18:11:26,262| DQ-In: 23.10 18:11:26,262| C-In: 23.10 18:11:26,552|
lab29-45-<0.2293.0>-T3: Msg #1635, C-Out: 23.10 18:11:25,767| HBQ-In: 23.10 18:11:25,769| DQ-In: 23.10 18:11:26,262| C-In: 23.10 18:11:26,552|
lab29-55-<0.1513.0>-T3: Msg #1636, C-Out: 23.10 18:11:25,771| HBQ-In: 23.10 18:11:25,771| DQ-In: 23.10 18:11:26,262| C-In: 23.10 18:11:26,552|
lab29-50-<0.1864.0>-T3: Msg #1637, C-Out: 23.10 18:11:25,807| HBQ-In: 23.10 18:11:25,807| DQ-In: 23.10 18:11:26,262| C-In: 23.10 18:11:26,553|
lab29-80-<0.164.0>-T3: Msg #1638, C-Out: 23.10 18:11:26,321| HBQ-In: 23.10 18:11:26,321| DQ-In: 23.10 18:11:26,321| C-In: 23.10 18:11:26,553|
lab29-95-<0.87.0>-T3: Msg #1639, C-Out: 23.10 18:11:26,340| HBQ-In: 23.10 18:11:26,340| DQ-In: 23.10 18:11:26,340| C-In: 23.10 18:11:26,554|
lab29-87-<0.123.0>-T3: Msg #1640, C-Out: 23.10 18:11:26,371| HBQ-In: 23.10 18:11:26,371| DQ-In: 23.10 18:11:26,371| C-In: 23.10 18:11:26,554|
Fehlernachricht fuer Luecke von 1641 bis 1642 C-In: 23.10 18:11:26,554|
lab29-34-<0.3220.0>-T3: Msg #1643, C-Out: 23.10 18:11:25,935| HBQ-In: 23.10 18:11:25,935| DQ-In: 23.10 18:11:26,379| C-In: 23.10 18:11:26,555|
Fehlernachricht fuer Luecke von 1644 bis 1644 C-In: 23.10 18:11:26,556|
lab29-24-<0.4051.0>-T3: Msg #1645, C-Out: 23.10 18:11:25,943| HBQ-In: 23.10 18:11:25,943| DQ-In: 23.10 18:11:26,379| C-In: 23.10 18:11:26,556|
lab29-29-<0.3641.0>-T3: Msg #1646, C-Out: 23.10 18:11:25,943| HBQ-In: 23.10 18:11:25,943| DQ-In: 23.10 18:11:26,379| C-In: 23.10 18:11:26,556|
lab29-59-<0.1234.0>-T3: Msg #1647, C-Out: 23.10 18:11:25,947| HBQ-In: 23.10 18:11:25,948| DQ-In: 23.10 18:11:26,379| C-In: 23.10 18:11:26,557|
lab29-19-<0.4442.0>-T3: Msg #1648, C-Out: 23.10 18:11:25,947| HBQ-In: 23.10 18:11:25,948| DQ-In: 23.10 18:11:26,379| C-In: 23.10 18:11:26,557|
lab29-14-<0.4846.0>-T3: Msg #1649, C-Out: 23.10 18:11:25,950| HBQ-In: 23.10 18:11:25,950| DQ-In: 23.10 18:11:26,379| C-In: 23.10 18:11:26,560|
lab29-39-<0.2795.0>-T3: Msg #1650, C-Out: 23.10 18:11:25,960| HBQ-In: 23.10 18:11:25,961| DQ-In: 23.10 18:11:26,379| C-In: 23.10 18:11:26,562|
lab29-64-<0.899.0>-T3: Msg #1651, C-Out: 23.10 18:11:26,459| HBQ-In: 23.10 18:11:26,460| DQ-In: 23.10 18:11:26,460| C-In: 23.10 18:11:26,563|
lab29-49-<0.1950.0>-T3: Msg #1652, C-Out: 23.10 18:11:25,961| HBQ-In: 23.10 18:11:25,961| DQ-In: 23.10 18:11:26,460| C-In: 23.10 18:11:26,565|
lab29-44-<0.2376.0>-T3: Msg #1653, C-Out: 23.10 18:11:25,965| HBQ-In: 23.10 18:11:25,966| DQ-In: 23.10 18:11:26,460| C-In: 23.10 18:11:26,565|
lab29-54-<0.1586.0>-T3: Msg #1654, C-Out: 23.10 18:11:25,970| HBQ-In: 23.10 18:11:25,971| DQ-In: 23.10 18:11:26,460| C-In: 23.10 18:11:26,566|
lab29-79-<0.173.0>-T3: Msg #1655, C-Out: 23.10 18:11:26,512| HBQ-In: 23.10 18:11:26,512| DQ-In: 23.10 18:11:26,512| C-In: 23.10 18:11:26,568|
lab29-94-<0.91.0>-T3: Msg #1656, C-Out: 23.10 18:11:26,550| HBQ-In: 23.10 18:11:26,550| DQ-In: 23.10 18:11:26,550| C-In: 23.10 18:11:26,568|
Fehlernachricht fuer Luecke von 1657 bis 1657 C-In: 23.10 18:11:26,568|
lab29-33-<0.3306.0>-T3: Msg #1658, C-Out: 23.10 18:11:26,136| HBQ-In: 23.10 18:11:26,138| DQ-In: 23.10 18:11:26,555| C-In: 23.10 18:11:26,569|
Fehlernachricht fuer Luecke von 1659 bis 1659 C-In: 23.10 18:11:26,569|
lab29-28-<0.3729.0>-T3: Msg #1660, C-Out: 23.10 18:11:26,139| HBQ-In: 23.10 18:11:26,140| DQ-In: 23.10 18:11:26,555| C-In: 23.10 18:11:26,569|
lab29-23-<0.4130.0>-T3: Msg #1661, C-Out: 23.10 18:11:26,146| HBQ-In: 23.10 18:11:26,146| DQ-In: 23.10 18:11:26,555| C-In: 23.10 18:11:26,570|
lab29-53-<0.1650.0>-T3: Msg #1662, C-Out: 23.10 18:11:26,150| HBQ-In: 23.10 18:11:26,150| DQ-In: 23.10 18:11:26,555| C-In: 23.10 18:11:26,570|
lab29-18-<0.4519.0>-T3: Msg #1663, C-Out: 23.10 18:11:26,150| HBQ-In: 23.10 18:11:26,150| DQ-In: 23.10 18:11:26,555| C-In: 23.10 18:11:26,571|
lab29-13-<0.4921.0>-T3: Msg #1664, C-Out: 23.10 18:11:26,151| HBQ-In: 23.10 18:11:26,152| DQ-In: 23.10 18:11:26,555| C-In: 23.10 18:11:26,571|
ReceiveMsgs done
lab29-31-<0.3480.0>-T3: Msg #1799, C-Out: 23.10 18:11:27,572| gesendet
lab29-31-<0.3480.0>-T3: Msg #1920, C-Out: 23.10 18:11:28,575| gesendet
lab29-31-<0.3480.0>-T3: Msg #2014, C-Out: 23.10 18:11:29,578| gesendet
lab29-31-<0.3480.0>-T3: Msg #2108, C-Out: 23.10 18:11:30,581| gesendet
lab29-31-<0.3480.0>-T3: Msg #2198, C-Out: 23.10 18:11:31,587| gesendet
Neues Intervall: 1.5 Sekunden
Msg #2307 um 23.10 18:11:31,587| vergessen zu senden
lab29-6-<0.5440.0>-T3: Msg #2106, C-Out: 23.10 18:11:30,571| HBQ-In: 23.10 18:11:30,571| DQ-In: 23.10 18:11:30,711| C-In: 23.10 18:11:31,588|
lab29-1-<0.5818.0>-T3: Msg #2107, C-Out: 23.10 18:11:30,576| HBQ-In: 23.10 18:11:30,576| DQ-In: 23.10 18:11:30,711| C-In: 23.10 18:11:31,588|
lab29-31-<0.3480.0>-T3: Msg #2108, C-Out: 23.10 18:11:30,581| HBQ-In: 23.10 18:11:30,586| DQ-In: 23.10 18:11:30,711|******* C-In: 23.10 18:11:31,588|
lab29-36-<0.3048.0>-T3: Msg #2109, C-Out: 23.10 18:11:30,585| HBQ-In: 23.10 18:11:30,586| DQ-In: 23.10 18:11:30,711| C-In: 23.10 18:11:31,589|
lab29-26-<0.3898.0>-T3: Msg #2110, C-Out: 23.10 18:11:30,596| HBQ-In: 23.10 18:11:30,597| DQ-In: 23.10 18:11:30,711| C-In: 23.10 18:11:31,589|
Fehlernachricht fuer Luecke von 2111 bis 2112 C-In: 23.10 18:11:31,592|
lab29-21-<0.4291.0>-T3: Msg #2113, C-Out: 23.10 18:11:30,617| HBQ-In: 23.10 18:11:30,617| DQ-In: 23.10 18:11:30,804| C-In: 23.10 18:11:31,592|
lab29-16-<0.4681.0>-T3: Msg #2114, C-Out: 23.10 18:11:30,626| HBQ-In: 23.10 18:11:30,626| DQ-In: 23.10 18:11:30,804| C-In: 23.10 18:11:31,592|
Fehlernachricht fuer Luecke von 2115 bis 2122 C-In: 23.10 18:11:31,593|
lab29-35-<0.3134.0>-T3: Msg #2123, C-Out: 23.10 18:11:30,759| HBQ-In: 23.10 18:11:30,760| DQ-In: 23.10 18:11:30,806| C-In: 23.10 18:11:31,593|
Fehlernachricht fuer Luecke von 2124 bis 2124 C-In: 23.10 18:11:31,593|
lab29-10-<0.5112.0>-T3: Msg #2125, C-Out: 23.10 18:11:30,761| HBQ-In: 23.10 18:11:30,763| DQ-In: 23.10 18:11:30,811| C-In: 23.10 18:11:31,594|
lab29-5-<0.5513.0>-T3: Msg #2126, C-Out: 23.10 18:11:30,776| HBQ-In: 23.10 18:11:30,778| DQ-In: 23.10 18:11:30,811| C-In: 23.10 18:11:31,594|
Fehlernachricht fuer Luecke von 2127 bis 2128 C-In: 23.10 18:11:31,594|
lab29-25-<0.3973.0>-T3: Msg #2129, C-Out: 23.10 18:11:30,804| HBQ-In: 23.10 18:11:30,804| DQ-In: 23.10 18:11:30,969| C-In: 23.10 18:11:31,595|
lab29-15-<0.4762.0>-T3: Msg #2130, C-Out: 23.10 18:11:30,805| HBQ-In: 23.10 18:11:30,805| DQ-In: 23.10 18:11:30,969| C-In: 23.10 18:11:31,595|
lab29-20-<0.4365.0>-T3: Msg #2131, C-Out: 23.10 18:11:30,806| HBQ-In: 23.10 18:11:30,806| DQ-In: 23.10 18:11:30,969| C-In: 23.10 18:11:31,595|
lab29-30-<0.3559.0>-T3: Msg #2132, C-Out: 23.10 18:11:30,811| HBQ-In: 23.10 18:11:30,811| DQ-In: 23.10 18:11:30,969| C-In: 23.10 18:11:31,596|
Fehlernachricht fuer Luecke von 2133 bis 2139 C-In: 23.10 18:11:31,596|
lab29-9-<0.5191.0>-T3: Msg #2140, C-Out: 23.10 18:11:30,964| HBQ-In: 23.10 18:11:30,964| DQ-In: 23.10 18:11:31,017| C-In: 23.10 18:11:31,596|
lab29-4-<0.5587.0>-T3: Msg #2141, C-Out: 23.10 18:11:30,969| HBQ-In: 23.10 18:11:30,969| DQ-In: 23.10 18:11:31,017| C-In: 23.10 18:11:31,597|
Fehlernachricht fuer Luecke von 2142 bis 2143 C-In: 23.10 18:11:31,597|
lab29-24-<0.4051.0>-T3: Msg #2144, C-Out: 23.10 18:11:30,977| HBQ-In: 23.10 18:11:30,977| DQ-In: 23.10 18:11:31,171| C-In: 23.10 18:11:31,598|
lab29-34-<0.3220.0>-T3: Msg #2145, C-Out: 23.10 18:11:30,983| HBQ-In: 23.10 18:11:30,983| DQ-In: 23.10 18:11:31,171| C-In: 23.10 18:11:31,599|
Fehlernachricht fuer Luecke von 2146 bis 2147 C-In: 23.10 18:11:31,601|
lab29-29-<0.3641.0>-T3: Msg #2148, C-Out: 23.10 18:11:30,997| HBQ-In: 23.10 18:11:30,998| DQ-In: 23.10 18:11:31,192| C-In: 23.10 18:11:31,601|
lab29-19-<0.4442.0>-T3: Msg #2149, C-Out: 23.10 18:11:31,017| HBQ-In: 23.10 18:11:31,018| DQ-In: 23.10 18:11:31,192| C-In: 23.10 18:11:31,602|
lab29-14-<0.4846.0>-T3: Msg #2150, C-Out: 23.10 18:11:31,017| HBQ-In: 23.10 18:11:31,017| DQ-In: 23.10 18:11:31,192| C-In: 23.10 18:11:31,602|
Fehlernachricht fuer Luecke von 2151 bis 2158 C-In: 23.10 18:11:31,602|
lab29-8-<0.5273.0>-T3: Msg #2159, C-Out: 23.10 18:11:31,170| HBQ-In: 23.10 18:11:31,171| DQ-In: 23.10 18:11:31,212| C-In: 23.10 18:11:31,610|
Fehlernachricht fuer Luecke von 2160 bis 2160 C-In: 23.10 18:11:31,610|
lab29-3-<0.5663.0>-T3: Msg #2161, C-Out: 23.10 18:11:31,170| HBQ-In: 23.10 18:11:31,171| DQ-In: 23.10 18:11:31,253| C-In: 23.10 18:11:31,611|
lab29-33-<0.3306.0>-T3: Msg #2162, C-Out: 23.10 18:11:31,192| HBQ-In: 23.10 18:11:31,192| DQ-In: 23.10 18:11:31,253| C-In: 23.10 18:11:31,611|
lab29-23-<0.4130.0>-T3: Msg #2163, C-Out: 23.10 18:11:31,192| HBQ-In: 23.10 18:11:31,192| DQ-In: 23.10 18:11:31,253| C-In: 23.10 18:11:31,612|
Fehlernachricht fuer Luecke von 2164 bis 2164 C-In: 23.10 18:11:31,612|
lab29-28-<0.3729.0>-T3: Msg #2165, C-Out: 23.10 18:11:31,203| HBQ-In: 23.10 18:11:31,203| DQ-In: 23.10 18:11:31,382| C-In: 23.10 18:11:31,612|
lab29-18-<0.4519.0>-T3: Msg #2166, C-Out: 23.10 18:11:31,212| HBQ-In: 23.10 18:11:31,212| DQ-In: 23.10 18:11:31,382| C-In: 23.10 18:11:31,613|
Fehlernachricht fuer Luecke von 2167 bis 2169 C-In: 23.10 18:11:31,613|
lab29-13-<0.4921.0>-T3: Msg #2170, C-Out: 23.10 18:11:31,253| HBQ-In: 23.10 18:11:31,253| DQ-In: 23.10 18:11:31,411| C-In: 23.10 18:11:31,614|
Fehlernachricht fuer Luecke von 2171 bis 2174 C-In: 23.10 18:11:31,614|
lab29-7-<0.5358.0>-T3: Msg #2175, C-Out: 23.10 18:11:31,368| HBQ-In: 23.10 18:11:31,368| DQ-In: 23.10 18:11:31,432| C-In: 23.10 18:11:31,614|
lab29-2-<0.5741.0>-T3: Msg #2176, C-Out: 23.10 18:11:31,377| HBQ-In: 23.10 18:11:31,378| DQ-In: 23.10 18:11:31,432| C-In: 23.10 18:11:31,615|
Fehlernachricht fuer Luecke von 2177 bis 2177 C-In: 23.10 18:11:31,615|
lab29-32-<0.3394.0>-T3: Msg #2178, C-Out: 23.10 18:11:31,382| HBQ-In: 23.10 18:11:31,382| DQ-In: 23.10 18:11:31,572| C-In: 23.10 18:11:31,616|
Fehlernachricht fuer Luecke von 2179 bis 2180 C-In: 23.10 18:11:31,618|
lab29-27-<0.3815.0>-T3: Msg #2181, C-Out: 23.10 18:11:31,404| HBQ-In: 23.10 18:11:31,404| DQ-In: 23.10 18:11:31,582| C-In: 23.10 18:11:31,618|
Fehlernachricht fuer Luecke von 2182 bis 2182 C-In: 23.10 18:11:31,619|
lab29-22-<0.4210.0>-T3: Msg #2183, C-Out: 23.10 18:11:31,410| HBQ-In: 23.10 18:11:31,411| DQ-In: 23.10 18:11:31,587| C-In: 23.10 18:11:31,619|
lab29-17-<0.4601.0>-T3: Msg #2184, C-Out: 23.10 18:11:31,432| HBQ-In: 23.10 18:11:31,432| DQ-In: 23.10 18:11:31,587| C-In: 23.10 18:11:31,620|
lab29-12-<0.4991.0>-T3: Msg #2185, C-Out: 23.10 18:11:31,432| HBQ-In: 23.10 18:11:31,432| DQ-In: 23.10 18:11:31,587| C-In: 23.10 18:11:31,621|
Fehlernachricht fuer Luecke von 2186 bis 2195 C-In: 23.10 18:11:31,621|
lab29-6-<0.5440.0>-T3: Msg #2196, C-Out: 23.10 18:11:31,572| HBQ-In: 23.10 18:11:31,572| DQ-In: 23.10 18:11:31,619| C-In: 23.10 18:11:31,622|
lab29-1-<0.5818.0>-T3: Msg #2197, C-Out: 23.10 18:11:31,582| HBQ-In: 23.10 18:11:31,582| DQ-In: 23.10 18:11:31,619| C-In: 23.10 18:11:31,622|
lab29-31-<0.3480.0>-T3: Msg #2198, C-Out: 23.10 18:11:31,587| HBQ-In: 23.10 18:11:31,587| DQ-In: 23.10 18:11:31,619|******* C-In: 23.10 18:11:31,623|
ReceiveMsgs done
lab29-31-<0.3480.0>-T3: Msg #2313, C-Out: 23.10 18:11:33,124| gesendet
lab29-31-<0.3480.0>-T3: Msg #2437, C-Out: 23.10 18:11:34,625| gesendet
lab29-31-<0.3480.0>-T3: Msg #2548, C-Out: 23.10 18:11:36,126| gesendet
lab29-31-<0.3480.0>-T3: Msg #2675, C-Out: 23.10 18:11:37,628| gesendet
lab29-31-<0.3480.0>-T3: Msg #2782, C-Out: 23.10 18:11:39,129| gesendet
Neues Intervall: 2.25 Sekunden
