lab29-49-<0.1950.0>-T3 C-Start: 23.10 18:11:17,906|
lab29-49-<0.1950.0>-T3: Msg #1064, C-Out: 23.10 18:11:18,908| gesendet
lab29-49-<0.1950.0>-T3: Msg #1153, C-Out: 23.10 18:11:19,909| gesendet
lab29-49-<0.1950.0>-T3: Msg #1220, C-Out: 23.10 18:11:20,910| gesendet
lab29-49-<0.1950.0>-T3: Msg #1295, C-Out: 23.10 18:11:21,911| gesendet
lab29-49-<0.1950.0>-T3: Msg #1368, C-Out: 23.10 18:11:22,912| gesendet
Neues Intervall: 1 Sekunden
Msg #1470 um 23.10 18:11:22,912| vergessen zu senden
lab29-74-<0.266.0>-T3: Msg #1304, C-Out: 23.10 18:11:21,969| HBQ-In: 23.10 18:11:21,969| DQ-In: 23.10 18:11:22,441| C-In: 23.10 18:11:22,912|
lab29-99-<0.49.0>-T3: Msg #1305, C-Out: 23.10 18:11:22,484| HBQ-In: 23.10 18:11:22,484| DQ-In: 23.10 18:11:22,484| C-In: 23.10 18:11:22,913|
Fehlernachricht fuer Luecke von 1306 bis 1307 C-In: 23.10 18:11:22,913|
lab29-53-<0.1650.0>-T3: Msg #1308, C-Out: 23.10 18:11:22,109| HBQ-In: 23.10 18:11:22,110| DQ-In: 23.10 18:11:22,540| C-In: 23.10 18:11:22,913|
lab29-43-<0.2458.0>-T3: Msg #1309, C-Out: 23.10 18:11:22,123| HBQ-In: 23.10 18:11:22,123| DQ-In: 23.10 18:11:22,540| C-In: 23.10 18:11:22,915|
lab29-48-<0.2035.0>-T3: Msg #1310, C-Out: 23.10 18:11:22,123| HBQ-In: 23.10 18:11:22,123| DQ-In: 23.10 18:11:22,540| C-In: 23.10 18:11:22,918|
Fehlernachricht fuer Luecke von 1311 bis 1311 C-In: 23.10 18:11:22,918|
lab29-78-<0.180.0>-T3: Msg #1312, C-Out: 23.10 18:11:22,126| HBQ-In: 23.10 18:11:22,126| DQ-In: 23.10 18:11:22,570| C-In: 23.10 18:11:22,918|
lab29-33-<0.3306.0>-T3: Msg #1313, C-Out: 23.10 18:11:22,128| HBQ-In: 23.10 18:11:22,129| DQ-In: 23.10 18:11:22,570| C-In: 23.10 18:11:22,919|
lab29-73-<0.332.0>-T3: Msg #1314, C-Out: 23.10 18:11:22,131| HBQ-In: 23.10 18:11:22,131| DQ-In: 23.10 18:11:22,570| C-In: 23.10 18:11:22,919|
lab29-38-<0.2880.0>-T3: Msg #1315, C-Out: 23.10 18:11:22,131| HBQ-In: 23.10 18:11:22,131| DQ-In: 23.10 18:11:22,570| C-In: 23.10 18:11:22,919|
lab29-68-<0.633.0>-T3: Msg #1316, C-Out: 23.10 18:11:22,136| HBQ-In: 23.10 18:11:22,136| DQ-In: 23.10 18:11:22,570| C-In: 23.10 18:11:22,920|
lab29-63-<0.983.0>-T3: Msg #1317, C-Out: 23.10 18:11:22,148| HBQ-In: 23.10 18:11:22,148| DQ-In: 23.10 18:11:22,570| C-In: 23.10 18:11:22,920|
lab29-58-<0.1296.0>-T3: Msg #1318, C-Out: 23.10 18:11:22,151| HBQ-In: 23.10 18:11:22,151| DQ-In: 23.10 18:11:22,570| C-In: 23.10 18:11:22,920|
Fehlernachricht fuer Luecke von 1319 bis 1322 C-In: 23.10 18:11:22,921|
lab29-52-<0.1713.0>-T3: Msg #1323, C-Out: 23.10 18:11:22,323| HBQ-In: 23.10 18:11:22,323| DQ-In: 23.10 18:11:22,577| C-In: 23.10 18:11:22,923|
lab29-47-<0.2127.0>-T3: Msg #1324, C-Out: 23.10 18:11:22,323| HBQ-In: 23.10 18:11:22,323| DQ-In: 23.10 18:11:22,577| C-In: 23.10 18:11:22,926|
Fehlernachricht fuer Luecke von 1325 bis 1325 C-In: 23.10 18:11:22,926|
lab29-42-<0.2545.0>-T3: Msg #1326, C-Out: 23.10 18:11:22,328| HBQ-In: 23.10 18:11:22,328| DQ-In: 23.10 18:11:22,581| C-In: 23.10 18:11:22,926|
lab29-37-<0.2967.0>-T3: Msg #1327, C-Out: 23.10 18:11:22,328| HBQ-In: 23.10 18:11:22,328| DQ-In: 23.10 18:11:22,581| C-In: 23.10 18:11:22,927|
lab29-32-<0.3394.0>-T3: Msg #1328, C-Out: 23.10 18:11:22,329| HBQ-In: 23.10 18:11:22,329| DQ-In: 23.10 18:11:22,581| C-In: 23.10 18:11:22,927|
lab29-72-<0.396.0>-T3: Msg #1329, C-Out: 23.10 18:11:22,332| HBQ-In: 23.10 18:11:22,332| DQ-In: 23.10 18:11:22,581| C-In: 23.10 18:11:22,927|
lab29-67-<0.708.0>-T3: Msg #1330, C-Out: 23.10 18:11:22,343| HBQ-In: 23.10 18:11:22,343| DQ-In: 23.10 18:11:22,581| C-In: 23.10 18:11:22,927|
lab29-62-<0.1043.0>-T3: Msg #1331, C-Out: 23.10 18:11:22,347| HBQ-In: 23.10 18:11:22,347| DQ-In: 23.10 18:11:22,581| C-In: 23.10 18:11:22,930|
lab29-57-<0.1365.0>-T3: Msg #1332, C-Out: 23.10 18:11:22,379| HBQ-In: 23.10 18:11:22,380| DQ-In: 23.10 18:11:22,581| C-In: 23.10 18:11:22,930|
Fehlernachricht fuer Luecke von 1333 bis 1333 C-In: 23.10 18:11:22,931|
lab29-77-<0.187.0>-T3: Msg #1334, C-Out: 23.10 18:11:22,388| HBQ-In: 23.10 18:11:22,389| DQ-In: 23.10 18:11:22,584| C-In: 23.10 18:11:22,931|
Fehlernachricht fuer Luecke von 1335 bis 1337 C-In: 23.10 18:11:22,931|
lab29-51-<0.1789.0>-T3: Msg #1338, C-Out: 23.10 18:11:22,517| HBQ-In: 23.10 18:11:22,517| DQ-In: 23.10 18:11:22,585| C-In: 23.10 18:11:22,932|
lab29-46-<0.2213.0>-T3: Msg #1339, C-Out: 23.10 18:11:22,517| HBQ-In: 23.10 18:11:22,517| DQ-In: 23.10 18:11:22,585| C-In: 23.10 18:11:22,932|
Fehlernachricht fuer Luecke von 1340 bis 1340 C-In: 23.10 18:11:22,932|
lab29-41-<0.2632.0>-T3: Msg #1341, C-Out: 23.10 18:11:22,528| HBQ-In: 23.10 18:11:22,529| DQ-In: 23.10 18:11:22,586| C-In: 23.10 18:11:22,932|
lab29-36-<0.3048.0>-T3: Msg #1342, C-Out: 23.10 18:11:22,528| HBQ-In: 23.10 18:11:22,529| DQ-In: 23.10 18:11:22,586| C-In: 23.10 18:11:22,933|
lab29-31-<0.3480.0>-T3: Msg #1343, C-Out: 23.10 18:11:22,530| HBQ-In: 23.10 18:11:22,530| DQ-In: 23.10 18:11:22,586| C-In: 23.10 18:11:22,933|
lab29-66-<0.743.0>-T3: Msg #1344, C-Out: 23.10 18:11:22,540| HBQ-In: 23.10 18:11:22,540| DQ-In: 23.10 18:11:22,586| C-In: 23.10 18:11:22,933|
lab29-56-<0.1439.0>-T3: Msg #1345, C-Out: 23.10 18:11:22,545| HBQ-In: 23.10 18:11:22,545| DQ-In: 23.10 18:11:22,586| C-In: 23.10 18:11:22,934|
Fehlernachricht fuer Luecke von 1346 bis 1346 C-In: 23.10 18:11:22,934|
lab29-61-<0.1100.0>-T3: Msg #1347, C-Out: 23.10 18:11:22,570| HBQ-In: 23.10 18:11:22,570| DQ-In: 23.10 18:11:22,719| C-In: 23.10 18:11:22,936|
lab29-76-<0.194.0>-T3: Msg #1348, C-Out: 23.10 18:11:22,591| HBQ-In: 23.10 18:11:22,592| DQ-In: 23.10 18:11:22,719| C-In: 23.10 18:11:22,936|
lab29-71-<0.461.0>-T3: Msg #1349, C-Out: 23.10 18:11:22,614| HBQ-In: 23.10 18:11:22,614| DQ-In: 23.10 18:11:22,719| C-In: 23.10 18:11:22,937|
Fehlernachricht fuer Luecke von 1350 bis 1351 C-In: 23.10 18:11:22,937|
lab29-50-<0.1864.0>-T3: Msg #1352, C-Out: 23.10 18:11:22,712| HBQ-In: 23.10 18:11:22,713| DQ-In: 23.10 18:11:22,726| C-In: 23.10 18:11:22,937|
Fehlernachricht fuer Luecke von 1353 bis 1353 C-In: 23.10 18:11:22,938|
lab29-45-<0.2293.0>-T3: Msg #1354, C-Out: 23.10 18:11:22,718| HBQ-In: 23.10 18:11:22,719| DQ-In: 23.10 18:11:22,736| C-In: 23.10 18:11:22,938|
lab29-70-<0.519.0>-T3: Msg #1355, C-Out: 23.10 18:11:22,718| HBQ-In: 23.10 18:11:22,719| DQ-In: 23.10 18:11:22,736| C-In: 23.10 18:11:22,938|
lab29-40-<0.2707.0>-T3: Msg #1356, C-Out: 23.10 18:11:22,722| HBQ-In: 23.10 18:11:22,723| DQ-In: 23.10 18:11:22,736| C-In: 23.10 18:11:22,939|
lab29-35-<0.3134.0>-T3: Msg #1357, C-Out: 23.10 18:11:22,726| HBQ-In: 23.10 18:11:22,726| DQ-In: 23.10 18:11:22,736| C-In: 23.10 18:11:22,939|
lab29-65-<0.819.0>-T3: Msg #1358, C-Out: 23.10 18:11:22,726| HBQ-In: 23.10 18:11:22,726| DQ-In: 23.10 18:11:22,736| C-In: 23.10 18:11:22,941|
lab29-30-<0.3559.0>-T3: Msg #1359, C-Out: 23.10 18:11:22,736| HBQ-In: 23.10 18:11:22,736| DQ-In: 23.10 18:11:22,736| C-In: 23.10 18:11:22,942|
lab29-60-<0.1170.0>-T3: Msg #1360, C-Out: 23.10 18:11:22,740| HBQ-In: 23.10 18:11:22,741| DQ-In: 23.10 18:11:22,741| C-In: 23.10 18:11:22,942|
Fehlernachricht fuer Luecke von 1361 bis 1361 C-In: 23.10 18:11:22,942|
lab29-55-<0.1513.0>-T3: Msg #1362, C-Out: 23.10 18:11:22,766| HBQ-In: 23.10 18:11:22,766| DQ-In: 23.10 18:11:22,930| C-In: 23.10 18:11:22,943|
lab29-75-<0.200.0>-T3: Msg #1363, C-Out: 23.10 18:11:22,789| HBQ-In: 23.10 18:11:22,792| DQ-In: 23.10 18:11:22,930| C-In: 23.10 18:11:22,943|
Fehlernachricht fuer Luecke von 1364 bis 1367 C-In: 23.10 18:11:22,943|
lab29-49-<0.1950.0>-T3: Msg #1368, C-Out: 23.10 18:11:22,912| HBQ-In: 23.10 18:11:22,912| DQ-In: 23.10 18:11:22,933|******* C-In: 23.10 18:11:22,944|
lab29-44-<0.2376.0>-T3: Msg #1369, C-Out: 23.10 18:11:22,917| HBQ-In: 23.10 18:11:22,918| DQ-In: 23.10 18:11:22,933| C-In: 23.10 18:11:22,944|
lab29-39-<0.2795.0>-T3: Msg #1370, C-Out: 23.10 18:11:22,930| HBQ-In: 23.10 18:11:22,930| DQ-In: 23.10 18:11:22,933| C-In: 23.10 18:11:22,944|
lab29-34-<0.3220.0>-T3: Msg #1371, C-Out: 23.10 18:11:22,930| HBQ-In: 23.10 18:11:22,930| DQ-In: 23.10 18:11:22,933| C-In: 23.10 18:11:22,947|
lab29-64-<0.899.0>-T3: Msg #1372, C-Out: 23.10 18:11:22,931| HBQ-In: 23.10 18:11:22,931| DQ-In: 23.10 18:11:22,933| C-In: 23.10 18:11:22,948|
lab29-69-<0.583.0>-T3: Msg #1373, C-Out: 23.10 18:11:22,933| HBQ-In: 23.10 18:11:22,933| DQ-In: 23.10 18:11:22,933| C-In: 23.10 18:11:22,951|
lab29-29-<0.3641.0>-T3: Msg #1374, C-Out: 23.10 18:11:22,937| HBQ-In: 23.10 18:11:22,937| DQ-In: 23.10 18:11:22,937| C-In: 23.10 18:11:22,952|
lab29-59-<0.1234.0>-T3: Msg #1375, C-Out: 23.10 18:11:22,944| HBQ-In: 23.10 18:11:22,944| DQ-In: 23.10 18:11:22,944| C-In: 23.10 18:11:22,954|
ReceiveMsgs done
lab29-49-<0.1950.0>-T3: Msg #1480, C-Out: 23.10 18:11:23,958| gesendet
lab29-49-<0.1950.0>-T3: Msg #1562, C-Out: 23.10 18:11:24,960| gesendet
lab29-49-<0.1950.0>-T3: Msg #1652, C-Out: 23.10 18:11:25,961| gesendet
lab29-49-<0.1950.0>-T3: Msg #1742, C-Out: 23.10 18:11:26,962| gesendet
lab29-49-<0.1950.0>-T3: Msg #1862, C-Out: 23.10 18:11:27,964| gesendet
Neues Intervall: 1.5 Sekunden
Msg #1958 um 23.10 18:11:27,964| vergessen zu senden
Fehlernachricht fuer Luecke von 1768 bis 1772 C-In: 23.10 18:11:27,965|
lab29-22-<0.4210.0>-T3: Msg #1773, C-Out: 23.10 18:11:27,345| HBQ-In: 23.10 18:11:27,346| DQ-In: 23.10 18:11:27,373| C-In: 23.10 18:11:27,965|
lab29-27-<0.3815.0>-T3: Msg #1774, C-Out: 23.10 18:11:27,345| HBQ-In: 23.10 18:11:27,346| DQ-In: 23.10 18:11:27,373| C-In: 23.10 18:11:27,966|
lab29-17-<0.4601.0>-T3: Msg #1775, C-Out: 23.10 18:11:27,350| HBQ-In: 23.10 18:11:27,350| DQ-In: 23.10 18:11:27,373| C-In: 23.10 18:11:27,966|
lab29-12-<0.4991.0>-T3: Msg #1776, C-Out: 23.10 18:11:27,353| HBQ-In: 23.10 18:11:27,353| DQ-In: 23.10 18:11:27,373| C-In: 23.10 18:11:27,966|
lab29-7-<0.5358.0>-T3: Msg #1777, C-Out: 23.10 18:11:27,359| HBQ-In: 23.10 18:11:27,359| DQ-In: 23.10 18:11:27,373| C-In: 23.10 18:11:27,967|
Fehlernachricht fuer Luecke von 1778 bis 1778 C-In: 23.10 18:11:27,967|
lab29-32-<0.3394.0>-T3: Msg #1779, C-Out: 23.10 18:11:27,373| HBQ-In: 23.10 18:11:27,373| DQ-In: 23.10 18:11:27,546| C-In: 23.10 18:11:27,967|
Fehlernachricht fuer Luecke von 1780 bis 1780 C-In: 23.10 18:11:27,969|
lab29-47-<0.2127.0>-T3: Msg #1781, C-Out: 23.10 18:11:27,380| HBQ-In: 23.10 18:11:27,380| DQ-In: 23.10 18:11:27,554| C-In: 23.10 18:11:27,970|
lab29-42-<0.2545.0>-T3: Msg #1782, C-Out: 23.10 18:11:27,380| HBQ-In: 23.10 18:11:27,380| DQ-In: 23.10 18:11:27,554| C-In: 23.10 18:11:27,970|
Fehlernachricht fuer Luecke von 1783 bis 1783 C-In: 23.10 18:11:27,970|
lab29-52-<0.1713.0>-T3: Msg #1784, C-Out: 23.10 18:11:27,386| HBQ-In: 23.10 18:11:27,386| DQ-In: 23.10 18:11:27,556| C-In: 23.10 18:11:27,971|
Fehlernachricht fuer Luecke von 1785 bis 1785 C-In: 23.10 18:11:27,971|
lab29-37-<0.2967.0>-T3: Msg #1786, C-Out: 23.10 18:11:27,388| HBQ-In: 23.10 18:11:27,391| DQ-In: 23.10 18:11:27,557| C-In: 23.10 18:11:27,972|
Fehlernachricht fuer Luecke von 1787 bis 1790 C-In: 23.10 18:11:27,972|
lab29-26-<0.3898.0>-T3: Msg #1791, C-Out: 23.10 18:11:27,545| HBQ-In: 23.10 18:11:27,546| DQ-In: 23.10 18:11:27,564| C-In: 23.10 18:11:27,974|
Fehlernachricht fuer Luecke von 1792 bis 1792 C-In: 23.10 18:11:27,974|
lab29-21-<0.4291.0>-T3: Msg #1793, C-Out: 23.10 18:11:27,552| HBQ-In: 23.10 18:11:27,554| DQ-In: 23.10 18:11:27,572| C-In: 23.10 18:11:27,975|
Fehlernachricht fuer Luecke von 1794 bis 1794 C-In: 23.10 18:11:27,975|
lab29-16-<0.4681.0>-T3: Msg #1795, C-Out: 23.10 18:11:27,552| HBQ-In: 23.10 18:11:27,554| DQ-In: 23.10 18:11:27,577| C-In: 23.10 18:11:27,975|
lab29-11-<0.5067.0>-T3: Msg #1796, C-Out: 23.10 18:11:27,556| HBQ-In: 23.10 18:11:27,556| DQ-In: 23.10 18:11:27,577| C-In: 23.10 18:11:27,976|
lab29-46-<0.2213.0>-T3: Msg #1797, C-Out: 23.10 18:11:27,556| HBQ-In: 23.10 18:11:27,557| DQ-In: 23.10 18:11:27,577| C-In: 23.10 18:11:27,976|
lab29-6-<0.5440.0>-T3: Msg #1798, C-Out: 23.10 18:11:27,563| HBQ-In: 23.10 18:11:27,564| DQ-In: 23.10 18:11:27,577| C-In: 23.10 18:11:27,976|
lab29-31-<0.3480.0>-T3: Msg #1799, C-Out: 23.10 18:11:27,572| HBQ-In: 23.10 18:11:27,572| DQ-In: 23.10 18:11:27,578| C-In: 23.10 18:11:27,977|
lab29-51-<0.1789.0>-T3: Msg #1800, C-Out: 23.10 18:11:27,576| HBQ-In: 23.10 18:11:27,577| DQ-In: 23.10 18:11:27,578| C-In: 23.10 18:11:27,977|
lab29-36-<0.3048.0>-T3: Msg #1801, C-Out: 23.10 18:11:27,581| HBQ-In: 23.10 18:11:27,581| DQ-In: 23.10 18:11:27,581| C-In: 23.10 18:11:27,977|
Fehlernachricht fuer Luecke von 1802 bis 1802 C-In: 23.10 18:11:27,977|
lab29-41-<0.2632.0>-T3: Msg #1803, C-Out: 23.10 18:11:27,601| HBQ-In: 23.10 18:11:27,601| DQ-In: 23.10 18:11:27,756| C-In: 23.10 18:11:27,978|
Fehlernachricht fuer Luecke von 1804 bis 1805 C-In: 23.10 18:11:27,978|
2-client@lab23: 1806. Nachricht--Gruppe:1-Team:5-Sendezeit:18:11:26 HBQ-In: 23.10 18:11:26,629| DQ-In: 23.10 18:11:27,766| C-In: 23.10 18:11:27,978|
1-client@lab23: 1807. Nachricht--Gruppe:1-Team:5-Sendezeit:18:11:26 HBQ-In: 23.10 18:11:26,630| DQ-In: 23.10 18:11:27,766| C-In: 23.10 18:11:27,979|
3-client@lab23: 1808. Nachricht--Gruppe:1-Team:5-Sendezeit:18:11:26 HBQ-In: 23.10 18:11:26,635| DQ-In: 23.10 18:11:27,766| C-In: 23.10 18:11:27,980|
4-client@lab23: 1809. Nachricht--Gruppe:1-Team:5-Sendezeit:18:11:26 HBQ-In: 23.10 18:11:26,632| DQ-In: 23.10 18:11:27,766| C-In: 23.10 18:11:27,991|
2-client@lab23: 1810. Nachricht--Gruppe:1-Team:5-Sendezeit:18:11:26 HBQ-In: 23.10 18:11:26,635| DQ-In: 23.10 18:11:27,766| C-In: 23.10 18:11:27,992|
5-client@lab23: 1811. Nachricht--Gruppe:1-Team:5-Sendezeit:18:11:26 HBQ-In: 23.10 18:11:26,635| DQ-In: 23.10 18:11:27,766| C-In: 23.10 18:11:27,992|
1-client@lab23: 1812. Nachricht--Gruppe:1-Team:5-Sendezeit:18:11:26 HBQ-In: 23.10 18:11:26,635| DQ-In: 23.10 18:11:27,766| C-In: 23.10 18:11:27,992|
4-client@lab23: 1813. Nachricht--Gruppe:1-Team:5-Sendezeit:18:11:26 HBQ-In: 23.10 18:11:26,635| DQ-In: 23.10 18:11:27,766| C-In: 23.10 18:11:27,993|
3-client@lab23: 1814. Nachricht--Gruppe:1-Team:5-Sendezeit:18:11:26 HBQ-In: 23.10 18:11:26,636| DQ-In: 23.10 18:11:27,766| C-In: 23.10 18:11:27,993|
5-client@lab23: 1815. Nachricht--Gruppe:1-Team:5-Sendezeit:18:11:26 HBQ-In: 23.10 18:11:26,638| DQ-In: 23.10 18:11:27,766| C-In: 23.10 18:11:27,993|
2-client@lab23: 1816. Nachricht--Gruppe:1-Team:5-Sendezeit:18:11:26 HBQ-In: 23.10 18:11:26,641| DQ-In: 23.10 18:11:27,766| C-In: 23.10 18:11:27,994|
1-client@lab23: 1817. Nachricht--Gruppe:1-Team:5-Sendezeit:18:11:26 HBQ-In: 23.10 18:11:26,641| DQ-In: 23.10 18:11:27,766| C-In: 23.10 18:11:27,999|
4-client@lab23: 1818. Nachricht--Gruppe:1-Team:5-Sendezeit:18:11:26 HBQ-In: 23.10 18:11:26,641| DQ-In: 23.10 18:11:27,766| C-In: 23.10 18:11:27,999|
3-client@lab23: 1819. Nachricht--Gruppe:1-Team:5-Sendezeit:18:11:26 HBQ-In: 23.10 18:11:26,641| DQ-In: 23.10 18:11:27,766| C-In: 23.10 18:11:27,000|
5-client@lab23: 1820. Nachricht--Gruppe:1-Team:5-Sendezeit:18:11:26 HBQ-In: 23.10 18:11:26,641| DQ-In: 23.10 18:11:27,766| C-In: 23.10 18:11:27,000|
2-client@lab23: 1821. Nachricht--Gruppe:1-Team:5-Sendezeit:18:11:26 HBQ-In: 23.10 18:11:26,644| DQ-In: 23.10 18:11:27,766| C-In: 23.10 18:11:27,003|
5-client@lab23: 1822. Nachricht--Gruppe:1-Team:5-Sendezeit:18:11:26 HBQ-In: 23.10 18:11:26,644| DQ-In: 23.10 18:11:27,766| C-In: 23.10 18:11:27,004|
1-client@lab23: 1823. Nachricht--Gruppe:1-Team:5-Sendezeit:18:11:26 HBQ-In: 23.10 18:11:26,644| DQ-In: 23.10 18:11:27,766| C-In: 23.10 18:11:27,004|
4-client@lab23: 1824. Nachricht--Gruppe:1-Team:5-Sendezeit:18:11:26 HBQ-In: 23.10 18:11:26,645| DQ-In: 23.10 18:11:27,766| C-In: 23.10 18:11:27,005|
3-client@lab23: 1825. Nachricht--Gruppe:1-Team:5-Sendezeit:18:11:26 HBQ-In: 23.10 18:11:26,645| DQ-In: 23.10 18:11:27,766| C-In: 23.10 18:11:27,005|
ReceiveMsgs done
lab29-49-<0.1950.0>-T3: Msg #1964, C-Out: 23.10 18:11:29,506| gesendet
lab29-49-<0.1950.0>-T3: Msg #2101, C-Out: 23.10 18:11:31,007| gesendet
lab29-49-<0.1950.0>-T3: Msg #2261, C-Out: 23.10 18:11:32,509| gesendet
lab29-49-<0.1950.0>-T3: Msg #2386, C-Out: 23.10 18:11:34,010| gesendet
lab29-49-<0.1950.0>-T3: Msg #2501, C-Out: 23.10 18:11:35,513| gesendet
Neues Intervall: 2.25 Sekunden
Msg #2635 um 23.10 18:11:35,513| vergessen zu senden
lab29-10-<0.5112.0>-T3: Msg #2419, C-Out: 23.10 18:11:33,836| HBQ-In: 23.10 18:11:33,836| DQ-In: 23.10 18:11:34,633| C-In: 23.10 18:11:35,513|
lab29-25-<0.3973.0>-T3: Msg #2420, C-Out: 23.10 18:11:34,375| HBQ-In: 23.10 18:11:34,375| DQ-In: 23.10 18:11:34,633| C-In: 23.10 18:11:35,514|
lab29-32-<0.3394.0>-T3: Msg #2421, C-Out: 23.10 18:11:34,424| HBQ-In: 23.10 18:11:34,424| DQ-In: 23.10 18:11:34,633| C-In: 23.10 18:11:35,514|
lab29-47-<0.2127.0>-T3: Msg #2422, C-Out: 23.10 18:11:34,429| HBQ-In: 23.10 18:11:34,429| DQ-In: 23.10 18:11:34,633| C-In: 23.10 18:11:35,514|
Fehlernachricht fuer Luecke von 2423 bis 2428 C-In: 23.10 18:11:35,515|
lab29-4-<0.5587.0>-T3: Msg #2429, C-Out: 23.10 18:11:34,008| HBQ-In: 23.10 18:11:34,008| DQ-In: 23.10 18:11:34,753| C-In: 23.10 18:11:35,515|
lab29-24-<0.4051.0>-T3: Msg #2430, C-Out: 23.10 18:11:34,513| HBQ-In: 23.10 18:11:34,513| DQ-In: 23.10 18:11:34,753| C-In: 23.10 18:11:35,515|
lab29-19-<0.4442.0>-T3: Msg #2431, C-Out: 23.10 18:11:34,022| HBQ-In: 23.10 18:11:34,023| DQ-In: 23.10 18:11:34,753| C-In: 23.10 18:11:35,516|
lab29-9-<0.5191.0>-T3: Msg #2432, C-Out: 23.10 18:11:34,022| HBQ-In: 23.10 18:11:34,023| DQ-In: 23.10 18:11:34,753| C-In: 23.10 18:11:35,516|
lab29-14-<0.4846.0>-T3: Msg #2433, C-Out: 23.10 18:11:34,023| HBQ-In: 23.10 18:11:34,023| DQ-In: 23.10 18:11:34,753| C-In: 23.10 18:11:35,516|
lab29-54-<0.1586.0>-T3: Msg #2434, C-Out: 23.10 18:11:34,530| HBQ-In: 23.10 18:11:34,530| DQ-In: 23.10 18:11:34,753| C-In: 23.10 18:11:35,522|
lab29-39-<0.2795.0>-T3: Msg #2435, C-Out: 23.10 18:11:34,532| HBQ-In: 23.10 18:11:34,533| DQ-In: 23.10 18:11:34,753| C-In: 23.10 18:11:35,526|
lab29-46-<0.2213.0>-T3: Msg #2436, C-Out: 23.10 18:11:34,621| HBQ-In: 23.10 18:11:34,621| DQ-In: 23.10 18:11:34,753| C-In: 23.10 18:11:35,532|
lab29-31-<0.3480.0>-T3: Msg #2437, C-Out: 23.10 18:11:34,625| HBQ-In: 23.10 18:11:34,625| DQ-In: 23.10 18:11:34,753| C-In: 23.10 18:11:35,533|
Fehlernachricht fuer Luecke von 2438 bis 2442 C-In: 23.10 18:11:35,534|
lab29-53-<0.1650.0>-T3: Msg #2443, C-Out: 23.10 18:11:34,709| HBQ-In: 23.10 18:11:34,709| DQ-In: 23.10 18:11:34,767| C-In: 23.10 18:11:35,534|
lab29-8-<0.5273.0>-T3: Msg #2444, C-Out: 23.10 18:11:34,209| HBQ-In: 23.10 18:11:34,209| DQ-In: 23.10 18:11:34,767| C-In: 23.10 18:11:35,535|
lab29-18-<0.4519.0>-T3: Msg #2445, C-Out: 23.10 18:11:34,220| HBQ-In: 23.10 18:11:34,220| DQ-In: 23.10 18:11:34,767| C-In: 23.10 18:11:35,535|
Fehlernachricht fuer Luecke von 2446 bis 2446 C-In: 23.10 18:11:35,538|
lab29-3-<0.5663.0>-T3: Msg #2447, C-Out: 23.10 18:11:34,226| HBQ-In: 23.10 18:11:34,227| DQ-In: 23.10 18:11:34,778| C-In: 23.10 18:11:35,542|
lab29-23-<0.4130.0>-T3: Msg #2448, C-Out: 23.10 18:11:34,751| HBQ-In: 23.10 18:11:34,753| DQ-In: 23.10 18:11:34,778| C-In: 23.10 18:11:35,543|
lab29-13-<0.4921.0>-T3: Msg #2449, C-Out: 23.10 18:11:34,260| HBQ-In: 23.10 18:11:34,260| DQ-In: 23.10 18:11:34,778| C-In: 23.10 18:11:35,543|
lab29-38-<0.2880.0>-T3: Msg #2450, C-Out: 23.10 18:11:34,765| HBQ-In: 23.10 18:11:34,765| DQ-In: 23.10 18:11:34,778| C-In: 23.10 18:11:35,543|
Fehlernachricht fuer Luecke von 2451 bis 2456 C-In: 23.10 18:11:35,547|
lab29-7-<0.5358.0>-T3: Msg #2457, C-Out: 23.10 18:11:34,422| HBQ-In: 23.10 18:11:34,422| DQ-In: 23.10 18:11:34,782| C-In: 23.10 18:11:35,547|
Fehlernachricht fuer Luecke von 2458 bis 2458 C-In: 23.10 18:11:35,548|
lab29-2-<0.5741.0>-T3: Msg #2459, C-Out: 23.10 18:11:34,435| HBQ-In: 23.10 18:11:34,435| DQ-In: 23.10 18:11:34,786| C-In: 23.10 18:11:35,548|
lab29-12-<0.4991.0>-T3: Msg #2460, C-Out: 23.10 18:11:34,436| HBQ-In: 23.10 18:11:34,436| DQ-In: 23.10 18:11:34,786| C-In: 23.10 18:11:35,549|
lab29-17-<0.4601.0>-T3: Msg #2461, C-Out: 23.10 18:11:34,436| HBQ-In: 23.10 18:11:34,436| DQ-In: 23.10 18:11:34,786| C-In: 23.10 18:11:35,549|
Fehlernachricht fuer Luecke von 2462 bis 2471 C-In: 23.10 18:11:35,549|
lab29-6-<0.5440.0>-T3: Msg #2472, C-Out: 23.10 18:11:34,616| HBQ-In: 23.10 18:11:34,616| DQ-In: 23.10 18:11:34,828| C-In: 23.10 18:11:35,553|
Fehlernachricht fuer Luecke von 2473 bis 2473 C-In: 23.10 18:11:35,554|
lab29-11-<0.5067.0>-T3: Msg #2474, C-Out: 23.10 18:11:34,622| HBQ-In: 23.10 18:11:34,622| DQ-In: 23.10 18:11:34,838| C-In: 23.10 18:11:35,556|
Fehlernachricht fuer Luecke von 2475 bis 2475 C-In: 23.10 18:11:35,556|
lab29-16-<0.4681.0>-T3: Msg #2476, C-Out: 23.10 18:11:34,633| HBQ-In: 23.10 18:11:34,633| DQ-In: 23.10 18:11:35,012| C-In: 23.10 18:11:35,557|
Fehlernachricht fuer Luecke von 2477 bis 2478 C-In: 23.10 18:11:35,557|
lab29-1-<0.5818.0>-T3: Msg #2479, C-Out: 23.10 18:11:34,637| HBQ-In: 23.10 18:11:34,637| DQ-In: 23.10 18:11:35,025| C-In: 23.10 18:11:35,561|
Fehlernachricht fuer Luecke von 2480 bis 2486 C-In: 23.10 18:11:35,561|
lab29-15-<0.4762.0>-T3: Msg #2487, C-Out: 23.10 18:11:34,812| HBQ-In: 23.10 18:11:34,812| DQ-In: 23.10 18:11:35,025| C-In: 23.10 18:11:35,562|
Fehlernachricht fuer Luecke von 2488 bis 2489 C-In: 23.10 18:11:35,562|
lab29-5-<0.5513.0>-T3: Msg #2490, C-Out: 23.10 18:11:34,828| HBQ-In: 23.10 18:11:34,828| DQ-In: 23.10 18:11:35,211| C-In: 23.10 18:11:35,562|
lab29-10-<0.5112.0>-T3: Msg #2491, C-Out: 23.10 18:11:34,838| HBQ-In: 23.10 18:11:34,838| DQ-In: 23.10 18:11:35,211| C-In: 23.10 18:11:35,563|
Fehlernachricht fuer Luecke von 2492 bis 2499 C-In: 23.10 18:11:35,563|
lab29-4-<0.5587.0>-T3: Msg #2500, C-Out: 23.10 18:11:35,012| HBQ-In: 23.10 18:11:35,012| DQ-In: 23.10 18:11:35,270| C-In: 23.10 18:11:35,563|
Fehlernachricht fuer Luecke von 2501 bis 2501******* C-In: 23.10 18:11:35,564|
lab29-9-<0.5191.0>-T3: Msg #2502, C-Out: 23.10 18:11:35,025| HBQ-In: 23.10 18:11:35,025| DQ-In: 23.10 18:11:35,423| C-In: 23.10 18:11:35,564|
Fehlernachricht fuer Luecke von 2503 bis 2503 C-In: 23.10 18:11:35,566|
lab29-14-<0.4846.0>-T3: Msg #2504, C-Out: 23.10 18:11:35,025| HBQ-In: 23.10 18:11:35,025| DQ-In: 23.10 18:11:35,436| C-In: 23.10 18:11:35,567|
Fehlernachricht fuer Luecke von 2505 bis 2514 C-In: 23.10 18:11:35,570|
lab29-8-<0.5273.0>-T3: Msg #2515, C-Out: 23.10 18:11:35,211| HBQ-In: 23.10 18:11:35,211| DQ-In: 23.10 18:11:35,441| C-In: 23.10 18:11:35,571|
ReceiveMsgs done
lab29-49-<0.1950.0>-T3: Msg #2638, C-Out: 23.10 18:11:37,824| gesendet
lab29-49-<0.1950.0>-T3: Msg #2795, C-Out: 23.10 18:11:40,077| gesendet
