lab29-11-<0.5067.0>-T3 C-Start: 23.10 18:11:25,552|
lab29-11-<0.5067.0>-T3: Msg #1704, C-Out: 23.10 18:11:26,555| gesendet
lab29-11-<0.5067.0>-T3: Msg #1796, C-Out: 23.10 18:11:27,556| gesendet
lab29-11-<0.5067.0>-T3: Msg #1916, C-Out: 23.10 18:11:28,559| gesendet
lab29-11-<0.5067.0>-T3: Msg #2010, C-Out: 23.10 18:11:29,560| gesendet
lab29-11-<0.5067.0>-T3: Msg #2105, C-Out: 23.10 18:11:30,561| gesendet
Neues Intervall: 1 Sekunden
Msg #2193 um 23.10 18:11:30,566| vergessen zu senden
lab29-22-<0.4210.0>-T3: Msg #1999, C-Out: 23.10 18:11:29,404| HBQ-In: 23.10 18:11:29,404| DQ-In: 23.10 18:11:29,966| C-In: 23.10 18:11:30,567|
lab29-47-<0.2127.0>-T3: Msg #2000, C-Out: 23.10 18:11:29,925| HBQ-In: 23.10 18:11:29,925| DQ-In: 23.10 18:11:29,966| C-In: 23.10 18:11:30,567|
lab29-62-<0.1043.0>-T3: Msg #2001, C-Out: 23.10 18:11:29,929| HBQ-In: 23.10 18:11:29,929| DQ-In: 23.10 18:11:29,966| C-In: 23.10 18:11:30,568|
Fehlernachricht fuer Luecke von 2002 bis 2002 C-In: 23.10 18:11:30,568|
lab29-77-<0.187.0>-T3: Msg #2003, C-Out: 23.10 18:11:29,939| HBQ-In: 23.10 18:11:29,939| DQ-In: 23.10 18:11:29,996| C-In: 23.10 18:11:30,568|
Fehlernachricht fuer Luecke von 2004 bis 2004 C-In: 23.10 18:11:30,568|
lab29-69-<0.583.0>-T3: Msg #2005, C-Out: 23.10 18:11:29,983| HBQ-In: 23.10 18:11:29,983| DQ-In: 23.10 18:11:30,016| C-In: 23.10 18:11:30,569|
Fehlernachricht fuer Luecke von 2006 bis 2006 C-In: 23.10 18:11:30,569|
lab29-54-<0.1586.0>-T3: Msg #2007, C-Out: 23.10 18:11:30,022| HBQ-In: 23.10 18:11:30,022| DQ-In: 23.10 18:11:30,022| C-In: 23.10 18:11:30,569|
lab29-16-<0.4681.0>-T3: Msg #2008, C-Out: 23.10 18:11:29,559| HBQ-In: 23.10 18:11:29,559| DQ-In: 23.10 18:11:30,022| C-In: 23.10 18:11:30,570|
Fehlernachricht fuer Luecke von 2009 bis 2009 C-In: 23.10 18:11:30,570|
lab29-11-<0.5067.0>-T3: Msg #2010, C-Out: 23.10 18:11:29,560| HBQ-In: 23.10 18:11:29,560| DQ-In: 23.10 18:11:30,140|******* C-In: 23.10 18:11:30,570|
Fehlernachricht fuer Luecke von 2011 bis 2011 C-In: 23.10 18:11:30,571|
lab29-6-<0.5440.0>-T3: Msg #2012, C-Out: 23.10 18:11:29,568| HBQ-In: 23.10 18:11:29,568| DQ-In: 23.10 18:11:30,146| C-In: 23.10 18:11:30,571|
lab29-1-<0.5818.0>-T3: Msg #2013, C-Out: 23.10 18:11:29,573| HBQ-In: 23.10 18:11:29,573| DQ-In: 23.10 18:11:30,146| C-In: 23.10 18:11:30,572|
lab29-31-<0.3480.0>-T3: Msg #2014, C-Out: 23.10 18:11:29,578| HBQ-In: 23.10 18:11:29,578| DQ-In: 23.10 18:11:30,146| C-In: 23.10 18:11:30,572|
lab29-36-<0.3048.0>-T3: Msg #2015, C-Out: 23.10 18:11:29,583| HBQ-In: 23.10 18:11:29,584| DQ-In: 23.10 18:11:30,146| C-In: 23.10 18:11:30,572|
lab29-26-<0.3898.0>-T3: Msg #2016, C-Out: 23.10 18:11:29,594| HBQ-In: 23.10 18:11:29,594| DQ-In: 23.10 18:11:30,146| C-In: 23.10 18:11:30,573|
lab29-41-<0.2632.0>-T3: Msg #2017, C-Out: 23.10 18:11:29,603| HBQ-In: 23.10 18:11:29,604| DQ-In: 23.10 18:11:30,146| C-In: 23.10 18:11:30,573|
lab29-21-<0.4291.0>-T3: Msg #2018, C-Out: 23.10 18:11:29,615| HBQ-In: 23.10 18:11:29,616| DQ-In: 23.10 18:11:30,146| C-In: 23.10 18:11:30,573|
lab29-46-<0.2213.0>-T3: Msg #2019, C-Out: 23.10 18:11:30,115| HBQ-In: 23.10 18:11:30,116| DQ-In: 23.10 18:11:30,146| C-In: 23.10 18:11:30,574|
Fehlernachricht fuer Luecke von 2020 bis 2020 C-In: 23.10 18:11:30,574|
lab29-61-<0.1100.0>-T3: Msg #2021, C-Out: 23.10 18:11:30,140| HBQ-In: 23.10 18:11:30,140| DQ-In: 23.10 18:11:30,202| C-In: 23.10 18:11:30,574|
lab29-76-<0.194.0>-T3: Msg #2022, C-Out: 23.10 18:11:30,146| HBQ-In: 23.10 18:11:30,146| DQ-In: 23.10 18:11:30,202| C-In: 23.10 18:11:30,574|
Fehlernachricht fuer Luecke von 2023 bis 2028 C-In: 23.10 18:11:30,575|
lab29-53-<0.1650.0>-T3: Msg #2029, C-Out: 23.10 18:11:30,200| HBQ-In: 23.10 18:11:30,202| DQ-In: 23.10 18:11:30,239| C-In: 23.10 18:11:30,575|
Fehlernachricht fuer Luecke von 2030 bis 2030 C-In: 23.10 18:11:30,575|
lab29-68-<0.633.0>-T3: Msg #2031, C-Out: 23.10 18:11:30,238| HBQ-In: 23.10 18:11:30,239| DQ-In: 23.10 18:11:30,278| C-In: 23.10 18:11:30,576|
Fehlernachricht fuer Luecke von 2032 bis 2032 C-In: 23.10 18:11:30,581|
lab29-35-<0.3134.0>-T3: Msg #2033, C-Out: 23.10 18:11:29,754| HBQ-In: 23.10 18:11:29,755| DQ-In: 23.10 18:11:30,326| C-In: 23.10 18:11:30,586|
lab29-15-<0.4762.0>-T3: Msg #2034, C-Out: 23.10 18:11:29,755| HBQ-In: 23.10 18:11:29,755| DQ-In: 23.10 18:11:30,326| C-In: 23.10 18:11:30,597|
lab29-10-<0.5112.0>-T3: Msg #2035, C-Out: 23.10 18:11:29,760| HBQ-In: 23.10 18:11:29,760| DQ-In: 23.10 18:11:30,326| C-In: 23.10 18:11:30,597|
lab29-40-<0.2707.0>-T3: Msg #2036, C-Out: 23.10 18:11:29,770| HBQ-In: 23.10 18:11:29,771| DQ-In: 23.10 18:11:30,326| C-In: 23.10 18:11:30,598|
lab29-5-<0.5513.0>-T3: Msg #2037, C-Out: 23.10 18:11:29,770| HBQ-In: 23.10 18:11:29,771| DQ-In: 23.10 18:11:30,326| C-In: 23.10 18:11:30,598|
Fehlernachricht fuer Luecke von 2038 bis 2038 C-In: 23.10 18:11:30,598|
lab29-60-<0.1170.0>-T3: Msg #2039, C-Out: 23.10 18:11:30,278| HBQ-In: 23.10 18:11:30,278| DQ-In: 23.10 18:11:30,381| C-In: 23.10 18:11:30,599|
lab29-25-<0.3973.0>-T3: Msg #2040, C-Out: 23.10 18:11:29,801| HBQ-In: 23.10 18:11:29,801| DQ-In: 23.10 18:11:30,381| C-In: 23.10 18:11:30,599|
lab29-20-<0.4365.0>-T3: Msg #2041, C-Out: 23.10 18:11:29,804| HBQ-In: 23.10 18:11:29,805| DQ-In: 23.10 18:11:30,381| C-In: 23.10 18:11:30,599|
lab29-30-<0.3559.0>-T3: Msg #2042, C-Out: 23.10 18:11:29,810| HBQ-In: 23.10 18:11:29,810| DQ-In: 23.10 18:11:30,381| C-In: 23.10 18:11:30,599|
lab29-45-<0.2293.0>-T3: Msg #2043, C-Out: 23.10 18:11:30,326| HBQ-In: 23.10 18:11:30,326| DQ-In: 23.10 18:11:30,381| C-In: 23.10 18:11:30,600|
Fehlernachricht fuer Luecke von 2044 bis 2044 C-In: 23.10 18:11:30,600|
lab29-75-<0.200.0>-T3: Msg #2045, C-Out: 23.10 18:11:30,377| HBQ-In: 23.10 18:11:30,377| DQ-In: 23.10 18:11:30,430| C-In: 23.10 18:11:30,600|
lab29-67-<0.708.0>-T3: Msg #2046, C-Out: 23.10 18:11:30,389| HBQ-In: 23.10 18:11:30,389| DQ-In: 23.10 18:11:30,430| C-In: 23.10 18:11:30,600|
Fehlernachricht fuer Luecke von 2047 bis 2049 C-In: 23.10 18:11:30,601|
lab29-52-<0.1713.0>-T3: Msg #2050, C-Out: 23.10 18:11:30,449| HBQ-In: 23.10 18:11:30,449| DQ-In: 23.10 18:11:30,496| C-In: 23.10 18:11:30,607|
lab29-14-<0.4846.0>-T3: Msg #2051, C-Out: 23.10 18:11:29,957| HBQ-In: 23.10 18:11:29,958| DQ-In: 23.10 18:11:30,496| C-In: 23.10 18:11:30,607|
Fehlernachricht fuer Luecke von 2052 bis 2052 C-In: 23.10 18:11:30,608|
lab29-9-<0.5191.0>-T3: Msg #2053, C-Out: 23.10 18:11:29,961| HBQ-In: 23.10 18:11:29,962| DQ-In: 23.10 18:11:30,525| C-In: 23.10 18:11:30,608|
lab29-39-<0.2795.0>-T3: Msg #2054, C-Out: 23.10 18:11:29,966| HBQ-In: 23.10 18:11:29,966| DQ-In: 23.10 18:11:30,525| C-In: 23.10 18:11:30,608|
lab29-4-<0.5587.0>-T3: Msg #2055, C-Out: 23.10 18:11:29,966| HBQ-In: 23.10 18:11:29,966| DQ-In: 23.10 18:11:30,525| C-In: 23.10 18:11:30,608|
Fehlernachricht fuer Luecke von 2056 bis 2056 C-In: 23.10 18:11:30,609|
lab29-24-<0.4051.0>-T3: Msg #2057, C-Out: 23.10 18:11:29,974| HBQ-In: 23.10 18:11:29,976| DQ-In: 23.10 18:11:30,576| C-In: 23.10 18:11:30,609|
lab29-34-<0.3220.0>-T3: Msg #2058, C-Out: 23.10 18:11:29,980| HBQ-In: 23.10 18:11:29,981| DQ-In: 23.10 18:11:30,576| C-In: 23.10 18:11:30,609|
lab29-29-<0.3641.0>-T3: Msg #2059, C-Out: 23.10 18:11:29,996| HBQ-In: 23.10 18:11:29,996| DQ-In: 23.10 18:11:30,576| C-In: 23.10 18:11:30,610|
lab29-59-<0.1234.0>-T3: Msg #2060, C-Out: 23.10 18:11:30,496| HBQ-In: 23.10 18:11:30,496| DQ-In: 23.10 18:11:30,576| C-In: 23.10 18:11:30,610|
lab29-19-<0.4442.0>-T3: Msg #2061, C-Out: 23.10 18:11:30,015| HBQ-In: 23.10 18:11:30,016| DQ-In: 23.10 18:11:30,576| C-In: 23.10 18:11:30,610|
lab29-74-<0.266.0>-T3: Msg #2062, C-Out: 23.10 18:11:30,520| HBQ-In: 23.10 18:11:30,522| DQ-In: 23.10 18:11:30,576| C-In: 23.10 18:11:30,611|
lab29-44-<0.2376.0>-T3: Msg #2063, C-Out: 23.10 18:11:30,522| HBQ-In: 23.10 18:11:30,522| DQ-In: 23.10 18:11:30,576| C-In: 23.10 18:11:30,616|
ReceiveMsgs done
lab29-11-<0.5067.0>-T3: Msg #2202, C-Out: 23.10 18:11:31,618| gesendet
lab29-11-<0.5067.0>-T3: Msg #2312, C-Out: 23.10 18:11:32,620| gesendet
lab29-11-<0.5067.0>-T3: Msg #2394, C-Out: 23.10 18:11:33,621| gesendet
lab29-11-<0.5067.0>-T3: Msg #2474, C-Out: 23.10 18:11:34,622| gesendet
lab29-11-<0.5067.0>-T3: Msg #2547, C-Out: 23.10 18:11:35,623| gesendet
Neues Intervall: 1.5 Sekunden
Msg #2642 um 23.10 18:11:35,626| vergessen zu senden
Fehlernachricht fuer Luecke von 2423 bis 2428 C-In: 23.10 18:11:35,626|
lab29-4-<0.5587.0>-T3: Msg #2429, C-Out: 23.10 18:11:34,008| HBQ-In: 23.10 18:11:34,008| DQ-In: 23.10 18:11:34,753| C-In: 23.10 18:11:35,627|
lab29-24-<0.4051.0>-T3: Msg #2430, C-Out: 23.10 18:11:34,513| HBQ-In: 23.10 18:11:34,513| DQ-In: 23.10 18:11:34,753| C-In: 23.10 18:11:35,627|
lab29-19-<0.4442.0>-T3: Msg #2431, C-Out: 23.10 18:11:34,022| HBQ-In: 23.10 18:11:34,023| DQ-In: 23.10 18:11:34,753| C-In: 23.10 18:11:35,628|
lab29-9-<0.5191.0>-T3: Msg #2432, C-Out: 23.10 18:11:34,022| HBQ-In: 23.10 18:11:34,023| DQ-In: 23.10 18:11:34,753| C-In: 23.10 18:11:35,628|
lab29-14-<0.4846.0>-T3: Msg #2433, C-Out: 23.10 18:11:34,023| HBQ-In: 23.10 18:11:34,023| DQ-In: 23.10 18:11:34,753| C-In: 23.10 18:11:35,628|
lab29-54-<0.1586.0>-T3: Msg #2434, C-Out: 23.10 18:11:34,530| HBQ-In: 23.10 18:11:34,530| DQ-In: 23.10 18:11:34,753| C-In: 23.10 18:11:35,629|
lab29-39-<0.2795.0>-T3: Msg #2435, C-Out: 23.10 18:11:34,532| HBQ-In: 23.10 18:11:34,533| DQ-In: 23.10 18:11:34,753| C-In: 23.10 18:11:35,630|
lab29-46-<0.2213.0>-T3: Msg #2436, C-Out: 23.10 18:11:34,621| HBQ-In: 23.10 18:11:34,621| DQ-In: 23.10 18:11:34,753| C-In: 23.10 18:11:35,630|
lab29-31-<0.3480.0>-T3: Msg #2437, C-Out: 23.10 18:11:34,625| HBQ-In: 23.10 18:11:34,625| DQ-In: 23.10 18:11:34,753| C-In: 23.10 18:11:35,631|
Fehlernachricht fuer Luecke von 2438 bis 2442 C-In: 23.10 18:11:35,631|
lab29-53-<0.1650.0>-T3: Msg #2443, C-Out: 23.10 18:11:34,709| HBQ-In: 23.10 18:11:34,709| DQ-In: 23.10 18:11:34,767| C-In: 23.10 18:11:35,631|
lab29-8-<0.5273.0>-T3: Msg #2444, C-Out: 23.10 18:11:34,209| HBQ-In: 23.10 18:11:34,209| DQ-In: 23.10 18:11:34,767| C-In: 23.10 18:11:35,632|
lab29-18-<0.4519.0>-T3: Msg #2445, C-Out: 23.10 18:11:34,220| HBQ-In: 23.10 18:11:34,220| DQ-In: 23.10 18:11:34,767| C-In: 23.10 18:11:35,632|
Fehlernachricht fuer Luecke von 2446 bis 2446 C-In: 23.10 18:11:35,632|
lab29-3-<0.5663.0>-T3: Msg #2447, C-Out: 23.10 18:11:34,226| HBQ-In: 23.10 18:11:34,227| DQ-In: 23.10 18:11:34,778| C-In: 23.10 18:11:35,635|
lab29-23-<0.4130.0>-T3: Msg #2448, C-Out: 23.10 18:11:34,751| HBQ-In: 23.10 18:11:34,753| DQ-In: 23.10 18:11:34,778| C-In: 23.10 18:11:35,635|
lab29-13-<0.4921.0>-T3: Msg #2449, C-Out: 23.10 18:11:34,260| HBQ-In: 23.10 18:11:34,260| DQ-In: 23.10 18:11:34,778| C-In: 23.10 18:11:35,635|
lab29-38-<0.2880.0>-T3: Msg #2450, C-Out: 23.10 18:11:34,765| HBQ-In: 23.10 18:11:34,765| DQ-In: 23.10 18:11:34,778| C-In: 23.10 18:11:35,639|
Fehlernachricht fuer Luecke von 2451 bis 2456 C-In: 23.10 18:11:35,641|
lab29-7-<0.5358.0>-T3: Msg #2457, C-Out: 23.10 18:11:34,422| HBQ-In: 23.10 18:11:34,422| DQ-In: 23.10 18:11:34,782| C-In: 23.10 18:11:35,644|
Fehlernachricht fuer Luecke von 2458 bis 2458 C-In: 23.10 18:11:35,646|
lab29-2-<0.5741.0>-T3: Msg #2459, C-Out: 23.10 18:11:34,435| HBQ-In: 23.10 18:11:34,435| DQ-In: 23.10 18:11:34,786| C-In: 23.10 18:11:35,647|
lab29-12-<0.4991.0>-T3: Msg #2460, C-Out: 23.10 18:11:34,436| HBQ-In: 23.10 18:11:34,436| DQ-In: 23.10 18:11:34,786| C-In: 23.10 18:11:35,647|
lab29-17-<0.4601.0>-T3: Msg #2461, C-Out: 23.10 18:11:34,436| HBQ-In: 23.10 18:11:34,436| DQ-In: 23.10 18:11:34,786| C-In: 23.10 18:11:35,651|
Fehlernachricht fuer Luecke von 2462 bis 2471 C-In: 23.10 18:11:35,654|
lab29-6-<0.5440.0>-T3: Msg #2472, C-Out: 23.10 18:11:34,616| HBQ-In: 23.10 18:11:34,616| DQ-In: 23.10 18:11:34,828| C-In: 23.10 18:11:35,656|
Fehlernachricht fuer Luecke von 2473 bis 2473 C-In: 23.10 18:11:35,657|
lab29-11-<0.5067.0>-T3: Msg #2474, C-Out: 23.10 18:11:34,622| HBQ-In: 23.10 18:11:34,622| DQ-In: 23.10 18:11:34,838|******* C-In: 23.10 18:11:35,657|
Fehlernachricht fuer Luecke von 2475 bis 2475 C-In: 23.10 18:11:35,658|
lab29-16-<0.4681.0>-T3: Msg #2476, C-Out: 23.10 18:11:34,633| HBQ-In: 23.10 18:11:34,633| DQ-In: 23.10 18:11:35,012| C-In: 23.10 18:11:35,658|
Fehlernachricht fuer Luecke von 2477 bis 2478 C-In: 23.10 18:11:35,658|
lab29-1-<0.5818.0>-T3: Msg #2479, C-Out: 23.10 18:11:34,637| HBQ-In: 23.10 18:11:34,637| DQ-In: 23.10 18:11:35,025| C-In: 23.10 18:11:35,659|
Fehlernachricht fuer Luecke von 2480 bis 2486 C-In: 23.10 18:11:35,659|
lab29-15-<0.4762.0>-T3: Msg #2487, C-Out: 23.10 18:11:34,812| HBQ-In: 23.10 18:11:34,812| DQ-In: 23.10 18:11:35,025| C-In: 23.10 18:11:35,659|
Fehlernachricht fuer Luecke von 2488 bis 2489 C-In: 23.10 18:11:35,660|
lab29-5-<0.5513.0>-T3: Msg #2490, C-Out: 23.10 18:11:34,828| HBQ-In: 23.10 18:11:34,828| DQ-In: 23.10 18:11:35,211| C-In: 23.10 18:11:35,660|
lab29-10-<0.5112.0>-T3: Msg #2491, C-Out: 23.10 18:11:34,838| HBQ-In: 23.10 18:11:34,838| DQ-In: 23.10 18:11:35,211| C-In: 23.10 18:11:35,661|
Fehlernachricht fuer Luecke von 2492 bis 2499 C-In: 23.10 18:11:35,661|
lab29-4-<0.5587.0>-T3: Msg #2500, C-Out: 23.10 18:11:35,012| HBQ-In: 23.10 18:11:35,012| DQ-In: 23.10 18:11:35,270| C-In: 23.10 18:11:35,661|
Fehlernachricht fuer Luecke von 2501 bis 2501 C-In: 23.10 18:11:35,662|
lab29-9-<0.5191.0>-T3: Msg #2502, C-Out: 23.10 18:11:35,025| HBQ-In: 23.10 18:11:35,025| DQ-In: 23.10 18:11:35,423| C-In: 23.10 18:11:35,662|
Fehlernachricht fuer Luecke von 2503 bis 2503 C-In: 23.10 18:11:35,663|
lab29-14-<0.4846.0>-T3: Msg #2504, C-Out: 23.10 18:11:35,025| HBQ-In: 23.10 18:11:35,025| DQ-In: 23.10 18:11:35,436| C-In: 23.10 18:11:35,663|
Fehlernachricht fuer Luecke von 2505 bis 2514 C-In: 23.10 18:11:35,665|
lab29-8-<0.5273.0>-T3: Msg #2515, C-Out: 23.10 18:11:35,211| HBQ-In: 23.10 18:11:35,211| DQ-In: 23.10 18:11:35,441| C-In: 23.10 18:11:35,666|
Fehlernachricht fuer Luecke von 2516 bis 2518 C-In: 23.10 18:11:35,666|
lab29-3-<0.5663.0>-T3: Msg #2519, C-Out: 23.10 18:11:35,229| HBQ-In: 23.10 18:11:35,229| DQ-In: 23.10 18:11:35,618| C-In: 23.10 18:11:35,667|
Fehlernachricht fuer Luecke von 2520 bis 2521 C-In: 23.10 18:11:35,667|
lab29-13-<0.4921.0>-T3: Msg #2522, C-Out: 23.10 18:11:35,270| HBQ-In: 23.10 18:11:35,270| DQ-In: 23.10 18:11:35,625| C-In: 23.10 18:11:35,669|
Fehlernachricht fuer Luecke von 2523 bis 2528 C-In: 23.10 18:11:35,670|
lab29-7-<0.5358.0>-T3: Msg #2529, C-Out: 23.10 18:11:35,423| HBQ-In: 23.10 18:11:35,423| DQ-In: 23.10 18:11:35,641| C-In: 23.10 18:11:35,673|
ReceiveMsgs done
lab29-11-<0.5067.0>-T3: Msg #2646, C-Out: 23.10 18:11:37,174| gesendet
lab29-11-<0.5067.0>-T3: Msg #2750, C-Out: 23.10 18:11:38,675| gesendet
