lab29-6-<0.5440.0>-T3 C-Start: 23.10 18:11:26,561|
lab29-6-<0.5440.0>-T3: Msg #1798, C-Out: 23.10 18:11:27,563| gesendet
lab29-6-<0.5440.0>-T3: Msg #1918, C-Out: 23.10 18:11:28,565| gesendet
lab29-6-<0.5440.0>-T3: Msg #2012, C-Out: 23.10 18:11:29,568| gesendet
lab29-6-<0.5440.0>-T3: Msg #2106, C-Out: 23.10 18:11:30,571| gesendet
lab29-6-<0.5440.0>-T3: Msg #2196, C-Out: 23.10 18:11:31,572| gesendet
Neues Intervall: 1 Sekunden
Msg #2305 um 23.10 18:11:31,573| vergessen zu senden
Fehlernachricht fuer Luecke von 2094 bis 2094 C-In: 23.10 18:11:31,573|
lab29-27-<0.3815.0>-T3: Msg #2095, C-Out: 23.10 18:11:30,403| HBQ-In: 23.10 18:11:30,403| DQ-In: 23.10 18:11:30,710| C-In: 23.10 18:11:31,575|
lab29-22-<0.4210.0>-T3: Msg #2096, C-Out: 23.10 18:11:30,405| HBQ-In: 23.10 18:11:30,406| DQ-In: 23.10 18:11:30,710| C-In: 23.10 18:11:31,575|
lab29-17-<0.4601.0>-T3: Msg #2097, C-Out: 23.10 18:11:30,430| HBQ-In: 23.10 18:11:30,430| DQ-In: 23.10 18:11:30,710| C-In: 23.10 18:11:31,576|
Fehlernachricht fuer Luecke von 2098 bis 2104 C-In: 23.10 18:11:31,579|
lab29-11-<0.5067.0>-T3: Msg #2105, C-Out: 23.10 18:11:30,561| HBQ-In: 23.10 18:11:30,566| DQ-In: 23.10 18:11:30,711| C-In: 23.10 18:11:31,579|
lab29-6-<0.5440.0>-T3: Msg #2106, C-Out: 23.10 18:11:30,571| HBQ-In: 23.10 18:11:30,571| DQ-In: 23.10 18:11:30,711|******* C-In: 23.10 18:11:31,580|
lab29-1-<0.5818.0>-T3: Msg #2107, C-Out: 23.10 18:11:30,576| HBQ-In: 23.10 18:11:30,576| DQ-In: 23.10 18:11:30,711| C-In: 23.10 18:11:31,580|
lab29-31-<0.3480.0>-T3: Msg #2108, C-Out: 23.10 18:11:30,581| HBQ-In: 23.10 18:11:30,586| DQ-In: 23.10 18:11:30,711| C-In: 23.10 18:11:31,581|
lab29-36-<0.3048.0>-T3: Msg #2109, C-Out: 23.10 18:11:30,585| HBQ-In: 23.10 18:11:30,586| DQ-In: 23.10 18:11:30,711| C-In: 23.10 18:11:31,581|
lab29-26-<0.3898.0>-T3: Msg #2110, C-Out: 23.10 18:11:30,596| HBQ-In: 23.10 18:11:30,597| DQ-In: 23.10 18:11:30,711| C-In: 23.10 18:11:31,582|
Fehlernachricht fuer Luecke von 2111 bis 2112 C-In: 23.10 18:11:31,582|
lab29-21-<0.4291.0>-T3: Msg #2113, C-Out: 23.10 18:11:30,617| HBQ-In: 23.10 18:11:30,617| DQ-In: 23.10 18:11:30,804| C-In: 23.10 18:11:31,582|
lab29-16-<0.4681.0>-T3: Msg #2114, C-Out: 23.10 18:11:30,626| HBQ-In: 23.10 18:11:30,626| DQ-In: 23.10 18:11:30,804| C-In: 23.10 18:11:31,583|
Fehlernachricht fuer Luecke von 2115 bis 2122 C-In: 23.10 18:11:31,583|
lab29-35-<0.3134.0>-T3: Msg #2123, C-Out: 23.10 18:11:30,759| HBQ-In: 23.10 18:11:30,760| DQ-In: 23.10 18:11:30,806| C-In: 23.10 18:11:31,583|
Fehlernachricht fuer Luecke von 2124 bis 2124 C-In: 23.10 18:11:31,584|
lab29-10-<0.5112.0>-T3: Msg #2125, C-Out: 23.10 18:11:30,761| HBQ-In: 23.10 18:11:30,763| DQ-In: 23.10 18:11:30,811| C-In: 23.10 18:11:31,587|
lab29-5-<0.5513.0>-T3: Msg #2126, C-Out: 23.10 18:11:30,776| HBQ-In: 23.10 18:11:30,778| DQ-In: 23.10 18:11:30,811| C-In: 23.10 18:11:31,587|
Fehlernachricht fuer Luecke von 2127 bis 2128 C-In: 23.10 18:11:31,588|
lab29-25-<0.3973.0>-T3: Msg #2129, C-Out: 23.10 18:11:30,804| HBQ-In: 23.10 18:11:30,804| DQ-In: 23.10 18:11:30,969| C-In: 23.10 18:11:31,588|
lab29-15-<0.4762.0>-T3: Msg #2130, C-Out: 23.10 18:11:30,805| HBQ-In: 23.10 18:11:30,805| DQ-In: 23.10 18:11:30,969| C-In: 23.10 18:11:31,588|
lab29-20-<0.4365.0>-T3: Msg #2131, C-Out: 23.10 18:11:30,806| HBQ-In: 23.10 18:11:30,806| DQ-In: 23.10 18:11:30,969| C-In: 23.10 18:11:31,589|
lab29-30-<0.3559.0>-T3: Msg #2132, C-Out: 23.10 18:11:30,811| HBQ-In: 23.10 18:11:30,811| DQ-In: 23.10 18:11:30,969| C-In: 23.10 18:11:31,589|
Fehlernachricht fuer Luecke von 2133 bis 2139 C-In: 23.10 18:11:31,592|
lab29-9-<0.5191.0>-T3: Msg #2140, C-Out: 23.10 18:11:30,964| HBQ-In: 23.10 18:11:30,964| DQ-In: 23.10 18:11:31,017| C-In: 23.10 18:11:31,592|
lab29-4-<0.5587.0>-T3: Msg #2141, C-Out: 23.10 18:11:30,969| HBQ-In: 23.10 18:11:30,969| DQ-In: 23.10 18:11:31,017| C-In: 23.10 18:11:31,592|
Fehlernachricht fuer Luecke von 2142 bis 2143 C-In: 23.10 18:11:31,593|
lab29-24-<0.4051.0>-T3: Msg #2144, C-Out: 23.10 18:11:30,977| HBQ-In: 23.10 18:11:30,977| DQ-In: 23.10 18:11:31,171| C-In: 23.10 18:11:31,593|
lab29-34-<0.3220.0>-T3: Msg #2145, C-Out: 23.10 18:11:30,983| HBQ-In: 23.10 18:11:30,983| DQ-In: 23.10 18:11:31,171| C-In: 23.10 18:11:31,593|
Fehlernachricht fuer Luecke von 2146 bis 2147 C-In: 23.10 18:11:31,594|
lab29-29-<0.3641.0>-T3: Msg #2148, C-Out: 23.10 18:11:30,997| HBQ-In: 23.10 18:11:30,998| DQ-In: 23.10 18:11:31,192| C-In: 23.10 18:11:31,594|
lab29-19-<0.4442.0>-T3: Msg #2149, C-Out: 23.10 18:11:31,017| HBQ-In: 23.10 18:11:31,018| DQ-In: 23.10 18:11:31,192| C-In: 23.10 18:11:31,594|
lab29-14-<0.4846.0>-T3: Msg #2150, C-Out: 23.10 18:11:31,017| HBQ-In: 23.10 18:11:31,017| DQ-In: 23.10 18:11:31,192| C-In: 23.10 18:11:31,595|
Fehlernachricht fuer Luecke von 2151 bis 2158 C-In: 23.10 18:11:31,595|
lab29-8-<0.5273.0>-T3: Msg #2159, C-Out: 23.10 18:11:31,170| HBQ-In: 23.10 18:11:31,171| DQ-In: 23.10 18:11:31,212| C-In: 23.10 18:11:31,595|
Fehlernachricht fuer Luecke von 2160 bis 2160 C-In: 23.10 18:11:31,596|
lab29-3-<0.5663.0>-T3: Msg #2161, C-Out: 23.10 18:11:31,170| HBQ-In: 23.10 18:11:31,171| DQ-In: 23.10 18:11:31,253| C-In: 23.10 18:11:31,596|
lab29-33-<0.3306.0>-T3: Msg #2162, C-Out: 23.10 18:11:31,192| HBQ-In: 23.10 18:11:31,192| DQ-In: 23.10 18:11:31,253| C-In: 23.10 18:11:31,596|
lab29-23-<0.4130.0>-T3: Msg #2163, C-Out: 23.10 18:11:31,192| HBQ-In: 23.10 18:11:31,192| DQ-In: 23.10 18:11:31,253| C-In: 23.10 18:11:31,597|
Fehlernachricht fuer Luecke von 2164 bis 2164 C-In: 23.10 18:11:31,597|
lab29-28-<0.3729.0>-T3: Msg #2165, C-Out: 23.10 18:11:31,203| HBQ-In: 23.10 18:11:31,203| DQ-In: 23.10 18:11:31,382| C-In: 23.10 18:11:31,598|
lab29-18-<0.4519.0>-T3: Msg #2166, C-Out: 23.10 18:11:31,212| HBQ-In: 23.10 18:11:31,212| DQ-In: 23.10 18:11:31,382| C-In: 23.10 18:11:31,598|
Fehlernachricht fuer Luecke von 2167 bis 2169 C-In: 23.10 18:11:31,599|
lab29-13-<0.4921.0>-T3: Msg #2170, C-Out: 23.10 18:11:31,253| HBQ-In: 23.10 18:11:31,253| DQ-In: 23.10 18:11:31,411| C-In: 23.10 18:11:31,601|
Fehlernachricht fuer Luecke von 2171 bis 2174 C-In: 23.10 18:11:31,601|
lab29-7-<0.5358.0>-T3: Msg #2175, C-Out: 23.10 18:11:31,368| HBQ-In: 23.10 18:11:31,368| DQ-In: 23.10 18:11:31,432| C-In: 23.10 18:11:31,602|
lab29-2-<0.5741.0>-T3: Msg #2176, C-Out: 23.10 18:11:31,377| HBQ-In: 23.10 18:11:31,378| DQ-In: 23.10 18:11:31,432| C-In: 23.10 18:11:31,602|
Fehlernachricht fuer Luecke von 2177 bis 2177 C-In: 23.10 18:11:31,603|
lab29-32-<0.3394.0>-T3: Msg #2178, C-Out: 23.10 18:11:31,382| HBQ-In: 23.10 18:11:31,382| DQ-In: 23.10 18:11:31,572| C-In: 23.10 18:11:31,610|
Fehlernachricht fuer Luecke von 2179 bis 2180 C-In: 23.10 18:11:31,611|
lab29-27-<0.3815.0>-T3: Msg #2181, C-Out: 23.10 18:11:31,404| HBQ-In: 23.10 18:11:31,404| DQ-In: 23.10 18:11:31,582| C-In: 23.10 18:11:31,611|
Fehlernachricht fuer Luecke von 2182 bis 2182 C-In: 23.10 18:11:31,611|
lab29-22-<0.4210.0>-T3: Msg #2183, C-Out: 23.10 18:11:31,410| HBQ-In: 23.10 18:11:31,411| DQ-In: 23.10 18:11:31,587| C-In: 23.10 18:11:31,612|
lab29-17-<0.4601.0>-T3: Msg #2184, C-Out: 23.10 18:11:31,432| HBQ-In: 23.10 18:11:31,432| DQ-In: 23.10 18:11:31,587| C-In: 23.10 18:11:31,612|
lab29-12-<0.4991.0>-T3: Msg #2185, C-Out: 23.10 18:11:31,432| HBQ-In: 23.10 18:11:31,432| DQ-In: 23.10 18:11:31,587| C-In: 23.10 18:11:31,613|
ReceiveMsgs done
lab29-6-<0.5440.0>-T3: Msg #2309, C-Out: 23.10 18:11:32,614| gesendet
lab29-6-<0.5440.0>-T3: Msg #2392, C-Out: 23.10 18:11:33,615| gesendet
lab29-6-<0.5440.0>-T3: Msg #2472, C-Out: 23.10 18:11:34,616| gesendet
lab29-6-<0.5440.0>-T3: Msg #2545, C-Out: 23.10 18:11:35,618| gesendet
lab29-6-<0.5440.0>-T3: Msg #2641, C-Out: 23.10 18:11:36,620| gesendet
Neues Intervall: 1.5 Sekunden
Msg #2707 um 23.10 18:11:36,621| vergessen zu senden
lab29-1-<0.5818.0>-T3: Msg #2479, C-Out: 23.10 18:11:34,637| HBQ-In: 23.10 18:11:34,637| DQ-In: 23.10 18:11:35,025| C-In: 23.10 18:11:36,622|
Fehlernachricht fuer Luecke von 2480 bis 2486 C-In: 23.10 18:11:36,624|
lab29-15-<0.4762.0>-T3: Msg #2487, C-Out: 23.10 18:11:34,812| HBQ-In: 23.10 18:11:34,812| DQ-In: 23.10 18:11:35,025| C-In: 23.10 18:11:36,624|
Fehlernachricht fuer Luecke von 2488 bis 2489 C-In: 23.10 18:11:36,624|
lab29-5-<0.5513.0>-T3: Msg #2490, C-Out: 23.10 18:11:34,828| HBQ-In: 23.10 18:11:34,828| DQ-In: 23.10 18:11:35,211| C-In: 23.10 18:11:36,627|
lab29-10-<0.5112.0>-T3: Msg #2491, C-Out: 23.10 18:11:34,838| HBQ-In: 23.10 18:11:34,838| DQ-In: 23.10 18:11:35,211| C-In: 23.10 18:11:36,628|
Fehlernachricht fuer Luecke von 2492 bis 2499 C-In: 23.10 18:11:36,628|
lab29-4-<0.5587.0>-T3: Msg #2500, C-Out: 23.10 18:11:35,012| HBQ-In: 23.10 18:11:35,012| DQ-In: 23.10 18:11:35,270| C-In: 23.10 18:11:36,628|
Fehlernachricht fuer Luecke von 2501 bis 2501 C-In: 23.10 18:11:36,629|
lab29-9-<0.5191.0>-T3: Msg #2502, C-Out: 23.10 18:11:35,025| HBQ-In: 23.10 18:11:35,025| DQ-In: 23.10 18:11:35,423| C-In: 23.10 18:11:36,629|
Fehlernachricht fuer Luecke von 2503 bis 2503 C-In: 23.10 18:11:36,629|
lab29-14-<0.4846.0>-T3: Msg #2504, C-Out: 23.10 18:11:35,025| HBQ-In: 23.10 18:11:35,025| DQ-In: 23.10 18:11:35,436| C-In: 23.10 18:11:36,630|
Fehlernachricht fuer Luecke von 2505 bis 2514 C-In: 23.10 18:11:36,630|
lab29-8-<0.5273.0>-T3: Msg #2515, C-Out: 23.10 18:11:35,211| HBQ-In: 23.10 18:11:35,211| DQ-In: 23.10 18:11:35,441| C-In: 23.10 18:11:36,631|
Fehlernachricht fuer Luecke von 2516 bis 2518 C-In: 23.10 18:11:36,631|
lab29-3-<0.5663.0>-T3: Msg #2519, C-Out: 23.10 18:11:35,229| HBQ-In: 23.10 18:11:35,229| DQ-In: 23.10 18:11:35,618| C-In: 23.10 18:11:36,632|
Fehlernachricht fuer Luecke von 2520 bis 2521 C-In: 23.10 18:11:36,632|
lab29-13-<0.4921.0>-T3: Msg #2522, C-Out: 23.10 18:11:35,270| HBQ-In: 23.10 18:11:35,270| DQ-In: 23.10 18:11:35,625| C-In: 23.10 18:11:36,632|
Fehlernachricht fuer Luecke von 2523 bis 2528 C-In: 23.10 18:11:36,633|
lab29-7-<0.5358.0>-T3: Msg #2529, C-Out: 23.10 18:11:35,423| HBQ-In: 23.10 18:11:35,423| DQ-In: 23.10 18:11:35,641| C-In: 23.10 18:11:36,633|
Fehlernachricht fuer Luecke von 2530 bis 2531 C-In: 23.10 18:11:36,636|
lab29-2-<0.5741.0>-T3: Msg #2532, C-Out: 23.10 18:11:35,436| HBQ-In: 23.10 18:11:35,436| DQ-In: 23.10 18:11:35,829| C-In: 23.10 18:11:36,636|
lab29-12-<0.4991.0>-T3: Msg #2533, C-Out: 23.10 18:11:35,437| HBQ-In: 23.10 18:11:35,441| DQ-In: 23.10 18:11:35,829| C-In: 23.10 18:11:36,639|
Fehlernachricht fuer Luecke von 2534 bis 2536 C-In: 23.10 18:11:36,639|
lab29-17-<0.4601.0>-T3: Msg #2537, C-Out: 23.10 18:11:35,983| HBQ-In: 23.10 18:11:35,983| DQ-In: 23.10 18:11:35,983| C-In: 23.10 18:11:36,640|
Fehlernachricht fuer Luecke von 2538 bis 2544 C-In: 23.10 18:11:36,640|
lab29-6-<0.5440.0>-T3: Msg #2545, C-Out: 23.10 18:11:35,618| HBQ-In: 23.10 18:11:35,618| DQ-In: 23.10 18:11:36,015|******* C-In: 23.10 18:11:36,640|
Fehlernachricht fuer Luecke von 2546 bis 2546 C-In: 23.10 18:11:36,641|
lab29-11-<0.5067.0>-T3: Msg #2547, C-Out: 23.10 18:11:35,623| HBQ-In: 23.10 18:11:35,625| DQ-In: 23.10 18:11:36,028| C-In: 23.10 18:11:36,641|
lab29-31-<0.3480.0>-T3: Msg #2548, C-Out: 23.10 18:11:36,126| HBQ-In: 23.10 18:11:36,127| DQ-In: 23.10 18:11:36,127| C-In: 23.10 18:11:36,643|
Fehlernachricht fuer Luecke von 2549 bis 2549 C-In: 23.10 18:11:36,644|
lab29-1-<0.5818.0>-T3: Msg #2550, C-Out: 23.10 18:11:35,640| HBQ-In: 23.10 18:11:35,641| DQ-In: 23.10 18:11:36,168| C-In: 23.10 18:11:36,645|
Fehlernachricht fuer Luecke von 2551 bis 2551 C-In: 23.10 18:11:36,645|
lab29-16-<0.4681.0>-T3: Msg #2552, C-Out: 23.10 18:11:36,167| HBQ-In: 23.10 18:11:36,168| DQ-In: 23.10 18:11:36,212| C-In: 23.10 18:11:36,647|
Fehlernachricht fuer Luecke von 2553 bis 2554 C-In: 23.10 18:11:36,647|
2-client@lab23: 2555. Nachricht--Gruppe:1-Team:5-Sendezeit:18:11:34 HBQ-In: 23.10 18:11:34,752| DQ-In: 23.10 18:11:36,230| C-In: 23.10 18:11:36,648|
1-client@lab23: 2556. Nachricht--Gruppe:1-Team:5-Sendezeit:18:11:34 HBQ-In: 23.10 18:11:34,753| DQ-In: 23.10 18:11:36,230| C-In: 23.10 18:11:36,648|
5-client@lab23: 2557. Nachricht--Gruppe:1-Team:5-Sendezeit:18:11:34 HBQ-In: 23.10 18:11:34,753| DQ-In: 23.10 18:11:36,230| C-In: 23.10 18:11:36,649|
2-client@lab23: 2558. Nachricht--Gruppe:1-Team:5-Sendezeit:18:11:34 HBQ-In: 23.10 18:11:34,758| DQ-In: 23.10 18:11:36,230| C-In: 23.10 18:11:36,649|
1-client@lab23: 2559. Nachricht--Gruppe:1-Team:5-Sendezeit:18:11:34 HBQ-In: 23.10 18:11:34,758| DQ-In: 23.10 18:11:36,230| C-In: 23.10 18:11:36,649|
5-client@lab23: 2560. Nachricht--Gruppe:1-Team:5-Sendezeit:18:11:34 HBQ-In: 23.10 18:11:34,758| DQ-In: 23.10 18:11:36,230| C-In: 23.10 18:11:36,650|
lab29-23-<0.4130.0>-T3: Msg #2561, C-Out: 23.10 18:11:36,270| HBQ-In: 23.10 18:11:36,277| DQ-In: 23.10 18:11:36,277| C-In: 23.10 18:11:36,650|
Fehlernachricht fuer Luecke von 2562 bis 2562 C-In: 23.10 18:11:36,653|
2-client@lab23: 2563. Nachricht--Gruppe:1-Team:5-Sendezeit:18:11:34 HBQ-In: 23.10 18:11:34,764| DQ-In: 23.10 18:11:36,437| C-In: 23.10 18:11:36,656|
5-client@lab23: 2564. Nachricht--Gruppe:1-Team:5-Sendezeit:18:11:34 HBQ-In: 23.10 18:11:34,764| DQ-In: 23.10 18:11:36,437| C-In: 23.10 18:11:36,662|
1-client@lab23: 2565. Nachricht--Gruppe:1-Team:5-Sendezeit:18:11:34 HBQ-In: 23.10 18:11:34,764| DQ-In: 23.10 18:11:36,437| C-In: 23.10 18:11:36,664|
2-client@lab23: 2566. Nachricht--Gruppe:1-Team:5-Sendezeit:18:11:34 HBQ-In: 23.10 18:11:34,767| DQ-In: 23.10 18:11:36,437| C-In: 23.10 18:11:36,665|
1-client@lab23: 2567. Nachricht--Gruppe:1-Team:5-Sendezeit:18:11:34 HBQ-In: 23.10 18:11:34,767| DQ-In: 23.10 18:11:36,437| C-In: 23.10 18:11:36,665|
5-client@lab23: 2568. Nachricht--Gruppe:1-Team:5-Sendezeit:18:11:34 HBQ-In: 23.10 18:11:34,768| DQ-In: 23.10 18:11:36,437| C-In: 23.10 18:11:36,666|
lab29-38-<0.2880.0>-T3: Msg #2569, C-Out: 23.10 18:11:36,270| HBQ-In: 23.10 18:11:36,277| DQ-In: 23.10 18:11:36,437| C-In: 23.10 18:11:36,666|
Fehlernachricht fuer Luecke von 2570 bis 2572 C-In: 23.10 18:11:36,666|
4-client@lab23: 2573. Nachricht--Gruppe:1-Team:5-Sendezeit:18:11:34 HBQ-In: 23.10 18:11:34,778| DQ-In: 23.10 18:11:36,639| C-In: 23.10 18:11:36,667|
3-client@lab23: 2574. Nachricht--Gruppe:1-Team:5-Sendezeit:18:11:34 HBQ-In: 23.10 18:11:34,778| DQ-In: 23.10 18:11:36,639| C-In: 23.10 18:11:36,667|
ReceiveMsgs done
lab29-6-<0.5440.0>-T3: Msg #2711, C-Out: 23.10 18:11:38,169| gesendet
lab29-6-<0.5440.0>-T3: Msg #2817, C-Out: 23.10 18:11:39,671| gesendet
