lab29-20-<0.4365.0>-T3 C-Start: 23.10 18:11:23,743|
lab29-20-<0.4365.0>-T3: Msg #1544, C-Out: 23.10 18:11:24,746| gesendet
lab29-20-<0.4365.0>-T3: Msg #1631, C-Out: 23.10 18:11:25,747| gesendet
lab29-20-<0.4365.0>-T3: Msg #1718, C-Out: 23.10 18:11:26,749| gesendet
lab29-20-<0.4365.0>-T3: Msg #1839, C-Out: 23.10 18:11:27,750| gesendet
lab29-20-<0.4365.0>-T3: Msg #1932, C-Out: 23.10 18:11:28,751| gesendet
Neues Intervall: 1 Sekunden
Msg #2032 um 23.10 18:11:28,752| vergessen zu senden
2-client@lab23: 1821. Nachricht--Gruppe:1-Team:5-Sendezeit:18:11:26 HBQ-In: 23.10 18:11:26,644| DQ-In: 23.10 18:11:27,766| C-In: 23.10 18:11:28,753|
5-client@lab23: 1822. Nachricht--Gruppe:1-Team:5-Sendezeit:18:11:26 HBQ-In: 23.10 18:11:26,644| DQ-In: 23.10 18:11:27,766| C-In: 23.10 18:11:28,753|
1-client@lab23: 1823. Nachricht--Gruppe:1-Team:5-Sendezeit:18:11:26 HBQ-In: 23.10 18:11:26,644| DQ-In: 23.10 18:11:27,766| C-In: 23.10 18:11:28,753|
4-client@lab23: 1824. Nachricht--Gruppe:1-Team:5-Sendezeit:18:11:26 HBQ-In: 23.10 18:11:26,645| DQ-In: 23.10 18:11:27,766| C-In: 23.10 18:11:28,754|
3-client@lab23: 1825. Nachricht--Gruppe:1-Team:5-Sendezeit:18:11:26 HBQ-In: 23.10 18:11:26,645| DQ-In: 23.10 18:11:27,766| C-In: 23.10 18:11:28,754|
Fehlernachricht fuer Luecke von 1826 bis 1837 C-In: 23.10 18:11:28,755|
lab29-25-<0.3973.0>-T3: Msg #1838, C-Out: 23.10 18:11:27,750| HBQ-In: 23.10 18:11:27,750| DQ-In: 23.10 18:11:28,163| C-In: 23.10 18:11:28,755|
lab29-20-<0.4365.0>-T3: Msg #1839, C-Out: 23.10 18:11:27,750| HBQ-In: 23.10 18:11:27,750| DQ-In: 23.10 18:11:28,163|******* C-In: 23.10 18:11:28,759|
lab29-35-<0.3134.0>-T3: Msg #1840, C-Out: 23.10 18:11:27,751| HBQ-In: 23.10 18:11:27,751| DQ-In: 23.10 18:11:28,163| C-In: 23.10 18:11:28,759|
lab29-15-<0.4762.0>-T3: Msg #1841, C-Out: 23.10 18:11:27,753| HBQ-In: 23.10 18:11:27,753| DQ-In: 23.10 18:11:28,163| C-In: 23.10 18:11:28,762|
lab29-10-<0.5112.0>-T3: Msg #1842, C-Out: 23.10 18:11:27,756| HBQ-In: 23.10 18:11:27,756| DQ-In: 23.10 18:11:28,163| C-In: 23.10 18:11:28,764|
lab29-5-<0.5513.0>-T3: Msg #1843, C-Out: 23.10 18:11:27,766| HBQ-In: 23.10 18:11:27,766| DQ-In: 23.10 18:11:28,163| C-In: 23.10 18:11:28,767|
lab29-40-<0.2707.0>-T3: Msg #1844, C-Out: 23.10 18:11:27,766| HBQ-In: 23.10 18:11:27,766| DQ-In: 23.10 18:11:28,163| C-In: 23.10 18:11:28,769|
lab29-70-<0.519.0>-T3: Msg #1845, C-Out: 23.10 18:11:28,271| HBQ-In: 23.10 18:11:28,271| DQ-In: 23.10 18:11:28,271| C-In: 23.10 18:11:28,769|
lab29-45-<0.2293.0>-T3: Msg #1846, C-Out: 23.10 18:11:27,772| HBQ-In: 23.10 18:11:27,772| DQ-In: 23.10 18:11:28,271| C-In: 23.10 18:11:28,770|
Fehlernachricht fuer Luecke von 1847 bis 1847 C-In: 23.10 18:11:28,770|
lab29-30-<0.3559.0>-T3: Msg #1848, C-Out: 23.10 18:11:27,805| HBQ-In: 23.10 18:11:27,805| DQ-In: 23.10 18:11:28,355| C-In: 23.10 18:11:28,770|
lab29-50-<0.1864.0>-T3: Msg #1849, C-Out: 23.10 18:11:27,812| HBQ-In: 23.10 18:11:27,812| DQ-In: 23.10 18:11:28,355| C-In: 23.10 18:11:28,770|
lab29-55-<0.1513.0>-T3: Msg #1850, C-Out: 23.10 18:11:28,311| HBQ-In: 23.10 18:11:28,312| DQ-In: 23.10 18:11:28,355| C-In: 23.10 18:11:28,771|
Fehlernachricht fuer Luecke von 1851 bis 1854 C-In: 23.10 18:11:28,771|
lab29-24-<0.4051.0>-T3: Msg #1855, C-Out: 23.10 18:11:27,947| HBQ-In: 23.10 18:11:27,947| DQ-In: 23.10 18:11:28,376| C-In: 23.10 18:11:28,772|
lab29-19-<0.4442.0>-T3: Msg #1856, C-Out: 23.10 18:11:27,951| HBQ-In: 23.10 18:11:27,953| DQ-In: 23.10 18:11:28,376| C-In: 23.10 18:11:28,774|
Fehlernachricht fuer Luecke von 1857 bis 1857 C-In: 23.10 18:11:28,774|
lab29-14-<0.4846.0>-T3: Msg #1858, C-Out: 23.10 18:11:27,955| HBQ-In: 23.10 18:11:27,955| DQ-In: 23.10 18:11:28,382| C-In: 23.10 18:11:28,776|
lab29-9-<0.5191.0>-T3: Msg #1859, C-Out: 23.10 18:11:27,959| HBQ-In: 23.10 18:11:27,959| DQ-In: 23.10 18:11:28,382| C-In: 23.10 18:11:28,779|
Fehlernachricht fuer Luecke von 1860 bis 1860 C-In: 23.10 18:11:28,779|
lab29-39-<0.2795.0>-T3: Msg #1861, C-Out: 23.10 18:11:27,964| HBQ-In: 23.10 18:11:27,964| DQ-In: 23.10 18:11:28,401| C-In: 23.10 18:11:28,780|
lab29-49-<0.1950.0>-T3: Msg #1862, C-Out: 23.10 18:11:27,964| HBQ-In: 23.10 18:11:27,964| DQ-In: 23.10 18:11:28,401| C-In: 23.10 18:11:28,782|
lab29-4-<0.5587.0>-T3: Msg #1863, C-Out: 23.10 18:11:27,964| HBQ-In: 23.10 18:11:27,964| DQ-In: 23.10 18:11:28,401| C-In: 23.10 18:11:28,783|
lab29-44-<0.2376.0>-T3: Msg #1864, C-Out: 23.10 18:11:27,970| HBQ-In: 23.10 18:11:27,970| DQ-In: 23.10 18:11:28,401| C-In: 23.10 18:11:28,785|
Fehlernachricht fuer Luecke von 1865 bis 1865 C-In: 23.10 18:11:28,788|
lab29-34-<0.3220.0>-T3: Msg #1866, C-Out: 23.10 18:11:27,978| HBQ-In: 23.10 18:11:27,978| DQ-In: 23.10 18:11:28,557| C-In: 23.10 18:11:28,788|
lab29-69-<0.583.0>-T3: Msg #1867, C-Out: 23.10 18:11:28,482| HBQ-In: 23.10 18:11:28,482| DQ-In: 23.10 18:11:28,557| C-In: 23.10 18:11:28,788|
lab29-29-<0.3641.0>-T3: Msg #1868, C-Out: 23.10 18:11:27,991| HBQ-In: 23.10 18:11:27,992| DQ-In: 23.10 18:11:28,557| C-In: 23.10 18:11:28,790|
lab29-54-<0.1586.0>-T3: Msg #1869, C-Out: 23.10 18:11:28,519| HBQ-In: 23.10 18:11:28,519| DQ-In: 23.10 18:11:28,557| C-In: 23.10 18:11:28,797|
Fehlernachricht fuer Luecke von 1870 bis 1874 C-In: 23.10 18:11:28,797|
lab29-23-<0.4130.0>-T3: Msg #1875, C-Out: 23.10 18:11:28,149| HBQ-In: 23.10 18:11:28,149| DQ-In: 23.10 18:11:28,570| C-In: 23.10 18:11:28,797|
lab29-18-<0.4519.0>-T3: Msg #1876, C-Out: 23.10 18:11:28,153| HBQ-In: 23.10 18:11:28,153| DQ-In: 23.10 18:11:28,570| C-In: 23.10 18:11:28,798|
Fehlernachricht fuer Luecke von 1877 bis 1877 C-In: 23.10 18:11:28,798|
lab29-13-<0.4921.0>-T3: Msg #1878, C-Out: 23.10 18:11:28,159| HBQ-In: 23.10 18:11:28,160| DQ-In: 23.10 18:11:28,582| C-In: 23.10 18:11:28,798|
lab29-8-<0.5273.0>-T3: Msg #1879, C-Out: 23.10 18:11:28,162| HBQ-In: 23.10 18:11:28,162| DQ-In: 23.10 18:11:28,582| C-In: 23.10 18:11:28,799|
lab29-48-<0.2035.0>-T3: Msg #1880, C-Out: 23.10 18:11:28,163| HBQ-In: 23.10 18:11:28,163| DQ-In: 23.10 18:11:28,582| C-In: 23.10 18:11:28,799|
lab29-83-<0.147.0>-T3: Msg #1881, C-Out: 23.10 18:11:28,663| HBQ-In: 23.10 18:11:28,663| DQ-In: 23.10 18:11:28,663| C-In: 23.10 18:11:28,799|
lab29-38-<0.2880.0>-T3: Msg #1882, C-Out: 23.10 18:11:28,163| HBQ-In: 23.10 18:11:28,163| DQ-In: 23.10 18:11:28,663| C-In: 23.10 18:11:28,799|
lab29-3-<0.5663.0>-T3: Msg #1883, C-Out: 23.10 18:11:28,164| HBQ-In: 23.10 18:11:28,164| DQ-In: 23.10 18:11:28,663| C-In: 23.10 18:11:28,800|
lab29-43-<0.2458.0>-T3: Msg #1884, C-Out: 23.10 18:11:28,181| HBQ-In: 23.10 18:11:28,181| DQ-In: 23.10 18:11:28,663| C-In: 23.10 18:11:28,800|
lab29-33-<0.3306.0>-T3: Msg #1885, C-Out: 23.10 18:11:28,181| HBQ-In: 23.10 18:11:28,181| DQ-In: 23.10 18:11:28,663| C-In: 23.10 18:11:28,800|
lab29-28-<0.3729.0>-T3: Msg #1886, C-Out: 23.10 18:11:28,199| HBQ-In: 23.10 18:11:28,199| DQ-In: 23.10 18:11:28,663| C-In: 23.10 18:11:28,800|
lab29-53-<0.1650.0>-T3: Msg #1887, C-Out: 23.10 18:11:28,699| HBQ-In: 23.10 18:11:28,699| DQ-In: 23.10 18:11:28,699| C-In: 23.10 18:11:28,801|
lab29-68-<0.633.0>-T3: Msg #1888, C-Out: 23.10 18:11:28,735| HBQ-In: 23.10 18:11:28,736| DQ-In: 23.10 18:11:28,736| C-In: 23.10 18:11:28,801|
Fehlernachricht fuer Luecke von 1889 bis 1890 C-In: 23.10 18:11:28,801|
lab29-22-<0.4210.0>-T3: Msg #1891, C-Out: 23.10 18:11:28,347| HBQ-In: 23.10 18:11:28,347| DQ-In: 23.10 18:11:28,769| C-In: 23.10 18:11:28,802|
Fehlernachricht fuer Luecke von 1892 bis 1892 C-In: 23.10 18:11:28,802|
lab29-17-<0.4601.0>-T3: Msg #1893, C-Out: 23.10 18:11:28,352| HBQ-In: 23.10 18:11:28,352| DQ-In: 23.10 18:11:28,774| C-In: 23.10 18:11:28,802|
lab29-12-<0.4991.0>-T3: Msg #1894, C-Out: 23.10 18:11:28,354| HBQ-In: 23.10 18:11:28,355| DQ-In: 23.10 18:11:28,774| C-In: 23.10 18:11:28,802|
lab29-7-<0.5358.0>-T3: Msg #1895, C-Out: 23.10 18:11:28,360| HBQ-In: 23.10 18:11:28,360| DQ-In: 23.10 18:11:28,774| C-In: 23.10 18:11:28,803|
lab29-2-<0.5741.0>-T3: Msg #1896, C-Out: 23.10 18:11:28,370| HBQ-In: 23.10 18:11:28,370| DQ-In: 23.10 18:11:28,774| C-In: 23.10 18:11:28,803|
ReceiveMsgs done
lab29-20-<0.4365.0>-T3: Msg #2041, C-Out: 23.10 18:11:29,804| gesendet
lab29-20-<0.4365.0>-T3: Msg #2131, C-Out: 23.10 18:11:30,806| gesendet
lab29-20-<0.4365.0>-T3: Msg #2244, C-Out: 23.10 18:11:31,807| gesendet
lab29-20-<0.4365.0>-T3: Msg #2327, C-Out: 23.10 18:11:32,810| gesendet
lab29-20-<0.4365.0>-T3: Msg #2413, C-Out: 23.10 18:11:33,811| gesendet
Neues Intervall: 1.5 Sekunden
Msg #2488 um 23.10 18:11:33,812| vergessen zu senden
lab29-27-<0.3815.0>-T3: Msg #2292, C-Out: 23.10 18:11:32,405| HBQ-In: 23.10 18:11:32,405| DQ-In: 23.10 18:11:33,031| C-In: 23.10 18:11:33,813|
lab29-22-<0.4210.0>-T3: Msg #2293, C-Out: 23.10 18:11:32,412| HBQ-In: 23.10 18:11:32,412| DQ-In: 23.10 18:11:33,031| C-In: 23.10 18:11:33,815|
lab29-7-<0.5358.0>-T3: Msg #2294, C-Out: 23.10 18:11:32,418| HBQ-In: 23.10 18:11:32,418| DQ-In: 23.10 18:11:33,031| C-In: 23.10 18:11:33,815|
lab29-32-<0.3394.0>-T3: Msg #2295, C-Out: 23.10 18:11:32,923| HBQ-In: 23.10 18:11:32,923| DQ-In: 23.10 18:11:33,031| C-In: 23.10 18:11:33,816|
lab29-47-<0.2127.0>-T3: Msg #2296, C-Out: 23.10 18:11:32,927| HBQ-In: 23.10 18:11:32,927| DQ-In: 23.10 18:11:33,031| C-In: 23.10 18:11:33,818|
lab29-62-<0.1043.0>-T3: Msg #2297, C-Out: 23.10 18:11:32,931| HBQ-In: 23.10 18:11:32,931| DQ-In: 23.10 18:11:33,031| C-In: 23.10 18:11:33,818|
lab29-12-<0.4991.0>-T3: Msg #2298, C-Out: 23.10 18:11:32,433| HBQ-In: 23.10 18:11:32,433| DQ-In: 23.10 18:11:33,031| C-In: 23.10 18:11:33,818|
lab29-17-<0.4601.0>-T3: Msg #2299, C-Out: 23.10 18:11:32,433| HBQ-In: 23.10 18:11:32,433| DQ-In: 23.10 18:11:33,031| C-In: 23.10 18:11:33,819|
Fehlernachricht fuer Luecke von 2300 bis 2301 C-In: 23.10 18:11:33,819|
lab29-54-<0.1586.0>-T3: Msg #2302, C-Out: 23.10 18:11:33,029| HBQ-In: 23.10 18:11:33,029| DQ-In: 23.10 18:11:33,225| C-In: 23.10 18:11:33,821|
lab29-39-<0.2795.0>-T3: Msg #2303, C-Out: 23.10 18:11:33,030| HBQ-In: 23.10 18:11:33,031| DQ-In: 23.10 18:11:33,225| C-In: 23.10 18:11:33,822|
Fehlernachricht fuer Luecke von 2304 bis 2305 C-In: 23.10 18:11:33,822|
lab29-1-<0.5818.0>-T3: Msg #2306, C-Out: 23.10 18:11:32,583| HBQ-In: 23.10 18:11:32,583| DQ-In: 23.10 18:11:33,261| C-In: 23.10 18:11:33,823|
Fehlernachricht fuer Luecke von 2307 bis 2307 C-In: 23.10 18:11:33,823|
lab29-26-<0.3898.0>-T3: Msg #2308, C-Out: 23.10 18:11:32,599| HBQ-In: 23.10 18:11:32,599| DQ-In: 23.10 18:11:33,281| C-In: 23.10 18:11:33,823|
lab29-6-<0.5440.0>-T3: Msg #2309, C-Out: 23.10 18:11:32,614| HBQ-In: 23.10 18:11:32,614| DQ-In: 23.10 18:11:33,282| C-In: 23.10 18:11:33,824|
lab29-46-<0.2213.0>-T3: Msg #2310, C-Out: 23.10 18:11:33,120| HBQ-In: 23.10 18:11:33,120| DQ-In: 23.10 18:11:33,282| C-In: 23.10 18:11:33,824|
lab29-21-<0.4291.0>-T3: Msg #2311, C-Out: 23.10 18:11:32,620| HBQ-In: 23.10 18:11:32,620| DQ-In: 23.10 18:11:33,282| C-In: 23.10 18:11:33,825|
lab29-11-<0.5067.0>-T3: Msg #2312, C-Out: 23.10 18:11:32,620| HBQ-In: 23.10 18:11:32,620| DQ-In: 23.10 18:11:33,282| C-In: 23.10 18:11:33,827|
lab29-31-<0.3480.0>-T3: Msg #2313, C-Out: 23.10 18:11:33,124| HBQ-In: 23.10 18:11:33,124| DQ-In: 23.10 18:11:33,282| C-In: 23.10 18:11:33,827|
lab29-16-<0.4681.0>-T3: Msg #2314, C-Out: 23.10 18:11:32,629| HBQ-In: 23.10 18:11:32,629| DQ-In: 23.10 18:11:33,282| C-In: 23.10 18:11:33,828|
lab29-61-<0.1100.0>-T3: Msg #2315, C-Out: 23.10 18:11:33,142| HBQ-In: 23.10 18:11:33,142| DQ-In: 23.10 18:11:33,282| C-In: 23.10 18:11:33,830|
Fehlernachricht fuer Luecke von 2316 bis 2317 C-In: 23.10 18:11:33,830|
lab29-53-<0.1650.0>-T3: Msg #2318, C-Out: 23.10 18:11:33,208| HBQ-In: 23.10 18:11:33,208| DQ-In: 23.10 18:11:33,453| C-In: 23.10 18:11:33,831|
Fehlernachricht fuer Luecke von 2319 bis 2319 C-In: 23.10 18:11:33,831|
lab29-38-<0.2880.0>-T3: Msg #2320, C-Out: 23.10 18:11:33,261| HBQ-In: 23.10 18:11:33,261| DQ-In: 23.10 18:11:33,454| C-In: 23.10 18:11:33,831|
lab29-60-<0.1170.0>-T3: Msg #2321, C-Out: 23.10 18:11:33,280| HBQ-In: 23.10 18:11:33,281| DQ-In: 23.10 18:11:33,454| C-In: 23.10 18:11:33,832|
Fehlernachricht fuer Luecke von 2322 bis 2324 C-In: 23.10 18:11:33,832|
lab29-25-<0.3973.0>-T3: Msg #2325, C-Out: 23.10 18:11:32,807| HBQ-In: 23.10 18:11:32,807| DQ-In: 23.10 18:11:33,529| C-In: 23.10 18:11:33,832|
lab29-15-<0.4762.0>-T3: Msg #2326, C-Out: 23.10 18:11:32,807| HBQ-In: 23.10 18:11:32,808| DQ-In: 23.10 18:11:33,529| C-In: 23.10 18:11:33,833|
lab29-20-<0.4365.0>-T3: Msg #2327, C-Out: 23.10 18:11:32,810| HBQ-In: 23.10 18:11:32,810| DQ-In: 23.10 18:11:33,529|******* C-In: 23.10 18:11:33,833|
Fehlernachricht fuer Luecke von 2328 bis 2328 C-In: 23.10 18:11:33,833|
lab29-5-<0.5513.0>-T3: Msg #2329, C-Out: 23.10 18:11:32,825| HBQ-In: 23.10 18:11:32,825| DQ-In: 23.10 18:11:33,621| C-In: 23.10 18:11:33,834|
lab29-45-<0.2293.0>-T3: Msg #2330, C-Out: 23.10 18:11:33,330| HBQ-In: 23.10 18:11:33,330| DQ-In: 23.10 18:11:33,621| C-In: 23.10 18:11:33,834|
lab29-10-<0.5112.0>-T3: Msg #2331, C-Out: 23.10 18:11:32,832| HBQ-In: 23.10 18:11:32,833| DQ-In: 23.10 18:11:33,621| C-In: 23.10 18:11:33,834|
lab29-30-<0.3559.0>-T3: Msg #2332, C-Out: 23.10 18:11:33,354| HBQ-In: 23.10 18:11:33,354| DQ-In: 23.10 18:11:33,621| C-In: 23.10 18:11:33,835|
Fehlernachricht fuer Luecke von 2333 bis 2335 C-In: 23.10 18:11:33,835|
lab29-52-<0.1713.0>-T3: Msg #2336, C-Out: 23.10 18:11:33,452| HBQ-In: 23.10 18:11:33,453| DQ-In: 23.10 18:11:33,635| C-In: 23.10 18:11:33,835|
lab29-37-<0.2967.0>-T3: Msg #2337, C-Out: 23.10 18:11:33,453| HBQ-In: 23.10 18:11:33,454| DQ-In: 23.10 18:11:33,635| C-In: 23.10 18:11:33,836|
Fehlernachricht fuer Luecke von 2338 bis 2339 C-In: 23.10 18:11:33,836|
lab29-24-<0.4051.0>-T3: Msg #2340, C-Out: 23.10 18:11:32,979| HBQ-In: 23.10 18:11:32,979| DQ-In: 23.10 18:11:33,711| C-In: 23.10 18:11:33,838|
Fehlernachricht fuer Luecke von 2341 bis 2341 C-In: 23.10 18:11:33,839|
lab29-59-<0.1234.0>-T3: Msg #2342, C-Out: 23.10 18:11:33,498| HBQ-In: 23.10 18:11:33,498| DQ-In: 23.10 18:11:33,734| C-In: 23.10 18:11:33,841|
Fehlernachricht fuer Luecke von 2343 bis 2343 C-In: 23.10 18:11:33,842|
lab29-4-<0.5587.0>-T3: Msg #2344, C-Out: 23.10 18:11:33,007| HBQ-In: 23.10 18:11:33,007| DQ-In: 23.10 18:11:33,749| C-In: 23.10 18:11:33,846|
lab29-9-<0.5191.0>-T3: Msg #2345, C-Out: 23.10 18:11:33,021| HBQ-In: 23.10 18:11:33,021| DQ-In: 23.10 18:11:33,749| C-In: 23.10 18:11:33,847|
lab29-19-<0.4442.0>-T3: Msg #2346, C-Out: 23.10 18:11:33,021| HBQ-In: 23.10 18:11:33,021| DQ-In: 23.10 18:11:33,749| C-In: 23.10 18:11:33,852|
lab29-14-<0.4846.0>-T3: Msg #2347, C-Out: 23.10 18:11:33,022| HBQ-In: 23.10 18:11:33,022| DQ-In: 23.10 18:11:33,749| C-In: 23.10 18:11:33,856|
lab29-44-<0.2376.0>-T3: Msg #2348, C-Out: 23.10 18:11:33,527| HBQ-In: 23.10 18:11:33,529| DQ-In: 23.10 18:11:33,749| C-In: 23.10 18:11:33,860|
lab29-29-<0.3641.0>-T3: Msg #2349, C-Out: 23.10 18:11:33,564| HBQ-In: 23.10 18:11:33,564| DQ-In: 23.10 18:11:33,749| C-In: 23.10 18:11:33,861|
ReceiveMsgs done
lab29-20-<0.4365.0>-T3: Msg #2492, C-Out: 23.10 18:11:35,362| gesendet
lab29-20-<0.4365.0>-T3: Msg #2622, C-Out: 23.10 18:11:36,897| gesendet
lab29-20-<0.4365.0>-T3: Msg #2732, C-Out: 23.10 18:11:38,402| gesendet
