lab29-40-<0.2707.0>-T3 C-Start: 23.10 18:11:19,719|
lab29-40-<0.2707.0>-T3: Msg #1209, C-Out: 23.10 18:11:20,720| gesendet
lab29-40-<0.2707.0>-T3: Msg #1283, C-Out: 23.10 18:11:21,721| gesendet
lab29-40-<0.2707.0>-T3: Msg #1356, C-Out: 23.10 18:11:22,722| gesendet
lab29-40-<0.2707.0>-T3: Msg #1458, C-Out: 23.10 18:11:23,725| gesendet
lab29-40-<0.2707.0>-T3: Msg #1537, C-Out: 23.10 18:11:24,726| gesendet
Neues Intervall: 1 Sekunden
Msg #1625 um 23.10 18:11:24,726| vergessen zu senden
4-client@lab23: 1442. Nachricht--Gruppe:1-Team:5-Sendezeit:18:11:22 HBQ-In: 23.10 18:11:22,585| DQ-In: 23.10 18:11:23,573| C-In: 23.10 18:11:24,727|
Fehlernachricht fuer Luecke von 1443 bis 1445 C-In: 23.10 18:11:24,727|
3-client@lab23: 1446. Nachricht--Gruppe:1-Team:5-Sendezeit:18:11:22 HBQ-In: 23.10 18:11:22,586| DQ-In: 23.10 18:11:24,134| C-In: 23.10 18:11:24,729|
Fehlernachricht fuer Luecke von 1447 bis 1449 C-In: 23.10 18:11:24,729|
lab29-91-<0.103.0>-T3: Msg #1450, C-Out: 23.10 18:11:24,106| HBQ-In: 23.10 18:11:24,106| DQ-In: 23.10 18:11:24,136| C-In: 23.10 18:11:24,730|
lab29-71-<0.461.0>-T3: Msg #1451, C-Out: 23.10 18:11:23,615| HBQ-In: 23.10 18:11:23,615| DQ-In: 23.10 18:11:24,136| C-In: 23.10 18:11:24,730|
lab29-76-<0.194.0>-T3: Msg #1452, C-Out: 23.10 18:11:24,137| HBQ-In: 23.10 18:11:24,137| DQ-In: 23.10 18:11:24,137| C-In: 23.10 18:11:24,730|
Fehlernachricht fuer Luecke von 1453 bis 1455 C-In: 23.10 18:11:24,731|
lab29-70-<0.519.0>-T3: Msg #1456, C-Out: 23.10 18:11:23,721| HBQ-In: 23.10 18:11:23,721| DQ-In: 23.10 18:11:24,141| C-In: 23.10 18:11:24,731|
lab29-45-<0.2293.0>-T3: Msg #1457, C-Out: 23.10 18:11:23,721| HBQ-In: 23.10 18:11:23,721| DQ-In: 23.10 18:11:24,141| C-In: 23.10 18:11:24,731|
lab29-40-<0.2707.0>-T3: Msg #1458, C-Out: 23.10 18:11:23,725| HBQ-In: 23.10 18:11:23,725| DQ-In: 23.10 18:11:24,141|******* C-In: 23.10 18:11:24,731|
lab29-65-<0.819.0>-T3: Msg #1459, C-Out: 23.10 18:11:23,727| HBQ-In: 23.10 18:11:23,728| DQ-In: 23.10 18:11:24,141| C-In: 23.10 18:11:24,732|
lab29-35-<0.3134.0>-T3: Msg #1460, C-Out: 23.10 18:11:23,727| HBQ-In: 23.10 18:11:23,728| DQ-In: 23.10 18:11:24,141| C-In: 23.10 18:11:24,732|
lab29-30-<0.3559.0>-T3: Msg #1461, C-Out: 23.10 18:11:23,737| HBQ-In: 23.10 18:11:23,738| DQ-In: 23.10 18:11:24,141| C-In: 23.10 18:11:24,733|
lab29-25-<0.3973.0>-T3: Msg #1462, C-Out: 23.10 18:11:23,743| HBQ-In: 23.10 18:11:23,743| DQ-In: 23.10 18:11:24,141| C-In: 23.10 18:11:24,733|
lab29-60-<0.1170.0>-T3: Msg #1463, C-Out: 23.10 18:11:23,743| HBQ-In: 23.10 18:11:23,744| DQ-In: 23.10 18:11:24,141| C-In: 23.10 18:11:24,733|
lab29-55-<0.1513.0>-T3: Msg #1464, C-Out: 23.10 18:11:23,769| HBQ-In: 23.10 18:11:23,769| DQ-In: 23.10 18:11:24,141| C-In: 23.10 18:11:24,734|
Fehlernachricht fuer Luecke von 1465 bis 1465 C-In: 23.10 18:11:24,734|
lab29-50-<0.1864.0>-T3: Msg #1466, C-Out: 23.10 18:11:23,802| HBQ-In: 23.10 18:11:23,802| DQ-In: 23.10 18:11:24,340| C-In: 23.10 18:11:24,734|
lab29-90-<0.107.0>-T3: Msg #1467, C-Out: 23.10 18:11:24,308| HBQ-In: 23.10 18:11:24,308| DQ-In: 23.10 18:11:24,340| C-In: 23.10 18:11:24,735|
Fehlernachricht fuer Luecke von 1468 bis 1470 C-In: 23.10 18:11:24,735|
lab29-44-<0.2376.0>-T3: Msg #1471, C-Out: 23.10 18:11:23,919| HBQ-In: 23.10 18:11:23,919| DQ-In: 23.10 18:11:24,346| C-In: 23.10 18:11:24,736|
lab29-39-<0.2795.0>-T3: Msg #1472, C-Out: 23.10 18:11:23,931| HBQ-In: 23.10 18:11:23,932| DQ-In: 23.10 18:11:24,346| C-In: 23.10 18:11:24,736|
lab29-34-<0.3220.0>-T3: Msg #1473, C-Out: 23.10 18:11:23,931| HBQ-In: 23.10 18:11:23,932| DQ-In: 23.10 18:11:24,346| C-In: 23.10 18:11:24,737|
lab29-64-<0.899.0>-T3: Msg #1474, C-Out: 23.10 18:11:23,932| HBQ-In: 23.10 18:11:23,933| DQ-In: 23.10 18:11:24,346| C-In: 23.10 18:11:24,739|
Fehlernachricht fuer Luecke von 1475 bis 1475 C-In: 23.10 18:11:24,739|
lab29-69-<0.583.0>-T3: Msg #1476, C-Out: 23.10 18:11:23,934| HBQ-In: 23.10 18:11:23,935| DQ-In: 23.10 18:11:24,382| C-In: 23.10 18:11:24,739|
lab29-29-<0.3641.0>-T3: Msg #1477, C-Out: 23.10 18:11:23,938| HBQ-In: 23.10 18:11:23,940| DQ-In: 23.10 18:11:24,382| C-In: 23.10 18:11:24,740|
lab29-24-<0.4051.0>-T3: Msg #1478, C-Out: 23.10 18:11:23,940| HBQ-In: 23.10 18:11:23,940| DQ-In: 23.10 18:11:24,382| C-In: 23.10 18:11:24,740|
lab29-59-<0.1234.0>-T3: Msg #1479, C-Out: 23.10 18:11:23,945| HBQ-In: 23.10 18:11:23,945| DQ-In: 23.10 18:11:24,382| C-In: 23.10 18:11:24,740|
lab29-49-<0.1950.0>-T3: Msg #1480, C-Out: 23.10 18:11:23,958| HBQ-In: 23.10 18:11:23,959| DQ-In: 23.10 18:11:24,382| C-In: 23.10 18:11:24,740|
lab29-54-<0.1586.0>-T3: Msg #1481, C-Out: 23.10 18:11:23,965| HBQ-In: 23.10 18:11:23,965| DQ-In: 23.10 18:11:24,382| C-In: 23.10 18:11:24,741|
Fehlernachricht fuer Luecke von 1482 bis 1482 C-In: 23.10 18:11:24,741|
lab29-97-<0.81.0>-T3: Msg #1483, C-Out: 23.10 18:11:24,507| HBQ-In: 23.10 18:11:24,507| DQ-In: 23.10 18:11:24,540| C-In: 23.10 18:11:24,743|
lab29-74-<0.266.0>-T3: Msg #1484, C-Out: 23.10 18:11:24,510| HBQ-In: 23.10 18:11:24,510| DQ-In: 23.10 18:11:24,540| C-In: 23.10 18:11:24,746|
Fehlernachricht fuer Luecke von 1485 bis 1485 C-In: 23.10 18:11:24,746|
lab29-43-<0.2458.0>-T3: Msg #1486, C-Out: 23.10 18:11:24,126| HBQ-In: 23.10 18:11:24,126| DQ-In: 23.10 18:11:24,548| C-In: 23.10 18:11:24,747|
Fehlernachricht fuer Luecke von 1487 bis 1487 C-In: 23.10 18:11:24,747|
lab29-33-<0.3306.0>-T3: Msg #1488, C-Out: 23.10 18:11:24,132| HBQ-In: 23.10 18:11:24,133| DQ-In: 23.10 18:11:24,548| C-In: 23.10 18:11:24,747|
lab29-38-<0.2880.0>-T3: Msg #1489, C-Out: 23.10 18:11:24,134| HBQ-In: 23.10 18:11:24,134| DQ-In: 23.10 18:11:24,548| C-In: 23.10 18:11:24,748|
Fehlernachricht fuer Luecke von 1490 bis 1491 C-In: 23.10 18:11:24,748|
lab29-28-<0.3729.0>-T3: Msg #1492, C-Out: 23.10 18:11:24,136| HBQ-In: 23.10 18:11:24,136| DQ-In: 23.10 18:11:24,569| C-In: 23.10 18:11:24,748|
lab29-68-<0.633.0>-T3: Msg #1493, C-Out: 23.10 18:11:24,138| HBQ-In: 23.10 18:11:24,138| DQ-In: 23.10 18:11:24,569| C-In: 23.10 18:11:24,751|
lab29-23-<0.4130.0>-T3: Msg #1494, C-Out: 23.10 18:11:24,141| HBQ-In: 23.10 18:11:24,141| DQ-In: 23.10 18:11:24,569| C-In: 23.10 18:11:24,751|
lab29-53-<0.1650.0>-T3: Msg #1495, C-Out: 23.10 18:11:24,146| HBQ-In: 23.10 18:11:24,148| DQ-In: 23.10 18:11:24,569| C-In: 23.10 18:11:24,752|
lab29-63-<0.983.0>-T3: Msg #1496, C-Out: 23.10 18:11:24,152| HBQ-In: 23.10 18:11:24,152| DQ-In: 23.10 18:11:24,569| C-In: 23.10 18:11:24,752|
lab29-58-<0.1296.0>-T3: Msg #1497, C-Out: 23.10 18:11:24,155| HBQ-In: 23.10 18:11:24,155| DQ-In: 23.10 18:11:24,569| C-In: 23.10 18:11:24,752|
lab29-48-<0.2035.0>-T3: Msg #1498, C-Out: 23.10 18:11:24,157| HBQ-In: 23.10 18:11:24,157| DQ-In: 23.10 18:11:24,569| C-In: 23.10 18:11:24,753|
lab29-73-<0.332.0>-T3: Msg #1499, C-Out: 23.10 18:11:24,658| HBQ-In: 23.10 18:11:24,659| DQ-In: 23.10 18:11:24,659| C-In: 23.10 18:11:24,753|
lab29-88-<0.118.0>-T3: Msg #1500, C-Out: 23.10 18:11:24,665| HBQ-In: 23.10 18:11:24,666| DQ-In: 23.10 18:11:24,666| C-In: 23.10 18:11:24,753|
Fehlernachricht fuer Luecke von 1501 bis 1502 C-In: 23.10 18:11:24,754|
lab29-37-<0.2967.0>-T3: Msg #1503, C-Out: 23.10 18:11:24,331| HBQ-In: 23.10 18:11:24,331| DQ-In: 23.10 18:11:24,746| C-In: 23.10 18:11:24,757|
lab29-42-<0.2545.0>-T3: Msg #1504, C-Out: 23.10 18:11:24,331| HBQ-In: 23.10 18:11:24,331| DQ-In: 23.10 18:11:24,746| C-In: 23.10 18:11:24,758|
lab29-32-<0.3394.0>-T3: Msg #1505, C-Out: 23.10 18:11:24,331| HBQ-In: 23.10 18:11:24,331| DQ-In: 23.10 18:11:24,746| C-In: 23.10 18:11:24,759|
ReceiveMsgs done
lab29-40-<0.2707.0>-T3: Msg #1633, C-Out: 23.10 18:11:25,760| gesendet
lab29-40-<0.2707.0>-T3: Msg #1724, C-Out: 23.10 18:11:26,762| gesendet
lab29-40-<0.2707.0>-T3: Msg #1844, C-Out: 23.10 18:11:27,766| gesendet
lab29-40-<0.2707.0>-T3: Msg #1939, C-Out: 23.10 18:11:28,769| gesendet
lab29-40-<0.2707.0>-T3: Msg #2036, C-Out: 23.10 18:11:29,770| gesendet
Neues Intervall: 1.5 Sekunden
Msg #2127 um 23.10 18:11:29,773| vergessen zu senden
lab29-73-<0.332.0>-T3: Msg #1927, C-Out: 23.10 18:11:29,165| HBQ-In: 23.10 18:11:29,165| DQ-In: 23.10 18:11:29,165| C-In: 23.10 18:11:29,778|
Fehlernachricht fuer Luecke von 1928 bis 1931 C-In: 23.10 18:11:29,782|
lab29-20-<0.4365.0>-T3: Msg #1932, C-Out: 23.10 18:11:28,751| HBQ-In: 23.10 18:11:28,752| DQ-In: 23.10 18:11:29,183| C-In: 23.10 18:11:29,782|
Fehlernachricht fuer Luecke von 1933 bis 1933 C-In: 23.10 18:11:29,782|
lab29-35-<0.3134.0>-T3: Msg #1934, C-Out: 23.10 18:11:28,752| HBQ-In: 23.10 18:11:28,752| DQ-In: 23.10 18:11:29,200| C-In: 23.10 18:11:29,783|
lab29-15-<0.4762.0>-T3: Msg #1935, C-Out: 23.10 18:11:28,754| HBQ-In: 23.10 18:11:28,754| DQ-In: 23.10 18:11:29,200| C-In: 23.10 18:11:29,783|
lab29-10-<0.5112.0>-T3: Msg #1936, C-Out: 23.10 18:11:28,757| HBQ-In: 23.10 18:11:28,757| DQ-In: 23.10 18:11:29,200| C-In: 23.10 18:11:29,783|
lab29-65-<0.819.0>-T3: Msg #1937, C-Out: 23.10 18:11:29,266| HBQ-In: 23.10 18:11:29,266| DQ-In: 23.10 18:11:29,266| C-In: 23.10 18:11:29,783|
lab29-5-<0.5513.0>-T3: Msg #1938, C-Out: 23.10 18:11:28,769| HBQ-In: 23.10 18:11:28,769| DQ-In: 23.10 18:11:29,266| C-In: 23.10 18:11:29,784|
lab29-40-<0.2707.0>-T3: Msg #1939, C-Out: 23.10 18:11:28,769| HBQ-In: 23.10 18:11:28,769| DQ-In: 23.10 18:11:29,266|******* C-In: 23.10 18:11:29,784|
lab29-45-<0.2293.0>-T3: Msg #1940, C-Out: 23.10 18:11:28,773| HBQ-In: 23.10 18:11:28,774| DQ-In: 23.10 18:11:29,266| C-In: 23.10 18:11:29,785|
Fehlernachricht fuer Luecke von 1941 bis 1941 C-In: 23.10 18:11:29,787|
lab29-25-<0.3973.0>-T3: Msg #1942, C-Out: 23.10 18:11:28,800| HBQ-In: 23.10 18:11:28,800| DQ-In: 23.10 18:11:29,375| C-In: 23.10 18:11:29,788|
lab29-30-<0.3559.0>-T3: Msg #1943, C-Out: 23.10 18:11:28,808| HBQ-In: 23.10 18:11:28,808| DQ-In: 23.10 18:11:29,375| C-In: 23.10 18:11:29,790|
Fehlernachricht fuer Luecke von 1944 bis 1944 C-In: 23.10 18:11:29,790|
lab29-80-<0.164.0>-T3: Msg #1945, C-Out: 23.10 18:11:29,323| HBQ-In: 23.10 18:11:29,325| DQ-In: 23.10 18:11:29,383| C-In: 23.10 18:11:29,793|
Fehlernachricht fuer Luecke von 1946 bis 1946 C-In: 23.10 18:11:29,793|
lab29-50-<0.1864.0>-T3: Msg #1947, C-Out: 23.10 18:11:29,375| HBQ-In: 23.10 18:11:29,375| DQ-In: 23.10 18:11:29,387| C-In: 23.10 18:11:29,796|
lab29-72-<0.396.0>-T3: Msg #1948, C-Out: 23.10 18:11:29,387| HBQ-In: 23.10 18:11:29,387| DQ-In: 23.10 18:11:29,387| C-In: 23.10 18:11:29,797|
Fehlernachricht fuer Luecke von 1949 bis 1951 C-In: 23.10 18:11:29,797|
lab29-19-<0.4442.0>-T3: Msg #1952, C-Out: 23.10 18:11:28,956| HBQ-In: 23.10 18:11:28,956| DQ-In: 23.10 18:11:29,402| C-In: 23.10 18:11:29,798|
lab29-14-<0.4846.0>-T3: Msg #1953, C-Out: 23.10 18:11:28,956| HBQ-In: 23.10 18:11:28,956| DQ-In: 23.10 18:11:29,402| C-In: 23.10 18:11:29,798|
lab29-9-<0.5191.0>-T3: Msg #1954, C-Out: 23.10 18:11:28,960| HBQ-In: 23.10 18:11:28,960| DQ-In: 23.10 18:11:29,402| C-In: 23.10 18:11:29,799|
lab29-64-<0.899.0>-T3: Msg #1955, C-Out: 23.10 18:11:29,463| HBQ-In: 23.10 18:11:29,464| DQ-In: 23.10 18:11:29,464| C-In: 23.10 18:11:29,799|
lab29-39-<0.2795.0>-T3: Msg #1956, C-Out: 23.10 18:11:28,965| HBQ-In: 23.10 18:11:28,965| DQ-In: 23.10 18:11:29,464| C-In: 23.10 18:11:29,799|
lab29-4-<0.5587.0>-T3: Msg #1957, C-Out: 23.10 18:11:28,965| HBQ-In: 23.10 18:11:28,965| DQ-In: 23.10 18:11:29,464| C-In: 23.10 18:11:29,800|
Fehlernachricht fuer Luecke von 1958 bis 1958 C-In: 23.10 18:11:29,800|
lab29-44-<0.2376.0>-T3: Msg #1959, C-Out: 23.10 18:11:28,971| HBQ-In: 23.10 18:11:28,971| DQ-In: 23.10 18:11:29,560| C-In: 23.10 18:11:29,801|
lab29-24-<0.4051.0>-T3: Msg #1960, C-Out: 23.10 18:11:28,973| HBQ-In: 23.10 18:11:28,973| DQ-In: 23.10 18:11:29,560| C-In: 23.10 18:11:29,801|
lab29-34-<0.3220.0>-T3: Msg #1961, C-Out: 23.10 18:11:28,979| HBQ-In: 23.10 18:11:28,979| DQ-In: 23.10 18:11:29,560| C-In: 23.10 18:11:29,801|
lab29-29-<0.3641.0>-T3: Msg #1962, C-Out: 23.10 18:11:28,994| HBQ-In: 23.10 18:11:28,994| DQ-In: 23.10 18:11:29,560| C-In: 23.10 18:11:29,802|
Fehlernachricht fuer Luecke von 1963 bis 1963 C-In: 23.10 18:11:29,802|
lab29-49-<0.1950.0>-T3: Msg #1964, C-Out: 23.10 18:11:29,506| HBQ-In: 23.10 18:11:29,506| DQ-In: 23.10 18:11:29,584| C-In: 23.10 18:11:29,804|
lab29-79-<0.173.0>-T3: Msg #1965, C-Out: 23.10 18:11:29,514| HBQ-In: 23.10 18:11:29,514| DQ-In: 23.10 18:11:29,584| C-In: 23.10 18:11:29,805|
lab29-56-<0.1439.0>-T3: Msg #1966, C-Out: 23.10 18:11:29,602| HBQ-In: 23.10 18:11:29,602| DQ-In: 23.10 18:11:29,602| C-In: 23.10 18:11:29,807|
Fehlernachricht fuer Luecke von 1967 bis 1969 C-In: 23.10 18:11:29,808|
lab29-18-<0.4519.0>-T3: Msg #1970, C-Out: 23.10 18:11:29,154| HBQ-In: 23.10 18:11:29,154| DQ-In: 23.10 18:11:29,604| C-In: 23.10 18:11:29,808|
lab29-13-<0.4921.0>-T3: Msg #1971, C-Out: 23.10 18:11:29,162| HBQ-In: 23.10 18:11:29,162| DQ-In: 23.10 18:11:29,604| C-In: 23.10 18:11:29,808|
lab29-8-<0.5273.0>-T3: Msg #1972, C-Out: 23.10 18:11:29,165| HBQ-In: 23.10 18:11:29,165| DQ-In: 23.10 18:11:29,604| C-In: 23.10 18:11:29,809|
Fehlernachricht fuer Luecke von 1973 bis 1973 C-In: 23.10 18:11:29,809|
lab29-38-<0.2880.0>-T3: Msg #1974, C-Out: 23.10 18:11:29,165| HBQ-In: 23.10 18:11:29,166| DQ-In: 23.10 18:11:29,684| C-In: 23.10 18:11:29,809|
lab29-78-<0.180.0>-T3: Msg #1975, C-Out: 23.10 18:11:29,665| HBQ-In: 23.10 18:11:29,666| DQ-In: 23.10 18:11:29,684| C-In: 23.10 18:11:29,810|
lab29-3-<0.5663.0>-T3: Msg #1976, C-Out: 23.10 18:11:29,165| HBQ-In: 23.10 18:11:29,165| DQ-In: 23.10 18:11:29,684| C-In: 23.10 18:11:29,810|
lab29-33-<0.3306.0>-T3: Msg #1977, C-Out: 23.10 18:11:29,182| HBQ-In: 23.10 18:11:29,182| DQ-In: 23.10 18:11:29,684| C-In: 23.10 18:11:29,811|
lab29-43-<0.2458.0>-T3: Msg #1978, C-Out: 23.10 18:11:29,182| HBQ-In: 23.10 18:11:29,182| DQ-In: 23.10 18:11:29,684| C-In: 23.10 18:11:29,813|
lab29-23-<0.4130.0>-T3: Msg #1979, C-Out: 23.10 18:11:29,183| HBQ-In: 23.10 18:11:29,183| DQ-In: 23.10 18:11:29,684| C-In: 23.10 18:11:29,813|
lab29-71-<0.461.0>-T3: Msg #1980, C-Out: 23.10 18:11:29,684| HBQ-In: 23.10 18:11:29,684| DQ-In: 23.10 18:11:29,684| C-In: 23.10 18:11:29,814|
lab29-28-<0.3729.0>-T3: Msg #1981, C-Out: 23.10 18:11:29,200| HBQ-In: 23.10 18:11:29,200| DQ-In: 23.10 18:11:29,684| C-In: 23.10 18:11:29,817|
lab29-48-<0.2035.0>-T3: Msg #1982, C-Out: 23.10 18:11:29,703| HBQ-In: 23.10 18:11:29,703| DQ-In: 23.10 18:11:29,703| C-In: 23.10 18:11:29,817|
lab29-63-<0.983.0>-T3: Msg #1983, C-Out: 23.10 18:11:29,706| HBQ-In: 23.10 18:11:29,706| DQ-In: 23.10 18:11:29,706| C-In: 23.10 18:11:29,818|
Fehlernachricht fuer Luecke von 1984 bis 1984 C-In: 23.10 18:11:29,820|
lab29-70-<0.519.0>-T3: Msg #1985, C-Out: 23.10 18:11:29,773| HBQ-In: 23.10 18:11:29,774| DQ-In: 23.10 18:11:29,805| C-In: 23.10 18:11:29,820|
Fehlernachricht fuer Luecke von 1986 bis 1989 C-In: 23.10 18:11:29,820|
lab29-17-<0.4601.0>-T3: Msg #1990, C-Out: 23.10 18:11:29,353| HBQ-In: 23.10 18:11:29,354| DQ-In: 23.10 18:11:29,810| C-In: 23.10 18:11:29,821|
lab29-12-<0.4991.0>-T3: Msg #1991, C-Out: 23.10 18:11:29,357| HBQ-In: 23.10 18:11:29,357| DQ-In: 23.10 18:11:29,810| C-In: 23.10 18:11:29,821|
lab29-7-<0.5358.0>-T3: Msg #1992, C-Out: 23.10 18:11:29,362| HBQ-In: 23.10 18:11:29,364| DQ-In: 23.10 18:11:29,810| C-In: 23.10 18:11:29,821|
lab29-2-<0.5741.0>-T3: Msg #1993, C-Out: 23.10 18:11:29,371| HBQ-In: 23.10 18:11:29,373| DQ-In: 23.10 18:11:29,810| C-In: 23.10 18:11:29,822|
lab29-32-<0.3394.0>-T3: Msg #1994, C-Out: 23.10 18:11:29,378| HBQ-In: 23.10 18:11:29,378| DQ-In: 23.10 18:11:29,810| C-In: 23.10 18:11:29,823|
lab29-42-<0.2545.0>-T3: Msg #1995, C-Out: 23.10 18:11:29,383| HBQ-In: 23.10 18:11:29,383| DQ-In: 23.10 18:11:29,810| C-In: 23.10 18:11:29,823|
ReceiveMsgs done
lab29-40-<0.2707.0>-T3: Msg #2134, C-Out: 23.10 18:11:31,324| gesendet
lab29-40-<0.2707.0>-T3: Msg #2286, C-Out: 23.10 18:11:32,826| gesendet
lab29-40-<0.2707.0>-T3: Msg #2418, C-Out: 23.10 18:11:34,329| gesendet
lab29-40-<0.2707.0>-T3: Msg #2525, C-Out: 23.10 18:11:35,832| gesendet
lab29-40-<0.2707.0>-T3: Msg #2656, C-Out: 23.10 18:11:37,336| gesendet
Neues Intervall: 2.25 Sekunden
Msg #2763 um 23.10 18:11:37,338| vergessen zu senden
Fehlernachricht fuer Luecke von 2551 bis 2551 C-In: 23.10 18:11:37,338|
lab29-16-<0.4681.0>-T3: Msg #2552, C-Out: 23.10 18:11:36,167| HBQ-In: 23.10 18:11:36,168| DQ-In: 23.10 18:11:36,212| C-In: 23.10 18:11:37,339|
Fehlernachricht fuer Luecke von 2553 bis 2554 C-In: 23.10 18:11:37,339|
2-client@lab23: 2555. Nachricht--Gruppe:1-Team:5-Sendezeit:18:11:34 HBQ-In: 23.10 18:11:34,752| DQ-In: 23.10 18:11:36,230| C-In: 23.10 18:11:37,339|
1-client@lab23: 2556. Nachricht--Gruppe:1-Team:5-Sendezeit:18:11:34 HBQ-In: 23.10 18:11:34,753| DQ-In: 23.10 18:11:36,230| C-In: 23.10 18:11:37,340|
5-client@lab23: 2557. Nachricht--Gruppe:1-Team:5-Sendezeit:18:11:34 HBQ-In: 23.10 18:11:34,753| DQ-In: 23.10 18:11:36,230| C-In: 23.10 18:11:37,340|
2-client@lab23: 2558. Nachricht--Gruppe:1-Team:5-Sendezeit:18:11:34 HBQ-In: 23.10 18:11:34,758| DQ-In: 23.10 18:11:36,230| C-In: 23.10 18:11:37,341|
1-client@lab23: 2559. Nachricht--Gruppe:1-Team:5-Sendezeit:18:11:34 HBQ-In: 23.10 18:11:34,758| DQ-In: 23.10 18:11:36,230| C-In: 23.10 18:11:37,343|
5-client@lab23: 2560. Nachricht--Gruppe:1-Team:5-Sendezeit:18:11:34 HBQ-In: 23.10 18:11:34,758| DQ-In: 23.10 18:11:36,230| C-In: 23.10 18:11:37,344|
lab29-23-<0.4130.0>-T3: Msg #2561, C-Out: 23.10 18:11:36,270| HBQ-In: 23.10 18:11:36,277| DQ-In: 23.10 18:11:36,277| C-In: 23.10 18:11:37,347|
Fehlernachricht fuer Luecke von 2562 bis 2562 C-In: 23.10 18:11:37,348|
2-client@lab23: 2563. Nachricht--Gruppe:1-Team:5-Sendezeit:18:11:34 HBQ-In: 23.10 18:11:34,764| DQ-In: 23.10 18:11:36,437| C-In: 23.10 18:11:37,350|
5-client@lab23: 2564. Nachricht--Gruppe:1-Team:5-Sendezeit:18:11:34 HBQ-In: 23.10 18:11:34,764| DQ-In: 23.10 18:11:36,437| C-In: 23.10 18:11:37,351|
1-client@lab23: 2565. Nachricht--Gruppe:1-Team:5-Sendezeit:18:11:34 HBQ-In: 23.10 18:11:34,764| DQ-In: 23.10 18:11:36,437| C-In: 23.10 18:11:37,354|
2-client@lab23: 2566. Nachricht--Gruppe:1-Team:5-Sendezeit:18:11:34 HBQ-In: 23.10 18:11:34,767| DQ-In: 23.10 18:11:36,437| C-In: 23.10 18:11:37,354|
1-client@lab23: 2567. Nachricht--Gruppe:1-Team:5-Sendezeit:18:11:34 HBQ-In: 23.10 18:11:34,767| DQ-In: 23.10 18:11:36,437| C-In: 23.10 18:11:37,355|
5-client@lab23: 2568. Nachricht--Gruppe:1-Team:5-Sendezeit:18:11:34 HBQ-In: 23.10 18:11:34,768| DQ-In: 23.10 18:11:36,437| C-In: 23.10 18:11:37,355|
lab29-38-<0.2880.0>-T3: Msg #2569, C-Out: 23.10 18:11:36,270| HBQ-In: 23.10 18:11:36,277| DQ-In: 23.10 18:11:36,437| C-In: 23.10 18:11:37,356|
Fehlernachricht fuer Luecke von 2570 bis 2572 C-In: 23.10 18:11:37,356|
4-client@lab23: 2573. Nachricht--Gruppe:1-Team:5-Sendezeit:18:11:34 HBQ-In: 23.10 18:11:34,778| DQ-In: 23.10 18:11:36,639| C-In: 23.10 18:11:37,356|
3-client@lab23: 2574. Nachricht--Gruppe:1-Team:5-Sendezeit:18:11:34 HBQ-In: 23.10 18:11:34,778| DQ-In: 23.10 18:11:36,639| C-In: 23.10 18:11:37,356|
Fehlernachricht fuer Luecke von 2575 bis 2575 C-In: 23.10 18:11:37,357|
4-client@lab23: 2576. Nachricht--Gruppe:1-Team:5-Sendezeit:18:11:34 HBQ-In: 23.10 18:11:34,780| DQ-In: 23.10 18:11:36,676| C-In: 23.10 18:11:37,358|
3-client@lab23: 2577. Nachricht--Gruppe:1-Team:5-Sendezeit:18:11:34 HBQ-In: 23.10 18:11:34,780| DQ-In: 23.10 18:11:36,676| C-In: 23.10 18:11:37,358|
4-client@lab23: 2578. Nachricht--Gruppe:1-Team:5-Sendezeit:18:11:34 HBQ-In: 23.10 18:11:34,782| DQ-In: 23.10 18:11:36,676| C-In: 23.10 18:11:37,359|
3-client@lab23: 2579. Nachricht--Gruppe:1-Team:5-Sendezeit:18:11:34 HBQ-In: 23.10 18:11:34,782| DQ-In: 23.10 18:11:36,676| C-In: 23.10 18:11:37,359|
4-client@lab23: 2580. Nachricht--Gruppe:1-Team:5-Sendezeit:18:11:34 HBQ-In: 23.10 18:11:34,786| DQ-In: 23.10 18:11:36,676| C-In: 23.10 18:11:37,360|
3-client@lab23: 2581. Nachricht--Gruppe:1-Team:5-Sendezeit:18:11:34 HBQ-In: 23.10 18:11:34,786| DQ-In: 23.10 18:11:36,676| C-In: 23.10 18:11:37,360|
4-client@lab23: 2582. Nachricht--Gruppe:1-Team:5-Sendezeit:18:11:36 HBQ-In: 23.10 18:11:36,791| DQ-In: 23.10 18:11:36,791| C-In: 23.10 18:11:37,362|
3-client@lab23: 2583. Nachricht--Gruppe:1-Team:5-Sendezeit:18:11:36 HBQ-In: 23.10 18:11:36,791| DQ-In: 23.10 18:11:36,791| C-In: 23.10 18:11:37,362|
Fehlernachricht fuer Luecke von 2584 bis 2585 C-In: 23.10 18:11:37,363|
lab29-5-<0.5513.0>-T3: Msg #2586, C-Out: 23.10 18:11:35,829| HBQ-In: 23.10 18:11:35,829| DQ-In: 23.10 18:11:36,900| C-In: 23.10 18:11:37,364|
lab29-45-<0.2293.0>-T3: Msg #2587, C-Out: 23.10 18:11:36,333| HBQ-In: 23.10 18:11:36,333| DQ-In: 23.10 18:11:36,900| C-In: 23.10 18:11:37,364|
lab29-10-<0.5112.0>-T3: Msg #2588, C-Out: 23.10 18:11:35,840| HBQ-In: 23.10 18:11:35,844| DQ-In: 23.10 18:11:36,900| C-In: 23.10 18:11:37,364|
lab29-30-<0.3559.0>-T3: Msg #2589, C-Out: 23.10 18:11:36,385| HBQ-In: 23.10 18:11:36,387| DQ-In: 23.10 18:11:36,900| C-In: 23.10 18:11:37,365|
lab29-15-<0.4762.0>-T3: Msg #2590, C-Out: 23.10 18:11:36,396| HBQ-In: 23.10 18:11:36,397| DQ-In: 23.10 18:11:36,900| C-In: 23.10 18:11:37,365|
Fehlernachricht fuer Luecke von 2591 bis 2592 C-In: 23.10 18:11:37,366|
lab29-37-<0.2967.0>-T3: Msg #2593, C-Out: 23.10 18:11:36,456| HBQ-In: 23.10 18:11:36,458| DQ-In: 23.10 18:11:37,034| C-In: 23.10 18:11:37,367|
Fehlernachricht fuer Luecke von 2594 bis 2594 C-In: 23.10 18:11:37,368|
lab29-22-<0.4210.0>-T3: Msg #2595, C-Out: 23.10 18:11:36,471| HBQ-In: 23.10 18:11:36,473| DQ-In: 23.10 18:11:37,071| C-In: 23.10 18:11:37,368|
Fehlernachricht fuer Luecke von 2596 bis 2597 C-In: 23.10 18:11:37,369|
lab29-4-<0.5587.0>-T3: Msg #2598, C-Out: 23.10 18:11:36,013| HBQ-In: 23.10 18:11:36,015| DQ-In: 23.10 18:11:37,158| C-In: 23.10 18:11:37,370|
lab29-9-<0.5191.0>-T3: Msg #2599, C-Out: 23.10 18:11:36,027| HBQ-In: 23.10 18:11:36,028| DQ-In: 23.10 18:11:37,158| C-In: 23.10 18:11:37,371|
Fehlernachricht fuer Luecke von 2600 bis 2601 C-In: 23.10 18:11:37,371|
lab29-44-<0.2376.0>-T3: Msg #2602, C-Out: 23.10 18:11:36,532| HBQ-In: 23.10 18:11:36,532| DQ-In: 23.10 18:11:37,174| C-In: 23.10 18:11:37,372|
lab29-14-<0.4846.0>-T3: Msg #2603, C-Out: 23.10 18:11:36,566| HBQ-In: 23.10 18:11:36,570| DQ-In: 23.10 18:11:37,174| C-In: 23.10 18:11:37,376|
lab29-29-<0.3641.0>-T3: Msg #2604, C-Out: 23.10 18:11:36,568| HBQ-In: 23.10 18:11:36,571| DQ-In: 23.10 18:11:37,174| C-In: 23.10 18:11:37,377|
Fehlernachricht fuer Luecke von 2605 bis 2607 C-In: 23.10 18:11:37,377|
lab29-36-<0.3048.0>-T3: Msg #2608, C-Out: 23.10 18:11:36,638| HBQ-In: 23.10 18:11:36,638| DQ-In: 23.10 18:11:37,270| C-In: 23.10 18:11:37,378|
lab29-21-<0.4291.0>-T3: Msg #2609, C-Out: 23.10 18:11:36,673| HBQ-In: 23.10 18:11:36,676| DQ-In: 23.10 18:11:37,270| C-In: 23.10 18:11:37,378|
ReceiveMsgs done
lab29-40-<0.2707.0>-T3: Msg #2765, C-Out: 23.10 18:11:39,629| gesendet
