lab29-24-<0.4051.0>-T3 C-Start: 23.10 18:11:22,938|
lab29-24-<0.4051.0>-T3: Msg #1478, C-Out: 23.10 18:11:23,940| gesendet
lab29-24-<0.4051.0>-T3: Msg #1558, C-Out: 23.10 18:11:24,941| gesendet
lab29-24-<0.4051.0>-T3: Msg #1645, C-Out: 23.10 18:11:25,943| gesendet
lab29-24-<0.4051.0>-T3: Msg #1735, C-Out: 23.10 18:11:26,946| gesendet
lab29-24-<0.4051.0>-T3: Msg #1855, C-Out: 23.10 18:11:27,947| gesendet
Neues Intervall: 1 Sekunden
Msg #1951 um 23.10 18:11:27,947| vergessen zu senden
Fehlernachricht fuer Luecke von 1768 bis 1772 C-In: 23.10 18:11:27,947|
lab29-22-<0.4210.0>-T3: Msg #1773, C-Out: 23.10 18:11:27,345| HBQ-In: 23.10 18:11:27,346| DQ-In: 23.10 18:11:27,373| C-In: 23.10 18:11:27,948|
lab29-27-<0.3815.0>-T3: Msg #1774, C-Out: 23.10 18:11:27,345| HBQ-In: 23.10 18:11:27,346| DQ-In: 23.10 18:11:27,373| C-In: 23.10 18:11:27,948|
lab29-17-<0.4601.0>-T3: Msg #1775, C-Out: 23.10 18:11:27,350| HBQ-In: 23.10 18:11:27,350| DQ-In: 23.10 18:11:27,373| C-In: 23.10 18:11:27,948|
lab29-12-<0.4991.0>-T3: Msg #1776, C-Out: 23.10 18:11:27,353| HBQ-In: 23.10 18:11:27,353| DQ-In: 23.10 18:11:27,373| C-In: 23.10 18:11:27,950|
lab29-7-<0.5358.0>-T3: Msg #1777, C-Out: 23.10 18:11:27,359| HBQ-In: 23.10 18:11:27,359| DQ-In: 23.10 18:11:27,373| C-In: 23.10 18:11:27,954|
Fehlernachricht fuer Luecke von 1778 bis 1778 C-In: 23.10 18:11:27,954|
lab29-32-<0.3394.0>-T3: Msg #1779, C-Out: 23.10 18:11:27,373| HBQ-In: 23.10 18:11:27,373| DQ-In: 23.10 18:11:27,546| C-In: 23.10 18:11:27,954|
Fehlernachricht fuer Luecke von 1780 bis 1780 C-In: 23.10 18:11:27,954|
lab29-47-<0.2127.0>-T3: Msg #1781, C-Out: 23.10 18:11:27,380| HBQ-In: 23.10 18:11:27,380| DQ-In: 23.10 18:11:27,554| C-In: 23.10 18:11:27,955|
lab29-42-<0.2545.0>-T3: Msg #1782, C-Out: 23.10 18:11:27,380| HBQ-In: 23.10 18:11:27,380| DQ-In: 23.10 18:11:27,554| C-In: 23.10 18:11:27,955|
Fehlernachricht fuer Luecke von 1783 bis 1783 C-In: 23.10 18:11:27,955|
lab29-52-<0.1713.0>-T3: Msg #1784, C-Out: 23.10 18:11:27,386| HBQ-In: 23.10 18:11:27,386| DQ-In: 23.10 18:11:27,556| C-In: 23.10 18:11:27,956|
Fehlernachricht fuer Luecke von 1785 bis 1785 C-In: 23.10 18:11:27,956|
lab29-37-<0.2967.0>-T3: Msg #1786, C-Out: 23.10 18:11:27,388| HBQ-In: 23.10 18:11:27,391| DQ-In: 23.10 18:11:27,557| C-In: 23.10 18:11:27,957|
Fehlernachricht fuer Luecke von 1787 bis 1790 C-In: 23.10 18:11:27,957|
lab29-26-<0.3898.0>-T3: Msg #1791, C-Out: 23.10 18:11:27,545| HBQ-In: 23.10 18:11:27,546| DQ-In: 23.10 18:11:27,564| C-In: 23.10 18:11:27,957|
Fehlernachricht fuer Luecke von 1792 bis 1792 C-In: 23.10 18:11:27,958|
lab29-21-<0.4291.0>-T3: Msg #1793, C-Out: 23.10 18:11:27,552| HBQ-In: 23.10 18:11:27,554| DQ-In: 23.10 18:11:27,572| C-In: 23.10 18:11:27,958|
Fehlernachricht fuer Luecke von 1794 bis 1794 C-In: 23.10 18:11:27,958|
lab29-16-<0.4681.0>-T3: Msg #1795, C-Out: 23.10 18:11:27,552| HBQ-In: 23.10 18:11:27,554| DQ-In: 23.10 18:11:27,577| C-In: 23.10 18:11:27,959|
lab29-11-<0.5067.0>-T3: Msg #1796, C-Out: 23.10 18:11:27,556| HBQ-In: 23.10 18:11:27,556| DQ-In: 23.10 18:11:27,577| C-In: 23.10 18:11:27,959|
lab29-46-<0.2213.0>-T3: Msg #1797, C-Out: 23.10 18:11:27,556| HBQ-In: 23.10 18:11:27,557| DQ-In: 23.10 18:11:27,577| C-In: 23.10 18:11:27,959|
lab29-6-<0.5440.0>-T3: Msg #1798, C-Out: 23.10 18:11:27,563| HBQ-In: 23.10 18:11:27,564| DQ-In: 23.10 18:11:27,577| C-In: 23.10 18:11:27,960|
lab29-31-<0.3480.0>-T3: Msg #1799, C-Out: 23.10 18:11:27,572| HBQ-In: 23.10 18:11:27,572| DQ-In: 23.10 18:11:27,578| C-In: 23.10 18:11:27,960|
lab29-51-<0.1789.0>-T3: Msg #1800, C-Out: 23.10 18:11:27,576| HBQ-In: 23.10 18:11:27,577| DQ-In: 23.10 18:11:27,578| C-In: 23.10 18:11:27,960|
lab29-36-<0.3048.0>-T3: Msg #1801, C-Out: 23.10 18:11:27,581| HBQ-In: 23.10 18:11:27,581| DQ-In: 23.10 18:11:27,581| C-In: 23.10 18:11:27,961|
Fehlernachricht fuer Luecke von 1802 bis 1802 C-In: 23.10 18:11:27,961|
lab29-41-<0.2632.0>-T3: Msg #1803, C-Out: 23.10 18:11:27,601| HBQ-In: 23.10 18:11:27,601| DQ-In: 23.10 18:11:27,756| C-In: 23.10 18:11:27,961|
Fehlernachricht fuer Luecke von 1804 bis 1805 C-In: 23.10 18:11:27,962|
2-client@lab23: 1806. Nachricht--Gruppe:1-Team:5-Sendezeit:18:11:26 HBQ-In: 23.10 18:11:26,629| DQ-In: 23.10 18:11:27,766| C-In: 23.10 18:11:27,962|
1-client@lab23: 1807. Nachricht--Gruppe:1-Team:5-Sendezeit:18:11:26 HBQ-In: 23.10 18:11:26,630| DQ-In: 23.10 18:11:27,766| C-In: 23.10 18:11:27,963|
3-client@lab23: 1808. Nachricht--Gruppe:1-Team:5-Sendezeit:18:11:26 HBQ-In: 23.10 18:11:26,635| DQ-In: 23.10 18:11:27,766| C-In: 23.10 18:11:27,963|
4-client@lab23: 1809. Nachricht--Gruppe:1-Team:5-Sendezeit:18:11:26 HBQ-In: 23.10 18:11:26,632| DQ-In: 23.10 18:11:27,766| C-In: 23.10 18:11:27,963|
2-client@lab23: 1810. Nachricht--Gruppe:1-Team:5-Sendezeit:18:11:26 HBQ-In: 23.10 18:11:26,635| DQ-In: 23.10 18:11:27,766| C-In: 23.10 18:11:27,964|
5-client@lab23: 1811. Nachricht--Gruppe:1-Team:5-Sendezeit:18:11:26 HBQ-In: 23.10 18:11:26,635| DQ-In: 23.10 18:11:27,766| C-In: 23.10 18:11:27,964|
1-client@lab23: 1812. Nachricht--Gruppe:1-Team:5-Sendezeit:18:11:26 HBQ-In: 23.10 18:11:26,635| DQ-In: 23.10 18:11:27,766| C-In: 23.10 18:11:27,965|
4-client@lab23: 1813. Nachricht--Gruppe:1-Team:5-Sendezeit:18:11:26 HBQ-In: 23.10 18:11:26,635| DQ-In: 23.10 18:11:27,766| C-In: 23.10 18:11:27,965|
3-client@lab23: 1814. Nachricht--Gruppe:1-Team:5-Sendezeit:18:11:26 HBQ-In: 23.10 18:11:26,636| DQ-In: 23.10 18:11:27,766| C-In: 23.10 18:11:27,966|
5-client@lab23: 1815. Nachricht--Gruppe:1-Team:5-Sendezeit:18:11:26 HBQ-In: 23.10 18:11:26,638| DQ-In: 23.10 18:11:27,766| C-In: 23.10 18:11:27,966|
2-client@lab23: 1816. Nachricht--Gruppe:1-Team:5-Sendezeit:18:11:26 HBQ-In: 23.10 18:11:26,641| DQ-In: 23.10 18:11:27,766| C-In: 23.10 18:11:27,966|
1-client@lab23: 1817. Nachricht--Gruppe:1-Team:5-Sendezeit:18:11:26 HBQ-In: 23.10 18:11:26,641| DQ-In: 23.10 18:11:27,766| C-In: 23.10 18:11:27,966|
4-client@lab23: 1818. Nachricht--Gruppe:1-Team:5-Sendezeit:18:11:26 HBQ-In: 23.10 18:11:26,641| DQ-In: 23.10 18:11:27,766| C-In: 23.10 18:11:27,967|
3-client@lab23: 1819. Nachricht--Gruppe:1-Team:5-Sendezeit:18:11:26 HBQ-In: 23.10 18:11:26,641| DQ-In: 23.10 18:11:27,766| C-In: 23.10 18:11:27,967|
5-client@lab23: 1820. Nachricht--Gruppe:1-Team:5-Sendezeit:18:11:26 HBQ-In: 23.10 18:11:26,641| DQ-In: 23.10 18:11:27,766| C-In: 23.10 18:11:27,969|
2-client@lab23: 1821. Nachricht--Gruppe:1-Team:5-Sendezeit:18:11:26 HBQ-In: 23.10 18:11:26,644| DQ-In: 23.10 18:11:27,766| C-In: 23.10 18:11:27,970|
5-client@lab23: 1822. Nachricht--Gruppe:1-Team:5-Sendezeit:18:11:26 HBQ-In: 23.10 18:11:26,644| DQ-In: 23.10 18:11:27,766| C-In: 23.10 18:11:27,970|
1-client@lab23: 1823. Nachricht--Gruppe:1-Team:5-Sendezeit:18:11:26 HBQ-In: 23.10 18:11:26,644| DQ-In: 23.10 18:11:27,766| C-In: 23.10 18:11:27,970|
4-client@lab23: 1824. Nachricht--Gruppe:1-Team:5-Sendezeit:18:11:26 HBQ-In: 23.10 18:11:26,645| DQ-In: 23.10 18:11:27,766| C-In: 23.10 18:11:27,971|
3-client@lab23: 1825. Nachricht--Gruppe:1-Team:5-Sendezeit:18:11:26 HBQ-In: 23.10 18:11:26,645| DQ-In: 23.10 18:11:27,766| C-In: 23.10 18:11:27,971|
ReceiveMsgs done
lab29-24-<0.4051.0>-T3: Msg #1960, C-Out: 23.10 18:11:28,973| gesendet
lab29-24-<0.4051.0>-T3: Msg #2057, C-Out: 23.10 18:11:29,974| gesendet
lab29-24-<0.4051.0>-T3: Msg #2144, C-Out: 23.10 18:11:30,977| gesendet
lab29-24-<0.4051.0>-T3: Msg #2258, C-Out: 23.10 18:11:31,978| gesendet
lab29-24-<0.4051.0>-T3: Msg #2340, C-Out: 23.10 18:11:32,979| gesendet
Neues Intervall: 1.5 Sekunden
Msg #2426 um 23.10 18:11:32,979| vergessen zu senden
3-client@lab23: 2220. Nachricht--Gruppe:1-Team:5-Sendezeit:18:11:30 HBQ-In: 23.10 18:11:30,706| DQ-In: 23.10 18:11:32,201| C-In: 23.10 18:11:32,979|
1-client@lab23: 2221. Nachricht--Gruppe:1-Team:5-Sendezeit:18:11:30 HBQ-In: 23.10 18:11:30,707| DQ-In: 23.10 18:11:32,201| C-In: 23.10 18:11:32,980|
5-client@lab23: 2222. Nachricht--Gruppe:1-Team:5-Sendezeit:18:11:30 HBQ-In: 23.10 18:11:30,706| DQ-In: 23.10 18:11:32,201| C-In: 23.10 18:11:32,980|
4-client@lab23: 2223. Nachricht--Gruppe:1-Team:5-Sendezeit:18:11:30 HBQ-In: 23.10 18:11:30,706| DQ-In: 23.10 18:11:32,201| C-In: 23.10 18:11:32,980|
2-client@lab23: 2224. Nachricht--Gruppe:1-Team:5-Sendezeit:18:11:30 HBQ-In: 23.10 18:11:30,710| DQ-In: 23.10 18:11:32,201| C-In: 23.10 18:11:32,981|
3-client@lab23: 2225. Nachricht--Gruppe:1-Team:5-Sendezeit:18:11:30 HBQ-In: 23.10 18:11:30,712| DQ-In: 23.10 18:11:32,201| C-In: 23.10 18:11:32,981|
4-client@lab23: 2226. Nachricht--Gruppe:1-Team:5-Sendezeit:18:11:30 HBQ-In: 23.10 18:11:30,711| DQ-In: 23.10 18:11:32,201| C-In: 23.10 18:11:32,981|
5-client@lab23: 2227. Nachricht--Gruppe:1-Team:5-Sendezeit:18:11:30 HBQ-In: 23.10 18:11:30,710| DQ-In: 23.10 18:11:32,201| C-In: 23.10 18:11:32,982|
1-client@lab23: 2228. Nachricht--Gruppe:1-Team:5-Sendezeit:18:11:30 HBQ-In: 23.10 18:11:30,711| DQ-In: 23.10 18:11:32,201| C-In: 23.10 18:11:32,982|
Fehlernachricht fuer Luecke von 2229 bis 2232 C-In: 23.10 18:11:32,982|
3-client@lab23: 2233. Nachricht--Gruppe:1-Team:5-Sendezeit:18:11:30 HBQ-In: 23.10 18:11:30,713| DQ-In: 23.10 18:11:32,412| C-In: 23.10 18:11:32,985|
Fehlernachricht fuer Luecke von 2234 bis 2234 C-In: 23.10 18:11:32,985|
lab29-43-<0.2458.0>-T3: Msg #2235, C-Out: 23.10 18:11:32,232| HBQ-In: 23.10 18:11:32,233| DQ-In: 23.10 18:11:32,418| C-In: 23.10 18:11:32,986|
Fehlernachricht fuer Luecke von 2236 bis 2239 C-In: 23.10 18:11:32,987|
lab29-65-<0.819.0>-T3: Msg #2240, C-Out: 23.10 18:11:32,272| HBQ-In: 23.10 18:11:32,273| DQ-In: 23.10 18:11:32,429| C-In: 23.10 18:11:32,988|
lab29-5-<0.5513.0>-T3: Msg #2241, C-Out: 23.10 18:11:31,779| HBQ-In: 23.10 18:11:31,779| DQ-In: 23.10 18:11:32,429| C-In: 23.10 18:11:32,989|
lab29-25-<0.3973.0>-T3: Msg #2242, C-Out: 23.10 18:11:31,805| HBQ-In: 23.10 18:11:31,805| DQ-In: 23.10 18:11:32,429| C-In: 23.10 18:11:32,989|
lab29-15-<0.4762.0>-T3: Msg #2243, C-Out: 23.10 18:11:31,806| HBQ-In: 23.10 18:11:31,806| DQ-In: 23.10 18:11:32,429| C-In: 23.10 18:11:32,989|
lab29-20-<0.4365.0>-T3: Msg #2244, C-Out: 23.10 18:11:31,807| HBQ-In: 23.10 18:11:31,807| DQ-In: 23.10 18:11:32,429| C-In: 23.10 18:11:32,990|
lab29-30-<0.3559.0>-T3: Msg #2245, C-Out: 23.10 18:11:31,812| HBQ-In: 23.10 18:11:31,812| DQ-In: 23.10 18:11:32,429| C-In: 23.10 18:11:32,990|
lab29-35-<0.3134.0>-T3: Msg #2246, C-Out: 23.10 18:11:32,325| HBQ-In: 23.10 18:11:32,325| DQ-In: 23.10 18:11:32,429| C-In: 23.10 18:11:32,991|
lab29-10-<0.5112.0>-T3: Msg #2247, C-Out: 23.10 18:11:31,828| HBQ-In: 23.10 18:11:31,829| DQ-In: 23.10 18:11:32,429| C-In: 23.10 18:11:32,992|
Fehlernachricht fuer Luecke von 2248 bis 2248 C-In: 23.10 18:11:32,992|
lab29-50-<0.1864.0>-T3: Msg #2249, C-Out: 23.10 18:11:32,381| HBQ-In: 23.10 18:11:32,381| DQ-In: 23.10 18:11:32,599| C-In: 23.10 18:11:32,992|
Fehlernachricht fuer Luecke von 2250 bis 2250 C-In: 23.10 18:11:32,993|
lab29-57-<0.1365.0>-T3: Msg #2251, C-Out: 23.10 18:11:32,427| HBQ-In: 23.10 18:11:32,429| DQ-In: 23.10 18:11:32,605| C-In: 23.10 18:11:32,993|
lab29-42-<0.2545.0>-T3: Msg #2252, C-Out: 23.10 18:11:32,433| HBQ-In: 23.10 18:11:32,433| DQ-In: 23.10 18:11:32,605| C-In: 23.10 18:11:32,993|
Fehlernachricht fuer Luecke von 2253 bis 2255 C-In: 23.10 18:11:32,994|
lab29-64-<0.899.0>-T3: Msg #2256, C-Out: 23.10 18:11:32,470| HBQ-In: 23.10 18:11:32,470| DQ-In: 23.10 18:11:32,620| C-In: 23.10 18:11:32,994|
lab29-4-<0.5587.0>-T3: Msg #2257, C-Out: 23.10 18:11:31,972| HBQ-In: 23.10 18:11:31,972| DQ-In: 23.10 18:11:32,620| C-In: 23.10 18:11:32,996|
lab29-24-<0.4051.0>-T3: Msg #2258, C-Out: 23.10 18:11:31,978| HBQ-In: 23.10 18:11:31,978| DQ-In: 23.10 18:11:32,620|******* C-In: 23.10 18:11:32,997|
Fehlernachricht fuer Luecke von 2259 bis 2259 C-In: 23.10 18:11:32,999|
lab29-29-<0.3641.0>-T3: Msg #2260, C-Out: 23.10 18:11:31,999| HBQ-In: 23.10 18:11:31,000| DQ-In: 23.10 18:11:32,667| C-In: 23.10 18:11:32,999|
lab29-49-<0.1950.0>-T3: Msg #2261, C-Out: 23.10 18:11:32,509| HBQ-In: 23.10 18:11:32,509| DQ-In: 23.10 18:11:32,667| C-In: 23.10 18:11:32,999|
lab29-9-<0.5191.0>-T3: Msg #2262, C-Out: 23.10 18:11:32,016| HBQ-In: 23.10 18:11:32,016| DQ-In: 23.10 18:11:32,667| C-In: 23.10 18:11:32,001|
lab29-14-<0.4846.0>-T3: Msg #2263, C-Out: 23.10 18:11:32,020| HBQ-In: 23.10 18:11:32,020| DQ-In: 23.10 18:11:32,667| C-In: 23.10 18:11:32,002|
lab29-19-<0.4442.0>-T3: Msg #2264, C-Out: 23.10 18:11:32,020| HBQ-In: 23.10 18:11:32,020| DQ-In: 23.10 18:11:32,667| C-In: 23.10 18:11:32,002|
lab29-34-<0.3220.0>-T3: Msg #2265, C-Out: 23.10 18:11:32,525| HBQ-In: 23.10 18:11:32,525| DQ-In: 23.10 18:11:32,667| C-In: 23.10 18:11:32,003|
lab29-56-<0.1439.0>-T3: Msg #2266, C-Out: 23.10 18:11:32,605| HBQ-In: 23.10 18:11:32,605| DQ-In: 23.10 18:11:32,667| C-In: 23.10 18:11:32,003|
Fehlernachricht fuer Luecke von 2267 bis 2267 C-In: 23.10 18:11:32,003|
lab29-41-<0.2632.0>-T3: Msg #2268, C-Out: 23.10 18:11:32,663| HBQ-In: 23.10 18:11:32,665| DQ-In: 23.10 18:11:32,816| C-In: 23.10 18:11:32,004|
lab29-3-<0.5663.0>-T3: Msg #2269, C-Out: 23.10 18:11:32,172| HBQ-In: 23.10 18:11:32,173| DQ-In: 23.10 18:11:32,816| C-In: 23.10 18:11:32,004|
Fehlernachricht fuer Luecke von 2270 bis 2272 C-In: 23.10 18:11:32,005|
lab29-23-<0.4130.0>-T3: Msg #2273, C-Out: 23.10 18:11:32,193| HBQ-In: 23.10 18:11:32,193| DQ-In: 23.10 18:11:32,828| C-In: 23.10 18:11:33,006|
Fehlernachricht fuer Luecke von 2274 bis 2275 C-In: 23.10 18:11:33,007|
lab29-28-<0.3729.0>-T3: Msg #2276, C-Out: 23.10 18:11:32,205| HBQ-In: 23.10 18:11:32,206| DQ-In: 23.10 18:11:32,833| C-In: 23.10 18:11:33,007|
lab29-8-<0.5273.0>-T3: Msg #2277, C-Out: 23.10 18:11:32,205| HBQ-In: 23.10 18:11:32,206| DQ-In: 23.10 18:11:32,833| C-In: 23.10 18:11:33,009|
lab29-48-<0.2035.0>-T3: Msg #2278, C-Out: 23.10 18:11:32,705| HBQ-In: 23.10 18:11:32,706| DQ-In: 23.10 18:11:32,833| C-In: 23.10 18:11:33,009|
lab29-63-<0.983.0>-T3: Msg #2279, C-Out: 23.10 18:11:32,716| HBQ-In: 23.10 18:11:32,716| DQ-In: 23.10 18:11:32,833| C-In: 23.10 18:11:33,010|
lab29-18-<0.4519.0>-T3: Msg #2280, C-Out: 23.10 18:11:32,214| HBQ-In: 23.10 18:11:32,215| DQ-In: 23.10 18:11:32,833| C-In: 23.10 18:11:33,010|
Fehlernachricht fuer Luecke von 2281 bis 2281 C-In: 23.10 18:11:33,011|
lab29-33-<0.3306.0>-T3: Msg #2282, C-Out: 23.10 18:11:32,753| HBQ-In: 23.10 18:11:32,753| DQ-In: 23.10 18:11:33,007| C-In: 23.10 18:11:33,011|
lab29-13-<0.4921.0>-T3: Msg #2283, C-Out: 23.10 18:11:32,255| HBQ-In: 23.10 18:11:32,257| DQ-In: 23.10 18:11:33,007| C-In: 23.10 18:11:33,011|
ReceiveMsgs done
lab29-24-<0.4051.0>-T3: Msg #2430, C-Out: 23.10 18:11:34,513| gesendet
lab29-24-<0.4051.0>-T3: Msg #2539, C-Out: 23.10 18:11:36,014| gesendet
lab29-24-<0.4051.0>-T3: Msg #2668, C-Out: 23.10 18:11:37,516| gesendet
lab29-24-<0.4051.0>-T3: Msg #2778, C-Out: 23.10 18:11:39,017| gesendet
