lab29-62-<0.1043.0>-T3 C-Start: 23.10 18:11:15,290|
lab29-62-<0.1043.0>-T3: Msg #921, C-Out: 23.10 18:11:16,292| gesendet
lab29-62-<0.1043.0>-T3: Msg #968, C-Out: 23.10 18:11:17,293| gesendet
lab29-62-<0.1043.0>-T3: Msg #1025, C-Out: 23.10 18:11:18,295| gesendet
lab29-62-<0.1043.0>-T3: Msg #1085, C-Out: 23.10 18:11:19,299| gesendet
lab29-62-<0.1043.0>-T3: Msg #1174, C-Out: 23.10 18:11:20,301| gesendet
Neues Intervall: 1 Sekunden
Msg #1243 um 23.10 18:11:20,302| vergessen zu senden
lab29-82-<0.153.0>-T3: Msg #1090, C-Out: 23.10 18:11:19,315| HBQ-In: 23.10 18:11:19,316| DQ-In: 23.10 18:11:19,316| C-In: 23.10 18:11:20,303|
lab29-72-<0.396.0>-T3: Msg #1091, C-Out: 23.10 18:11:19,325| HBQ-In: 23.10 18:11:19,326| DQ-In: 23.10 18:11:19,326| C-In: 23.10 18:11:20,304|
lab29-92-<0.99.0>-T3: Msg #1092, C-Out: 23.10 18:11:19,335| HBQ-In: 23.10 18:11:19,336| DQ-In: 23.10 18:11:19,336| C-In: 23.10 18:11:20,304|
lab29-77-<0.187.0>-T3: Msg #1093, C-Out: 23.10 18:11:19,378| HBQ-In: 23.10 18:11:19,378| DQ-In: 23.10 18:11:19,378| C-In: 23.10 18:11:20,304|
Fehlernachricht fuer Luecke von 1094 bis 1094 C-In: 23.10 18:11:20,305|
lab29-66-<0.743.0>-T3: Msg #1095, C-Out: 23.10 18:11:19,495| HBQ-In: 23.10 18:11:19,495| DQ-In: 23.10 18:11:19,512| C-In: 23.10 18:11:20,305|
Fehlernachricht fuer Luecke von 1096 bis 1097 C-In: 23.10 18:11:20,305|
1-client@lab23: 1098. Nachricht--Gruppe:1-Team:5-Sendezeit:18:11:18 HBQ-In: 23.10 18:11:18,502| DQ-In: 23.10 18:11:19,561| C-In: 23.10 18:11:20,308|
lab29-61-<0.1100.0>-T3: Msg #1099, C-Out: 23.10 18:11:19,503| HBQ-In: 23.10 18:11:19,503| DQ-In: 23.10 18:11:19,561| C-In: 23.10 18:11:20,308|
3-client@lab23: 1100. Nachricht--Gruppe:1-Team:5-Sendezeit:18:11:18 HBQ-In: 23.10 18:11:18,505| DQ-In: 23.10 18:11:19,561| C-In: 23.10 18:11:20,310|
1-client@lab23: 1101. Nachricht--Gruppe:1-Team:5-Sendezeit:18:11:18 HBQ-In: 23.10 18:11:18,508| DQ-In: 23.10 18:11:19,561| C-In: 23.10 18:11:20,311|
4-client@lab23: 1102. Nachricht--Gruppe:1-Team:5-Sendezeit:18:11:18 HBQ-In: 23.10 18:11:18,508| DQ-In: 23.10 18:11:19,561| C-In: 23.10 18:11:20,311|
2-client@lab23: 1103. Nachricht--Gruppe:1-Team:5-Sendezeit:18:11:18 HBQ-In: 23.10 18:11:18,508| DQ-In: 23.10 18:11:19,561| C-In: 23.10 18:11:20,312|
5-client@lab23: 1104. Nachricht--Gruppe:1-Team:5-Sendezeit:18:11:18 HBQ-In: 23.10 18:11:18,508| DQ-In: 23.10 18:11:19,561| C-In: 23.10 18:11:20,312|
lab29-56-<0.1439.0>-T3: Msg #1105, C-Out: 23.10 18:11:19,506| HBQ-In: 23.10 18:11:19,506| DQ-In: 23.10 18:11:19,561| C-In: 23.10 18:11:20,312|
3-client@lab23: 1106. Nachricht--Gruppe:1-Team:5-Sendezeit:18:11:18 HBQ-In: 23.10 18:11:18,512| DQ-In: 23.10 18:11:19,561| C-In: 23.10 18:11:20,312|
1-client@lab23: 1107. Nachricht--Gruppe:1-Team:5-Sendezeit:18:11:18 HBQ-In: 23.10 18:11:18,512| DQ-In: 23.10 18:11:19,561| C-In: 23.10 18:11:20,313|
4-client@lab23: 1108. Nachricht--Gruppe:1-Team:5-Sendezeit:18:11:18 HBQ-In: 23.10 18:11:18,513| DQ-In: 23.10 18:11:19,561| C-In: 23.10 18:11:20,315|
2-client@lab23: 1109. Nachricht--Gruppe:1-Team:5-Sendezeit:18:11:18 HBQ-In: 23.10 18:11:18,513| DQ-In: 23.10 18:11:19,562| C-In: 23.10 18:11:20,315|
5-client@lab23: 1110. Nachricht--Gruppe:1-Team:5-Sendezeit:18:11:18 HBQ-In: 23.10 18:11:18,513| DQ-In: 23.10 18:11:19,562| C-In: 23.10 18:11:20,315|
lab29-51-<0.1789.0>-T3: Msg #1111, C-Out: 23.10 18:11:19,509| HBQ-In: 23.10 18:11:19,511| DQ-In: 23.10 18:11:19,562| C-In: 23.10 18:11:20,316|
lab29-81-<0.159.0>-T3: Msg #1112, C-Out: 23.10 18:11:19,511| HBQ-In: 23.10 18:11:19,511| DQ-In: 23.10 18:11:19,562| C-In: 23.10 18:11:20,316|
lab29-46-<0.2213.0>-T3: Msg #1113, C-Out: 23.10 18:11:19,512| HBQ-In: 23.10 18:11:19,512| DQ-In: 23.10 18:11:19,562| C-In: 23.10 18:11:20,316|
1-client@lab23: 1114. Nachricht--Gruppe:1-Team:5-Sendezeit:18:11:18 HBQ-In: 23.10 18:11:18,517| DQ-In: 23.10 18:11:19,562| C-In: 23.10 18:11:20,316|
3-client@lab23: 1115. Nachricht--Gruppe:1-Team:5-Sendezeit:18:11:18 HBQ-In: 23.10 18:11:18,518| DQ-In: 23.10 18:11:19,562| C-In: 23.10 18:11:20,317|
2-client@lab23: 1116. Nachricht--Gruppe:1-Team:5-Sendezeit:18:11:18 HBQ-In: 23.10 18:11:18,517| DQ-In: 23.10 18:11:19,562| C-In: 23.10 18:11:20,317|
5-client@lab23: 1117. Nachricht--Gruppe:1-Team:5-Sendezeit:18:11:18 HBQ-In: 23.10 18:11:18,518| DQ-In: 23.10 18:11:19,562| C-In: 23.10 18:11:20,317|
4-client@lab23: 1118. Nachricht--Gruppe:1-Team:5-Sendezeit:18:11:18 HBQ-In: 23.10 18:11:18,518| DQ-In: 23.10 18:11:19,562| C-In: 23.10 18:11:20,318|
Fehlernachricht fuer Luecke von 1119 bis 1119 C-In: 23.10 18:11:20,318|
2-client@lab23: 1120. Nachricht--Gruppe:1-Team:5-Sendezeit:18:11:18 HBQ-In: 23.10 18:11:18,522| DQ-In: 23.10 18:11:19,929| C-In: 23.10 18:11:20,318|
3-client@lab23: 1121. Nachricht--Gruppe:1-Team:5-Sendezeit:18:11:18 HBQ-In: 23.10 18:11:18,523| DQ-In: 23.10 18:11:19,929| C-In: 23.10 18:11:20,319|
5-client@lab23: 1122. Nachricht--Gruppe:1-Team:5-Sendezeit:18:11:18 HBQ-In: 23.10 18:11:18,523| DQ-In: 23.10 18:11:19,929| C-In: 23.10 18:11:20,319|
4-client@lab23: 1123. Nachricht--Gruppe:1-Team:5-Sendezeit:18:11:18 HBQ-In: 23.10 18:11:18,523| DQ-In: 23.10 18:11:19,929| C-In: 23.10 18:11:20,320|
Fehlernachricht fuer Luecke von 1124 bis 1127 C-In: 23.10 18:11:20,320|
lab29-91-<0.103.0>-T3: Msg #1128, C-Out: 23.10 18:11:19,561| HBQ-In: 23.10 18:11:19,561| DQ-In: 23.10 18:11:20,103| C-In: 23.10 18:11:20,323|
lab29-86-<0.129.0>-T3: Msg #1129, C-Out: 23.10 18:11:19,565| HBQ-In: 23.10 18:11:19,566| DQ-In: 23.10 18:11:20,103| C-In: 23.10 18:11:20,324|
lab29-76-<0.194.0>-T3: Msg #1130, C-Out: 23.10 18:11:19,583| HBQ-In: 23.10 18:11:19,583| DQ-In: 23.10 18:11:20,103| C-In: 23.10 18:11:20,325|
Fehlernachricht fuer Luecke von 1131 bis 1131 C-In: 23.10 18:11:20,327|
lab29-71-<0.461.0>-T3: Msg #1132, C-Out: 23.10 18:11:19,604| HBQ-In: 23.10 18:11:19,606| DQ-In: 23.10 18:11:20,117| C-In: 23.10 18:11:20,330|
Fehlernachricht fuer Luecke von 1133 bis 1133 C-In: 23.10 18:11:20,332|
lab29-65-<0.819.0>-T3: Msg #1134, C-Out: 23.10 18:11:19,694| HBQ-In: 23.10 18:11:19,694| DQ-In: 23.10 18:11:20,118| C-In: 23.10 18:11:20,332|
Fehlernachricht fuer Luecke von 1135 bis 1135 C-In: 23.10 18:11:20,333|
lab29-60-<0.1170.0>-T3: Msg #1136, C-Out: 23.10 18:11:19,705| HBQ-In: 23.10 18:11:19,706| DQ-In: 23.10 18:11:20,121| C-In: 23.10 18:11:20,333|
lab29-85-<0.133.0>-T3: Msg #1137, C-Out: 23.10 18:11:19,705| HBQ-In: 23.10 18:11:19,706| DQ-In: 23.10 18:11:20,121| C-In: 23.10 18:11:20,333|
lab29-50-<0.1864.0>-T3: Msg #1138, C-Out: 23.10 18:11:19,707| HBQ-In: 23.10 18:11:19,707| DQ-In: 23.10 18:11:20,121| C-In: 23.10 18:11:20,334|
lab29-55-<0.1513.0>-T3: Msg #1139, C-Out: 23.10 18:11:19,707| HBQ-In: 23.10 18:11:19,707| DQ-In: 23.10 18:11:20,121| C-In: 23.10 18:11:20,334|
lab29-45-<0.2293.0>-T3: Msg #1140, C-Out: 23.10 18:11:19,712| HBQ-In: 23.10 18:11:19,712| DQ-In: 23.10 18:11:20,121| C-In: 23.10 18:11:20,335|
lab29-70-<0.519.0>-T3: Msg #1141, C-Out: 23.10 18:11:19,713| HBQ-In: 23.10 18:11:19,713| DQ-In: 23.10 18:11:20,121| C-In: 23.10 18:11:20,335|
lab29-80-<0.164.0>-T3: Msg #1142, C-Out: 23.10 18:11:19,760| HBQ-In: 23.10 18:11:19,760| DQ-In: 23.10 18:11:20,121| C-In: 23.10 18:11:20,336|
lab29-90-<0.107.0>-T3: Msg #1143, C-Out: 23.10 18:11:19,760| HBQ-In: 23.10 18:11:19,760| DQ-In: 23.10 18:11:20,121| C-In: 23.10 18:11:20,336|
Fehlernachricht fuer Luecke von 1144 bis 1144 C-In: 23.10 18:11:20,336|
lab29-75-<0.200.0>-T3: Msg #1145, C-Out: 23.10 18:11:19,779| HBQ-In: 23.10 18:11:19,781| DQ-In: 23.10 18:11:20,319| C-In: 23.10 18:11:20,336|
Fehlernachricht fuer Luecke von 1146 bis 1146 C-In: 23.10 18:11:20,337|
lab29-59-<0.1234.0>-T3: Msg #1147, C-Out: 23.10 18:11:19,901| HBQ-In: 23.10 18:11:19,901| DQ-In: 23.10 18:11:20,319| C-In: 23.10 18:11:20,337|
lab29-64-<0.899.0>-T3: Msg #1148, C-Out: 23.10 18:11:19,901| HBQ-In: 23.10 18:11:19,901| DQ-In: 23.10 18:11:20,319| C-In: 23.10 18:11:20,337|
Fehlernachricht fuer Luecke von 1149 bis 1149 C-In: 23.10 18:11:20,338|
lab29-89-<0.113.0>-T3: Msg #1150, C-Out: 23.10 18:11:19,905| HBQ-In: 23.10 18:11:19,905| DQ-In: 23.10 18:11:20,329| C-In: 23.10 18:11:20,338|
lab29-54-<0.1586.0>-T3: Msg #1151, C-Out: 23.10 18:11:19,905| HBQ-In: 23.10 18:11:19,905| DQ-In: 23.10 18:11:20,329| C-In: 23.10 18:11:20,338|
lab29-84-<0.140.0>-T3: Msg #1152, C-Out: 23.10 18:11:19,905| HBQ-In: 23.10 18:11:19,905| DQ-In: 23.10 18:11:20,329| C-In: 23.10 18:11:20,338|
lab29-49-<0.1950.0>-T3: Msg #1153, C-Out: 23.10 18:11:19,909| HBQ-In: 23.10 18:11:19,909| DQ-In: 23.10 18:11:20,329| C-In: 23.10 18:11:20,339|
lab29-44-<0.2376.0>-T3: Msg #1154, C-Out: 23.10 18:11:19,913| HBQ-In: 23.10 18:11:19,914| DQ-In: 23.10 18:11:20,329| C-In: 23.10 18:11:20,341|
lab29-69-<0.583.0>-T3: Msg #1155, C-Out: 23.10 18:11:19,928| HBQ-In: 23.10 18:11:19,929| DQ-In: 23.10 18:11:20,329| C-In: 23.10 18:11:20,341|
lab29-79-<0.173.0>-T3: Msg #1156, C-Out: 23.10 18:11:19,958| HBQ-In: 23.10 18:11:19,958| DQ-In: 23.10 18:11:20,329| C-In: 23.10 18:11:20,342|
lab29-74-<0.266.0>-T3: Msg #1157, C-Out: 23.10 18:11:19,964| HBQ-In: 23.10 18:11:19,964| DQ-In: 23.10 18:11:20,329| C-In: 23.10 18:11:20,342|
ReceiveMsgs done
lab29-62-<0.1043.0>-T3: Msg #1254, C-Out: 23.10 18:11:21,346| gesendet
lab29-62-<0.1043.0>-T3: Msg #1331, C-Out: 23.10 18:11:22,347| gesendet
lab29-62-<0.1043.0>-T3: Msg #1405, C-Out: 23.10 18:11:23,353| gesendet
lab29-62-<0.1043.0>-T3: Msg #1511, C-Out: 23.10 18:11:24,356| gesendet
lab29-62-<0.1043.0>-T3: Msg #1592, C-Out: 23.10 18:11:25,360| gesendet
Neues Intervall: 1.5 Sekunden
Msg #1682 um 23.10 18:11:25,361| vergessen zu senden
lab29-53-<0.1650.0>-T3: Msg #1495, C-Out: 23.10 18:11:24,146| HBQ-In: 23.10 18:11:24,148| DQ-In: 23.10 18:11:24,569| C-In: 23.10 18:11:25,361|
lab29-63-<0.983.0>-T3: Msg #1496, C-Out: 23.10 18:11:24,152| HBQ-In: 23.10 18:11:24,152| DQ-In: 23.10 18:11:24,569| C-In: 23.10 18:11:25,361|
lab29-58-<0.1296.0>-T3: Msg #1497, C-Out: 23.10 18:11:24,155| HBQ-In: 23.10 18:11:24,155| DQ-In: 23.10 18:11:24,569| C-In: 23.10 18:11:25,362|
lab29-48-<0.2035.0>-T3: Msg #1498, C-Out: 23.10 18:11:24,157| HBQ-In: 23.10 18:11:24,157| DQ-In: 23.10 18:11:24,569| C-In: 23.10 18:11:25,362|
lab29-73-<0.332.0>-T3: Msg #1499, C-Out: 23.10 18:11:24,658| HBQ-In: 23.10 18:11:24,659| DQ-In: 23.10 18:11:24,659| C-In: 23.10 18:11:25,364|
lab29-88-<0.118.0>-T3: Msg #1500, C-Out: 23.10 18:11:24,665| HBQ-In: 23.10 18:11:24,666| DQ-In: 23.10 18:11:24,666| C-In: 23.10 18:11:25,365|
Fehlernachricht fuer Luecke von 1501 bis 1502 C-In: 23.10 18:11:25,365|
lab29-37-<0.2967.0>-T3: Msg #1503, C-Out: 23.10 18:11:24,331| HBQ-In: 23.10 18:11:24,331| DQ-In: 23.10 18:11:24,746| C-In: 23.10 18:11:25,378|
lab29-42-<0.2545.0>-T3: Msg #1504, C-Out: 23.10 18:11:24,331| HBQ-In: 23.10 18:11:24,331| DQ-In: 23.10 18:11:24,746| C-In: 23.10 18:11:25,378|
lab29-32-<0.3394.0>-T3: Msg #1505, C-Out: 23.10 18:11:24,331| HBQ-In: 23.10 18:11:24,331| DQ-In: 23.10 18:11:24,746| C-In: 23.10 18:11:25,379|
Fehlernachricht fuer Luecke von 1506 bis 1507 C-In: 23.10 18:11:25,379|
lab29-27-<0.3815.0>-T3: Msg #1508, C-Out: 23.10 18:11:24,340| HBQ-In: 23.10 18:11:24,340| DQ-In: 23.10 18:11:24,770| C-In: 23.10 18:11:25,380|
lab29-22-<0.4210.0>-T3: Msg #1509, C-Out: 23.10 18:11:24,341| HBQ-In: 23.10 18:11:24,342| DQ-In: 23.10 18:11:24,770| C-In: 23.10 18:11:25,380|
lab29-67-<0.708.0>-T3: Msg #1510, C-Out: 23.10 18:11:24,346| HBQ-In: 23.10 18:11:24,346| DQ-In: 23.10 18:11:24,770| C-In: 23.10 18:11:25,383|
lab29-62-<0.1043.0>-T3: Msg #1511, C-Out: 23.10 18:11:24,356| HBQ-In: 23.10 18:11:24,357| DQ-In: 23.10 18:11:24,770|******* C-In: 23.10 18:11:25,383|
lab29-47-<0.2127.0>-T3: Msg #1512, C-Out: 23.10 18:11:24,366| HBQ-In: 23.10 18:11:24,366| DQ-In: 23.10 18:11:24,770| C-In: 23.10 18:11:25,384|
lab29-87-<0.123.0>-T3: Msg #1513, C-Out: 23.10 18:11:24,868| HBQ-In: 23.10 18:11:24,869| DQ-In: 23.10 18:11:24,869| C-In: 23.10 18:11:25,384|
lab29-52-<0.1713.0>-T3: Msg #1514, C-Out: 23.10 18:11:24,380| HBQ-In: 23.10 18:11:24,380| DQ-In: 23.10 18:11:24,869| C-In: 23.10 18:11:25,384|
lab29-72-<0.396.0>-T3: Msg #1515, C-Out: 23.10 18:11:24,882| HBQ-In: 23.10 18:11:24,882| DQ-In: 23.10 18:11:24,882| C-In: 23.10 18:11:25,385|
lab29-57-<0.1365.0>-T3: Msg #1516, C-Out: 23.10 18:11:24,382| HBQ-In: 23.10 18:11:24,382| DQ-In: 23.10 18:11:24,882| C-In: 23.10 18:11:25,387|
Fehlernachricht fuer Luecke von 1517 bis 1518 C-In: 23.10 18:11:25,387|
lab29-41-<0.2632.0>-T3: Msg #1519, C-Out: 23.10 18:11:24,531| HBQ-In: 23.10 18:11:24,532| DQ-In: 23.10 18:11:24,946| C-In: 23.10 18:11:25,388|
lab29-36-<0.3048.0>-T3: Msg #1520, C-Out: 23.10 18:11:24,531| HBQ-In: 23.10 18:11:24,532| DQ-In: 23.10 18:11:24,946| C-In: 23.10 18:11:25,390|
lab29-31-<0.3480.0>-T3: Msg #1521, C-Out: 23.10 18:11:24,532| HBQ-In: 23.10 18:11:24,532| DQ-In: 23.10 18:11:24,946| C-In: 23.10 18:11:25,392|
lab29-26-<0.3898.0>-T3: Msg #1522, C-Out: 23.10 18:11:24,538| HBQ-In: 23.10 18:11:24,540| DQ-In: 23.10 18:11:24,946| C-In: 23.10 18:11:25,393|
Fehlernachricht fuer Luecke von 1523 bis 1523 C-In: 23.10 18:11:25,393|
lab29-66-<0.743.0>-T3: Msg #1524, C-Out: 23.10 18:11:24,548| HBQ-In: 23.10 18:11:24,548| DQ-In: 23.10 18:11:24,966| C-In: 23.10 18:11:25,393|
lab29-21-<0.4291.0>-T3: Msg #1525, C-Out: 23.10 18:11:24,547| HBQ-In: 23.10 18:11:24,548| DQ-In: 23.10 18:11:24,966| C-In: 23.10 18:11:25,394|
lab29-56-<0.1439.0>-T3: Msg #1526, C-Out: 23.10 18:11:24,547| HBQ-In: 23.10 18:11:24,548| DQ-In: 23.10 18:11:24,966| C-In: 23.10 18:11:25,394|
lab29-46-<0.2213.0>-T3: Msg #1527, C-Out: 23.10 18:11:24,551| HBQ-In: 23.10 18:11:24,551| DQ-In: 23.10 18:11:24,966| C-In: 23.10 18:11:25,394|
lab29-51-<0.1789.0>-T3: Msg #1528, C-Out: 23.10 18:11:24,568| HBQ-In: 23.10 18:11:24,569| DQ-In: 23.10 18:11:24,966| C-In: 23.10 18:11:25,395|
lab29-61-<0.1100.0>-T3: Msg #1529, C-Out: 23.10 18:11:24,574| HBQ-In: 23.10 18:11:24,575| DQ-In: 23.10 18:11:24,966| C-In: 23.10 18:11:25,395|
lab29-86-<0.129.0>-T3: Msg #1530, C-Out: 23.10 18:11:25,112| HBQ-In: 23.10 18:11:25,112| DQ-In: 23.10 18:11:25,112| C-In: 23.10 18:11:25,396|
Fehlernachricht fuer Luecke von 1531 bis 1536 C-In: 23.10 18:11:25,398|
lab29-40-<0.2707.0>-T3: Msg #1537, C-Out: 23.10 18:11:24,726| HBQ-In: 23.10 18:11:24,726| DQ-In: 23.10 18:11:25,149| C-In: 23.10 18:11:25,398|
lab29-35-<0.3134.0>-T3: Msg #1538, C-Out: 23.10 18:11:24,729| HBQ-In: 23.10 18:11:24,729| DQ-In: 23.10 18:11:25,149| C-In: 23.10 18:11:25,400|
lab29-65-<0.819.0>-T3: Msg #1539, C-Out: 23.10 18:11:24,729| HBQ-In: 23.10 18:11:24,729| DQ-In: 23.10 18:11:25,149| C-In: 23.10 18:11:25,401|
lab29-30-<0.3559.0>-T3: Msg #1540, C-Out: 23.10 18:11:24,741| HBQ-In: 23.10 18:11:24,741| DQ-In: 23.10 18:11:25,149| C-In: 23.10 18:11:25,403|
Fehlernachricht fuer Luecke von 1541 bis 1541 C-In: 23.10 18:11:25,405|
lab29-25-<0.3973.0>-T3: Msg #1542, C-Out: 23.10 18:11:24,746| HBQ-In: 23.10 18:11:24,746| DQ-In: 23.10 18:11:25,175| C-In: 23.10 18:11:25,408|
lab29-60-<0.1170.0>-T3: Msg #1543, C-Out: 23.10 18:11:24,746| HBQ-In: 23.10 18:11:24,746| DQ-In: 23.10 18:11:25,175| C-In: 23.10 18:11:25,408|
lab29-20-<0.4365.0>-T3: Msg #1544, C-Out: 23.10 18:11:24,746| HBQ-In: 23.10 18:11:24,746| DQ-In: 23.10 18:11:25,175| C-In: 23.10 18:11:25,410|
lab29-45-<0.2293.0>-T3: Msg #1545, C-Out: 23.10 18:11:24,766| HBQ-In: 23.10 18:11:24,766| DQ-In: 23.10 18:11:25,175| C-In: 23.10 18:11:25,411|
lab29-70-<0.519.0>-T3: Msg #1546, C-Out: 23.10 18:11:25,267| HBQ-In: 23.10 18:11:25,267| DQ-In: 23.10 18:11:25,267| C-In: 23.10 18:11:25,411|
lab29-55-<0.1513.0>-T3: Msg #1547, C-Out: 23.10 18:11:24,770| HBQ-In: 23.10 18:11:24,770| DQ-In: 23.10 18:11:25,267| C-In: 23.10 18:11:25,413|
lab29-50-<0.1864.0>-T3: Msg #1548, C-Out: 23.10 18:11:24,803| HBQ-In: 23.10 18:11:24,804| DQ-In: 23.10 18:11:25,267| C-In: 23.10 18:11:25,413|
Fehlernachricht fuer Luecke von 1549 bis 1552 C-In: 23.10 18:11:25,415|
lab29-34-<0.3220.0>-T3: Msg #1553, C-Out: 23.10 18:11:24,934| HBQ-In: 23.10 18:11:24,934| DQ-In: 23.10 18:11:25,360| C-In: 23.10 18:11:25,416|
lab29-39-<0.2795.0>-T3: Msg #1554, C-Out: 23.10 18:11:24,934| HBQ-In: 23.10 18:11:24,934| DQ-In: 23.10 18:11:25,360| C-In: 23.10 18:11:25,418|
lab29-64-<0.899.0>-T3: Msg #1555, C-Out: 23.10 18:11:24,934| HBQ-In: 23.10 18:11:24,934| DQ-In: 23.10 18:11:25,360| C-In: 23.10 18:11:25,418|
Fehlernachricht fuer Luecke von 1556 bis 1556 C-In: 23.10 18:11:25,418|
lab29-29-<0.3641.0>-T3: Msg #1557, C-Out: 23.10 18:11:24,941| HBQ-In: 23.10 18:11:24,941| DQ-In: 23.10 18:11:25,383| C-In: 23.10 18:11:25,419|
lab29-24-<0.4051.0>-T3: Msg #1558, C-Out: 23.10 18:11:24,941| HBQ-In: 23.10 18:11:24,941| DQ-In: 23.10 18:11:25,383| C-In: 23.10 18:11:25,419|
ReceiveMsgs done
lab29-62-<0.1043.0>-T3: Msg #1690, C-Out: 23.10 18:11:26,924| gesendet
lab29-62-<0.1043.0>-T3: Msg #1852, C-Out: 23.10 18:11:28,427| gesendet
lab29-62-<0.1043.0>-T3: Msg #2001, C-Out: 23.10 18:11:29,929| gesendet
lab29-62-<0.1043.0>-T3: Msg #2136, C-Out: 23.10 18:11:31,430| gesendet
lab29-62-<0.1043.0>-T3: Msg #2297, C-Out: 23.10 18:11:32,931| gesendet
Neues Intervall: 2.25 Sekunden
Msg #2423 um 23.10 18:11:32,931| vergessen zu senden
3-client@lab23: 2220. Nachricht--Gruppe:1-Team:5-Sendezeit:18:11:30 HBQ-In: 23.10 18:11:30,706| DQ-In: 23.10 18:11:32,201| C-In: 23.10 18:11:32,931|
1-client@lab23: 2221. Nachricht--Gruppe:1-Team:5-Sendezeit:18:11:30 HBQ-In: 23.10 18:11:30,707| DQ-In: 23.10 18:11:32,201| C-In: 23.10 18:11:32,932|
5-client@lab23: 2222. Nachricht--Gruppe:1-Team:5-Sendezeit:18:11:30 HBQ-In: 23.10 18:11:30,706| DQ-In: 23.10 18:11:32,201| C-In: 23.10 18:11:32,932|
4-client@lab23: 2223. Nachricht--Gruppe:1-Team:5-Sendezeit:18:11:30 HBQ-In: 23.10 18:11:30,706| DQ-In: 23.10 18:11:32,201| C-In: 23.10 18:11:32,932|
2-client@lab23: 2224. Nachricht--Gruppe:1-Team:5-Sendezeit:18:11:30 HBQ-In: 23.10 18:11:30,710| DQ-In: 23.10 18:11:32,201| C-In: 23.10 18:11:32,934|
3-client@lab23: 2225. Nachricht--Gruppe:1-Team:5-Sendezeit:18:11:30 HBQ-In: 23.10 18:11:30,712| DQ-In: 23.10 18:11:32,201| C-In: 23.10 18:11:32,935|
4-client@lab23: 2226. Nachricht--Gruppe:1-Team:5-Sendezeit:18:11:30 HBQ-In: 23.10 18:11:30,711| DQ-In: 23.10 18:11:32,201| C-In: 23.10 18:11:32,937|
5-client@lab23: 2227. Nachricht--Gruppe:1-Team:5-Sendezeit:18:11:30 HBQ-In: 23.10 18:11:30,710| DQ-In: 23.10 18:11:32,201| C-In: 23.10 18:11:32,937|
1-client@lab23: 2228. Nachricht--Gruppe:1-Team:5-Sendezeit:18:11:30 HBQ-In: 23.10 18:11:30,711| DQ-In: 23.10 18:11:32,201| C-In: 23.10 18:11:32,939|
Fehlernachricht fuer Luecke von 2229 bis 2232 C-In: 23.10 18:11:32,939|
3-client@lab23: 2233. Nachricht--Gruppe:1-Team:5-Sendezeit:18:11:30 HBQ-In: 23.10 18:11:30,713| DQ-In: 23.10 18:11:32,412| C-In: 23.10 18:11:32,940|
Fehlernachricht fuer Luecke von 2234 bis 2234 C-In: 23.10 18:11:32,942|
lab29-43-<0.2458.0>-T3: Msg #2235, C-Out: 23.10 18:11:32,232| HBQ-In: 23.10 18:11:32,233| DQ-In: 23.10 18:11:32,418| C-In: 23.10 18:11:32,942|
Fehlernachricht fuer Luecke von 2236 bis 2239 C-In: 23.10 18:11:32,942|
lab29-65-<0.819.0>-T3: Msg #2240, C-Out: 23.10 18:11:32,272| HBQ-In: 23.10 18:11:32,273| DQ-In: 23.10 18:11:32,429| C-In: 23.10 18:11:32,943|
lab29-5-<0.5513.0>-T3: Msg #2241, C-Out: 23.10 18:11:31,779| HBQ-In: 23.10 18:11:31,779| DQ-In: 23.10 18:11:32,429| C-In: 23.10 18:11:32,944|
lab29-25-<0.3973.0>-T3: Msg #2242, C-Out: 23.10 18:11:31,805| HBQ-In: 23.10 18:11:31,805| DQ-In: 23.10 18:11:32,429| C-In: 23.10 18:11:32,945|
lab29-15-<0.4762.0>-T3: Msg #2243, C-Out: 23.10 18:11:31,806| HBQ-In: 23.10 18:11:31,806| DQ-In: 23.10 18:11:32,429| C-In: 23.10 18:11:32,945|
lab29-20-<0.4365.0>-T3: Msg #2244, C-Out: 23.10 18:11:31,807| HBQ-In: 23.10 18:11:31,807| DQ-In: 23.10 18:11:32,429| C-In: 23.10 18:11:32,947|
lab29-30-<0.3559.0>-T3: Msg #2245, C-Out: 23.10 18:11:31,812| HBQ-In: 23.10 18:11:31,812| DQ-In: 23.10 18:11:32,429| C-In: 23.10 18:11:32,947|
lab29-35-<0.3134.0>-T3: Msg #2246, C-Out: 23.10 18:11:32,325| HBQ-In: 23.10 18:11:32,325| DQ-In: 23.10 18:11:32,429| C-In: 23.10 18:11:32,947|
lab29-10-<0.5112.0>-T3: Msg #2247, C-Out: 23.10 18:11:31,828| HBQ-In: 23.10 18:11:31,829| DQ-In: 23.10 18:11:32,429| C-In: 23.10 18:11:32,951|
Fehlernachricht fuer Luecke von 2248 bis 2248 C-In: 23.10 18:11:32,951|
lab29-50-<0.1864.0>-T3: Msg #2249, C-Out: 23.10 18:11:32,381| HBQ-In: 23.10 18:11:32,381| DQ-In: 23.10 18:11:32,599| C-In: 23.10 18:11:32,951|
Fehlernachricht fuer Luecke von 2250 bis 2250 C-In: 23.10 18:11:32,951|
lab29-57-<0.1365.0>-T3: Msg #2251, C-Out: 23.10 18:11:32,427| HBQ-In: 23.10 18:11:32,429| DQ-In: 23.10 18:11:32,605| C-In: 23.10 18:11:32,953|
lab29-42-<0.2545.0>-T3: Msg #2252, C-Out: 23.10 18:11:32,433| HBQ-In: 23.10 18:11:32,433| DQ-In: 23.10 18:11:32,605| C-In: 23.10 18:11:32,954|
Fehlernachricht fuer Luecke von 2253 bis 2255 C-In: 23.10 18:11:32,954|
lab29-64-<0.899.0>-T3: Msg #2256, C-Out: 23.10 18:11:32,470| HBQ-In: 23.10 18:11:32,470| DQ-In: 23.10 18:11:32,620| C-In: 23.10 18:11:32,956|
lab29-4-<0.5587.0>-T3: Msg #2257, C-Out: 23.10 18:11:31,972| HBQ-In: 23.10 18:11:31,972| DQ-In: 23.10 18:11:32,620| C-In: 23.10 18:11:32,956|
lab29-24-<0.4051.0>-T3: Msg #2258, C-Out: 23.10 18:11:31,978| HBQ-In: 23.10 18:11:31,978| DQ-In: 23.10 18:11:32,620| C-In: 23.10 18:11:32,956|
Fehlernachricht fuer Luecke von 2259 bis 2259 C-In: 23.10 18:11:32,958|
lab29-29-<0.3641.0>-T3: Msg #2260, C-Out: 23.10 18:11:31,999| HBQ-In: 23.10 18:11:31,000| DQ-In: 23.10 18:11:32,667| C-In: 23.10 18:11:32,959|
lab29-49-<0.1950.0>-T3: Msg #2261, C-Out: 23.10 18:11:32,509| HBQ-In: 23.10 18:11:32,509| DQ-In: 23.10 18:11:32,667| C-In: 23.10 18:11:32,959|
lab29-9-<0.5191.0>-T3: Msg #2262, C-Out: 23.10 18:11:32,016| HBQ-In: 23.10 18:11:32,016| DQ-In: 23.10 18:11:32,667| C-In: 23.10 18:11:32,959|
lab29-14-<0.4846.0>-T3: Msg #2263, C-Out: 23.10 18:11:32,020| HBQ-In: 23.10 18:11:32,020| DQ-In: 23.10 18:11:32,667| C-In: 23.10 18:11:32,960|
lab29-19-<0.4442.0>-T3: Msg #2264, C-Out: 23.10 18:11:32,020| HBQ-In: 23.10 18:11:32,020| DQ-In: 23.10 18:11:32,667| C-In: 23.10 18:11:32,960|
lab29-34-<0.3220.0>-T3: Msg #2265, C-Out: 23.10 18:11:32,525| HBQ-In: 23.10 18:11:32,525| DQ-In: 23.10 18:11:32,667| C-In: 23.10 18:11:32,960|
lab29-56-<0.1439.0>-T3: Msg #2266, C-Out: 23.10 18:11:32,605| HBQ-In: 23.10 18:11:32,605| DQ-In: 23.10 18:11:32,667| C-In: 23.10 18:11:32,961|
Fehlernachricht fuer Luecke von 2267 bis 2267 C-In: 23.10 18:11:32,961|
lab29-41-<0.2632.0>-T3: Msg #2268, C-Out: 23.10 18:11:32,663| HBQ-In: 23.10 18:11:32,665| DQ-In: 23.10 18:11:32,816| C-In: 23.10 18:11:32,963|
lab29-3-<0.5663.0>-T3: Msg #2269, C-Out: 23.10 18:11:32,172| HBQ-In: 23.10 18:11:32,173| DQ-In: 23.10 18:11:32,816| C-In: 23.10 18:11:32,963|
Fehlernachricht fuer Luecke von 2270 bis 2272 C-In: 23.10 18:11:32,964|
lab29-23-<0.4130.0>-T3: Msg #2273, C-Out: 23.10 18:11:32,193| HBQ-In: 23.10 18:11:32,193| DQ-In: 23.10 18:11:32,828| C-In: 23.10 18:11:32,966|
Fehlernachricht fuer Luecke von 2274 bis 2275 C-In: 23.10 18:11:32,966|
lab29-28-<0.3729.0>-T3: Msg #2276, C-Out: 23.10 18:11:32,205| HBQ-In: 23.10 18:11:32,206| DQ-In: 23.10 18:11:32,833| C-In: 23.10 18:11:32,966|
lab29-8-<0.5273.0>-T3: Msg #2277, C-Out: 23.10 18:11:32,205| HBQ-In: 23.10 18:11:32,206| DQ-In: 23.10 18:11:32,833| C-In: 23.10 18:11:32,967|
lab29-48-<0.2035.0>-T3: Msg #2278, C-Out: 23.10 18:11:32,705| HBQ-In: 23.10 18:11:32,706| DQ-In: 23.10 18:11:32,833| C-In: 23.10 18:11:32,967|
lab29-63-<0.983.0>-T3: Msg #2279, C-Out: 23.10 18:11:32,716| HBQ-In: 23.10 18:11:32,716| DQ-In: 23.10 18:11:32,833| C-In: 23.10 18:11:32,967|
lab29-18-<0.4519.0>-T3: Msg #2280, C-Out: 23.10 18:11:32,214| HBQ-In: 23.10 18:11:32,215| DQ-In: 23.10 18:11:32,833| C-In: 23.10 18:11:32,968|
ReceiveMsgs done
lab29-62-<0.1043.0>-T3: Msg #2425, C-Out: 23.10 18:11:35,219| gesendet
lab29-62-<0.1043.0>-T3: Msg #2613, C-Out: 23.10 18:11:37,473| gesendet
lab29-62-<0.1043.0>-T3: Msg #2772, C-Out: 23.10 18:11:39,725| gesendet
