lab29-51-<0.1789.0>-T3 C-Start: 23.10 18:11:17,504|
lab29-51-<0.1789.0>-T3: Msg #1038, C-Out: 23.10 18:11:18,506| gesendet
lab29-51-<0.1789.0>-T3: Msg #1111, C-Out: 23.10 18:11:19,509| gesendet
lab29-51-<0.1789.0>-T3: Msg #1191, C-Out: 23.10 18:11:20,512| gesendet
lab29-51-<0.1789.0>-T3: Msg #1260, C-Out: 23.10 18:11:21,514| gesendet
lab29-51-<0.1789.0>-T3: Msg #1338, C-Out: 23.10 18:11:22,517| gesendet
Neues Intervall: 1 Sekunden
Msg #1415 um 23.10 18:11:22,517| vergessen zu senden
lab29-42-<0.2545.0>-T3: Msg #1249, C-Out: 23.10 18:11:21,325| HBQ-In: 23.10 18:11:21,325| DQ-In: 23.10 18:11:21,725| C-In: 23.10 18:11:22,517|
lab29-37-<0.2967.0>-T3: Msg #1250, C-Out: 23.10 18:11:21,325| HBQ-In: 23.10 18:11:21,325| DQ-In: 23.10 18:11:21,725| C-In: 23.10 18:11:22,518|
lab29-72-<0.396.0>-T3: Msg #1251, C-Out: 23.10 18:11:21,331| HBQ-In: 23.10 18:11:21,331| DQ-In: 23.10 18:11:21,725| C-In: 23.10 18:11:22,518|
lab29-95-<0.87.0>-T3: Msg #1252, C-Out: 23.10 18:11:21,834| HBQ-In: 23.10 18:11:21,834| DQ-In: 23.10 18:11:21,834| C-In: 23.10 18:11:22,518|
lab29-67-<0.708.0>-T3: Msg #1253, C-Out: 23.10 18:11:21,342| HBQ-In: 23.10 18:11:21,342| DQ-In: 23.10 18:11:21,834| C-In: 23.10 18:11:22,519|
lab29-62-<0.1043.0>-T3: Msg #1254, C-Out: 23.10 18:11:21,346| HBQ-In: 23.10 18:11:21,346| DQ-In: 23.10 18:11:21,834| C-In: 23.10 18:11:22,519|
lab29-87-<0.123.0>-T3: Msg #1255, C-Out: 23.10 18:11:21,865| HBQ-In: 23.10 18:11:21,865| DQ-In: 23.10 18:11:21,865| C-In: 23.10 18:11:22,520|
lab29-77-<0.187.0>-T3: Msg #1256, C-Out: 23.10 18:11:21,385| HBQ-In: 23.10 18:11:21,385| DQ-In: 23.10 18:11:21,865| C-In: 23.10 18:11:22,522|
Fehlernachricht fuer Luecke von 1257 bis 1257 C-In: 23.10 18:11:22,527|
lab29-56-<0.1439.0>-T3: Msg #1258, C-Out: 23.10 18:11:21,509| HBQ-In: 23.10 18:11:21,509| DQ-In: 23.10 18:11:21,930| C-In: 23.10 18:11:22,529|
lab29-81-<0.159.0>-T3: Msg #1259, C-Out: 23.10 18:11:21,514| HBQ-In: 23.10 18:11:21,515| DQ-In: 23.10 18:11:21,930| C-In: 23.10 18:11:22,529|
lab29-51-<0.1789.0>-T3: Msg #1260, C-Out: 23.10 18:11:21,514| HBQ-In: 23.10 18:11:21,515| DQ-In: 23.10 18:11:21,930|******* C-In: 23.10 18:11:22,530|
lab29-46-<0.2213.0>-T3: Msg #1261, C-Out: 23.10 18:11:21,514| HBQ-In: 23.10 18:11:21,515| DQ-In: 23.10 18:11:21,930| C-In: 23.10 18:11:22,530|
lab29-41-<0.2632.0>-T3: Msg #1262, C-Out: 23.10 18:11:21,524| HBQ-In: 23.10 18:11:21,524| DQ-In: 23.10 18:11:21,930| C-In: 23.10 18:11:22,530|
Fehlernachricht fuer Luecke von 1263 bis 1263 C-In: 23.10 18:11:22,531|
lab29-36-<0.3048.0>-T3: Msg #1264, C-Out: 23.10 18:11:21,525| HBQ-In: 23.10 18:11:21,526| DQ-In: 23.10 18:11:22,039| C-In: 23.10 18:11:22,533|
Fehlernachricht fuer Luecke von 1265 bis 1268 C-In: 23.10 18:11:22,534|
lab29-94-<0.91.0>-T3: Msg #1269, C-Out: 23.10 18:11:22,039| HBQ-In: 23.10 18:11:22,039| DQ-In: 23.10 18:11:22,107| C-In: 23.10 18:11:22,534|
lab29-66-<0.743.0>-T3: Msg #1270, C-Out: 23.10 18:11:21,539| HBQ-In: 23.10 18:11:21,539| DQ-In: 23.10 18:11:22,108| C-In: 23.10 18:11:22,535|
lab29-61-<0.1100.0>-T3: Msg #1271, C-Out: 23.10 18:11:21,557| HBQ-In: 23.10 18:11:21,569| DQ-In: 23.10 18:11:22,108| C-In: 23.10 18:11:22,535|
Fehlernachricht fuer Luecke von 1272 bis 1272 C-In: 23.10 18:11:22,535|
lab29-76-<0.194.0>-T3: Msg #1273, C-Out: 23.10 18:11:21,590| HBQ-In: 23.10 18:11:21,590| DQ-In: 23.10 18:11:22,123| C-In: 23.10 18:11:22,536|
lab29-86-<0.129.0>-T3: Msg #1274, C-Out: 23.10 18:11:22,107| HBQ-In: 23.10 18:11:22,107| DQ-In: 23.10 18:11:22,123| C-In: 23.10 18:11:22,536|
lab29-71-<0.461.0>-T3: Msg #1275, C-Out: 23.10 18:11:21,611| HBQ-In: 23.10 18:11:21,613| DQ-In: 23.10 18:11:22,123| C-In: 23.10 18:11:22,537|
Fehlernachricht fuer Luecke von 1276 bis 1278 C-In: 23.10 18:11:22,540|
lab29-50-<0.1864.0>-T3: Msg #1279, C-Out: 23.10 18:11:21,709| HBQ-In: 23.10 18:11:21,710| DQ-In: 23.10 18:11:22,131| C-In: 23.10 18:11:22,540|
lab29-55-<0.1513.0>-T3: Msg #1280, C-Out: 23.10 18:11:21,709| HBQ-In: 23.10 18:11:21,710| DQ-In: 23.10 18:11:22,131| C-In: 23.10 18:11:22,541|
lab29-45-<0.2293.0>-T3: Msg #1281, C-Out: 23.10 18:11:21,715| HBQ-In: 23.10 18:11:21,717| DQ-In: 23.10 18:11:22,131| C-In: 23.10 18:11:22,541|
lab29-70-<0.519.0>-T3: Msg #1282, C-Out: 23.10 18:11:21,715| HBQ-In: 23.10 18:11:21,717| DQ-In: 23.10 18:11:22,131| C-In: 23.10 18:11:22,541|
lab29-40-<0.2707.0>-T3: Msg #1283, C-Out: 23.10 18:11:21,721| HBQ-In: 23.10 18:11:21,721| DQ-In: 23.10 18:11:22,131| C-In: 23.10 18:11:22,542|
lab29-65-<0.819.0>-T3: Msg #1284, C-Out: 23.10 18:11:21,725| HBQ-In: 23.10 18:11:21,725| DQ-In: 23.10 18:11:22,131| C-In: 23.10 18:11:22,542|
lab29-35-<0.3134.0>-T3: Msg #1285, C-Out: 23.10 18:11:21,725| HBQ-In: 23.10 18:11:21,725| DQ-In: 23.10 18:11:22,131| C-In: 23.10 18:11:22,542|
lab29-60-<0.1170.0>-T3: Msg #1286, C-Out: 23.10 18:11:21,739| HBQ-In: 23.10 18:11:21,739| DQ-In: 23.10 18:11:22,131| C-In: 23.10 18:11:22,543|
lab29-85-<0.133.0>-T3: Msg #1287, C-Out: 23.10 18:11:22,238| HBQ-In: 23.10 18:11:22,238| DQ-In: 23.10 18:11:22,238| C-In: 23.10 18:11:22,544|
lab29-80-<0.164.0>-T3: Msg #1288, C-Out: 23.10 18:11:21,762| HBQ-In: 23.10 18:11:21,763| DQ-In: 23.10 18:11:22,238| C-In: 23.10 18:11:22,544|
lab29-75-<0.200.0>-T3: Msg #1289, C-Out: 23.10 18:11:21,784| HBQ-In: 23.10 18:11:21,786| DQ-In: 23.10 18:11:22,238| C-In: 23.10 18:11:22,545|
Fehlernachricht fuer Luecke von 1290 bis 1292 C-In: 23.10 18:11:22,545|
lab29-54-<0.1586.0>-T3: Msg #1293, C-Out: 23.10 18:11:21,908| HBQ-In: 23.10 18:11:21,908| DQ-In: 23.10 18:11:22,332| C-In: 23.10 18:11:22,546|
Fehlernachricht fuer Luecke von 1294 bis 1294 C-In: 23.10 18:11:22,547|
lab29-49-<0.1950.0>-T3: Msg #1295, C-Out: 23.10 18:11:21,911| HBQ-In: 23.10 18:11:21,911| DQ-In: 23.10 18:11:22,343| C-In: 23.10 18:11:22,547|
lab29-44-<0.2376.0>-T3: Msg #1296, C-Out: 23.10 18:11:21,916| HBQ-In: 23.10 18:11:21,916| DQ-In: 23.10 18:11:22,343| C-In: 23.10 18:11:22,548|
lab29-39-<0.2795.0>-T3: Msg #1297, C-Out: 23.10 18:11:21,929| HBQ-In: 23.10 18:11:21,929| DQ-In: 23.10 18:11:22,343| C-In: 23.10 18:11:22,548|
lab29-34-<0.3220.0>-T3: Msg #1298, C-Out: 23.10 18:11:21,929| HBQ-In: 23.10 18:11:21,929| DQ-In: 23.10 18:11:22,343| C-In: 23.10 18:11:22,549|
lab29-64-<0.899.0>-T3: Msg #1299, C-Out: 23.10 18:11:21,930| HBQ-In: 23.10 18:11:21,930| DQ-In: 23.10 18:11:22,343| C-In: 23.10 18:11:22,549|
lab29-69-<0.583.0>-T3: Msg #1300, C-Out: 23.10 18:11:21,932| HBQ-In: 23.10 18:11:21,932| DQ-In: 23.10 18:11:22,343| C-In: 23.10 18:11:22,550|
lab29-59-<0.1234.0>-T3: Msg #1301, C-Out: 23.10 18:11:21,940| HBQ-In: 23.10 18:11:21,941| DQ-In: 23.10 18:11:22,344| C-In: 23.10 18:11:22,551|
lab29-84-<0.140.0>-T3: Msg #1302, C-Out: 23.10 18:11:22,441| HBQ-In: 23.10 18:11:22,441| DQ-In: 23.10 18:11:22,441| C-In: 23.10 18:11:22,551|
lab29-79-<0.173.0>-T3: Msg #1303, C-Out: 23.10 18:11:21,961| HBQ-In: 23.10 18:11:21,961| DQ-In: 23.10 18:11:22,441| C-In: 23.10 18:11:22,552|
lab29-74-<0.266.0>-T3: Msg #1304, C-Out: 23.10 18:11:21,969| HBQ-In: 23.10 18:11:21,969| DQ-In: 23.10 18:11:22,441| C-In: 23.10 18:11:22,552|
lab29-99-<0.49.0>-T3: Msg #1305, C-Out: 23.10 18:11:22,484| HBQ-In: 23.10 18:11:22,484| DQ-In: 23.10 18:11:22,484| C-In: 23.10 18:11:22,553|
Fehlernachricht fuer Luecke von 1306 bis 1307 C-In: 23.10 18:11:22,553|
lab29-53-<0.1650.0>-T3: Msg #1308, C-Out: 23.10 18:11:22,109| HBQ-In: 23.10 18:11:22,110| DQ-In: 23.10 18:11:22,540| C-In: 23.10 18:11:22,554|
lab29-43-<0.2458.0>-T3: Msg #1309, C-Out: 23.10 18:11:22,123| HBQ-In: 23.10 18:11:22,123| DQ-In: 23.10 18:11:22,540| C-In: 23.10 18:11:22,557|
lab29-48-<0.2035.0>-T3: Msg #1310, C-Out: 23.10 18:11:22,123| HBQ-In: 23.10 18:11:22,123| DQ-In: 23.10 18:11:22,540| C-In: 23.10 18:11:22,560|
ReceiveMsgs done
lab29-51-<0.1789.0>-T3: Msg #1422, C-Out: 23.10 18:11:23,565| gesendet
lab29-51-<0.1789.0>-T3: Msg #1528, C-Out: 23.10 18:11:24,568| gesendet
lab29-51-<0.1789.0>-T3: Msg #1613, C-Out: 23.10 18:11:25,572| gesendet
lab29-51-<0.1789.0>-T3: Msg #1705, C-Out: 23.10 18:11:26,575| gesendet
lab29-51-<0.1789.0>-T3: Msg #1800, C-Out: 23.10 18:11:27,576| gesendet
Neues Intervall: 1.5 Sekunden
Msg #1921 um 23.10 18:11:27,578| vergessen zu senden
lab29-29-<0.3641.0>-T3: Msg #1736, C-Out: 23.10 18:11:26,946| HBQ-In: 23.10 18:11:26,946| DQ-In: 23.10 18:11:26,963| C-In: 23.10 18:11:27,579|
Fehlernachricht fuer Luecke von 1737 bis 1737 C-In: 23.10 18:11:27,579|
lab29-19-<0.4442.0>-T3: Msg #1738, C-Out: 23.10 18:11:26,949| HBQ-In: 23.10 18:11:26,950| DQ-In: 23.10 18:11:26,969| C-In: 23.10 18:11:27,579|
lab29-14-<0.4846.0>-T3: Msg #1739, C-Out: 23.10 18:11:26,951| HBQ-In: 23.10 18:11:26,952| DQ-In: 23.10 18:11:26,969| C-In: 23.10 18:11:27,580|
lab29-9-<0.5191.0>-T3: Msg #1740, C-Out: 23.10 18:11:26,957| HBQ-In: 23.10 18:11:26,957| DQ-In: 23.10 18:11:26,969| C-In: 23.10 18:11:27,580|
lab29-39-<0.2795.0>-T3: Msg #1741, C-Out: 23.10 18:11:26,962| HBQ-In: 23.10 18:11:26,963| DQ-In: 23.10 18:11:26,969| C-In: 23.10 18:11:27,580|
lab29-49-<0.1950.0>-T3: Msg #1742, C-Out: 23.10 18:11:26,962| HBQ-In: 23.10 18:11:26,963| DQ-In: 23.10 18:11:26,969| C-In: 23.10 18:11:27,581|
lab29-44-<0.2376.0>-T3: Msg #1743, C-Out: 23.10 18:11:26,969| HBQ-In: 23.10 18:11:26,969| DQ-In: 23.10 18:11:26,969| C-In: 23.10 18:11:27,581|
lab29-54-<0.1586.0>-T3: Msg #1744, C-Out: 23.10 18:11:26,972| HBQ-In: 23.10 18:11:26,972| DQ-In: 23.10 18:11:26,972| C-In: 23.10 18:11:27,581|
lab29-34-<0.3220.0>-T3: Msg #1745, C-Out: 23.10 18:11:26,977| HBQ-In: 23.10 18:11:26,977| DQ-In: 23.10 18:11:26,977| C-In: 23.10 18:11:27,582|
Fehlernachricht fuer Luecke von 1746 bis 1753 C-In: 23.10 18:11:27,582|
lab29-28-<0.3729.0>-T3: Msg #1754, C-Out: 23.10 18:11:27,142| HBQ-In: 23.10 18:11:27,142| DQ-In: 23.10 18:11:27,159| C-In: 23.10 18:11:27,583|
lab29-23-<0.4130.0>-T3: Msg #1755, C-Out: 23.10 18:11:27,148| HBQ-In: 23.10 18:11:27,148| DQ-In: 23.10 18:11:27,159| C-In: 23.10 18:11:27,587|
lab29-18-<0.4519.0>-T3: Msg #1756, C-Out: 23.10 18:11:27,151| HBQ-In: 23.10 18:11:27,152| DQ-In: 23.10 18:11:27,159| C-In: 23.10 18:11:27,588|
lab29-53-<0.1650.0>-T3: Msg #1757, C-Out: 23.10 18:11:27,151| HBQ-In: 23.10 18:11:27,152| DQ-In: 23.10 18:11:27,159| C-In: 23.10 18:11:27,588|
lab29-13-<0.4921.0>-T3: Msg #1758, C-Out: 23.10 18:11:27,156| HBQ-In: 23.10 18:11:27,157| DQ-In: 23.10 18:11:27,159| C-In: 23.10 18:11:27,588|
lab29-8-<0.5273.0>-T3: Msg #1759, C-Out: 23.10 18:11:27,158| HBQ-In: 23.10 18:11:27,159| DQ-In: 23.10 18:11:27,159| C-In: 23.10 18:11:27,588|
lab29-48-<0.2035.0>-T3: Msg #1760, C-Out: 23.10 18:11:27,161| HBQ-In: 23.10 18:11:27,162| DQ-In: 23.10 18:11:27,162| C-In: 23.10 18:11:27,589|
Fehlernachricht fuer Luecke von 1761 bis 1762 C-In: 23.10 18:11:27,589|
lab29-38-<0.2880.0>-T3: Msg #1763, C-Out: 23.10 18:11:27,162| HBQ-In: 23.10 18:11:27,162| DQ-In: 23.10 18:11:27,350| C-In: 23.10 18:11:27,589|
Fehlernachricht fuer Luecke von 1764 bis 1764 C-In: 23.10 18:11:27,590|
lab29-43-<0.2458.0>-T3: Msg #1765, C-Out: 23.10 18:11:27,179| HBQ-In: 23.10 18:11:27,179| DQ-In: 23.10 18:11:27,353| C-In: 23.10 18:11:27,590|
Fehlernachricht fuer Luecke von 1766 bis 1766 C-In: 23.10 18:11:27,590|
lab29-33-<0.3306.0>-T3: Msg #1767, C-Out: 23.10 18:11:27,180| HBQ-In: 23.10 18:11:27,180| DQ-In: 23.10 18:11:27,359| C-In: 23.10 18:11:27,590|
Fehlernachricht fuer Luecke von 1768 bis 1772 C-In: 23.10 18:11:27,591|
lab29-22-<0.4210.0>-T3: Msg #1773, C-Out: 23.10 18:11:27,345| HBQ-In: 23.10 18:11:27,346| DQ-In: 23.10 18:11:27,373| C-In: 23.10 18:11:27,591|
lab29-27-<0.3815.0>-T3: Msg #1774, C-Out: 23.10 18:11:27,345| HBQ-In: 23.10 18:11:27,346| DQ-In: 23.10 18:11:27,373| C-In: 23.10 18:11:27,591|
lab29-17-<0.4601.0>-T3: Msg #1775, C-Out: 23.10 18:11:27,350| HBQ-In: 23.10 18:11:27,350| DQ-In: 23.10 18:11:27,373| C-In: 23.10 18:11:27,592|
lab29-12-<0.4991.0>-T3: Msg #1776, C-Out: 23.10 18:11:27,353| HBQ-In: 23.10 18:11:27,353| DQ-In: 23.10 18:11:27,373| C-In: 23.10 18:11:27,592|
lab29-7-<0.5358.0>-T3: Msg #1777, C-Out: 23.10 18:11:27,359| HBQ-In: 23.10 18:11:27,359| DQ-In: 23.10 18:11:27,373| C-In: 23.10 18:11:27,593|
Fehlernachricht fuer Luecke von 1778 bis 1778 C-In: 23.10 18:11:27,593|
lab29-32-<0.3394.0>-T3: Msg #1779, C-Out: 23.10 18:11:27,373| HBQ-In: 23.10 18:11:27,373| DQ-In: 23.10 18:11:27,546| C-In: 23.10 18:11:27,596|
Fehlernachricht fuer Luecke von 1780 bis 1780 C-In: 23.10 18:11:27,597|
lab29-47-<0.2127.0>-T3: Msg #1781, C-Out: 23.10 18:11:27,380| HBQ-In: 23.10 18:11:27,380| DQ-In: 23.10 18:11:27,554| C-In: 23.10 18:11:27,599|
lab29-42-<0.2545.0>-T3: Msg #1782, C-Out: 23.10 18:11:27,380| HBQ-In: 23.10 18:11:27,380| DQ-In: 23.10 18:11:27,554| C-In: 23.10 18:11:27,601|
Fehlernachricht fuer Luecke von 1783 bis 1783 C-In: 23.10 18:11:27,601|
lab29-52-<0.1713.0>-T3: Msg #1784, C-Out: 23.10 18:11:27,386| HBQ-In: 23.10 18:11:27,386| DQ-In: 23.10 18:11:27,556| C-In: 23.10 18:11:27,602|
Fehlernachricht fuer Luecke von 1785 bis 1785 C-In: 23.10 18:11:27,602|
lab29-37-<0.2967.0>-T3: Msg #1786, C-Out: 23.10 18:11:27,388| HBQ-In: 23.10 18:11:27,391| DQ-In: 23.10 18:11:27,557| C-In: 23.10 18:11:27,603|
Fehlernachricht fuer Luecke von 1787 bis 1790 C-In: 23.10 18:11:27,603|
lab29-26-<0.3898.0>-T3: Msg #1791, C-Out: 23.10 18:11:27,545| HBQ-In: 23.10 18:11:27,546| DQ-In: 23.10 18:11:27,564| C-In: 23.10 18:11:27,603|
Fehlernachricht fuer Luecke von 1792 bis 1792 C-In: 23.10 18:11:27,604|
lab29-21-<0.4291.0>-T3: Msg #1793, C-Out: 23.10 18:11:27,552| HBQ-In: 23.10 18:11:27,554| DQ-In: 23.10 18:11:27,572| C-In: 23.10 18:11:27,605|
Fehlernachricht fuer Luecke von 1794 bis 1794 C-In: 23.10 18:11:27,606|
lab29-16-<0.4681.0>-T3: Msg #1795, C-Out: 23.10 18:11:27,552| HBQ-In: 23.10 18:11:27,554| DQ-In: 23.10 18:11:27,577| C-In: 23.10 18:11:27,607|
lab29-11-<0.5067.0>-T3: Msg #1796, C-Out: 23.10 18:11:27,556| HBQ-In: 23.10 18:11:27,556| DQ-In: 23.10 18:11:27,577| C-In: 23.10 18:11:27,610|
lab29-46-<0.2213.0>-T3: Msg #1797, C-Out: 23.10 18:11:27,556| HBQ-In: 23.10 18:11:27,557| DQ-In: 23.10 18:11:27,577| C-In: 23.10 18:11:27,612|
lab29-6-<0.5440.0>-T3: Msg #1798, C-Out: 23.10 18:11:27,563| HBQ-In: 23.10 18:11:27,564| DQ-In: 23.10 18:11:27,577| C-In: 23.10 18:11:27,617|
lab29-31-<0.3480.0>-T3: Msg #1799, C-Out: 23.10 18:11:27,572| HBQ-In: 23.10 18:11:27,572| DQ-In: 23.10 18:11:27,578| C-In: 23.10 18:11:27,617|
lab29-51-<0.1789.0>-T3: Msg #1800, C-Out: 23.10 18:11:27,576| HBQ-In: 23.10 18:11:27,577| DQ-In: 23.10 18:11:27,578|******* C-In: 23.10 18:11:27,617|
lab29-36-<0.3048.0>-T3: Msg #1801, C-Out: 23.10 18:11:27,581| HBQ-In: 23.10 18:11:27,581| DQ-In: 23.10 18:11:27,581| C-In: 23.10 18:11:27,619|
ReceiveMsgs done
lab29-51-<0.1789.0>-T3: Msg #1926, C-Out: 23.10 18:11:29,121| gesendet
lab29-51-<0.1789.0>-T3: Msg #2067, C-Out: 23.10 18:11:30,624| gesendet
lab29-51-<0.1789.0>-T3: Msg #2204, C-Out: 23.10 18:11:32,127| gesendet
lab29-51-<0.1789.0>-T3: Msg #2351, C-Out: 23.10 18:11:33,630| gesendet
lab29-51-<0.1789.0>-T3: Msg #2477, C-Out: 23.10 18:11:35,133| gesendet
Neues Intervall: 2.25 Sekunden
Msg #2607 um 23.10 18:11:35,134| vergessen zu senden
Fehlernachricht fuer Luecke von 2400 bis 2400 C-In: 23.10 18:11:35,137|
lab29-48-<0.2035.0>-T3: Msg #2401, C-Out: 23.10 18:11:34,209| HBQ-In: 23.10 18:11:34,209| DQ-In: 23.10 18:11:34,533| C-In: 23.10 18:11:35,141|
Fehlernachricht fuer Luecke von 2402 bis 2408 C-In: 23.10 18:11:35,145|
lab29-33-<0.3306.0>-T3: Msg #2409, C-Out: 23.10 18:11:34,254| HBQ-In: 23.10 18:11:34,254| DQ-In: 23.10 18:11:34,616| C-In: 23.10 18:11:35,163|
Fehlernachricht fuer Luecke von 2410 bis 2411 C-In: 23.10 18:11:35,163|
lab29-15-<0.4762.0>-T3: Msg #2412, C-Out: 23.10 18:11:33,809| HBQ-In: 23.10 18:11:33,809| DQ-In: 23.10 18:11:34,621| C-In: 23.10 18:11:35,164|
lab29-20-<0.4365.0>-T3: Msg #2413, C-Out: 23.10 18:11:33,811| HBQ-In: 23.10 18:11:33,812| DQ-In: 23.10 18:11:34,621| C-In: 23.10 18:11:35,164|
lab29-55-<0.1513.0>-T3: Msg #2414, C-Out: 23.10 18:11:34,317| HBQ-In: 23.10 18:11:34,317| DQ-In: 23.10 18:11:34,621| C-In: 23.10 18:11:35,164|
Fehlernachricht fuer Luecke von 2415 bis 2416 C-In: 23.10 18:11:35,165|
lab29-5-<0.5513.0>-T3: Msg #2417, C-Out: 23.10 18:11:33,826| HBQ-In: 23.10 18:11:33,827| DQ-In: 23.10 18:11:34,633| C-In: 23.10 18:11:35,165|
lab29-40-<0.2707.0>-T3: Msg #2418, C-Out: 23.10 18:11:34,329| HBQ-In: 23.10 18:11:34,329| DQ-In: 23.10 18:11:34,633| C-In: 23.10 18:11:35,165|
lab29-10-<0.5112.0>-T3: Msg #2419, C-Out: 23.10 18:11:33,836| HBQ-In: 23.10 18:11:33,836| DQ-In: 23.10 18:11:34,633| C-In: 23.10 18:11:35,166|
lab29-25-<0.3973.0>-T3: Msg #2420, C-Out: 23.10 18:11:34,375| HBQ-In: 23.10 18:11:34,375| DQ-In: 23.10 18:11:34,633| C-In: 23.10 18:11:35,166|
lab29-32-<0.3394.0>-T3: Msg #2421, C-Out: 23.10 18:11:34,424| HBQ-In: 23.10 18:11:34,424| DQ-In: 23.10 18:11:34,633| C-In: 23.10 18:11:35,166|
lab29-47-<0.2127.0>-T3: Msg #2422, C-Out: 23.10 18:11:34,429| HBQ-In: 23.10 18:11:34,429| DQ-In: 23.10 18:11:34,633| C-In: 23.10 18:11:35,167|
Fehlernachricht fuer Luecke von 2423 bis 2428 C-In: 23.10 18:11:35,167|
lab29-4-<0.5587.0>-T3: Msg #2429, C-Out: 23.10 18:11:34,008| HBQ-In: 23.10 18:11:34,008| DQ-In: 23.10 18:11:34,753| C-In: 23.10 18:11:35,167|
lab29-24-<0.4051.0>-T3: Msg #2430, C-Out: 23.10 18:11:34,513| HBQ-In: 23.10 18:11:34,513| DQ-In: 23.10 18:11:34,753| C-In: 23.10 18:11:35,168|
lab29-19-<0.4442.0>-T3: Msg #2431, C-Out: 23.10 18:11:34,022| HBQ-In: 23.10 18:11:34,023| DQ-In: 23.10 18:11:34,753| C-In: 23.10 18:11:35,168|
lab29-9-<0.5191.0>-T3: Msg #2432, C-Out: 23.10 18:11:34,022| HBQ-In: 23.10 18:11:34,023| DQ-In: 23.10 18:11:34,753| C-In: 23.10 18:11:35,168|
lab29-14-<0.4846.0>-T3: Msg #2433, C-Out: 23.10 18:11:34,023| HBQ-In: 23.10 18:11:34,023| DQ-In: 23.10 18:11:34,753| C-In: 23.10 18:11:35,169|
lab29-54-<0.1586.0>-T3: Msg #2434, C-Out: 23.10 18:11:34,530| HBQ-In: 23.10 18:11:34,530| DQ-In: 23.10 18:11:34,753| C-In: 23.10 18:11:35,169|
lab29-39-<0.2795.0>-T3: Msg #2435, C-Out: 23.10 18:11:34,532| HBQ-In: 23.10 18:11:34,533| DQ-In: 23.10 18:11:34,753| C-In: 23.10 18:11:35,169|
lab29-46-<0.2213.0>-T3: Msg #2436, C-Out: 23.10 18:11:34,621| HBQ-In: 23.10 18:11:34,621| DQ-In: 23.10 18:11:34,753| C-In: 23.10 18:11:35,170|
lab29-31-<0.3480.0>-T3: Msg #2437, C-Out: 23.10 18:11:34,625| HBQ-In: 23.10 18:11:34,625| DQ-In: 23.10 18:11:34,753| C-In: 23.10 18:11:35,170|
Fehlernachricht fuer Luecke von 2438 bis 2442 C-In: 23.10 18:11:35,170|
lab29-53-<0.1650.0>-T3: Msg #2443, C-Out: 23.10 18:11:34,709| HBQ-In: 23.10 18:11:34,709| DQ-In: 23.10 18:11:34,767| C-In: 23.10 18:11:35,170|
lab29-8-<0.5273.0>-T3: Msg #2444, C-Out: 23.10 18:11:34,209| HBQ-In: 23.10 18:11:34,209| DQ-In: 23.10 18:11:34,767| C-In: 23.10 18:11:35,171|
lab29-18-<0.4519.0>-T3: Msg #2445, C-Out: 23.10 18:11:34,220| HBQ-In: 23.10 18:11:34,220| DQ-In: 23.10 18:11:34,767| C-In: 23.10 18:11:35,171|
Fehlernachricht fuer Luecke von 2446 bis 2446 C-In: 23.10 18:11:35,171|
lab29-3-<0.5663.0>-T3: Msg #2447, C-Out: 23.10 18:11:34,226| HBQ-In: 23.10 18:11:34,227| DQ-In: 23.10 18:11:34,778| C-In: 23.10 18:11:35,172|
lab29-23-<0.4130.0>-T3: Msg #2448, C-Out: 23.10 18:11:34,751| HBQ-In: 23.10 18:11:34,753| DQ-In: 23.10 18:11:34,778| C-In: 23.10 18:11:35,172|
lab29-13-<0.4921.0>-T3: Msg #2449, C-Out: 23.10 18:11:34,260| HBQ-In: 23.10 18:11:34,260| DQ-In: 23.10 18:11:34,778| C-In: 23.10 18:11:35,172|
lab29-38-<0.2880.0>-T3: Msg #2450, C-Out: 23.10 18:11:34,765| HBQ-In: 23.10 18:11:34,765| DQ-In: 23.10 18:11:34,778| C-In: 23.10 18:11:35,173|
Fehlernachricht fuer Luecke von 2451 bis 2456 C-In: 23.10 18:11:35,173|
lab29-7-<0.5358.0>-T3: Msg #2457, C-Out: 23.10 18:11:34,422| HBQ-In: 23.10 18:11:34,422| DQ-In: 23.10 18:11:34,782| C-In: 23.10 18:11:35,173|
Fehlernachricht fuer Luecke von 2458 bis 2458 C-In: 23.10 18:11:35,174|
lab29-2-<0.5741.0>-T3: Msg #2459, C-Out: 23.10 18:11:34,435| HBQ-In: 23.10 18:11:34,435| DQ-In: 23.10 18:11:34,786| C-In: 23.10 18:11:35,174|
lab29-12-<0.4991.0>-T3: Msg #2460, C-Out: 23.10 18:11:34,436| HBQ-In: 23.10 18:11:34,436| DQ-In: 23.10 18:11:34,786| C-In: 23.10 18:11:35,174|
lab29-17-<0.4601.0>-T3: Msg #2461, C-Out: 23.10 18:11:34,436| HBQ-In: 23.10 18:11:34,436| DQ-In: 23.10 18:11:34,786| C-In: 23.10 18:11:35,175|
Fehlernachricht fuer Luecke von 2462 bis 2471 C-In: 23.10 18:11:35,175|
lab29-6-<0.5440.0>-T3: Msg #2472, C-Out: 23.10 18:11:34,616| HBQ-In: 23.10 18:11:34,616| DQ-In: 23.10 18:11:34,828| C-In: 23.10 18:11:35,194|
Fehlernachricht fuer Luecke von 2473 bis 2473 C-In: 23.10 18:11:35,194|
lab29-11-<0.5067.0>-T3: Msg #2474, C-Out: 23.10 18:11:34,622| HBQ-In: 23.10 18:11:34,622| DQ-In: 23.10 18:11:34,838| C-In: 23.10 18:11:35,195|
Fehlernachricht fuer Luecke von 2475 bis 2475 C-In: 23.10 18:11:35,200|
lab29-16-<0.4681.0>-T3: Msg #2476, C-Out: 23.10 18:11:34,633| HBQ-In: 23.10 18:11:34,633| DQ-In: 23.10 18:11:35,012| C-In: 23.10 18:11:35,200|
Fehlernachricht fuer Luecke von 2477 bis 2478 C-In: 23.10 18:11:35,200|
lab29-1-<0.5818.0>-T3: Msg #2479, C-Out: 23.10 18:11:34,637| HBQ-In: 23.10 18:11:34,637| DQ-In: 23.10 18:11:35,025| C-In: 23.10 18:11:35,201|
Fehlernachricht fuer Luecke von 2480 bis 2486 C-In: 23.10 18:11:35,204|
lab29-15-<0.4762.0>-T3: Msg #2487, C-Out: 23.10 18:11:34,812| HBQ-In: 23.10 18:11:34,812| DQ-In: 23.10 18:11:35,025| C-In: 23.10 18:11:35,205|
ReceiveMsgs done
lab29-51-<0.1789.0>-T3: Msg #2611, C-Out: 23.10 18:11:37,456| gesendet
lab29-51-<0.1789.0>-T3: Msg #2771, C-Out: 23.10 18:11:39,708| gesendet
