lab29-55-<0.1513.0>-T3 C-Start: 23.10 18:11:16,700|
lab29-55-<0.1513.0>-T3: Msg #995, C-Out: 23.10 18:11:17,702| gesendet
lab29-55-<0.1513.0>-T3: Msg #1049, C-Out: 23.10 18:11:18,706| gesendet
lab29-55-<0.1513.0>-T3: Msg #1139, C-Out: 23.10 18:11:19,707| gesendet
lab29-55-<0.1513.0>-T3: Msg #1205, C-Out: 23.10 18:11:20,708| gesendet
lab29-55-<0.1513.0>-T3: Msg #1280, C-Out: 23.10 18:11:21,709| gesendet
Neues Intervall: 1 Sekunden
Msg #1353 um 23.10 18:11:21,711| vergessen zu senden
lab29-81-<0.159.0>-T3: Msg #1192, C-Out: 23.10 18:11:20,512| HBQ-In: 23.10 18:11:20,513| DQ-In: 23.10 18:11:20,923| C-In: 23.10 18:11:21,712|
lab29-46-<0.2213.0>-T3: Msg #1193, C-Out: 23.10 18:11:20,513| HBQ-In: 23.10 18:11:20,513| DQ-In: 23.10 18:11:20,923| C-In: 23.10 18:11:21,713|
lab29-41-<0.2632.0>-T3: Msg #1194, C-Out: 23.10 18:11:20,521| HBQ-In: 23.10 18:11:20,521| DQ-In: 23.10 18:11:20,923| C-In: 23.10 18:11:21,713|
lab29-66-<0.743.0>-T3: Msg #1195, C-Out: 23.10 18:11:20,538| HBQ-In: 23.10 18:11:20,538| DQ-In: 23.10 18:11:20,923| C-In: 23.10 18:11:21,713|
Fehlernachricht fuer Luecke von 1196 bis 1196 C-In: 23.10 18:11:21,715|
lab29-86-<0.129.0>-T3: Msg #1197, C-Out: 23.10 18:11:20,567| HBQ-In: 23.10 18:11:20,568| DQ-In: 23.10 18:11:21,107| C-In: 23.10 18:11:21,717|
lab29-76-<0.194.0>-T3: Msg #1198, C-Out: 23.10 18:11:20,587| HBQ-In: 23.10 18:11:20,589| DQ-In: 23.10 18:11:21,107| C-In: 23.10 18:11:21,719|
lab29-91-<0.103.0>-T3: Msg #1199, C-Out: 23.10 18:11:21,102| HBQ-In: 23.10 18:11:21,104| DQ-In: 23.10 18:11:21,107| C-In: 23.10 18:11:21,719|
lab29-71-<0.461.0>-T3: Msg #1200, C-Out: 23.10 18:11:20,609| HBQ-In: 23.10 18:11:20,610| DQ-In: 23.10 18:11:21,107| C-In: 23.10 18:11:21,720|
Fehlernachricht fuer Luecke von 1201 bis 1202 C-In: 23.10 18:11:21,720|
lab29-85-<0.133.0>-T3: Msg #1203, C-Out: 23.10 18:11:20,707| HBQ-In: 23.10 18:11:20,708| DQ-In: 23.10 18:11:21,125| C-In: 23.10 18:11:21,720|
lab29-60-<0.1170.0>-T3: Msg #1204, C-Out: 23.10 18:11:20,707| HBQ-In: 23.10 18:11:20,708| DQ-In: 23.10 18:11:21,125| C-In: 23.10 18:11:21,721|
lab29-55-<0.1513.0>-T3: Msg #1205, C-Out: 23.10 18:11:20,708| HBQ-In: 23.10 18:11:20,708| DQ-In: 23.10 18:11:21,125|******* C-In: 23.10 18:11:21,721|
lab29-50-<0.1864.0>-T3: Msg #1206, C-Out: 23.10 18:11:20,708| HBQ-In: 23.10 18:11:20,708| DQ-In: 23.10 18:11:21,125| C-In: 23.10 18:11:21,724|
lab29-45-<0.2293.0>-T3: Msg #1207, C-Out: 23.10 18:11:20,713| HBQ-In: 23.10 18:11:20,713| DQ-In: 23.10 18:11:21,125| C-In: 23.10 18:11:21,724|
lab29-70-<0.519.0>-T3: Msg #1208, C-Out: 23.10 18:11:20,714| HBQ-In: 23.10 18:11:20,714| DQ-In: 23.10 18:11:21,125| C-In: 23.10 18:11:21,725|
lab29-40-<0.2707.0>-T3: Msg #1209, C-Out: 23.10 18:11:20,720| HBQ-In: 23.10 18:11:20,720| DQ-In: 23.10 18:11:21,125| C-In: 23.10 18:11:21,725|
lab29-65-<0.819.0>-T3: Msg #1210, C-Out: 23.10 18:11:20,724| HBQ-In: 23.10 18:11:20,724| DQ-In: 23.10 18:11:21,125| C-In: 23.10 18:11:21,726|
Fehlernachricht fuer Luecke von 1211 bis 1211 C-In: 23.10 18:11:21,726|
lab29-80-<0.164.0>-T3: Msg #1212, C-Out: 23.10 18:11:20,761| HBQ-In: 23.10 18:11:20,761| DQ-In: 23.10 18:11:21,322| C-In: 23.10 18:11:21,726|
lab29-75-<0.200.0>-T3: Msg #1213, C-Out: 23.10 18:11:20,783| HBQ-In: 23.10 18:11:20,783| DQ-In: 23.10 18:11:21,322| C-In: 23.10 18:11:21,727|
lab29-90-<0.107.0>-T3: Msg #1214, C-Out: 23.10 18:11:21,301| HBQ-In: 23.10 18:11:21,302| DQ-In: 23.10 18:11:21,322| C-In: 23.10 18:11:21,727|
Fehlernachricht fuer Luecke von 1215 bis 1215 C-In: 23.10 18:11:21,727|
lab29-59-<0.1234.0>-T3: Msg #1216, C-Out: 23.10 18:11:20,902| HBQ-In: 23.10 18:11:20,902| DQ-In: 23.10 18:11:21,325| C-In: 23.10 18:11:21,728|
lab29-84-<0.140.0>-T3: Msg #1217, C-Out: 23.10 18:11:20,906| HBQ-In: 23.10 18:11:20,906| DQ-In: 23.10 18:11:21,325| C-In: 23.10 18:11:21,728|
lab29-54-<0.1586.0>-T3: Msg #1218, C-Out: 23.10 18:11:20,906| HBQ-In: 23.10 18:11:20,906| DQ-In: 23.10 18:11:21,325| C-In: 23.10 18:11:21,728|
Fehlernachricht fuer Luecke von 1219 bis 1219 C-In: 23.10 18:11:21,729|
lab29-49-<0.1950.0>-T3: Msg #1220, C-Out: 23.10 18:11:20,910| HBQ-In: 23.10 18:11:20,910| DQ-In: 23.10 18:11:21,346| C-In: 23.10 18:11:21,729|
lab29-44-<0.2376.0>-T3: Msg #1221, C-Out: 23.10 18:11:20,915| HBQ-In: 23.10 18:11:20,915| DQ-In: 23.10 18:11:21,346| C-In: 23.10 18:11:21,732|
lab29-39-<0.2795.0>-T3: Msg #1222, C-Out: 23.10 18:11:20,921| HBQ-In: 23.10 18:11:20,923| DQ-In: 23.10 18:11:21,346| C-In: 23.10 18:11:21,734|
lab29-64-<0.899.0>-T3: Msg #1223, C-Out: 23.10 18:11:20,927| HBQ-In: 23.10 18:11:20,928| DQ-In: 23.10 18:11:21,346| C-In: 23.10 18:11:21,734|
lab29-69-<0.583.0>-T3: Msg #1224, C-Out: 23.10 18:11:20,931| HBQ-In: 23.10 18:11:20,931| DQ-In: 23.10 18:11:21,346| C-In: 23.10 18:11:21,735|
lab29-89-<0.113.0>-T3: Msg #1225, C-Out: 23.10 18:11:21,431| HBQ-In: 23.10 18:11:21,431| DQ-In: 23.10 18:11:21,431| C-In: 23.10 18:11:21,735|
lab29-79-<0.173.0>-T3: Msg #1226, C-Out: 23.10 18:11:20,960| HBQ-In: 23.10 18:11:20,960| DQ-In: 23.10 18:11:21,431| C-In: 23.10 18:11:21,735|
lab29-74-<0.266.0>-T3: Msg #1227, C-Out: 23.10 18:11:20,967| HBQ-In: 23.10 18:11:20,968| DQ-In: 23.10 18:11:21,431| C-In: 23.10 18:11:21,736|
lab29-97-<0.81.0>-T3: Msg #1228, C-Out: 23.10 18:11:21,500| HBQ-In: 23.10 18:11:21,501| DQ-In: 23.10 18:11:21,501| C-In: 23.10 18:11:21,736|
Fehlernachricht fuer Luecke von 1229 bis 1229 C-In: 23.10 18:11:21,737|
lab29-58-<0.1296.0>-T3: Msg #1230, C-Out: 23.10 18:11:21,104| HBQ-In: 23.10 18:11:21,104| DQ-In: 23.10 18:11:21,527| C-In: 23.10 18:11:21,739|
lab29-53-<0.1650.0>-T3: Msg #1231, C-Out: 23.10 18:11:21,107| HBQ-In: 23.10 18:11:21,107| DQ-In: 23.10 18:11:21,527| C-In: 23.10 18:11:21,739|
lab29-48-<0.2035.0>-T3: Msg #1232, C-Out: 23.10 18:11:21,119| HBQ-In: 23.10 18:11:21,121| DQ-In: 23.10 18:11:21,527| C-In: 23.10 18:11:21,739|
lab29-43-<0.2458.0>-T3: Msg #1233, C-Out: 23.10 18:11:21,119| HBQ-In: 23.10 18:11:21,121| DQ-In: 23.10 18:11:21,527| C-In: 23.10 18:11:21,742|
lab29-83-<0.147.0>-T3: Msg #1234, C-Out: 23.10 18:11:21,120| HBQ-In: 23.10 18:11:21,121| DQ-In: 23.10 18:11:21,527| C-In: 23.10 18:11:21,742|
lab29-78-<0.180.0>-T3: Msg #1235, C-Out: 23.10 18:11:21,123| HBQ-In: 23.10 18:11:21,125| DQ-In: 23.10 18:11:21,527| C-In: 23.10 18:11:21,746|
lab29-38-<0.2880.0>-T3: Msg #1236, C-Out: 23.10 18:11:21,128| HBQ-In: 23.10 18:11:21,130| DQ-In: 23.10 18:11:21,527| C-In: 23.10 18:11:21,750|
Fehlernachricht fuer Luecke von 1237 bis 1237 C-In: 23.10 18:11:21,753|
lab29-73-<0.332.0>-T3: Msg #1238, C-Out: 23.10 18:11:21,128| HBQ-In: 23.10 18:11:21,130| DQ-In: 23.10 18:11:21,710| C-In: 23.10 18:11:21,755|
lab29-96-<0.84.0>-T3: Msg #1239, C-Out: 23.10 18:11:21,628| HBQ-In: 23.10 18:11:21,630| DQ-In: 23.10 18:11:21,710| C-In: 23.10 18:11:21,756|
lab29-68-<0.633.0>-T3: Msg #1240, C-Out: 23.10 18:11:21,135| HBQ-In: 23.10 18:11:21,135| DQ-In: 23.10 18:11:21,710| C-In: 23.10 18:11:21,756|
lab29-63-<0.983.0>-T3: Msg #1241, C-Out: 23.10 18:11:21,147| HBQ-In: 23.10 18:11:21,147| DQ-In: 23.10 18:11:21,710| C-In: 23.10 18:11:21,756|
lab29-88-<0.118.0>-T3: Msg #1242, C-Out: 23.10 18:11:21,659| HBQ-In: 23.10 18:11:21,660| DQ-In: 23.10 18:11:21,710| C-In: 23.10 18:11:21,758|
Fehlernachricht fuer Luecke von 1243 bis 1243 C-In: 23.10 18:11:21,759|
lab29-57-<0.1365.0>-T3: Msg #1244, C-Out: 23.10 18:11:21,306| HBQ-In: 23.10 18:11:21,307| DQ-In: 23.10 18:11:21,725| C-In: 23.10 18:11:21,761|
Fehlernachricht fuer Luecke von 1245 bis 1245 C-In: 23.10 18:11:21,761|
lab29-82-<0.153.0>-T3: Msg #1246, C-Out: 23.10 18:11:21,320| HBQ-In: 23.10 18:11:21,322| DQ-In: 23.10 18:11:21,725| C-In: 23.10 18:11:21,763|
lab29-52-<0.1713.0>-T3: Msg #1247, C-Out: 23.10 18:11:21,320| HBQ-In: 23.10 18:11:21,321| DQ-In: 23.10 18:11:21,725| C-In: 23.10 18:11:21,764|
lab29-47-<0.2127.0>-T3: Msg #1248, C-Out: 23.10 18:11:21,320| HBQ-In: 23.10 18:11:21,321| DQ-In: 23.10 18:11:21,725| C-In: 23.10 18:11:21,764|
lab29-42-<0.2545.0>-T3: Msg #1249, C-Out: 23.10 18:11:21,325| HBQ-In: 23.10 18:11:21,325| DQ-In: 23.10 18:11:21,725| C-In: 23.10 18:11:21,764|
lab29-37-<0.2967.0>-T3: Msg #1250, C-Out: 23.10 18:11:21,325| HBQ-In: 23.10 18:11:21,325| DQ-In: 23.10 18:11:21,725| C-In: 23.10 18:11:21,765|
lab29-72-<0.396.0>-T3: Msg #1251, C-Out: 23.10 18:11:21,331| HBQ-In: 23.10 18:11:21,331| DQ-In: 23.10 18:11:21,725| C-In: 23.10 18:11:21,765|
ReceiveMsgs done
lab29-55-<0.1513.0>-T3: Msg #1362, C-Out: 23.10 18:11:22,766| gesendet
lab29-55-<0.1513.0>-T3: Msg #1464, C-Out: 23.10 18:11:23,769| gesendet
lab29-55-<0.1513.0>-T3: Msg #1547, C-Out: 23.10 18:11:24,770| gesendet
lab29-55-<0.1513.0>-T3: Msg #1636, C-Out: 23.10 18:11:25,771| gesendet
lab29-55-<0.1513.0>-T3: Msg #1726, C-Out: 23.10 18:11:26,772| gesendet
Neues Intervall: 1.5 Sekunden
Msg #1847 um 23.10 18:11:26,772| vergessen zu senden
lab29-54-<0.1586.0>-T3: Msg #1654, C-Out: 23.10 18:11:25,970| HBQ-In: 23.10 18:11:25,971| DQ-In: 23.10 18:11:26,460| C-In: 23.10 18:11:26,772|
lab29-79-<0.173.0>-T3: Msg #1655, C-Out: 23.10 18:11:26,512| HBQ-In: 23.10 18:11:26,512| DQ-In: 23.10 18:11:26,512| C-In: 23.10 18:11:26,772|
lab29-94-<0.91.0>-T3: Msg #1656, C-Out: 23.10 18:11:26,550| HBQ-In: 23.10 18:11:26,550| DQ-In: 23.10 18:11:26,550| C-In: 23.10 18:11:26,773|
Fehlernachricht fuer Luecke von 1657 bis 1657 C-In: 23.10 18:11:26,773|
lab29-33-<0.3306.0>-T3: Msg #1658, C-Out: 23.10 18:11:26,136| HBQ-In: 23.10 18:11:26,138| DQ-In: 23.10 18:11:26,555| C-In: 23.10 18:11:26,774|
Fehlernachricht fuer Luecke von 1659 bis 1659 C-In: 23.10 18:11:26,774|
lab29-28-<0.3729.0>-T3: Msg #1660, C-Out: 23.10 18:11:26,139| HBQ-In: 23.10 18:11:26,140| DQ-In: 23.10 18:11:26,555| C-In: 23.10 18:11:26,774|
lab29-23-<0.4130.0>-T3: Msg #1661, C-Out: 23.10 18:11:26,146| HBQ-In: 23.10 18:11:26,146| DQ-In: 23.10 18:11:26,555| C-In: 23.10 18:11:26,775|
lab29-53-<0.1650.0>-T3: Msg #1662, C-Out: 23.10 18:11:26,150| HBQ-In: 23.10 18:11:26,150| DQ-In: 23.10 18:11:26,555| C-In: 23.10 18:11:26,775|
lab29-18-<0.4519.0>-T3: Msg #1663, C-Out: 23.10 18:11:26,150| HBQ-In: 23.10 18:11:26,150| DQ-In: 23.10 18:11:26,555| C-In: 23.10 18:11:26,776|
lab29-13-<0.4921.0>-T3: Msg #1664, C-Out: 23.10 18:11:26,151| HBQ-In: 23.10 18:11:26,152| DQ-In: 23.10 18:11:26,555| C-In: 23.10 18:11:26,776|
Fehlernachricht fuer Luecke von 1665 bis 1665 C-In: 23.10 18:11:26,776|
lab29-58-<0.1296.0>-T3: Msg #1666, C-Out: 23.10 18:11:26,160| HBQ-In: 23.10 18:11:26,160| DQ-In: 23.10 18:11:26,630| C-In: 23.10 18:11:26,776|
lab29-48-<0.2035.0>-T3: Msg #1667, C-Out: 23.10 18:11:26,160| HBQ-In: 23.10 18:11:26,160| DQ-In: 23.10 18:11:26,630| C-In: 23.10 18:11:26,777|
Fehlernachricht fuer Luecke von 1668 bis 1668 C-In: 23.10 18:11:26,777|
lab29-38-<0.2880.0>-T3: Msg #1669, C-Out: 23.10 18:11:26,161| HBQ-In: 23.10 18:11:26,161| DQ-In: 23.10 18:11:26,635| C-In: 23.10 18:11:26,780|
Fehlernachricht fuer Luecke von 1670 bis 1670 C-In: 23.10 18:11:26,780|
lab29-43-<0.2458.0>-T3: Msg #1671, C-Out: 23.10 18:11:26,177| HBQ-In: 23.10 18:11:26,177| DQ-In: 23.10 18:11:26,635| C-In: 23.10 18:11:26,783|
Fehlernachricht fuer Luecke von 1672 bis 1676 C-In: 23.10 18:11:26,784|
lab29-32-<0.3394.0>-T3: Msg #1677, C-Out: 23.10 18:11:26,335| HBQ-In: 23.10 18:11:26,335| DQ-In: 23.10 18:11:26,635| C-In: 23.10 18:11:26,784|
lab29-27-<0.3815.0>-T3: Msg #1678, C-Out: 23.10 18:11:26,344| HBQ-In: 23.10 18:11:26,344| DQ-In: 23.10 18:11:26,635| C-In: 23.10 18:11:26,784|
lab29-22-<0.4210.0>-T3: Msg #1679, C-Out: 23.10 18:11:26,344| HBQ-In: 23.10 18:11:26,344| DQ-In: 23.10 18:11:26,635| C-In: 23.10 18:11:26,784|
lab29-17-<0.4601.0>-T3: Msg #1680, C-Out: 23.10 18:11:26,348| HBQ-In: 23.10 18:11:26,348| DQ-In: 23.10 18:11:26,635| C-In: 23.10 18:11:26,785|
lab29-12-<0.4991.0>-T3: Msg #1681, C-Out: 23.10 18:11:26,352| HBQ-In: 23.10 18:11:26,352| DQ-In: 23.10 18:11:26,635| C-In: 23.10 18:11:26,785|
Fehlernachricht fuer Luecke von 1682 bis 1682 C-In: 23.10 18:11:26,786|
lab29-47-<0.2127.0>-T3: Msg #1683, C-Out: 23.10 18:11:26,379| HBQ-In: 23.10 18:11:26,379| DQ-In: 23.10 18:11:26,641| C-In: 23.10 18:11:26,786|
lab29-42-<0.2545.0>-T3: Msg #1684, C-Out: 23.10 18:11:26,379| HBQ-In: 23.10 18:11:26,379| DQ-In: 23.10 18:11:26,641| C-In: 23.10 18:11:26,786|
lab29-52-<0.1713.0>-T3: Msg #1685, C-Out: 23.10 18:11:26,385| HBQ-In: 23.10 18:11:26,385| DQ-In: 23.10 18:11:26,641| C-In: 23.10 18:11:26,788|
lab29-57-<0.1365.0>-T3: Msg #1686, C-Out: 23.10 18:11:26,385| HBQ-In: 23.10 18:11:26,385| DQ-In: 23.10 18:11:26,641| C-In: 23.10 18:11:26,789|
lab29-37-<0.2967.0>-T3: Msg #1687, C-Out: 23.10 18:11:26,386| HBQ-In: 23.10 18:11:26,386| DQ-In: 23.10 18:11:26,641| C-In: 23.10 18:11:26,791|
Fehlernachricht fuer Luecke von 1688 bis 1695 C-In: 23.10 18:11:26,792|
lab29-31-<0.3480.0>-T3: Msg #1696, C-Out: 23.10 18:11:26,534| HBQ-In: 23.10 18:11:26,534| DQ-In: 23.10 18:11:26,644| C-In: 23.10 18:11:26,794|
Fehlernachricht fuer Luecke von 1697 bis 1697 C-In: 23.10 18:11:26,797|
lab29-26-<0.3898.0>-T3: Msg #1698, C-Out: 23.10 18:11:26,544| HBQ-In: 23.10 18:11:26,544| DQ-In: 23.10 18:11:26,644| C-In: 23.10 18:11:26,800|
Fehlernachricht fuer Luecke von 1699 bis 1699 C-In: 23.10 18:11:26,802|
lab29-16-<0.4681.0>-T3: Msg #1700, C-Out: 23.10 18:11:26,551| HBQ-In: 23.10 18:11:26,551| DQ-In: 23.10 18:11:26,644| C-In: 23.10 18:11:26,803|
lab29-56-<0.1439.0>-T3: Msg #1701, C-Out: 23.10 18:11:26,551| HBQ-In: 23.10 18:11:26,551| DQ-In: 23.10 18:11:26,644| C-In: 23.10 18:11:26,803|
lab29-21-<0.4291.0>-T3: Msg #1702, C-Out: 23.10 18:11:26,551| HBQ-In: 23.10 18:11:26,551| DQ-In: 23.10 18:11:26,644| C-In: 23.10 18:11:26,804|
lab29-46-<0.2213.0>-T3: Msg #1703, C-Out: 23.10 18:11:26,555| HBQ-In: 23.10 18:11:26,555| DQ-In: 23.10 18:11:26,644| C-In: 23.10 18:11:26,804|
lab29-11-<0.5067.0>-T3: Msg #1704, C-Out: 23.10 18:11:26,555| HBQ-In: 23.10 18:11:26,555| DQ-In: 23.10 18:11:26,644| C-In: 23.10 18:11:26,804|
lab29-51-<0.1789.0>-T3: Msg #1705, C-Out: 23.10 18:11:26,575| HBQ-In: 23.10 18:11:26,575| DQ-In: 23.10 18:11:26,645| C-In: 23.10 18:11:26,805|
lab29-36-<0.3048.0>-T3: Msg #1706, C-Out: 23.10 18:11:26,578| HBQ-In: 23.10 18:11:26,579| DQ-In: 23.10 18:11:26,645| C-In: 23.10 18:11:26,805|
Fehlernachricht fuer Luecke von 1707 bis 1707 C-In: 23.10 18:11:26,805|
lab29-41-<0.2632.0>-T3: Msg #1708, C-Out: 23.10 18:11:26,600| HBQ-In: 23.10 18:11:26,600| DQ-In: 23.10 18:11:26,752| C-In: 23.10 18:11:26,806|
Fehlernachricht fuer Luecke von 1709 bis 1715 C-In: 23.10 18:11:26,806|
lab29-30-<0.3559.0>-T3: Msg #1716, C-Out: 23.10 18:11:26,743| HBQ-In: 23.10 18:11:26,744| DQ-In: 23.10 18:11:26,755| C-In: 23.10 18:11:26,806|
Fehlernachricht fuer Luecke von 1717 bis 1717 C-In: 23.10 18:11:26,807|
lab29-20-<0.4365.0>-T3: Msg #1718, C-Out: 23.10 18:11:26,749| HBQ-In: 23.10 18:11:26,749| DQ-In: 23.10 18:11:26,764| C-In: 23.10 18:11:26,807|
lab29-25-<0.3973.0>-T3: Msg #1719, C-Out: 23.10 18:11:26,749| HBQ-In: 23.10 18:11:26,749| DQ-In: 23.10 18:11:26,764| C-In: 23.10 18:11:26,807|
lab29-35-<0.3134.0>-T3: Msg #1720, C-Out: 23.10 18:11:26,750| HBQ-In: 23.10 18:11:26,750| DQ-In: 23.10 18:11:26,764| C-In: 23.10 18:11:26,810|
ReceiveMsgs done
lab29-55-<0.1513.0>-T3: Msg #1850, C-Out: 23.10 18:11:28,311| gesendet
lab29-55-<0.1513.0>-T3: Msg #1987, C-Out: 23.10 18:11:29,813| gesendet
lab29-55-<0.1513.0>-T3: Msg #2133, C-Out: 23.10 18:11:31,314| gesendet
lab29-55-<0.1513.0>-T3: Msg #2285, C-Out: 23.10 18:11:32,816| gesendet
lab29-55-<0.1513.0>-T3: Msg #2414, C-Out: 23.10 18:11:34,317| gesendet
Neues Intervall: 2.25 Sekunden
Msg #2524 um 23.10 18:11:34,317| vergessen zu senden
lab29-15-<0.4762.0>-T3: Msg #2326, C-Out: 23.10 18:11:32,807| HBQ-In: 23.10 18:11:32,808| DQ-In: 23.10 18:11:33,529| C-In: 23.10 18:11:34,318|
lab29-20-<0.4365.0>-T3: Msg #2327, C-Out: 23.10 18:11:32,810| HBQ-In: 23.10 18:11:32,810| DQ-In: 23.10 18:11:33,529| C-In: 23.10 18:11:34,318|
Fehlernachricht fuer Luecke von 2328 bis 2328 C-In: 23.10 18:11:34,318|
lab29-5-<0.5513.0>-T3: Msg #2329, C-Out: 23.10 18:11:32,825| HBQ-In: 23.10 18:11:32,825| DQ-In: 23.10 18:11:33,621| C-In: 23.10 18:11:34,319|
lab29-45-<0.2293.0>-T3: Msg #2330, C-Out: 23.10 18:11:33,330| HBQ-In: 23.10 18:11:33,330| DQ-In: 23.10 18:11:33,621| C-In: 23.10 18:11:34,320|
lab29-10-<0.5112.0>-T3: Msg #2331, C-Out: 23.10 18:11:32,832| HBQ-In: 23.10 18:11:32,833| DQ-In: 23.10 18:11:33,621| C-In: 23.10 18:11:34,321|
lab29-30-<0.3559.0>-T3: Msg #2332, C-Out: 23.10 18:11:33,354| HBQ-In: 23.10 18:11:33,354| DQ-In: 23.10 18:11:33,621| C-In: 23.10 18:11:34,322|
Fehlernachricht fuer Luecke von 2333 bis 2335 C-In: 23.10 18:11:34,322|
lab29-52-<0.1713.0>-T3: Msg #2336, C-Out: 23.10 18:11:33,452| HBQ-In: 23.10 18:11:33,453| DQ-In: 23.10 18:11:33,635| C-In: 23.10 18:11:34,324|
lab29-37-<0.2967.0>-T3: Msg #2337, C-Out: 23.10 18:11:33,453| HBQ-In: 23.10 18:11:33,454| DQ-In: 23.10 18:11:33,635| C-In: 23.10 18:11:34,325|
Fehlernachricht fuer Luecke von 2338 bis 2339 C-In: 23.10 18:11:34,326|
lab29-24-<0.4051.0>-T3: Msg #2340, C-Out: 23.10 18:11:32,979| HBQ-In: 23.10 18:11:32,979| DQ-In: 23.10 18:11:33,711| C-In: 23.10 18:11:34,326|
Fehlernachricht fuer Luecke von 2341 bis 2341 C-In: 23.10 18:11:34,327|
lab29-59-<0.1234.0>-T3: Msg #2342, C-Out: 23.10 18:11:33,498| HBQ-In: 23.10 18:11:33,498| DQ-In: 23.10 18:11:33,734| C-In: 23.10 18:11:34,327|
Fehlernachricht fuer Luecke von 2343 bis 2343 C-In: 23.10 18:11:34,327|
lab29-4-<0.5587.0>-T3: Msg #2344, C-Out: 23.10 18:11:33,007| HBQ-In: 23.10 18:11:33,007| DQ-In: 23.10 18:11:33,749| C-In: 23.10 18:11:34,328|
lab29-9-<0.5191.0>-T3: Msg #2345, C-Out: 23.10 18:11:33,021| HBQ-In: 23.10 18:11:33,021| DQ-In: 23.10 18:11:33,749| C-In: 23.10 18:11:34,328|
lab29-19-<0.4442.0>-T3: Msg #2346, C-Out: 23.10 18:11:33,021| HBQ-In: 23.10 18:11:33,021| DQ-In: 23.10 18:11:33,749| C-In: 23.10 18:11:34,329|
lab29-14-<0.4846.0>-T3: Msg #2347, C-Out: 23.10 18:11:33,022| HBQ-In: 23.10 18:11:33,022| DQ-In: 23.10 18:11:33,749| C-In: 23.10 18:11:34,330|
lab29-44-<0.2376.0>-T3: Msg #2348, C-Out: 23.10 18:11:33,527| HBQ-In: 23.10 18:11:33,529| DQ-In: 23.10 18:11:33,749| C-In: 23.10 18:11:34,330|
lab29-29-<0.3641.0>-T3: Msg #2349, C-Out: 23.10 18:11:33,564| HBQ-In: 23.10 18:11:33,564| DQ-In: 23.10 18:11:33,749| C-In: 23.10 18:11:34,333|
Fehlernachricht fuer Luecke von 2350 bis 2350 C-In: 23.10 18:11:34,333|
lab29-51-<0.1789.0>-T3: Msg #2351, C-Out: 23.10 18:11:33,630| HBQ-In: 23.10 18:11:33,630| DQ-In: 23.10 18:11:33,882| C-In: 23.10 18:11:34,334|
lab29-36-<0.3048.0>-T3: Msg #2352, C-Out: 23.10 18:11:33,633| HBQ-In: 23.10 18:11:33,635| DQ-In: 23.10 18:11:33,882| C-In: 23.10 18:11:34,334|
Fehlernachricht fuer Luecke von 2353 bis 2355 C-In: 23.10 18:11:34,335|
lab29-23-<0.4130.0>-T3: Msg #2356, C-Out: 23.10 18:11:33,194| HBQ-In: 23.10 18:11:33,196| DQ-In: 23.10 18:11:33,937| C-In: 23.10 18:11:34,335|
lab29-58-<0.1296.0>-T3: Msg #2357, C-Out: 23.10 18:11:33,707| HBQ-In: 23.10 18:11:33,711| DQ-In: 23.10 18:11:33,937| C-In: 23.10 18:11:34,335|
lab29-8-<0.5273.0>-T3: Msg #2358, C-Out: 23.10 18:11:33,208| HBQ-In: 23.10 18:11:33,208| DQ-In: 23.10 18:11:33,937| C-In: 23.10 18:11:34,336|
Fehlernachricht fuer Luecke von 2359 bis 2359 C-In: 23.10 18:11:34,336|
lab29-18-<0.4519.0>-T3: Msg #2360, C-Out: 23.10 18:11:33,216| HBQ-In: 23.10 18:11:33,217| DQ-In: 23.10 18:11:34,010| C-In: 23.10 18:11:34,337|
Fehlernachricht fuer Luecke von 2361 bis 2361 C-In: 23.10 18:11:34,337|
lab29-3-<0.5663.0>-T3: Msg #2362, C-Out: 23.10 18:11:33,225| HBQ-In: 23.10 18:11:33,225| DQ-In: 23.10 18:11:34,023| C-In: 23.10 18:11:34,338|
lab29-43-<0.2458.0>-T3: Msg #2363, C-Out: 23.10 18:11:33,734| HBQ-In: 23.10 18:11:33,734| DQ-In: 23.10 18:11:34,023| C-In: 23.10 18:11:34,338|
Fehlernachricht fuer Luecke von 2364 bis 2364 C-In: 23.10 18:11:34,338|
lab29-28-<0.3729.0>-T3: Msg #2365, C-Out: 23.10 18:11:33,748| HBQ-In: 23.10 18:11:33,749| DQ-In: 23.10 18:11:34,023| C-In: 23.10 18:11:34,339|
lab29-13-<0.4921.0>-T3: Msg #2366, C-Out: 23.10 18:11:33,259| HBQ-In: 23.10 18:11:33,259| DQ-In: 23.10 18:11:34,023| C-In: 23.10 18:11:34,340|
Fehlernachricht fuer Luecke von 2367 bis 2369 C-In: 23.10 18:11:34,340|
lab29-35-<0.3134.0>-T3: Msg #2370, C-Out: 23.10 18:11:33,826| HBQ-In: 23.10 18:11:33,827| DQ-In: 23.10 18:11:34,108| C-In: 23.10 18:11:34,340|
Fehlernachricht fuer Luecke von 2371 bis 2371 C-In: 23.10 18:11:34,341|
lab29-50-<0.1864.0>-T3: Msg #2372, C-Out: 23.10 18:11:33,882| HBQ-In: 23.10 18:11:33,882| DQ-In: 23.10 18:11:34,153| C-In: 23.10 18:11:34,341|
Fehlernachricht fuer Luecke von 2373 bis 2374 C-In: 23.10 18:11:34,341|
lab29-22-<0.4210.0>-T3: Msg #2375, C-Out: 23.10 18:11:33,413| HBQ-In: 23.10 18:11:33,414| DQ-In: 23.10 18:11:34,169| C-In: 23.10 18:11:34,342|
lab29-7-<0.5358.0>-T3: Msg #2376, C-Out: 23.10 18:11:33,419| HBQ-In: 23.10 18:11:33,421| DQ-In: 23.10 18:11:34,169| C-In: 23.10 18:11:34,342|
lab29-57-<0.1365.0>-T3: Msg #2377, C-Out: 23.10 18:11:33,933| HBQ-In: 23.10 18:11:33,933| DQ-In: 23.10 18:11:34,169| C-In: 23.10 18:11:34,346|
lab29-2-<0.5741.0>-T3: Msg #2378, C-Out: 23.10 18:11:33,433| HBQ-In: 23.10 18:11:33,433| DQ-In: 23.10 18:11:34,169| C-In: 23.10 18:11:34,347|
lab29-12-<0.4991.0>-T3: Msg #2379, C-Out: 23.10 18:11:33,435| HBQ-In: 23.10 18:11:33,435| DQ-In: 23.10 18:11:34,169| C-In: 23.10 18:11:34,347|
lab29-17-<0.4601.0>-T3: Msg #2380, C-Out: 23.10 18:11:33,435| HBQ-In: 23.10 18:11:33,435| DQ-In: 23.10 18:11:34,169| C-In: 23.10 18:11:34,348|
lab29-42-<0.2545.0>-T3: Msg #2381, C-Out: 23.10 18:11:33,935| HBQ-In: 23.10 18:11:33,937| DQ-In: 23.10 18:11:34,169| C-In: 23.10 18:11:34,348|
Fehlernachricht fuer Luecke von 2382 bis 2383 C-In: 23.10 18:11:34,351|
lab29-27-<0.3815.0>-T3: Msg #2384, C-Out: 23.10 18:11:33,973| HBQ-In: 23.10 18:11:33,973| DQ-In: 23.10 18:11:34,317| C-In: 23.10 18:11:34,352|
Fehlernachricht fuer Luecke von 2385 bis 2385 C-In: 23.10 18:11:34,352|
lab29-49-<0.1950.0>-T3: Msg #2386, C-Out: 23.10 18:11:34,010| HBQ-In: 23.10 18:11:34,010| DQ-In: 23.10 18:11:34,329| C-In: 23.10 18:11:34,352|
ReceiveMsgs done
lab29-55-<0.1513.0>-T3: Msg #2526, C-Out: 23.10 18:11:36,604| gesendet
lab29-55-<0.1513.0>-T3: Msg #2706, C-Out: 23.10 18:11:38,856| gesendet
