lab29-1-<0.5818.0>-T3 C-Start: 23.10 18:11:27,567|
lab29-1-<0.5818.0>-T3: Msg #1919, C-Out: 23.10 18:11:28,569| gesendet
lab29-1-<0.5818.0>-T3: Msg #2013, C-Out: 23.10 18:11:29,573| gesendet
lab29-1-<0.5818.0>-T3: Msg #2107, C-Out: 23.10 18:11:30,576| gesendet
lab29-1-<0.5818.0>-T3: Msg #2197, C-Out: 23.10 18:11:31,582| gesendet
lab29-1-<0.5818.0>-T3: Msg #2306, C-Out: 23.10 18:11:32,583| gesendet
Neues Intervall: 1 Sekunden
Msg #2389 um 23.10 18:11:32,583| vergessen zu senden
lab29-27-<0.3815.0>-T3: Msg #2181, C-Out: 23.10 18:11:31,404| HBQ-In: 23.10 18:11:31,404| DQ-In: 23.10 18:11:31,582| C-In: 23.10 18:11:32,583|
Fehlernachricht fuer Luecke von 2182 bis 2182 C-In: 23.10 18:11:32,584|
lab29-22-<0.4210.0>-T3: Msg #2183, C-Out: 23.10 18:11:31,410| HBQ-In: 23.10 18:11:31,411| DQ-In: 23.10 18:11:31,587| C-In: 23.10 18:11:32,584|
lab29-17-<0.4601.0>-T3: Msg #2184, C-Out: 23.10 18:11:31,432| HBQ-In: 23.10 18:11:31,432| DQ-In: 23.10 18:11:31,587| C-In: 23.10 18:11:32,584|
lab29-12-<0.4991.0>-T3: Msg #2185, C-Out: 23.10 18:11:31,432| HBQ-In: 23.10 18:11:31,432| DQ-In: 23.10 18:11:31,587| C-In: 23.10 18:11:32,587|
Fehlernachricht fuer Luecke von 2186 bis 2195 C-In: 23.10 18:11:32,590|
lab29-6-<0.5440.0>-T3: Msg #2196, C-Out: 23.10 18:11:31,572| HBQ-In: 23.10 18:11:31,572| DQ-In: 23.10 18:11:31,619| C-In: 23.10 18:11:32,590|
lab29-1-<0.5818.0>-T3: Msg #2197, C-Out: 23.10 18:11:31,582| HBQ-In: 23.10 18:11:31,582| DQ-In: 23.10 18:11:31,619|******* C-In: 23.10 18:11:32,592|
lab29-31-<0.3480.0>-T3: Msg #2198, C-Out: 23.10 18:11:31,587| HBQ-In: 23.10 18:11:31,587| DQ-In: 23.10 18:11:31,619| C-In: 23.10 18:11:32,592|
Fehlernachricht fuer Luecke von 2199 bis 2199 C-In: 23.10 18:11:32,593|
lab29-26-<0.3898.0>-T3: Msg #2200, C-Out: 23.10 18:11:31,598| HBQ-In: 23.10 18:11:31,598| DQ-In: 23.10 18:11:31,805| C-In: 23.10 18:11:32,593|
Fehlernachricht fuer Luecke von 2201 bis 2201 C-In: 23.10 18:11:32,594|
lab29-11-<0.5067.0>-T3: Msg #2202, C-Out: 23.10 18:11:31,618| HBQ-In: 23.10 18:11:31,619| DQ-In: 23.10 18:11:31,806| C-In: 23.10 18:11:32,594|
lab29-21-<0.4291.0>-T3: Msg #2203, C-Out: 23.10 18:11:31,618| HBQ-In: 23.10 18:11:31,618| DQ-In: 23.10 18:11:31,806| C-In: 23.10 18:11:32,594|
Fehlernachricht fuer Luecke von 2204 bis 2204 C-In: 23.10 18:11:32,595|
lab29-16-<0.4681.0>-T3: Msg #2205, C-Out: 23.10 18:11:31,628| HBQ-In: 23.10 18:11:31,628| DQ-In: 23.10 18:11:31,812| C-In: 23.10 18:11:32,595|
Fehlernachricht fuer Luecke von 2206 bis 2208 C-In: 23.10 18:11:32,596|
5-client@lab23: 2209. Nachricht--Gruppe:1-Team:5-Sendezeit:18:11:30 HBQ-In: 23.10 18:11:30,696| DQ-In: 23.10 18:11:31,829| C-In: 23.10 18:11:32,596|
2-client@lab23: 2210. Nachricht--Gruppe:1-Team:5-Sendezeit:18:11:30 HBQ-In: 23.10 18:11:30,696| DQ-In: 23.10 18:11:31,829| C-In: 23.10 18:11:32,596|
4-client@lab23: 2211. Nachricht--Gruppe:1-Team:5-Sendezeit:18:11:30 HBQ-In: 23.10 18:11:30,696| DQ-In: 23.10 18:11:31,830| C-In: 23.10 18:11:32,597|
1-client@lab23: 2212. Nachricht--Gruppe:1-Team:5-Sendezeit:18:11:30 HBQ-In: 23.10 18:11:30,696| DQ-In: 23.10 18:11:31,830| C-In: 23.10 18:11:32,599|
4-client@lab23: 2213. Nachricht--Gruppe:1-Team:5-Sendezeit:18:11:30 HBQ-In: 23.10 18:11:30,702| DQ-In: 23.10 18:11:31,830| C-In: 23.10 18:11:32,601|
5-client@lab23: 2214. Nachricht--Gruppe:1-Team:5-Sendezeit:18:11:30 HBQ-In: 23.10 18:11:30,702| DQ-In: 23.10 18:11:31,830| C-In: 23.10 18:11:32,602|
2-client@lab23: 2215. Nachricht--Gruppe:1-Team:5-Sendezeit:18:11:30 HBQ-In: 23.10 18:11:30,702| DQ-In: 23.10 18:11:31,830| C-In: 23.10 18:11:32,605|
3-client@lab23: 2216. Nachricht--Gruppe:1-Team:5-Sendezeit:18:11:30 HBQ-In: 23.10 18:11:30,702| DQ-In: 23.10 18:11:31,830| C-In: 23.10 18:11:32,606|
1-client@lab23: 2217. Nachricht--Gruppe:1-Team:5-Sendezeit:18:11:30 HBQ-In: 23.10 18:11:30,702| DQ-In: 23.10 18:11:31,830| C-In: 23.10 18:11:32,606|
lab29-58-<0.1296.0>-T3: Msg #2218, C-Out: 23.10 18:11:32,200| HBQ-In: 23.10 18:11:32,201| DQ-In: 23.10 18:11:32,201| C-In: 23.10 18:11:32,607|
2-client@lab23: 2219. Nachricht--Gruppe:1-Team:5-Sendezeit:18:11:30 HBQ-In: 23.10 18:11:30,704| DQ-In: 23.10 18:11:32,201| C-In: 23.10 18:11:32,607|
3-client@lab23: 2220. Nachricht--Gruppe:1-Team:5-Sendezeit:18:11:30 HBQ-In: 23.10 18:11:30,706| DQ-In: 23.10 18:11:32,201| C-In: 23.10 18:11:32,607|
1-client@lab23: 2221. Nachricht--Gruppe:1-Team:5-Sendezeit:18:11:30 HBQ-In: 23.10 18:11:30,707| DQ-In: 23.10 18:11:32,201| C-In: 23.10 18:11:32,607|
5-client@lab23: 2222. Nachricht--Gruppe:1-Team:5-Sendezeit:18:11:30 HBQ-In: 23.10 18:11:30,706| DQ-In: 23.10 18:11:32,201| C-In: 23.10 18:11:32,608|
4-client@lab23: 2223. Nachricht--Gruppe:1-Team:5-Sendezeit:18:11:30 HBQ-In: 23.10 18:11:30,706| DQ-In: 23.10 18:11:32,201| C-In: 23.10 18:11:32,608|
2-client@lab23: 2224. Nachricht--Gruppe:1-Team:5-Sendezeit:18:11:30 HBQ-In: 23.10 18:11:30,710| DQ-In: 23.10 18:11:32,201| C-In: 23.10 18:11:32,608|
3-client@lab23: 2225. Nachricht--Gruppe:1-Team:5-Sendezeit:18:11:30 HBQ-In: 23.10 18:11:30,712| DQ-In: 23.10 18:11:32,201| C-In: 23.10 18:11:32,610|
4-client@lab23: 2226. Nachricht--Gruppe:1-Team:5-Sendezeit:18:11:30 HBQ-In: 23.10 18:11:30,711| DQ-In: 23.10 18:11:32,201| C-In: 23.10 18:11:32,613|
5-client@lab23: 2227. Nachricht--Gruppe:1-Team:5-Sendezeit:18:11:30 HBQ-In: 23.10 18:11:30,710| DQ-In: 23.10 18:11:32,201| C-In: 23.10 18:11:32,614|
1-client@lab23: 2228. Nachricht--Gruppe:1-Team:5-Sendezeit:18:11:30 HBQ-In: 23.10 18:11:30,711| DQ-In: 23.10 18:11:32,201| C-In: 23.10 18:11:32,614|
Fehlernachricht fuer Luecke von 2229 bis 2232 C-In: 23.10 18:11:32,614|
3-client@lab23: 2233. Nachricht--Gruppe:1-Team:5-Sendezeit:18:11:30 HBQ-In: 23.10 18:11:30,713| DQ-In: 23.10 18:11:32,412| C-In: 23.10 18:11:32,615|
Fehlernachricht fuer Luecke von 2234 bis 2234 C-In: 23.10 18:11:32,617|
lab29-43-<0.2458.0>-T3: Msg #2235, C-Out: 23.10 18:11:32,232| HBQ-In: 23.10 18:11:32,233| DQ-In: 23.10 18:11:32,418| C-In: 23.10 18:11:32,619|
Fehlernachricht fuer Luecke von 2236 bis 2239 C-In: 23.10 18:11:32,619|
lab29-65-<0.819.0>-T3: Msg #2240, C-Out: 23.10 18:11:32,272| HBQ-In: 23.10 18:11:32,273| DQ-In: 23.10 18:11:32,429| C-In: 23.10 18:11:32,620|
lab29-5-<0.5513.0>-T3: Msg #2241, C-Out: 23.10 18:11:31,779| HBQ-In: 23.10 18:11:31,779| DQ-In: 23.10 18:11:32,429| C-In: 23.10 18:11:32,620|
lab29-25-<0.3973.0>-T3: Msg #2242, C-Out: 23.10 18:11:31,805| HBQ-In: 23.10 18:11:31,805| DQ-In: 23.10 18:11:32,429| C-In: 23.10 18:11:32,621|
lab29-15-<0.4762.0>-T3: Msg #2243, C-Out: 23.10 18:11:31,806| HBQ-In: 23.10 18:11:31,806| DQ-In: 23.10 18:11:32,429| C-In: 23.10 18:11:32,621|
lab29-20-<0.4365.0>-T3: Msg #2244, C-Out: 23.10 18:11:31,807| HBQ-In: 23.10 18:11:31,807| DQ-In: 23.10 18:11:32,429| C-In: 23.10 18:11:32,621|
lab29-30-<0.3559.0>-T3: Msg #2245, C-Out: 23.10 18:11:31,812| HBQ-In: 23.10 18:11:31,812| DQ-In: 23.10 18:11:32,429| C-In: 23.10 18:11:32,622|
lab29-35-<0.3134.0>-T3: Msg #2246, C-Out: 23.10 18:11:32,325| HBQ-In: 23.10 18:11:32,325| DQ-In: 23.10 18:11:32,429| C-In: 23.10 18:11:32,622|
lab29-10-<0.5112.0>-T3: Msg #2247, C-Out: 23.10 18:11:31,828| HBQ-In: 23.10 18:11:31,829| DQ-In: 23.10 18:11:32,429| C-In: 23.10 18:11:32,622|
Fehlernachricht fuer Luecke von 2248 bis 2248 C-In: 23.10 18:11:32,623|
lab29-50-<0.1864.0>-T3: Msg #2249, C-Out: 23.10 18:11:32,381| HBQ-In: 23.10 18:11:32,381| DQ-In: 23.10 18:11:32,599| C-In: 23.10 18:11:32,626|
Fehlernachricht fuer Luecke von 2250 bis 2250 C-In: 23.10 18:11:32,627|
lab29-57-<0.1365.0>-T3: Msg #2251, C-Out: 23.10 18:11:32,427| HBQ-In: 23.10 18:11:32,429| DQ-In: 23.10 18:11:32,605| C-In: 23.10 18:11:32,629|
lab29-42-<0.2545.0>-T3: Msg #2252, C-Out: 23.10 18:11:32,433| HBQ-In: 23.10 18:11:32,433| DQ-In: 23.10 18:11:32,605| C-In: 23.10 18:11:32,629|
Fehlernachricht fuer Luecke von 2253 bis 2255 C-In: 23.10 18:11:32,630|
lab29-64-<0.899.0>-T3: Msg #2256, C-Out: 23.10 18:11:32,470| HBQ-In: 23.10 18:11:32,470| DQ-In: 23.10 18:11:32,620| C-In: 23.10 18:11:32,632|
lab29-4-<0.5587.0>-T3: Msg #2257, C-Out: 23.10 18:11:31,972| HBQ-In: 23.10 18:11:31,972| DQ-In: 23.10 18:11:32,620| C-In: 23.10 18:11:32,632|
lab29-24-<0.4051.0>-T3: Msg #2258, C-Out: 23.10 18:11:31,978| HBQ-In: 23.10 18:11:31,978| DQ-In: 23.10 18:11:32,620| C-In: 23.10 18:11:32,632|
ReceiveMsgs done
lab29-1-<0.5818.0>-T3: Msg #2396, C-Out: 23.10 18:11:33,635| gesendet
lab29-1-<0.5818.0>-T3: Msg #2479, C-Out: 23.10 18:11:34,637| gesendet
lab29-1-<0.5818.0>-T3: Msg #2550, C-Out: 23.10 18:11:35,640| gesendet
lab29-1-<0.5818.0>-T3: Msg #2643, C-Out: 23.10 18:11:36,645| gesendet
lab29-1-<0.5818.0>-T3: Msg #2709, C-Out: 23.10 18:11:37,646| gesendet
Neues Intervall: 1.5 Sekunden
Msg #2784 um 23.10 18:11:37,646| vergessen zu senden
lab29-38-<0.2880.0>-T3: Msg #2569, C-Out: 23.10 18:11:36,270| HBQ-In: 23.10 18:11:36,277| DQ-In: 23.10 18:11:36,437| C-In: 23.10 18:11:37,646|
Fehlernachricht fuer Luecke von 2570 bis 2572 C-In: 23.10 18:11:37,647|
4-client@lab23: 2573. Nachricht--Gruppe:1-Team:5-Sendezeit:18:11:34 HBQ-In: 23.10 18:11:34,778| DQ-In: 23.10 18:11:36,639| C-In: 23.10 18:11:37,647|
3-client@lab23: 2574. Nachricht--Gruppe:1-Team:5-Sendezeit:18:11:34 HBQ-In: 23.10 18:11:34,778| DQ-In: 23.10 18:11:36,639| C-In: 23.10 18:11:37,647|
Fehlernachricht fuer Luecke von 2575 bis 2575 C-In: 23.10 18:11:37,648|
4-client@lab23: 2576. Nachricht--Gruppe:1-Team:5-Sendezeit:18:11:34 HBQ-In: 23.10 18:11:34,780| DQ-In: 23.10 18:11:36,676| C-In: 23.10 18:11:37,648|
3-client@lab23: 2577. Nachricht--Gruppe:1-Team:5-Sendezeit:18:11:34 HBQ-In: 23.10 18:11:34,780| DQ-In: 23.10 18:11:36,676| C-In: 23.10 18:11:37,648|
4-client@lab23: 2578. Nachricht--Gruppe:1-Team:5-Sendezeit:18:11:34 HBQ-In: 23.10 18:11:34,782| DQ-In: 23.10 18:11:36,676| C-In: 23.10 18:11:37,649|
3-client@lab23: 2579. Nachricht--Gruppe:1-Team:5-Sendezeit:18:11:34 HBQ-In: 23.10 18:11:34,782| DQ-In: 23.10 18:11:36,676| C-In: 23.10 18:11:37,649|
4-client@lab23: 2580. Nachricht--Gruppe:1-Team:5-Sendezeit:18:11:34 HBQ-In: 23.10 18:11:34,786| DQ-In: 23.10 18:11:36,676| C-In: 23.10 18:11:37,649|
3-client@lab23: 2581. Nachricht--Gruppe:1-Team:5-Sendezeit:18:11:34 HBQ-In: 23.10 18:11:34,786| DQ-In: 23.10 18:11:36,676| C-In: 23.10 18:11:37,650|
4-client@lab23: 2582. Nachricht--Gruppe:1-Team:5-Sendezeit:18:11:36 HBQ-In: 23.10 18:11:36,791| DQ-In: 23.10 18:11:36,791| C-In: 23.10 18:11:37,650|
3-client@lab23: 2583. Nachricht--Gruppe:1-Team:5-Sendezeit:18:11:36 HBQ-In: 23.10 18:11:36,791| DQ-In: 23.10 18:11:36,791| C-In: 23.10 18:11:37,653|
Fehlernachricht fuer Luecke von 2584 bis 2585 C-In: 23.10 18:11:37,655|
lab29-5-<0.5513.0>-T3: Msg #2586, C-Out: 23.10 18:11:35,829| HBQ-In: 23.10 18:11:35,829| DQ-In: 23.10 18:11:36,900| C-In: 23.10 18:11:37,656|
lab29-45-<0.2293.0>-T3: Msg #2587, C-Out: 23.10 18:11:36,333| HBQ-In: 23.10 18:11:36,333| DQ-In: 23.10 18:11:36,900| C-In: 23.10 18:11:37,658|
lab29-10-<0.5112.0>-T3: Msg #2588, C-Out: 23.10 18:11:35,840| HBQ-In: 23.10 18:11:35,844| DQ-In: 23.10 18:11:36,900| C-In: 23.10 18:11:37,659|
lab29-30-<0.3559.0>-T3: Msg #2589, C-Out: 23.10 18:11:36,385| HBQ-In: 23.10 18:11:36,387| DQ-In: 23.10 18:11:36,900| C-In: 23.10 18:11:37,659|
lab29-15-<0.4762.0>-T3: Msg #2590, C-Out: 23.10 18:11:36,396| HBQ-In: 23.10 18:11:36,397| DQ-In: 23.10 18:11:36,900| C-In: 23.10 18:11:37,659|
Fehlernachricht fuer Luecke von 2591 bis 2592 C-In: 23.10 18:11:37,660|
lab29-37-<0.2967.0>-T3: Msg #2593, C-Out: 23.10 18:11:36,456| HBQ-In: 23.10 18:11:36,458| DQ-In: 23.10 18:11:37,034| C-In: 23.10 18:11:37,660|
Fehlernachricht fuer Luecke von 2594 bis 2594 C-In: 23.10 18:11:37,660|
lab29-22-<0.4210.0>-T3: Msg #2595, C-Out: 23.10 18:11:36,471| HBQ-In: 23.10 18:11:36,473| DQ-In: 23.10 18:11:37,071| C-In: 23.10 18:11:37,661|
Fehlernachricht fuer Luecke von 2596 bis 2597 C-In: 23.10 18:11:37,661|
lab29-4-<0.5587.0>-T3: Msg #2598, C-Out: 23.10 18:11:36,013| HBQ-In: 23.10 18:11:36,015| DQ-In: 23.10 18:11:37,158| C-In: 23.10 18:11:37,661|
lab29-9-<0.5191.0>-T3: Msg #2599, C-Out: 23.10 18:11:36,027| HBQ-In: 23.10 18:11:36,028| DQ-In: 23.10 18:11:37,158| C-In: 23.10 18:11:37,664|
Fehlernachricht fuer Luecke von 2600 bis 2601 C-In: 23.10 18:11:37,665|
lab29-44-<0.2376.0>-T3: Msg #2602, C-Out: 23.10 18:11:36,532| HBQ-In: 23.10 18:11:36,532| DQ-In: 23.10 18:11:37,174| C-In: 23.10 18:11:37,666|
lab29-14-<0.4846.0>-T3: Msg #2603, C-Out: 23.10 18:11:36,566| HBQ-In: 23.10 18:11:36,570| DQ-In: 23.10 18:11:37,174| C-In: 23.10 18:11:37,666|
lab29-29-<0.3641.0>-T3: Msg #2604, C-Out: 23.10 18:11:36,568| HBQ-In: 23.10 18:11:36,571| DQ-In: 23.10 18:11:37,174| C-In: 23.10 18:11:37,667|
Fehlernachricht fuer Luecke von 2605 bis 2607 C-In: 23.10 18:11:37,668|
lab29-36-<0.3048.0>-T3: Msg #2608, C-Out: 23.10 18:11:36,638| HBQ-In: 23.10 18:11:36,638| DQ-In: 23.10 18:11:37,270| C-In: 23.10 18:11:37,668|
lab29-21-<0.4291.0>-T3: Msg #2609, C-Out: 23.10 18:11:36,673| HBQ-In: 23.10 18:11:36,676| DQ-In: 23.10 18:11:37,270| C-In: 23.10 18:11:37,669|
Fehlernachricht fuer Luecke von 2610 bis 2611 C-In: 23.10 18:11:37,669|
lab29-8-<0.5273.0>-T3: Msg #2612, C-Out: 23.10 18:11:36,212| HBQ-In: 23.10 18:11:36,212| DQ-In: 23.10 18:11:37,380| C-In: 23.10 18:11:37,669|
Fehlernachricht fuer Luecke von 2613 bis 2613 C-In: 23.10 18:11:37,670|
lab29-3-<0.5663.0>-T3: Msg #2614, C-Out: 23.10 18:11:36,230| HBQ-In: 23.10 18:11:36,230| DQ-In: 23.10 18:11:37,395| C-In: 23.10 18:11:37,670|
lab29-43-<0.2458.0>-T3: Msg #2615, C-Out: 23.10 18:11:36,736| HBQ-In: 23.10 18:11:36,736| DQ-In: 23.10 18:11:37,395| C-In: 23.10 18:11:37,672|
Fehlernachricht fuer Luecke von 2616 bis 2616 C-In: 23.10 18:11:37,673|
lab29-28-<0.3729.0>-T3: Msg #2617, C-Out: 23.10 18:11:36,753| HBQ-In: 23.10 18:11:36,753| DQ-In: 23.10 18:11:37,438| C-In: 23.10 18:11:37,673|
Fehlernachricht fuer Luecke von 2618 bis 2619 C-In: 23.10 18:11:37,673|
lab29-13-<0.4921.0>-T3: Msg #2620, C-Out: 23.10 18:11:36,790| HBQ-In: 23.10 18:11:36,790| DQ-In: 23.10 18:11:37,485| C-In: 23.10 18:11:37,676|
lab29-35-<0.3134.0>-T3: Msg #2621, C-Out: 23.10 18:11:36,829| HBQ-In: 23.10 18:11:36,829| DQ-In: 23.10 18:11:37,485| C-In: 23.10 18:11:37,676|
lab29-20-<0.4365.0>-T3: Msg #2622, C-Out: 23.10 18:11:36,897| HBQ-In: 23.10 18:11:36,900| DQ-In: 23.10 18:11:37,485| C-In: 23.10 18:11:37,677|
Fehlernachricht fuer Luecke von 2623 bis 2625 C-In: 23.10 18:11:37,679|
lab29-7-<0.5358.0>-T3: Msg #2626, C-Out: 23.10 18:11:36,424| HBQ-In: 23.10 18:11:36,424| DQ-In: 23.10 18:11:37,584| C-In: 23.10 18:11:37,679|
Fehlernachricht fuer Luecke von 2627 bis 2627 C-In: 23.10 18:11:37,679|
lab29-2-<0.5741.0>-T3: Msg #2628, C-Out: 23.10 18:11:36,437| HBQ-In: 23.10 18:11:36,437| DQ-In: 23.10 18:11:37,628| C-In: 23.10 18:11:37,682|
Fehlernachricht fuer Luecke von 2629 bis 2629 C-In: 23.10 18:11:37,682|
lab29-42-<0.2545.0>-T3: Msg #2630, C-Out: 23.10 18:11:36,942| HBQ-In: 23.10 18:11:36,943| DQ-In: 23.10 18:11:37,646| C-In: 23.10 18:11:37,682|
Fehlernachricht fuer Luecke von 2631 bis 2631 C-In: 23.10 18:11:37,685|
lab29-27-<0.3815.0>-T3: Msg #2632, C-Out: 23.10 18:11:36,975| HBQ-In: 23.10 18:11:36,975| DQ-In: 23.10 18:11:37,672| C-In: 23.10 18:11:37,688|
ReceiveMsgs done
lab29-1-<0.5818.0>-T3: Msg #2789, C-Out: 23.10 18:11:39,193| gesendet
