lab29-93-<0.95.0>-T3 C-Start: 23.10 18:11:09,047|
lab29-93-<0.95.0>-T3: Msg #694, C-Out: 23.10 18:11:10,052| gesendet
lab29-93-<0.95.0>-T3: Msg #707, C-Out: 23.10 18:11:11,056| gesendet
lab29-93-<0.95.0>-T3: Msg #749, C-Out: 23.10 18:11:12,059| gesendet
lab29-93-<0.95.0>-T3: Msg #771, C-Out: 23.10 18:11:13,064| gesendet
lab29-93-<0.95.0>-T3: Msg #805, C-Out: 23.10 18:11:14,068| gesendet
Neues Intervall: 1 Sekunden
Msg #841 um 23.10 18:11:14,068| vergessen zu senden
4-client@lab23: 729. Nachricht--Gruppe:1-Team:5-Sendezeit:18:11:12 HBQ-In: 23.10 18:11:12,412| DQ-In: 23.10 18:11:12,412| C-In: 23.10 18:11:14,068|
2-client@lab23: 730. Nachricht--Gruppe:1-Team:5-Sendezeit:18:11:10 HBQ-In: 23.10 18:11:10,413| DQ-In: 23.10 18:11:12,412| C-In: 23.10 18:11:14,069|
2-client@lab23: 731. Nachricht--Gruppe:1-Team:5-Sendezeit:18:11:10 HBQ-In: 23.10 18:11:10,415| DQ-In: 23.10 18:11:12,412| C-In: 23.10 18:11:14,069|
1-client@lab23: 732. Nachricht--Gruppe:1-Team:5-Sendezeit:18:11:12 HBQ-In: 23.10 18:11:12,417| DQ-In: 23.10 18:11:12,417| C-In: 23.10 18:11:14,069|
2-client@lab23: 733. Nachricht--Gruppe:1-Team:5-Sendezeit:18:11:10 HBQ-In: 23.10 18:11:10,416| DQ-In: 23.10 18:11:12,417| C-In: 23.10 18:11:14,070|
2-client@lab23: 734. Nachricht--Gruppe:1-Team:5-Sendezeit:18:11:10 HBQ-In: 23.10 18:11:10,417| DQ-In: 23.10 18:11:12,417| C-In: 23.10 18:11:14,070|
2-client@lab23: 735. Nachricht--Gruppe:1-Team:5-Sendezeit:18:11:12 HBQ-In: 23.10 18:11:12,420| DQ-In: 23.10 18:11:12,420| C-In: 23.10 18:11:14,071|
lab29-96-<0.84.0>-T3: Msg #736, C-Out: 23.10 18:11:11,451| HBQ-In: 23.10 18:11:11,451| DQ-In: 23.10 18:11:12,420| C-In: 23.10 18:11:14,073|
lab29-91-<0.103.0>-T3: Msg #737, C-Out: 23.10 18:11:11,455| HBQ-In: 23.10 18:11:11,455| DQ-In: 23.10 18:11:12,420| C-In: 23.10 18:11:14,075|
lab29-86-<0.129.0>-T3: Msg #738, C-Out: 23.10 18:11:11,460| HBQ-In: 23.10 18:11:11,460| DQ-In: 23.10 18:11:12,420| C-In: 23.10 18:11:14,079|
lab29-90-<0.107.0>-T3: Msg #739, C-Out: 23.10 18:11:11,652| HBQ-In: 23.10 18:11:11,652| DQ-In: 23.10 18:11:12,420| C-In: 23.10 18:11:14,082|
lab29-85-<0.133.0>-T3: Msg #740, C-Out: 23.10 18:11:11,661| HBQ-In: 23.10 18:11:11,661| DQ-In: 23.10 18:11:12,420| C-In: 23.10 18:11:14,086|
lab29-95-<0.87.0>-T3: Msg #741, C-Out: 23.10 18:11:11,668| HBQ-In: 23.10 18:11:11,668| DQ-In: 23.10 18:11:12,420| C-In: 23.10 18:11:14,089|
lab29-100-<0.40.0>-T3: Msg #742, C-Out: 23.10 18:11:11,670| HBQ-In: 23.10 18:11:11,670| DQ-In: 23.10 18:11:12,420| C-In: 23.10 18:11:14,091|
lab29-99-<0.49.0>-T3: Msg #743, C-Out: 23.10 18:11:11,852| HBQ-In: 23.10 18:11:11,852| DQ-In: 23.10 18:11:12,420| C-In: 23.10 18:11:14,091|
lab29-89-<0.113.0>-T3: Msg #744, C-Out: 23.10 18:11:11,857| HBQ-In: 23.10 18:11:11,857| DQ-In: 23.10 18:11:12,420| C-In: 23.10 18:11:14,092|
lab29-94-<0.91.0>-T3: Msg #745, C-Out: 23.10 18:11:11,859| HBQ-In: 23.10 18:11:11,859| DQ-In: 23.10 18:11:12,420| C-In: 23.10 18:11:14,092|
lab29-84-<0.140.0>-T3: Msg #746, C-Out: 23.10 18:11:11,863| HBQ-In: 23.10 18:11:11,863| DQ-In: 23.10 18:11:12,420| C-In: 23.10 18:11:14,092|
lab29-98-<0.78.0>-T3: Msg #747, C-Out: 23.10 18:11:12,052| HBQ-In: 23.10 18:11:12,052| DQ-In: 23.10 18:11:12,420| C-In: 23.10 18:11:14,093|
lab29-88-<0.118.0>-T3: Msg #748, C-Out: 23.10 18:11:12,056| HBQ-In: 23.10 18:11:12,056| DQ-In: 23.10 18:11:12,420| C-In: 23.10 18:11:14,093|
lab29-93-<0.95.0>-T3: Msg #749, C-Out: 23.10 18:11:12,059| HBQ-In: 23.10 18:11:12,059| DQ-In: 23.10 18:11:12,420|******* C-In: 23.10 18:11:14,094|
lab29-83-<0.147.0>-T3: Msg #750, C-Out: 23.10 18:11:12,063| HBQ-In: 23.10 18:11:12,063| DQ-In: 23.10 18:11:12,420| C-In: 23.10 18:11:14,094|
lab29-92-<0.99.0>-T3: Msg #751, C-Out: 23.10 18:11:12,257| HBQ-In: 23.10 18:11:12,257| DQ-In: 23.10 18:11:12,420| C-In: 23.10 18:11:14,094|
lab29-97-<0.81.0>-T3: Msg #752, C-Out: 23.10 18:11:12,257| HBQ-In: 23.10 18:11:12,257| DQ-In: 23.10 18:11:12,420| C-In: 23.10 18:11:14,095|
lab29-87-<0.123.0>-T3: Msg #753, C-Out: 23.10 18:11:12,262| HBQ-In: 23.10 18:11:12,262| DQ-In: 23.10 18:11:12,420| C-In: 23.10 18:11:14,095|
lab29-82-<0.153.0>-T3: Msg #754, C-Out: 23.10 18:11:12,266| HBQ-In: 23.10 18:11:12,266| DQ-In: 23.10 18:11:12,420| C-In: 23.10 18:11:14,095|
lab29-96-<0.84.0>-T3: Msg #755, C-Out: 23.10 18:11:12,454| HBQ-In: 23.10 18:11:12,454| DQ-In: 23.10 18:11:12,454| C-In: 23.10 18:11:14,096|
lab29-91-<0.103.0>-T3: Msg #756, C-Out: 23.10 18:11:12,458| HBQ-In: 23.10 18:11:12,458| DQ-In: 23.10 18:11:12,458| C-In: 23.10 18:11:14,096|
lab29-86-<0.129.0>-T3: Msg #757, C-Out: 23.10 18:11:12,463| HBQ-In: 23.10 18:11:12,463| DQ-In: 23.10 18:11:12,463| C-In: 23.10 18:11:14,096|
lab29-81-<0.159.0>-T3: Msg #758, C-Out: 23.10 18:11:12,467| HBQ-In: 23.10 18:11:12,467| DQ-In: 23.10 18:11:12,467| C-In: 23.10 18:11:14,097|
lab29-90-<0.107.0>-T3: Msg #759, C-Out: 23.10 18:11:12,655| HBQ-In: 23.10 18:11:12,655| DQ-In: 23.10 18:11:12,655| C-In: 23.10 18:11:14,097|
lab29-85-<0.133.0>-T3: Msg #760, C-Out: 23.10 18:11:12,664| HBQ-In: 23.10 18:11:12,664| DQ-In: 23.10 18:11:12,664| C-In: 23.10 18:11:14,097|
lab29-80-<0.164.0>-T3: Msg #761, C-Out: 23.10 18:11:12,668| HBQ-In: 23.10 18:11:12,668| DQ-In: 23.10 18:11:12,668| C-In: 23.10 18:11:14,098|
lab29-95-<0.87.0>-T3: Msg #762, C-Out: 23.10 18:11:12,671| HBQ-In: 23.10 18:11:12,671| DQ-In: 23.10 18:11:12,671| C-In: 23.10 18:11:14,098|
lab29-100-<0.40.0>-T3: Msg #763, C-Out: 23.10 18:11:12,674| HBQ-In: 23.10 18:11:12,674| DQ-In: 23.10 18:11:12,674| C-In: 23.10 18:11:14,098|
lab29-99-<0.49.0>-T3: Msg #764, C-Out: 23.10 18:11:12,855| HBQ-In: 23.10 18:11:12,855| DQ-In: 23.10 18:11:12,855| C-In: 23.10 18:11:14,098|
lab29-89-<0.113.0>-T3: Msg #765, C-Out: 23.10 18:11:12,861| HBQ-In: 23.10 18:11:12,861| DQ-In: 23.10 18:11:12,861| C-In: 23.10 18:11:14,099|
lab29-94-<0.91.0>-T3: Msg #766, C-Out: 23.10 18:11:12,862| HBQ-In: 23.10 18:11:12,862| DQ-In: 23.10 18:11:12,862| C-In: 23.10 18:11:14,099|
lab29-84-<0.140.0>-T3: Msg #767, C-Out: 23.10 18:11:12,866| HBQ-In: 23.10 18:11:12,866| DQ-In: 23.10 18:11:12,866| C-In: 23.10 18:11:14,099|
lab29-79-<0.173.0>-T3: Msg #768, C-Out: 23.10 18:11:12,874| HBQ-In: 23.10 18:11:12,875| DQ-In: 23.10 18:11:12,875| C-In: 23.10 18:11:14,100|
lab29-98-<0.78.0>-T3: Msg #769, C-Out: 23.10 18:11:13,055| HBQ-In: 23.10 18:11:13,055| DQ-In: 23.10 18:11:13,055| C-In: 23.10 18:11:14,100|
lab29-88-<0.118.0>-T3: Msg #770, C-Out: 23.10 18:11:13,059| HBQ-In: 23.10 18:11:13,060| DQ-In: 23.10 18:11:13,060| C-In: 23.10 18:11:14,100|
lab29-93-<0.95.0>-T3: Msg #771, C-Out: 23.10 18:11:13,064| HBQ-In: 23.10 18:11:13,064| DQ-In: 23.10 18:11:13,064|******* C-In: 23.10 18:11:14,101|
lab29-83-<0.147.0>-T3: Msg #772, C-Out: 23.10 18:11:13,066| HBQ-In: 23.10 18:11:13,067| DQ-In: 23.10 18:11:13,067| C-In: 23.10 18:11:14,101|
lab29-78-<0.180.0>-T3: Msg #773, C-Out: 23.10 18:11:13,071| HBQ-In: 23.10 18:11:13,071| DQ-In: 23.10 18:11:13,071| C-In: 23.10 18:11:14,101|
lab29-97-<0.81.0>-T3: Msg #774, C-Out: 23.10 18:11:13,261| HBQ-In: 23.10 18:11:13,261| DQ-In: 23.10 18:11:13,261| C-In: 23.10 18:11:14,102|
lab29-92-<0.99.0>-T3: Msg #775, C-Out: 23.10 18:11:13,261| HBQ-In: 23.10 18:11:13,261| DQ-In: 23.10 18:11:13,261| C-In: 23.10 18:11:14,102|
lab29-87-<0.123.0>-T3: Msg #776, C-Out: 23.10 18:11:13,266| HBQ-In: 23.10 18:11:13,266| DQ-In: 23.10 18:11:13,266| C-In: 23.10 18:11:14,102|
lab29-82-<0.153.0>-T3: Msg #777, C-Out: 23.10 18:11:13,271| HBQ-In: 23.10 18:11:13,271| DQ-In: 23.10 18:11:13,271| C-In: 23.10 18:11:14,103|
lab29-77-<0.187.0>-T3: Msg #778, C-Out: 23.10 18:11:13,275| HBQ-In: 23.10 18:11:13,275| DQ-In: 23.10 18:11:13,275| C-In: 23.10 18:11:14,103|
ReceiveMsgs done
lab29-93-<0.95.0>-T3: Msg #846, C-Out: 23.10 18:11:15,104| gesendet
lab29-93-<0.95.0>-T3: Msg #913, C-Out: 23.10 18:11:16,105| gesendet
lab29-93-<0.95.0>-T3: Msg #960, C-Out: 23.10 18:11:17,107| gesendet
lab29-93-<0.95.0>-T3: Msg #1017, C-Out: 23.10 18:11:18,110| gesendet
lab29-93-<0.95.0>-T3: Msg #1076, C-Out: 23.10 18:11:19,112| gesendet
Neues Intervall: 1.5 Sekunden
Msg #1165 um 23.10 18:11:19,115| vergessen zu senden
lab29-57-<0.1365.0>-T3: Msg #1026, C-Out: 23.10 18:11:18,303| HBQ-In: 23.10 18:11:18,303| DQ-In: 23.10 18:11:18,513| C-In: 23.10 18:11:19,115|
lab29-52-<0.1713.0>-T3: Msg #1027, C-Out: 23.10 18:11:18,309| HBQ-In: 23.10 18:11:18,309| DQ-In: 23.10 18:11:18,513| C-In: 23.10 18:11:19,116|
lab29-87-<0.123.0>-T3: Msg #1028, C-Out: 23.10 18:11:18,310| HBQ-In: 23.10 18:11:18,310| DQ-In: 23.10 18:11:18,513| C-In: 23.10 18:11:19,116|
lab29-82-<0.153.0>-T3: Msg #1029, C-Out: 23.10 18:11:18,314| HBQ-In: 23.10 18:11:18,314| DQ-In: 23.10 18:11:18,513| C-In: 23.10 18:11:19,116|
lab29-92-<0.99.0>-T3: Msg #1030, C-Out: 23.10 18:11:18,334| HBQ-In: 23.10 18:11:18,334| DQ-In: 23.10 18:11:18,513| C-In: 23.10 18:11:19,117|
lab29-77-<0.187.0>-T3: Msg #1031, C-Out: 23.10 18:11:18,377| HBQ-In: 23.10 18:11:18,377| DQ-In: 23.10 18:11:18,513| C-In: 23.10 18:11:19,117|
lab29-97-<0.81.0>-T3: Msg #1032, C-Out: 23.10 18:11:18,439| HBQ-In: 23.10 18:11:18,439| DQ-In: 23.10 18:11:18,513| C-In: 23.10 18:11:19,117|
Fehlernachricht fuer Luecke von 1033 bis 1033 C-In: 23.10 18:11:19,118|
lab29-66-<0.743.0>-T3: Msg #1034, C-Out: 23.10 18:11:18,494| HBQ-In: 23.10 18:11:18,494| DQ-In: 23.10 18:11:18,523| C-In: 23.10 18:11:19,118|
lab29-71-<0.461.0>-T3: Msg #1035, C-Out: 23.10 18:11:18,494| HBQ-In: 23.10 18:11:18,494| DQ-In: 23.10 18:11:18,523| C-In: 23.10 18:11:19,119|
lab29-61-<0.1100.0>-T3: Msg #1036, C-Out: 23.10 18:11:18,501| HBQ-In: 23.10 18:11:18,502| DQ-In: 23.10 18:11:18,523| C-In: 23.10 18:11:19,119|
lab29-56-<0.1439.0>-T3: Msg #1037, C-Out: 23.10 18:11:18,505| HBQ-In: 23.10 18:11:18,505| DQ-In: 23.10 18:11:18,523| C-In: 23.10 18:11:19,119|
lab29-51-<0.1789.0>-T3: Msg #1038, C-Out: 23.10 18:11:18,506| HBQ-In: 23.10 18:11:18,508| DQ-In: 23.10 18:11:18,523| C-In: 23.10 18:11:19,119|
lab29-81-<0.159.0>-T3: Msg #1039, C-Out: 23.10 18:11:18,510| HBQ-In: 23.10 18:11:18,510| DQ-In: 23.10 18:11:18,523| C-In: 23.10 18:11:19,120|
lab29-91-<0.103.0>-T3: Msg #1040, C-Out: 23.10 18:11:18,558| HBQ-In: 23.10 18:11:18,558| DQ-In: 23.10 18:11:18,558| C-In: 23.10 18:11:19,121|
lab29-86-<0.129.0>-T3: Msg #1041, C-Out: 23.10 18:11:18,560| HBQ-In: 23.10 18:11:18,561| DQ-In: 23.10 18:11:18,561| C-In: 23.10 18:11:19,121|
lab29-76-<0.194.0>-T3: Msg #1042, C-Out: 23.10 18:11:18,578| HBQ-In: 23.10 18:11:18,579| DQ-In: 23.10 18:11:18,579| C-In: 23.10 18:11:19,121|
lab29-96-<0.84.0>-T3: Msg #1043, C-Out: 23.10 18:11:18,597| HBQ-In: 23.10 18:11:18,597| DQ-In: 23.10 18:11:18,597| C-In: 23.10 18:11:19,121|
lab29-65-<0.819.0>-T3: Msg #1044, C-Out: 23.10 18:11:18,692| HBQ-In: 23.10 18:11:18,692| DQ-In: 23.10 18:11:18,692| C-In: 23.10 18:11:19,122|
lab29-70-<0.519.0>-T3: Msg #1045, C-Out: 23.10 18:11:18,692| HBQ-In: 23.10 18:11:18,692| DQ-In: 23.10 18:11:18,692| C-In: 23.10 18:11:19,122|
Fehlernachricht fuer Luecke von 1046 bis 1046 C-In: 23.10 18:11:19,123|
lab29-60-<0.1170.0>-T3: Msg #1047, C-Out: 23.10 18:11:18,704| HBQ-In: 23.10 18:11:18,704| DQ-In: 23.10 18:11:18,759| C-In: 23.10 18:11:19,123|
lab29-85-<0.133.0>-T3: Msg #1048, C-Out: 23.10 18:11:18,704| HBQ-In: 23.10 18:11:18,704| DQ-In: 23.10 18:11:18,759| C-In: 23.10 18:11:19,123|
lab29-55-<0.1513.0>-T3: Msg #1049, C-Out: 23.10 18:11:18,706| HBQ-In: 23.10 18:11:18,706| DQ-In: 23.10 18:11:18,759| C-In: 23.10 18:11:19,123|
lab29-50-<0.1864.0>-T3: Msg #1050, C-Out: 23.10 18:11:18,706| HBQ-In: 23.10 18:11:18,706| DQ-In: 23.10 18:11:18,759| C-In: 23.10 18:11:19,124|
lab29-90-<0.107.0>-T3: Msg #1051, C-Out: 23.10 18:11:18,759| HBQ-In: 23.10 18:11:18,759| DQ-In: 23.10 18:11:18,759| C-In: 23.10 18:11:19,124|
lab29-80-<0.164.0>-T3: Msg #1052, C-Out: 23.10 18:11:18,759| HBQ-In: 23.10 18:11:18,759| DQ-In: 23.10 18:11:18,759| C-In: 23.10 18:11:19,124|
lab29-95-<0.87.0>-T3: Msg #1053, C-Out: 23.10 18:11:18,771| HBQ-In: 23.10 18:11:18,771| DQ-In: 23.10 18:11:18,771| C-In: 23.10 18:11:19,125|
Fehlernachricht fuer Luecke von 1054 bis 1054 C-In: 23.10 18:11:19,125|
lab29-75-<0.200.0>-T3: Msg #1055, C-Out: 23.10 18:11:18,774| HBQ-In: 23.10 18:11:18,775| DQ-In: 23.10 18:11:18,904| C-In: 23.10 18:11:19,125|
Fehlernachricht fuer Luecke von 1056 bis 1057 C-In: 23.10 18:11:19,126|
lab29-64-<0.899.0>-T3: Msg #1058, C-Out: 23.10 18:11:18,899| HBQ-In: 23.10 18:11:18,899| DQ-In: 23.10 18:11:18,904| C-In: 23.10 18:11:19,126|
lab29-69-<0.583.0>-T3: Msg #1059, C-Out: 23.10 18:11:18,899| HBQ-In: 23.10 18:11:18,899| DQ-In: 23.10 18:11:18,904| C-In: 23.10 18:11:19,126|
lab29-59-<0.1234.0>-T3: Msg #1060, C-Out: 23.10 18:11:18,899| HBQ-In: 23.10 18:11:18,899| DQ-In: 23.10 18:11:18,904| C-In: 23.10 18:11:19,127|
lab29-84-<0.140.0>-T3: Msg #1061, C-Out: 23.10 18:11:18,904| HBQ-In: 23.10 18:11:18,904| DQ-In: 23.10 18:11:18,904| C-In: 23.10 18:11:19,127|
lab29-54-<0.1586.0>-T3: Msg #1062, C-Out: 23.10 18:11:18,904| HBQ-In: 23.10 18:11:18,904| DQ-In: 23.10 18:11:18,904| C-In: 23.10 18:11:19,127|
lab29-89-<0.113.0>-T3: Msg #1063, C-Out: 23.10 18:11:18,904| HBQ-In: 23.10 18:11:18,904| DQ-In: 23.10 18:11:18,904| C-In: 23.10 18:11:19,127|
lab29-49-<0.1950.0>-T3: Msg #1064, C-Out: 23.10 18:11:18,908| HBQ-In: 23.10 18:11:18,908| DQ-In: 23.10 18:11:18,908| C-In: 23.10 18:11:19,128|
Fehlernachricht fuer Luecke von 1065 bis 1065 C-In: 23.10 18:11:19,128|
lab29-79-<0.173.0>-T3: Msg #1066, C-Out: 23.10 18:11:18,955| HBQ-In: 23.10 18:11:18,955| DQ-In: 23.10 18:11:19,102| C-In: 23.10 18:11:19,128|
lab29-74-<0.266.0>-T3: Msg #1067, C-Out: 23.10 18:11:18,963| HBQ-In: 23.10 18:11:18,963| DQ-In: 23.10 18:11:19,102| C-In: 23.10 18:11:19,129|
Fehlernachricht fuer Luecke von 1068 bis 1068 C-In: 23.10 18:11:19,129|
lab29-94-<0.91.0>-T3: Msg #1069, C-Out: 23.10 18:11:18,000| HBQ-In: 23.10 18:11:18,000| DQ-In: 23.10 18:11:19,112| C-In: 23.10 18:11:19,129|
Fehlernachricht fuer Luecke von 1070 bis 1070 C-In: 23.10 18:11:19,130|
lab29-68-<0.633.0>-T3: Msg #1071, C-Out: 23.10 18:11:19,096| HBQ-In: 23.10 18:11:19,097| DQ-In: 23.10 18:11:19,113| C-In: 23.10 18:11:19,130|
lab29-63-<0.983.0>-T3: Msg #1072, C-Out: 23.10 18:11:19,096| HBQ-In: 23.10 18:11:19,096| DQ-In: 23.10 18:11:19,113| C-In: 23.10 18:11:19,130|
lab29-58-<0.1296.0>-T3: Msg #1073, C-Out: 23.10 18:11:19,102| HBQ-In: 23.10 18:11:19,102| DQ-In: 23.10 18:11:19,113| C-In: 23.10 18:11:19,130|
lab29-53-<0.1650.0>-T3: Msg #1074, C-Out: 23.10 18:11:19,104| HBQ-In: 23.10 18:11:19,104| DQ-In: 23.10 18:11:19,113| C-In: 23.10 18:11:19,131|
lab29-48-<0.2035.0>-T3: Msg #1075, C-Out: 23.10 18:11:19,112| HBQ-In: 23.10 18:11:19,112| DQ-In: 23.10 18:11:19,113| C-In: 23.10 18:11:19,131|
lab29-93-<0.95.0>-T3: Msg #1076, C-Out: 23.10 18:11:19,112| HBQ-In: 23.10 18:11:19,112| DQ-In: 23.10 18:11:19,113|******* C-In: 23.10 18:11:19,134|
lab29-83-<0.147.0>-T3: Msg #1077, C-Out: 23.10 18:11:19,117| HBQ-In: 23.10 18:11:19,117| DQ-In: 23.10 18:11:19,117| C-In: 23.10 18:11:19,140|
lab29-78-<0.180.0>-T3: Msg #1078, C-Out: 23.10 18:11:19,120| HBQ-In: 23.10 18:11:19,120| DQ-In: 23.10 18:11:19,120| C-In: 23.10 18:11:19,144|
lab29-88-<0.118.0>-T3: Msg #1079, C-Out: 23.10 18:11:19,121| HBQ-In: 23.10 18:11:19,121| DQ-In: 23.10 18:11:19,121| C-In: 23.10 18:11:19,147|
lab29-73-<0.332.0>-T3: Msg #1080, C-Out: 23.10 18:11:19,122| HBQ-In: 23.10 18:11:19,122| DQ-In: 23.10 18:11:19,122| C-In: 23.10 18:11:19,149|
ReceiveMsgs done
lab29-93-<0.95.0>-T3: Msg #1172, C-Out: 23.10 18:11:20,653| gesendet
lab29-93-<0.95.0>-T3: Msg #1276, C-Out: 23.10 18:11:22,154| gesendet
lab29-93-<0.95.0>-T3: Msg #1394, C-Out: 23.10 18:11:23,655| gesendet
lab29-93-<0.95.0>-T3: Msg #1532, C-Out: 23.10 18:11:25,159| gesendet
lab29-93-<0.95.0>-T3: Msg #1668, C-Out: 23.10 18:11:26,660| gesendet
Neues Intervall: 2.25 Sekunden
Msg #1831 um 23.10 18:11:26,661| vergessen zu senden
lab29-29-<0.3641.0>-T3: Msg #1646, C-Out: 23.10 18:11:25,943| HBQ-In: 23.10 18:11:25,943| DQ-In: 23.10 18:11:26,379| C-In: 23.10 18:11:26,661|
lab29-59-<0.1234.0>-T3: Msg #1647, C-Out: 23.10 18:11:25,947| HBQ-In: 23.10 18:11:25,948| DQ-In: 23.10 18:11:26,379| C-In: 23.10 18:11:26,661|
lab29-19-<0.4442.0>-T3: Msg #1648, C-Out: 23.10 18:11:25,947| HBQ-In: 23.10 18:11:25,948| DQ-In: 23.10 18:11:26,379| C-In: 23.10 18:11:26,662|
lab29-14-<0.4846.0>-T3: Msg #1649, C-Out: 23.10 18:11:25,950| HBQ-In: 23.10 18:11:25,950| DQ-In: 23.10 18:11:26,379| C-In: 23.10 18:11:26,662|
lab29-39-<0.2795.0>-T3: Msg #1650, C-Out: 23.10 18:11:25,960| HBQ-In: 23.10 18:11:25,961| DQ-In: 23.10 18:11:26,379| C-In: 23.10 18:11:26,662|
lab29-64-<0.899.0>-T3: Msg #1651, C-Out: 23.10 18:11:26,459| HBQ-In: 23.10 18:11:26,460| DQ-In: 23.10 18:11:26,460| C-In: 23.10 18:11:26,663|
lab29-49-<0.1950.0>-T3: Msg #1652, C-Out: 23.10 18:11:25,961| HBQ-In: 23.10 18:11:25,961| DQ-In: 23.10 18:11:26,460| C-In: 23.10 18:11:26,663|
lab29-44-<0.2376.0>-T3: Msg #1653, C-Out: 23.10 18:11:25,965| HBQ-In: 23.10 18:11:25,966| DQ-In: 23.10 18:11:26,460| C-In: 23.10 18:11:26,663|
lab29-54-<0.1586.0>-T3: Msg #1654, C-Out: 23.10 18:11:25,970| HBQ-In: 23.10 18:11:25,971| DQ-In: 23.10 18:11:26,460| C-In: 23.10 18:11:26,663|
lab29-79-<0.173.0>-T3: Msg #1655, C-Out: 23.10 18:11:26,512| HBQ-In: 23.10 18:11:26,512| DQ-In: 23.10 18:11:26,512| C-In: 23.10 18:11:26,664|
lab29-94-<0.91.0>-T3: Msg #1656, C-Out: 23.10 18:11:26,550| HBQ-In: 23.10 18:11:26,550| DQ-In: 23.10 18:11:26,550| C-In: 23.10 18:11:26,664|
Fehlernachricht fuer Luecke von 1657 bis 1657 C-In: 23.10 18:11:26,667|
lab29-33-<0.3306.0>-T3: Msg #1658, C-Out: 23.10 18:11:26,136| HBQ-In: 23.10 18:11:26,138| DQ-In: 23.10 18:11:26,555| C-In: 23.10 18:11:26,667|
Fehlernachricht fuer Luecke von 1659 bis 1659 C-In: 23.10 18:11:26,668|
lab29-28-<0.3729.0>-T3: Msg #1660, C-Out: 23.10 18:11:26,139| HBQ-In: 23.10 18:11:26,140| DQ-In: 23.10 18:11:26,555| C-In: 23.10 18:11:26,668|
lab29-23-<0.4130.0>-T3: Msg #1661, C-Out: 23.10 18:11:26,146| HBQ-In: 23.10 18:11:26,146| DQ-In: 23.10 18:11:26,555| C-In: 23.10 18:11:26,668|
lab29-53-<0.1650.0>-T3: Msg #1662, C-Out: 23.10 18:11:26,150| HBQ-In: 23.10 18:11:26,150| DQ-In: 23.10 18:11:26,555| C-In: 23.10 18:11:26,671|
lab29-18-<0.4519.0>-T3: Msg #1663, C-Out: 23.10 18:11:26,150| HBQ-In: 23.10 18:11:26,150| DQ-In: 23.10 18:11:26,555| C-In: 23.10 18:11:26,671|
lab29-13-<0.4921.0>-T3: Msg #1664, C-Out: 23.10 18:11:26,151| HBQ-In: 23.10 18:11:26,152| DQ-In: 23.10 18:11:26,555| C-In: 23.10 18:11:26,671|
Fehlernachricht fuer Luecke von 1665 bis 1665 C-In: 23.10 18:11:26,672|
lab29-58-<0.1296.0>-T3: Msg #1666, C-Out: 23.10 18:11:26,160| HBQ-In: 23.10 18:11:26,160| DQ-In: 23.10 18:11:26,630| C-In: 23.10 18:11:26,672|
lab29-48-<0.2035.0>-T3: Msg #1667, C-Out: 23.10 18:11:26,160| HBQ-In: 23.10 18:11:26,160| DQ-In: 23.10 18:11:26,630| C-In: 23.10 18:11:26,673|
Fehlernachricht fuer Luecke von 1668 bis 1668******* C-In: 23.10 18:11:26,673|
lab29-38-<0.2880.0>-T3: Msg #1669, C-Out: 23.10 18:11:26,161| HBQ-In: 23.10 18:11:26,161| DQ-In: 23.10 18:11:26,635| C-In: 23.10 18:11:26,675|
Fehlernachricht fuer Luecke von 1670 bis 1670 C-In: 23.10 18:11:26,678|
lab29-43-<0.2458.0>-T3: Msg #1671, C-Out: 23.10 18:11:26,177| HBQ-In: 23.10 18:11:26,177| DQ-In: 23.10 18:11:26,635| C-In: 23.10 18:11:26,678|
Fehlernachricht fuer Luecke von 1672 bis 1676 C-In: 23.10 18:11:26,678|
lab29-32-<0.3394.0>-T3: Msg #1677, C-Out: 23.10 18:11:26,335| HBQ-In: 23.10 18:11:26,335| DQ-In: 23.10 18:11:26,635| C-In: 23.10 18:11:26,679|
lab29-27-<0.3815.0>-T3: Msg #1678, C-Out: 23.10 18:11:26,344| HBQ-In: 23.10 18:11:26,344| DQ-In: 23.10 18:11:26,635| C-In: 23.10 18:11:26,679|
lab29-22-<0.4210.0>-T3: Msg #1679, C-Out: 23.10 18:11:26,344| HBQ-In: 23.10 18:11:26,344| DQ-In: 23.10 18:11:26,635| C-In: 23.10 18:11:26,679|
lab29-17-<0.4601.0>-T3: Msg #1680, C-Out: 23.10 18:11:26,348| HBQ-In: 23.10 18:11:26,348| DQ-In: 23.10 18:11:26,635| C-In: 23.10 18:11:26,680|
lab29-12-<0.4991.0>-T3: Msg #1681, C-Out: 23.10 18:11:26,352| HBQ-In: 23.10 18:11:26,352| DQ-In: 23.10 18:11:26,635| C-In: 23.10 18:11:26,681|
Fehlernachricht fuer Luecke von 1682 bis 1682 C-In: 23.10 18:11:26,681|
lab29-47-<0.2127.0>-T3: Msg #1683, C-Out: 23.10 18:11:26,379| HBQ-In: 23.10 18:11:26,379| DQ-In: 23.10 18:11:26,641| C-In: 23.10 18:11:26,681|
lab29-42-<0.2545.0>-T3: Msg #1684, C-Out: 23.10 18:11:26,379| HBQ-In: 23.10 18:11:26,379| DQ-In: 23.10 18:11:26,641| C-In: 23.10 18:11:26,682|
lab29-52-<0.1713.0>-T3: Msg #1685, C-Out: 23.10 18:11:26,385| HBQ-In: 23.10 18:11:26,385| DQ-In: 23.10 18:11:26,641| C-In: 23.10 18:11:26,682|
lab29-57-<0.1365.0>-T3: Msg #1686, C-Out: 23.10 18:11:26,385| HBQ-In: 23.10 18:11:26,385| DQ-In: 23.10 18:11:26,641| C-In: 23.10 18:11:26,682|
lab29-37-<0.2967.0>-T3: Msg #1687, C-Out: 23.10 18:11:26,386| HBQ-In: 23.10 18:11:26,386| DQ-In: 23.10 18:11:26,641| C-In: 23.10 18:11:26,683|
Fehlernachricht fuer Luecke von 1688 bis 1695 C-In: 23.10 18:11:26,685|
lab29-31-<0.3480.0>-T3: Msg #1696, C-Out: 23.10 18:11:26,534| HBQ-In: 23.10 18:11:26,534| DQ-In: 23.10 18:11:26,644| C-In: 23.10 18:11:26,686|
Fehlernachricht fuer Luecke von 1697 bis 1697 C-In: 23.10 18:11:26,686|
lab29-26-<0.3898.0>-T3: Msg #1698, C-Out: 23.10 18:11:26,544| HBQ-In: 23.10 18:11:26,544| DQ-In: 23.10 18:11:26,644| C-In: 23.10 18:11:26,689|
Fehlernachricht fuer Luecke von 1699 bis 1699 C-In: 23.10 18:11:26,690|
lab29-16-<0.4681.0>-T3: Msg #1700, C-Out: 23.10 18:11:26,551| HBQ-In: 23.10 18:11:26,551| DQ-In: 23.10 18:11:26,644| C-In: 23.10 18:11:26,690|
lab29-56-<0.1439.0>-T3: Msg #1701, C-Out: 23.10 18:11:26,551| HBQ-In: 23.10 18:11:26,551| DQ-In: 23.10 18:11:26,644| C-In: 23.10 18:11:26,690|
lab29-21-<0.4291.0>-T3: Msg #1702, C-Out: 23.10 18:11:26,551| HBQ-In: 23.10 18:11:26,551| DQ-In: 23.10 18:11:26,644| C-In: 23.10 18:11:26,691|
lab29-46-<0.2213.0>-T3: Msg #1703, C-Out: 23.10 18:11:26,555| HBQ-In: 23.10 18:11:26,555| DQ-In: 23.10 18:11:26,644| C-In: 23.10 18:11:26,691|
lab29-11-<0.5067.0>-T3: Msg #1704, C-Out: 23.10 18:11:26,555| HBQ-In: 23.10 18:11:26,555| DQ-In: 23.10 18:11:26,644| C-In: 23.10 18:11:26,691|
lab29-51-<0.1789.0>-T3: Msg #1705, C-Out: 23.10 18:11:26,575| HBQ-In: 23.10 18:11:26,575| DQ-In: 23.10 18:11:26,645| C-In: 23.10 18:11:26,692|
lab29-36-<0.3048.0>-T3: Msg #1706, C-Out: 23.10 18:11:26,578| HBQ-In: 23.10 18:11:26,579| DQ-In: 23.10 18:11:26,645| C-In: 23.10 18:11:26,692|
ReceiveMsgs done
lab29-93-<0.95.0>-T3: Msg #1834, C-Out: 23.10 18:11:28,943| gesendet
lab29-93-<0.95.0>-T3: Msg #2049, C-Out: 23.10 18:11:31,197| gesendet
lab29-93-<0.95.0>-T3: Msg #2275, C-Out: 23.10 18:11:33,449| gesendet
lab29-93-<0.95.0>-T3: Msg #2462, C-Out: 23.10 18:11:35,700| gesendet
lab29-93-<0.95.0>-T3: Msg #2648, C-Out: 23.10 18:11:37,951| gesendet
Neues Intervall: 3.375 Sekunden
Msg #2803 um 23.10 18:11:37,954| vergessen zu senden
lab29-15-<0.4762.0>-T3: Msg #2590, C-Out: 23.10 18:11:36,396| HBQ-In: 23.10 18:11:36,397| DQ-In: 23.10 18:11:36,900| C-In: 23.10 18:11:37,954|
Fehlernachricht fuer Luecke von 2591 bis 2592 C-In: 23.10 18:11:37,954|
lab29-37-<0.2967.0>-T3: Msg #2593, C-Out: 23.10 18:11:36,456| HBQ-In: 23.10 18:11:36,458| DQ-In: 23.10 18:11:37,034| C-In: 23.10 18:11:37,957|
Fehlernachricht fuer Luecke von 2594 bis 2594 C-In: 23.10 18:11:37,957|
lab29-22-<0.4210.0>-T3: Msg #2595, C-Out: 23.10 18:11:36,471| HBQ-In: 23.10 18:11:36,473| DQ-In: 23.10 18:11:37,071| C-In: 23.10 18:11:37,957|
Fehlernachricht fuer Luecke von 2596 bis 2597 C-In: 23.10 18:11:37,960|
lab29-4-<0.5587.0>-T3: Msg #2598, C-Out: 23.10 18:11:36,013| HBQ-In: 23.10 18:11:36,015| DQ-In: 23.10 18:11:37,158| C-In: 23.10 18:11:37,961|
lab29-9-<0.5191.0>-T3: Msg #2599, C-Out: 23.10 18:11:36,027| HBQ-In: 23.10 18:11:36,028| DQ-In: 23.10 18:11:37,158| C-In: 23.10 18:11:37,961|
Fehlernachricht fuer Luecke von 2600 bis 2601 C-In: 23.10 18:11:37,961|
lab29-44-<0.2376.0>-T3: Msg #2602, C-Out: 23.10 18:11:36,532| HBQ-In: 23.10 18:11:36,532| DQ-In: 23.10 18:11:37,174| C-In: 23.10 18:11:37,962|
lab29-14-<0.4846.0>-T3: Msg #2603, C-Out: 23.10 18:11:36,566| HBQ-In: 23.10 18:11:36,570| DQ-In: 23.10 18:11:37,174| C-In: 23.10 18:11:37,962|
lab29-29-<0.3641.0>-T3: Msg #2604, C-Out: 23.10 18:11:36,568| HBQ-In: 23.10 18:11:36,571| DQ-In: 23.10 18:11:37,174| C-In: 23.10 18:11:37,962|
Fehlernachricht fuer Luecke von 2605 bis 2607 C-In: 23.10 18:11:37,963|
lab29-36-<0.3048.0>-T3: Msg #2608, C-Out: 23.10 18:11:36,638| HBQ-In: 23.10 18:11:36,638| DQ-In: 23.10 18:11:37,270| C-In: 23.10 18:11:37,963|
lab29-21-<0.4291.0>-T3: Msg #2609, C-Out: 23.10 18:11:36,673| HBQ-In: 23.10 18:11:36,676| DQ-In: 23.10 18:11:37,270| C-In: 23.10 18:11:37,964|
Fehlernachricht fuer Luecke von 2610 bis 2611 C-In: 23.10 18:11:37,966|
lab29-8-<0.5273.0>-T3: Msg #2612, C-Out: 23.10 18:11:36,212| HBQ-In: 23.10 18:11:36,212| DQ-In: 23.10 18:11:37,380| C-In: 23.10 18:11:37,967|
Fehlernachricht fuer Luecke von 2613 bis 2613 C-In: 23.10 18:11:37,969|
lab29-3-<0.5663.0>-T3: Msg #2614, C-Out: 23.10 18:11:36,230| HBQ-In: 23.10 18:11:36,230| DQ-In: 23.10 18:11:37,395| C-In: 23.10 18:11:37,976|
lab29-43-<0.2458.0>-T3: Msg #2615, C-Out: 23.10 18:11:36,736| HBQ-In: 23.10 18:11:36,736| DQ-In: 23.10 18:11:37,395| C-In: 23.10 18:11:37,977|
Fehlernachricht fuer Luecke von 2616 bis 2616 C-In: 23.10 18:11:37,979|
lab29-28-<0.3729.0>-T3: Msg #2617, C-Out: 23.10 18:11:36,753| HBQ-In: 23.10 18:11:36,753| DQ-In: 23.10 18:11:37,438| C-In: 23.10 18:11:37,979|
Fehlernachricht fuer Luecke von 2618 bis 2619 C-In: 23.10 18:11:37,980|
lab29-13-<0.4921.0>-T3: Msg #2620, C-Out: 23.10 18:11:36,790| HBQ-In: 23.10 18:11:36,790| DQ-In: 23.10 18:11:37,485| C-In: 23.10 18:11:37,985|
lab29-35-<0.3134.0>-T3: Msg #2621, C-Out: 23.10 18:11:36,829| HBQ-In: 23.10 18:11:36,829| DQ-In: 23.10 18:11:37,485| C-In: 23.10 18:11:37,986|
lab29-20-<0.4365.0>-T3: Msg #2622, C-Out: 23.10 18:11:36,897| HBQ-In: 23.10 18:11:36,900| DQ-In: 23.10 18:11:37,485| C-In: 23.10 18:11:37,987|
Fehlernachricht fuer Luecke von 2623 bis 2625 C-In: 23.10 18:11:37,987|
lab29-7-<0.5358.0>-T3: Msg #2626, C-Out: 23.10 18:11:36,424| HBQ-In: 23.10 18:11:36,424| DQ-In: 23.10 18:11:37,584| C-In: 23.10 18:11:37,990|
Fehlernachricht fuer Luecke von 2627 bis 2627 C-In: 23.10 18:11:37,991|
lab29-2-<0.5741.0>-T3: Msg #2628, C-Out: 23.10 18:11:36,437| HBQ-In: 23.10 18:11:36,437| DQ-In: 23.10 18:11:37,628| C-In: 23.10 18:11:37,991|
Fehlernachricht fuer Luecke von 2629 bis 2629 C-In: 23.10 18:11:37,993|
lab29-42-<0.2545.0>-T3: Msg #2630, C-Out: 23.10 18:11:36,942| HBQ-In: 23.10 18:11:36,943| DQ-In: 23.10 18:11:37,646| C-In: 23.10 18:11:37,994|
Fehlernachricht fuer Luecke von 2631 bis 2631 C-In: 23.10 18:11:37,997|
lab29-27-<0.3815.0>-T3: Msg #2632, C-Out: 23.10 18:11:36,975| HBQ-In: 23.10 18:11:36,975| DQ-In: 23.10 18:11:37,672| C-In: 23.10 18:11:37,997|
lab29-83-<0.147.0>-T3: Msg #2633, C-Out: 23.10 18:11:37,725| HBQ-In: 23.10 18:11:37,725| DQ-In: 23.10 18:11:37,725| C-In: 23.10 18:11:37,000|
lab29-12-<0.4991.0>-T3: Msg #2634, C-Out: 23.10 18:11:36,976| HBQ-In: 23.10 18:11:36,976| DQ-In: 23.10 18:11:37,725| C-In: 23.10 18:11:37,000|
Fehlernachricht fuer Luecke von 2635 bis 2635 C-In: 23.10 18:11:37,000|
lab29-34-<0.3220.0>-T3: Msg #2636, C-Out: 23.10 18:11:37,034| HBQ-In: 23.10 18:11:37,034| DQ-In: 23.10 18:11:37,784| C-In: 23.10 18:11:37,001|
lab29-19-<0.4442.0>-T3: Msg #2637, C-Out: 23.10 18:11:37,067| HBQ-In: 23.10 18:11:37,071| DQ-In: 23.10 18:11:37,784| C-In: 23.10 18:11:37,001|
lab29-49-<0.1950.0>-T3: Msg #2638, C-Out: 23.10 18:11:37,824| HBQ-In: 23.10 18:11:37,826| DQ-In: 23.10 18:11:37,826| C-In: 23.10 18:11:37,001|
lab29-94-<0.91.0>-T3: Msg #2639, C-Out: 23.10 18:11:37,860| HBQ-In: 23.10 18:11:37,860| DQ-In: 23.10 18:11:37,860| C-In: 23.10 18:11:37,001|
lab29-60-<0.1170.0>-T3: Msg #2640, C-Out: 23.10 18:11:37,865| HBQ-In: 23.10 18:11:37,865| DQ-In: 23.10 18:11:37,865| C-In: 23.10 18:11:37,002|
lab29-6-<0.5440.0>-T3: Msg #2641, C-Out: 23.10 18:11:36,620| HBQ-In: 23.10 18:11:36,621| DQ-In: 23.10 18:11:37,865| C-In: 23.10 18:11:37,002|
Fehlernachricht fuer Luecke von 2642 bis 2642 C-In: 23.10 18:11:37,003|
lab29-1-<0.5818.0>-T3: Msg #2643, C-Out: 23.10 18:11:36,645| HBQ-In: 23.10 18:11:36,645| DQ-In: 23.10 18:11:37,898| C-In: 23.10 18:11:37,003|
lab29-26-<0.3898.0>-T3: Msg #2644, C-Out: 23.10 18:11:37,158| HBQ-In: 23.10 18:11:37,158| DQ-In: 23.10 18:11:37,898| C-In: 23.10 18:11:37,003|
lab29-41-<0.2632.0>-T3: Msg #2645, C-Out: 23.10 18:11:37,174| HBQ-In: 23.10 18:11:37,174| DQ-In: 23.10 18:11:37,898| C-In: 23.10 18:11:37,004|
lab29-11-<0.5067.0>-T3: Msg #2646, C-Out: 23.10 18:11:37,174| HBQ-In: 23.10 18:11:37,174| DQ-In: 23.10 18:11:37,898| C-In: 23.10 18:11:37,004|
lab29-82-<0.153.0>-T3: Msg #2647, C-Out: 23.10 18:11:37,936| HBQ-In: 23.10 18:11:37,937| DQ-In: 23.10 18:11:37,937| C-In: 23.10 18:11:37,004|
lab29-93-<0.95.0>-T3: Msg #2648, C-Out: 23.10 18:11:37,951| HBQ-In: 23.10 18:11:37,953| DQ-In: 23.10 18:11:37,953|******* C-In: 23.10 18:11:37,005|
Fehlernachricht fuer Luecke von 2649 bis 2649 C-In: 23.10 18:11:38,005|
lab29-48-<0.2035.0>-T3: Msg #2650, C-Out: 23.10 18:11:37,002| HBQ-In: 23.10 18:11:37,002| DQ-In: 23.10 18:11:38,002| C-In: 23.10 18:11:38,006|
lab29-71-<0.461.0>-T3: Msg #2651, C-Out: 23.10 18:11:37,004| HBQ-In: 23.10 18:11:38,004| DQ-In: 23.10 18:11:38,004| C-In: 23.10 18:11:38,006|
lab29-33-<0.3306.0>-T3: Msg #2652, C-Out: 23.10 18:11:37,259| HBQ-In: 23.10 18:11:37,259| DQ-In: 23.10 18:11:38,004| C-In: 23.10 18:11:38,006|
lab29-18-<0.4519.0>-T3: Msg #2653, C-Out: 23.10 18:11:37,269| HBQ-In: 23.10 18:11:37,270| DQ-In: 23.10 18:11:38,004| C-In: 23.10 18:11:38,006|
ReceiveMsgs done
lab29-93-<0.95.0>-T3: Msg #2809, C-Out: 23.10 18:11:41,383| gesendet
