lab29-78-<0.180.0>-T3 C-Start: 23.10 18:11:12,066|
lab29-78-<0.180.0>-T3: Msg #773, C-Out: 23.10 18:11:13,071| gesendet
lab29-78-<0.180.0>-T3: Msg #807, C-Out: 23.10 18:11:14,073| gesendet
lab29-78-<0.180.0>-T3: Msg #843, C-Out: 23.10 18:11:15,077| gesendet
lab29-78-<0.180.0>-T3: Msg #909, C-Out: 23.10 18:11:16,080| gesendet
lab29-78-<0.180.0>-T3: Msg #955, C-Out: 23.10 18:11:17,083| gesendet
Neues Intervall: 1 Sekunden
Msg #1011 um 23.10 18:11:17,084| vergessen zu senden
lab29-76-<0.194.0>-T3: Msg #884, C-Out: 23.10 18:11:15,482| HBQ-In: 23.10 18:11:15,482| DQ-In: 23.10 18:11:16,085| C-In: 23.10 18:11:17,087|
lab29-71-<0.461.0>-T3: Msg #885, C-Out: 23.10 18:11:15,485| HBQ-In: 23.10 18:11:15,486| DQ-In: 23.10 18:11:16,085| C-In: 23.10 18:11:17,087|
lab29-66-<0.743.0>-T3: Msg #886, C-Out: 23.10 18:11:15,486| HBQ-In: 23.10 18:11:15,486| DQ-In: 23.10 18:11:16,085| C-In: 23.10 18:11:17,088|
lab29-91-<0.103.0>-T3: Msg #887, C-Out: 23.10 18:11:15,547| HBQ-In: 23.10 18:11:15,547| DQ-In: 23.10 18:11:16,085| C-In: 23.10 18:11:17,090|
lab29-96-<0.84.0>-T3: Msg #888, C-Out: 23.10 18:11:15,591| HBQ-In: 23.10 18:11:15,591| DQ-In: 23.10 18:11:16,085| C-In: 23.10 18:11:17,092|
Fehlernachricht fuer Luecke von 889 bis 889 C-In: 23.10 18:11:17,093|
lab29-85-<0.133.0>-T3: Msg #890, C-Out: 23.10 18:11:15,673| HBQ-In: 23.10 18:11:15,673| DQ-In: 23.10 18:11:16,286| C-In: 23.10 18:11:17,093|
lab29-80-<0.164.0>-T3: Msg #891, C-Out: 23.10 18:11:15,678| HBQ-In: 23.10 18:11:15,678| DQ-In: 23.10 18:11:16,286| C-In: 23.10 18:11:17,093|
lab29-75-<0.200.0>-T3: Msg #892, C-Out: 23.10 18:11:15,686| HBQ-In: 23.10 18:11:15,687| DQ-In: 23.10 18:11:16,286| C-In: 23.10 18:11:17,094|
lab29-70-<0.519.0>-T3: Msg #893, C-Out: 23.10 18:11:15,686| HBQ-In: 23.10 18:11:15,687| DQ-In: 23.10 18:11:16,286| C-In: 23.10 18:11:17,096|
lab29-65-<0.819.0>-T3: Msg #894, C-Out: 23.10 18:11:15,687| HBQ-In: 23.10 18:11:15,687| DQ-In: 23.10 18:11:16,286| C-In: 23.10 18:11:17,099|
lab29-90-<0.107.0>-T3: Msg #895, C-Out: 23.10 18:11:15,754| HBQ-In: 23.10 18:11:15,754| DQ-In: 23.10 18:11:16,286| C-In: 23.10 18:11:17,099|
lab29-100-<0.40.0>-T3: Msg #896, C-Out: 23.10 18:11:15,766| HBQ-In: 23.10 18:11:15,766| DQ-In: 23.10 18:11:16,286| C-In: 23.10 18:11:17,100|
lab29-95-<0.87.0>-T3: Msg #897, C-Out: 23.10 18:11:15,766| HBQ-In: 23.10 18:11:15,766| DQ-In: 23.10 18:11:16,286| C-In: 23.10 18:11:17,100|
Fehlernachricht fuer Luecke von 898 bis 898 C-In: 23.10 18:11:17,100|
lab29-84-<0.140.0>-T3: Msg #899, C-Out: 23.10 18:11:15,871| HBQ-In: 23.10 18:11:15,871| DQ-In: 23.10 18:11:16,487| C-In: 23.10 18:11:17,101|
lab29-79-<0.173.0>-T3: Msg #900, C-Out: 23.10 18:11:15,882| HBQ-In: 23.10 18:11:15,882| DQ-In: 23.10 18:11:16,487| C-In: 23.10 18:11:17,101|
lab29-74-<0.266.0>-T3: Msg #901, C-Out: 23.10 18:11:15,882| HBQ-In: 23.10 18:11:15,882| DQ-In: 23.10 18:11:16,487| C-In: 23.10 18:11:17,101|
lab29-69-<0.583.0>-T3: Msg #902, C-Out: 23.10 18:11:15,887| HBQ-In: 23.10 18:11:15,888| DQ-In: 23.10 18:11:16,487| C-In: 23.10 18:11:17,102|
lab29-64-<0.899.0>-T3: Msg #903, C-Out: 23.10 18:11:15,889| HBQ-In: 23.10 18:11:15,891| DQ-In: 23.10 18:11:16,487| C-In: 23.10 18:11:17,102|
lab29-89-<0.113.0>-T3: Msg #904, C-Out: 23.10 18:11:15,898| HBQ-In: 23.10 18:11:15,899| DQ-In: 23.10 18:11:16,487| C-In: 23.10 18:11:17,103|
lab29-99-<0.49.0>-T3: Msg #905, C-Out: 23.10 18:11:15,940| HBQ-In: 23.10 18:11:15,940| DQ-In: 23.10 18:11:16,487| C-In: 23.10 18:11:17,103|
lab29-94-<0.91.0>-T3: Msg #906, C-Out: 23.10 18:11:15,994| HBQ-In: 23.10 18:11:15,994| DQ-In: 23.10 18:11:16,487| C-In: 23.10 18:11:17,103|
Fehlernachricht fuer Luecke von 907 bis 907 C-In: 23.10 18:11:17,104|
lab29-83-<0.147.0>-T3: Msg #908, C-Out: 23.10 18:11:16,078| HBQ-In: 23.10 18:11:16,079| DQ-In: 23.10 18:11:16,688| C-In: 23.10 18:11:17,106|
lab29-78-<0.180.0>-T3: Msg #909, C-Out: 23.10 18:11:16,080| HBQ-In: 23.10 18:11:16,082| DQ-In: 23.10 18:11:16,688|******* C-In: 23.10 18:11:17,108|
lab29-73-<0.332.0>-T3: Msg #910, C-Out: 23.10 18:11:16,085| HBQ-In: 23.10 18:11:16,085| DQ-In: 23.10 18:11:16,688| C-In: 23.10 18:11:17,109|
lab29-68-<0.633.0>-T3: Msg #911, C-Out: 23.10 18:11:16,091| HBQ-In: 23.10 18:11:16,091| DQ-In: 23.10 18:11:16,688| C-In: 23.10 18:11:17,109|
lab29-63-<0.983.0>-T3: Msg #912, C-Out: 23.10 18:11:16,092| HBQ-In: 23.10 18:11:16,092| DQ-In: 23.10 18:11:16,688| C-In: 23.10 18:11:17,109|
lab29-93-<0.95.0>-T3: Msg #913, C-Out: 23.10 18:11:16,105| HBQ-In: 23.10 18:11:16,106| DQ-In: 23.10 18:11:16,688| C-In: 23.10 18:11:17,110|
lab29-88-<0.118.0>-T3: Msg #914, C-Out: 23.10 18:11:16,118| HBQ-In: 23.10 18:11:16,118| DQ-In: 23.10 18:11:16,688| C-In: 23.10 18:11:17,110|
lab29-98-<0.78.0>-T3: Msg #915, C-Out: 23.10 18:11:16,156| HBQ-In: 23.10 18:11:16,156| DQ-In: 23.10 18:11:16,688| C-In: 23.10 18:11:17,110|
Fehlernachricht fuer Luecke von 916 bis 916 C-In: 23.10 18:11:17,111|
lab29-82-<0.153.0>-T3: Msg #917, C-Out: 23.10 18:11:16,282| HBQ-In: 23.10 18:11:16,282| DQ-In: 23.10 18:11:16,883| C-In: 23.10 18:11:17,111|
lab29-72-<0.396.0>-T3: Msg #918, C-Out: 23.10 18:11:16,286| HBQ-In: 23.10 18:11:16,286| DQ-In: 23.10 18:11:16,883| C-In: 23.10 18:11:17,111|
lab29-77-<0.187.0>-T3: Msg #919, C-Out: 23.10 18:11:16,286| HBQ-In: 23.10 18:11:16,286| DQ-In: 23.10 18:11:16,883| C-In: 23.10 18:11:17,112|
lab29-67-<0.708.0>-T3: Msg #920, C-Out: 23.10 18:11:16,287| HBQ-In: 23.10 18:11:16,289| DQ-In: 23.10 18:11:16,883| C-In: 23.10 18:11:17,112|
lab29-62-<0.1043.0>-T3: Msg #921, C-Out: 23.10 18:11:16,292| HBQ-In: 23.10 18:11:16,292| DQ-In: 23.10 18:11:16,883| C-In: 23.10 18:11:17,112|
lab29-87-<0.123.0>-T3: Msg #922, C-Out: 23.10 18:11:16,307| HBQ-In: 23.10 18:11:16,307| DQ-In: 23.10 18:11:16,883| C-In: 23.10 18:11:17,113|
lab29-92-<0.99.0>-T3: Msg #923, C-Out: 23.10 18:11:16,325| HBQ-In: 23.10 18:11:16,326| DQ-In: 23.10 18:11:16,883| C-In: 23.10 18:11:17,113|
lab29-97-<0.81.0>-T3: Msg #924, C-Out: 23.10 18:11:16,437| HBQ-In: 23.10 18:11:16,437| DQ-In: 23.10 18:11:16,883| C-In: 23.10 18:11:17,113|
Fehlernachricht fuer Luecke von 925 bis 925 C-In: 23.10 18:11:17,114|
lab29-81-<0.159.0>-T3: Msg #926, C-Out: 23.10 18:11:16,475| HBQ-In: 23.10 18:11:16,475| DQ-In: 23.10 18:11:16,995| C-In: 23.10 18:11:17,114|
lab29-76-<0.194.0>-T3: Msg #927, C-Out: 23.10 18:11:16,487| HBQ-In: 23.10 18:11:16,487| DQ-In: 23.10 18:11:16,995| C-In: 23.10 18:11:17,114|
lab29-71-<0.461.0>-T3: Msg #928, C-Out: 23.10 18:11:16,487| HBQ-In: 23.10 18:11:16,487| DQ-In: 23.10 18:11:16,995| C-In: 23.10 18:11:17,114|
lab29-66-<0.743.0>-T3: Msg #929, C-Out: 23.10 18:11:16,487| HBQ-In: 23.10 18:11:16,487| DQ-In: 23.10 18:11:16,995| C-In: 23.10 18:11:17,115|
lab29-61-<0.1100.0>-T3: Msg #930, C-Out: 23.10 18:11:16,497| HBQ-In: 23.10 18:11:16,497| DQ-In: 23.10 18:11:16,995| C-In: 23.10 18:11:17,115|
lab29-91-<0.103.0>-T3: Msg #931, C-Out: 23.10 18:11:16,551| HBQ-In: 23.10 18:11:16,551| DQ-In: 23.10 18:11:16,995| C-In: 23.10 18:11:17,115|
lab29-86-<0.129.0>-T3: Msg #932, C-Out: 23.10 18:11:16,553| HBQ-In: 23.10 18:11:16,553| DQ-In: 23.10 18:11:16,995| C-In: 23.10 18:11:17,116|
lab29-96-<0.84.0>-T3: Msg #933, C-Out: 23.10 18:11:16,592| HBQ-In: 23.10 18:11:16,592| DQ-In: 23.10 18:11:16,995| C-In: 23.10 18:11:17,116|
ReceiveMsgs done
lab29-78-<0.180.0>-T3: Msg #1019, C-Out: 23.10 18:11:18,118| gesendet
lab29-78-<0.180.0>-T3: Msg #1078, C-Out: 23.10 18:11:19,120| gesendet
lab29-78-<0.180.0>-T3: Msg #1168, C-Out: 23.10 18:11:20,121| gesendet
lab29-78-<0.180.0>-T3: Msg #1235, C-Out: 23.10 18:11:21,123| gesendet
lab29-78-<0.180.0>-T3: Msg #1312, C-Out: 23.10 18:11:22,126| gesendet
Neues Intervall: 1.5 Sekunden
Msg #1385 um 23.10 18:11:22,126| vergessen zu senden
lab29-64-<0.899.0>-T3: Msg #1223, C-Out: 23.10 18:11:20,927| HBQ-In: 23.10 18:11:20,928| DQ-In: 23.10 18:11:21,346| C-In: 23.10 18:11:22,126|
lab29-69-<0.583.0>-T3: Msg #1224, C-Out: 23.10 18:11:20,931| HBQ-In: 23.10 18:11:20,931| DQ-In: 23.10 18:11:21,346| C-In: 23.10 18:11:22,128|
lab29-89-<0.113.0>-T3: Msg #1225, C-Out: 23.10 18:11:21,431| HBQ-In: 23.10 18:11:21,431| DQ-In: 23.10 18:11:21,431| C-In: 23.10 18:11:22,129|
lab29-79-<0.173.0>-T3: Msg #1226, C-Out: 23.10 18:11:20,960| HBQ-In: 23.10 18:11:20,960| DQ-In: 23.10 18:11:21,431| C-In: 23.10 18:11:22,129|
lab29-74-<0.266.0>-T3: Msg #1227, C-Out: 23.10 18:11:20,967| HBQ-In: 23.10 18:11:20,968| DQ-In: 23.10 18:11:21,431| C-In: 23.10 18:11:22,129|
lab29-97-<0.81.0>-T3: Msg #1228, C-Out: 23.10 18:11:21,500| HBQ-In: 23.10 18:11:21,501| DQ-In: 23.10 18:11:21,501| C-In: 23.10 18:11:22,130|
Fehlernachricht fuer Luecke von 1229 bis 1229 C-In: 23.10 18:11:22,130|
lab29-58-<0.1296.0>-T3: Msg #1230, C-Out: 23.10 18:11:21,104| HBQ-In: 23.10 18:11:21,104| DQ-In: 23.10 18:11:21,527| C-In: 23.10 18:11:22,130|
lab29-53-<0.1650.0>-T3: Msg #1231, C-Out: 23.10 18:11:21,107| HBQ-In: 23.10 18:11:21,107| DQ-In: 23.10 18:11:21,527| C-In: 23.10 18:11:22,131|
lab29-48-<0.2035.0>-T3: Msg #1232, C-Out: 23.10 18:11:21,119| HBQ-In: 23.10 18:11:21,121| DQ-In: 23.10 18:11:21,527| C-In: 23.10 18:11:22,133|
lab29-43-<0.2458.0>-T3: Msg #1233, C-Out: 23.10 18:11:21,119| HBQ-In: 23.10 18:11:21,121| DQ-In: 23.10 18:11:21,527| C-In: 23.10 18:11:22,133|
lab29-83-<0.147.0>-T3: Msg #1234, C-Out: 23.10 18:11:21,120| HBQ-In: 23.10 18:11:21,121| DQ-In: 23.10 18:11:21,527| C-In: 23.10 18:11:22,134|
lab29-78-<0.180.0>-T3: Msg #1235, C-Out: 23.10 18:11:21,123| HBQ-In: 23.10 18:11:21,125| DQ-In: 23.10 18:11:21,527|******* C-In: 23.10 18:11:22,134|
lab29-38-<0.2880.0>-T3: Msg #1236, C-Out: 23.10 18:11:21,128| HBQ-In: 23.10 18:11:21,130| DQ-In: 23.10 18:11:21,527| C-In: 23.10 18:11:22,134|
Fehlernachricht fuer Luecke von 1237 bis 1237 C-In: 23.10 18:11:22,134|
lab29-73-<0.332.0>-T3: Msg #1238, C-Out: 23.10 18:11:21,128| HBQ-In: 23.10 18:11:21,130| DQ-In: 23.10 18:11:21,710| C-In: 23.10 18:11:22,135|
lab29-96-<0.84.0>-T3: Msg #1239, C-Out: 23.10 18:11:21,628| HBQ-In: 23.10 18:11:21,630| DQ-In: 23.10 18:11:21,710| C-In: 23.10 18:11:22,135|
lab29-68-<0.633.0>-T3: Msg #1240, C-Out: 23.10 18:11:21,135| HBQ-In: 23.10 18:11:21,135| DQ-In: 23.10 18:11:21,710| C-In: 23.10 18:11:22,135|
lab29-63-<0.983.0>-T3: Msg #1241, C-Out: 23.10 18:11:21,147| HBQ-In: 23.10 18:11:21,147| DQ-In: 23.10 18:11:21,710| C-In: 23.10 18:11:22,136|
lab29-88-<0.118.0>-T3: Msg #1242, C-Out: 23.10 18:11:21,659| HBQ-In: 23.10 18:11:21,660| DQ-In: 23.10 18:11:21,710| C-In: 23.10 18:11:22,136|
Fehlernachricht fuer Luecke von 1243 bis 1243 C-In: 23.10 18:11:22,136|
lab29-57-<0.1365.0>-T3: Msg #1244, C-Out: 23.10 18:11:21,306| HBQ-In: 23.10 18:11:21,307| DQ-In: 23.10 18:11:21,725| C-In: 23.10 18:11:22,137|
Fehlernachricht fuer Luecke von 1245 bis 1245 C-In: 23.10 18:11:22,137|
lab29-82-<0.153.0>-T3: Msg #1246, C-Out: 23.10 18:11:21,320| HBQ-In: 23.10 18:11:21,322| DQ-In: 23.10 18:11:21,725| C-In: 23.10 18:11:22,137|
lab29-52-<0.1713.0>-T3: Msg #1247, C-Out: 23.10 18:11:21,320| HBQ-In: 23.10 18:11:21,321| DQ-In: 23.10 18:11:21,725| C-In: 23.10 18:11:22,137|
lab29-47-<0.2127.0>-T3: Msg #1248, C-Out: 23.10 18:11:21,320| HBQ-In: 23.10 18:11:21,321| DQ-In: 23.10 18:11:21,725| C-In: 23.10 18:11:22,138|
lab29-42-<0.2545.0>-T3: Msg #1249, C-Out: 23.10 18:11:21,325| HBQ-In: 23.10 18:11:21,325| DQ-In: 23.10 18:11:21,725| C-In: 23.10 18:11:22,138|
lab29-37-<0.2967.0>-T3: Msg #1250, C-Out: 23.10 18:11:21,325| HBQ-In: 23.10 18:11:21,325| DQ-In: 23.10 18:11:21,725| C-In: 23.10 18:11:22,138|
lab29-72-<0.396.0>-T3: Msg #1251, C-Out: 23.10 18:11:21,331| HBQ-In: 23.10 18:11:21,331| DQ-In: 23.10 18:11:21,725| C-In: 23.10 18:11:22,139|
lab29-95-<0.87.0>-T3: Msg #1252, C-Out: 23.10 18:11:21,834| HBQ-In: 23.10 18:11:21,834| DQ-In: 23.10 18:11:21,834| C-In: 23.10 18:11:22,140|
lab29-67-<0.708.0>-T3: Msg #1253, C-Out: 23.10 18:11:21,342| HBQ-In: 23.10 18:11:21,342| DQ-In: 23.10 18:11:21,834| C-In: 23.10 18:11:22,142|
lab29-62-<0.1043.0>-T3: Msg #1254, C-Out: 23.10 18:11:21,346| HBQ-In: 23.10 18:11:21,346| DQ-In: 23.10 18:11:21,834| C-In: 23.10 18:11:22,143|
lab29-87-<0.123.0>-T3: Msg #1255, C-Out: 23.10 18:11:21,865| HBQ-In: 23.10 18:11:21,865| DQ-In: 23.10 18:11:21,865| C-In: 23.10 18:11:22,143|
lab29-77-<0.187.0>-T3: Msg #1256, C-Out: 23.10 18:11:21,385| HBQ-In: 23.10 18:11:21,385| DQ-In: 23.10 18:11:21,865| C-In: 23.10 18:11:22,143|
Fehlernachricht fuer Luecke von 1257 bis 1257 C-In: 23.10 18:11:22,143|
lab29-56-<0.1439.0>-T3: Msg #1258, C-Out: 23.10 18:11:21,509| HBQ-In: 23.10 18:11:21,509| DQ-In: 23.10 18:11:21,930| C-In: 23.10 18:11:22,144|
lab29-81-<0.159.0>-T3: Msg #1259, C-Out: 23.10 18:11:21,514| HBQ-In: 23.10 18:11:21,515| DQ-In: 23.10 18:11:21,930| C-In: 23.10 18:11:22,144|
lab29-51-<0.1789.0>-T3: Msg #1260, C-Out: 23.10 18:11:21,514| HBQ-In: 23.10 18:11:21,515| DQ-In: 23.10 18:11:21,930| C-In: 23.10 18:11:22,144|
lab29-46-<0.2213.0>-T3: Msg #1261, C-Out: 23.10 18:11:21,514| HBQ-In: 23.10 18:11:21,515| DQ-In: 23.10 18:11:21,930| C-In: 23.10 18:11:22,146|
lab29-41-<0.2632.0>-T3: Msg #1262, C-Out: 23.10 18:11:21,524| HBQ-In: 23.10 18:11:21,524| DQ-In: 23.10 18:11:21,930| C-In: 23.10 18:11:22,147|
Fehlernachricht fuer Luecke von 1263 bis 1263 C-In: 23.10 18:11:22,148|
lab29-36-<0.3048.0>-T3: Msg #1264, C-Out: 23.10 18:11:21,525| HBQ-In: 23.10 18:11:21,526| DQ-In: 23.10 18:11:22,039| C-In: 23.10 18:11:22,148|
Fehlernachricht fuer Luecke von 1265 bis 1268 C-In: 23.10 18:11:22,149|
lab29-94-<0.91.0>-T3: Msg #1269, C-Out: 23.10 18:11:22,039| HBQ-In: 23.10 18:11:22,039| DQ-In: 23.10 18:11:22,107| C-In: 23.10 18:11:22,149|
lab29-66-<0.743.0>-T3: Msg #1270, C-Out: 23.10 18:11:21,539| HBQ-In: 23.10 18:11:21,539| DQ-In: 23.10 18:11:22,108| C-In: 23.10 18:11:22,149|
lab29-61-<0.1100.0>-T3: Msg #1271, C-Out: 23.10 18:11:21,557| HBQ-In: 23.10 18:11:21,569| DQ-In: 23.10 18:11:22,108| C-In: 23.10 18:11:22,150|
Fehlernachricht fuer Luecke von 1272 bis 1272 C-In: 23.10 18:11:22,150|
lab29-76-<0.194.0>-T3: Msg #1273, C-Out: 23.10 18:11:21,590| HBQ-In: 23.10 18:11:21,590| DQ-In: 23.10 18:11:22,123| C-In: 23.10 18:11:22,150|
lab29-86-<0.129.0>-T3: Msg #1274, C-Out: 23.10 18:11:22,107| HBQ-In: 23.10 18:11:22,107| DQ-In: 23.10 18:11:22,123| C-In: 23.10 18:11:22,150|
lab29-71-<0.461.0>-T3: Msg #1275, C-Out: 23.10 18:11:21,611| HBQ-In: 23.10 18:11:21,613| DQ-In: 23.10 18:11:22,123| C-In: 23.10 18:11:22,151|
Fehlernachricht fuer Luecke von 1276 bis 1278 C-In: 23.10 18:11:22,151|
lab29-50-<0.1864.0>-T3: Msg #1279, C-Out: 23.10 18:11:21,709| HBQ-In: 23.10 18:11:21,710| DQ-In: 23.10 18:11:22,131| C-In: 23.10 18:11:22,153|
lab29-55-<0.1513.0>-T3: Msg #1280, C-Out: 23.10 18:11:21,709| HBQ-In: 23.10 18:11:21,710| DQ-In: 23.10 18:11:22,131| C-In: 23.10 18:11:22,154|
lab29-45-<0.2293.0>-T3: Msg #1281, C-Out: 23.10 18:11:21,715| HBQ-In: 23.10 18:11:21,717| DQ-In: 23.10 18:11:22,131| C-In: 23.10 18:11:22,155|
lab29-70-<0.519.0>-T3: Msg #1282, C-Out: 23.10 18:11:21,715| HBQ-In: 23.10 18:11:21,717| DQ-In: 23.10 18:11:22,131| C-In: 23.10 18:11:22,155|
lab29-40-<0.2707.0>-T3: Msg #1283, C-Out: 23.10 18:11:21,721| HBQ-In: 23.10 18:11:21,721| DQ-In: 23.10 18:11:22,131| C-In: 23.10 18:11:22,155|
lab29-65-<0.819.0>-T3: Msg #1284, C-Out: 23.10 18:11:21,725| HBQ-In: 23.10 18:11:21,725| DQ-In: 23.10 18:11:22,131| C-In: 23.10 18:11:22,156|
lab29-35-<0.3134.0>-T3: Msg #1285, C-Out: 23.10 18:11:21,725| HBQ-In: 23.10 18:11:21,725| DQ-In: 23.10 18:11:22,131| C-In: 23.10 18:11:22,156|
lab29-60-<0.1170.0>-T3: Msg #1286, C-Out: 23.10 18:11:21,739| HBQ-In: 23.10 18:11:21,739| DQ-In: 23.10 18:11:22,131| C-In: 23.10 18:11:22,156|
ReceiveMsgs done
lab29-78-<0.180.0>-T3: Msg #1395, C-Out: 23.10 18:11:23,658| gesendet
lab29-78-<0.180.0>-T3: Msg #1533, C-Out: 23.10 18:11:25,161| gesendet
lab29-78-<0.180.0>-T3: Msg #1670, C-Out: 23.10 18:11:26,663| gesendet
lab29-78-<0.180.0>-T3: Msg #1832, C-Out: 23.10 18:11:28,164| gesendet
lab29-78-<0.180.0>-T3: Msg #1975, C-Out: 23.10 18:11:29,665| gesendet
Neues Intervall: 2.25 Sekunden
Msg #2117 um 23.10 18:11:29,667| vergessen zu senden
lab29-11-<0.5067.0>-T3: Msg #1916, C-Out: 23.10 18:11:28,559| HBQ-In: 23.10 18:11:28,559| DQ-In: 23.10 18:11:28,994| C-In: 23.10 18:11:29,667|
lab29-46-<0.2213.0>-T3: Msg #1917, C-Out: 23.10 18:11:28,559| HBQ-In: 23.10 18:11:28,559| DQ-In: 23.10 18:11:28,994| C-In: 23.10 18:11:29,667|
lab29-6-<0.5440.0>-T3: Msg #1918, C-Out: 23.10 18:11:28,565| HBQ-In: 23.10 18:11:28,565| DQ-In: 23.10 18:11:28,994| C-In: 23.10 18:11:29,669|
lab29-1-<0.5818.0>-T3: Msg #1919, C-Out: 23.10 18:11:28,569| HBQ-In: 23.10 18:11:28,570| DQ-In: 23.10 18:11:28,994| C-In: 23.10 18:11:29,670|
lab29-31-<0.3480.0>-T3: Msg #1920, C-Out: 23.10 18:11:28,575| HBQ-In: 23.10 18:11:28,575| DQ-In: 23.10 18:11:28,994| C-In: 23.10 18:11:29,672|
Fehlernachricht fuer Luecke von 1921 bis 1921 C-In: 23.10 18:11:29,672|
lab29-36-<0.3048.0>-T3: Msg #1922, C-Out: 23.10 18:11:28,582| HBQ-In: 23.10 18:11:28,582| DQ-In: 23.10 18:11:29,165| C-In: 23.10 18:11:29,673|
lab29-26-<0.3898.0>-T3: Msg #1923, C-Out: 23.10 18:11:28,591| HBQ-In: 23.10 18:11:28,591| DQ-In: 23.10 18:11:29,165| C-In: 23.10 18:11:29,673|
lab29-66-<0.743.0>-T3: Msg #1924, C-Out: 23.10 18:11:29,102| HBQ-In: 23.10 18:11:29,103| DQ-In: 23.10 18:11:29,165| C-In: 23.10 18:11:29,673|
lab29-41-<0.2632.0>-T3: Msg #1925, C-Out: 23.10 18:11:28,602| HBQ-In: 23.10 18:11:28,602| DQ-In: 23.10 18:11:29,165| C-In: 23.10 18:11:29,674|
lab29-51-<0.1789.0>-T3: Msg #1926, C-Out: 23.10 18:11:29,121| HBQ-In: 23.10 18:11:29,121| DQ-In: 23.10 18:11:29,165| C-In: 23.10 18:11:29,674|
lab29-73-<0.332.0>-T3: Msg #1927, C-Out: 23.10 18:11:29,165| HBQ-In: 23.10 18:11:29,165| DQ-In: 23.10 18:11:29,165| C-In: 23.10 18:11:29,675|
Fehlernachricht fuer Luecke von 1928 bis 1931 C-In: 23.10 18:11:29,676|
lab29-20-<0.4365.0>-T3: Msg #1932, C-Out: 23.10 18:11:28,751| HBQ-In: 23.10 18:11:28,752| DQ-In: 23.10 18:11:29,183| C-In: 23.10 18:11:29,676|
Fehlernachricht fuer Luecke von 1933 bis 1933 C-In: 23.10 18:11:29,676|
lab29-35-<0.3134.0>-T3: Msg #1934, C-Out: 23.10 18:11:28,752| HBQ-In: 23.10 18:11:28,752| DQ-In: 23.10 18:11:29,200| C-In: 23.10 18:11:29,676|
lab29-15-<0.4762.0>-T3: Msg #1935, C-Out: 23.10 18:11:28,754| HBQ-In: 23.10 18:11:28,754| DQ-In: 23.10 18:11:29,200| C-In: 23.10 18:11:29,677|
lab29-10-<0.5112.0>-T3: Msg #1936, C-Out: 23.10 18:11:28,757| HBQ-In: 23.10 18:11:28,757| DQ-In: 23.10 18:11:29,200| C-In: 23.10 18:11:29,677|
lab29-65-<0.819.0>-T3: Msg #1937, C-Out: 23.10 18:11:29,266| HBQ-In: 23.10 18:11:29,266| DQ-In: 23.10 18:11:29,266| C-In: 23.10 18:11:29,680|
lab29-5-<0.5513.0>-T3: Msg #1938, C-Out: 23.10 18:11:28,769| HBQ-In: 23.10 18:11:28,769| DQ-In: 23.10 18:11:29,266| C-In: 23.10 18:11:29,682|
lab29-40-<0.2707.0>-T3: Msg #1939, C-Out: 23.10 18:11:28,769| HBQ-In: 23.10 18:11:28,769| DQ-In: 23.10 18:11:29,266| C-In: 23.10 18:11:29,682|
lab29-45-<0.2293.0>-T3: Msg #1940, C-Out: 23.10 18:11:28,773| HBQ-In: 23.10 18:11:28,774| DQ-In: 23.10 18:11:29,266| C-In: 23.10 18:11:29,683|
Fehlernachricht fuer Luecke von 1941 bis 1941 C-In: 23.10 18:11:29,683|
lab29-25-<0.3973.0>-T3: Msg #1942, C-Out: 23.10 18:11:28,800| HBQ-In: 23.10 18:11:28,800| DQ-In: 23.10 18:11:29,375| C-In: 23.10 18:11:29,683|
lab29-30-<0.3559.0>-T3: Msg #1943, C-Out: 23.10 18:11:28,808| HBQ-In: 23.10 18:11:28,808| DQ-In: 23.10 18:11:29,375| C-In: 23.10 18:11:29,684|
Fehlernachricht fuer Luecke von 1944 bis 1944 C-In: 23.10 18:11:29,686|
lab29-80-<0.164.0>-T3: Msg #1945, C-Out: 23.10 18:11:29,323| HBQ-In: 23.10 18:11:29,325| DQ-In: 23.10 18:11:29,383| C-In: 23.10 18:11:29,687|
Fehlernachricht fuer Luecke von 1946 bis 1946 C-In: 23.10 18:11:29,687|
lab29-50-<0.1864.0>-T3: Msg #1947, C-Out: 23.10 18:11:29,375| HBQ-In: 23.10 18:11:29,375| DQ-In: 23.10 18:11:29,387| C-In: 23.10 18:11:29,687|
lab29-72-<0.396.0>-T3: Msg #1948, C-Out: 23.10 18:11:29,387| HBQ-In: 23.10 18:11:29,387| DQ-In: 23.10 18:11:29,387| C-In: 23.10 18:11:29,689|
Fehlernachricht fuer Luecke von 1949 bis 1951 C-In: 23.10 18:11:29,689|
lab29-19-<0.4442.0>-T3: Msg #1952, C-Out: 23.10 18:11:28,956| HBQ-In: 23.10 18:11:28,956| DQ-In: 23.10 18:11:29,402| C-In: 23.10 18:11:29,690|
lab29-14-<0.4846.0>-T3: Msg #1953, C-Out: 23.10 18:11:28,956| HBQ-In: 23.10 18:11:28,956| DQ-In: 23.10 18:11:29,402| C-In: 23.10 18:11:29,692|
lab29-9-<0.5191.0>-T3: Msg #1954, C-Out: 23.10 18:11:28,960| HBQ-In: 23.10 18:11:28,960| DQ-In: 23.10 18:11:29,402| C-In: 23.10 18:11:29,694|
lab29-64-<0.899.0>-T3: Msg #1955, C-Out: 23.10 18:11:29,463| HBQ-In: 23.10 18:11:29,464| DQ-In: 23.10 18:11:29,464| C-In: 23.10 18:11:29,694|
lab29-39-<0.2795.0>-T3: Msg #1956, C-Out: 23.10 18:11:28,965| HBQ-In: 23.10 18:11:28,965| DQ-In: 23.10 18:11:29,464| C-In: 23.10 18:11:29,696|
lab29-4-<0.5587.0>-T3: Msg #1957, C-Out: 23.10 18:11:28,965| HBQ-In: 23.10 18:11:28,965| DQ-In: 23.10 18:11:29,464| C-In: 23.10 18:11:29,697|
Fehlernachricht fuer Luecke von 1958 bis 1958 C-In: 23.10 18:11:29,697|
lab29-44-<0.2376.0>-T3: Msg #1959, C-Out: 23.10 18:11:28,971| HBQ-In: 23.10 18:11:28,971| DQ-In: 23.10 18:11:29,560| C-In: 23.10 18:11:29,698|
lab29-24-<0.4051.0>-T3: Msg #1960, C-Out: 23.10 18:11:28,973| HBQ-In: 23.10 18:11:28,973| DQ-In: 23.10 18:11:29,560| C-In: 23.10 18:11:29,698|
lab29-34-<0.3220.0>-T3: Msg #1961, C-Out: 23.10 18:11:28,979| HBQ-In: 23.10 18:11:28,979| DQ-In: 23.10 18:11:29,560| C-In: 23.10 18:11:29,698|
lab29-29-<0.3641.0>-T3: Msg #1962, C-Out: 23.10 18:11:28,994| HBQ-In: 23.10 18:11:28,994| DQ-In: 23.10 18:11:29,560| C-In: 23.10 18:11:29,699|
Fehlernachricht fuer Luecke von 1963 bis 1963 C-In: 23.10 18:11:29,699|
lab29-49-<0.1950.0>-T3: Msg #1964, C-Out: 23.10 18:11:29,506| HBQ-In: 23.10 18:11:29,506| DQ-In: 23.10 18:11:29,584| C-In: 23.10 18:11:29,700|
lab29-79-<0.173.0>-T3: Msg #1965, C-Out: 23.10 18:11:29,514| HBQ-In: 23.10 18:11:29,514| DQ-In: 23.10 18:11:29,584| C-In: 23.10 18:11:29,700|
lab29-56-<0.1439.0>-T3: Msg #1966, C-Out: 23.10 18:11:29,602| HBQ-In: 23.10 18:11:29,602| DQ-In: 23.10 18:11:29,602| C-In: 23.10 18:11:29,700|
Fehlernachricht fuer Luecke von 1967 bis 1969 C-In: 23.10 18:11:29,701|
lab29-18-<0.4519.0>-T3: Msg #1970, C-Out: 23.10 18:11:29,154| HBQ-In: 23.10 18:11:29,154| DQ-In: 23.10 18:11:29,604| C-In: 23.10 18:11:29,701|
lab29-13-<0.4921.0>-T3: Msg #1971, C-Out: 23.10 18:11:29,162| HBQ-In: 23.10 18:11:29,162| DQ-In: 23.10 18:11:29,604| C-In: 23.10 18:11:29,701|
lab29-8-<0.5273.0>-T3: Msg #1972, C-Out: 23.10 18:11:29,165| HBQ-In: 23.10 18:11:29,165| DQ-In: 23.10 18:11:29,604| C-In: 23.10 18:11:29,702|
Fehlernachricht fuer Luecke von 1973 bis 1973 C-In: 23.10 18:11:29,702|
lab29-38-<0.2880.0>-T3: Msg #1974, C-Out: 23.10 18:11:29,165| HBQ-In: 23.10 18:11:29,166| DQ-In: 23.10 18:11:29,684| C-In: 23.10 18:11:29,702|
lab29-78-<0.180.0>-T3: Msg #1975, C-Out: 23.10 18:11:29,665| HBQ-In: 23.10 18:11:29,666| DQ-In: 23.10 18:11:29,684|******* C-In: 23.10 18:11:29,703|
lab29-3-<0.5663.0>-T3: Msg #1976, C-Out: 23.10 18:11:29,165| HBQ-In: 23.10 18:11:29,165| DQ-In: 23.10 18:11:29,684| C-In: 23.10 18:11:29,705|
lab29-33-<0.3306.0>-T3: Msg #1977, C-Out: 23.10 18:11:29,182| HBQ-In: 23.10 18:11:29,182| DQ-In: 23.10 18:11:29,684| C-In: 23.10 18:11:29,706|
lab29-43-<0.2458.0>-T3: Msg #1978, C-Out: 23.10 18:11:29,182| HBQ-In: 23.10 18:11:29,182| DQ-In: 23.10 18:11:29,684| C-In: 23.10 18:11:29,708|
lab29-23-<0.4130.0>-T3: Msg #1979, C-Out: 23.10 18:11:29,183| HBQ-In: 23.10 18:11:29,183| DQ-In: 23.10 18:11:29,684| C-In: 23.10 18:11:29,711|
lab29-71-<0.461.0>-T3: Msg #1980, C-Out: 23.10 18:11:29,684| HBQ-In: 23.10 18:11:29,684| DQ-In: 23.10 18:11:29,684| C-In: 23.10 18:11:29,711|
lab29-28-<0.3729.0>-T3: Msg #1981, C-Out: 23.10 18:11:29,200| HBQ-In: 23.10 18:11:29,200| DQ-In: 23.10 18:11:29,684| C-In: 23.10 18:11:29,713|
lab29-48-<0.2035.0>-T3: Msg #1982, C-Out: 23.10 18:11:29,703| HBQ-In: 23.10 18:11:29,703| DQ-In: 23.10 18:11:29,703| C-In: 23.10 18:11:29,714|
lab29-63-<0.983.0>-T3: Msg #1983, C-Out: 23.10 18:11:29,706| HBQ-In: 23.10 18:11:29,706| DQ-In: 23.10 18:11:29,706| C-In: 23.10 18:11:29,714|
ReceiveMsgs done
lab29-78-<0.180.0>-T3: Msg #2121, C-Out: 23.10 18:11:31,965| gesendet
lab29-78-<0.180.0>-T3: Msg #2338, C-Out: 23.10 18:11:34,216| gesendet
lab29-78-<0.180.0>-T3: Msg #2517, C-Out: 23.10 18:11:36,469| gesendet
lab29-78-<0.180.0>-T3: Msg #2698, C-Out: 23.10 18:11:38,720| gesendet
