lab29-54-<0.1586.0>-T3 C-Start: 23.10 18:11:16,901|
lab29-54-<0.1586.0>-T3: Msg #1007, C-Out: 23.10 18:11:17,903| gesendet
lab29-54-<0.1586.0>-T3: Msg #1062, C-Out: 23.10 18:11:18,904| gesendet
lab29-54-<0.1586.0>-T3: Msg #1151, C-Out: 23.10 18:11:19,905| gesendet
lab29-54-<0.1586.0>-T3: Msg #1218, C-Out: 23.10 18:11:20,906| gesendet
lab29-54-<0.1586.0>-T3: Msg #1293, C-Out: 23.10 18:11:21,908| gesendet
Neues Intervall: 1 Sekunden
Msg #1367 um 23.10 18:11:21,909| vergessen zu senden
lab29-45-<0.2293.0>-T3: Msg #1207, C-Out: 23.10 18:11:20,713| HBQ-In: 23.10 18:11:20,713| DQ-In: 23.10 18:11:21,125| C-In: 23.10 18:11:21,909|
lab29-70-<0.519.0>-T3: Msg #1208, C-Out: 23.10 18:11:20,714| HBQ-In: 23.10 18:11:20,714| DQ-In: 23.10 18:11:21,125| C-In: 23.10 18:11:21,910|
lab29-40-<0.2707.0>-T3: Msg #1209, C-Out: 23.10 18:11:20,720| HBQ-In: 23.10 18:11:20,720| DQ-In: 23.10 18:11:21,125| C-In: 23.10 18:11:21,910|
lab29-65-<0.819.0>-T3: Msg #1210, C-Out: 23.10 18:11:20,724| HBQ-In: 23.10 18:11:20,724| DQ-In: 23.10 18:11:21,125| C-In: 23.10 18:11:21,910|
Fehlernachricht fuer Luecke von 1211 bis 1211 C-In: 23.10 18:11:21,910|
lab29-80-<0.164.0>-T3: Msg #1212, C-Out: 23.10 18:11:20,761| HBQ-In: 23.10 18:11:20,761| DQ-In: 23.10 18:11:21,322| C-In: 23.10 18:11:21,911|
lab29-75-<0.200.0>-T3: Msg #1213, C-Out: 23.10 18:11:20,783| HBQ-In: 23.10 18:11:20,783| DQ-In: 23.10 18:11:21,322| C-In: 23.10 18:11:21,911|
lab29-90-<0.107.0>-T3: Msg #1214, C-Out: 23.10 18:11:21,301| HBQ-In: 23.10 18:11:21,302| DQ-In: 23.10 18:11:21,322| C-In: 23.10 18:11:21,911|
Fehlernachricht fuer Luecke von 1215 bis 1215 C-In: 23.10 18:11:21,913|
lab29-59-<0.1234.0>-T3: Msg #1216, C-Out: 23.10 18:11:20,902| HBQ-In: 23.10 18:11:20,902| DQ-In: 23.10 18:11:21,325| C-In: 23.10 18:11:21,916|
lab29-84-<0.140.0>-T3: Msg #1217, C-Out: 23.10 18:11:20,906| HBQ-In: 23.10 18:11:20,906| DQ-In: 23.10 18:11:21,325| C-In: 23.10 18:11:21,916|
lab29-54-<0.1586.0>-T3: Msg #1218, C-Out: 23.10 18:11:20,906| HBQ-In: 23.10 18:11:20,906| DQ-In: 23.10 18:11:21,325|******* C-In: 23.10 18:11:21,919|
Fehlernachricht fuer Luecke von 1219 bis 1219 C-In: 23.10 18:11:21,920|
lab29-49-<0.1950.0>-T3: Msg #1220, C-Out: 23.10 18:11:20,910| HBQ-In: 23.10 18:11:20,910| DQ-In: 23.10 18:11:21,346| C-In: 23.10 18:11:21,922|
lab29-44-<0.2376.0>-T3: Msg #1221, C-Out: 23.10 18:11:20,915| HBQ-In: 23.10 18:11:20,915| DQ-In: 23.10 18:11:21,346| C-In: 23.10 18:11:21,924|
lab29-39-<0.2795.0>-T3: Msg #1222, C-Out: 23.10 18:11:20,921| HBQ-In: 23.10 18:11:20,923| DQ-In: 23.10 18:11:21,346| C-In: 23.10 18:11:21,929|
lab29-64-<0.899.0>-T3: Msg #1223, C-Out: 23.10 18:11:20,927| HBQ-In: 23.10 18:11:20,928| DQ-In: 23.10 18:11:21,346| C-In: 23.10 18:11:21,929|
lab29-69-<0.583.0>-T3: Msg #1224, C-Out: 23.10 18:11:20,931| HBQ-In: 23.10 18:11:20,931| DQ-In: 23.10 18:11:21,346| C-In: 23.10 18:11:21,929|
lab29-89-<0.113.0>-T3: Msg #1225, C-Out: 23.10 18:11:21,431| HBQ-In: 23.10 18:11:21,431| DQ-In: 23.10 18:11:21,431| C-In: 23.10 18:11:21,930|
lab29-79-<0.173.0>-T3: Msg #1226, C-Out: 23.10 18:11:20,960| HBQ-In: 23.10 18:11:20,960| DQ-In: 23.10 18:11:21,431| C-In: 23.10 18:11:21,930|
lab29-74-<0.266.0>-T3: Msg #1227, C-Out: 23.10 18:11:20,967| HBQ-In: 23.10 18:11:20,968| DQ-In: 23.10 18:11:21,431| C-In: 23.10 18:11:21,930|
lab29-97-<0.81.0>-T3: Msg #1228, C-Out: 23.10 18:11:21,500| HBQ-In: 23.10 18:11:21,501| DQ-In: 23.10 18:11:21,501| C-In: 23.10 18:11:21,931|
Fehlernachricht fuer Luecke von 1229 bis 1229 C-In: 23.10 18:11:21,931|
lab29-58-<0.1296.0>-T3: Msg #1230, C-Out: 23.10 18:11:21,104| HBQ-In: 23.10 18:11:21,104| DQ-In: 23.10 18:11:21,527| C-In: 23.10 18:11:21,931|
lab29-53-<0.1650.0>-T3: Msg #1231, C-Out: 23.10 18:11:21,107| HBQ-In: 23.10 18:11:21,107| DQ-In: 23.10 18:11:21,527| C-In: 23.10 18:11:21,932|
lab29-48-<0.2035.0>-T3: Msg #1232, C-Out: 23.10 18:11:21,119| HBQ-In: 23.10 18:11:21,121| DQ-In: 23.10 18:11:21,527| C-In: 23.10 18:11:21,932|
lab29-43-<0.2458.0>-T3: Msg #1233, C-Out: 23.10 18:11:21,119| HBQ-In: 23.10 18:11:21,121| DQ-In: 23.10 18:11:21,527| C-In: 23.10 18:11:21,932|
lab29-83-<0.147.0>-T3: Msg #1234, C-Out: 23.10 18:11:21,120| HBQ-In: 23.10 18:11:21,121| DQ-In: 23.10 18:11:21,527| C-In: 23.10 18:11:21,936|
lab29-78-<0.180.0>-T3: Msg #1235, C-Out: 23.10 18:11:21,123| HBQ-In: 23.10 18:11:21,125| DQ-In: 23.10 18:11:21,527| C-In: 23.10 18:11:21,938|
lab29-38-<0.2880.0>-T3: Msg #1236, C-Out: 23.10 18:11:21,128| HBQ-In: 23.10 18:11:21,130| DQ-In: 23.10 18:11:21,527| C-In: 23.10 18:11:21,938|
Fehlernachricht fuer Luecke von 1237 bis 1237 C-In: 23.10 18:11:21,939|
lab29-73-<0.332.0>-T3: Msg #1238, C-Out: 23.10 18:11:21,128| HBQ-In: 23.10 18:11:21,130| DQ-In: 23.10 18:11:21,710| C-In: 23.10 18:11:21,939|
lab29-96-<0.84.0>-T3: Msg #1239, C-Out: 23.10 18:11:21,628| HBQ-In: 23.10 18:11:21,630| DQ-In: 23.10 18:11:21,710| C-In: 23.10 18:11:21,939|
lab29-68-<0.633.0>-T3: Msg #1240, C-Out: 23.10 18:11:21,135| HBQ-In: 23.10 18:11:21,135| DQ-In: 23.10 18:11:21,710| C-In: 23.10 18:11:21,943|
lab29-63-<0.983.0>-T3: Msg #1241, C-Out: 23.10 18:11:21,147| HBQ-In: 23.10 18:11:21,147| DQ-In: 23.10 18:11:21,710| C-In: 23.10 18:11:21,945|
lab29-88-<0.118.0>-T3: Msg #1242, C-Out: 23.10 18:11:21,659| HBQ-In: 23.10 18:11:21,660| DQ-In: 23.10 18:11:21,710| C-In: 23.10 18:11:21,946|
Fehlernachricht fuer Luecke von 1243 bis 1243 C-In: 23.10 18:11:21,946|
lab29-57-<0.1365.0>-T3: Msg #1244, C-Out: 23.10 18:11:21,306| HBQ-In: 23.10 18:11:21,307| DQ-In: 23.10 18:11:21,725| C-In: 23.10 18:11:21,947|
Fehlernachricht fuer Luecke von 1245 bis 1245 C-In: 23.10 18:11:21,947|
lab29-82-<0.153.0>-T3: Msg #1246, C-Out: 23.10 18:11:21,320| HBQ-In: 23.10 18:11:21,322| DQ-In: 23.10 18:11:21,725| C-In: 23.10 18:11:21,947|
lab29-52-<0.1713.0>-T3: Msg #1247, C-Out: 23.10 18:11:21,320| HBQ-In: 23.10 18:11:21,321| DQ-In: 23.10 18:11:21,725| C-In: 23.10 18:11:21,948|
lab29-47-<0.2127.0>-T3: Msg #1248, C-Out: 23.10 18:11:21,320| HBQ-In: 23.10 18:11:21,321| DQ-In: 23.10 18:11:21,725| C-In: 23.10 18:11:21,948|
lab29-42-<0.2545.0>-T3: Msg #1249, C-Out: 23.10 18:11:21,325| HBQ-In: 23.10 18:11:21,325| DQ-In: 23.10 18:11:21,725| C-In: 23.10 18:11:21,948|
lab29-37-<0.2967.0>-T3: Msg #1250, C-Out: 23.10 18:11:21,325| HBQ-In: 23.10 18:11:21,325| DQ-In: 23.10 18:11:21,725| C-In: 23.10 18:11:21,949|
lab29-72-<0.396.0>-T3: Msg #1251, C-Out: 23.10 18:11:21,331| HBQ-In: 23.10 18:11:21,331| DQ-In: 23.10 18:11:21,725| C-In: 23.10 18:11:21,951|
lab29-95-<0.87.0>-T3: Msg #1252, C-Out: 23.10 18:11:21,834| HBQ-In: 23.10 18:11:21,834| DQ-In: 23.10 18:11:21,834| C-In: 23.10 18:11:21,954|
lab29-67-<0.708.0>-T3: Msg #1253, C-Out: 23.10 18:11:21,342| HBQ-In: 23.10 18:11:21,342| DQ-In: 23.10 18:11:21,834| C-In: 23.10 18:11:21,954|
lab29-62-<0.1043.0>-T3: Msg #1254, C-Out: 23.10 18:11:21,346| HBQ-In: 23.10 18:11:21,346| DQ-In: 23.10 18:11:21,834| C-In: 23.10 18:11:21,954|
lab29-87-<0.123.0>-T3: Msg #1255, C-Out: 23.10 18:11:21,865| HBQ-In: 23.10 18:11:21,865| DQ-In: 23.10 18:11:21,865| C-In: 23.10 18:11:21,955|
lab29-77-<0.187.0>-T3: Msg #1256, C-Out: 23.10 18:11:21,385| HBQ-In: 23.10 18:11:21,385| DQ-In: 23.10 18:11:21,865| C-In: 23.10 18:11:21,955|
Fehlernachricht fuer Luecke von 1257 bis 1257 C-In: 23.10 18:11:21,955|
lab29-56-<0.1439.0>-T3: Msg #1258, C-Out: 23.10 18:11:21,509| HBQ-In: 23.10 18:11:21,509| DQ-In: 23.10 18:11:21,930| C-In: 23.10 18:11:21,956|
lab29-81-<0.159.0>-T3: Msg #1259, C-Out: 23.10 18:11:21,514| HBQ-In: 23.10 18:11:21,515| DQ-In: 23.10 18:11:21,930| C-In: 23.10 18:11:21,956|
lab29-51-<0.1789.0>-T3: Msg #1260, C-Out: 23.10 18:11:21,514| HBQ-In: 23.10 18:11:21,515| DQ-In: 23.10 18:11:21,930| C-In: 23.10 18:11:21,958|
lab29-46-<0.2213.0>-T3: Msg #1261, C-Out: 23.10 18:11:21,514| HBQ-In: 23.10 18:11:21,515| DQ-In: 23.10 18:11:21,930| C-In: 23.10 18:11:21,961|
lab29-41-<0.2632.0>-T3: Msg #1262, C-Out: 23.10 18:11:21,524| HBQ-In: 23.10 18:11:21,524| DQ-In: 23.10 18:11:21,930| C-In: 23.10 18:11:21,961|
ReceiveMsgs done
lab29-54-<0.1586.0>-T3: Msg #1377, C-Out: 23.10 18:11:22,964| gesendet
lab29-54-<0.1586.0>-T3: Msg #1481, C-Out: 23.10 18:11:23,965| gesendet
lab29-54-<0.1586.0>-T3: Msg #1564, C-Out: 23.10 18:11:24,966| gesendet
lab29-54-<0.1586.0>-T3: Msg #1654, C-Out: 23.10 18:11:25,970| gesendet
lab29-54-<0.1586.0>-T3: Msg #1744, C-Out: 23.10 18:11:26,972| gesendet
Neues Intervall: 1.5 Sekunden
Msg #1865 um 23.10 18:11:26,972| vergessen zu senden
lab29-32-<0.3394.0>-T3: Msg #1677, C-Out: 23.10 18:11:26,335| HBQ-In: 23.10 18:11:26,335| DQ-In: 23.10 18:11:26,635| C-In: 23.10 18:11:26,972|
lab29-27-<0.3815.0>-T3: Msg #1678, C-Out: 23.10 18:11:26,344| HBQ-In: 23.10 18:11:26,344| DQ-In: 23.10 18:11:26,635| C-In: 23.10 18:11:26,973|
lab29-22-<0.4210.0>-T3: Msg #1679, C-Out: 23.10 18:11:26,344| HBQ-In: 23.10 18:11:26,344| DQ-In: 23.10 18:11:26,635| C-In: 23.10 18:11:26,973|
lab29-17-<0.4601.0>-T3: Msg #1680, C-Out: 23.10 18:11:26,348| HBQ-In: 23.10 18:11:26,348| DQ-In: 23.10 18:11:26,635| C-In: 23.10 18:11:26,973|
lab29-12-<0.4991.0>-T3: Msg #1681, C-Out: 23.10 18:11:26,352| HBQ-In: 23.10 18:11:26,352| DQ-In: 23.10 18:11:26,635| C-In: 23.10 18:11:26,974|
Fehlernachricht fuer Luecke von 1682 bis 1682 C-In: 23.10 18:11:26,974|
lab29-47-<0.2127.0>-T3: Msg #1683, C-Out: 23.10 18:11:26,379| HBQ-In: 23.10 18:11:26,379| DQ-In: 23.10 18:11:26,641| C-In: 23.10 18:11:26,974|
lab29-42-<0.2545.0>-T3: Msg #1684, C-Out: 23.10 18:11:26,379| HBQ-In: 23.10 18:11:26,379| DQ-In: 23.10 18:11:26,641| C-In: 23.10 18:11:26,975|
lab29-52-<0.1713.0>-T3: Msg #1685, C-Out: 23.10 18:11:26,385| HBQ-In: 23.10 18:11:26,385| DQ-In: 23.10 18:11:26,641| C-In: 23.10 18:11:26,975|
lab29-57-<0.1365.0>-T3: Msg #1686, C-Out: 23.10 18:11:26,385| HBQ-In: 23.10 18:11:26,385| DQ-In: 23.10 18:11:26,641| C-In: 23.10 18:11:26,975|
lab29-37-<0.2967.0>-T3: Msg #1687, C-Out: 23.10 18:11:26,386| HBQ-In: 23.10 18:11:26,386| DQ-In: 23.10 18:11:26,641| C-In: 23.10 18:11:26,976|
Fehlernachricht fuer Luecke von 1688 bis 1695 C-In: 23.10 18:11:26,976|
lab29-31-<0.3480.0>-T3: Msg #1696, C-Out: 23.10 18:11:26,534| HBQ-In: 23.10 18:11:26,534| DQ-In: 23.10 18:11:26,644| C-In: 23.10 18:11:26,976|
Fehlernachricht fuer Luecke von 1697 bis 1697 C-In: 23.10 18:11:26,977|
lab29-26-<0.3898.0>-T3: Msg #1698, C-Out: 23.10 18:11:26,544| HBQ-In: 23.10 18:11:26,544| DQ-In: 23.10 18:11:26,644| C-In: 23.10 18:11:26,977|
Fehlernachricht fuer Luecke von 1699 bis 1699 C-In: 23.10 18:11:26,977|
lab29-16-<0.4681.0>-T3: Msg #1700, C-Out: 23.10 18:11:26,551| HBQ-In: 23.10 18:11:26,551| DQ-In: 23.10 18:11:26,644| C-In: 23.10 18:11:26,978|
lab29-56-<0.1439.0>-T3: Msg #1701, C-Out: 23.10 18:11:26,551| HBQ-In: 23.10 18:11:26,551| DQ-In: 23.10 18:11:26,644| C-In: 23.10 18:11:26,978|
lab29-21-<0.4291.0>-T3: Msg #1702, C-Out: 23.10 18:11:26,551| HBQ-In: 23.10 18:11:26,551| DQ-In: 23.10 18:11:26,644| C-In: 23.10 18:11:26,981|
lab29-46-<0.2213.0>-T3: Msg #1703, C-Out: 23.10 18:11:26,555| HBQ-In: 23.10 18:11:26,555| DQ-In: 23.10 18:11:26,644| C-In: 23.10 18:11:26,981|
lab29-11-<0.5067.0>-T3: Msg #1704, C-Out: 23.10 18:11:26,555| HBQ-In: 23.10 18:11:26,555| DQ-In: 23.10 18:11:26,644| C-In: 23.10 18:11:26,981|
lab29-51-<0.1789.0>-T3: Msg #1705, C-Out: 23.10 18:11:26,575| HBQ-In: 23.10 18:11:26,575| DQ-In: 23.10 18:11:26,645| C-In: 23.10 18:11:26,982|
lab29-36-<0.3048.0>-T3: Msg #1706, C-Out: 23.10 18:11:26,578| HBQ-In: 23.10 18:11:26,579| DQ-In: 23.10 18:11:26,645| C-In: 23.10 18:11:26,982|
Fehlernachricht fuer Luecke von 1707 bis 1707 C-In: 23.10 18:11:26,984|
lab29-41-<0.2632.0>-T3: Msg #1708, C-Out: 23.10 18:11:26,600| HBQ-In: 23.10 18:11:26,600| DQ-In: 23.10 18:11:26,752| C-In: 23.10 18:11:26,985|
Fehlernachricht fuer Luecke von 1709 bis 1715 C-In: 23.10 18:11:26,985|
lab29-30-<0.3559.0>-T3: Msg #1716, C-Out: 23.10 18:11:26,743| HBQ-In: 23.10 18:11:26,744| DQ-In: 23.10 18:11:26,755| C-In: 23.10 18:11:26,985|
Fehlernachricht fuer Luecke von 1717 bis 1717 C-In: 23.10 18:11:26,986|
lab29-20-<0.4365.0>-T3: Msg #1718, C-Out: 23.10 18:11:26,749| HBQ-In: 23.10 18:11:26,749| DQ-In: 23.10 18:11:26,764| C-In: 23.10 18:11:26,986|
lab29-25-<0.3973.0>-T3: Msg #1719, C-Out: 23.10 18:11:26,749| HBQ-In: 23.10 18:11:26,749| DQ-In: 23.10 18:11:26,764| C-In: 23.10 18:11:26,986|
lab29-35-<0.3134.0>-T3: Msg #1720, C-Out: 23.10 18:11:26,750| HBQ-In: 23.10 18:11:26,750| DQ-In: 23.10 18:11:26,764| C-In: 23.10 18:11:26,989|
Fehlernachricht fuer Luecke von 1721 bis 1721 C-In: 23.10 18:11:26,991|
lab29-15-<0.4762.0>-T3: Msg #1722, C-Out: 23.10 18:11:26,751| HBQ-In: 23.10 18:11:26,752| DQ-In: 23.10 18:11:26,810| C-In: 23.10 18:11:26,994|
lab29-10-<0.5112.0>-T3: Msg #1723, C-Out: 23.10 18:11:26,754| HBQ-In: 23.10 18:11:26,755| DQ-In: 23.10 18:11:26,810| C-In: 23.10 18:11:26,997|
lab29-40-<0.2707.0>-T3: Msg #1724, C-Out: 23.10 18:11:26,762| HBQ-In: 23.10 18:11:26,764| DQ-In: 23.10 18:11:26,810| C-In: 23.10 18:11:26,000|
lab29-45-<0.2293.0>-T3: Msg #1725, C-Out: 23.10 18:11:26,771| HBQ-In: 23.10 18:11:26,771| DQ-In: 23.10 18:11:26,810| C-In: 23.10 18:11:26,002|
lab29-55-<0.1513.0>-T3: Msg #1726, C-Out: 23.10 18:11:26,772| HBQ-In: 23.10 18:11:26,772| DQ-In: 23.10 18:11:26,810| C-In: 23.10 18:11:26,005|
Fehlernachricht fuer Luecke von 1727 bis 1727 C-In: 23.10 18:11:27,008|
lab29-50-<0.1864.0>-T3: Msg #1728, C-Out: 23.10 18:11:26,809| HBQ-In: 23.10 18:11:26,810| DQ-In: 23.10 18:11:26,957| C-In: 23.10 18:11:27,009|
Fehlernachricht fuer Luecke von 1729 bis 1734 C-In: 23.10 18:11:27,009|
lab29-24-<0.4051.0>-T3: Msg #1735, C-Out: 23.10 18:11:26,946| HBQ-In: 23.10 18:11:26,946| DQ-In: 23.10 18:11:26,963| C-In: 23.10 18:11:27,012|
lab29-29-<0.3641.0>-T3: Msg #1736, C-Out: 23.10 18:11:26,946| HBQ-In: 23.10 18:11:26,946| DQ-In: 23.10 18:11:26,963| C-In: 23.10 18:11:27,012|
Fehlernachricht fuer Luecke von 1737 bis 1737 C-In: 23.10 18:11:27,012|
lab29-19-<0.4442.0>-T3: Msg #1738, C-Out: 23.10 18:11:26,949| HBQ-In: 23.10 18:11:26,950| DQ-In: 23.10 18:11:26,969| C-In: 23.10 18:11:27,013|
lab29-14-<0.4846.0>-T3: Msg #1739, C-Out: 23.10 18:11:26,951| HBQ-In: 23.10 18:11:26,952| DQ-In: 23.10 18:11:26,969| C-In: 23.10 18:11:27,013|
lab29-9-<0.5191.0>-T3: Msg #1740, C-Out: 23.10 18:11:26,957| HBQ-In: 23.10 18:11:26,957| DQ-In: 23.10 18:11:26,969| C-In: 23.10 18:11:27,013|
lab29-39-<0.2795.0>-T3: Msg #1741, C-Out: 23.10 18:11:26,962| HBQ-In: 23.10 18:11:26,963| DQ-In: 23.10 18:11:26,969| C-In: 23.10 18:11:27,014|
lab29-49-<0.1950.0>-T3: Msg #1742, C-Out: 23.10 18:11:26,962| HBQ-In: 23.10 18:11:26,963| DQ-In: 23.10 18:11:26,969| C-In: 23.10 18:11:27,016|
lab29-44-<0.2376.0>-T3: Msg #1743, C-Out: 23.10 18:11:26,969| HBQ-In: 23.10 18:11:26,969| DQ-In: 23.10 18:11:26,969| C-In: 23.10 18:11:27,017|
lab29-54-<0.1586.0>-T3: Msg #1744, C-Out: 23.10 18:11:26,972| HBQ-In: 23.10 18:11:26,972| DQ-In: 23.10 18:11:26,972|******* C-In: 23.10 18:11:27,017|
lab29-34-<0.3220.0>-T3: Msg #1745, C-Out: 23.10 18:11:26,977| HBQ-In: 23.10 18:11:26,977| DQ-In: 23.10 18:11:26,977| C-In: 23.10 18:11:27,018|
ReceiveMsgs done
lab29-54-<0.1586.0>-T3: Msg #1869, C-Out: 23.10 18:11:28,519| gesendet
lab29-54-<0.1586.0>-T3: Msg #2007, C-Out: 23.10 18:11:30,022| gesendet
lab29-54-<0.1586.0>-T3: Msg #2151, C-Out: 23.10 18:11:31,523| gesendet
lab29-54-<0.1586.0>-T3: Msg #2302, C-Out: 23.10 18:11:33,029| gesendet
lab29-54-<0.1586.0>-T3: Msg #2434, C-Out: 23.10 18:11:34,530| gesendet
Neues Intervall: 2.25 Sekunden
Msg #2540 um 23.10 18:11:34,532| vergessen zu senden
Fehlernachricht fuer Luecke von 2343 bis 2343 C-In: 23.10 18:11:34,533|
lab29-9-<0.5191.0>-T3: Msg #2345, C-Out: 23.10 18:11:33,021| HBQ-In: 23.10 18:11:33,021| DQ-In: 23.10 18:11:33,749| C-In: 23.10 18:11:34,533|
lab29-19-<0.4442.0>-T3: Msg #2346, C-Out: 23.10 18:11:33,021| HBQ-In: 23.10 18:11:33,021| DQ-In: 23.10 18:11:33,749| C-In: 23.10 18:11:34,534|
lab29-14-<0.4846.0>-T3: Msg #2347, C-Out: 23.10 18:11:33,022| HBQ-In: 23.10 18:11:33,022| DQ-In: 23.10 18:11:33,749| C-In: 23.10 18:11:34,534|
lab29-44-<0.2376.0>-T3: Msg #2348, C-Out: 23.10 18:11:33,527| HBQ-In: 23.10 18:11:33,529| DQ-In: 23.10 18:11:33,749| C-In: 23.10 18:11:34,536|
lab29-29-<0.3641.0>-T3: Msg #2349, C-Out: 23.10 18:11:33,564| HBQ-In: 23.10 18:11:33,564| DQ-In: 23.10 18:11:33,749| C-In: 23.10 18:11:34,538|
Fehlernachricht fuer Luecke von 2350 bis 2350 C-In: 23.10 18:11:34,539|
lab29-51-<0.1789.0>-T3: Msg #2351, C-Out: 23.10 18:11:33,630| HBQ-In: 23.10 18:11:33,630| DQ-In: 23.10 18:11:33,882| C-In: 23.10 18:11:34,541|
lab29-36-<0.3048.0>-T3: Msg #2352, C-Out: 23.10 18:11:33,633| HBQ-In: 23.10 18:11:33,635| DQ-In: 23.10 18:11:33,882| C-In: 23.10 18:11:34,544|
Fehlernachricht fuer Luecke von 2353 bis 2355 C-In: 23.10 18:11:34,544|
lab29-23-<0.4130.0>-T3: Msg #2356, C-Out: 23.10 18:11:33,194| HBQ-In: 23.10 18:11:33,196| DQ-In: 23.10 18:11:33,937| C-In: 23.10 18:11:34,544|
lab29-58-<0.1296.0>-T3: Msg #2357, C-Out: 23.10 18:11:33,707| HBQ-In: 23.10 18:11:33,711| DQ-In: 23.10 18:11:33,937| C-In: 23.10 18:11:34,545|
lab29-8-<0.5273.0>-T3: Msg #2358, C-Out: 23.10 18:11:33,208| HBQ-In: 23.10 18:11:33,208| DQ-In: 23.10 18:11:33,937| C-In: 23.10 18:11:34,545|
Fehlernachricht fuer Luecke von 2359 bis 2359 C-In: 23.10 18:11:34,548|
lab29-18-<0.4519.0>-T3: Msg #2360, C-Out: 23.10 18:11:33,216| HBQ-In: 23.10 18:11:33,217| DQ-In: 23.10 18:11:34,010| C-In: 23.10 18:11:34,551|
Fehlernachricht fuer Luecke von 2361 bis 2361 C-In: 23.10 18:11:34,553|
lab29-3-<0.5663.0>-T3: Msg #2362, C-Out: 23.10 18:11:33,225| HBQ-In: 23.10 18:11:33,225| DQ-In: 23.10 18:11:34,023| C-In: 23.10 18:11:34,554|
lab29-43-<0.2458.0>-T3: Msg #2363, C-Out: 23.10 18:11:33,734| HBQ-In: 23.10 18:11:33,734| DQ-In: 23.10 18:11:34,023| C-In: 23.10 18:11:34,556|
Fehlernachricht fuer Luecke von 2364 bis 2364 C-In: 23.10 18:11:34,557|
lab29-28-<0.3729.0>-T3: Msg #2365, C-Out: 23.10 18:11:33,748| HBQ-In: 23.10 18:11:33,749| DQ-In: 23.10 18:11:34,023| C-In: 23.10 18:11:34,558|
lab29-13-<0.4921.0>-T3: Msg #2366, C-Out: 23.10 18:11:33,259| HBQ-In: 23.10 18:11:33,259| DQ-In: 23.10 18:11:34,023| C-In: 23.10 18:11:34,559|
Fehlernachricht fuer Luecke von 2367 bis 2369 C-In: 23.10 18:11:34,559|
lab29-35-<0.3134.0>-T3: Msg #2370, C-Out: 23.10 18:11:33,826| HBQ-In: 23.10 18:11:33,827| DQ-In: 23.10 18:11:34,108| C-In: 23.10 18:11:34,561|
Fehlernachricht fuer Luecke von 2371 bis 2371 C-In: 23.10 18:11:34,561|
lab29-50-<0.1864.0>-T3: Msg #2372, C-Out: 23.10 18:11:33,882| HBQ-In: 23.10 18:11:33,882| DQ-In: 23.10 18:11:34,153| C-In: 23.10 18:11:34,562|
Fehlernachricht fuer Luecke von 2373 bis 2374 C-In: 23.10 18:11:34,562|
lab29-22-<0.4210.0>-T3: Msg #2375, C-Out: 23.10 18:11:33,413| HBQ-In: 23.10 18:11:33,414| DQ-In: 23.10 18:11:34,169| C-In: 23.10 18:11:34,565|
lab29-7-<0.5358.0>-T3: Msg #2376, C-Out: 23.10 18:11:33,419| HBQ-In: 23.10 18:11:33,421| DQ-In: 23.10 18:11:34,169| C-In: 23.10 18:11:34,565|
lab29-57-<0.1365.0>-T3: Msg #2377, C-Out: 23.10 18:11:33,933| HBQ-In: 23.10 18:11:33,933| DQ-In: 23.10 18:11:34,169| C-In: 23.10 18:11:34,567|
lab29-2-<0.5741.0>-T3: Msg #2378, C-Out: 23.10 18:11:33,433| HBQ-In: 23.10 18:11:33,433| DQ-In: 23.10 18:11:34,169| C-In: 23.10 18:11:34,570|
lab29-12-<0.4991.0>-T3: Msg #2379, C-Out: 23.10 18:11:33,435| HBQ-In: 23.10 18:11:33,435| DQ-In: 23.10 18:11:34,169| C-In: 23.10 18:11:34,576|
lab29-17-<0.4601.0>-T3: Msg #2380, C-Out: 23.10 18:11:33,435| HBQ-In: 23.10 18:11:33,435| DQ-In: 23.10 18:11:34,169| C-In: 23.10 18:11:34,577|
lab29-42-<0.2545.0>-T3: Msg #2381, C-Out: 23.10 18:11:33,935| HBQ-In: 23.10 18:11:33,937| DQ-In: 23.10 18:11:34,169| C-In: 23.10 18:11:34,577|
Fehlernachricht fuer Luecke von 2382 bis 2383 C-In: 23.10 18:11:34,579|
lab29-27-<0.3815.0>-T3: Msg #2384, C-Out: 23.10 18:11:33,973| HBQ-In: 23.10 18:11:33,973| DQ-In: 23.10 18:11:34,317| C-In: 23.10 18:11:34,580|
Fehlernachricht fuer Luecke von 2385 bis 2385 C-In: 23.10 18:11:34,580|
lab29-49-<0.1950.0>-T3: Msg #2386, C-Out: 23.10 18:11:34,010| HBQ-In: 23.10 18:11:34,010| DQ-In: 23.10 18:11:34,329| C-In: 23.10 18:11:34,581|
Fehlernachricht fuer Luecke von 2387 bis 2387 C-In: 23.10 18:11:34,581|
lab29-34-<0.3220.0>-T3: Msg #2388, C-Out: 23.10 18:11:34,027| HBQ-In: 23.10 18:11:34,029| DQ-In: 23.10 18:11:34,375| C-In: 23.10 18:11:34,581|
Fehlernachricht fuer Luecke von 2389 bis 2390 C-In: 23.10 18:11:34,582|
lab29-56-<0.1439.0>-T3: Msg #2391, C-Out: 23.10 18:11:34,107| HBQ-In: 23.10 18:11:34,108| DQ-In: 23.10 18:11:34,422| C-In: 23.10 18:11:34,582|
lab29-6-<0.5440.0>-T3: Msg #2392, C-Out: 23.10 18:11:33,615| HBQ-In: 23.10 18:11:33,615| DQ-In: 23.10 18:11:34,422| C-In: 23.10 18:11:34,583|
lab29-21-<0.4291.0>-T3: Msg #2393, C-Out: 23.10 18:11:33,621| HBQ-In: 23.10 18:11:33,622| DQ-In: 23.10 18:11:34,422| C-In: 23.10 18:11:34,586|
lab29-11-<0.5067.0>-T3: Msg #2394, C-Out: 23.10 18:11:33,621| HBQ-In: 23.10 18:11:33,621| DQ-In: 23.10 18:11:34,422| C-In: 23.10 18:11:34,586|
lab29-16-<0.4681.0>-T3: Msg #2395, C-Out: 23.10 18:11:33,630| HBQ-In: 23.10 18:11:33,630| DQ-In: 23.10 18:11:34,422| C-In: 23.10 18:11:34,588|
lab29-1-<0.5818.0>-T3: Msg #2396, C-Out: 23.10 18:11:33,635| HBQ-In: 23.10 18:11:33,636| DQ-In: 23.10 18:11:34,422| C-In: 23.10 18:11:34,589|
lab29-26-<0.3898.0>-T3: Msg #2397, C-Out: 23.10 18:11:34,152| HBQ-In: 23.10 18:11:34,153| DQ-In: 23.10 18:11:34,422| C-In: 23.10 18:11:34,589|
Fehlernachricht fuer Luecke von 2398 bis 2398 C-In: 23.10 18:11:34,590|
lab29-41-<0.2632.0>-T3: Msg #2399, C-Out: 23.10 18:11:34,169| HBQ-In: 23.10 18:11:34,169| DQ-In: 23.10 18:11:34,530| C-In: 23.10 18:11:34,590|
Fehlernachricht fuer Luecke von 2400 bis 2400 C-In: 23.10 18:11:34,590|
lab29-48-<0.2035.0>-T3: Msg #2401, C-Out: 23.10 18:11:34,209| HBQ-In: 23.10 18:11:34,209| DQ-In: 23.10 18:11:34,533| C-In: 23.10 18:11:34,590|
ReceiveMsgs done
lab29-54-<0.1586.0>-T3: Msg #2544, C-Out: 23.10 18:11:36,842| gesendet
lab29-54-<0.1586.0>-T3: Msg #2731, C-Out: 23.10 18:11:39,093| gesendet
