lab29-30-<0.3559.0>-T3 C-Start: 23.10 18:11:21,734|
lab29-30-<0.3559.0>-T3: Msg #1359, C-Out: 23.10 18:11:22,736| gesendet
lab29-30-<0.3559.0>-T3: Msg #1461, C-Out: 23.10 18:11:23,737| gesendet
lab29-30-<0.3559.0>-T3: Msg #1540, C-Out: 23.10 18:11:24,741| gesendet
lab29-30-<0.3559.0>-T3: Msg #1628, C-Out: 23.10 18:11:25,742| gesendet
lab29-30-<0.3559.0>-T3: Msg #1716, C-Out: 23.10 18:11:26,743| gesendet
Neues Intervall: 1 Sekunden
Msg #1836 um 23.10 18:11:26,746| vergessen zu senden
lab29-29-<0.3641.0>-T3: Msg #1646, C-Out: 23.10 18:11:25,943| HBQ-In: 23.10 18:11:25,943| DQ-In: 23.10 18:11:26,379| C-In: 23.10 18:11:26,749|
lab29-59-<0.1234.0>-T3: Msg #1647, C-Out: 23.10 18:11:25,947| HBQ-In: 23.10 18:11:25,948| DQ-In: 23.10 18:11:26,379| C-In: 23.10 18:11:26,749|
lab29-19-<0.4442.0>-T3: Msg #1648, C-Out: 23.10 18:11:25,947| HBQ-In: 23.10 18:11:25,948| DQ-In: 23.10 18:11:26,379| C-In: 23.10 18:11:26,749|
lab29-14-<0.4846.0>-T3: Msg #1649, C-Out: 23.10 18:11:25,950| HBQ-In: 23.10 18:11:25,950| DQ-In: 23.10 18:11:26,379| C-In: 23.10 18:11:26,750|
lab29-39-<0.2795.0>-T3: Msg #1650, C-Out: 23.10 18:11:25,960| HBQ-In: 23.10 18:11:25,961| DQ-In: 23.10 18:11:26,379| C-In: 23.10 18:11:26,750|
lab29-64-<0.899.0>-T3: Msg #1651, C-Out: 23.10 18:11:26,459| HBQ-In: 23.10 18:11:26,460| DQ-In: 23.10 18:11:26,460| C-In: 23.10 18:11:26,752|
lab29-49-<0.1950.0>-T3: Msg #1652, C-Out: 23.10 18:11:25,961| HBQ-In: 23.10 18:11:25,961| DQ-In: 23.10 18:11:26,460| C-In: 23.10 18:11:26,753|
lab29-44-<0.2376.0>-T3: Msg #1653, C-Out: 23.10 18:11:25,965| HBQ-In: 23.10 18:11:25,966| DQ-In: 23.10 18:11:26,460| C-In: 23.10 18:11:26,755|
lab29-54-<0.1586.0>-T3: Msg #1654, C-Out: 23.10 18:11:25,970| HBQ-In: 23.10 18:11:25,971| DQ-In: 23.10 18:11:26,460| C-In: 23.10 18:11:26,755|
lab29-79-<0.173.0>-T3: Msg #1655, C-Out: 23.10 18:11:26,512| HBQ-In: 23.10 18:11:26,512| DQ-In: 23.10 18:11:26,512| C-In: 23.10 18:11:26,757|
lab29-94-<0.91.0>-T3: Msg #1656, C-Out: 23.10 18:11:26,550| HBQ-In: 23.10 18:11:26,550| DQ-In: 23.10 18:11:26,550| C-In: 23.10 18:11:26,760|
Fehlernachricht fuer Luecke von 1657 bis 1657 C-In: 23.10 18:11:26,765|
lab29-33-<0.3306.0>-T3: Msg #1658, C-Out: 23.10 18:11:26,136| HBQ-In: 23.10 18:11:26,138| DQ-In: 23.10 18:11:26,555| C-In: 23.10 18:11:26,765|
Fehlernachricht fuer Luecke von 1659 bis 1659 C-In: 23.10 18:11:26,770|
lab29-28-<0.3729.0>-T3: Msg #1660, C-Out: 23.10 18:11:26,139| HBQ-In: 23.10 18:11:26,140| DQ-In: 23.10 18:11:26,555| C-In: 23.10 18:11:26,770|
lab29-23-<0.4130.0>-T3: Msg #1661, C-Out: 23.10 18:11:26,146| HBQ-In: 23.10 18:11:26,146| DQ-In: 23.10 18:11:26,555| C-In: 23.10 18:11:26,771|
lab29-53-<0.1650.0>-T3: Msg #1662, C-Out: 23.10 18:11:26,150| HBQ-In: 23.10 18:11:26,150| DQ-In: 23.10 18:11:26,555| C-In: 23.10 18:11:26,771|
lab29-18-<0.4519.0>-T3: Msg #1663, C-Out: 23.10 18:11:26,150| HBQ-In: 23.10 18:11:26,150| DQ-In: 23.10 18:11:26,555| C-In: 23.10 18:11:26,771|
lab29-13-<0.4921.0>-T3: Msg #1664, C-Out: 23.10 18:11:26,151| HBQ-In: 23.10 18:11:26,152| DQ-In: 23.10 18:11:26,555| C-In: 23.10 18:11:26,772|
Fehlernachricht fuer Luecke von 1665 bis 1665 C-In: 23.10 18:11:26,772|
lab29-58-<0.1296.0>-T3: Msg #1666, C-Out: 23.10 18:11:26,160| HBQ-In: 23.10 18:11:26,160| DQ-In: 23.10 18:11:26,630| C-In: 23.10 18:11:26,772|
lab29-48-<0.2035.0>-T3: Msg #1667, C-Out: 23.10 18:11:26,160| HBQ-In: 23.10 18:11:26,160| DQ-In: 23.10 18:11:26,630| C-In: 23.10 18:11:26,772|
Fehlernachricht fuer Luecke von 1668 bis 1668 C-In: 23.10 18:11:26,773|
lab29-38-<0.2880.0>-T3: Msg #1669, C-Out: 23.10 18:11:26,161| HBQ-In: 23.10 18:11:26,161| DQ-In: 23.10 18:11:26,635| C-In: 23.10 18:11:26,773|
Fehlernachricht fuer Luecke von 1670 bis 1670 C-In: 23.10 18:11:26,773|
lab29-43-<0.2458.0>-T3: Msg #1671, C-Out: 23.10 18:11:26,177| HBQ-In: 23.10 18:11:26,177| DQ-In: 23.10 18:11:26,635| C-In: 23.10 18:11:26,774|
Fehlernachricht fuer Luecke von 1672 bis 1676 C-In: 23.10 18:11:26,774|
lab29-32-<0.3394.0>-T3: Msg #1677, C-Out: 23.10 18:11:26,335| HBQ-In: 23.10 18:11:26,335| DQ-In: 23.10 18:11:26,635| C-In: 23.10 18:11:26,774|
lab29-27-<0.3815.0>-T3: Msg #1678, C-Out: 23.10 18:11:26,344| HBQ-In: 23.10 18:11:26,344| DQ-In: 23.10 18:11:26,635| C-In: 23.10 18:11:26,775|
lab29-22-<0.4210.0>-T3: Msg #1679, C-Out: 23.10 18:11:26,344| HBQ-In: 23.10 18:11:26,344| DQ-In: 23.10 18:11:26,635| C-In: 23.10 18:11:26,775|
lab29-17-<0.4601.0>-T3: Msg #1680, C-Out: 23.10 18:11:26,348| HBQ-In: 23.10 18:11:26,348| DQ-In: 23.10 18:11:26,635| C-In: 23.10 18:11:26,776|
lab29-12-<0.4991.0>-T3: Msg #1681, C-Out: 23.10 18:11:26,352| HBQ-In: 23.10 18:11:26,352| DQ-In: 23.10 18:11:26,635| C-In: 23.10 18:11:26,776|
Fehlernachricht fuer Luecke von 1682 bis 1682 C-In: 23.10 18:11:26,776|
lab29-47-<0.2127.0>-T3: Msg #1683, C-Out: 23.10 18:11:26,379| HBQ-In: 23.10 18:11:26,379| DQ-In: 23.10 18:11:26,641| C-In: 23.10 18:11:26,776|
lab29-42-<0.2545.0>-T3: Msg #1684, C-Out: 23.10 18:11:26,379| HBQ-In: 23.10 18:11:26,379| DQ-In: 23.10 18:11:26,641| C-In: 23.10 18:11:26,777|
lab29-52-<0.1713.0>-T3: Msg #1685, C-Out: 23.10 18:11:26,385| HBQ-In: 23.10 18:11:26,385| DQ-In: 23.10 18:11:26,641| C-In: 23.10 18:11:26,777|
lab29-57-<0.1365.0>-T3: Msg #1686, C-Out: 23.10 18:11:26,385| HBQ-In: 23.10 18:11:26,385| DQ-In: 23.10 18:11:26,641| C-In: 23.10 18:11:26,780|
lab29-37-<0.2967.0>-T3: Msg #1687, C-Out: 23.10 18:11:26,386| HBQ-In: 23.10 18:11:26,386| DQ-In: 23.10 18:11:26,641| C-In: 23.10 18:11:26,783|
Fehlernachricht fuer Luecke von 1688 bis 1695 C-In: 23.10 18:11:26,783|
lab29-31-<0.3480.0>-T3: Msg #1696, C-Out: 23.10 18:11:26,534| HBQ-In: 23.10 18:11:26,534| DQ-In: 23.10 18:11:26,644| C-In: 23.10 18:11:26,784|
Fehlernachricht fuer Luecke von 1697 bis 1697 C-In: 23.10 18:11:26,784|
lab29-26-<0.3898.0>-T3: Msg #1698, C-Out: 23.10 18:11:26,544| HBQ-In: 23.10 18:11:26,544| DQ-In: 23.10 18:11:26,644| C-In: 23.10 18:11:26,784|
Fehlernachricht fuer Luecke von 1699 bis 1699 C-In: 23.10 18:11:26,785|
lab29-16-<0.4681.0>-T3: Msg #1700, C-Out: 23.10 18:11:26,551| HBQ-In: 23.10 18:11:26,551| DQ-In: 23.10 18:11:26,644| C-In: 23.10 18:11:26,785|
lab29-56-<0.1439.0>-T3: Msg #1701, C-Out: 23.10 18:11:26,551| HBQ-In: 23.10 18:11:26,551| DQ-In: 23.10 18:11:26,644| C-In: 23.10 18:11:26,785|
lab29-21-<0.4291.0>-T3: Msg #1702, C-Out: 23.10 18:11:26,551| HBQ-In: 23.10 18:11:26,551| DQ-In: 23.10 18:11:26,644| C-In: 23.10 18:11:26,786|
lab29-46-<0.2213.0>-T3: Msg #1703, C-Out: 23.10 18:11:26,555| HBQ-In: 23.10 18:11:26,555| DQ-In: 23.10 18:11:26,644| C-In: 23.10 18:11:26,786|
lab29-11-<0.5067.0>-T3: Msg #1704, C-Out: 23.10 18:11:26,555| HBQ-In: 23.10 18:11:26,555| DQ-In: 23.10 18:11:26,644| C-In: 23.10 18:11:26,786|
lab29-51-<0.1789.0>-T3: Msg #1705, C-Out: 23.10 18:11:26,575| HBQ-In: 23.10 18:11:26,575| DQ-In: 23.10 18:11:26,645| C-In: 23.10 18:11:26,788|
lab29-36-<0.3048.0>-T3: Msg #1706, C-Out: 23.10 18:11:26,578| HBQ-In: 23.10 18:11:26,579| DQ-In: 23.10 18:11:26,645| C-In: 23.10 18:11:26,789|
Fehlernachricht fuer Luecke von 1707 bis 1707 C-In: 23.10 18:11:26,791|
lab29-41-<0.2632.0>-T3: Msg #1708, C-Out: 23.10 18:11:26,600| HBQ-In: 23.10 18:11:26,600| DQ-In: 23.10 18:11:26,752| C-In: 23.10 18:11:26,792|
Fehlernachricht fuer Luecke von 1709 bis 1715 C-In: 23.10 18:11:26,794|
lab29-30-<0.3559.0>-T3: Msg #1716, C-Out: 23.10 18:11:26,743| HBQ-In: 23.10 18:11:26,744| DQ-In: 23.10 18:11:26,755|******* C-In: 23.10 18:11:26,797|
Fehlernachricht fuer Luecke von 1717 bis 1717 C-In: 23.10 18:11:26,797|
lab29-20-<0.4365.0>-T3: Msg #1718, C-Out: 23.10 18:11:26,749| HBQ-In: 23.10 18:11:26,749| DQ-In: 23.10 18:11:26,764| C-In: 23.10 18:11:26,800|
lab29-25-<0.3973.0>-T3: Msg #1719, C-Out: 23.10 18:11:26,749| HBQ-In: 23.10 18:11:26,749| DQ-In: 23.10 18:11:26,764| C-In: 23.10 18:11:26,802|
lab29-35-<0.3134.0>-T3: Msg #1720, C-Out: 23.10 18:11:26,750| HBQ-In: 23.10 18:11:26,750| DQ-In: 23.10 18:11:26,764| C-In: 23.10 18:11:26,803|
ReceiveMsgs done
lab29-30-<0.3559.0>-T3: Msg #1848, C-Out: 23.10 18:11:27,805| gesendet
lab29-30-<0.3559.0>-T3: Msg #1943, C-Out: 23.10 18:11:28,808| gesendet
lab29-30-<0.3559.0>-T3: Msg #2042, C-Out: 23.10 18:11:29,810| gesendet
lab29-30-<0.3559.0>-T3: Msg #2132, C-Out: 23.10 18:11:30,811| gesendet
lab29-30-<0.3559.0>-T3: Msg #2245, C-Out: 23.10 18:11:31,812| gesendet
Neues Intervall: 1.5 Sekunden
Msg #2328 um 23.10 18:11:31,812| vergessen zu senden
lab29-10-<0.5112.0>-T3: Msg #2125, C-Out: 23.10 18:11:30,761| HBQ-In: 23.10 18:11:30,763| DQ-In: 23.10 18:11:30,811| C-In: 23.10 18:11:31,814|
lab29-5-<0.5513.0>-T3: Msg #2126, C-Out: 23.10 18:11:30,776| HBQ-In: 23.10 18:11:30,778| DQ-In: 23.10 18:11:30,811| C-In: 23.10 18:11:31,814|
Fehlernachricht fuer Luecke von 2127 bis 2128 C-In: 23.10 18:11:31,815|
lab29-25-<0.3973.0>-T3: Msg #2129, C-Out: 23.10 18:11:30,804| HBQ-In: 23.10 18:11:30,804| DQ-In: 23.10 18:11:30,969| C-In: 23.10 18:11:31,815|
lab29-15-<0.4762.0>-T3: Msg #2130, C-Out: 23.10 18:11:30,805| HBQ-In: 23.10 18:11:30,805| DQ-In: 23.10 18:11:30,969| C-In: 23.10 18:11:31,815|
lab29-20-<0.4365.0>-T3: Msg #2131, C-Out: 23.10 18:11:30,806| HBQ-In: 23.10 18:11:30,806| DQ-In: 23.10 18:11:30,969| C-In: 23.10 18:11:31,816|
lab29-30-<0.3559.0>-T3: Msg #2132, C-Out: 23.10 18:11:30,811| HBQ-In: 23.10 18:11:30,811| DQ-In: 23.10 18:11:30,969|******* C-In: 23.10 18:11:31,816|
Fehlernachricht fuer Luecke von 2133 bis 2139 C-In: 23.10 18:11:31,816|
lab29-9-<0.5191.0>-T3: Msg #2140, C-Out: 23.10 18:11:30,964| HBQ-In: 23.10 18:11:30,964| DQ-In: 23.10 18:11:31,017| C-In: 23.10 18:11:31,817|
lab29-4-<0.5587.0>-T3: Msg #2141, C-Out: 23.10 18:11:30,969| HBQ-In: 23.10 18:11:30,969| DQ-In: 23.10 18:11:31,017| C-In: 23.10 18:11:31,819|
Fehlernachricht fuer Luecke von 2142 bis 2143 C-In: 23.10 18:11:31,819|
lab29-24-<0.4051.0>-T3: Msg #2144, C-Out: 23.10 18:11:30,977| HBQ-In: 23.10 18:11:30,977| DQ-In: 23.10 18:11:31,171| C-In: 23.10 18:11:31,822|
lab29-34-<0.3220.0>-T3: Msg #2145, C-Out: 23.10 18:11:30,983| HBQ-In: 23.10 18:11:30,983| DQ-In: 23.10 18:11:31,171| C-In: 23.10 18:11:31,823|
Fehlernachricht fuer Luecke von 2146 bis 2147 C-In: 23.10 18:11:31,823|
lab29-29-<0.3641.0>-T3: Msg #2148, C-Out: 23.10 18:11:30,997| HBQ-In: 23.10 18:11:30,998| DQ-In: 23.10 18:11:31,192| C-In: 23.10 18:11:31,823|
lab29-19-<0.4442.0>-T3: Msg #2149, C-Out: 23.10 18:11:31,017| HBQ-In: 23.10 18:11:31,018| DQ-In: 23.10 18:11:31,192| C-In: 23.10 18:11:31,823|
lab29-14-<0.4846.0>-T3: Msg #2150, C-Out: 23.10 18:11:31,017| HBQ-In: 23.10 18:11:31,017| DQ-In: 23.10 18:11:31,192| C-In: 23.10 18:11:31,824|
Fehlernachricht fuer Luecke von 2151 bis 2158 C-In: 23.10 18:11:31,824|
lab29-8-<0.5273.0>-T3: Msg #2159, C-Out: 23.10 18:11:31,170| HBQ-In: 23.10 18:11:31,171| DQ-In: 23.10 18:11:31,212| C-In: 23.10 18:11:31,825|
Fehlernachricht fuer Luecke von 2160 bis 2160 C-In: 23.10 18:11:31,825|
lab29-3-<0.5663.0>-T3: Msg #2161, C-Out: 23.10 18:11:31,170| HBQ-In: 23.10 18:11:31,171| DQ-In: 23.10 18:11:31,253| C-In: 23.10 18:11:31,825|
lab29-33-<0.3306.0>-T3: Msg #2162, C-Out: 23.10 18:11:31,192| HBQ-In: 23.10 18:11:31,192| DQ-In: 23.10 18:11:31,253| C-In: 23.10 18:11:31,827|
lab29-23-<0.4130.0>-T3: Msg #2163, C-Out: 23.10 18:11:31,192| HBQ-In: 23.10 18:11:31,192| DQ-In: 23.10 18:11:31,253| C-In: 23.10 18:11:31,827|
Fehlernachricht fuer Luecke von 2164 bis 2164 C-In: 23.10 18:11:31,830|
lab29-28-<0.3729.0>-T3: Msg #2165, C-Out: 23.10 18:11:31,203| HBQ-In: 23.10 18:11:31,203| DQ-In: 23.10 18:11:31,382| C-In: 23.10 18:11:31,830|
lab29-18-<0.4519.0>-T3: Msg #2166, C-Out: 23.10 18:11:31,212| HBQ-In: 23.10 18:11:31,212| DQ-In: 23.10 18:11:31,382| C-In: 23.10 18:11:31,831|
Fehlernachricht fuer Luecke von 2167 bis 2169 C-In: 23.10 18:11:31,831|
lab29-13-<0.4921.0>-T3: Msg #2170, C-Out: 23.10 18:11:31,253| HBQ-In: 23.10 18:11:31,253| DQ-In: 23.10 18:11:31,411| C-In: 23.10 18:11:31,831|
Fehlernachricht fuer Luecke von 2171 bis 2174 C-In: 23.10 18:11:31,832|
lab29-7-<0.5358.0>-T3: Msg #2175, C-Out: 23.10 18:11:31,368| HBQ-In: 23.10 18:11:31,368| DQ-In: 23.10 18:11:31,432| C-In: 23.10 18:11:31,832|
lab29-2-<0.5741.0>-T3: Msg #2176, C-Out: 23.10 18:11:31,377| HBQ-In: 23.10 18:11:31,378| DQ-In: 23.10 18:11:31,432| C-In: 23.10 18:11:31,832|
Fehlernachricht fuer Luecke von 2177 bis 2177 C-In: 23.10 18:11:31,833|
lab29-32-<0.3394.0>-T3: Msg #2178, C-Out: 23.10 18:11:31,382| HBQ-In: 23.10 18:11:31,382| DQ-In: 23.10 18:11:31,572| C-In: 23.10 18:11:31,835|
Fehlernachricht fuer Luecke von 2179 bis 2180 C-In: 23.10 18:11:31,835|
lab29-27-<0.3815.0>-T3: Msg #2181, C-Out: 23.10 18:11:31,404| HBQ-In: 23.10 18:11:31,404| DQ-In: 23.10 18:11:31,582| C-In: 23.10 18:11:31,836|
Fehlernachricht fuer Luecke von 2182 bis 2182 C-In: 23.10 18:11:31,838|
lab29-22-<0.4210.0>-T3: Msg #2183, C-Out: 23.10 18:11:31,410| HBQ-In: 23.10 18:11:31,411| DQ-In: 23.10 18:11:31,587| C-In: 23.10 18:11:31,838|
lab29-17-<0.4601.0>-T3: Msg #2184, C-Out: 23.10 18:11:31,432| HBQ-In: 23.10 18:11:31,432| DQ-In: 23.10 18:11:31,587| C-In: 23.10 18:11:31,838|
lab29-12-<0.4991.0>-T3: Msg #2185, C-Out: 23.10 18:11:31,432| HBQ-In: 23.10 18:11:31,432| DQ-In: 23.10 18:11:31,587| C-In: 23.10 18:11:31,840|
Fehlernachricht fuer Luecke von 2186 bis 2195 C-In: 23.10 18:11:31,841|
lab29-6-<0.5440.0>-T3: Msg #2196, C-Out: 23.10 18:11:31,572| HBQ-In: 23.10 18:11:31,572| DQ-In: 23.10 18:11:31,619| C-In: 23.10 18:11:31,843|
lab29-1-<0.5818.0>-T3: Msg #2197, C-Out: 23.10 18:11:31,582| HBQ-In: 23.10 18:11:31,582| DQ-In: 23.10 18:11:31,619| C-In: 23.10 18:11:31,843|
lab29-31-<0.3480.0>-T3: Msg #2198, C-Out: 23.10 18:11:31,587| HBQ-In: 23.10 18:11:31,587| DQ-In: 23.10 18:11:31,619| C-In: 23.10 18:11:31,843|
Fehlernachricht fuer Luecke von 2199 bis 2199 C-In: 23.10 18:11:31,844|
lab29-26-<0.3898.0>-T3: Msg #2200, C-Out: 23.10 18:11:31,598| HBQ-In: 23.10 18:11:31,598| DQ-In: 23.10 18:11:31,805| C-In: 23.10 18:11:31,844|
Fehlernachricht fuer Luecke von 2201 bis 2201 C-In: 23.10 18:11:31,845|
lab29-11-<0.5067.0>-T3: Msg #2202, C-Out: 23.10 18:11:31,618| HBQ-In: 23.10 18:11:31,619| DQ-In: 23.10 18:11:31,806| C-In: 23.10 18:11:31,845|
lab29-21-<0.4291.0>-T3: Msg #2203, C-Out: 23.10 18:11:31,618| HBQ-In: 23.10 18:11:31,618| DQ-In: 23.10 18:11:31,806| C-In: 23.10 18:11:31,845|
Fehlernachricht fuer Luecke von 2204 bis 2204 C-In: 23.10 18:11:31,846|
lab29-16-<0.4681.0>-T3: Msg #2205, C-Out: 23.10 18:11:31,628| HBQ-In: 23.10 18:11:31,628| DQ-In: 23.10 18:11:31,812| C-In: 23.10 18:11:31,846|
Fehlernachricht fuer Luecke von 2206 bis 2208 C-In: 23.10 18:11:31,846|
5-client@lab23: 2209. Nachricht--Gruppe:1-Team:5-Sendezeit:18:11:30 HBQ-In: 23.10 18:11:30,696| DQ-In: 23.10 18:11:31,829| C-In: 23.10 18:11:31,847|
2-client@lab23: 2210. Nachricht--Gruppe:1-Team:5-Sendezeit:18:11:30 HBQ-In: 23.10 18:11:30,696| DQ-In: 23.10 18:11:31,829| C-In: 23.10 18:11:31,847|
4-client@lab23: 2211. Nachricht--Gruppe:1-Team:5-Sendezeit:18:11:30 HBQ-In: 23.10 18:11:30,696| DQ-In: 23.10 18:11:31,830| C-In: 23.10 18:11:31,850|
1-client@lab23: 2212. Nachricht--Gruppe:1-Team:5-Sendezeit:18:11:30 HBQ-In: 23.10 18:11:30,696| DQ-In: 23.10 18:11:31,830| C-In: 23.10 18:11:31,850|
4-client@lab23: 2213. Nachricht--Gruppe:1-Team:5-Sendezeit:18:11:30 HBQ-In: 23.10 18:11:30,702| DQ-In: 23.10 18:11:31,830| C-In: 23.10 18:11:31,850|
5-client@lab23: 2214. Nachricht--Gruppe:1-Team:5-Sendezeit:18:11:30 HBQ-In: 23.10 18:11:30,702| DQ-In: 23.10 18:11:31,830| C-In: 23.10 18:11:31,851|
2-client@lab23: 2215. Nachricht--Gruppe:1-Team:5-Sendezeit:18:11:30 HBQ-In: 23.10 18:11:30,702| DQ-In: 23.10 18:11:31,830| C-In: 23.10 18:11:31,851|
3-client@lab23: 2216. Nachricht--Gruppe:1-Team:5-Sendezeit:18:11:30 HBQ-In: 23.10 18:11:30,702| DQ-In: 23.10 18:11:31,830| C-In: 23.10 18:11:31,851|
1-client@lab23: 2217. Nachricht--Gruppe:1-Team:5-Sendezeit:18:11:30 HBQ-In: 23.10 18:11:30,702| DQ-In: 23.10 18:11:31,830| C-In: 23.10 18:11:31,852|
ReceiveMsgs done
lab29-30-<0.3559.0>-T3: Msg #2332, C-Out: 23.10 18:11:33,354| gesendet
lab29-30-<0.3559.0>-T3: Msg #2453, C-Out: 23.10 18:11:34,855| gesendet
lab29-30-<0.3559.0>-T3: Msg #2589, C-Out: 23.10 18:11:36,385| gesendet
lab29-30-<0.3559.0>-T3: Msg #2691, C-Out: 23.10 18:11:37,890| gesendet
lab29-30-<0.3559.0>-T3: Msg #2799, C-Out: 23.10 18:11:39,392| gesendet
Neues Intervall: 2.25 Sekunden
