lab29-83-<0.147.0>-T3 C-Start: 23.10 18:11:11,059|
lab29-83-<0.147.0>-T3: Msg #750, C-Out: 23.10 18:11:12,063| gesendet
lab29-83-<0.147.0>-T3: Msg #772, C-Out: 23.10 18:11:13,066| gesendet
lab29-83-<0.147.0>-T3: Msg #806, C-Out: 23.10 18:11:14,071| gesendet
lab29-83-<0.147.0>-T3: Msg #842, C-Out: 23.10 18:11:15,074| gesendet
lab29-83-<0.147.0>-T3: Msg #908, C-Out: 23.10 18:11:16,078| gesendet
Neues Intervall: 1 Sekunden
Msg #954 um 23.10 18:11:16,080| vergessen zu senden
lab29-80-<0.164.0>-T3: Msg #826, C-Out: 23.10 18:11:14,674| HBQ-In: 23.10 18:11:14,674| DQ-In: 23.10 18:11:14,674| C-In: 23.10 18:11:16,082|
Fehlernachricht fuer Luecke von 827 bis 827 C-In: 23.10 18:11:16,084|
lab29-75-<0.200.0>-T3: Msg #828, C-Out: 23.10 18:11:14,682| HBQ-In: 23.10 18:11:14,682| DQ-In: 23.10 18:11:14,870| C-In: 23.10 18:11:16,084|
lab29-70-<0.519.0>-T3: Msg #829, C-Out: 23.10 18:11:14,685| HBQ-In: 23.10 18:11:14,685| DQ-In: 23.10 18:11:14,870| C-In: 23.10 18:11:16,084|
lab29-100-<0.40.0>-T3: Msg #830, C-Out: 23.10 18:11:14,765| HBQ-In: 23.10 18:11:14,765| DQ-In: 23.10 18:11:14,870| C-In: 23.10 18:11:16,085|
lab29-84-<0.140.0>-T3: Msg #834, C-Out: 23.10 18:11:14,870| HBQ-In: 23.10 18:11:14,870| DQ-In: 23.10 18:11:14,991| C-In: 23.10 18:11:16,085|
lab29-74-<0.266.0>-T3: Msg #835, C-Out: 23.10 18:11:14,881| HBQ-In: 23.10 18:11:14,881| DQ-In: 23.10 18:11:14,991| C-In: 23.10 18:11:16,086|
lab29-79-<0.173.0>-T3: Msg #836, C-Out: 23.10 18:11:14,881| HBQ-In: 23.10 18:11:14,881| DQ-In: 23.10 18:11:14,991| C-In: 23.10 18:11:16,086|
lab29-69-<0.583.0>-T3: Msg #837, C-Out: 23.10 18:11:14,886| HBQ-In: 23.10 18:11:14,886| DQ-In: 23.10 18:11:14,991| C-In: 23.10 18:11:16,086|
lab29-99-<0.49.0>-T3: Msg #838, C-Out: 23.10 18:11:14,939| HBQ-In: 23.10 18:11:14,939| DQ-In: 23.10 18:11:14,991| C-In: 23.10 18:11:16,087|
lab29-94-<0.91.0>-T3: Msg #839, C-Out: 23.10 18:11:14,991| HBQ-In: 23.10 18:11:14,991| DQ-In: 23.10 18:11:14,991| C-In: 23.10 18:11:16,087|
lab29-88-<0.118.0>-T3: Msg #840, C-Out: 23.10 18:11:15,063| HBQ-In: 23.10 18:11:15,063| DQ-In: 23.10 18:11:15,063| C-In: 23.10 18:11:16,087|
Fehlernachricht fuer Luecke von 841 bis 841 C-In: 23.10 18:11:16,087|
lab29-83-<0.147.0>-T3: Msg #842, C-Out: 23.10 18:11:15,074| HBQ-In: 23.10 18:11:15,075| DQ-In: 23.10 18:11:15,153|******* C-In: 23.10 18:11:16,088|
lab29-78-<0.180.0>-T3: Msg #843, C-Out: 23.10 18:11:15,077| HBQ-In: 23.10 18:11:15,077| DQ-In: 23.10 18:11:15,153| C-In: 23.10 18:11:16,088|
lab29-73-<0.332.0>-T3: Msg #844, C-Out: 23.10 18:11:15,082| HBQ-In: 23.10 18:11:15,082| DQ-In: 23.10 18:11:15,153| C-In: 23.10 18:11:16,088|
lab29-68-<0.633.0>-T3: Msg #845, C-Out: 23.10 18:11:15,088| HBQ-In: 23.10 18:11:15,090| DQ-In: 23.10 18:11:15,153| C-In: 23.10 18:11:16,089|
lab29-93-<0.95.0>-T3: Msg #846, C-Out: 23.10 18:11:15,104| HBQ-In: 23.10 18:11:15,104| DQ-In: 23.10 18:11:15,154| C-In: 23.10 18:11:16,089|
lab29-98-<0.78.0>-T3: Msg #847, C-Out: 23.10 18:11:15,153| HBQ-In: 23.10 18:11:15,153| DQ-In: 23.10 18:11:15,154| C-In: 23.10 18:11:16,090|
Fehlernachricht fuer Luecke von 848 bis 848 C-In: 23.10 18:11:16,090|
lab29-87-<0.123.0>-T3: Msg #849, C-Out: 23.10 18:11:15,272| HBQ-In: 23.10 18:11:15,272| DQ-In: 23.10 18:11:15,324| C-In: 23.10 18:11:16,090|
lab29-82-<0.153.0>-T3: Msg #850, C-Out: 23.10 18:11:15,280| HBQ-In: 23.10 18:11:15,280| DQ-In: 23.10 18:11:15,324| C-In: 23.10 18:11:16,090|
lab29-77-<0.187.0>-T3: Msg #851, C-Out: 23.10 18:11:15,283| HBQ-In: 23.10 18:11:15,283| DQ-In: 23.10 18:11:15,324| C-In: 23.10 18:11:16,091|
lab29-72-<0.396.0>-T3: Msg #852, C-Out: 23.10 18:11:15,283| HBQ-In: 23.10 18:11:15,283| DQ-In: 23.10 18:11:15,324| C-In: 23.10 18:11:16,091|
lab29-67-<0.708.0>-T3: Msg #853, C-Out: 23.10 18:11:15,285| HBQ-In: 23.10 18:11:15,286| DQ-In: 23.10 18:11:15,324| C-In: 23.10 18:11:16,091|
lab29-92-<0.99.0>-T3: Msg #854, C-Out: 23.10 18:11:15,322| HBQ-In: 23.10 18:11:15,324| DQ-In: 23.10 18:11:15,324| C-In: 23.10 18:11:16,092|
lab29-97-<0.81.0>-T3: Msg #855, C-Out: 23.10 18:11:15,433| HBQ-In: 23.10 18:11:15,435| DQ-In: 23.10 18:11:15,435| C-In: 23.10 18:11:16,092|
3-client@lab23: 856. Nachricht--Gruppe:1-Team:5-Sendezeit:18:11:14 HBQ-In: 23.10 18:11:14,454| DQ-In: 23.10 18:11:15,435| C-In: 23.10 18:11:16,092|
1-client@lab23: 857. Nachricht--Gruppe:1-Team:5-Sendezeit:18:11:14 HBQ-In: 23.10 18:11:14,455| DQ-In: 23.10 18:11:15,435| C-In: 23.10 18:11:16,093|
2-client@lab23: 858. Nachricht--Gruppe:1-Team:5-Sendezeit:18:11:14 HBQ-In: 23.10 18:11:14,457| DQ-In: 23.10 18:11:15,435| C-In: 23.10 18:11:16,093|
5-client@lab23: 859. Nachricht--Gruppe:1-Team:5-Sendezeit:18:11:14 HBQ-In: 23.10 18:11:14,457| DQ-In: 23.10 18:11:15,435| C-In: 23.10 18:11:16,096|
4-client@lab23: 860. Nachricht--Gruppe:1-Team:5-Sendezeit:18:11:14 HBQ-In: 23.10 18:11:14,457| DQ-In: 23.10 18:11:15,435| C-In: 23.10 18:11:16,099|
3-client@lab23: 861. Nachricht--Gruppe:1-Team:5-Sendezeit:18:11:14 HBQ-In: 23.10 18:11:14,458| DQ-In: 23.10 18:11:15,435| C-In: 23.10 18:11:16,101|
1-client@lab23: 862. Nachricht--Gruppe:1-Team:5-Sendezeit:18:11:14 HBQ-In: 23.10 18:11:14,458| DQ-In: 23.10 18:11:15,435| C-In: 23.10 18:11:16,104|
4-client@lab23: 863. Nachricht--Gruppe:1-Team:5-Sendezeit:18:11:14 HBQ-In: 23.10 18:11:14,459| DQ-In: 23.10 18:11:15,435| C-In: 23.10 18:11:16,106|
5-client@lab23: 864. Nachricht--Gruppe:1-Team:5-Sendezeit:18:11:14 HBQ-In: 23.10 18:11:14,460| DQ-In: 23.10 18:11:15,436| C-In: 23.10 18:11:16,106|
2-client@lab23: 865. Nachricht--Gruppe:1-Team:5-Sendezeit:18:11:14 HBQ-In: 23.10 18:11:14,460| DQ-In: 23.10 18:11:15,436| C-In: 23.10 18:11:16,107|
3-client@lab23: 866. Nachricht--Gruppe:1-Team:5-Sendezeit:18:11:14 HBQ-In: 23.10 18:11:14,461| DQ-In: 23.10 18:11:15,436| C-In: 23.10 18:11:16,107|
1-client@lab23: 867. Nachricht--Gruppe:1-Team:5-Sendezeit:18:11:14 HBQ-In: 23.10 18:11:14,461| DQ-In: 23.10 18:11:15,436| C-In: 23.10 18:11:16,107|
4-client@lab23: 868. Nachricht--Gruppe:1-Team:5-Sendezeit:18:11:14 HBQ-In: 23.10 18:11:14,465| DQ-In: 23.10 18:11:15,436| C-In: 23.10 18:11:16,108|
5-client@lab23: 869. Nachricht--Gruppe:1-Team:5-Sendezeit:18:11:14 HBQ-In: 23.10 18:11:14,465| DQ-In: 23.10 18:11:15,436| C-In: 23.10 18:11:16,108|
2-client@lab23: 870. Nachricht--Gruppe:1-Team:5-Sendezeit:18:11:14 HBQ-In: 23.10 18:11:14,466| DQ-In: 23.10 18:11:15,436| C-In: 23.10 18:11:16,108|
3-client@lab23: 871. Nachricht--Gruppe:1-Team:5-Sendezeit:18:11:14 HBQ-In: 23.10 18:11:14,466| DQ-In: 23.10 18:11:15,436| C-In: 23.10 18:11:16,109|
1-client@lab23: 872. Nachricht--Gruppe:1-Team:5-Sendezeit:18:11:14 HBQ-In: 23.10 18:11:14,466| DQ-In: 23.10 18:11:15,436| C-In: 23.10 18:11:16,111|
4-client@lab23: 873. Nachricht--Gruppe:1-Team:5-Sendezeit:18:11:14 HBQ-In: 23.10 18:11:14,467| DQ-In: 23.10 18:11:15,436| C-In: 23.10 18:11:16,111|
5-client@lab23: 874. Nachricht--Gruppe:1-Team:5-Sendezeit:18:11:14 HBQ-In: 23.10 18:11:14,467| DQ-In: 23.10 18:11:15,436| C-In: 23.10 18:11:16,111|
2-client@lab23: 875. Nachricht--Gruppe:1-Team:5-Sendezeit:18:11:14 HBQ-In: 23.10 18:11:14,468| DQ-In: 23.10 18:11:15,436| C-In: 23.10 18:11:16,112|
Fehlernachricht fuer Luecke von 876 bis 881 C-In: 23.10 18:11:16,112|
lab29-86-<0.129.0>-T3: Msg #882, C-Out: 23.10 18:11:15,472| HBQ-In: 23.10 18:11:15,472| DQ-In: 23.10 18:11:16,085| C-In: 23.10 18:11:16,112|
lab29-81-<0.159.0>-T3: Msg #883, C-Out: 23.10 18:11:15,474| HBQ-In: 23.10 18:11:15,474| DQ-In: 23.10 18:11:16,085| C-In: 23.10 18:11:16,113|
lab29-76-<0.194.0>-T3: Msg #884, C-Out: 23.10 18:11:15,482| HBQ-In: 23.10 18:11:15,482| DQ-In: 23.10 18:11:16,085| C-In: 23.10 18:11:16,113|
lab29-71-<0.461.0>-T3: Msg #885, C-Out: 23.10 18:11:15,485| HBQ-In: 23.10 18:11:15,486| DQ-In: 23.10 18:11:16,085| C-In: 23.10 18:11:16,113|
lab29-66-<0.743.0>-T3: Msg #886, C-Out: 23.10 18:11:15,486| HBQ-In: 23.10 18:11:15,486| DQ-In: 23.10 18:11:16,085| C-In: 23.10 18:11:16,114|
lab29-91-<0.103.0>-T3: Msg #887, C-Out: 23.10 18:11:15,547| HBQ-In: 23.10 18:11:15,547| DQ-In: 23.10 18:11:16,085| C-In: 23.10 18:11:16,114|
lab29-96-<0.84.0>-T3: Msg #888, C-Out: 23.10 18:11:15,591| HBQ-In: 23.10 18:11:15,591| DQ-In: 23.10 18:11:16,085| C-In: 23.10 18:11:16,114|
ReceiveMsgs done
lab29-83-<0.147.0>-T3: Msg #961, C-Out: 23.10 18:11:17,115| gesendet
lab29-83-<0.147.0>-T3: Msg #1018, C-Out: 23.10 18:11:18,116| gesendet
lab29-83-<0.147.0>-T3: Msg #1077, C-Out: 23.10 18:11:19,117| gesendet
lab29-83-<0.147.0>-T3: Msg #1167, C-Out: 23.10 18:11:20,118| gesendet
lab29-83-<0.147.0>-T3: Msg #1234, C-Out: 23.10 18:11:21,120| gesendet
Neues Intervall: 1.5 Sekunden
Msg #1311 um 23.10 18:11:21,122| vergessen zu senden
Fehlernachricht fuer Luecke von 1149 bis 1149 C-In: 23.10 18:11:21,125|
Fehlernachricht fuer Luecke von 1158 bis 1159 C-In: 23.10 18:11:21,126|
lab29-63-<0.983.0>-T3: Msg #1160, C-Out: 23.10 18:11:20,099| HBQ-In: 23.10 18:11:20,100| DQ-In: 23.10 18:11:20,522| C-In: 23.10 18:11:21,126|
Fehlernachricht fuer Luecke von 1161 bis 1161 C-In: 23.10 18:11:21,126|
lab29-58-<0.1296.0>-T3: Msg #1162, C-Out: 23.10 18:11:20,103| HBQ-In: 23.10 18:11:20,103| DQ-In: 23.10 18:11:20,538| C-In: 23.10 18:11:21,126|
lab29-53-<0.1650.0>-T3: Msg #1163, C-Out: 23.10 18:11:20,106| HBQ-In: 23.10 18:11:20,106| DQ-In: 23.10 18:11:20,538| C-In: 23.10 18:11:21,127|
lab29-48-<0.2035.0>-T3: Msg #1164, C-Out: 23.10 18:11:20,116| HBQ-In: 23.10 18:11:20,117| DQ-In: 23.10 18:11:20,538| C-In: 23.10 18:11:21,127|
Fehlernachricht fuer Luecke von 1165 bis 1165 C-In: 23.10 18:11:21,127|
lab29-43-<0.2458.0>-T3: Msg #1166, C-Out: 23.10 18:11:20,117| HBQ-In: 23.10 18:11:20,117| DQ-In: 23.10 18:11:20,610| C-In: 23.10 18:11:21,127|
lab29-83-<0.147.0>-T3: Msg #1167, C-Out: 23.10 18:11:20,118| HBQ-In: 23.10 18:11:20,118| DQ-In: 23.10 18:11:20,610|******* C-In: 23.10 18:11:21,130|
lab29-78-<0.180.0>-T3: Msg #1168, C-Out: 23.10 18:11:20,121| HBQ-In: 23.10 18:11:20,121| DQ-In: 23.10 18:11:20,610| C-In: 23.10 18:11:21,131|
lab29-88-<0.118.0>-T3: Msg #1169, C-Out: 23.10 18:11:20,122| HBQ-In: 23.10 18:11:20,125| DQ-In: 23.10 18:11:20,610| C-In: 23.10 18:11:21,131|
lab29-73-<0.332.0>-T3: Msg #1170, C-Out: 23.10 18:11:20,123| HBQ-In: 23.10 18:11:20,126| DQ-In: 23.10 18:11:20,610| C-In: 23.10 18:11:21,131|
lab29-68-<0.633.0>-T3: Msg #1171, C-Out: 23.10 18:11:20,133| HBQ-In: 23.10 18:11:20,134| DQ-In: 23.10 18:11:20,610| C-In: 23.10 18:11:21,131|
lab29-93-<0.95.0>-T3: Msg #1172, C-Out: 23.10 18:11:20,653| HBQ-In: 23.10 18:11:20,653| DQ-In: 23.10 18:11:20,653| C-In: 23.10 18:11:21,132|
Fehlernachricht fuer Luecke von 1173 bis 1173 C-In: 23.10 18:11:21,132|
lab29-62-<0.1043.0>-T3: Msg #1174, C-Out: 23.10 18:11:20,301| HBQ-In: 23.10 18:11:20,302| DQ-In: 23.10 18:11:20,714| C-In: 23.10 18:11:21,132|
lab29-57-<0.1365.0>-T3: Msg #1175, C-Out: 23.10 18:11:20,305| HBQ-In: 23.10 18:11:20,305| DQ-In: 23.10 18:11:20,714| C-In: 23.10 18:11:21,133|
lab29-87-<0.123.0>-T3: Msg #1176, C-Out: 23.10 18:11:20,315| HBQ-In: 23.10 18:11:20,315| DQ-In: 23.10 18:11:20,714| C-In: 23.10 18:11:21,133|
lab29-47-<0.2127.0>-T3: Msg #1177, C-Out: 23.10 18:11:20,319| HBQ-In: 23.10 18:11:20,319| DQ-In: 23.10 18:11:20,714| C-In: 23.10 18:11:21,133|
lab29-52-<0.1713.0>-T3: Msg #1178, C-Out: 23.10 18:11:20,319| HBQ-In: 23.10 18:11:20,319| DQ-In: 23.10 18:11:20,714| C-In: 23.10 18:11:21,134|
lab29-82-<0.153.0>-T3: Msg #1179, C-Out: 23.10 18:11:20,319| HBQ-In: 23.10 18:11:20,319| DQ-In: 23.10 18:11:20,714| C-In: 23.10 18:11:21,134|
lab29-42-<0.2545.0>-T3: Msg #1180, C-Out: 23.10 18:11:20,320| HBQ-In: 23.10 18:11:20,322| DQ-In: 23.10 18:11:20,714| C-In: 23.10 18:11:21,134|
lab29-72-<0.396.0>-T3: Msg #1181, C-Out: 23.10 18:11:20,327| HBQ-In: 23.10 18:11:20,329| DQ-In: 23.10 18:11:20,714| C-In: 23.10 18:11:21,134|
Fehlernachricht fuer Luecke von 1182 bis 1182 C-In: 23.10 18:11:21,135|
lab29-67-<0.708.0>-T3: Msg #1183, C-Out: 23.10 18:11:20,341| HBQ-In: 23.10 18:11:20,341| DQ-In: 23.10 18:11:20,906| C-In: 23.10 18:11:21,135|
lab29-77-<0.187.0>-T3: Msg #1184, C-Out: 23.10 18:11:20,381| HBQ-In: 23.10 18:11:20,381| DQ-In: 23.10 18:11:20,906| C-In: 23.10 18:11:21,137|
lab29-100-<0.40.0>-T3: Msg #1185, C-Out: 23.10 18:11:20,882| HBQ-In: 23.10 18:11:20,882| DQ-In: 23.10 18:11:20,906| C-In: 23.10 18:11:21,138|
lab29-92-<0.99.0>-T3: Msg #1186, C-Out: 23.10 18:11:20,897| HBQ-In: 23.10 18:11:20,897| DQ-In: 23.10 18:11:20,906| C-In: 23.10 18:11:21,138|
Fehlernachricht fuer Luecke von 1187 bis 1188 C-In: 23.10 18:11:21,138|
lab29-61-<0.1100.0>-T3: Msg #1189, C-Out: 23.10 18:11:20,504| HBQ-In: 23.10 18:11:20,505| DQ-In: 23.10 18:11:20,923| C-In: 23.10 18:11:21,139|
lab29-56-<0.1439.0>-T3: Msg #1190, C-Out: 23.10 18:11:20,507| HBQ-In: 23.10 18:11:20,508| DQ-In: 23.10 18:11:20,923| C-In: 23.10 18:11:21,139|
lab29-51-<0.1789.0>-T3: Msg #1191, C-Out: 23.10 18:11:20,512| HBQ-In: 23.10 18:11:20,513| DQ-In: 23.10 18:11:20,923| C-In: 23.10 18:11:21,139|
lab29-81-<0.159.0>-T3: Msg #1192, C-Out: 23.10 18:11:20,512| HBQ-In: 23.10 18:11:20,513| DQ-In: 23.10 18:11:20,923| C-In: 23.10 18:11:21,140|
lab29-46-<0.2213.0>-T3: Msg #1193, C-Out: 23.10 18:11:20,513| HBQ-In: 23.10 18:11:20,513| DQ-In: 23.10 18:11:20,923| C-In: 23.10 18:11:21,141|
lab29-41-<0.2632.0>-T3: Msg #1194, C-Out: 23.10 18:11:20,521| HBQ-In: 23.10 18:11:20,521| DQ-In: 23.10 18:11:20,923| C-In: 23.10 18:11:21,143|
lab29-66-<0.743.0>-T3: Msg #1195, C-Out: 23.10 18:11:20,538| HBQ-In: 23.10 18:11:20,538| DQ-In: 23.10 18:11:20,923| C-In: 23.10 18:11:21,145|
Fehlernachricht fuer Luecke von 1196 bis 1196 C-In: 23.10 18:11:21,146|
lab29-86-<0.129.0>-T3: Msg #1197, C-Out: 23.10 18:11:20,567| HBQ-In: 23.10 18:11:20,568| DQ-In: 23.10 18:11:21,107| C-In: 23.10 18:11:21,146|
lab29-76-<0.194.0>-T3: Msg #1198, C-Out: 23.10 18:11:20,587| HBQ-In: 23.10 18:11:20,589| DQ-In: 23.10 18:11:21,107| C-In: 23.10 18:11:21,147|
lab29-91-<0.103.0>-T3: Msg #1199, C-Out: 23.10 18:11:21,102| HBQ-In: 23.10 18:11:21,104| DQ-In: 23.10 18:11:21,107| C-In: 23.10 18:11:21,147|
lab29-71-<0.461.0>-T3: Msg #1200, C-Out: 23.10 18:11:20,609| HBQ-In: 23.10 18:11:20,610| DQ-In: 23.10 18:11:21,107| C-In: 23.10 18:11:21,147|
Fehlernachricht fuer Luecke von 1201 bis 1202 C-In: 23.10 18:11:21,148|
lab29-85-<0.133.0>-T3: Msg #1203, C-Out: 23.10 18:11:20,707| HBQ-In: 23.10 18:11:20,708| DQ-In: 23.10 18:11:21,125| C-In: 23.10 18:11:21,150|
lab29-60-<0.1170.0>-T3: Msg #1204, C-Out: 23.10 18:11:20,707| HBQ-In: 23.10 18:11:20,708| DQ-In: 23.10 18:11:21,125| C-In: 23.10 18:11:21,150|
lab29-55-<0.1513.0>-T3: Msg #1205, C-Out: 23.10 18:11:20,708| HBQ-In: 23.10 18:11:20,708| DQ-In: 23.10 18:11:21,125| C-In: 23.10 18:11:21,152|
lab29-50-<0.1864.0>-T3: Msg #1206, C-Out: 23.10 18:11:20,708| HBQ-In: 23.10 18:11:20,708| DQ-In: 23.10 18:11:21,125| C-In: 23.10 18:11:21,153|
lab29-45-<0.2293.0>-T3: Msg #1207, C-Out: 23.10 18:11:20,713| HBQ-In: 23.10 18:11:20,713| DQ-In: 23.10 18:11:21,125| C-In: 23.10 18:11:21,154|
lab29-70-<0.519.0>-T3: Msg #1208, C-Out: 23.10 18:11:20,714| HBQ-In: 23.10 18:11:20,714| DQ-In: 23.10 18:11:21,125| C-In: 23.10 18:11:21,154|
lab29-40-<0.2707.0>-T3: Msg #1209, C-Out: 23.10 18:11:20,720| HBQ-In: 23.10 18:11:20,720| DQ-In: 23.10 18:11:21,125| C-In: 23.10 18:11:21,154|
lab29-65-<0.819.0>-T3: Msg #1210, C-Out: 23.10 18:11:20,724| HBQ-In: 23.10 18:11:20,724| DQ-In: 23.10 18:11:21,125| C-In: 23.10 18:11:21,155|
ReceiveMsgs done
lab29-83-<0.147.0>-T3: Msg #1319, C-Out: 23.10 18:11:22,657| gesendet
lab29-83-<0.147.0>-T3: Msg #1453, C-Out: 23.10 18:11:24,158| gesendet
lab29-83-<0.147.0>-T3: Msg #1580, C-Out: 23.10 18:11:25,659| gesendet
lab29-83-<0.147.0>-T3: Msg #1712, C-Out: 23.10 18:11:27,161| gesendet
lab29-83-<0.147.0>-T3: Msg #1881, C-Out: 23.10 18:11:28,663| gesendet
Neues Intervall: 2.25 Sekunden
Msg #2028 um 23.10 18:11:28,663| vergessen zu senden
3-client@lab23: 1819. Nachricht--Gruppe:1-Team:5-Sendezeit:18:11:26 HBQ-In: 23.10 18:11:26,641| DQ-In: 23.10 18:11:27,766| C-In: 23.10 18:11:28,664|
5-client@lab23: 1820. Nachricht--Gruppe:1-Team:5-Sendezeit:18:11:26 HBQ-In: 23.10 18:11:26,641| DQ-In: 23.10 18:11:27,766| C-In: 23.10 18:11:28,664|
2-client@lab23: 1821. Nachricht--Gruppe:1-Team:5-Sendezeit:18:11:26 HBQ-In: 23.10 18:11:26,644| DQ-In: 23.10 18:11:27,766| C-In: 23.10 18:11:28,664|
5-client@lab23: 1822. Nachricht--Gruppe:1-Team:5-Sendezeit:18:11:26 HBQ-In: 23.10 18:11:26,644| DQ-In: 23.10 18:11:27,766| C-In: 23.10 18:11:28,665|
1-client@lab23: 1823. Nachricht--Gruppe:1-Team:5-Sendezeit:18:11:26 HBQ-In: 23.10 18:11:26,644| DQ-In: 23.10 18:11:27,766| C-In: 23.10 18:11:28,667|
4-client@lab23: 1824. Nachricht--Gruppe:1-Team:5-Sendezeit:18:11:26 HBQ-In: 23.10 18:11:26,645| DQ-In: 23.10 18:11:27,766| C-In: 23.10 18:11:28,669|
3-client@lab23: 1825. Nachricht--Gruppe:1-Team:5-Sendezeit:18:11:26 HBQ-In: 23.10 18:11:26,645| DQ-In: 23.10 18:11:27,766| C-In: 23.10 18:11:28,672|
Fehlernachricht fuer Luecke von 1826 bis 1837 C-In: 23.10 18:11:28,673|
lab29-25-<0.3973.0>-T3: Msg #1838, C-Out: 23.10 18:11:27,750| HBQ-In: 23.10 18:11:27,750| DQ-In: 23.10 18:11:28,163| C-In: 23.10 18:11:28,675|
lab29-20-<0.4365.0>-T3: Msg #1839, C-Out: 23.10 18:11:27,750| HBQ-In: 23.10 18:11:27,750| DQ-In: 23.10 18:11:28,163| C-In: 23.10 18:11:28,678|
lab29-35-<0.3134.0>-T3: Msg #1840, C-Out: 23.10 18:11:27,751| HBQ-In: 23.10 18:11:27,751| DQ-In: 23.10 18:11:28,163| C-In: 23.10 18:11:28,681|
lab29-15-<0.4762.0>-T3: Msg #1841, C-Out: 23.10 18:11:27,753| HBQ-In: 23.10 18:11:27,753| DQ-In: 23.10 18:11:28,163| C-In: 23.10 18:11:28,681|
lab29-10-<0.5112.0>-T3: Msg #1842, C-Out: 23.10 18:11:27,756| HBQ-In: 23.10 18:11:27,756| DQ-In: 23.10 18:11:28,163| C-In: 23.10 18:11:28,683|
lab29-5-<0.5513.0>-T3: Msg #1843, C-Out: 23.10 18:11:27,766| HBQ-In: 23.10 18:11:27,766| DQ-In: 23.10 18:11:28,163| C-In: 23.10 18:11:28,686|
lab29-40-<0.2707.0>-T3: Msg #1844, C-Out: 23.10 18:11:27,766| HBQ-In: 23.10 18:11:27,766| DQ-In: 23.10 18:11:28,163| C-In: 23.10 18:11:28,689|
lab29-70-<0.519.0>-T3: Msg #1845, C-Out: 23.10 18:11:28,271| HBQ-In: 23.10 18:11:28,271| DQ-In: 23.10 18:11:28,271| C-In: 23.10 18:11:28,692|
lab29-45-<0.2293.0>-T3: Msg #1846, C-Out: 23.10 18:11:27,772| HBQ-In: 23.10 18:11:27,772| DQ-In: 23.10 18:11:28,271| C-In: 23.10 18:11:28,692|
Fehlernachricht fuer Luecke von 1847 bis 1847 C-In: 23.10 18:11:28,694|
lab29-30-<0.3559.0>-T3: Msg #1848, C-Out: 23.10 18:11:27,805| HBQ-In: 23.10 18:11:27,805| DQ-In: 23.10 18:11:28,355| C-In: 23.10 18:11:28,694|
lab29-50-<0.1864.0>-T3: Msg #1849, C-Out: 23.10 18:11:27,812| HBQ-In: 23.10 18:11:27,812| DQ-In: 23.10 18:11:28,355| C-In: 23.10 18:11:28,695|
lab29-55-<0.1513.0>-T3: Msg #1850, C-Out: 23.10 18:11:28,311| HBQ-In: 23.10 18:11:28,312| DQ-In: 23.10 18:11:28,355| C-In: 23.10 18:11:28,695|
Fehlernachricht fuer Luecke von 1851 bis 1854 C-In: 23.10 18:11:28,695|
lab29-24-<0.4051.0>-T3: Msg #1855, C-Out: 23.10 18:11:27,947| HBQ-In: 23.10 18:11:27,947| DQ-In: 23.10 18:11:28,376| C-In: 23.10 18:11:28,696|
lab29-19-<0.4442.0>-T3: Msg #1856, C-Out: 23.10 18:11:27,951| HBQ-In: 23.10 18:11:27,953| DQ-In: 23.10 18:11:28,376| C-In: 23.10 18:11:28,696|
Fehlernachricht fuer Luecke von 1857 bis 1857 C-In: 23.10 18:11:28,696|
lab29-14-<0.4846.0>-T3: Msg #1858, C-Out: 23.10 18:11:27,955| HBQ-In: 23.10 18:11:27,955| DQ-In: 23.10 18:11:28,382| C-In: 23.10 18:11:28,697|
lab29-9-<0.5191.0>-T3: Msg #1859, C-Out: 23.10 18:11:27,959| HBQ-In: 23.10 18:11:27,959| DQ-In: 23.10 18:11:28,382| C-In: 23.10 18:11:28,699|
Fehlernachricht fuer Luecke von 1860 bis 1860 C-In: 23.10 18:11:28,699|
lab29-39-<0.2795.0>-T3: Msg #1861, C-Out: 23.10 18:11:27,964| HBQ-In: 23.10 18:11:27,964| DQ-In: 23.10 18:11:28,401| C-In: 23.10 18:11:28,702|
lab29-49-<0.1950.0>-T3: Msg #1862, C-Out: 23.10 18:11:27,964| HBQ-In: 23.10 18:11:27,964| DQ-In: 23.10 18:11:28,401| C-In: 23.10 18:11:28,704|
lab29-4-<0.5587.0>-T3: Msg #1863, C-Out: 23.10 18:11:27,964| HBQ-In: 23.10 18:11:27,964| DQ-In: 23.10 18:11:28,401| C-In: 23.10 18:11:28,705|
lab29-44-<0.2376.0>-T3: Msg #1864, C-Out: 23.10 18:11:27,970| HBQ-In: 23.10 18:11:27,970| DQ-In: 23.10 18:11:28,401| C-In: 23.10 18:11:28,705|
Fehlernachricht fuer Luecke von 1865 bis 1865 C-In: 23.10 18:11:28,705|
lab29-34-<0.3220.0>-T3: Msg #1866, C-Out: 23.10 18:11:27,978| HBQ-In: 23.10 18:11:27,978| DQ-In: 23.10 18:11:28,557| C-In: 23.10 18:11:28,706|
lab29-69-<0.583.0>-T3: Msg #1867, C-Out: 23.10 18:11:28,482| HBQ-In: 23.10 18:11:28,482| DQ-In: 23.10 18:11:28,557| C-In: 23.10 18:11:28,706|
lab29-29-<0.3641.0>-T3: Msg #1868, C-Out: 23.10 18:11:27,991| HBQ-In: 23.10 18:11:27,992| DQ-In: 23.10 18:11:28,557| C-In: 23.10 18:11:28,706|
lab29-54-<0.1586.0>-T3: Msg #1869, C-Out: 23.10 18:11:28,519| HBQ-In: 23.10 18:11:28,519| DQ-In: 23.10 18:11:28,557| C-In: 23.10 18:11:28,709|
Fehlernachricht fuer Luecke von 1870 bis 1874 C-In: 23.10 18:11:28,710|
lab29-23-<0.4130.0>-T3: Msg #1875, C-Out: 23.10 18:11:28,149| HBQ-In: 23.10 18:11:28,149| DQ-In: 23.10 18:11:28,570| C-In: 23.10 18:11:28,710|
lab29-18-<0.4519.0>-T3: Msg #1876, C-Out: 23.10 18:11:28,153| HBQ-In: 23.10 18:11:28,153| DQ-In: 23.10 18:11:28,570| C-In: 23.10 18:11:28,710|
Fehlernachricht fuer Luecke von 1877 bis 1877 C-In: 23.10 18:11:28,711|
lab29-13-<0.4921.0>-T3: Msg #1878, C-Out: 23.10 18:11:28,159| HBQ-In: 23.10 18:11:28,160| DQ-In: 23.10 18:11:28,582| C-In: 23.10 18:11:28,711|
lab29-8-<0.5273.0>-T3: Msg #1879, C-Out: 23.10 18:11:28,162| HBQ-In: 23.10 18:11:28,162| DQ-In: 23.10 18:11:28,582| C-In: 23.10 18:11:28,711|
lab29-48-<0.2035.0>-T3: Msg #1880, C-Out: 23.10 18:11:28,163| HBQ-In: 23.10 18:11:28,163| DQ-In: 23.10 18:11:28,582| C-In: 23.10 18:11:28,712|
lab29-83-<0.147.0>-T3: Msg #1881, C-Out: 23.10 18:11:28,663| HBQ-In: 23.10 18:11:28,663| DQ-In: 23.10 18:11:28,663|******* C-In: 23.10 18:11:28,712|
lab29-38-<0.2880.0>-T3: Msg #1882, C-Out: 23.10 18:11:28,163| HBQ-In: 23.10 18:11:28,163| DQ-In: 23.10 18:11:28,663| C-In: 23.10 18:11:28,713|
lab29-3-<0.5663.0>-T3: Msg #1883, C-Out: 23.10 18:11:28,164| HBQ-In: 23.10 18:11:28,164| DQ-In: 23.10 18:11:28,663| C-In: 23.10 18:11:28,713|
lab29-43-<0.2458.0>-T3: Msg #1884, C-Out: 23.10 18:11:28,181| HBQ-In: 23.10 18:11:28,181| DQ-In: 23.10 18:11:28,663| C-In: 23.10 18:11:28,713|
lab29-33-<0.3306.0>-T3: Msg #1885, C-Out: 23.10 18:11:28,181| HBQ-In: 23.10 18:11:28,181| DQ-In: 23.10 18:11:28,663| C-In: 23.10 18:11:28,714|
lab29-28-<0.3729.0>-T3: Msg #1886, C-Out: 23.10 18:11:28,199| HBQ-In: 23.10 18:11:28,199| DQ-In: 23.10 18:11:28,663| C-In: 23.10 18:11:28,714|
lab29-53-<0.1650.0>-T3: Msg #1887, C-Out: 23.10 18:11:28,699| HBQ-In: 23.10 18:11:28,699| DQ-In: 23.10 18:11:28,699| C-In: 23.10 18:11:28,714|
ReceiveMsgs done
lab29-83-<0.147.0>-T3: Msg #2030, C-Out: 23.10 18:11:30,966| gesendet
lab29-83-<0.147.0>-T3: Msg #2255, C-Out: 23.10 18:11:33,222| gesendet
lab29-83-<0.147.0>-T3: Msg #2446, C-Out: 23.10 18:11:35,474| gesendet
lab29-83-<0.147.0>-T3: Msg #2633, C-Out: 23.10 18:11:37,725| gesendet
lab29-83-<0.147.0>-T3: Msg #2791, C-Out: 23.10 18:11:39,976| gesendet
Neues Intervall: 3.375 Sekunden
