lab29-72-<0.396.0>-T3 C-Start: 23.10 18:11:13,279|
lab29-72-<0.396.0>-T3: Msg #815, C-Out: 23.10 18:11:14,281| gesendet
lab29-72-<0.396.0>-T3: Msg #852, C-Out: 23.10 18:11:15,283| gesendet
lab29-72-<0.396.0>-T3: Msg #918, C-Out: 23.10 18:11:16,286| gesendet
lab29-72-<0.396.0>-T3: Msg #966, C-Out: 23.10 18:11:17,287| gesendet
lab29-72-<0.396.0>-T3: Msg #1022, C-Out: 23.10 18:11:18,291| gesendet
Neues Intervall: 1 Sekunden
Msg #1083 um 23.10 18:11:18,291| vergessen zu senden
lab29-74-<0.266.0>-T3: Msg #946, C-Out: 23.10 18:11:16,883| HBQ-In: 23.10 18:11:16,883| DQ-In: 23.10 18:11:17,329| C-In: 23.10 18:11:18,292|
lab29-69-<0.583.0>-T3: Msg #947, C-Out: 23.10 18:11:16,890| HBQ-In: 23.10 18:11:16,890| DQ-In: 23.10 18:11:17,329| C-In: 23.10 18:11:18,292|
lab29-64-<0.899.0>-T3: Msg #948, C-Out: 23.10 18:11:16,892| HBQ-In: 23.10 18:11:16,892| DQ-In: 23.10 18:11:17,329| C-In: 23.10 18:11:18,292|
lab29-59-<0.1234.0>-T3: Msg #949, C-Out: 23.10 18:11:16,896| HBQ-In: 23.10 18:11:16,896| DQ-In: 23.10 18:11:17,329| C-In: 23.10 18:11:18,293|
lab29-89-<0.113.0>-T3: Msg #950, C-Out: 23.10 18:11:16,900| HBQ-In: 23.10 18:11:16,902| DQ-In: 23.10 18:11:17,329| C-In: 23.10 18:11:18,293|
lab29-84-<0.140.0>-T3: Msg #951, C-Out: 23.10 18:11:16,900| HBQ-In: 23.10 18:11:16,902| DQ-In: 23.10 18:11:17,329| C-In: 23.10 18:11:18,293|
lab29-99-<0.49.0>-T3: Msg #952, C-Out: 23.10 18:11:16,942| HBQ-In: 23.10 18:11:16,943| DQ-In: 23.10 18:11:17,329| C-In: 23.10 18:11:18,295|
lab29-94-<0.91.0>-T3: Msg #953, C-Out: 23.10 18:11:16,995| HBQ-In: 23.10 18:11:16,995| DQ-In: 23.10 18:11:17,329| C-In: 23.10 18:11:18,298|
Fehlernachricht fuer Luecke von 954 bis 954 C-In: 23.10 18:11:18,298|
lab29-78-<0.180.0>-T3: Msg #955, C-Out: 23.10 18:11:17,083| HBQ-In: 23.10 18:11:17,084| DQ-In: 23.10 18:11:17,556| C-In: 23.10 18:11:18,298|
lab29-73-<0.332.0>-T3: Msg #956, C-Out: 23.10 18:11:17,086| HBQ-In: 23.10 18:11:17,087| DQ-In: 23.10 18:11:17,556| C-In: 23.10 18:11:18,299|
lab29-68-<0.633.0>-T3: Msg #957, C-Out: 23.10 18:11:17,092| HBQ-In: 23.10 18:11:17,092| DQ-In: 23.10 18:11:17,556| C-In: 23.10 18:11:18,299|
lab29-63-<0.983.0>-T3: Msg #958, C-Out: 23.10 18:11:17,093| HBQ-In: 23.10 18:11:17,093| DQ-In: 23.10 18:11:17,556| C-In: 23.10 18:11:18,300|
lab29-58-<0.1296.0>-T3: Msg #959, C-Out: 23.10 18:11:17,097| HBQ-In: 23.10 18:11:17,099| DQ-In: 23.10 18:11:17,556| C-In: 23.10 18:11:18,300|
lab29-93-<0.95.0>-T3: Msg #960, C-Out: 23.10 18:11:17,107| HBQ-In: 23.10 18:11:17,108| DQ-In: 23.10 18:11:17,556| C-In: 23.10 18:11:18,300|
lab29-83-<0.147.0>-T3: Msg #961, C-Out: 23.10 18:11:17,115| HBQ-In: 23.10 18:11:17,115| DQ-In: 23.10 18:11:17,556| C-In: 23.10 18:11:18,301|
lab29-88-<0.118.0>-T3: Msg #962, C-Out: 23.10 18:11:17,119| HBQ-In: 23.10 18:11:17,119| DQ-In: 23.10 18:11:17,556| C-In: 23.10 18:11:18,303|
lab29-98-<0.78.0>-T3: Msg #963, C-Out: 23.10 18:11:17,157| HBQ-In: 23.10 18:11:17,157| DQ-In: 23.10 18:11:17,556| C-In: 23.10 18:11:18,303|
Fehlernachricht fuer Luecke von 964 bis 964 C-In: 23.10 18:11:18,303|
lab29-77-<0.187.0>-T3: Msg #965, C-Out: 23.10 18:11:17,287| HBQ-In: 23.10 18:11:17,287| DQ-In: 23.10 18:11:17,757| C-In: 23.10 18:11:18,304|
lab29-72-<0.396.0>-T3: Msg #966, C-Out: 23.10 18:11:17,287| HBQ-In: 23.10 18:11:17,287| DQ-In: 23.10 18:11:17,758|******* C-In: 23.10 18:11:18,304|
lab29-67-<0.708.0>-T3: Msg #967, C-Out: 23.10 18:11:17,290| HBQ-In: 23.10 18:11:17,292| DQ-In: 23.10 18:11:17,758| C-In: 23.10 18:11:18,304|
lab29-62-<0.1043.0>-T3: Msg #968, C-Out: 23.10 18:11:17,293| HBQ-In: 23.10 18:11:17,294| DQ-In: 23.10 18:11:17,758| C-In: 23.10 18:11:18,305|
lab29-57-<0.1365.0>-T3: Msg #969, C-Out: 23.10 18:11:17,300| HBQ-In: 23.10 18:11:17,302| DQ-In: 23.10 18:11:17,758| C-In: 23.10 18:11:18,307|
lab29-87-<0.123.0>-T3: Msg #970, C-Out: 23.10 18:11:17,309| HBQ-In: 23.10 18:11:17,309| DQ-In: 23.10 18:11:17,758| C-In: 23.10 18:11:18,309|
lab29-82-<0.153.0>-T3: Msg #971, C-Out: 23.10 18:11:17,313| HBQ-In: 23.10 18:11:17,313| DQ-In: 23.10 18:11:17,758| C-In: 23.10 18:11:18,310|
lab29-92-<0.99.0>-T3: Msg #972, C-Out: 23.10 18:11:17,329| HBQ-In: 23.10 18:11:17,329| DQ-In: 23.10 18:11:17,758| C-In: 23.10 18:11:18,310|
lab29-97-<0.81.0>-T3: Msg #973, C-Out: 23.10 18:11:17,438| HBQ-In: 23.10 18:11:17,438| DQ-In: 23.10 18:11:17,758| C-In: 23.10 18:11:18,311|
Fehlernachricht fuer Luecke von 974 bis 979 C-In: 23.10 18:11:18,311|
lab29-66-<0.743.0>-T3: Msg #980, C-Out: 23.10 18:11:17,488| HBQ-In: 23.10 18:11:17,488| DQ-In: 23.10 18:11:17,903| C-In: 23.10 18:11:18,311|
lab29-71-<0.461.0>-T3: Msg #981, C-Out: 23.10 18:11:17,488| HBQ-In: 23.10 18:11:17,488| DQ-In: 23.10 18:11:17,903| C-In: 23.10 18:11:18,312|
lab29-76-<0.194.0>-T3: Msg #982, C-Out: 23.10 18:11:17,488| HBQ-In: 23.10 18:11:17,488| DQ-In: 23.10 18:11:17,903| C-In: 23.10 18:11:18,312|
lab29-61-<0.1100.0>-T3: Msg #983, C-Out: 23.10 18:11:17,499| HBQ-In: 23.10 18:11:17,499| DQ-In: 23.10 18:11:17,903| C-In: 23.10 18:11:18,312|
lab29-56-<0.1439.0>-T3: Msg #984, C-Out: 23.10 18:11:17,502| HBQ-In: 23.10 18:11:17,503| DQ-In: 23.10 18:11:17,903| C-In: 23.10 18:11:18,313|
lab29-81-<0.159.0>-T3: Msg #985, C-Out: 23.10 18:11:17,506| HBQ-In: 23.10 18:11:17,507| DQ-In: 23.10 18:11:17,903| C-In: 23.10 18:11:18,313|
lab29-91-<0.103.0>-T3: Msg #986, C-Out: 23.10 18:11:17,553| HBQ-In: 23.10 18:11:17,554| DQ-In: 23.10 18:11:17,903| C-In: 23.10 18:11:18,313|
lab29-86-<0.129.0>-T3: Msg #987, C-Out: 23.10 18:11:17,556| HBQ-In: 23.10 18:11:17,556| DQ-In: 23.10 18:11:17,903| C-In: 23.10 18:11:18,314|
lab29-96-<0.84.0>-T3: Msg #988, C-Out: 23.10 18:11:17,593| HBQ-In: 23.10 18:11:17,593| DQ-In: 23.10 18:11:17,903| C-In: 23.10 18:11:18,314|
Fehlernachricht fuer Luecke von 989 bis 989 C-In: 23.10 18:11:18,314|
lab29-75-<0.200.0>-T3: Msg #990, C-Out: 23.10 18:11:17,691| HBQ-In: 23.10 18:11:17,691| DQ-In: 23.10 18:11:18,110| C-In: 23.10 18:11:18,315|
lab29-70-<0.519.0>-T3: Msg #991, C-Out: 23.10 18:11:17,691| HBQ-In: 23.10 18:11:17,691| DQ-In: 23.10 18:11:18,110| C-In: 23.10 18:11:18,315|
lab29-65-<0.819.0>-T3: Msg #992, C-Out: 23.10 18:11:17,691| HBQ-In: 23.10 18:11:17,691| DQ-In: 23.10 18:11:18,110| C-In: 23.10 18:11:18,315|
lab29-85-<0.133.0>-T3: Msg #993, C-Out: 23.10 18:11:17,701| HBQ-In: 23.10 18:11:17,703| DQ-In: 23.10 18:11:18,110| C-In: 23.10 18:11:18,316|
lab29-60-<0.1170.0>-T3: Msg #994, C-Out: 23.10 18:11:17,701| HBQ-In: 23.10 18:11:17,703| DQ-In: 23.10 18:11:18,110| C-In: 23.10 18:11:18,316|
lab29-55-<0.1513.0>-T3: Msg #995, C-Out: 23.10 18:11:17,702| HBQ-In: 23.10 18:11:17,705| DQ-In: 23.10 18:11:18,110| C-In: 23.10 18:11:18,316|
lab29-80-<0.164.0>-T3: Msg #996, C-Out: 23.10 18:11:17,757| HBQ-In: 23.10 18:11:17,757| DQ-In: 23.10 18:11:18,111| C-In: 23.10 18:11:18,317|
lab29-90-<0.107.0>-T3: Msg #997, C-Out: 23.10 18:11:17,757| HBQ-In: 23.10 18:11:17,757| DQ-In: 23.10 18:11:18,111| C-In: 23.10 18:11:18,317|
lab29-100-<0.40.0>-T3: Msg #998, C-Out: 23.10 18:11:17,769| HBQ-In: 23.10 18:11:17,770| DQ-In: 23.10 18:11:18,111| C-In: 23.10 18:11:18,317|
lab29-95-<0.87.0>-T3: Msg #999, C-Out: 23.10 18:11:17,769| HBQ-In: 23.10 18:11:17,770| DQ-In: 23.10 18:11:18,111| C-In: 23.10 18:11:18,318|
lab29-74-<0.266.0>-T3: Msg #1000, C-Out: 23.10 18:11:17,888| HBQ-In: 23.10 18:11:17,888| DQ-In: 23.10 18:11:18,111| C-In: 23.10 18:11:18,318|
Fehlernachricht fuer Luecke von 1001 bis 1001 C-In: 23.10 18:11:18,320|
lab29-69-<0.583.0>-T3: Msg #1002, C-Out: 23.10 18:11:17,894| HBQ-In: 23.10 18:11:17,894| DQ-In: 23.10 18:11:18,314| C-In: 23.10 18:11:18,320|
lab29-64-<0.899.0>-T3: Msg #1003, C-Out: 23.10 18:11:17,894| HBQ-In: 23.10 18:11:17,894| DQ-In: 23.10 18:11:18,314| C-In: 23.10 18:11:18,321|
lab29-59-<0.1234.0>-T3: Msg #1004, C-Out: 23.10 18:11:17,897| HBQ-In: 23.10 18:11:17,898| DQ-In: 23.10 18:11:18,314| C-In: 23.10 18:11:18,321|
lab29-89-<0.113.0>-T3: Msg #1005, C-Out: 23.10 18:11:17,903| HBQ-In: 23.10 18:11:17,903| DQ-In: 23.10 18:11:18,314| C-In: 23.10 18:11:18,321|
lab29-84-<0.140.0>-T3: Msg #1006, C-Out: 23.10 18:11:17,903| HBQ-In: 23.10 18:11:17,903| DQ-In: 23.10 18:11:18,314| C-In: 23.10 18:11:18,321|
lab29-54-<0.1586.0>-T3: Msg #1007, C-Out: 23.10 18:11:17,903| HBQ-In: 23.10 18:11:17,903| DQ-In: 23.10 18:11:18,314| C-In: 23.10 18:11:18,322|
lab29-99-<0.49.0>-T3: Msg #1008, C-Out: 23.10 18:11:17,949| HBQ-In: 23.10 18:11:17,950| DQ-In: 23.10 18:11:18,314| C-In: 23.10 18:11:18,322|
lab29-79-<0.173.0>-T3: Msg #1009, C-Out: 23.10 18:11:17,954| HBQ-In: 23.10 18:11:17,954| DQ-In: 23.10 18:11:18,314| C-In: 23.10 18:11:18,322|
lab29-94-<0.91.0>-T3: Msg #1010, C-Out: 23.10 18:11:17,998| HBQ-In: 23.10 18:11:17,998| DQ-In: 23.10 18:11:18,314| C-In: 23.10 18:11:18,323|
ReceiveMsgs done
lab29-72-<0.396.0>-T3: Msg #1091, C-Out: 23.10 18:11:19,325| gesendet
lab29-72-<0.396.0>-T3: Msg #1181, C-Out: 23.10 18:11:20,327| gesendet
lab29-72-<0.396.0>-T3: Msg #1251, C-Out: 23.10 18:11:21,331| gesendet
lab29-72-<0.396.0>-T3: Msg #1329, C-Out: 23.10 18:11:22,332| gesendet
lab29-72-<0.396.0>-T3: Msg #1402, C-Out: 23.10 18:11:23,333| gesendet
Neues Intervall: 1.5 Sekunden
Msg #1506 um 23.10 18:11:23,333| vergessen zu senden
Fehlernachricht fuer Luecke von 1335 bis 1337 C-In: 23.10 18:11:23,333|
lab29-51-<0.1789.0>-T3: Msg #1338, C-Out: 23.10 18:11:22,517| HBQ-In: 23.10 18:11:22,517| DQ-In: 23.10 18:11:22,585| C-In: 23.10 18:11:23,334|
lab29-46-<0.2213.0>-T3: Msg #1339, C-Out: 23.10 18:11:22,517| HBQ-In: 23.10 18:11:22,517| DQ-In: 23.10 18:11:22,585| C-In: 23.10 18:11:23,334|
Fehlernachricht fuer Luecke von 1340 bis 1340 C-In: 23.10 18:11:23,334|
lab29-41-<0.2632.0>-T3: Msg #1341, C-Out: 23.10 18:11:22,528| HBQ-In: 23.10 18:11:22,529| DQ-In: 23.10 18:11:22,586| C-In: 23.10 18:11:23,335|
lab29-36-<0.3048.0>-T3: Msg #1342, C-Out: 23.10 18:11:22,528| HBQ-In: 23.10 18:11:22,529| DQ-In: 23.10 18:11:22,586| C-In: 23.10 18:11:23,335|
lab29-31-<0.3480.0>-T3: Msg #1343, C-Out: 23.10 18:11:22,530| HBQ-In: 23.10 18:11:22,530| DQ-In: 23.10 18:11:22,586| C-In: 23.10 18:11:23,335|
lab29-66-<0.743.0>-T3: Msg #1344, C-Out: 23.10 18:11:22,540| HBQ-In: 23.10 18:11:22,540| DQ-In: 23.10 18:11:22,586| C-In: 23.10 18:11:23,335|
lab29-56-<0.1439.0>-T3: Msg #1345, C-Out: 23.10 18:11:22,545| HBQ-In: 23.10 18:11:22,545| DQ-In: 23.10 18:11:22,586| C-In: 23.10 18:11:23,336|
Fehlernachricht fuer Luecke von 1346 bis 1346 C-In: 23.10 18:11:23,337|
lab29-61-<0.1100.0>-T3: Msg #1347, C-Out: 23.10 18:11:22,570| HBQ-In: 23.10 18:11:22,570| DQ-In: 23.10 18:11:22,719| C-In: 23.10 18:11:23,339|
lab29-76-<0.194.0>-T3: Msg #1348, C-Out: 23.10 18:11:22,591| HBQ-In: 23.10 18:11:22,592| DQ-In: 23.10 18:11:22,719| C-In: 23.10 18:11:23,339|
lab29-71-<0.461.0>-T3: Msg #1349, C-Out: 23.10 18:11:22,614| HBQ-In: 23.10 18:11:22,614| DQ-In: 23.10 18:11:22,719| C-In: 23.10 18:11:23,339|
Fehlernachricht fuer Luecke von 1350 bis 1351 C-In: 23.10 18:11:23,340|
lab29-50-<0.1864.0>-T3: Msg #1352, C-Out: 23.10 18:11:22,712| HBQ-In: 23.10 18:11:22,713| DQ-In: 23.10 18:11:22,726| C-In: 23.10 18:11:23,341|
Fehlernachricht fuer Luecke von 1353 bis 1353 C-In: 23.10 18:11:23,341|
lab29-45-<0.2293.0>-T3: Msg #1354, C-Out: 23.10 18:11:22,718| HBQ-In: 23.10 18:11:22,719| DQ-In: 23.10 18:11:22,736| C-In: 23.10 18:11:23,341|
lab29-70-<0.519.0>-T3: Msg #1355, C-Out: 23.10 18:11:22,718| HBQ-In: 23.10 18:11:22,719| DQ-In: 23.10 18:11:22,736| C-In: 23.10 18:11:23,343|
lab29-40-<0.2707.0>-T3: Msg #1356, C-Out: 23.10 18:11:22,722| HBQ-In: 23.10 18:11:22,723| DQ-In: 23.10 18:11:22,736| C-In: 23.10 18:11:23,344|
lab29-35-<0.3134.0>-T3: Msg #1357, C-Out: 23.10 18:11:22,726| HBQ-In: 23.10 18:11:22,726| DQ-In: 23.10 18:11:22,736| C-In: 23.10 18:11:23,344|
lab29-65-<0.819.0>-T3: Msg #1358, C-Out: 23.10 18:11:22,726| HBQ-In: 23.10 18:11:22,726| DQ-In: 23.10 18:11:22,736| C-In: 23.10 18:11:23,344|
lab29-30-<0.3559.0>-T3: Msg #1359, C-Out: 23.10 18:11:22,736| HBQ-In: 23.10 18:11:22,736| DQ-In: 23.10 18:11:22,736| C-In: 23.10 18:11:23,345|
lab29-60-<0.1170.0>-T3: Msg #1360, C-Out: 23.10 18:11:22,740| HBQ-In: 23.10 18:11:22,741| DQ-In: 23.10 18:11:22,741| C-In: 23.10 18:11:23,345|
Fehlernachricht fuer Luecke von 1361 bis 1361 C-In: 23.10 18:11:23,346|
lab29-55-<0.1513.0>-T3: Msg #1362, C-Out: 23.10 18:11:22,766| HBQ-In: 23.10 18:11:22,766| DQ-In: 23.10 18:11:22,930| C-In: 23.10 18:11:23,346|
lab29-75-<0.200.0>-T3: Msg #1363, C-Out: 23.10 18:11:22,789| HBQ-In: 23.10 18:11:22,792| DQ-In: 23.10 18:11:22,930| C-In: 23.10 18:11:23,346|
Fehlernachricht fuer Luecke von 1364 bis 1367 C-In: 23.10 18:11:23,346|
lab29-49-<0.1950.0>-T3: Msg #1368, C-Out: 23.10 18:11:22,912| HBQ-In: 23.10 18:11:22,912| DQ-In: 23.10 18:11:22,933| C-In: 23.10 18:11:23,347|
lab29-44-<0.2376.0>-T3: Msg #1369, C-Out: 23.10 18:11:22,917| HBQ-In: 23.10 18:11:22,918| DQ-In: 23.10 18:11:22,933| C-In: 23.10 18:11:23,347|
lab29-39-<0.2795.0>-T3: Msg #1370, C-Out: 23.10 18:11:22,930| HBQ-In: 23.10 18:11:22,930| DQ-In: 23.10 18:11:22,933| C-In: 23.10 18:11:23,347|
lab29-34-<0.3220.0>-T3: Msg #1371, C-Out: 23.10 18:11:22,930| HBQ-In: 23.10 18:11:22,930| DQ-In: 23.10 18:11:22,933| C-In: 23.10 18:11:23,353|
lab29-64-<0.899.0>-T3: Msg #1372, C-Out: 23.10 18:11:22,931| HBQ-In: 23.10 18:11:22,931| DQ-In: 23.10 18:11:22,933| C-In: 23.10 18:11:23,355|
lab29-69-<0.583.0>-T3: Msg #1373, C-Out: 23.10 18:11:22,933| HBQ-In: 23.10 18:11:22,933| DQ-In: 23.10 18:11:22,933| C-In: 23.10 18:11:23,355|
lab29-29-<0.3641.0>-T3: Msg #1374, C-Out: 23.10 18:11:22,937| HBQ-In: 23.10 18:11:22,937| DQ-In: 23.10 18:11:22,937| C-In: 23.10 18:11:23,355|
lab29-59-<0.1234.0>-T3: Msg #1375, C-Out: 23.10 18:11:22,944| HBQ-In: 23.10 18:11:22,944| DQ-In: 23.10 18:11:22,944| C-In: 23.10 18:11:23,356|
Fehlernachricht fuer Luecke von 1376 bis 1376 C-In: 23.10 18:11:23,356|
lab29-54-<0.1586.0>-T3: Msg #1377, C-Out: 23.10 18:11:22,964| HBQ-In: 23.10 18:11:22,964| DQ-In: 23.10 18:11:23,132| C-In: 23.10 18:11:23,357|
lab29-74-<0.266.0>-T3: Msg #1378, C-Out: 23.10 18:11:22,971| HBQ-In: 23.10 18:11:22,971| DQ-In: 23.10 18:11:23,132| C-In: 23.10 18:11:23,358|
Fehlernachricht fuer Luecke von 1379 bis 1382 C-In: 23.10 18:11:23,358|
lab29-43-<0.2458.0>-T3: Msg #1383, C-Out: 23.10 18:11:23,124| HBQ-In: 23.10 18:11:23,125| DQ-In: 23.10 18:11:23,135| C-In: 23.10 18:11:23,358|
lab29-48-<0.2035.0>-T3: Msg #1384, C-Out: 23.10 18:11:23,124| HBQ-In: 23.10 18:11:23,125| DQ-In: 23.10 18:11:23,135| C-In: 23.10 18:11:23,359|
Fehlernachricht fuer Luecke von 1385 bis 1385 C-In: 23.10 18:11:23,362|
lab29-33-<0.3306.0>-T3: Msg #1386, C-Out: 23.10 18:11:23,131| HBQ-In: 23.10 18:11:23,131| DQ-In: 23.10 18:11:23,145| C-In: 23.10 18:11:23,364|
lab29-73-<0.332.0>-T3: Msg #1387, C-Out: 23.10 18:11:23,132| HBQ-In: 23.10 18:11:23,132| DQ-In: 23.10 18:11:23,145| C-In: 23.10 18:11:23,364|
lab29-38-<0.2880.0>-T3: Msg #1388, C-Out: 23.10 18:11:23,132| HBQ-In: 23.10 18:11:23,132| DQ-In: 23.10 18:11:23,145| C-In: 23.10 18:11:23,364|
lab29-28-<0.3729.0>-T3: Msg #1389, C-Out: 23.10 18:11:23,135| HBQ-In: 23.10 18:11:23,135| DQ-In: 23.10 18:11:23,145| C-In: 23.10 18:11:23,365|
lab29-68-<0.633.0>-T3: Msg #1390, C-Out: 23.10 18:11:23,137| HBQ-In: 23.10 18:11:23,137| DQ-In: 23.10 18:11:23,145| C-In: 23.10 18:11:23,365|
lab29-53-<0.1650.0>-T3: Msg #1391, C-Out: 23.10 18:11:23,145| HBQ-In: 23.10 18:11:23,145| DQ-In: 23.10 18:11:23,145| C-In: 23.10 18:11:23,365|
lab29-63-<0.983.0>-T3: Msg #1392, C-Out: 23.10 18:11:23,149| HBQ-In: 23.10 18:11:23,150| DQ-In: 23.10 18:11:23,150| C-In: 23.10 18:11:23,366|
lab29-58-<0.1296.0>-T3: Msg #1393, C-Out: 23.10 18:11:23,152| HBQ-In: 23.10 18:11:23,152| DQ-In: 23.10 18:11:23,152| C-In: 23.10 18:11:23,366|
Fehlernachricht fuer Luecke von 1394 bis 1396 C-In: 23.10 18:11:23,366|
lab29-47-<0.2127.0>-T3: Msg #1397, C-Out: 23.10 18:11:23,324| HBQ-In: 23.10 18:11:23,324| DQ-In: 23.10 18:11:23,337| C-In: 23.10 18:11:23,367|
Fehlernachricht fuer Luecke von 1398 bis 1398 C-In: 23.10 18:11:23,369|
lab29-37-<0.2967.0>-T3: Msg #1399, C-Out: 23.10 18:11:23,330| HBQ-In: 23.10 18:11:23,330| DQ-In: 23.10 18:11:23,345| C-In: 23.10 18:11:23,369|
lab29-42-<0.2545.0>-T3: Msg #1400, C-Out: 23.10 18:11:23,330| HBQ-In: 23.10 18:11:23,330| DQ-In: 23.10 18:11:23,345| C-In: 23.10 18:11:23,375|
lab29-32-<0.3394.0>-T3: Msg #1401, C-Out: 23.10 18:11:23,330| HBQ-In: 23.10 18:11:23,330| DQ-In: 23.10 18:11:23,345| C-In: 23.10 18:11:23,377|
lab29-72-<0.396.0>-T3: Msg #1402, C-Out: 23.10 18:11:23,333| HBQ-In: 23.10 18:11:23,333| DQ-In: 23.10 18:11:23,345|******* C-In: 23.10 18:11:23,377|
lab29-27-<0.3815.0>-T3: Msg #1403, C-Out: 23.10 18:11:23,337| HBQ-In: 23.10 18:11:23,337| DQ-In: 23.10 18:11:23,345| C-In: 23.10 18:11:23,378|
lab29-67-<0.708.0>-T3: Msg #1404, C-Out: 23.10 18:11:23,345| HBQ-In: 23.10 18:11:23,345| DQ-In: 23.10 18:11:23,345| C-In: 23.10 18:11:23,378|
lab29-62-<0.1043.0>-T3: Msg #1405, C-Out: 23.10 18:11:23,353| HBQ-In: 23.10 18:11:23,355| DQ-In: 23.10 18:11:23,355| C-In: 23.10 18:11:23,380|
lab29-52-<0.1713.0>-T3: Msg #1406, C-Out: 23.10 18:11:23,375| HBQ-In: 23.10 18:11:23,377| DQ-In: 23.10 18:11:23,377| C-In: 23.10 18:11:23,380|
ReceiveMsgs done
lab29-72-<0.396.0>-T3: Msg #1515, C-Out: 23.10 18:11:24,882| gesendet
lab29-72-<0.396.0>-T3: Msg #1641, C-Out: 23.10 18:11:26,384| gesendet
lab29-72-<0.396.0>-T3: Msg #1783, C-Out: 23.10 18:11:27,886| gesendet
lab29-72-<0.396.0>-T3: Msg #1948, C-Out: 23.10 18:11:29,387| gesendet
lab29-72-<0.396.0>-T3: Msg #2091, C-Out: 23.10 18:11:30,888| gesendet
Neues Intervall: 2.25 Sekunden
Msg #2250 um 23.10 18:11:30,888| vergessen zu senden
lab29-24-<0.4051.0>-T3: Msg #2057, C-Out: 23.10 18:11:29,974| HBQ-In: 23.10 18:11:29,976| DQ-In: 23.10 18:11:30,576| C-In: 23.10 18:11:30,895|
lab29-34-<0.3220.0>-T3: Msg #2058, C-Out: 23.10 18:11:29,980| HBQ-In: 23.10 18:11:29,981| DQ-In: 23.10 18:11:30,576| C-In: 23.10 18:11:30,898|
lab29-29-<0.3641.0>-T3: Msg #2059, C-Out: 23.10 18:11:29,996| HBQ-In: 23.10 18:11:29,996| DQ-In: 23.10 18:11:30,576| C-In: 23.10 18:11:30,902|
lab29-59-<0.1234.0>-T3: Msg #2060, C-Out: 23.10 18:11:30,496| HBQ-In: 23.10 18:11:30,496| DQ-In: 23.10 18:11:30,576| C-In: 23.10 18:11:30,903|
lab29-19-<0.4442.0>-T3: Msg #2061, C-Out: 23.10 18:11:30,015| HBQ-In: 23.10 18:11:30,016| DQ-In: 23.10 18:11:30,576| C-In: 23.10 18:11:30,903|
lab29-74-<0.266.0>-T3: Msg #2062, C-Out: 23.10 18:11:30,520| HBQ-In: 23.10 18:11:30,522| DQ-In: 23.10 18:11:30,576| C-In: 23.10 18:11:30,904|
lab29-44-<0.2376.0>-T3: Msg #2063, C-Out: 23.10 18:11:30,522| HBQ-In: 23.10 18:11:30,522| DQ-In: 23.10 18:11:30,576| C-In: 23.10 18:11:30,904|
Fehlernachricht fuer Luecke von 2064 bis 2064 C-In: 23.10 18:11:30,904|
lab29-66-<0.743.0>-T3: Msg #2065, C-Out: 23.10 18:11:30,604| HBQ-In: 23.10 18:11:30,606| DQ-In: 23.10 18:11:30,626| C-In: 23.10 18:11:30,905|
Fehlernachricht fuer Luecke von 2066 bis 2066 C-In: 23.10 18:11:30,905|
lab29-51-<0.1789.0>-T3: Msg #2067, C-Out: 23.10 18:11:30,624| HBQ-In: 23.10 18:11:30,626| DQ-In: 23.10 18:11:30,667| C-In: 23.10 18:11:30,907|
Fehlernachricht fuer Luecke von 2068 bis 2068 C-In: 23.10 18:11:30,907|
lab29-13-<0.4921.0>-T3: Msg #2069, C-Out: 23.10 18:11:30,166| HBQ-In: 23.10 18:11:30,166| DQ-In: 23.10 18:11:30,695| C-In: 23.10 18:11:30,907|
lab29-8-<0.5273.0>-T3: Msg #2070, C-Out: 23.10 18:11:30,167| HBQ-In: 23.10 18:11:30,169| DQ-In: 23.10 18:11:30,695| C-In: 23.10 18:11:30,908|
lab29-73-<0.332.0>-T3: Msg #2071, C-Out: 23.10 18:11:30,667| HBQ-In: 23.10 18:11:30,667| DQ-In: 23.10 18:11:30,695| C-In: 23.10 18:11:30,908|
lab29-3-<0.5663.0>-T3: Msg #2072, C-Out: 23.10 18:11:30,167| HBQ-In: 23.10 18:11:30,169| DQ-In: 23.10 18:11:30,695| C-In: 23.10 18:11:30,909|
lab29-38-<0.2880.0>-T3: Msg #2073, C-Out: 23.10 18:11:30,167| HBQ-In: 23.10 18:11:30,167| DQ-In: 23.10 18:11:30,695| C-In: 23.10 18:11:30,909|
lab29-33-<0.3306.0>-T3: Msg #2074, C-Out: 23.10 18:11:30,183| HBQ-In: 23.10 18:11:30,191| DQ-In: 23.10 18:11:30,695| C-In: 23.10 18:11:30,909|
Fehlernachricht fuer Luecke von 2075 bis 2075 C-In: 23.10 18:11:30,910|
lab29-23-<0.4130.0>-T3: Msg #2076, C-Out: 23.10 18:11:30,187| HBQ-In: 23.10 18:11:30,191| DQ-In: 23.10 18:11:30,702| C-In: 23.10 18:11:30,910|
lab29-58-<0.1296.0>-T3: Msg #2077, C-Out: 23.10 18:11:30,695| HBQ-In: 23.10 18:11:30,695| DQ-In: 23.10 18:11:30,702| C-In: 23.10 18:11:30,911|
lab29-28-<0.3729.0>-T3: Msg #2078, C-Out: 23.10 18:11:30,201| HBQ-In: 23.10 18:11:30,202| DQ-In: 23.10 18:11:30,702| C-In: 23.10 18:11:30,911|
lab29-18-<0.4519.0>-T3: Msg #2079, C-Out: 23.10 18:11:30,209| HBQ-In: 23.10 18:11:30,210| DQ-In: 23.10 18:11:30,702| C-In: 23.10 18:11:30,911|
Fehlernachricht fuer Luecke von 2080 bis 2084 C-In: 23.10 18:11:30,912|
lab29-12-<0.4991.0>-T3: Msg #2085, C-Out: 23.10 18:11:30,359| HBQ-In: 23.10 18:11:30,360| DQ-In: 23.10 18:11:30,704| C-In: 23.10 18:11:30,914|
lab29-7-<0.5358.0>-T3: Msg #2086, C-Out: 23.10 18:11:30,367| HBQ-In: 23.10 18:11:30,367| DQ-In: 23.10 18:11:30,704| C-In: 23.10 18:11:30,915|
lab29-2-<0.5741.0>-T3: Msg #2087, C-Out: 23.10 18:11:30,376| HBQ-In: 23.10 18:11:30,376| DQ-In: 23.10 18:11:30,704| C-In: 23.10 18:11:30,915|
Fehlernachricht fuer Luecke von 2088 bis 2088 C-In: 23.10 18:11:30,918|
lab29-32-<0.3394.0>-T3: Msg #2089, C-Out: 23.10 18:11:30,379| HBQ-In: 23.10 18:11:30,381| DQ-In: 23.10 18:11:30,706| C-In: 23.10 18:11:30,918|
Fehlernachricht fuer Luecke von 2090 bis 2092 C-In: 23.10 18:11:30,918|
lab29-37-<0.2967.0>-T3: Msg #2093, C-Out: 23.10 18:11:30,398| HBQ-In: 23.10 18:11:30,398| DQ-In: 23.10 18:11:30,707| C-In: 23.10 18:11:30,919|
Fehlernachricht fuer Luecke von 2094 bis 2094 C-In: 23.10 18:11:30,919|
lab29-27-<0.3815.0>-T3: Msg #2095, C-Out: 23.10 18:11:30,403| HBQ-In: 23.10 18:11:30,403| DQ-In: 23.10 18:11:30,710| C-In: 23.10 18:11:30,919|
lab29-22-<0.4210.0>-T3: Msg #2096, C-Out: 23.10 18:11:30,405| HBQ-In: 23.10 18:11:30,406| DQ-In: 23.10 18:11:30,710| C-In: 23.10 18:11:30,920|
lab29-17-<0.4601.0>-T3: Msg #2097, C-Out: 23.10 18:11:30,430| HBQ-In: 23.10 18:11:30,430| DQ-In: 23.10 18:11:30,710| C-In: 23.10 18:11:30,920|
Fehlernachricht fuer Luecke von 2098 bis 2104 C-In: 23.10 18:11:30,923|
lab29-11-<0.5067.0>-T3: Msg #2105, C-Out: 23.10 18:11:30,561| HBQ-In: 23.10 18:11:30,566| DQ-In: 23.10 18:11:30,711| C-In: 23.10 18:11:30,923|
lab29-6-<0.5440.0>-T3: Msg #2106, C-Out: 23.10 18:11:30,571| HBQ-In: 23.10 18:11:30,571| DQ-In: 23.10 18:11:30,711| C-In: 23.10 18:11:30,923|
lab29-1-<0.5818.0>-T3: Msg #2107, C-Out: 23.10 18:11:30,576| HBQ-In: 23.10 18:11:30,576| DQ-In: 23.10 18:11:30,711| C-In: 23.10 18:11:30,926|
lab29-31-<0.3480.0>-T3: Msg #2108, C-Out: 23.10 18:11:30,581| HBQ-In: 23.10 18:11:30,586| DQ-In: 23.10 18:11:30,711| C-In: 23.10 18:11:30,929|
lab29-36-<0.3048.0>-T3: Msg #2109, C-Out: 23.10 18:11:30,585| HBQ-In: 23.10 18:11:30,586| DQ-In: 23.10 18:11:30,711| C-In: 23.10 18:11:30,932|
lab29-26-<0.3898.0>-T3: Msg #2110, C-Out: 23.10 18:11:30,596| HBQ-In: 23.10 18:11:30,597| DQ-In: 23.10 18:11:30,711| C-In: 23.10 18:11:30,935|
Fehlernachricht fuer Luecke von 2111 bis 2112 C-In: 23.10 18:11:30,941|
lab29-21-<0.4291.0>-T3: Msg #2113, C-Out: 23.10 18:11:30,617| HBQ-In: 23.10 18:11:30,617| DQ-In: 23.10 18:11:30,804| C-In: 23.10 18:11:30,944|
lab29-16-<0.4681.0>-T3: Msg #2114, C-Out: 23.10 18:11:30,626| HBQ-In: 23.10 18:11:30,626| DQ-In: 23.10 18:11:30,804| C-In: 23.10 18:11:30,944|
Fehlernachricht fuer Luecke von 2115 bis 2122 C-In: 23.10 18:11:30,946|
lab29-35-<0.3134.0>-T3: Msg #2123, C-Out: 23.10 18:11:30,759| HBQ-In: 23.10 18:11:30,760| DQ-In: 23.10 18:11:30,806| C-In: 23.10 18:11:30,947|
Fehlernachricht fuer Luecke von 2124 bis 2124 C-In: 23.10 18:11:30,947|
lab29-10-<0.5112.0>-T3: Msg #2125, C-Out: 23.10 18:11:30,761| HBQ-In: 23.10 18:11:30,763| DQ-In: 23.10 18:11:30,811| C-In: 23.10 18:11:30,949|
lab29-5-<0.5513.0>-T3: Msg #2126, C-Out: 23.10 18:11:30,776| HBQ-In: 23.10 18:11:30,778| DQ-In: 23.10 18:11:30,811| C-In: 23.10 18:11:30,949|
ReceiveMsgs done
lab29-72-<0.396.0>-T3: Msg #2253, C-Out: 23.10 18:11:33,200| gesendet
lab29-72-<0.396.0>-T3: Msg #2442, C-Out: 23.10 18:11:35,454| gesendet
lab29-72-<0.396.0>-T3: Msg #2631, C-Out: 23.10 18:11:37,706| gesendet
lab29-72-<0.396.0>-T3: Msg #2790, C-Out: 23.10 18:11:39,960| gesendet
