lab29-37-<0.2967.0>-T3 C-Start: 23.10 18:11:20,323|
lab29-37-<0.2967.0>-T3: Msg #1250, C-Out: 23.10 18:11:21,325| gesendet
lab29-37-<0.2967.0>-T3: Msg #1327, C-Out: 23.10 18:11:22,328| gesendet
lab29-37-<0.2967.0>-T3: Msg #1399, C-Out: 23.10 18:11:23,330| gesendet
lab29-37-<0.2967.0>-T3: Msg #1503, C-Out: 23.10 18:11:24,331| gesendet
lab29-37-<0.2967.0>-T3: Msg #1586, C-Out: 23.10 18:11:25,332| gesendet
Neues Intervall: 1 Sekunden
Msg #1676 um 23.10 18:11:25,332| vergessen zu senden
Fehlernachricht fuer Luecke von 1490 bis 1491 C-In: 23.10 18:11:25,333|
lab29-28-<0.3729.0>-T3: Msg #1492, C-Out: 23.10 18:11:24,136| HBQ-In: 23.10 18:11:24,136| DQ-In: 23.10 18:11:24,569| C-In: 23.10 18:11:25,335|
lab29-68-<0.633.0>-T3: Msg #1493, C-Out: 23.10 18:11:24,138| HBQ-In: 23.10 18:11:24,138| DQ-In: 23.10 18:11:24,569| C-In: 23.10 18:11:25,335|
lab29-23-<0.4130.0>-T3: Msg #1494, C-Out: 23.10 18:11:24,141| HBQ-In: 23.10 18:11:24,141| DQ-In: 23.10 18:11:24,569| C-In: 23.10 18:11:25,336|
lab29-53-<0.1650.0>-T3: Msg #1495, C-Out: 23.10 18:11:24,146| HBQ-In: 23.10 18:11:24,148| DQ-In: 23.10 18:11:24,569| C-In: 23.10 18:11:25,337|
lab29-63-<0.983.0>-T3: Msg #1496, C-Out: 23.10 18:11:24,152| HBQ-In: 23.10 18:11:24,152| DQ-In: 23.10 18:11:24,569| C-In: 23.10 18:11:25,337|
lab29-58-<0.1296.0>-T3: Msg #1497, C-Out: 23.10 18:11:24,155| HBQ-In: 23.10 18:11:24,155| DQ-In: 23.10 18:11:24,569| C-In: 23.10 18:11:25,337|
lab29-48-<0.2035.0>-T3: Msg #1498, C-Out: 23.10 18:11:24,157| HBQ-In: 23.10 18:11:24,157| DQ-In: 23.10 18:11:24,569| C-In: 23.10 18:11:25,340|
lab29-73-<0.332.0>-T3: Msg #1499, C-Out: 23.10 18:11:24,658| HBQ-In: 23.10 18:11:24,659| DQ-In: 23.10 18:11:24,659| C-In: 23.10 18:11:25,341|
lab29-88-<0.118.0>-T3: Msg #1500, C-Out: 23.10 18:11:24,665| HBQ-In: 23.10 18:11:24,666| DQ-In: 23.10 18:11:24,666| C-In: 23.10 18:11:25,343|
Fehlernachricht fuer Luecke von 1501 bis 1502 C-In: 23.10 18:11:25,347|
lab29-37-<0.2967.0>-T3: Msg #1503, C-Out: 23.10 18:11:24,331| HBQ-In: 23.10 18:11:24,331| DQ-In: 23.10 18:11:24,746|******* C-In: 23.10 18:11:25,347|
lab29-42-<0.2545.0>-T3: Msg #1504, C-Out: 23.10 18:11:24,331| HBQ-In: 23.10 18:11:24,331| DQ-In: 23.10 18:11:24,746| C-In: 23.10 18:11:25,347|
lab29-32-<0.3394.0>-T3: Msg #1505, C-Out: 23.10 18:11:24,331| HBQ-In: 23.10 18:11:24,331| DQ-In: 23.10 18:11:24,746| C-In: 23.10 18:11:25,348|
Fehlernachricht fuer Luecke von 1506 bis 1507 C-In: 23.10 18:11:25,348|
lab29-27-<0.3815.0>-T3: Msg #1508, C-Out: 23.10 18:11:24,340| HBQ-In: 23.10 18:11:24,340| DQ-In: 23.10 18:11:24,770| C-In: 23.10 18:11:25,348|
lab29-22-<0.4210.0>-T3: Msg #1509, C-Out: 23.10 18:11:24,341| HBQ-In: 23.10 18:11:24,342| DQ-In: 23.10 18:11:24,770| C-In: 23.10 18:11:25,349|
lab29-67-<0.708.0>-T3: Msg #1510, C-Out: 23.10 18:11:24,346| HBQ-In: 23.10 18:11:24,346| DQ-In: 23.10 18:11:24,770| C-In: 23.10 18:11:25,349|
lab29-62-<0.1043.0>-T3: Msg #1511, C-Out: 23.10 18:11:24,356| HBQ-In: 23.10 18:11:24,357| DQ-In: 23.10 18:11:24,770| C-In: 23.10 18:11:25,349|
lab29-47-<0.2127.0>-T3: Msg #1512, C-Out: 23.10 18:11:24,366| HBQ-In: 23.10 18:11:24,366| DQ-In: 23.10 18:11:24,770| C-In: 23.10 18:11:25,350|
lab29-87-<0.123.0>-T3: Msg #1513, C-Out: 23.10 18:11:24,868| HBQ-In: 23.10 18:11:24,869| DQ-In: 23.10 18:11:24,869| C-In: 23.10 18:11:25,350|
lab29-52-<0.1713.0>-T3: Msg #1514, C-Out: 23.10 18:11:24,380| HBQ-In: 23.10 18:11:24,380| DQ-In: 23.10 18:11:24,869| C-In: 23.10 18:11:25,350|
lab29-72-<0.396.0>-T3: Msg #1515, C-Out: 23.10 18:11:24,882| HBQ-In: 23.10 18:11:24,882| DQ-In: 23.10 18:11:24,882| C-In: 23.10 18:11:25,350|
lab29-57-<0.1365.0>-T3: Msg #1516, C-Out: 23.10 18:11:24,382| HBQ-In: 23.10 18:11:24,382| DQ-In: 23.10 18:11:24,882| C-In: 23.10 18:11:25,351|
Fehlernachricht fuer Luecke von 1517 bis 1518 C-In: 23.10 18:11:25,351|
lab29-41-<0.2632.0>-T3: Msg #1519, C-Out: 23.10 18:11:24,531| HBQ-In: 23.10 18:11:24,532| DQ-In: 23.10 18:11:24,946| C-In: 23.10 18:11:25,351|
lab29-36-<0.3048.0>-T3: Msg #1520, C-Out: 23.10 18:11:24,531| HBQ-In: 23.10 18:11:24,532| DQ-In: 23.10 18:11:24,946| C-In: 23.10 18:11:25,352|
lab29-31-<0.3480.0>-T3: Msg #1521, C-Out: 23.10 18:11:24,532| HBQ-In: 23.10 18:11:24,532| DQ-In: 23.10 18:11:24,946| C-In: 23.10 18:11:25,352|
lab29-26-<0.3898.0>-T3: Msg #1522, C-Out: 23.10 18:11:24,538| HBQ-In: 23.10 18:11:24,540| DQ-In: 23.10 18:11:24,946| C-In: 23.10 18:11:25,355|
Fehlernachricht fuer Luecke von 1523 bis 1523 C-In: 23.10 18:11:25,355|
lab29-66-<0.743.0>-T3: Msg #1524, C-Out: 23.10 18:11:24,548| HBQ-In: 23.10 18:11:24,548| DQ-In: 23.10 18:11:24,966| C-In: 23.10 18:11:25,356|
lab29-21-<0.4291.0>-T3: Msg #1525, C-Out: 23.10 18:11:24,547| HBQ-In: 23.10 18:11:24,548| DQ-In: 23.10 18:11:24,966| C-In: 23.10 18:11:25,356|
lab29-56-<0.1439.0>-T3: Msg #1526, C-Out: 23.10 18:11:24,547| HBQ-In: 23.10 18:11:24,548| DQ-In: 23.10 18:11:24,966| C-In: 23.10 18:11:25,356|
lab29-46-<0.2213.0>-T3: Msg #1527, C-Out: 23.10 18:11:24,551| HBQ-In: 23.10 18:11:24,551| DQ-In: 23.10 18:11:24,966| C-In: 23.10 18:11:25,357|
lab29-51-<0.1789.0>-T3: Msg #1528, C-Out: 23.10 18:11:24,568| HBQ-In: 23.10 18:11:24,569| DQ-In: 23.10 18:11:24,966| C-In: 23.10 18:11:25,357|
lab29-61-<0.1100.0>-T3: Msg #1529, C-Out: 23.10 18:11:24,574| HBQ-In: 23.10 18:11:24,575| DQ-In: 23.10 18:11:24,966| C-In: 23.10 18:11:25,357|
lab29-86-<0.129.0>-T3: Msg #1530, C-Out: 23.10 18:11:25,112| HBQ-In: 23.10 18:11:25,112| DQ-In: 23.10 18:11:25,112| C-In: 23.10 18:11:25,360|
Fehlernachricht fuer Luecke von 1531 bis 1536 C-In: 23.10 18:11:25,361|
lab29-40-<0.2707.0>-T3: Msg #1537, C-Out: 23.10 18:11:24,726| HBQ-In: 23.10 18:11:24,726| DQ-In: 23.10 18:11:25,149| C-In: 23.10 18:11:25,361|
lab29-35-<0.3134.0>-T3: Msg #1538, C-Out: 23.10 18:11:24,729| HBQ-In: 23.10 18:11:24,729| DQ-In: 23.10 18:11:25,149| C-In: 23.10 18:11:25,361|
lab29-65-<0.819.0>-T3: Msg #1539, C-Out: 23.10 18:11:24,729| HBQ-In: 23.10 18:11:24,729| DQ-In: 23.10 18:11:25,149| C-In: 23.10 18:11:25,362|
lab29-30-<0.3559.0>-T3: Msg #1540, C-Out: 23.10 18:11:24,741| HBQ-In: 23.10 18:11:24,741| DQ-In: 23.10 18:11:25,149| C-In: 23.10 18:11:25,362|
Fehlernachricht fuer Luecke von 1541 bis 1541 C-In: 23.10 18:11:25,362|
lab29-25-<0.3973.0>-T3: Msg #1542, C-Out: 23.10 18:11:24,746| HBQ-In: 23.10 18:11:24,746| DQ-In: 23.10 18:11:25,175| C-In: 23.10 18:11:25,365|
lab29-60-<0.1170.0>-T3: Msg #1543, C-Out: 23.10 18:11:24,746| HBQ-In: 23.10 18:11:24,746| DQ-In: 23.10 18:11:25,175| C-In: 23.10 18:11:25,365|
lab29-20-<0.4365.0>-T3: Msg #1544, C-Out: 23.10 18:11:24,746| HBQ-In: 23.10 18:11:24,746| DQ-In: 23.10 18:11:25,175| C-In: 23.10 18:11:25,365|
lab29-45-<0.2293.0>-T3: Msg #1545, C-Out: 23.10 18:11:24,766| HBQ-In: 23.10 18:11:24,766| DQ-In: 23.10 18:11:25,175| C-In: 23.10 18:11:25,378|
lab29-70-<0.519.0>-T3: Msg #1546, C-Out: 23.10 18:11:25,267| HBQ-In: 23.10 18:11:25,267| DQ-In: 23.10 18:11:25,267| C-In: 23.10 18:11:25,379|
lab29-55-<0.1513.0>-T3: Msg #1547, C-Out: 23.10 18:11:24,770| HBQ-In: 23.10 18:11:24,770| DQ-In: 23.10 18:11:25,267| C-In: 23.10 18:11:25,379|
lab29-50-<0.1864.0>-T3: Msg #1548, C-Out: 23.10 18:11:24,803| HBQ-In: 23.10 18:11:24,804| DQ-In: 23.10 18:11:25,267| C-In: 23.10 18:11:25,379|
Fehlernachricht fuer Luecke von 1549 bis 1552 C-In: 23.10 18:11:25,380|
lab29-34-<0.3220.0>-T3: Msg #1553, C-Out: 23.10 18:11:24,934| HBQ-In: 23.10 18:11:24,934| DQ-In: 23.10 18:11:25,360| C-In: 23.10 18:11:25,383|
lab29-39-<0.2795.0>-T3: Msg #1554, C-Out: 23.10 18:11:24,934| HBQ-In: 23.10 18:11:24,934| DQ-In: 23.10 18:11:25,360| C-In: 23.10 18:11:25,383|
lab29-64-<0.899.0>-T3: Msg #1555, C-Out: 23.10 18:11:24,934| HBQ-In: 23.10 18:11:24,934| DQ-In: 23.10 18:11:25,360| C-In: 23.10 18:11:25,384|
Fehlernachricht fuer Luecke von 1556 bis 1556 C-In: 23.10 18:11:25,384|
lab29-29-<0.3641.0>-T3: Msg #1557, C-Out: 23.10 18:11:24,941| HBQ-In: 23.10 18:11:24,941| DQ-In: 23.10 18:11:25,383| C-In: 23.10 18:11:25,384|
lab29-24-<0.4051.0>-T3: Msg #1558, C-Out: 23.10 18:11:24,941| HBQ-In: 23.10 18:11:24,941| DQ-In: 23.10 18:11:25,383| C-In: 23.10 18:11:25,385|
ReceiveMsgs done
lab29-37-<0.2967.0>-T3: Msg #1687, C-Out: 23.10 18:11:26,386| gesendet
lab29-37-<0.2967.0>-T3: Msg #1786, C-Out: 23.10 18:11:27,388| gesendet
lab29-37-<0.2967.0>-T3: Msg #1905, C-Out: 23.10 18:11:28,393| gesendet
lab29-37-<0.2967.0>-T3: Msg #1997, C-Out: 23.10 18:11:29,396| gesendet
lab29-37-<0.2967.0>-T3: Msg #2093, C-Out: 23.10 18:11:30,398| gesendet
Neues Intervall: 1.5 Sekunden
Msg #2180 um 23.10 18:11:30,398| vergessen zu senden
Fehlernachricht fuer Luecke von 1986 bis 1989 C-In: 23.10 18:11:30,398|
lab29-17-<0.4601.0>-T3: Msg #1990, C-Out: 23.10 18:11:29,353| HBQ-In: 23.10 18:11:29,354| DQ-In: 23.10 18:11:29,810| C-In: 23.10 18:11:30,399|
lab29-12-<0.4991.0>-T3: Msg #1991, C-Out: 23.10 18:11:29,357| HBQ-In: 23.10 18:11:29,357| DQ-In: 23.10 18:11:29,810| C-In: 23.10 18:11:30,399|
lab29-7-<0.5358.0>-T3: Msg #1992, C-Out: 23.10 18:11:29,362| HBQ-In: 23.10 18:11:29,364| DQ-In: 23.10 18:11:29,810| C-In: 23.10 18:11:30,399|
lab29-2-<0.5741.0>-T3: Msg #1993, C-Out: 23.10 18:11:29,371| HBQ-In: 23.10 18:11:29,373| DQ-In: 23.10 18:11:29,810| C-In: 23.10 18:11:30,400|
lab29-32-<0.3394.0>-T3: Msg #1994, C-Out: 23.10 18:11:29,378| HBQ-In: 23.10 18:11:29,378| DQ-In: 23.10 18:11:29,810| C-In: 23.10 18:11:30,400|
lab29-42-<0.2545.0>-T3: Msg #1995, C-Out: 23.10 18:11:29,383| HBQ-In: 23.10 18:11:29,383| DQ-In: 23.10 18:11:29,810| C-In: 23.10 18:11:30,403|
Fehlernachricht fuer Luecke von 1996 bis 1996 C-In: 23.10 18:11:30,403|
lab29-37-<0.2967.0>-T3: Msg #1997, C-Out: 23.10 18:11:29,396| HBQ-In: 23.10 18:11:29,397| DQ-In: 23.10 18:11:29,966|******* C-In: 23.10 18:11:30,403|
lab29-27-<0.3815.0>-T3: Msg #1998, C-Out: 23.10 18:11:29,402| HBQ-In: 23.10 18:11:29,402| DQ-In: 23.10 18:11:29,966| C-In: 23.10 18:11:30,404|
lab29-22-<0.4210.0>-T3: Msg #1999, C-Out: 23.10 18:11:29,404| HBQ-In: 23.10 18:11:29,404| DQ-In: 23.10 18:11:29,966| C-In: 23.10 18:11:30,404|
lab29-47-<0.2127.0>-T3: Msg #2000, C-Out: 23.10 18:11:29,925| HBQ-In: 23.10 18:11:29,925| DQ-In: 23.10 18:11:29,966| C-In: 23.10 18:11:30,404|
lab29-62-<0.1043.0>-T3: Msg #2001, C-Out: 23.10 18:11:29,929| HBQ-In: 23.10 18:11:29,929| DQ-In: 23.10 18:11:29,966| C-In: 23.10 18:11:30,405|
Fehlernachricht fuer Luecke von 2002 bis 2002 C-In: 23.10 18:11:30,408|
lab29-77-<0.187.0>-T3: Msg #2003, C-Out: 23.10 18:11:29,939| HBQ-In: 23.10 18:11:29,939| DQ-In: 23.10 18:11:29,996| C-In: 23.10 18:11:30,410|
Fehlernachricht fuer Luecke von 2004 bis 2004 C-In: 23.10 18:11:30,413|
lab29-69-<0.583.0>-T3: Msg #2005, C-Out: 23.10 18:11:29,983| HBQ-In: 23.10 18:11:29,983| DQ-In: 23.10 18:11:30,016| C-In: 23.10 18:11:30,430|
Fehlernachricht fuer Luecke von 2006 bis 2006 C-In: 23.10 18:11:30,430|
lab29-54-<0.1586.0>-T3: Msg #2007, C-Out: 23.10 18:11:30,022| HBQ-In: 23.10 18:11:30,022| DQ-In: 23.10 18:11:30,022| C-In: 23.10 18:11:30,431|
lab29-16-<0.4681.0>-T3: Msg #2008, C-Out: 23.10 18:11:29,559| HBQ-In: 23.10 18:11:29,559| DQ-In: 23.10 18:11:30,022| C-In: 23.10 18:11:30,431|
Fehlernachricht fuer Luecke von 2009 bis 2009 C-In: 23.10 18:11:30,432|
lab29-11-<0.5067.0>-T3: Msg #2010, C-Out: 23.10 18:11:29,560| HBQ-In: 23.10 18:11:29,560| DQ-In: 23.10 18:11:30,140| C-In: 23.10 18:11:30,432|
Fehlernachricht fuer Luecke von 2011 bis 2011 C-In: 23.10 18:11:30,432|
lab29-6-<0.5440.0>-T3: Msg #2012, C-Out: 23.10 18:11:29,568| HBQ-In: 23.10 18:11:29,568| DQ-In: 23.10 18:11:30,146| C-In: 23.10 18:11:30,433|
lab29-1-<0.5818.0>-T3: Msg #2013, C-Out: 23.10 18:11:29,573| HBQ-In: 23.10 18:11:29,573| DQ-In: 23.10 18:11:30,146| C-In: 23.10 18:11:30,434|
lab29-31-<0.3480.0>-T3: Msg #2014, C-Out: 23.10 18:11:29,578| HBQ-In: 23.10 18:11:29,578| DQ-In: 23.10 18:11:30,146| C-In: 23.10 18:11:30,434|
lab29-36-<0.3048.0>-T3: Msg #2015, C-Out: 23.10 18:11:29,583| HBQ-In: 23.10 18:11:29,584| DQ-In: 23.10 18:11:30,146| C-In: 23.10 18:11:30,436|
lab29-26-<0.3898.0>-T3: Msg #2016, C-Out: 23.10 18:11:29,594| HBQ-In: 23.10 18:11:29,594| DQ-In: 23.10 18:11:30,146| C-In: 23.10 18:11:30,436|
lab29-41-<0.2632.0>-T3: Msg #2017, C-Out: 23.10 18:11:29,603| HBQ-In: 23.10 18:11:29,604| DQ-In: 23.10 18:11:30,146| C-In: 23.10 18:11:30,437|
lab29-21-<0.4291.0>-T3: Msg #2018, C-Out: 23.10 18:11:29,615| HBQ-In: 23.10 18:11:29,616| DQ-In: 23.10 18:11:30,146| C-In: 23.10 18:11:30,437|
lab29-46-<0.2213.0>-T3: Msg #2019, C-Out: 23.10 18:11:30,115| HBQ-In: 23.10 18:11:30,116| DQ-In: 23.10 18:11:30,146| C-In: 23.10 18:11:30,437|
Fehlernachricht fuer Luecke von 2020 bis 2020 C-In: 23.10 18:11:30,438|
lab29-61-<0.1100.0>-T3: Msg #2021, C-Out: 23.10 18:11:30,140| HBQ-In: 23.10 18:11:30,140| DQ-In: 23.10 18:11:30,202| C-In: 23.10 18:11:30,438|
lab29-76-<0.194.0>-T3: Msg #2022, C-Out: 23.10 18:11:30,146| HBQ-In: 23.10 18:11:30,146| DQ-In: 23.10 18:11:30,202| C-In: 23.10 18:11:30,439|
Fehlernachricht fuer Luecke von 2023 bis 2028 C-In: 23.10 18:11:30,439|
lab29-53-<0.1650.0>-T3: Msg #2029, C-Out: 23.10 18:11:30,200| HBQ-In: 23.10 18:11:30,202| DQ-In: 23.10 18:11:30,239| C-In: 23.10 18:11:30,440|
Fehlernachricht fuer Luecke von 2030 bis 2030 C-In: 23.10 18:11:30,440|
lab29-68-<0.633.0>-T3: Msg #2031, C-Out: 23.10 18:11:30,238| HBQ-In: 23.10 18:11:30,239| DQ-In: 23.10 18:11:30,278| C-In: 23.10 18:11:30,440|
Fehlernachricht fuer Luecke von 2032 bis 2032 C-In: 23.10 18:11:30,441|
lab29-35-<0.3134.0>-T3: Msg #2033, C-Out: 23.10 18:11:29,754| HBQ-In: 23.10 18:11:29,755| DQ-In: 23.10 18:11:30,326| C-In: 23.10 18:11:30,442|
lab29-15-<0.4762.0>-T3: Msg #2034, C-Out: 23.10 18:11:29,755| HBQ-In: 23.10 18:11:29,755| DQ-In: 23.10 18:11:30,326| C-In: 23.10 18:11:30,442|
lab29-10-<0.5112.0>-T3: Msg #2035, C-Out: 23.10 18:11:29,760| HBQ-In: 23.10 18:11:29,760| DQ-In: 23.10 18:11:30,326| C-In: 23.10 18:11:30,444|
lab29-40-<0.2707.0>-T3: Msg #2036, C-Out: 23.10 18:11:29,770| HBQ-In: 23.10 18:11:29,771| DQ-In: 23.10 18:11:30,326| C-In: 23.10 18:11:30,445|
lab29-5-<0.5513.0>-T3: Msg #2037, C-Out: 23.10 18:11:29,770| HBQ-In: 23.10 18:11:29,771| DQ-In: 23.10 18:11:30,326| C-In: 23.10 18:11:30,445|
Fehlernachricht fuer Luecke von 2038 bis 2038 C-In: 23.10 18:11:30,445|
lab29-60-<0.1170.0>-T3: Msg #2039, C-Out: 23.10 18:11:30,278| HBQ-In: 23.10 18:11:30,278| DQ-In: 23.10 18:11:30,381| C-In: 23.10 18:11:30,446|
lab29-25-<0.3973.0>-T3: Msg #2040, C-Out: 23.10 18:11:29,801| HBQ-In: 23.10 18:11:29,801| DQ-In: 23.10 18:11:30,381| C-In: 23.10 18:11:30,446|
lab29-20-<0.4365.0>-T3: Msg #2041, C-Out: 23.10 18:11:29,804| HBQ-In: 23.10 18:11:29,805| DQ-In: 23.10 18:11:30,381| C-In: 23.10 18:11:30,446|
lab29-30-<0.3559.0>-T3: Msg #2042, C-Out: 23.10 18:11:29,810| HBQ-In: 23.10 18:11:29,810| DQ-In: 23.10 18:11:30,381| C-In: 23.10 18:11:30,449|
lab29-45-<0.2293.0>-T3: Msg #2043, C-Out: 23.10 18:11:30,326| HBQ-In: 23.10 18:11:30,326| DQ-In: 23.10 18:11:30,381| C-In: 23.10 18:11:30,449|
Fehlernachricht fuer Luecke von 2044 bis 2044 C-In: 23.10 18:11:30,450|
lab29-75-<0.200.0>-T3: Msg #2045, C-Out: 23.10 18:11:30,377| HBQ-In: 23.10 18:11:30,377| DQ-In: 23.10 18:11:30,430| C-In: 23.10 18:11:30,450|
lab29-67-<0.708.0>-T3: Msg #2046, C-Out: 23.10 18:11:30,389| HBQ-In: 23.10 18:11:30,389| DQ-In: 23.10 18:11:30,430| C-In: 23.10 18:11:30,450|
ReceiveMsgs done
lab29-37-<0.2967.0>-T3: Msg #2188, C-Out: 23.10 18:11:31,952| gesendet
lab29-37-<0.2967.0>-T3: Msg #2337, C-Out: 23.10 18:11:33,453| gesendet
lab29-37-<0.2967.0>-T3: Msg #2464, C-Out: 23.10 18:11:34,955| gesendet
lab29-37-<0.2967.0>-T3: Msg #2593, C-Out: 23.10 18:11:36,456| gesendet
lab29-37-<0.2967.0>-T3: Msg #2697, C-Out: 23.10 18:11:37,960| gesendet
Neues Intervall: 2.25 Sekunden
Msg #2804 um 23.10 18:11:37,961| vergessen zu senden
lab29-15-<0.4762.0>-T3: Msg #2590, C-Out: 23.10 18:11:36,396| HBQ-In: 23.10 18:11:36,397| DQ-In: 23.10 18:11:36,900| C-In: 23.10 18:11:37,961|
Fehlernachricht fuer Luecke von 2591 bis 2592 C-In: 23.10 18:11:37,962|
lab29-37-<0.2967.0>-T3: Msg #2593, C-Out: 23.10 18:11:36,456| HBQ-In: 23.10 18:11:36,458| DQ-In: 23.10 18:11:37,034|******* C-In: 23.10 18:11:37,962|
Fehlernachricht fuer Luecke von 2594 bis 2594 C-In: 23.10 18:11:37,962|
lab29-22-<0.4210.0>-T3: Msg #2595, C-Out: 23.10 18:11:36,471| HBQ-In: 23.10 18:11:36,473| DQ-In: 23.10 18:11:37,071| C-In: 23.10 18:11:37,963|
Fehlernachricht fuer Luecke von 2596 bis 2597 C-In: 23.10 18:11:37,963|
lab29-4-<0.5587.0>-T3: Msg #2598, C-Out: 23.10 18:11:36,013| HBQ-In: 23.10 18:11:36,015| DQ-In: 23.10 18:11:37,158| C-In: 23.10 18:11:37,964|
lab29-9-<0.5191.0>-T3: Msg #2599, C-Out: 23.10 18:11:36,027| HBQ-In: 23.10 18:11:36,028| DQ-In: 23.10 18:11:37,158| C-In: 23.10 18:11:37,966|
Fehlernachricht fuer Luecke von 2600 bis 2601 C-In: 23.10 18:11:37,967|
lab29-44-<0.2376.0>-T3: Msg #2602, C-Out: 23.10 18:11:36,532| HBQ-In: 23.10 18:11:36,532| DQ-In: 23.10 18:11:37,174| C-In: 23.10 18:11:37,969|
lab29-14-<0.4846.0>-T3: Msg #2603, C-Out: 23.10 18:11:36,566| HBQ-In: 23.10 18:11:36,570| DQ-In: 23.10 18:11:37,174| C-In: 23.10 18:11:37,973|
lab29-29-<0.3641.0>-T3: Msg #2604, C-Out: 23.10 18:11:36,568| HBQ-In: 23.10 18:11:36,571| DQ-In: 23.10 18:11:37,174| C-In: 23.10 18:11:37,977|
Fehlernachricht fuer Luecke von 2605 bis 2607 C-In: 23.10 18:11:37,977|
lab29-36-<0.3048.0>-T3: Msg #2608, C-Out: 23.10 18:11:36,638| HBQ-In: 23.10 18:11:36,638| DQ-In: 23.10 18:11:37,270| C-In: 23.10 18:11:37,979|
lab29-21-<0.4291.0>-T3: Msg #2609, C-Out: 23.10 18:11:36,673| HBQ-In: 23.10 18:11:36,676| DQ-In: 23.10 18:11:37,270| C-In: 23.10 18:11:37,979|
Fehlernachricht fuer Luecke von 2610 bis 2611 C-In: 23.10 18:11:37,980|
lab29-8-<0.5273.0>-T3: Msg #2612, C-Out: 23.10 18:11:36,212| HBQ-In: 23.10 18:11:36,212| DQ-In: 23.10 18:11:37,380| C-In: 23.10 18:11:37,985|
Fehlernachricht fuer Luecke von 2613 bis 2613 C-In: 23.10 18:11:37,986|
lab29-3-<0.5663.0>-T3: Msg #2614, C-Out: 23.10 18:11:36,230| HBQ-In: 23.10 18:11:36,230| DQ-In: 23.10 18:11:37,395| C-In: 23.10 18:11:37,987|
lab29-43-<0.2458.0>-T3: Msg #2615, C-Out: 23.10 18:11:36,736| HBQ-In: 23.10 18:11:36,736| DQ-In: 23.10 18:11:37,395| C-In: 23.10 18:11:37,988|
Fehlernachricht fuer Luecke von 2616 bis 2616 C-In: 23.10 18:11:37,991|
lab29-28-<0.3729.0>-T3: Msg #2617, C-Out: 23.10 18:11:36,753| HBQ-In: 23.10 18:11:36,753| DQ-In: 23.10 18:11:37,438| C-In: 23.10 18:11:37,991|
Fehlernachricht fuer Luecke von 2618 bis 2619 C-In: 23.10 18:11:37,991|
lab29-13-<0.4921.0>-T3: Msg #2620, C-Out: 23.10 18:11:36,790| HBQ-In: 23.10 18:11:36,790| DQ-In: 23.10 18:11:37,485| C-In: 23.10 18:11:37,994|
lab29-35-<0.3134.0>-T3: Msg #2621, C-Out: 23.10 18:11:36,829| HBQ-In: 23.10 18:11:36,829| DQ-In: 23.10 18:11:37,485| C-In: 23.10 18:11:37,994|
lab29-20-<0.4365.0>-T3: Msg #2622, C-Out: 23.10 18:11:36,897| HBQ-In: 23.10 18:11:36,900| DQ-In: 23.10 18:11:37,485| C-In: 23.10 18:11:37,997|
Fehlernachricht fuer Luecke von 2623 bis 2625 C-In: 23.10 18:11:37,997|
lab29-7-<0.5358.0>-T3: Msg #2626, C-Out: 23.10 18:11:36,424| HBQ-In: 23.10 18:11:36,424| DQ-In: 23.10 18:11:37,584| C-In: 23.10 18:11:37,000|
Fehlernachricht fuer Luecke von 2627 bis 2627 C-In: 23.10 18:11:37,000|
lab29-2-<0.5741.0>-T3: Msg #2628, C-Out: 23.10 18:11:36,437| HBQ-In: 23.10 18:11:36,437| DQ-In: 23.10 18:11:37,628| C-In: 23.10 18:11:37,000|
Fehlernachricht fuer Luecke von 2629 bis 2629 C-In: 23.10 18:11:37,001|
lab29-42-<0.2545.0>-T3: Msg #2630, C-Out: 23.10 18:11:36,942| HBQ-In: 23.10 18:11:36,943| DQ-In: 23.10 18:11:37,646| C-In: 23.10 18:11:37,001|
Fehlernachricht fuer Luecke von 2631 bis 2631 C-In: 23.10 18:11:37,001|
lab29-27-<0.3815.0>-T3: Msg #2632, C-Out: 23.10 18:11:36,975| HBQ-In: 23.10 18:11:36,975| DQ-In: 23.10 18:11:37,672| C-In: 23.10 18:11:37,002|
lab29-83-<0.147.0>-T3: Msg #2633, C-Out: 23.10 18:11:37,725| HBQ-In: 23.10 18:11:37,725| DQ-In: 23.10 18:11:37,725| C-In: 23.10 18:11:37,002|
lab29-12-<0.4991.0>-T3: Msg #2634, C-Out: 23.10 18:11:36,976| HBQ-In: 23.10 18:11:36,976| DQ-In: 23.10 18:11:37,725| C-In: 23.10 18:11:37,003|
Fehlernachricht fuer Luecke von 2635 bis 2635 C-In: 23.10 18:11:37,003|
lab29-34-<0.3220.0>-T3: Msg #2636, C-Out: 23.10 18:11:37,034| HBQ-In: 23.10 18:11:37,034| DQ-In: 23.10 18:11:37,784| C-In: 23.10 18:11:37,003|
lab29-19-<0.4442.0>-T3: Msg #2637, C-Out: 23.10 18:11:37,067| HBQ-In: 23.10 18:11:37,071| DQ-In: 23.10 18:11:37,784| C-In: 23.10 18:11:37,003|
lab29-49-<0.1950.0>-T3: Msg #2638, C-Out: 23.10 18:11:37,824| HBQ-In: 23.10 18:11:37,826| DQ-In: 23.10 18:11:37,826| C-In: 23.10 18:11:37,004|
lab29-94-<0.91.0>-T3: Msg #2639, C-Out: 23.10 18:11:37,860| HBQ-In: 23.10 18:11:37,860| DQ-In: 23.10 18:11:37,860| C-In: 23.10 18:11:37,004|
lab29-60-<0.1170.0>-T3: Msg #2640, C-Out: 23.10 18:11:37,865| HBQ-In: 23.10 18:11:37,865| DQ-In: 23.10 18:11:37,865| C-In: 23.10 18:11:37,005|
lab29-6-<0.5440.0>-T3: Msg #2641, C-Out: 23.10 18:11:36,620| HBQ-In: 23.10 18:11:36,621| DQ-In: 23.10 18:11:37,865| C-In: 23.10 18:11:37,005|
Fehlernachricht fuer Luecke von 2642 bis 2642 C-In: 23.10 18:11:38,005|
lab29-1-<0.5818.0>-T3: Msg #2643, C-Out: 23.10 18:11:36,645| HBQ-In: 23.10 18:11:36,645| DQ-In: 23.10 18:11:37,898| C-In: 23.10 18:11:38,006|
lab29-26-<0.3898.0>-T3: Msg #2644, C-Out: 23.10 18:11:37,158| HBQ-In: 23.10 18:11:37,158| DQ-In: 23.10 18:11:37,898| C-In: 23.10 18:11:38,006|
lab29-41-<0.2632.0>-T3: Msg #2645, C-Out: 23.10 18:11:37,174| HBQ-In: 23.10 18:11:37,174| DQ-In: 23.10 18:11:37,898| C-In: 23.10 18:11:38,006|
lab29-11-<0.5067.0>-T3: Msg #2646, C-Out: 23.10 18:11:37,174| HBQ-In: 23.10 18:11:37,174| DQ-In: 23.10 18:11:37,898| C-In: 23.10 18:11:38,007|
lab29-82-<0.153.0>-T3: Msg #2647, C-Out: 23.10 18:11:37,936| HBQ-In: 23.10 18:11:37,937| DQ-In: 23.10 18:11:37,937| C-In: 23.10 18:11:38,007|
lab29-93-<0.95.0>-T3: Msg #2648, C-Out: 23.10 18:11:37,951| HBQ-In: 23.10 18:11:37,953| DQ-In: 23.10 18:11:37,953| C-In: 23.10 18:11:38,007|
Fehlernachricht fuer Luecke von 2649 bis 2649 C-In: 23.10 18:11:38,008|
lab29-48-<0.2035.0>-T3: Msg #2650, C-Out: 23.10 18:11:37,002| HBQ-In: 23.10 18:11:37,002| DQ-In: 23.10 18:11:38,002| C-In: 23.10 18:11:38,008|
lab29-71-<0.461.0>-T3: Msg #2651, C-Out: 23.10 18:11:37,004| HBQ-In: 23.10 18:11:38,004| DQ-In: 23.10 18:11:38,004| C-In: 23.10 18:11:38,009|
lab29-33-<0.3306.0>-T3: Msg #2652, C-Out: 23.10 18:11:37,259| HBQ-In: 23.10 18:11:37,259| DQ-In: 23.10 18:11:38,004| C-In: 23.10 18:11:38,009|
lab29-18-<0.4519.0>-T3: Msg #2653, C-Out: 23.10 18:11:37,269| HBQ-In: 23.10 18:11:37,270| DQ-In: 23.10 18:11:38,004| C-In: 23.10 18:11:38,010|
ReceiveMsgs done
lab29-37-<0.2967.0>-T3: Msg #2810, C-Out: 23.10 18:11:40,261| gesendet
