lab29-89-<0.113.0>-T3 C-Start: 23.10 18:11:09,848|
lab29-89-<0.113.0>-T3: Msg #703, C-Out: 23.10 18:11:10,854| gesendet
lab29-89-<0.113.0>-T3: Msg #744, C-Out: 23.10 18:11:11,857| gesendet
lab29-89-<0.113.0>-T3: Msg #765, C-Out: 23.10 18:11:12,861| gesendet
lab29-89-<0.113.0>-T3: Msg #797, C-Out: 23.10 18:11:13,863| gesendet
lab29-89-<0.113.0>-T3: Msg #832, C-Out: 23.10 18:11:14,864| gesendet
Neues Intervall: 1 Sekunden
Msg #898 um 23.10 18:11:14,864| vergessen zu senden
lab29-78-<0.180.0>-T3: Msg #773, C-Out: 23.10 18:11:13,071| HBQ-In: 23.10 18:11:13,071| DQ-In: 23.10 18:11:13,071| C-In: 23.10 18:11:14,864|
lab29-97-<0.81.0>-T3: Msg #774, C-Out: 23.10 18:11:13,261| HBQ-In: 23.10 18:11:13,261| DQ-In: 23.10 18:11:13,261| C-In: 23.10 18:11:14,867|
lab29-92-<0.99.0>-T3: Msg #775, C-Out: 23.10 18:11:13,261| HBQ-In: 23.10 18:11:13,261| DQ-In: 23.10 18:11:13,261| C-In: 23.10 18:11:14,867|
lab29-87-<0.123.0>-T3: Msg #776, C-Out: 23.10 18:11:13,266| HBQ-In: 23.10 18:11:13,266| DQ-In: 23.10 18:11:13,266| C-In: 23.10 18:11:14,870|
Fehlernachricht fuer Luecke von 779 bis 783 C-In: 23.10 18:11:14,870|
lab29-96-<0.84.0>-T3: Msg #784, C-Out: 23.10 18:11:13,457| HBQ-In: 23.10 18:11:13,457| DQ-In: 23.10 18:11:14,276| C-In: 23.10 18:11:14,870|
lab29-91-<0.103.0>-T3: Msg #785, C-Out: 23.10 18:11:13,461| HBQ-In: 23.10 18:11:13,462| DQ-In: 23.10 18:11:14,276| C-In: 23.10 18:11:14,871|
lab29-86-<0.129.0>-T3: Msg #786, C-Out: 23.10 18:11:13,466| HBQ-In: 23.10 18:11:13,469| DQ-In: 23.10 18:11:14,276| C-In: 23.10 18:11:14,871|
lab29-81-<0.159.0>-T3: Msg #787, C-Out: 23.10 18:11:13,470| HBQ-In: 23.10 18:11:13,472| DQ-In: 23.10 18:11:14,276| C-In: 23.10 18:11:14,871|
lab29-76-<0.194.0>-T3: Msg #788, C-Out: 23.10 18:11:13,476| HBQ-In: 23.10 18:11:13,478| DQ-In: 23.10 18:11:14,276| C-In: 23.10 18:11:14,872|
lab29-90-<0.107.0>-T3: Msg #789, C-Out: 23.10 18:11:13,658| HBQ-In: 23.10 18:11:13,658| DQ-In: 23.10 18:11:14,276| C-In: 23.10 18:11:14,872|
lab29-85-<0.133.0>-T3: Msg #790, C-Out: 23.10 18:11:13,667| HBQ-In: 23.10 18:11:13,667| DQ-In: 23.10 18:11:14,276| C-In: 23.10 18:11:14,872|
lab29-80-<0.164.0>-T3: Msg #791, C-Out: 23.10 18:11:13,671| HBQ-In: 23.10 18:11:13,671| DQ-In: 23.10 18:11:14,276| C-In: 23.10 18:11:14,873|
lab29-95-<0.87.0>-T3: Msg #792, C-Out: 23.10 18:11:13,673| HBQ-In: 23.10 18:11:13,673| DQ-In: 23.10 18:11:14,276| C-In: 23.10 18:11:14,873|
lab29-75-<0.200.0>-T3: Msg #793, C-Out: 23.10 18:11:13,680| HBQ-In: 23.10 18:11:13,680| DQ-In: 23.10 18:11:14,276| C-In: 23.10 18:11:14,873|
Fehlernachricht fuer Luecke von 794 bis 794 C-In: 23.10 18:11:14,874|
lab29-100-<0.40.0>-T3: Msg #795, C-Out: 23.10 18:11:13,759| HBQ-In: 23.10 18:11:13,759| DQ-In: 23.10 18:11:14,458| C-In: 23.10 18:11:14,874|
Fehlernachricht fuer Luecke von 796 bis 796 C-In: 23.10 18:11:14,874|
lab29-89-<0.113.0>-T3: Msg #797, C-Out: 23.10 18:11:13,863| HBQ-In: 23.10 18:11:13,863| DQ-In: 23.10 18:11:14,459|******* C-In: 23.10 18:11:14,875|
lab29-94-<0.91.0>-T3: Msg #798, C-Out: 23.10 18:11:13,865| HBQ-In: 23.10 18:11:13,865| DQ-In: 23.10 18:11:14,459| C-In: 23.10 18:11:14,875|
lab29-84-<0.140.0>-T3: Msg #799, C-Out: 23.10 18:11:13,867| HBQ-In: 23.10 18:11:13,867| DQ-In: 23.10 18:11:14,459| C-In: 23.10 18:11:14,876|
lab29-79-<0.173.0>-T3: Msg #800, C-Out: 23.10 18:11:13,880| HBQ-In: 23.10 18:11:13,880| DQ-In: 23.10 18:11:14,459| C-In: 23.10 18:11:14,876|
lab29-74-<0.266.0>-T3: Msg #801, C-Out: 23.10 18:11:13,879| HBQ-In: 23.10 18:11:13,880| DQ-In: 23.10 18:11:14,459| C-In: 23.10 18:11:14,878|
lab29-99-<0.49.0>-T3: Msg #802, C-Out: 23.10 18:11:13,892| HBQ-In: 23.10 18:11:13,938| DQ-In: 23.10 18:11:14,459| C-In: 23.10 18:11:14,879|
Fehlernachricht fuer Luecke von 803 bis 803 C-In: 23.10 18:11:14,879|
lab29-88-<0.118.0>-T3: Msg #804, C-Out: 23.10 18:11:14,062| HBQ-In: 23.10 18:11:14,062| DQ-In: 23.10 18:11:14,465| C-In: 23.10 18:11:14,879|
lab29-93-<0.95.0>-T3: Msg #805, C-Out: 23.10 18:11:14,068| HBQ-In: 23.10 18:11:14,068| DQ-In: 23.10 18:11:14,466| C-In: 23.10 18:11:14,880|
lab29-83-<0.147.0>-T3: Msg #806, C-Out: 23.10 18:11:14,071| HBQ-In: 23.10 18:11:14,071| DQ-In: 23.10 18:11:14,466| C-In: 23.10 18:11:14,880|
lab29-78-<0.180.0>-T3: Msg #807, C-Out: 23.10 18:11:14,073| HBQ-In: 23.10 18:11:14,073| DQ-In: 23.10 18:11:14,466| C-In: 23.10 18:11:14,880|
lab29-73-<0.332.0>-T3: Msg #808, C-Out: 23.10 18:11:14,079| HBQ-In: 23.10 18:11:14,081| DQ-In: 23.10 18:11:14,466| C-In: 23.10 18:11:14,880|
lab29-98-<0.78.0>-T3: Msg #809, C-Out: 23.10 18:11:14,151| HBQ-In: 23.10 18:11:14,151| DQ-In: 23.10 18:11:14,466| C-In: 23.10 18:11:14,881|
lab29-92-<0.99.0>-T3: Msg #810, C-Out: 23.10 18:11:14,262| HBQ-In: 23.10 18:11:14,262| DQ-In: 23.10 18:11:14,466| C-In: 23.10 18:11:14,881|
Fehlernachricht fuer Luecke von 811 bis 811 C-In: 23.10 18:11:14,881|
lab29-87-<0.123.0>-T3: Msg #812, C-Out: 23.10 18:11:14,269| HBQ-In: 23.10 18:11:14,269| DQ-In: 23.10 18:11:14,468| C-In: 23.10 18:11:14,882|
lab29-82-<0.153.0>-T3: Msg #813, C-Out: 23.10 18:11:14,276| HBQ-In: 23.10 18:11:14,276| DQ-In: 23.10 18:11:14,468| C-In: 23.10 18:11:14,882|
lab29-77-<0.187.0>-T3: Msg #814, C-Out: 23.10 18:11:14,279| HBQ-In: 23.10 18:11:14,279| DQ-In: 23.10 18:11:14,468| C-In: 23.10 18:11:14,882|
lab29-72-<0.396.0>-T3: Msg #815, C-Out: 23.10 18:11:14,281| HBQ-In: 23.10 18:11:14,281| DQ-In: 23.10 18:11:14,468| C-In: 23.10 18:11:14,883|
lab29-97-<0.81.0>-T3: Msg #816, C-Out: 23.10 18:11:14,402| HBQ-In: 23.10 18:11:14,419| DQ-In: 23.10 18:11:14,468| C-In: 23.10 18:11:14,883|
Fehlernachricht fuer Luecke von 817 bis 817 C-In: 23.10 18:11:14,883|
lab29-91-<0.103.0>-T3: Msg #818, C-Out: 23.10 18:11:14,465| HBQ-In: 23.10 18:11:14,466| DQ-In: 23.10 18:11:14,589| C-In: 23.10 18:11:14,886|
lab29-86-<0.129.0>-T3: Msg #819, C-Out: 23.10 18:11:14,471| HBQ-In: 23.10 18:11:14,471| DQ-In: 23.10 18:11:14,589| C-In: 23.10 18:11:14,886|
lab29-81-<0.159.0>-T3: Msg #820, C-Out: 23.10 18:11:14,473| HBQ-In: 23.10 18:11:14,473| DQ-In: 23.10 18:11:14,589| C-In: 23.10 18:11:14,887|
lab29-76-<0.194.0>-T3: Msg #821, C-Out: 23.10 18:11:14,480| HBQ-In: 23.10 18:11:14,481| DQ-In: 23.10 18:11:14,589| C-In: 23.10 18:11:14,887|
lab29-71-<0.461.0>-T3: Msg #822, C-Out: 23.10 18:11:14,483| HBQ-In: 23.10 18:11:14,484| DQ-In: 23.10 18:11:14,589| C-In: 23.10 18:11:14,887|
lab29-96-<0.84.0>-T3: Msg #823, C-Out: 23.10 18:11:14,589| HBQ-In: 23.10 18:11:14,589| DQ-In: 23.10 18:11:14,589| C-In: 23.10 18:11:14,888|
lab29-90-<0.107.0>-T3: Msg #824, C-Out: 23.10 18:11:14,659| HBQ-In: 23.10 18:11:14,659| DQ-In: 23.10 18:11:14,659| C-In: 23.10 18:11:14,888|
lab29-85-<0.133.0>-T3: Msg #825, C-Out: 23.10 18:11:14,669| HBQ-In: 23.10 18:11:14,669| DQ-In: 23.10 18:11:14,669| C-In: 23.10 18:11:14,891|
lab29-80-<0.164.0>-T3: Msg #826, C-Out: 23.10 18:11:14,674| HBQ-In: 23.10 18:11:14,674| DQ-In: 23.10 18:11:14,674| C-In: 23.10 18:11:14,893|
Fehlernachricht fuer Luecke von 827 bis 827 C-In: 23.10 18:11:14,895|
lab29-75-<0.200.0>-T3: Msg #828, C-Out: 23.10 18:11:14,682| HBQ-In: 23.10 18:11:14,682| DQ-In: 23.10 18:11:14,870| C-In: 23.10 18:11:14,896|
lab29-70-<0.519.0>-T3: Msg #829, C-Out: 23.10 18:11:14,685| HBQ-In: 23.10 18:11:14,685| DQ-In: 23.10 18:11:14,870| C-In: 23.10 18:11:14,896|
lab29-100-<0.40.0>-T3: Msg #830, C-Out: 23.10 18:11:14,765| HBQ-In: 23.10 18:11:14,765| DQ-In: 23.10 18:11:14,870| C-In: 23.10 18:11:14,896|
lab29-95-<0.87.0>-T3: Msg #831, C-Out: 23.10 18:11:14,765| HBQ-In: 23.10 18:11:14,765| DQ-In: 23.10 18:11:14,870| C-In: 23.10 18:11:14,897|
lab29-89-<0.113.0>-T3: Msg #832, C-Out: 23.10 18:11:14,864| HBQ-In: 23.10 18:11:14,864| DQ-In: 23.10 18:11:14,870|******* C-In: 23.10 18:11:14,897|
ReceiveMsgs done
lab29-89-<0.113.0>-T3: Msg #904, C-Out: 23.10 18:11:15,898| gesendet
lab29-89-<0.113.0>-T3: Msg #950, C-Out: 23.10 18:11:16,900| gesendet
lab29-89-<0.113.0>-T3: Msg #1005, C-Out: 23.10 18:11:17,903| gesendet
lab29-89-<0.113.0>-T3: Msg #1063, C-Out: 23.10 18:11:18,904| gesendet
lab29-89-<0.113.0>-T3: Msg #1150, C-Out: 23.10 18:11:19,905| gesendet
Neues Intervall: 1.5 Sekunden
Msg #1219 um 23.10 18:11:19,905| vergessen zu senden
lab29-79-<0.173.0>-T3: Msg #1066, C-Out: 23.10 18:11:18,955| HBQ-In: 23.10 18:11:18,955| DQ-In: 23.10 18:11:19,102| C-In: 23.10 18:11:19,905|
lab29-74-<0.266.0>-T3: Msg #1067, C-Out: 23.10 18:11:18,963| HBQ-In: 23.10 18:11:18,963| DQ-In: 23.10 18:11:19,102| C-In: 23.10 18:11:19,908|
Fehlernachricht fuer Luecke von 1068 bis 1068 C-In: 23.10 18:11:19,908|
lab29-94-<0.91.0>-T3: Msg #1069, C-Out: 23.10 18:11:18,000| HBQ-In: 23.10 18:11:18,000| DQ-In: 23.10 18:11:19,112| C-In: 23.10 18:11:19,909|
Fehlernachricht fuer Luecke von 1070 bis 1070 C-In: 23.10 18:11:19,909|
lab29-68-<0.633.0>-T3: Msg #1071, C-Out: 23.10 18:11:19,096| HBQ-In: 23.10 18:11:19,097| DQ-In: 23.10 18:11:19,113| C-In: 23.10 18:11:19,909|
lab29-63-<0.983.0>-T3: Msg #1072, C-Out: 23.10 18:11:19,096| HBQ-In: 23.10 18:11:19,096| DQ-In: 23.10 18:11:19,113| C-In: 23.10 18:11:19,909|
lab29-58-<0.1296.0>-T3: Msg #1073, C-Out: 23.10 18:11:19,102| HBQ-In: 23.10 18:11:19,102| DQ-In: 23.10 18:11:19,113| C-In: 23.10 18:11:19,910|
lab29-53-<0.1650.0>-T3: Msg #1074, C-Out: 23.10 18:11:19,104| HBQ-In: 23.10 18:11:19,104| DQ-In: 23.10 18:11:19,113| C-In: 23.10 18:11:19,910|
lab29-48-<0.2035.0>-T3: Msg #1075, C-Out: 23.10 18:11:19,112| HBQ-In: 23.10 18:11:19,112| DQ-In: 23.10 18:11:19,113| C-In: 23.10 18:11:19,910|
lab29-93-<0.95.0>-T3: Msg #1076, C-Out: 23.10 18:11:19,112| HBQ-In: 23.10 18:11:19,112| DQ-In: 23.10 18:11:19,113| C-In: 23.10 18:11:19,911|
lab29-83-<0.147.0>-T3: Msg #1077, C-Out: 23.10 18:11:19,117| HBQ-In: 23.10 18:11:19,117| DQ-In: 23.10 18:11:19,117| C-In: 23.10 18:11:19,913|
lab29-78-<0.180.0>-T3: Msg #1078, C-Out: 23.10 18:11:19,120| HBQ-In: 23.10 18:11:19,120| DQ-In: 23.10 18:11:19,120| C-In: 23.10 18:11:19,914|
lab29-88-<0.118.0>-T3: Msg #1079, C-Out: 23.10 18:11:19,121| HBQ-In: 23.10 18:11:19,121| DQ-In: 23.10 18:11:19,121| C-In: 23.10 18:11:19,914|
lab29-73-<0.332.0>-T3: Msg #1080, C-Out: 23.10 18:11:19,122| HBQ-In: 23.10 18:11:19,122| DQ-In: 23.10 18:11:19,122| C-In: 23.10 18:11:19,914|
Fehlernachricht fuer Luecke von 1081 bis 1083 C-In: 23.10 18:11:19,915|
lab29-67-<0.708.0>-T3: Msg #1084, C-Out: 23.10 18:11:19,296| HBQ-In: 23.10 18:11:19,297| DQ-In: 23.10 18:11:19,316| C-In: 23.10 18:11:19,915|
lab29-62-<0.1043.0>-T3: Msg #1085, C-Out: 23.10 18:11:19,299| HBQ-In: 23.10 18:11:19,299| DQ-In: 23.10 18:11:19,316| C-In: 23.10 18:11:19,915|
lab29-57-<0.1365.0>-T3: Msg #1086, C-Out: 23.10 18:11:19,304| HBQ-In: 23.10 18:11:19,304| DQ-In: 23.10 18:11:19,316| C-In: 23.10 18:11:19,916|
lab29-52-<0.1713.0>-T3: Msg #1087, C-Out: 23.10 18:11:19,312| HBQ-In: 23.10 18:11:19,316| DQ-In: 23.10 18:11:19,316| C-In: 23.10 18:11:19,916|
lab29-47-<0.2127.0>-T3: Msg #1088, C-Out: 23.10 18:11:19,312| HBQ-In: 23.10 18:11:19,316| DQ-In: 23.10 18:11:19,316| C-In: 23.10 18:11:19,916|
lab29-87-<0.123.0>-T3: Msg #1089, C-Out: 23.10 18:11:19,312| HBQ-In: 23.10 18:11:19,314| DQ-In: 23.10 18:11:19,316| C-In: 23.10 18:11:19,917|
lab29-82-<0.153.0>-T3: Msg #1090, C-Out: 23.10 18:11:19,315| HBQ-In: 23.10 18:11:19,316| DQ-In: 23.10 18:11:19,316| C-In: 23.10 18:11:19,917|
lab29-72-<0.396.0>-T3: Msg #1091, C-Out: 23.10 18:11:19,325| HBQ-In: 23.10 18:11:19,326| DQ-In: 23.10 18:11:19,326| C-In: 23.10 18:11:19,917|
lab29-92-<0.99.0>-T3: Msg #1092, C-Out: 23.10 18:11:19,335| HBQ-In: 23.10 18:11:19,336| DQ-In: 23.10 18:11:19,336| C-In: 23.10 18:11:19,918|
lab29-77-<0.187.0>-T3: Msg #1093, C-Out: 23.10 18:11:19,378| HBQ-In: 23.10 18:11:19,378| DQ-In: 23.10 18:11:19,378| C-In: 23.10 18:11:19,918|
Fehlernachricht fuer Luecke von 1094 bis 1094 C-In: 23.10 18:11:19,918|
lab29-66-<0.743.0>-T3: Msg #1095, C-Out: 23.10 18:11:19,495| HBQ-In: 23.10 18:11:19,495| DQ-In: 23.10 18:11:19,512| C-In: 23.10 18:11:19,918|
Fehlernachricht fuer Luecke von 1096 bis 1097 C-In: 23.10 18:11:19,919|
1-client@lab23: 1098. Nachricht--Gruppe:1-Team:5-Sendezeit:18:11:18 HBQ-In: 23.10 18:11:18,502| DQ-In: 23.10 18:11:19,561| C-In: 23.10 18:11:19,919|
lab29-61-<0.1100.0>-T3: Msg #1099, C-Out: 23.10 18:11:19,503| HBQ-In: 23.10 18:11:19,503| DQ-In: 23.10 18:11:19,561| C-In: 23.10 18:11:19,919|
3-client@lab23: 1100. Nachricht--Gruppe:1-Team:5-Sendezeit:18:11:18 HBQ-In: 23.10 18:11:18,505| DQ-In: 23.10 18:11:19,561| C-In: 23.10 18:11:19,920|
1-client@lab23: 1101. Nachricht--Gruppe:1-Team:5-Sendezeit:18:11:18 HBQ-In: 23.10 18:11:18,508| DQ-In: 23.10 18:11:19,561| C-In: 23.10 18:11:19,920|
4-client@lab23: 1102. Nachricht--Gruppe:1-Team:5-Sendezeit:18:11:18 HBQ-In: 23.10 18:11:18,508| DQ-In: 23.10 18:11:19,561| C-In: 23.10 18:11:19,921|
2-client@lab23: 1103. Nachricht--Gruppe:1-Team:5-Sendezeit:18:11:18 HBQ-In: 23.10 18:11:18,508| DQ-In: 23.10 18:11:19,561| C-In: 23.10 18:11:19,921|
5-client@lab23: 1104. Nachricht--Gruppe:1-Team:5-Sendezeit:18:11:18 HBQ-In: 23.10 18:11:18,508| DQ-In: 23.10 18:11:19,561| C-In: 23.10 18:11:19,921|
lab29-56-<0.1439.0>-T3: Msg #1105, C-Out: 23.10 18:11:19,506| HBQ-In: 23.10 18:11:19,506| DQ-In: 23.10 18:11:19,561| C-In: 23.10 18:11:19,922|
3-client@lab23: 1106. Nachricht--Gruppe:1-Team:5-Sendezeit:18:11:18 HBQ-In: 23.10 18:11:18,512| DQ-In: 23.10 18:11:19,561| C-In: 23.10 18:11:19,922|
1-client@lab23: 1107. Nachricht--Gruppe:1-Team:5-Sendezeit:18:11:18 HBQ-In: 23.10 18:11:18,512| DQ-In: 23.10 18:11:19,561| C-In: 23.10 18:11:19,924|
4-client@lab23: 1108. Nachricht--Gruppe:1-Team:5-Sendezeit:18:11:18 HBQ-In: 23.10 18:11:18,513| DQ-In: 23.10 18:11:19,561| C-In: 23.10 18:11:19,924|
2-client@lab23: 1109. Nachricht--Gruppe:1-Team:5-Sendezeit:18:11:18 HBQ-In: 23.10 18:11:18,513| DQ-In: 23.10 18:11:19,562| C-In: 23.10 18:11:19,925|
5-client@lab23: 1110. Nachricht--Gruppe:1-Team:5-Sendezeit:18:11:18 HBQ-In: 23.10 18:11:18,513| DQ-In: 23.10 18:11:19,562| C-In: 23.10 18:11:19,925|
lab29-51-<0.1789.0>-T3: Msg #1111, C-Out: 23.10 18:11:19,509| HBQ-In: 23.10 18:11:19,511| DQ-In: 23.10 18:11:19,562| C-In: 23.10 18:11:19,925|
lab29-81-<0.159.0>-T3: Msg #1112, C-Out: 23.10 18:11:19,511| HBQ-In: 23.10 18:11:19,511| DQ-In: 23.10 18:11:19,562| C-In: 23.10 18:11:19,925|
lab29-46-<0.2213.0>-T3: Msg #1113, C-Out: 23.10 18:11:19,512| HBQ-In: 23.10 18:11:19,512| DQ-In: 23.10 18:11:19,562| C-In: 23.10 18:11:19,926|
1-client@lab23: 1114. Nachricht--Gruppe:1-Team:5-Sendezeit:18:11:18 HBQ-In: 23.10 18:11:18,517| DQ-In: 23.10 18:11:19,562| C-In: 23.10 18:11:19,926|
3-client@lab23: 1115. Nachricht--Gruppe:1-Team:5-Sendezeit:18:11:18 HBQ-In: 23.10 18:11:18,518| DQ-In: 23.10 18:11:19,562| C-In: 23.10 18:11:19,926|
2-client@lab23: 1116. Nachricht--Gruppe:1-Team:5-Sendezeit:18:11:18 HBQ-In: 23.10 18:11:18,517| DQ-In: 23.10 18:11:19,562| C-In: 23.10 18:11:19,927|
5-client@lab23: 1117. Nachricht--Gruppe:1-Team:5-Sendezeit:18:11:18 HBQ-In: 23.10 18:11:18,518| DQ-In: 23.10 18:11:19,562| C-In: 23.10 18:11:19,927|
4-client@lab23: 1118. Nachricht--Gruppe:1-Team:5-Sendezeit:18:11:18 HBQ-In: 23.10 18:11:18,518| DQ-In: 23.10 18:11:19,562| C-In: 23.10 18:11:19,929|
ReceiveMsgs done
lab29-89-<0.113.0>-T3: Msg #1225, C-Out: 23.10 18:11:21,431| gesendet
lab29-89-<0.113.0>-T3: Msg #1335, C-Out: 23.10 18:11:22,932| gesendet
lab29-89-<0.113.0>-T3: Msg #1475, C-Out: 23.10 18:11:24,434| gesendet
lab29-89-<0.113.0>-T3: Msg #1600, C-Out: 23.10 18:11:25,937| gesendet
lab29-89-<0.113.0>-T3: Msg #1734, C-Out: 23.10 18:11:27,438| gesendet
Neues Intervall: 2.25 Sekunden
Msg #1907 um 23.10 18:11:27,440| vergessen zu senden
lab29-51-<0.1789.0>-T3: Msg #1705, C-Out: 23.10 18:11:26,575| HBQ-In: 23.10 18:11:26,575| DQ-In: 23.10 18:11:26,645| C-In: 23.10 18:11:27,443|
lab29-36-<0.3048.0>-T3: Msg #1706, C-Out: 23.10 18:11:26,578| HBQ-In: 23.10 18:11:26,579| DQ-In: 23.10 18:11:26,645| C-In: 23.10 18:11:27,444|
Fehlernachricht fuer Luecke von 1707 bis 1707 C-In: 23.10 18:11:27,445|
lab29-41-<0.2632.0>-T3: Msg #1708, C-Out: 23.10 18:11:26,600| HBQ-In: 23.10 18:11:26,600| DQ-In: 23.10 18:11:26,752| C-In: 23.10 18:11:27,445|
Fehlernachricht fuer Luecke von 1709 bis 1715 C-In: 23.10 18:11:27,445|
lab29-30-<0.3559.0>-T3: Msg #1716, C-Out: 23.10 18:11:26,743| HBQ-In: 23.10 18:11:26,744| DQ-In: 23.10 18:11:26,755| C-In: 23.10 18:11:27,445|
Fehlernachricht fuer Luecke von 1717 bis 1717 C-In: 23.10 18:11:27,446|
lab29-20-<0.4365.0>-T3: Msg #1718, C-Out: 23.10 18:11:26,749| HBQ-In: 23.10 18:11:26,749| DQ-In: 23.10 18:11:26,764| C-In: 23.10 18:11:27,446|
lab29-25-<0.3973.0>-T3: Msg #1719, C-Out: 23.10 18:11:26,749| HBQ-In: 23.10 18:11:26,749| DQ-In: 23.10 18:11:26,764| C-In: 23.10 18:11:27,446|
lab29-35-<0.3134.0>-T3: Msg #1720, C-Out: 23.10 18:11:26,750| HBQ-In: 23.10 18:11:26,750| DQ-In: 23.10 18:11:26,764| C-In: 23.10 18:11:27,448|
Fehlernachricht fuer Luecke von 1721 bis 1721 C-In: 23.10 18:11:27,449|
lab29-15-<0.4762.0>-T3: Msg #1722, C-Out: 23.10 18:11:26,751| HBQ-In: 23.10 18:11:26,752| DQ-In: 23.10 18:11:26,810| C-In: 23.10 18:11:27,451|
lab29-10-<0.5112.0>-T3: Msg #1723, C-Out: 23.10 18:11:26,754| HBQ-In: 23.10 18:11:26,755| DQ-In: 23.10 18:11:26,810| C-In: 23.10 18:11:27,453|
lab29-40-<0.2707.0>-T3: Msg #1724, C-Out: 23.10 18:11:26,762| HBQ-In: 23.10 18:11:26,764| DQ-In: 23.10 18:11:26,810| C-In: 23.10 18:11:27,456|
lab29-45-<0.2293.0>-T3: Msg #1725, C-Out: 23.10 18:11:26,771| HBQ-In: 23.10 18:11:26,771| DQ-In: 23.10 18:11:26,810| C-In: 23.10 18:11:27,459|
lab29-55-<0.1513.0>-T3: Msg #1726, C-Out: 23.10 18:11:26,772| HBQ-In: 23.10 18:11:26,772| DQ-In: 23.10 18:11:26,810| C-In: 23.10 18:11:27,461|
Fehlernachricht fuer Luecke von 1727 bis 1727 C-In: 23.10 18:11:27,462|
lab29-50-<0.1864.0>-T3: Msg #1728, C-Out: 23.10 18:11:26,809| HBQ-In: 23.10 18:11:26,810| DQ-In: 23.10 18:11:26,957| C-In: 23.10 18:11:27,464|
Fehlernachricht fuer Luecke von 1729 bis 1734******* C-In: 23.10 18:11:27,467|
lab29-24-<0.4051.0>-T3: Msg #1735, C-Out: 23.10 18:11:26,946| HBQ-In: 23.10 18:11:26,946| DQ-In: 23.10 18:11:26,963| C-In: 23.10 18:11:27,467|
lab29-29-<0.3641.0>-T3: Msg #1736, C-Out: 23.10 18:11:26,946| HBQ-In: 23.10 18:11:26,946| DQ-In: 23.10 18:11:26,963| C-In: 23.10 18:11:27,467|
Fehlernachricht fuer Luecke von 1737 bis 1737 C-In: 23.10 18:11:27,468|
lab29-19-<0.4442.0>-T3: Msg #1738, C-Out: 23.10 18:11:26,949| HBQ-In: 23.10 18:11:26,950| DQ-In: 23.10 18:11:26,969| C-In: 23.10 18:11:27,468|
lab29-14-<0.4846.0>-T3: Msg #1739, C-Out: 23.10 18:11:26,951| HBQ-In: 23.10 18:11:26,952| DQ-In: 23.10 18:11:26,969| C-In: 23.10 18:11:27,468|
lab29-9-<0.5191.0>-T3: Msg #1740, C-Out: 23.10 18:11:26,957| HBQ-In: 23.10 18:11:26,957| DQ-In: 23.10 18:11:26,969| C-In: 23.10 18:11:27,469|
lab29-39-<0.2795.0>-T3: Msg #1741, C-Out: 23.10 18:11:26,962| HBQ-In: 23.10 18:11:26,963| DQ-In: 23.10 18:11:26,969| C-In: 23.10 18:11:27,470|
lab29-49-<0.1950.0>-T3: Msg #1742, C-Out: 23.10 18:11:26,962| HBQ-In: 23.10 18:11:26,963| DQ-In: 23.10 18:11:26,969| C-In: 23.10 18:11:27,471|
lab29-44-<0.2376.0>-T3: Msg #1743, C-Out: 23.10 18:11:26,969| HBQ-In: 23.10 18:11:26,969| DQ-In: 23.10 18:11:26,969| C-In: 23.10 18:11:27,473|
lab29-54-<0.1586.0>-T3: Msg #1744, C-Out: 23.10 18:11:26,972| HBQ-In: 23.10 18:11:26,972| DQ-In: 23.10 18:11:26,972| C-In: 23.10 18:11:27,473|
lab29-34-<0.3220.0>-T3: Msg #1745, C-Out: 23.10 18:11:26,977| HBQ-In: 23.10 18:11:26,977| DQ-In: 23.10 18:11:26,977| C-In: 23.10 18:11:27,474|
Fehlernachricht fuer Luecke von 1746 bis 1753 C-In: 23.10 18:11:27,474|
lab29-28-<0.3729.0>-T3: Msg #1754, C-Out: 23.10 18:11:27,142| HBQ-In: 23.10 18:11:27,142| DQ-In: 23.10 18:11:27,159| C-In: 23.10 18:11:27,475|
lab29-23-<0.4130.0>-T3: Msg #1755, C-Out: 23.10 18:11:27,148| HBQ-In: 23.10 18:11:27,148| DQ-In: 23.10 18:11:27,159| C-In: 23.10 18:11:27,475|
lab29-18-<0.4519.0>-T3: Msg #1756, C-Out: 23.10 18:11:27,151| HBQ-In: 23.10 18:11:27,152| DQ-In: 23.10 18:11:27,159| C-In: 23.10 18:11:27,475|
lab29-53-<0.1650.0>-T3: Msg #1757, C-Out: 23.10 18:11:27,151| HBQ-In: 23.10 18:11:27,152| DQ-In: 23.10 18:11:27,159| C-In: 23.10 18:11:27,476|
lab29-13-<0.4921.0>-T3: Msg #1758, C-Out: 23.10 18:11:27,156| HBQ-In: 23.10 18:11:27,157| DQ-In: 23.10 18:11:27,159| C-In: 23.10 18:11:27,476|
lab29-8-<0.5273.0>-T3: Msg #1759, C-Out: 23.10 18:11:27,158| HBQ-In: 23.10 18:11:27,159| DQ-In: 23.10 18:11:27,159| C-In: 23.10 18:11:27,477|
lab29-48-<0.2035.0>-T3: Msg #1760, C-Out: 23.10 18:11:27,161| HBQ-In: 23.10 18:11:27,162| DQ-In: 23.10 18:11:27,162| C-In: 23.10 18:11:27,477|
Fehlernachricht fuer Luecke von 1761 bis 1762 C-In: 23.10 18:11:27,477|
lab29-38-<0.2880.0>-T3: Msg #1763, C-Out: 23.10 18:11:27,162| HBQ-In: 23.10 18:11:27,162| DQ-In: 23.10 18:11:27,350| C-In: 23.10 18:11:27,478|
Fehlernachricht fuer Luecke von 1764 bis 1764 C-In: 23.10 18:11:27,478|
lab29-43-<0.2458.0>-T3: Msg #1765, C-Out: 23.10 18:11:27,179| HBQ-In: 23.10 18:11:27,179| DQ-In: 23.10 18:11:27,353| C-In: 23.10 18:11:27,478|
Fehlernachricht fuer Luecke von 1766 bis 1766 C-In: 23.10 18:11:27,479|
lab29-33-<0.3306.0>-T3: Msg #1767, C-Out: 23.10 18:11:27,180| HBQ-In: 23.10 18:11:27,180| DQ-In: 23.10 18:11:27,359| C-In: 23.10 18:11:27,479|
Fehlernachricht fuer Luecke von 1768 bis 1772 C-In: 23.10 18:11:27,481|
lab29-22-<0.4210.0>-T3: Msg #1773, C-Out: 23.10 18:11:27,345| HBQ-In: 23.10 18:11:27,346| DQ-In: 23.10 18:11:27,373| C-In: 23.10 18:11:27,482|
lab29-27-<0.3815.0>-T3: Msg #1774, C-Out: 23.10 18:11:27,345| HBQ-In: 23.10 18:11:27,346| DQ-In: 23.10 18:11:27,373| C-In: 23.10 18:11:27,482|
lab29-17-<0.4601.0>-T3: Msg #1775, C-Out: 23.10 18:11:27,350| HBQ-In: 23.10 18:11:27,350| DQ-In: 23.10 18:11:27,373| C-In: 23.10 18:11:27,482|
lab29-12-<0.4991.0>-T3: Msg #1776, C-Out: 23.10 18:11:27,353| HBQ-In: 23.10 18:11:27,353| DQ-In: 23.10 18:11:27,373| C-In: 23.10 18:11:27,483|
lab29-7-<0.5358.0>-T3: Msg #1777, C-Out: 23.10 18:11:27,359| HBQ-In: 23.10 18:11:27,359| DQ-In: 23.10 18:11:27,373| C-In: 23.10 18:11:27,483|
ReceiveMsgs done
lab29-89-<0.113.0>-T3: Msg #1909, C-Out: 23.10 18:11:29,734| gesendet
lab29-89-<0.113.0>-T3: Msg #2122, C-Out: 23.10 18:11:31,985| gesendet
lab29-89-<0.113.0>-T3: Msg #2341, C-Out: 23.10 18:11:34,236| gesendet
lab29-89-<0.113.0>-T3: Msg #2520, C-Out: 23.10 18:11:36,487| gesendet
lab29-89-<0.113.0>-T3: Msg #2701, C-Out: 23.10 18:11:38,738| gesendet
Neues Intervall: 3.375 Sekunden
