lab29-96-<0.84.0>-T3 C-Start: 23.10 18:11:08,441|
lab29-96-<0.84.0>-T3: Msg #688, C-Out: 23.10 18:11:09,446| gesendet
lab29-96-<0.84.0>-T3: Msg #697, C-Out: 23.10 18:11:10,448| gesendet
lab29-96-<0.84.0>-T3: Msg #736, C-Out: 23.10 18:11:11,451| gesendet
lab29-96-<0.84.0>-T3: Msg #755, C-Out: 23.10 18:11:12,454| gesendet
lab29-96-<0.84.0>-T3: Msg #784, C-Out: 23.10 18:11:13,457| gesendet
Neues Intervall: 1 Sekunden
Msg #817 um 23.10 18:11:13,457| vergessen zu senden
4-client@lab23: 729. Nachricht--Gruppe:1-Team:5-Sendezeit:18:11:12 HBQ-In: 23.10 18:11:12,412| DQ-In: 23.10 18:11:12,412| C-In: 23.10 18:11:13,464|
2-client@lab23: 730. Nachricht--Gruppe:1-Team:5-Sendezeit:18:11:10 HBQ-In: 23.10 18:11:10,413| DQ-In: 23.10 18:11:12,412| C-In: 23.10 18:11:13,468|
2-client@lab23: 731. Nachricht--Gruppe:1-Team:5-Sendezeit:18:11:10 HBQ-In: 23.10 18:11:10,415| DQ-In: 23.10 18:11:12,412| C-In: 23.10 18:11:13,472|
1-client@lab23: 732. Nachricht--Gruppe:1-Team:5-Sendezeit:18:11:12 HBQ-In: 23.10 18:11:12,417| DQ-In: 23.10 18:11:12,417| C-In: 23.10 18:11:13,478|
2-client@lab23: 733. Nachricht--Gruppe:1-Team:5-Sendezeit:18:11:10 HBQ-In: 23.10 18:11:10,416| DQ-In: 23.10 18:11:12,417| C-In: 23.10 18:11:13,479|
2-client@lab23: 734. Nachricht--Gruppe:1-Team:5-Sendezeit:18:11:10 HBQ-In: 23.10 18:11:10,417| DQ-In: 23.10 18:11:12,417| C-In: 23.10 18:11:13,482|
2-client@lab23: 735. Nachricht--Gruppe:1-Team:5-Sendezeit:18:11:12 HBQ-In: 23.10 18:11:12,420| DQ-In: 23.10 18:11:12,420| C-In: 23.10 18:11:13,482|
lab29-96-<0.84.0>-T3: Msg #736, C-Out: 23.10 18:11:11,451| HBQ-In: 23.10 18:11:11,451| DQ-In: 23.10 18:11:12,420|******* C-In: 23.10 18:11:13,482|
lab29-91-<0.103.0>-T3: Msg #737, C-Out: 23.10 18:11:11,455| HBQ-In: 23.10 18:11:11,455| DQ-In: 23.10 18:11:12,420| C-In: 23.10 18:11:13,487|
lab29-86-<0.129.0>-T3: Msg #738, C-Out: 23.10 18:11:11,460| HBQ-In: 23.10 18:11:11,460| DQ-In: 23.10 18:11:12,420| C-In: 23.10 18:11:13,489|
lab29-90-<0.107.0>-T3: Msg #739, C-Out: 23.10 18:11:11,652| HBQ-In: 23.10 18:11:11,652| DQ-In: 23.10 18:11:12,420| C-In: 23.10 18:11:13,490|
lab29-85-<0.133.0>-T3: Msg #740, C-Out: 23.10 18:11:11,661| HBQ-In: 23.10 18:11:11,661| DQ-In: 23.10 18:11:12,420| C-In: 23.10 18:11:13,493|
lab29-95-<0.87.0>-T3: Msg #741, C-Out: 23.10 18:11:11,668| HBQ-In: 23.10 18:11:11,668| DQ-In: 23.10 18:11:12,420| C-In: 23.10 18:11:13,498|
lab29-100-<0.40.0>-T3: Msg #742, C-Out: 23.10 18:11:11,670| HBQ-In: 23.10 18:11:11,670| DQ-In: 23.10 18:11:12,420| C-In: 23.10 18:11:13,500|
lab29-99-<0.49.0>-T3: Msg #743, C-Out: 23.10 18:11:11,852| HBQ-In: 23.10 18:11:11,852| DQ-In: 23.10 18:11:12,420| C-In: 23.10 18:11:13,503|
lab29-89-<0.113.0>-T3: Msg #744, C-Out: 23.10 18:11:11,857| HBQ-In: 23.10 18:11:11,857| DQ-In: 23.10 18:11:12,420| C-In: 23.10 18:11:13,506|
lab29-94-<0.91.0>-T3: Msg #745, C-Out: 23.10 18:11:11,859| HBQ-In: 23.10 18:11:11,859| DQ-In: 23.10 18:11:12,420| C-In: 23.10 18:11:13,508|
lab29-84-<0.140.0>-T3: Msg #746, C-Out: 23.10 18:11:11,863| HBQ-In: 23.10 18:11:11,863| DQ-In: 23.10 18:11:12,420| C-In: 23.10 18:11:13,510|
lab29-98-<0.78.0>-T3: Msg #747, C-Out: 23.10 18:11:12,052| HBQ-In: 23.10 18:11:12,052| DQ-In: 23.10 18:11:12,420| C-In: 23.10 18:11:13,512|
lab29-88-<0.118.0>-T3: Msg #748, C-Out: 23.10 18:11:12,056| HBQ-In: 23.10 18:11:12,056| DQ-In: 23.10 18:11:12,420| C-In: 23.10 18:11:13,514|
lab29-93-<0.95.0>-T3: Msg #749, C-Out: 23.10 18:11:12,059| HBQ-In: 23.10 18:11:12,059| DQ-In: 23.10 18:11:12,420| C-In: 23.10 18:11:13,517|
lab29-83-<0.147.0>-T3: Msg #750, C-Out: 23.10 18:11:12,063| HBQ-In: 23.10 18:11:12,063| DQ-In: 23.10 18:11:12,420| C-In: 23.10 18:11:13,519|
lab29-92-<0.99.0>-T3: Msg #751, C-Out: 23.10 18:11:12,257| HBQ-In: 23.10 18:11:12,257| DQ-In: 23.10 18:11:12,420| C-In: 23.10 18:11:13,521|
lab29-97-<0.81.0>-T3: Msg #752, C-Out: 23.10 18:11:12,257| HBQ-In: 23.10 18:11:12,257| DQ-In: 23.10 18:11:12,420| C-In: 23.10 18:11:13,523|
lab29-87-<0.123.0>-T3: Msg #753, C-Out: 23.10 18:11:12,262| HBQ-In: 23.10 18:11:12,262| DQ-In: 23.10 18:11:12,420| C-In: 23.10 18:11:13,526|
lab29-82-<0.153.0>-T3: Msg #754, C-Out: 23.10 18:11:12,266| HBQ-In: 23.10 18:11:12,266| DQ-In: 23.10 18:11:12,420| C-In: 23.10 18:11:13,528|
lab29-96-<0.84.0>-T3: Msg #755, C-Out: 23.10 18:11:12,454| HBQ-In: 23.10 18:11:12,454| DQ-In: 23.10 18:11:12,454|******* C-In: 23.10 18:11:13,530|
lab29-91-<0.103.0>-T3: Msg #756, C-Out: 23.10 18:11:12,458| HBQ-In: 23.10 18:11:12,458| DQ-In: 23.10 18:11:12,458| C-In: 23.10 18:11:13,532|
lab29-86-<0.129.0>-T3: Msg #757, C-Out: 23.10 18:11:12,463| HBQ-In: 23.10 18:11:12,463| DQ-In: 23.10 18:11:12,463| C-In: 23.10 18:11:13,534|
lab29-81-<0.159.0>-T3: Msg #758, C-Out: 23.10 18:11:12,467| HBQ-In: 23.10 18:11:12,467| DQ-In: 23.10 18:11:12,467| C-In: 23.10 18:11:13,537|
lab29-90-<0.107.0>-T3: Msg #759, C-Out: 23.10 18:11:12,655| HBQ-In: 23.10 18:11:12,655| DQ-In: 23.10 18:11:12,655| C-In: 23.10 18:11:13,539|
lab29-85-<0.133.0>-T3: Msg #760, C-Out: 23.10 18:11:12,664| HBQ-In: 23.10 18:11:12,664| DQ-In: 23.10 18:11:12,664| C-In: 23.10 18:11:13,541|
lab29-80-<0.164.0>-T3: Msg #761, C-Out: 23.10 18:11:12,668| HBQ-In: 23.10 18:11:12,668| DQ-In: 23.10 18:11:12,668| C-In: 23.10 18:11:13,544|
lab29-95-<0.87.0>-T3: Msg #762, C-Out: 23.10 18:11:12,671| HBQ-In: 23.10 18:11:12,671| DQ-In: 23.10 18:11:12,671| C-In: 23.10 18:11:13,546|
lab29-100-<0.40.0>-T3: Msg #763, C-Out: 23.10 18:11:12,674| HBQ-In: 23.10 18:11:12,674| DQ-In: 23.10 18:11:12,674| C-In: 23.10 18:11:13,549|
lab29-99-<0.49.0>-T3: Msg #764, C-Out: 23.10 18:11:12,855| HBQ-In: 23.10 18:11:12,855| DQ-In: 23.10 18:11:12,855| C-In: 23.10 18:11:13,551|
lab29-89-<0.113.0>-T3: Msg #765, C-Out: 23.10 18:11:12,861| HBQ-In: 23.10 18:11:12,861| DQ-In: 23.10 18:11:12,861| C-In: 23.10 18:11:13,555|
lab29-94-<0.91.0>-T3: Msg #766, C-Out: 23.10 18:11:12,862| HBQ-In: 23.10 18:11:12,862| DQ-In: 23.10 18:11:12,862| C-In: 23.10 18:11:13,557|
lab29-84-<0.140.0>-T3: Msg #767, C-Out: 23.10 18:11:12,866| HBQ-In: 23.10 18:11:12,866| DQ-In: 23.10 18:11:12,866| C-In: 23.10 18:11:13,559|
lab29-79-<0.173.0>-T3: Msg #768, C-Out: 23.10 18:11:12,874| HBQ-In: 23.10 18:11:12,875| DQ-In: 23.10 18:11:12,875| C-In: 23.10 18:11:13,560|
lab29-98-<0.78.0>-T3: Msg #769, C-Out: 23.10 18:11:13,055| HBQ-In: 23.10 18:11:13,055| DQ-In: 23.10 18:11:13,055| C-In: 23.10 18:11:13,562|
lab29-88-<0.118.0>-T3: Msg #770, C-Out: 23.10 18:11:13,059| HBQ-In: 23.10 18:11:13,060| DQ-In: 23.10 18:11:13,060| C-In: 23.10 18:11:13,564|
lab29-93-<0.95.0>-T3: Msg #771, C-Out: 23.10 18:11:13,064| HBQ-In: 23.10 18:11:13,064| DQ-In: 23.10 18:11:13,064| C-In: 23.10 18:11:13,566|
lab29-83-<0.147.0>-T3: Msg #772, C-Out: 23.10 18:11:13,066| HBQ-In: 23.10 18:11:13,067| DQ-In: 23.10 18:11:13,067| C-In: 23.10 18:11:13,568|
lab29-78-<0.180.0>-T3: Msg #773, C-Out: 23.10 18:11:13,071| HBQ-In: 23.10 18:11:13,071| DQ-In: 23.10 18:11:13,071| C-In: 23.10 18:11:13,571|
lab29-97-<0.81.0>-T3: Msg #774, C-Out: 23.10 18:11:13,261| HBQ-In: 23.10 18:11:13,261| DQ-In: 23.10 18:11:13,261| C-In: 23.10 18:11:13,573|
lab29-92-<0.99.0>-T3: Msg #775, C-Out: 23.10 18:11:13,261| HBQ-In: 23.10 18:11:13,261| DQ-In: 23.10 18:11:13,261| C-In: 23.10 18:11:13,575|
lab29-87-<0.123.0>-T3: Msg #776, C-Out: 23.10 18:11:13,266| HBQ-In: 23.10 18:11:13,266| DQ-In: 23.10 18:11:13,266| C-In: 23.10 18:11:13,577|
lab29-82-<0.153.0>-T3: Msg #777, C-Out: 23.10 18:11:13,271| HBQ-In: 23.10 18:11:13,271| DQ-In: 23.10 18:11:13,271| C-In: 23.10 18:11:13,579|
lab29-77-<0.187.0>-T3: Msg #778, C-Out: 23.10 18:11:13,275| HBQ-In: 23.10 18:11:13,275| DQ-In: 23.10 18:11:13,275| C-In: 23.10 18:11:13,582|
ReceiveMsgs done
lab29-96-<0.84.0>-T3: Msg #823, C-Out: 23.10 18:11:14,589| gesendet
lab29-96-<0.84.0>-T3: Msg #888, C-Out: 23.10 18:11:15,591| gesendet
lab29-96-<0.84.0>-T3: Msg #933, C-Out: 23.10 18:11:16,592| gesendet
lab29-96-<0.84.0>-T3: Msg #988, C-Out: 23.10 18:11:17,593| gesendet
lab29-96-<0.84.0>-T3: Msg #1043, C-Out: 23.10 18:11:18,597| gesendet
Neues Intervall: 1.5 Sekunden
Msg #1131 um 23.10 18:11:18,599| vergessen zu senden
lab29-60-<0.1170.0>-T3: Msg #994, C-Out: 23.10 18:11:17,701| HBQ-In: 23.10 18:11:17,703| DQ-In: 23.10 18:11:18,110| C-In: 23.10 18:11:18,599|
lab29-55-<0.1513.0>-T3: Msg #995, C-Out: 23.10 18:11:17,702| HBQ-In: 23.10 18:11:17,705| DQ-In: 23.10 18:11:18,110| C-In: 23.10 18:11:18,600|
lab29-80-<0.164.0>-T3: Msg #996, C-Out: 23.10 18:11:17,757| HBQ-In: 23.10 18:11:17,757| DQ-In: 23.10 18:11:18,111| C-In: 23.10 18:11:18,600|
lab29-90-<0.107.0>-T3: Msg #997, C-Out: 23.10 18:11:17,757| HBQ-In: 23.10 18:11:17,757| DQ-In: 23.10 18:11:18,111| C-In: 23.10 18:11:18,600|
lab29-100-<0.40.0>-T3: Msg #998, C-Out: 23.10 18:11:17,769| HBQ-In: 23.10 18:11:17,770| DQ-In: 23.10 18:11:18,111| C-In: 23.10 18:11:18,601|
lab29-95-<0.87.0>-T3: Msg #999, C-Out: 23.10 18:11:17,769| HBQ-In: 23.10 18:11:17,770| DQ-In: 23.10 18:11:18,111| C-In: 23.10 18:11:18,601|
lab29-74-<0.266.0>-T3: Msg #1000, C-Out: 23.10 18:11:17,888| HBQ-In: 23.10 18:11:17,888| DQ-In: 23.10 18:11:18,111| C-In: 23.10 18:11:18,601|
Fehlernachricht fuer Luecke von 1001 bis 1001 C-In: 23.10 18:11:18,602|
lab29-69-<0.583.0>-T3: Msg #1002, C-Out: 23.10 18:11:17,894| HBQ-In: 23.10 18:11:17,894| DQ-In: 23.10 18:11:18,314| C-In: 23.10 18:11:18,602|
lab29-64-<0.899.0>-T3: Msg #1003, C-Out: 23.10 18:11:17,894| HBQ-In: 23.10 18:11:17,894| DQ-In: 23.10 18:11:18,314| C-In: 23.10 18:11:18,603|
lab29-59-<0.1234.0>-T3: Msg #1004, C-Out: 23.10 18:11:17,897| HBQ-In: 23.10 18:11:17,898| DQ-In: 23.10 18:11:18,314| C-In: 23.10 18:11:18,603|
lab29-89-<0.113.0>-T3: Msg #1005, C-Out: 23.10 18:11:17,903| HBQ-In: 23.10 18:11:17,903| DQ-In: 23.10 18:11:18,314| C-In: 23.10 18:11:18,603|
lab29-84-<0.140.0>-T3: Msg #1006, C-Out: 23.10 18:11:17,903| HBQ-In: 23.10 18:11:17,903| DQ-In: 23.10 18:11:18,314| C-In: 23.10 18:11:18,603|
lab29-54-<0.1586.0>-T3: Msg #1007, C-Out: 23.10 18:11:17,903| HBQ-In: 23.10 18:11:17,903| DQ-In: 23.10 18:11:18,314| C-In: 23.10 18:11:18,604|
lab29-99-<0.49.0>-T3: Msg #1008, C-Out: 23.10 18:11:17,949| HBQ-In: 23.10 18:11:17,950| DQ-In: 23.10 18:11:18,314| C-In: 23.10 18:11:18,604|
lab29-79-<0.173.0>-T3: Msg #1009, C-Out: 23.10 18:11:17,954| HBQ-In: 23.10 18:11:17,954| DQ-In: 23.10 18:11:18,314| C-In: 23.10 18:11:18,604|
lab29-94-<0.91.0>-T3: Msg #1010, C-Out: 23.10 18:11:17,998| HBQ-In: 23.10 18:11:17,998| DQ-In: 23.10 18:11:18,314| C-In: 23.10 18:11:18,605|
Fehlernachricht fuer Luecke von 1011 bis 1011 C-In: 23.10 18:11:18,605|
lab29-73-<0.332.0>-T3: Msg #1012, C-Out: 23.10 18:11:18,088| HBQ-In: 23.10 18:11:18,088| DQ-In: 23.10 18:11:18,505| C-In: 23.10 18:11:18,605|
lab29-68-<0.633.0>-T3: Msg #1013, C-Out: 23.10 18:11:18,093| HBQ-In: 23.10 18:11:18,093| DQ-In: 23.10 18:11:18,505| C-In: 23.10 18:11:18,606|
lab29-63-<0.983.0>-T3: Msg #1014, C-Out: 23.10 18:11:18,094| HBQ-In: 23.10 18:11:18,094| DQ-In: 23.10 18:11:18,505| C-In: 23.10 18:11:18,606|
lab29-58-<0.1296.0>-T3: Msg #1015, C-Out: 23.10 18:11:18,101| HBQ-In: 23.10 18:11:18,101| DQ-In: 23.10 18:11:18,505| C-In: 23.10 18:11:18,606|
lab29-53-<0.1650.0>-T3: Msg #1016, C-Out: 23.10 18:11:18,103| HBQ-In: 23.10 18:11:18,103| DQ-In: 23.10 18:11:18,505| C-In: 23.10 18:11:18,607|
lab29-93-<0.95.0>-T3: Msg #1017, C-Out: 23.10 18:11:18,110| HBQ-In: 23.10 18:11:18,110| DQ-In: 23.10 18:11:18,505| C-In: 23.10 18:11:18,607|
lab29-83-<0.147.0>-T3: Msg #1018, C-Out: 23.10 18:11:18,116| HBQ-In: 23.10 18:11:18,116| DQ-In: 23.10 18:11:18,505| C-In: 23.10 18:11:18,607|
lab29-78-<0.180.0>-T3: Msg #1019, C-Out: 23.10 18:11:18,118| HBQ-In: 23.10 18:11:18,118| DQ-In: 23.10 18:11:18,505| C-In: 23.10 18:11:18,607|
lab29-88-<0.118.0>-T3: Msg #1020, C-Out: 23.10 18:11:18,120| HBQ-In: 23.10 18:11:18,120| DQ-In: 23.10 18:11:18,508| C-In: 23.10 18:11:18,608|
lab29-98-<0.78.0>-T3: Msg #1021, C-Out: 23.10 18:11:18,158| HBQ-In: 23.10 18:11:18,158| DQ-In: 23.10 18:11:18,508| C-In: 23.10 18:11:18,608|
lab29-72-<0.396.0>-T3: Msg #1022, C-Out: 23.10 18:11:18,291| HBQ-In: 23.10 18:11:18,291| DQ-In: 23.10 18:11:18,508| C-In: 23.10 18:11:18,608|
Fehlernachricht fuer Luecke von 1023 bis 1023 C-In: 23.10 18:11:18,609|
lab29-67-<0.708.0>-T3: Msg #1024, C-Out: 23.10 18:11:18,293| HBQ-In: 23.10 18:11:18,293| DQ-In: 23.10 18:11:18,513| C-In: 23.10 18:11:18,609|
lab29-62-<0.1043.0>-T3: Msg #1025, C-Out: 23.10 18:11:18,295| HBQ-In: 23.10 18:11:18,296| DQ-In: 23.10 18:11:18,513| C-In: 23.10 18:11:18,609|
lab29-57-<0.1365.0>-T3: Msg #1026, C-Out: 23.10 18:11:18,303| HBQ-In: 23.10 18:11:18,303| DQ-In: 23.10 18:11:18,513| C-In: 23.10 18:11:18,611|
lab29-52-<0.1713.0>-T3: Msg #1027, C-Out: 23.10 18:11:18,309| HBQ-In: 23.10 18:11:18,309| DQ-In: 23.10 18:11:18,513| C-In: 23.10 18:11:18,612|
lab29-87-<0.123.0>-T3: Msg #1028, C-Out: 23.10 18:11:18,310| HBQ-In: 23.10 18:11:18,310| DQ-In: 23.10 18:11:18,513| C-In: 23.10 18:11:18,612|
lab29-82-<0.153.0>-T3: Msg #1029, C-Out: 23.10 18:11:18,314| HBQ-In: 23.10 18:11:18,314| DQ-In: 23.10 18:11:18,513| C-In: 23.10 18:11:18,613|
lab29-92-<0.99.0>-T3: Msg #1030, C-Out: 23.10 18:11:18,334| HBQ-In: 23.10 18:11:18,334| DQ-In: 23.10 18:11:18,513| C-In: 23.10 18:11:18,613|
lab29-77-<0.187.0>-T3: Msg #1031, C-Out: 23.10 18:11:18,377| HBQ-In: 23.10 18:11:18,377| DQ-In: 23.10 18:11:18,513| C-In: 23.10 18:11:18,613|
lab29-97-<0.81.0>-T3: Msg #1032, C-Out: 23.10 18:11:18,439| HBQ-In: 23.10 18:11:18,439| DQ-In: 23.10 18:11:18,513| C-In: 23.10 18:11:18,614|
Fehlernachricht fuer Luecke von 1033 bis 1033 C-In: 23.10 18:11:18,614|
lab29-66-<0.743.0>-T3: Msg #1034, C-Out: 23.10 18:11:18,494| HBQ-In: 23.10 18:11:18,494| DQ-In: 23.10 18:11:18,523| C-In: 23.10 18:11:18,616|
lab29-71-<0.461.0>-T3: Msg #1035, C-Out: 23.10 18:11:18,494| HBQ-In: 23.10 18:11:18,494| DQ-In: 23.10 18:11:18,523| C-In: 23.10 18:11:18,616|
lab29-61-<0.1100.0>-T3: Msg #1036, C-Out: 23.10 18:11:18,501| HBQ-In: 23.10 18:11:18,502| DQ-In: 23.10 18:11:18,523| C-In: 23.10 18:11:18,619|
lab29-56-<0.1439.0>-T3: Msg #1037, C-Out: 23.10 18:11:18,505| HBQ-In: 23.10 18:11:18,505| DQ-In: 23.10 18:11:18,523| C-In: 23.10 18:11:18,619|
lab29-51-<0.1789.0>-T3: Msg #1038, C-Out: 23.10 18:11:18,506| HBQ-In: 23.10 18:11:18,508| DQ-In: 23.10 18:11:18,523| C-In: 23.10 18:11:18,619|
lab29-81-<0.159.0>-T3: Msg #1039, C-Out: 23.10 18:11:18,510| HBQ-In: 23.10 18:11:18,510| DQ-In: 23.10 18:11:18,523| C-In: 23.10 18:11:18,620|
lab29-91-<0.103.0>-T3: Msg #1040, C-Out: 23.10 18:11:18,558| HBQ-In: 23.10 18:11:18,558| DQ-In: 23.10 18:11:18,558| C-In: 23.10 18:11:18,621|
lab29-86-<0.129.0>-T3: Msg #1041, C-Out: 23.10 18:11:18,560| HBQ-In: 23.10 18:11:18,561| DQ-In: 23.10 18:11:18,561| C-In: 23.10 18:11:18,621|
lab29-76-<0.194.0>-T3: Msg #1042, C-Out: 23.10 18:11:18,578| HBQ-In: 23.10 18:11:18,579| DQ-In: 23.10 18:11:18,579| C-In: 23.10 18:11:18,622|
lab29-96-<0.84.0>-T3: Msg #1043, C-Out: 23.10 18:11:18,597| HBQ-In: 23.10 18:11:18,597| DQ-In: 23.10 18:11:18,597|******* C-In: 23.10 18:11:18,622|
ReceiveMsgs done
lab29-96-<0.84.0>-T3: Msg #1133, C-Out: 23.10 18:11:20,123| gesendet
lab29-96-<0.84.0>-T3: Msg #1239, C-Out: 23.10 18:11:21,628| gesendet
lab29-96-<0.84.0>-T3: Msg #1350, C-Out: 23.10 18:11:23,132| gesendet
lab29-96-<0.84.0>-T3: Msg #1490, C-Out: 23.10 18:11:24,633| gesendet
lab29-96-<0.84.0>-T3: Msg #1622, C-Out: 23.10 18:11:26,136| gesendet
Neues Intervall: 2.25 Sekunden
Msg #1752 um 23.10 18:11:26,138| vergessen zu senden
lab29-49-<0.1950.0>-T3: Msg #1562, C-Out: 23.10 18:11:24,960| HBQ-In: 23.10 18:11:24,960| DQ-In: 23.10 18:11:25,447| C-In: 23.10 18:11:26,141|
lab29-44-<0.2376.0>-T3: Msg #1563, C-Out: 23.10 18:11:24,963| HBQ-In: 23.10 18:11:24,963| DQ-In: 23.10 18:11:25,448| C-In: 23.10 18:11:26,143|
lab29-54-<0.1586.0>-T3: Msg #1564, C-Out: 23.10 18:11:24,966| HBQ-In: 23.10 18:11:24,966| DQ-In: 23.10 18:11:25,448| C-In: 23.10 18:11:26,143|
lab29-69-<0.583.0>-T3: Msg #1565, C-Out: 23.10 18:11:25,478| HBQ-In: 23.10 18:11:25,478| DQ-In: 23.10 18:11:25,478| C-In: 23.10 18:11:26,146|
lab29-99-<0.49.0>-T3: Msg #1566, C-Out: 23.10 18:11:25,486| HBQ-In: 23.10 18:11:25,487| DQ-In: 23.10 18:11:25,487| C-In: 23.10 18:11:26,146|
Fehlernachricht fuer Luecke von 1567 bis 1568 C-In: 23.10 18:11:26,147|
lab29-33-<0.3306.0>-T3: Msg #1569, C-Out: 23.10 18:11:25,135| HBQ-In: 23.10 18:11:25,135| DQ-In: 23.10 18:11:25,550| C-In: 23.10 18:11:26,147|
lab29-38-<0.2880.0>-T3: Msg #1570, C-Out: 23.10 18:11:25,135| HBQ-In: 23.10 18:11:25,135| DQ-In: 23.10 18:11:25,550| C-In: 23.10 18:11:26,147|
lab29-28-<0.3729.0>-T3: Msg #1571, C-Out: 23.10 18:11:25,138| HBQ-In: 23.10 18:11:25,138| DQ-In: 23.10 18:11:25,550| C-In: 23.10 18:11:26,148|
Fehlernachricht fuer Luecke von 1572 bis 1573 C-In: 23.10 18:11:26,148|
lab29-23-<0.4130.0>-T3: Msg #1574, C-Out: 23.10 18:11:25,144| HBQ-In: 23.10 18:11:25,144| DQ-In: 23.10 18:11:25,576| C-In: 23.10 18:11:26,148|
lab29-18-<0.4519.0>-T3: Msg #1575, C-Out: 23.10 18:11:25,149| HBQ-In: 23.10 18:11:25,149| DQ-In: 23.10 18:11:25,576| C-In: 23.10 18:11:26,149|
lab29-53-<0.1650.0>-T3: Msg #1576, C-Out: 23.10 18:11:25,149| HBQ-In: 23.10 18:11:25,149| DQ-In: 23.10 18:11:25,576| C-In: 23.10 18:11:26,149|
lab29-63-<0.983.0>-T3: Msg #1577, C-Out: 23.10 18:11:25,155| HBQ-In: 23.10 18:11:25,158| DQ-In: 23.10 18:11:25,576| C-In: 23.10 18:11:26,149|
lab29-58-<0.1296.0>-T3: Msg #1578, C-Out: 23.10 18:11:25,156| HBQ-In: 23.10 18:11:25,158| DQ-In: 23.10 18:11:25,576| C-In: 23.10 18:11:26,149|
lab29-48-<0.2035.0>-T3: Msg #1579, C-Out: 23.10 18:11:25,158| HBQ-In: 23.10 18:11:25,158| DQ-In: 23.10 18:11:25,576| C-In: 23.10 18:11:26,150|
lab29-83-<0.147.0>-T3: Msg #1580, C-Out: 23.10 18:11:25,659| HBQ-In: 23.10 18:11:25,660| DQ-In: 23.10 18:11:25,660| C-In: 23.10 18:11:26,150|
lab29-43-<0.2458.0>-T3: Msg #1581, C-Out: 23.10 18:11:25,175| HBQ-In: 23.10 18:11:25,175| DQ-In: 23.10 18:11:25,660| C-In: 23.10 18:11:26,152|
lab29-68-<0.633.0>-T3: Msg #1582, C-Out: 23.10 18:11:25,731| HBQ-In: 23.10 18:11:25,731| DQ-In: 23.10 18:11:25,731| C-In: 23.10 18:11:26,153|
lab29-98-<0.78.0>-T3: Msg #1583, C-Out: 23.10 18:11:25,731| HBQ-In: 23.10 18:11:25,731| DQ-In: 23.10 18:11:25,731| C-In: 23.10 18:11:26,153|
Fehlernachricht fuer Luecke von 1584 bis 1584 C-In: 23.10 18:11:26,155|
lab29-32-<0.3394.0>-T3: Msg #1585, C-Out: 23.10 18:11:25,332| HBQ-In: 23.10 18:11:25,332| DQ-In: 23.10 18:11:25,750| C-In: 23.10 18:11:26,157|
lab29-37-<0.2967.0>-T3: Msg #1586, C-Out: 23.10 18:11:25,332| HBQ-In: 23.10 18:11:25,332| DQ-In: 23.10 18:11:25,750| C-In: 23.10 18:11:26,158|
Fehlernachricht fuer Luecke von 1587 bis 1587 C-In: 23.10 18:11:26,158|
lab29-27-<0.3815.0>-T3: Msg #1588, C-Out: 23.10 18:11:25,341| HBQ-In: 23.10 18:11:25,342| DQ-In: 23.10 18:11:25,769| C-In: 23.10 18:11:26,160|
lab29-22-<0.4210.0>-T3: Msg #1589, C-Out: 23.10 18:11:25,343| HBQ-In: 23.10 18:11:25,343| DQ-In: 23.10 18:11:25,769| C-In: 23.10 18:11:26,160|
lab29-17-<0.4601.0>-T3: Msg #1590, C-Out: 23.10 18:11:25,347| HBQ-In: 23.10 18:11:25,347| DQ-In: 23.10 18:11:25,769| C-In: 23.10 18:11:26,161|
Fehlernachricht fuer Luecke von 1591 bis 1591 C-In: 23.10 18:11:26,161|
lab29-62-<0.1043.0>-T3: Msg #1592, C-Out: 23.10 18:11:25,360| HBQ-In: 23.10 18:11:25,360| DQ-In: 23.10 18:11:25,867| C-In: 23.10 18:11:26,161|
lab29-75-<0.200.0>-T3: Msg #1593, C-Out: 23.10 18:11:25,866| HBQ-In: 23.10 18:11:25,867| DQ-In: 23.10 18:11:25,867| C-In: 23.10 18:11:26,162|
lab29-47-<0.2127.0>-T3: Msg #1594, C-Out: 23.10 18:11:25,369| HBQ-In: 23.10 18:11:25,377| DQ-In: 23.10 18:11:25,867| C-In: 23.10 18:11:26,162|
lab29-42-<0.2545.0>-T3: Msg #1595, C-Out: 23.10 18:11:25,376| HBQ-In: 23.10 18:11:25,377| DQ-In: 23.10 18:11:25,867| C-In: 23.10 18:11:26,162|
lab29-52-<0.1713.0>-T3: Msg #1596, C-Out: 23.10 18:11:25,383| HBQ-In: 23.10 18:11:25,383| DQ-In: 23.10 18:11:25,867| C-In: 23.10 18:11:26,163|
lab29-67-<0.708.0>-T3: Msg #1597, C-Out: 23.10 18:11:25,883| HBQ-In: 23.10 18:11:25,883| DQ-In: 23.10 18:11:25,883| C-In: 23.10 18:11:26,165|
lab29-57-<0.1365.0>-T3: Msg #1598, C-Out: 23.10 18:11:25,384| HBQ-In: 23.10 18:11:25,384| DQ-In: 23.10 18:11:25,883| C-In: 23.10 18:11:26,167|
lab29-82-<0.153.0>-T3: Msg #1599, C-Out: 23.10 18:11:25,885| HBQ-In: 23.10 18:11:25,886| DQ-In: 23.10 18:11:25,886| C-In: 23.10 18:11:26,167|
lab29-89-<0.113.0>-T3: Msg #1600, C-Out: 23.10 18:11:25,937| HBQ-In: 23.10 18:11:25,937| DQ-In: 23.10 18:11:25,937| C-In: 23.10 18:11:26,168|
Fehlernachricht fuer Luecke von 1601 bis 1602 C-In: 23.10 18:11:26,168|
lab29-36-<0.3048.0>-T3: Msg #1603, C-Out: 23.10 18:11:25,533| HBQ-In: 23.10 18:11:25,533| DQ-In: 23.10 18:11:25,950| C-In: 23.10 18:11:26,168|
Fehlernachricht fuer Luecke von 1604 bis 1604 C-In: 23.10 18:11:26,169|
lab29-31-<0.3480.0>-T3: Msg #1605, C-Out: 23.10 18:11:25,533| HBQ-In: 23.10 18:11:25,533| DQ-In: 23.10 18:11:25,961| C-In: 23.10 18:11:26,169|
lab29-26-<0.3898.0>-T3: Msg #1606, C-Out: 23.10 18:11:25,543| HBQ-In: 23.10 18:11:25,543| DQ-In: 23.10 18:11:25,961| C-In: 23.10 18:11:26,169|
lab29-56-<0.1439.0>-T3: Msg #1607, C-Out: 23.10 18:11:25,550| HBQ-In: 23.10 18:11:25,550| DQ-In: 23.10 18:11:25,961| C-In: 23.10 18:11:26,170|
lab29-21-<0.4291.0>-T3: Msg #1608, C-Out: 23.10 18:11:25,550| HBQ-In: 23.10 18:11:25,550| DQ-In: 23.10 18:11:25,961| C-In: 23.10 18:11:26,170|
Fehlernachricht fuer Luecke von 1609 bis 1609 C-In: 23.10 18:11:26,170|
lab29-16-<0.4681.0>-T3: Msg #1610, C-Out: 23.10 18:11:25,550| HBQ-In: 23.10 18:11:25,550| DQ-In: 23.10 18:11:26,052| C-In: 23.10 18:11:26,171|
lab29-81-<0.159.0>-T3: Msg #1611, C-Out: 23.10 18:11:26,050| HBQ-In: 23.10 18:11:26,051| DQ-In: 23.10 18:11:26,052| C-In: 23.10 18:11:26,171|
lab29-46-<0.2213.0>-T3: Msg #1612, C-Out: 23.10 18:11:25,552| HBQ-In: 23.10 18:11:25,554| DQ-In: 23.10 18:11:26,052| C-In: 23.10 18:11:26,171|
lab29-51-<0.1789.0>-T3: Msg #1613, C-Out: 23.10 18:11:25,572| HBQ-In: 23.10 18:11:25,573| DQ-In: 23.10 18:11:26,052| C-In: 23.10 18:11:26,172|
lab29-61-<0.1100.0>-T3: Msg #1614, C-Out: 23.10 18:11:25,576| HBQ-In: 23.10 18:11:25,576| DQ-In: 23.10 18:11:26,052| C-In: 23.10 18:11:26,174|
Fehlernachricht fuer Luecke von 1615 bis 1619 C-In: 23.10 18:11:26,175|
lab29-41-<0.2632.0>-T3: Msg #1620, C-Out: 23.10 18:11:25,594| HBQ-In: 23.10 18:11:25,596| DQ-In: 23.10 18:11:26,146| C-In: 23.10 18:11:26,175|
lab29-66-<0.743.0>-T3: Msg #1621, C-Out: 23.10 18:11:26,097| HBQ-In: 23.10 18:11:26,098| DQ-In: 23.10 18:11:26,146| C-In: 23.10 18:11:26,175|
lab29-96-<0.84.0>-T3: Msg #1622, C-Out: 23.10 18:11:26,136| HBQ-In: 23.10 18:11:26,138| DQ-In: 23.10 18:11:26,146|******* C-In: 23.10 18:11:26,176|
Fehlernachricht fuer Luecke von 1623 bis 1626 C-In: 23.10 18:11:26,176|
lab29-35-<0.3134.0>-T3: Msg #1627, C-Out: 23.10 18:11:25,731| HBQ-In: 23.10 18:11:25,731| DQ-In: 23.10 18:11:26,152| C-In: 23.10 18:11:26,176|
lab29-30-<0.3559.0>-T3: Msg #1628, C-Out: 23.10 18:11:25,742| HBQ-In: 23.10 18:11:25,742| DQ-In: 23.10 18:11:26,152| C-In: 23.10 18:11:26,176|
lab29-60-<0.1170.0>-T3: Msg #1629, C-Out: 23.10 18:11:25,747| HBQ-In: 23.10 18:11:25,747| DQ-In: 23.10 18:11:26,152| C-In: 23.10 18:11:26,177|
lab29-25-<0.3973.0>-T3: Msg #1630, C-Out: 23.10 18:11:25,747| HBQ-In: 23.10 18:11:25,747| DQ-In: 23.10 18:11:26,152| C-In: 23.10 18:11:26,178|
lab29-20-<0.4365.0>-T3: Msg #1631, C-Out: 23.10 18:11:25,747| HBQ-In: 23.10 18:11:25,747| DQ-In: 23.10 18:11:26,152| C-In: 23.10 18:11:26,178|
lab29-15-<0.4762.0>-T3: Msg #1632, C-Out: 23.10 18:11:25,750| HBQ-In: 23.10 18:11:25,750| DQ-In: 23.10 18:11:26,152| C-In: 23.10 18:11:26,178|
lab29-40-<0.2707.0>-T3: Msg #1633, C-Out: 23.10 18:11:25,760| HBQ-In: 23.10 18:11:25,761| DQ-In: 23.10 18:11:26,152| C-In: 23.10 18:11:26,178|
ReceiveMsgs done
lab29-96-<0.84.0>-T3: Msg #1766, C-Out: 23.10 18:11:28,430| gesendet
lab29-96-<0.84.0>-T3: Msg #2002, C-Out: 23.10 18:11:30,682| gesendet
lab29-96-<0.84.0>-T3: Msg #2208, C-Out: 23.10 18:11:32,933| gesendet
lab29-96-<0.84.0>-T3: Msg #2424, C-Out: 23.10 18:11:35,185| gesendet
lab29-96-<0.84.0>-T3: Msg #2610, C-Out: 23.10 18:11:37,445| gesendet
Neues Intervall: 3.375 Sekunden
Msg #2770 um 23.10 18:11:37,446| vergessen zu senden
1-client@lab23: 2559. Nachricht--Gruppe:1-Team:5-Sendezeit:18:11:34 HBQ-In: 23.10 18:11:34,758| DQ-In: 23.10 18:11:36,230| C-In: 23.10 18:11:37,447|
5-client@lab23: 2560. Nachricht--Gruppe:1-Team:5-Sendezeit:18:11:34 HBQ-In: 23.10 18:11:34,758| DQ-In: 23.10 18:11:36,230| C-In: 23.10 18:11:37,450|
lab29-23-<0.4130.0>-T3: Msg #2561, C-Out: 23.10 18:11:36,270| HBQ-In: 23.10 18:11:36,277| DQ-In: 23.10 18:11:36,277| C-In: 23.10 18:11:37,450|
Fehlernachricht fuer Luecke von 2562 bis 2562 C-In: 23.10 18:11:37,452|
2-client@lab23: 2563. Nachricht--Gruppe:1-Team:5-Sendezeit:18:11:34 HBQ-In: 23.10 18:11:34,764| DQ-In: 23.10 18:11:36,437| C-In: 23.10 18:11:37,452|
5-client@lab23: 2564. Nachricht--Gruppe:1-Team:5-Sendezeit:18:11:34 HBQ-In: 23.10 18:11:34,764| DQ-In: 23.10 18:11:36,437| C-In: 23.10 18:11:37,454|
1-client@lab23: 2565. Nachricht--Gruppe:1-Team:5-Sendezeit:18:11:34 HBQ-In: 23.10 18:11:34,764| DQ-In: 23.10 18:11:36,437| C-In: 23.10 18:11:37,455|
2-client@lab23: 2566. Nachricht--Gruppe:1-Team:5-Sendezeit:18:11:34 HBQ-In: 23.10 18:11:34,767| DQ-In: 23.10 18:11:36,437| C-In: 23.10 18:11:37,455|
1-client@lab23: 2567. Nachricht--Gruppe:1-Team:5-Sendezeit:18:11:34 HBQ-In: 23.10 18:11:34,767| DQ-In: 23.10 18:11:36,437| C-In: 23.10 18:11:37,457|
5-client@lab23: 2568. Nachricht--Gruppe:1-Team:5-Sendezeit:18:11:34 HBQ-In: 23.10 18:11:34,768| DQ-In: 23.10 18:11:36,437| C-In: 23.10 18:11:37,459|
lab29-38-<0.2880.0>-T3: Msg #2569, C-Out: 23.10 18:11:36,270| HBQ-In: 23.10 18:11:36,277| DQ-In: 23.10 18:11:36,437| C-In: 23.10 18:11:37,459|
Fehlernachricht fuer Luecke von 2570 bis 2572 C-In: 23.10 18:11:37,459|
4-client@lab23: 2573. Nachricht--Gruppe:1-Team:5-Sendezeit:18:11:34 HBQ-In: 23.10 18:11:34,778| DQ-In: 23.10 18:11:36,639| C-In: 23.10 18:11:37,463|
3-client@lab23: 2574. Nachricht--Gruppe:1-Team:5-Sendezeit:18:11:34 HBQ-In: 23.10 18:11:34,778| DQ-In: 23.10 18:11:36,639| C-In: 23.10 18:11:37,463|
Fehlernachricht fuer Luecke von 2575 bis 2575 C-In: 23.10 18:11:37,465|
4-client@lab23: 2576. Nachricht--Gruppe:1-Team:5-Sendezeit:18:11:34 HBQ-In: 23.10 18:11:34,780| DQ-In: 23.10 18:11:36,676| C-In: 23.10 18:11:37,465|
3-client@lab23: 2577. Nachricht--Gruppe:1-Team:5-Sendezeit:18:11:34 HBQ-In: 23.10 18:11:34,780| DQ-In: 23.10 18:11:36,676| C-In: 23.10 18:11:37,466|
4-client@lab23: 2578. Nachricht--Gruppe:1-Team:5-Sendezeit:18:11:34 HBQ-In: 23.10 18:11:34,782| DQ-In: 23.10 18:11:36,676| C-In: 23.10 18:11:37,466|
3-client@lab23: 2579. Nachricht--Gruppe:1-Team:5-Sendezeit:18:11:34 HBQ-In: 23.10 18:11:34,782| DQ-In: 23.10 18:11:36,676| C-In: 23.10 18:11:37,467|
4-client@lab23: 2580. Nachricht--Gruppe:1-Team:5-Sendezeit:18:11:34 HBQ-In: 23.10 18:11:34,786| DQ-In: 23.10 18:11:36,676| C-In: 23.10 18:11:37,470|
3-client@lab23: 2581. Nachricht--Gruppe:1-Team:5-Sendezeit:18:11:34 HBQ-In: 23.10 18:11:34,786| DQ-In: 23.10 18:11:36,676| C-In: 23.10 18:11:37,473|
4-client@lab23: 2582. Nachricht--Gruppe:1-Team:5-Sendezeit:18:11:36 HBQ-In: 23.10 18:11:36,791| DQ-In: 23.10 18:11:36,791| C-In: 23.10 18:11:37,474|
3-client@lab23: 2583. Nachricht--Gruppe:1-Team:5-Sendezeit:18:11:36 HBQ-In: 23.10 18:11:36,791| DQ-In: 23.10 18:11:36,791| C-In: 23.10 18:11:37,474|
Fehlernachricht fuer Luecke von 2584 bis 2585 C-In: 23.10 18:11:37,474|
lab29-5-<0.5513.0>-T3: Msg #2586, C-Out: 23.10 18:11:35,829| HBQ-In: 23.10 18:11:35,829| DQ-In: 23.10 18:11:36,900| C-In: 23.10 18:11:37,475|
lab29-45-<0.2293.0>-T3: Msg #2587, C-Out: 23.10 18:11:36,333| HBQ-In: 23.10 18:11:36,333| DQ-In: 23.10 18:11:36,900| C-In: 23.10 18:11:37,475|
lab29-10-<0.5112.0>-T3: Msg #2588, C-Out: 23.10 18:11:35,840| HBQ-In: 23.10 18:11:35,844| DQ-In: 23.10 18:11:36,900| C-In: 23.10 18:11:37,475|
lab29-30-<0.3559.0>-T3: Msg #2589, C-Out: 23.10 18:11:36,385| HBQ-In: 23.10 18:11:36,387| DQ-In: 23.10 18:11:36,900| C-In: 23.10 18:11:37,475|
lab29-15-<0.4762.0>-T3: Msg #2590, C-Out: 23.10 18:11:36,396| HBQ-In: 23.10 18:11:36,397| DQ-In: 23.10 18:11:36,900| C-In: 23.10 18:11:37,476|
Fehlernachricht fuer Luecke von 2591 bis 2592 C-In: 23.10 18:11:37,478|
lab29-37-<0.2967.0>-T3: Msg #2593, C-Out: 23.10 18:11:36,456| HBQ-In: 23.10 18:11:36,458| DQ-In: 23.10 18:11:37,034| C-In: 23.10 18:11:37,479|
Fehlernachricht fuer Luecke von 2594 bis 2594 C-In: 23.10 18:11:37,479|
lab29-22-<0.4210.0>-T3: Msg #2595, C-Out: 23.10 18:11:36,471| HBQ-In: 23.10 18:11:36,473| DQ-In: 23.10 18:11:37,071| C-In: 23.10 18:11:37,480|
Fehlernachricht fuer Luecke von 2596 bis 2597 C-In: 23.10 18:11:37,480|
lab29-4-<0.5587.0>-T3: Msg #2598, C-Out: 23.10 18:11:36,013| HBQ-In: 23.10 18:11:36,015| DQ-In: 23.10 18:11:37,158| C-In: 23.10 18:11:37,480|
lab29-9-<0.5191.0>-T3: Msg #2599, C-Out: 23.10 18:11:36,027| HBQ-In: 23.10 18:11:36,028| DQ-In: 23.10 18:11:37,158| C-In: 23.10 18:11:37,481|
Fehlernachricht fuer Luecke von 2600 bis 2601 C-In: 23.10 18:11:37,481|
lab29-44-<0.2376.0>-T3: Msg #2602, C-Out: 23.10 18:11:36,532| HBQ-In: 23.10 18:11:36,532| DQ-In: 23.10 18:11:37,174| C-In: 23.10 18:11:37,481|
lab29-14-<0.4846.0>-T3: Msg #2603, C-Out: 23.10 18:11:36,566| HBQ-In: 23.10 18:11:36,570| DQ-In: 23.10 18:11:37,174| C-In: 23.10 18:11:37,481|
lab29-29-<0.3641.0>-T3: Msg #2604, C-Out: 23.10 18:11:36,568| HBQ-In: 23.10 18:11:36,571| DQ-In: 23.10 18:11:37,174| C-In: 23.10 18:11:37,482|
Fehlernachricht fuer Luecke von 2605 bis 2607 C-In: 23.10 18:11:37,482|
lab29-36-<0.3048.0>-T3: Msg #2608, C-Out: 23.10 18:11:36,638| HBQ-In: 23.10 18:11:36,638| DQ-In: 23.10 18:11:37,270| C-In: 23.10 18:11:37,483|
lab29-21-<0.4291.0>-T3: Msg #2609, C-Out: 23.10 18:11:36,673| HBQ-In: 23.10 18:11:36,676| DQ-In: 23.10 18:11:37,270| C-In: 23.10 18:11:37,484|
Fehlernachricht fuer Luecke von 2610 bis 2611 C-In: 23.10 18:11:37,485|
lab29-8-<0.5273.0>-T3: Msg #2612, C-Out: 23.10 18:11:36,212| HBQ-In: 23.10 18:11:36,212| DQ-In: 23.10 18:11:37,380| C-In: 23.10 18:11:37,485|
Fehlernachricht fuer Luecke von 2613 bis 2613 C-In: 23.10 18:11:37,487|
lab29-3-<0.5663.0>-T3: Msg #2614, C-Out: 23.10 18:11:36,230| HBQ-In: 23.10 18:11:36,230| DQ-In: 23.10 18:11:37,395| C-In: 23.10 18:11:37,487|
lab29-43-<0.2458.0>-T3: Msg #2615, C-Out: 23.10 18:11:36,736| HBQ-In: 23.10 18:11:36,736| DQ-In: 23.10 18:11:37,395| C-In: 23.10 18:11:37,488|
Fehlernachricht fuer Luecke von 2616 bis 2616 C-In: 23.10 18:11:37,489|
lab29-28-<0.3729.0>-T3: Msg #2617, C-Out: 23.10 18:11:36,753| HBQ-In: 23.10 18:11:36,753| DQ-In: 23.10 18:11:37,438| C-In: 23.10 18:11:37,489|
Fehlernachricht fuer Luecke von 2618 bis 2619 C-In: 23.10 18:11:37,489|
lab29-13-<0.4921.0>-T3: Msg #2620, C-Out: 23.10 18:11:36,790| HBQ-In: 23.10 18:11:36,790| DQ-In: 23.10 18:11:37,485| C-In: 23.10 18:11:37,489|
lab29-35-<0.3134.0>-T3: Msg #2621, C-Out: 23.10 18:11:36,829| HBQ-In: 23.10 18:11:36,829| DQ-In: 23.10 18:11:37,485| C-In: 23.10 18:11:37,490|
lab29-20-<0.4365.0>-T3: Msg #2622, C-Out: 23.10 18:11:36,897| HBQ-In: 23.10 18:11:36,900| DQ-In: 23.10 18:11:37,485| C-In: 23.10 18:11:37,490|
ReceiveMsgs done
lab29-96-<0.84.0>-T3: Msg #2775, C-Out: 23.10 18:11:40,868| gesendet
