lab29-32-<0.3394.0>-T3 C-Start: 23.10 18:11:21,328|
lab29-32-<0.3394.0>-T3: Msg #1328, C-Out: 23.10 18:11:22,329| gesendet
lab29-32-<0.3394.0>-T3: Msg #1401, C-Out: 23.10 18:11:23,330| gesendet
lab29-32-<0.3394.0>-T3: Msg #1505, C-Out: 23.10 18:11:24,331| gesendet
lab29-32-<0.3394.0>-T3: Msg #1585, C-Out: 23.10 18:11:25,332| gesendet
lab29-32-<0.3394.0>-T3: Msg #1677, C-Out: 23.10 18:11:26,335| gesendet
Neues Intervall: 1 Sekunden
Msg #1771 um 23.10 18:11:26,336| vergessen zu senden
lab29-43-<0.2458.0>-T3: Msg #1581, C-Out: 23.10 18:11:25,175| HBQ-In: 23.10 18:11:25,175| DQ-In: 23.10 18:11:25,660| C-In: 23.10 18:11:26,340|
lab29-68-<0.633.0>-T3: Msg #1582, C-Out: 23.10 18:11:25,731| HBQ-In: 23.10 18:11:25,731| DQ-In: 23.10 18:11:25,731| C-In: 23.10 18:11:26,341|
lab29-98-<0.78.0>-T3: Msg #1583, C-Out: 23.10 18:11:25,731| HBQ-In: 23.10 18:11:25,731| DQ-In: 23.10 18:11:25,731| C-In: 23.10 18:11:26,343|
Fehlernachricht fuer Luecke von 1584 bis 1584 C-In: 23.10 18:11:26,343|
lab29-32-<0.3394.0>-T3: Msg #1585, C-Out: 23.10 18:11:25,332| HBQ-In: 23.10 18:11:25,332| DQ-In: 23.10 18:11:25,750|******* C-In: 23.10 18:11:26,344|
lab29-37-<0.2967.0>-T3: Msg #1586, C-Out: 23.10 18:11:25,332| HBQ-In: 23.10 18:11:25,332| DQ-In: 23.10 18:11:25,750| C-In: 23.10 18:11:26,344|
Fehlernachricht fuer Luecke von 1587 bis 1587 C-In: 23.10 18:11:26,345|
lab29-27-<0.3815.0>-T3: Msg #1588, C-Out: 23.10 18:11:25,341| HBQ-In: 23.10 18:11:25,342| DQ-In: 23.10 18:11:25,769| C-In: 23.10 18:11:26,345|
lab29-22-<0.4210.0>-T3: Msg #1589, C-Out: 23.10 18:11:25,343| HBQ-In: 23.10 18:11:25,343| DQ-In: 23.10 18:11:25,769| C-In: 23.10 18:11:26,345|
lab29-17-<0.4601.0>-T3: Msg #1590, C-Out: 23.10 18:11:25,347| HBQ-In: 23.10 18:11:25,347| DQ-In: 23.10 18:11:25,769| C-In: 23.10 18:11:26,345|
Fehlernachricht fuer Luecke von 1591 bis 1591 C-In: 23.10 18:11:26,346|
lab29-62-<0.1043.0>-T3: Msg #1592, C-Out: 23.10 18:11:25,360| HBQ-In: 23.10 18:11:25,360| DQ-In: 23.10 18:11:25,867| C-In: 23.10 18:11:26,346|
lab29-75-<0.200.0>-T3: Msg #1593, C-Out: 23.10 18:11:25,866| HBQ-In: 23.10 18:11:25,867| DQ-In: 23.10 18:11:25,867| C-In: 23.10 18:11:26,346|
lab29-47-<0.2127.0>-T3: Msg #1594, C-Out: 23.10 18:11:25,369| HBQ-In: 23.10 18:11:25,377| DQ-In: 23.10 18:11:25,867| C-In: 23.10 18:11:26,347|
lab29-42-<0.2545.0>-T3: Msg #1595, C-Out: 23.10 18:11:25,376| HBQ-In: 23.10 18:11:25,377| DQ-In: 23.10 18:11:25,867| C-In: 23.10 18:11:26,347|
lab29-52-<0.1713.0>-T3: Msg #1596, C-Out: 23.10 18:11:25,383| HBQ-In: 23.10 18:11:25,383| DQ-In: 23.10 18:11:25,867| C-In: 23.10 18:11:26,348|
lab29-67-<0.708.0>-T3: Msg #1597, C-Out: 23.10 18:11:25,883| HBQ-In: 23.10 18:11:25,883| DQ-In: 23.10 18:11:25,883| C-In: 23.10 18:11:26,349|
lab29-57-<0.1365.0>-T3: Msg #1598, C-Out: 23.10 18:11:25,384| HBQ-In: 23.10 18:11:25,384| DQ-In: 23.10 18:11:25,883| C-In: 23.10 18:11:26,349|
lab29-82-<0.153.0>-T3: Msg #1599, C-Out: 23.10 18:11:25,885| HBQ-In: 23.10 18:11:25,886| DQ-In: 23.10 18:11:25,886| C-In: 23.10 18:11:26,349|
lab29-89-<0.113.0>-T3: Msg #1600, C-Out: 23.10 18:11:25,937| HBQ-In: 23.10 18:11:25,937| DQ-In: 23.10 18:11:25,937| C-In: 23.10 18:11:26,350|
Fehlernachricht fuer Luecke von 1601 bis 1602 C-In: 23.10 18:11:26,350|
lab29-36-<0.3048.0>-T3: Msg #1603, C-Out: 23.10 18:11:25,533| HBQ-In: 23.10 18:11:25,533| DQ-In: 23.10 18:11:25,950| C-In: 23.10 18:11:26,351|
Fehlernachricht fuer Luecke von 1604 bis 1604 C-In: 23.10 18:11:26,351|
lab29-31-<0.3480.0>-T3: Msg #1605, C-Out: 23.10 18:11:25,533| HBQ-In: 23.10 18:11:25,533| DQ-In: 23.10 18:11:25,961| C-In: 23.10 18:11:26,351|
lab29-26-<0.3898.0>-T3: Msg #1606, C-Out: 23.10 18:11:25,543| HBQ-In: 23.10 18:11:25,543| DQ-In: 23.10 18:11:25,961| C-In: 23.10 18:11:26,352|
lab29-56-<0.1439.0>-T3: Msg #1607, C-Out: 23.10 18:11:25,550| HBQ-In: 23.10 18:11:25,550| DQ-In: 23.10 18:11:25,961| C-In: 23.10 18:11:26,352|
lab29-21-<0.4291.0>-T3: Msg #1608, C-Out: 23.10 18:11:25,550| HBQ-In: 23.10 18:11:25,550| DQ-In: 23.10 18:11:25,961| C-In: 23.10 18:11:26,352|
Fehlernachricht fuer Luecke von 1609 bis 1609 C-In: 23.10 18:11:26,353|
lab29-16-<0.4681.0>-T3: Msg #1610, C-Out: 23.10 18:11:25,550| HBQ-In: 23.10 18:11:25,550| DQ-In: 23.10 18:11:26,052| C-In: 23.10 18:11:26,353|
lab29-81-<0.159.0>-T3: Msg #1611, C-Out: 23.10 18:11:26,050| HBQ-In: 23.10 18:11:26,051| DQ-In: 23.10 18:11:26,052| C-In: 23.10 18:11:26,353|
lab29-46-<0.2213.0>-T3: Msg #1612, C-Out: 23.10 18:11:25,552| HBQ-In: 23.10 18:11:25,554| DQ-In: 23.10 18:11:26,052| C-In: 23.10 18:11:26,354|
lab29-51-<0.1789.0>-T3: Msg #1613, C-Out: 23.10 18:11:25,572| HBQ-In: 23.10 18:11:25,573| DQ-In: 23.10 18:11:26,052| C-In: 23.10 18:11:26,354|
lab29-61-<0.1100.0>-T3: Msg #1614, C-Out: 23.10 18:11:25,576| HBQ-In: 23.10 18:11:25,576| DQ-In: 23.10 18:11:26,052| C-In: 23.10 18:11:26,356|
Fehlernachricht fuer Luecke von 1615 bis 1619 C-In: 23.10 18:11:26,356|
lab29-41-<0.2632.0>-T3: Msg #1620, C-Out: 23.10 18:11:25,594| HBQ-In: 23.10 18:11:25,596| DQ-In: 23.10 18:11:26,146| C-In: 23.10 18:11:26,356|
lab29-66-<0.743.0>-T3: Msg #1621, C-Out: 23.10 18:11:26,097| HBQ-In: 23.10 18:11:26,098| DQ-In: 23.10 18:11:26,146| C-In: 23.10 18:11:26,357|
lab29-96-<0.84.0>-T3: Msg #1622, C-Out: 23.10 18:11:26,136| HBQ-In: 23.10 18:11:26,138| DQ-In: 23.10 18:11:26,146| C-In: 23.10 18:11:26,358|
Fehlernachricht fuer Luecke von 1623 bis 1626 C-In: 23.10 18:11:26,358|
lab29-35-<0.3134.0>-T3: Msg #1627, C-Out: 23.10 18:11:25,731| HBQ-In: 23.10 18:11:25,731| DQ-In: 23.10 18:11:26,152| C-In: 23.10 18:11:26,358|
lab29-30-<0.3559.0>-T3: Msg #1628, C-Out: 23.10 18:11:25,742| HBQ-In: 23.10 18:11:25,742| DQ-In: 23.10 18:11:26,152| C-In: 23.10 18:11:26,359|
lab29-60-<0.1170.0>-T3: Msg #1629, C-Out: 23.10 18:11:25,747| HBQ-In: 23.10 18:11:25,747| DQ-In: 23.10 18:11:26,152| C-In: 23.10 18:11:26,361|
lab29-25-<0.3973.0>-T3: Msg #1630, C-Out: 23.10 18:11:25,747| HBQ-In: 23.10 18:11:25,747| DQ-In: 23.10 18:11:26,152| C-In: 23.10 18:11:26,361|
lab29-20-<0.4365.0>-T3: Msg #1631, C-Out: 23.10 18:11:25,747| HBQ-In: 23.10 18:11:25,747| DQ-In: 23.10 18:11:26,152| C-In: 23.10 18:11:26,363|
lab29-15-<0.4762.0>-T3: Msg #1632, C-Out: 23.10 18:11:25,750| HBQ-In: 23.10 18:11:25,750| DQ-In: 23.10 18:11:26,152| C-In: 23.10 18:11:26,364|
lab29-40-<0.2707.0>-T3: Msg #1633, C-Out: 23.10 18:11:25,760| HBQ-In: 23.10 18:11:25,761| DQ-In: 23.10 18:11:26,152| C-In: 23.10 18:11:26,366|
lab29-65-<0.819.0>-T3: Msg #1634, C-Out: 23.10 18:11:26,261| HBQ-In: 23.10 18:11:26,262| DQ-In: 23.10 18:11:26,262| C-In: 23.10 18:11:26,366|
lab29-45-<0.2293.0>-T3: Msg #1635, C-Out: 23.10 18:11:25,767| HBQ-In: 23.10 18:11:25,769| DQ-In: 23.10 18:11:26,262| C-In: 23.10 18:11:26,368|
lab29-55-<0.1513.0>-T3: Msg #1636, C-Out: 23.10 18:11:25,771| HBQ-In: 23.10 18:11:25,771| DQ-In: 23.10 18:11:26,262| C-In: 23.10 18:11:26,371|
lab29-50-<0.1864.0>-T3: Msg #1637, C-Out: 23.10 18:11:25,807| HBQ-In: 23.10 18:11:25,807| DQ-In: 23.10 18:11:26,262| C-In: 23.10 18:11:26,371|
lab29-80-<0.164.0>-T3: Msg #1638, C-Out: 23.10 18:11:26,321| HBQ-In: 23.10 18:11:26,321| DQ-In: 23.10 18:11:26,321| C-In: 23.10 18:11:26,372|
lab29-95-<0.87.0>-T3: Msg #1639, C-Out: 23.10 18:11:26,340| HBQ-In: 23.10 18:11:26,340| DQ-In: 23.10 18:11:26,340| C-In: 23.10 18:11:26,372|
lab29-87-<0.123.0>-T3: Msg #1640, C-Out: 23.10 18:11:26,371| HBQ-In: 23.10 18:11:26,371| DQ-In: 23.10 18:11:26,371| C-In: 23.10 18:11:26,372|
ReceiveMsgs done
lab29-32-<0.3394.0>-T3: Msg #1779, C-Out: 23.10 18:11:27,373| gesendet
lab29-32-<0.3394.0>-T3: Msg #1899, C-Out: 23.10 18:11:28,374| gesendet
lab29-32-<0.3394.0>-T3: Msg #1994, C-Out: 23.10 18:11:29,378| gesendet
lab29-32-<0.3394.0>-T3: Msg #2089, C-Out: 23.10 18:11:30,379| gesendet
lab29-32-<0.3394.0>-T3: Msg #2178, C-Out: 23.10 18:11:31,382| gesendet
Neues Intervall: 1.5 Sekunden
Msg #2291 um 23.10 18:11:31,382| vergessen zu senden
lab29-12-<0.4991.0>-T3: Msg #2085, C-Out: 23.10 18:11:30,359| HBQ-In: 23.10 18:11:30,360| DQ-In: 23.10 18:11:30,704| C-In: 23.10 18:11:31,386|
lab29-7-<0.5358.0>-T3: Msg #2086, C-Out: 23.10 18:11:30,367| HBQ-In: 23.10 18:11:30,367| DQ-In: 23.10 18:11:30,704| C-In: 23.10 18:11:31,387|
lab29-2-<0.5741.0>-T3: Msg #2087, C-Out: 23.10 18:11:30,376| HBQ-In: 23.10 18:11:30,376| DQ-In: 23.10 18:11:30,704| C-In: 23.10 18:11:31,388|
Fehlernachricht fuer Luecke von 2088 bis 2088 C-In: 23.10 18:11:31,388|
lab29-32-<0.3394.0>-T3: Msg #2089, C-Out: 23.10 18:11:30,379| HBQ-In: 23.10 18:11:30,381| DQ-In: 23.10 18:11:30,706|******* C-In: 23.10 18:11:31,388|
Fehlernachricht fuer Luecke von 2090 bis 2092 C-In: 23.10 18:11:31,389|
lab29-37-<0.2967.0>-T3: Msg #2093, C-Out: 23.10 18:11:30,398| HBQ-In: 23.10 18:11:30,398| DQ-In: 23.10 18:11:30,707| C-In: 23.10 18:11:31,389|
Fehlernachricht fuer Luecke von 2094 bis 2094 C-In: 23.10 18:11:31,391|
lab29-27-<0.3815.0>-T3: Msg #2095, C-Out: 23.10 18:11:30,403| HBQ-In: 23.10 18:11:30,403| DQ-In: 23.10 18:11:30,710| C-In: 23.10 18:11:31,392|
lab29-22-<0.4210.0>-T3: Msg #2096, C-Out: 23.10 18:11:30,405| HBQ-In: 23.10 18:11:30,406| DQ-In: 23.10 18:11:30,710| C-In: 23.10 18:11:31,392|
lab29-17-<0.4601.0>-T3: Msg #2097, C-Out: 23.10 18:11:30,430| HBQ-In: 23.10 18:11:30,430| DQ-In: 23.10 18:11:30,710| C-In: 23.10 18:11:31,393|
Fehlernachricht fuer Luecke von 2098 bis 2104 C-In: 23.10 18:11:31,393|
lab29-11-<0.5067.0>-T3: Msg #2105, C-Out: 23.10 18:11:30,561| HBQ-In: 23.10 18:11:30,566| DQ-In: 23.10 18:11:30,711| C-In: 23.10 18:11:31,397|
lab29-6-<0.5440.0>-T3: Msg #2106, C-Out: 23.10 18:11:30,571| HBQ-In: 23.10 18:11:30,571| DQ-In: 23.10 18:11:30,711| C-In: 23.10 18:11:31,397|
lab29-1-<0.5818.0>-T3: Msg #2107, C-Out: 23.10 18:11:30,576| HBQ-In: 23.10 18:11:30,576| DQ-In: 23.10 18:11:30,711| C-In: 23.10 18:11:31,397|
lab29-31-<0.3480.0>-T3: Msg #2108, C-Out: 23.10 18:11:30,581| HBQ-In: 23.10 18:11:30,586| DQ-In: 23.10 18:11:30,711| C-In: 23.10 18:11:31,398|
lab29-36-<0.3048.0>-T3: Msg #2109, C-Out: 23.10 18:11:30,585| HBQ-In: 23.10 18:11:30,586| DQ-In: 23.10 18:11:30,711| C-In: 23.10 18:11:31,398|
lab29-26-<0.3898.0>-T3: Msg #2110, C-Out: 23.10 18:11:30,596| HBQ-In: 23.10 18:11:30,597| DQ-In: 23.10 18:11:30,711| C-In: 23.10 18:11:31,400|
Fehlernachricht fuer Luecke von 2111 bis 2112 C-In: 23.10 18:11:31,401|
lab29-21-<0.4291.0>-T3: Msg #2113, C-Out: 23.10 18:11:30,617| HBQ-In: 23.10 18:11:30,617| DQ-In: 23.10 18:11:30,804| C-In: 23.10 18:11:31,403|
lab29-16-<0.4681.0>-T3: Msg #2114, C-Out: 23.10 18:11:30,626| HBQ-In: 23.10 18:11:30,626| DQ-In: 23.10 18:11:30,804| C-In: 23.10 18:11:31,403|
Fehlernachricht fuer Luecke von 2115 bis 2122 C-In: 23.10 18:11:31,404|
lab29-35-<0.3134.0>-T3: Msg #2123, C-Out: 23.10 18:11:30,759| HBQ-In: 23.10 18:11:30,760| DQ-In: 23.10 18:11:30,806| C-In: 23.10 18:11:31,404|
Fehlernachricht fuer Luecke von 2124 bis 2124 C-In: 23.10 18:11:31,404|
lab29-10-<0.5112.0>-T3: Msg #2125, C-Out: 23.10 18:11:30,761| HBQ-In: 23.10 18:11:30,763| DQ-In: 23.10 18:11:30,811| C-In: 23.10 18:11:31,405|
lab29-5-<0.5513.0>-T3: Msg #2126, C-Out: 23.10 18:11:30,776| HBQ-In: 23.10 18:11:30,778| DQ-In: 23.10 18:11:30,811| C-In: 23.10 18:11:31,405|
Fehlernachricht fuer Luecke von 2127 bis 2128 C-In: 23.10 18:11:31,405|
lab29-25-<0.3973.0>-T3: Msg #2129, C-Out: 23.10 18:11:30,804| HBQ-In: 23.10 18:11:30,804| DQ-In: 23.10 18:11:30,969| C-In: 23.10 18:11:31,407|
lab29-15-<0.4762.0>-T3: Msg #2130, C-Out: 23.10 18:11:30,805| HBQ-In: 23.10 18:11:30,805| DQ-In: 23.10 18:11:30,969| C-In: 23.10 18:11:31,410|
lab29-20-<0.4365.0>-T3: Msg #2131, C-Out: 23.10 18:11:30,806| HBQ-In: 23.10 18:11:30,806| DQ-In: 23.10 18:11:30,969| C-In: 23.10 18:11:31,411|
lab29-30-<0.3559.0>-T3: Msg #2132, C-Out: 23.10 18:11:30,811| HBQ-In: 23.10 18:11:30,811| DQ-In: 23.10 18:11:30,969| C-In: 23.10 18:11:31,411|
Fehlernachricht fuer Luecke von 2133 bis 2139 C-In: 23.10 18:11:31,412|
lab29-9-<0.5191.0>-T3: Msg #2140, C-Out: 23.10 18:11:30,964| HBQ-In: 23.10 18:11:30,964| DQ-In: 23.10 18:11:31,017| C-In: 23.10 18:11:31,412|
lab29-4-<0.5587.0>-T3: Msg #2141, C-Out: 23.10 18:11:30,969| HBQ-In: 23.10 18:11:30,969| DQ-In: 23.10 18:11:31,017| C-In: 23.10 18:11:31,412|
Fehlernachricht fuer Luecke von 2142 bis 2143 C-In: 23.10 18:11:31,413|
lab29-24-<0.4051.0>-T3: Msg #2144, C-Out: 23.10 18:11:30,977| HBQ-In: 23.10 18:11:30,977| DQ-In: 23.10 18:11:31,171| C-In: 23.10 18:11:31,414|
lab29-34-<0.3220.0>-T3: Msg #2145, C-Out: 23.10 18:11:30,983| HBQ-In: 23.10 18:11:30,983| DQ-In: 23.10 18:11:31,171| C-In: 23.10 18:11:31,414|
Fehlernachricht fuer Luecke von 2146 bis 2147 C-In: 23.10 18:11:31,415|
lab29-29-<0.3641.0>-T3: Msg #2148, C-Out: 23.10 18:11:30,997| HBQ-In: 23.10 18:11:30,998| DQ-In: 23.10 18:11:31,192| C-In: 23.10 18:11:31,415|
lab29-19-<0.4442.0>-T3: Msg #2149, C-Out: 23.10 18:11:31,017| HBQ-In: 23.10 18:11:31,018| DQ-In: 23.10 18:11:31,192| C-In: 23.10 18:11:31,415|
lab29-14-<0.4846.0>-T3: Msg #2150, C-Out: 23.10 18:11:31,017| HBQ-In: 23.10 18:11:31,017| DQ-In: 23.10 18:11:31,192| C-In: 23.10 18:11:31,416|
Fehlernachricht fuer Luecke von 2151 bis 2158 C-In: 23.10 18:11:31,416|
lab29-8-<0.5273.0>-T3: Msg #2159, C-Out: 23.10 18:11:31,170| HBQ-In: 23.10 18:11:31,171| DQ-In: 23.10 18:11:31,212| C-In: 23.10 18:11:31,416|
Fehlernachricht fuer Luecke von 2160 bis 2160 C-In: 23.10 18:11:31,417|
lab29-3-<0.5663.0>-T3: Msg #2161, C-Out: 23.10 18:11:31,170| HBQ-In: 23.10 18:11:31,171| DQ-In: 23.10 18:11:31,253| C-In: 23.10 18:11:31,418|
lab29-33-<0.3306.0>-T3: Msg #2162, C-Out: 23.10 18:11:31,192| HBQ-In: 23.10 18:11:31,192| DQ-In: 23.10 18:11:31,253| C-In: 23.10 18:11:31,418|
lab29-23-<0.4130.0>-T3: Msg #2163, C-Out: 23.10 18:11:31,192| HBQ-In: 23.10 18:11:31,192| DQ-In: 23.10 18:11:31,253| C-In: 23.10 18:11:31,418|
Fehlernachricht fuer Luecke von 2164 bis 2164 C-In: 23.10 18:11:31,420|
lab29-28-<0.3729.0>-T3: Msg #2165, C-Out: 23.10 18:11:31,203| HBQ-In: 23.10 18:11:31,203| DQ-In: 23.10 18:11:31,382| C-In: 23.10 18:11:31,420|
lab29-18-<0.4519.0>-T3: Msg #2166, C-Out: 23.10 18:11:31,212| HBQ-In: 23.10 18:11:31,212| DQ-In: 23.10 18:11:31,382| C-In: 23.10 18:11:31,421|
Fehlernachricht fuer Luecke von 2167 bis 2169 C-In: 23.10 18:11:31,421|
lab29-13-<0.4921.0>-T3: Msg #2170, C-Out: 23.10 18:11:31,253| HBQ-In: 23.10 18:11:31,253| DQ-In: 23.10 18:11:31,411| C-In: 23.10 18:11:31,421|
ReceiveMsgs done
lab29-32-<0.3394.0>-T3: Msg #2295, C-Out: 23.10 18:11:32,923| gesendet
lab29-32-<0.3394.0>-T3: Msg #2421, C-Out: 23.10 18:11:34,424| gesendet
lab29-32-<0.3394.0>-T3: Msg #2530, C-Out: 23.10 18:11:35,925| gesendet
lab29-32-<0.3394.0>-T3: Msg #2662, C-Out: 23.10 18:11:37,426| gesendet
lab29-32-<0.3394.0>-T3: Msg #2768, C-Out: 23.10 18:11:38,930| gesendet
Neues Intervall: 2.25 Sekunden
