lab29-50-<0.1864.0>-T3 C-Start: 23.10 18:11:17,705|
lab29-50-<0.1864.0>-T3: Msg #1050, C-Out: 23.10 18:11:18,706| gesendet
lab29-50-<0.1864.0>-T3: Msg #1138, C-Out: 23.10 18:11:19,707| gesendet
lab29-50-<0.1864.0>-T3: Msg #1206, C-Out: 23.10 18:11:20,708| gesendet
lab29-50-<0.1864.0>-T3: Msg #1279, C-Out: 23.10 18:11:21,709| gesendet
lab29-50-<0.1864.0>-T3: Msg #1352, C-Out: 23.10 18:11:22,712| gesendet
Neues Intervall: 1 Sekunden
Msg #1455 um 23.10 18:11:22,714| vergessen zu senden
lab29-80-<0.164.0>-T3: Msg #1288, C-Out: 23.10 18:11:21,762| HBQ-In: 23.10 18:11:21,763| DQ-In: 23.10 18:11:22,238| C-In: 23.10 18:11:22,715|
lab29-75-<0.200.0>-T3: Msg #1289, C-Out: 23.10 18:11:21,784| HBQ-In: 23.10 18:11:21,786| DQ-In: 23.10 18:11:22,238| C-In: 23.10 18:11:22,717|
Fehlernachricht fuer Luecke von 1290 bis 1292 C-In: 23.10 18:11:22,720|
Fehlernachricht fuer Luecke von 1294 bis 1294 C-In: 23.10 18:11:22,721|
lab29-49-<0.1950.0>-T3: Msg #1295, C-Out: 23.10 18:11:21,911| HBQ-In: 23.10 18:11:21,911| DQ-In: 23.10 18:11:22,343| C-In: 23.10 18:11:22,721|
lab29-44-<0.2376.0>-T3: Msg #1296, C-Out: 23.10 18:11:21,916| HBQ-In: 23.10 18:11:21,916| DQ-In: 23.10 18:11:22,343| C-In: 23.10 18:11:22,721|
lab29-39-<0.2795.0>-T3: Msg #1297, C-Out: 23.10 18:11:21,929| HBQ-In: 23.10 18:11:21,929| DQ-In: 23.10 18:11:22,343| C-In: 23.10 18:11:22,722|
lab29-34-<0.3220.0>-T3: Msg #1298, C-Out: 23.10 18:11:21,929| HBQ-In: 23.10 18:11:21,929| DQ-In: 23.10 18:11:22,343| C-In: 23.10 18:11:22,724|
lab29-64-<0.899.0>-T3: Msg #1299, C-Out: 23.10 18:11:21,930| HBQ-In: 23.10 18:11:21,930| DQ-In: 23.10 18:11:22,343| C-In: 23.10 18:11:22,724|
lab29-69-<0.583.0>-T3: Msg #1300, C-Out: 23.10 18:11:21,932| HBQ-In: 23.10 18:11:21,932| DQ-In: 23.10 18:11:22,343| C-In: 23.10 18:11:22,726|
lab29-59-<0.1234.0>-T3: Msg #1301, C-Out: 23.10 18:11:21,940| HBQ-In: 23.10 18:11:21,941| DQ-In: 23.10 18:11:22,344| C-In: 23.10 18:11:22,726|
lab29-84-<0.140.0>-T3: Msg #1302, C-Out: 23.10 18:11:22,441| HBQ-In: 23.10 18:11:22,441| DQ-In: 23.10 18:11:22,441| C-In: 23.10 18:11:22,727|
lab29-79-<0.173.0>-T3: Msg #1303, C-Out: 23.10 18:11:21,961| HBQ-In: 23.10 18:11:21,961| DQ-In: 23.10 18:11:22,441| C-In: 23.10 18:11:22,727|
lab29-74-<0.266.0>-T3: Msg #1304, C-Out: 23.10 18:11:21,969| HBQ-In: 23.10 18:11:21,969| DQ-In: 23.10 18:11:22,441| C-In: 23.10 18:11:22,727|
lab29-99-<0.49.0>-T3: Msg #1305, C-Out: 23.10 18:11:22,484| HBQ-In: 23.10 18:11:22,484| DQ-In: 23.10 18:11:22,484| C-In: 23.10 18:11:22,728|
Fehlernachricht fuer Luecke von 1306 bis 1307 C-In: 23.10 18:11:22,728|
lab29-53-<0.1650.0>-T3: Msg #1308, C-Out: 23.10 18:11:22,109| HBQ-In: 23.10 18:11:22,110| DQ-In: 23.10 18:11:22,540| C-In: 23.10 18:11:22,728|
lab29-43-<0.2458.0>-T3: Msg #1309, C-Out: 23.10 18:11:22,123| HBQ-In: 23.10 18:11:22,123| DQ-In: 23.10 18:11:22,540| C-In: 23.10 18:11:22,733|
lab29-48-<0.2035.0>-T3: Msg #1310, C-Out: 23.10 18:11:22,123| HBQ-In: 23.10 18:11:22,123| DQ-In: 23.10 18:11:22,540| C-In: 23.10 18:11:22,735|
Fehlernachricht fuer Luecke von 1311 bis 1311 C-In: 23.10 18:11:22,736|
lab29-78-<0.180.0>-T3: Msg #1312, C-Out: 23.10 18:11:22,126| HBQ-In: 23.10 18:11:22,126| DQ-In: 23.10 18:11:22,570| C-In: 23.10 18:11:22,736|
lab29-33-<0.3306.0>-T3: Msg #1313, C-Out: 23.10 18:11:22,128| HBQ-In: 23.10 18:11:22,129| DQ-In: 23.10 18:11:22,570| C-In: 23.10 18:11:22,740|
lab29-73-<0.332.0>-T3: Msg #1314, C-Out: 23.10 18:11:22,131| HBQ-In: 23.10 18:11:22,131| DQ-In: 23.10 18:11:22,570| C-In: 23.10 18:11:22,741|
lab29-38-<0.2880.0>-T3: Msg #1315, C-Out: 23.10 18:11:22,131| HBQ-In: 23.10 18:11:22,131| DQ-In: 23.10 18:11:22,570| C-In: 23.10 18:11:22,741|
lab29-68-<0.633.0>-T3: Msg #1316, C-Out: 23.10 18:11:22,136| HBQ-In: 23.10 18:11:22,136| DQ-In: 23.10 18:11:22,570| C-In: 23.10 18:11:22,742|
lab29-63-<0.983.0>-T3: Msg #1317, C-Out: 23.10 18:11:22,148| HBQ-In: 23.10 18:11:22,148| DQ-In: 23.10 18:11:22,570| C-In: 23.10 18:11:22,742|
lab29-58-<0.1296.0>-T3: Msg #1318, C-Out: 23.10 18:11:22,151| HBQ-In: 23.10 18:11:22,151| DQ-In: 23.10 18:11:22,570| C-In: 23.10 18:11:22,742|
Fehlernachricht fuer Luecke von 1319 bis 1322 C-In: 23.10 18:11:22,743|
lab29-52-<0.1713.0>-T3: Msg #1323, C-Out: 23.10 18:11:22,323| HBQ-In: 23.10 18:11:22,323| DQ-In: 23.10 18:11:22,577| C-In: 23.10 18:11:22,745|
lab29-47-<0.2127.0>-T3: Msg #1324, C-Out: 23.10 18:11:22,323| HBQ-In: 23.10 18:11:22,323| DQ-In: 23.10 18:11:22,577| C-In: 23.10 18:11:22,746|
Fehlernachricht fuer Luecke von 1325 bis 1325 C-In: 23.10 18:11:22,746|
lab29-42-<0.2545.0>-T3: Msg #1326, C-Out: 23.10 18:11:22,328| HBQ-In: 23.10 18:11:22,328| DQ-In: 23.10 18:11:22,581| C-In: 23.10 18:11:22,749|
lab29-37-<0.2967.0>-T3: Msg #1327, C-Out: 23.10 18:11:22,328| HBQ-In: 23.10 18:11:22,328| DQ-In: 23.10 18:11:22,581| C-In: 23.10 18:11:22,749|
lab29-32-<0.3394.0>-T3: Msg #1328, C-Out: 23.10 18:11:22,329| HBQ-In: 23.10 18:11:22,329| DQ-In: 23.10 18:11:22,581| C-In: 23.10 18:11:22,751|
lab29-72-<0.396.0>-T3: Msg #1329, C-Out: 23.10 18:11:22,332| HBQ-In: 23.10 18:11:22,332| DQ-In: 23.10 18:11:22,581| C-In: 23.10 18:11:22,751|
lab29-67-<0.708.0>-T3: Msg #1330, C-Out: 23.10 18:11:22,343| HBQ-In: 23.10 18:11:22,343| DQ-In: 23.10 18:11:22,581| C-In: 23.10 18:11:22,751|
lab29-62-<0.1043.0>-T3: Msg #1331, C-Out: 23.10 18:11:22,347| HBQ-In: 23.10 18:11:22,347| DQ-In: 23.10 18:11:22,581| C-In: 23.10 18:11:22,752|
lab29-57-<0.1365.0>-T3: Msg #1332, C-Out: 23.10 18:11:22,379| HBQ-In: 23.10 18:11:22,380| DQ-In: 23.10 18:11:22,581| C-In: 23.10 18:11:22,752|
Fehlernachricht fuer Luecke von 1333 bis 1333 C-In: 23.10 18:11:22,752|
lab29-77-<0.187.0>-T3: Msg #1334, C-Out: 23.10 18:11:22,388| HBQ-In: 23.10 18:11:22,389| DQ-In: 23.10 18:11:22,584| C-In: 23.10 18:11:22,752|
Fehlernachricht fuer Luecke von 1335 bis 1337 C-In: 23.10 18:11:22,753|
lab29-51-<0.1789.0>-T3: Msg #1338, C-Out: 23.10 18:11:22,517| HBQ-In: 23.10 18:11:22,517| DQ-In: 23.10 18:11:22,585| C-In: 23.10 18:11:22,753|
lab29-46-<0.2213.0>-T3: Msg #1339, C-Out: 23.10 18:11:22,517| HBQ-In: 23.10 18:11:22,517| DQ-In: 23.10 18:11:22,585| C-In: 23.10 18:11:22,757|
Fehlernachricht fuer Luecke von 1340 bis 1340 C-In: 23.10 18:11:22,758|
lab29-41-<0.2632.0>-T3: Msg #1341, C-Out: 23.10 18:11:22,528| HBQ-In: 23.10 18:11:22,529| DQ-In: 23.10 18:11:22,586| C-In: 23.10 18:11:22,760|
lab29-36-<0.3048.0>-T3: Msg #1342, C-Out: 23.10 18:11:22,528| HBQ-In: 23.10 18:11:22,529| DQ-In: 23.10 18:11:22,586| C-In: 23.10 18:11:22,760|
lab29-31-<0.3480.0>-T3: Msg #1343, C-Out: 23.10 18:11:22,530| HBQ-In: 23.10 18:11:22,530| DQ-In: 23.10 18:11:22,586| C-In: 23.10 18:11:22,763|
lab29-66-<0.743.0>-T3: Msg #1344, C-Out: 23.10 18:11:22,540| HBQ-In: 23.10 18:11:22,540| DQ-In: 23.10 18:11:22,586| C-In: 23.10 18:11:22,766|
lab29-56-<0.1439.0>-T3: Msg #1345, C-Out: 23.10 18:11:22,545| HBQ-In: 23.10 18:11:22,545| DQ-In: 23.10 18:11:22,586| C-In: 23.10 18:11:22,768|
Fehlernachricht fuer Luecke von 1346 bis 1346 C-In: 23.10 18:11:22,771|
lab29-61-<0.1100.0>-T3: Msg #1347, C-Out: 23.10 18:11:22,570| HBQ-In: 23.10 18:11:22,570| DQ-In: 23.10 18:11:22,719| C-In: 23.10 18:11:22,774|
lab29-76-<0.194.0>-T3: Msg #1348, C-Out: 23.10 18:11:22,591| HBQ-In: 23.10 18:11:22,592| DQ-In: 23.10 18:11:22,719| C-In: 23.10 18:11:22,779|
lab29-71-<0.461.0>-T3: Msg #1349, C-Out: 23.10 18:11:22,614| HBQ-In: 23.10 18:11:22,614| DQ-In: 23.10 18:11:22,719| C-In: 23.10 18:11:22,779|
Fehlernachricht fuer Luecke von 1350 bis 1351 C-In: 23.10 18:11:22,782|
lab29-50-<0.1864.0>-T3: Msg #1352, C-Out: 23.10 18:11:22,712| HBQ-In: 23.10 18:11:22,713| DQ-In: 23.10 18:11:22,726|******* C-In: 23.10 18:11:22,786|
Fehlernachricht fuer Luecke von 1353 bis 1353 C-In: 23.10 18:11:22,789|
lab29-45-<0.2293.0>-T3: Msg #1354, C-Out: 23.10 18:11:22,718| HBQ-In: 23.10 18:11:22,719| DQ-In: 23.10 18:11:22,736| C-In: 23.10 18:11:22,793|
lab29-70-<0.519.0>-T3: Msg #1355, C-Out: 23.10 18:11:22,718| HBQ-In: 23.10 18:11:22,719| DQ-In: 23.10 18:11:22,736| C-In: 23.10 18:11:22,793|
lab29-40-<0.2707.0>-T3: Msg #1356, C-Out: 23.10 18:11:22,722| HBQ-In: 23.10 18:11:22,723| DQ-In: 23.10 18:11:22,736| C-In: 23.10 18:11:22,793|
lab29-35-<0.3134.0>-T3: Msg #1357, C-Out: 23.10 18:11:22,726| HBQ-In: 23.10 18:11:22,726| DQ-In: 23.10 18:11:22,736| C-In: 23.10 18:11:22,794|
lab29-65-<0.819.0>-T3: Msg #1358, C-Out: 23.10 18:11:22,726| HBQ-In: 23.10 18:11:22,726| DQ-In: 23.10 18:11:22,736| C-In: 23.10 18:11:22,800|
lab29-30-<0.3559.0>-T3: Msg #1359, C-Out: 23.10 18:11:22,736| HBQ-In: 23.10 18:11:22,736| DQ-In: 23.10 18:11:22,736| C-In: 23.10 18:11:22,801|
lab29-60-<0.1170.0>-T3: Msg #1360, C-Out: 23.10 18:11:22,740| HBQ-In: 23.10 18:11:22,741| DQ-In: 23.10 18:11:22,741| C-In: 23.10 18:11:22,801|
ReceiveMsgs done
lab29-50-<0.1864.0>-T3: Msg #1466, C-Out: 23.10 18:11:23,802| gesendet
lab29-50-<0.1864.0>-T3: Msg #1548, C-Out: 23.10 18:11:24,803| gesendet
lab29-50-<0.1864.0>-T3: Msg #1637, C-Out: 23.10 18:11:25,807| gesendet
lab29-50-<0.1864.0>-T3: Msg #1728, C-Out: 23.10 18:11:26,809| gesendet
lab29-50-<0.1864.0>-T3: Msg #1849, C-Out: 23.10 18:11:27,812| gesendet
Neues Intervall: 1.5 Sekunden
Msg #1944 um 23.10 18:11:27,813| vergessen zu senden
Fehlernachricht fuer Luecke von 1768 bis 1772 C-In: 23.10 18:11:27,815|
lab29-22-<0.4210.0>-T3: Msg #1773, C-Out: 23.10 18:11:27,345| HBQ-In: 23.10 18:11:27,346| DQ-In: 23.10 18:11:27,373| C-In: 23.10 18:11:27,815|
lab29-27-<0.3815.0>-T3: Msg #1774, C-Out: 23.10 18:11:27,345| HBQ-In: 23.10 18:11:27,346| DQ-In: 23.10 18:11:27,373| C-In: 23.10 18:11:27,815|
lab29-17-<0.4601.0>-T3: Msg #1775, C-Out: 23.10 18:11:27,350| HBQ-In: 23.10 18:11:27,350| DQ-In: 23.10 18:11:27,373| C-In: 23.10 18:11:27,816|
lab29-12-<0.4991.0>-T3: Msg #1776, C-Out: 23.10 18:11:27,353| HBQ-In: 23.10 18:11:27,353| DQ-In: 23.10 18:11:27,373| C-In: 23.10 18:11:27,816|
lab29-7-<0.5358.0>-T3: Msg #1777, C-Out: 23.10 18:11:27,359| HBQ-In: 23.10 18:11:27,359| DQ-In: 23.10 18:11:27,373| C-In: 23.10 18:11:27,816|
Fehlernachricht fuer Luecke von 1778 bis 1778 C-In: 23.10 18:11:27,817|
lab29-32-<0.3394.0>-T3: Msg #1779, C-Out: 23.10 18:11:27,373| HBQ-In: 23.10 18:11:27,373| DQ-In: 23.10 18:11:27,546| C-In: 23.10 18:11:27,817|
Fehlernachricht fuer Luecke von 1780 bis 1780 C-In: 23.10 18:11:27,819|
lab29-47-<0.2127.0>-T3: Msg #1781, C-Out: 23.10 18:11:27,380| HBQ-In: 23.10 18:11:27,380| DQ-In: 23.10 18:11:27,554| C-In: 23.10 18:11:27,822|
lab29-42-<0.2545.0>-T3: Msg #1782, C-Out: 23.10 18:11:27,380| HBQ-In: 23.10 18:11:27,380| DQ-In: 23.10 18:11:27,554| C-In: 23.10 18:11:27,822|
Fehlernachricht fuer Luecke von 1783 bis 1783 C-In: 23.10 18:11:27,824|
lab29-52-<0.1713.0>-T3: Msg #1784, C-Out: 23.10 18:11:27,386| HBQ-In: 23.10 18:11:27,386| DQ-In: 23.10 18:11:27,556| C-In: 23.10 18:11:27,825|
Fehlernachricht fuer Luecke von 1785 bis 1785 C-In: 23.10 18:11:27,825|
lab29-37-<0.2967.0>-T3: Msg #1786, C-Out: 23.10 18:11:27,388| HBQ-In: 23.10 18:11:27,391| DQ-In: 23.10 18:11:27,557| C-In: 23.10 18:11:27,825|
Fehlernachricht fuer Luecke von 1787 bis 1790 C-In: 23.10 18:11:27,827|
lab29-26-<0.3898.0>-T3: Msg #1791, C-Out: 23.10 18:11:27,545| HBQ-In: 23.10 18:11:27,546| DQ-In: 23.10 18:11:27,564| C-In: 23.10 18:11:27,829|
Fehlernachricht fuer Luecke von 1792 bis 1792 C-In: 23.10 18:11:27,829|
lab29-21-<0.4291.0>-T3: Msg #1793, C-Out: 23.10 18:11:27,552| HBQ-In: 23.10 18:11:27,554| DQ-In: 23.10 18:11:27,572| C-In: 23.10 18:11:27,833|
Fehlernachricht fuer Luecke von 1794 bis 1794 C-In: 23.10 18:11:27,835|
lab29-16-<0.4681.0>-T3: Msg #1795, C-Out: 23.10 18:11:27,552| HBQ-In: 23.10 18:11:27,554| DQ-In: 23.10 18:11:27,577| C-In: 23.10 18:11:27,836|
lab29-11-<0.5067.0>-T3: Msg #1796, C-Out: 23.10 18:11:27,556| HBQ-In: 23.10 18:11:27,556| DQ-In: 23.10 18:11:27,577| C-In: 23.10 18:11:27,838|
lab29-46-<0.2213.0>-T3: Msg #1797, C-Out: 23.10 18:11:27,556| HBQ-In: 23.10 18:11:27,557| DQ-In: 23.10 18:11:27,577| C-In: 23.10 18:11:27,838|
lab29-6-<0.5440.0>-T3: Msg #1798, C-Out: 23.10 18:11:27,563| HBQ-In: 23.10 18:11:27,564| DQ-In: 23.10 18:11:27,577| C-In: 23.10 18:11:27,840|
lab29-31-<0.3480.0>-T3: Msg #1799, C-Out: 23.10 18:11:27,572| HBQ-In: 23.10 18:11:27,572| DQ-In: 23.10 18:11:27,578| C-In: 23.10 18:11:27,843|
lab29-51-<0.1789.0>-T3: Msg #1800, C-Out: 23.10 18:11:27,576| HBQ-In: 23.10 18:11:27,577| DQ-In: 23.10 18:11:27,578| C-In: 23.10 18:11:27,843|
lab29-36-<0.3048.0>-T3: Msg #1801, C-Out: 23.10 18:11:27,581| HBQ-In: 23.10 18:11:27,581| DQ-In: 23.10 18:11:27,581| C-In: 23.10 18:11:27,849|
Fehlernachricht fuer Luecke von 1802 bis 1802 C-In: 23.10 18:11:27,854|
lab29-41-<0.2632.0>-T3: Msg #1803, C-Out: 23.10 18:11:27,601| HBQ-In: 23.10 18:11:27,601| DQ-In: 23.10 18:11:27,756| C-In: 23.10 18:11:27,855|
Fehlernachricht fuer Luecke von 1804 bis 1805 C-In: 23.10 18:11:27,855|
2-client@lab23: 1806. Nachricht--Gruppe:1-Team:5-Sendezeit:18:11:26 HBQ-In: 23.10 18:11:26,629| DQ-In: 23.10 18:11:27,766| C-In: 23.10 18:11:27,856|
1-client@lab23: 1807. Nachricht--Gruppe:1-Team:5-Sendezeit:18:11:26 HBQ-In: 23.10 18:11:26,630| DQ-In: 23.10 18:11:27,766| C-In: 23.10 18:11:27,858|
3-client@lab23: 1808. Nachricht--Gruppe:1-Team:5-Sendezeit:18:11:26 HBQ-In: 23.10 18:11:26,635| DQ-In: 23.10 18:11:27,766| C-In: 23.10 18:11:27,860|
4-client@lab23: 1809. Nachricht--Gruppe:1-Team:5-Sendezeit:18:11:26 HBQ-In: 23.10 18:11:26,632| DQ-In: 23.10 18:11:27,766| C-In: 23.10 18:11:27,861|
2-client@lab23: 1810. Nachricht--Gruppe:1-Team:5-Sendezeit:18:11:26 HBQ-In: 23.10 18:11:26,635| DQ-In: 23.10 18:11:27,766| C-In: 23.10 18:11:27,863|
5-client@lab23: 1811. Nachricht--Gruppe:1-Team:5-Sendezeit:18:11:26 HBQ-In: 23.10 18:11:26,635| DQ-In: 23.10 18:11:27,766| C-In: 23.10 18:11:27,863|
1-client@lab23: 1812. Nachricht--Gruppe:1-Team:5-Sendezeit:18:11:26 HBQ-In: 23.10 18:11:26,635| DQ-In: 23.10 18:11:27,766| C-In: 23.10 18:11:27,863|
4-client@lab23: 1813. Nachricht--Gruppe:1-Team:5-Sendezeit:18:11:26 HBQ-In: 23.10 18:11:26,635| DQ-In: 23.10 18:11:27,766| C-In: 23.10 18:11:27,864|
3-client@lab23: 1814. Nachricht--Gruppe:1-Team:5-Sendezeit:18:11:26 HBQ-In: 23.10 18:11:26,636| DQ-In: 23.10 18:11:27,766| C-In: 23.10 18:11:27,864|
5-client@lab23: 1815. Nachricht--Gruppe:1-Team:5-Sendezeit:18:11:26 HBQ-In: 23.10 18:11:26,638| DQ-In: 23.10 18:11:27,766| C-In: 23.10 18:11:27,864|
2-client@lab23: 1816. Nachricht--Gruppe:1-Team:5-Sendezeit:18:11:26 HBQ-In: 23.10 18:11:26,641| DQ-In: 23.10 18:11:27,766| C-In: 23.10 18:11:27,866|
1-client@lab23: 1817. Nachricht--Gruppe:1-Team:5-Sendezeit:18:11:26 HBQ-In: 23.10 18:11:26,641| DQ-In: 23.10 18:11:27,766| C-In: 23.10 18:11:27,867|
4-client@lab23: 1818. Nachricht--Gruppe:1-Team:5-Sendezeit:18:11:26 HBQ-In: 23.10 18:11:26,641| DQ-In: 23.10 18:11:27,766| C-In: 23.10 18:11:27,867|
3-client@lab23: 1819. Nachricht--Gruppe:1-Team:5-Sendezeit:18:11:26 HBQ-In: 23.10 18:11:26,641| DQ-In: 23.10 18:11:27,766| C-In: 23.10 18:11:27,867|
5-client@lab23: 1820. Nachricht--Gruppe:1-Team:5-Sendezeit:18:11:26 HBQ-In: 23.10 18:11:26,641| DQ-In: 23.10 18:11:27,766| C-In: 23.10 18:11:27,868|
2-client@lab23: 1821. Nachricht--Gruppe:1-Team:5-Sendezeit:18:11:26 HBQ-In: 23.10 18:11:26,644| DQ-In: 23.10 18:11:27,766| C-In: 23.10 18:11:27,868|
5-client@lab23: 1822. Nachricht--Gruppe:1-Team:5-Sendezeit:18:11:26 HBQ-In: 23.10 18:11:26,644| DQ-In: 23.10 18:11:27,766| C-In: 23.10 18:11:27,870|
1-client@lab23: 1823. Nachricht--Gruppe:1-Team:5-Sendezeit:18:11:26 HBQ-In: 23.10 18:11:26,644| DQ-In: 23.10 18:11:27,766| C-In: 23.10 18:11:27,873|
4-client@lab23: 1824. Nachricht--Gruppe:1-Team:5-Sendezeit:18:11:26 HBQ-In: 23.10 18:11:26,645| DQ-In: 23.10 18:11:27,766| C-In: 23.10 18:11:27,873|
3-client@lab23: 1825. Nachricht--Gruppe:1-Team:5-Sendezeit:18:11:26 HBQ-In: 23.10 18:11:26,645| DQ-In: 23.10 18:11:27,766| C-In: 23.10 18:11:27,874|
ReceiveMsgs done
lab29-50-<0.1864.0>-T3: Msg #1947, C-Out: 23.10 18:11:29,375| gesendet
lab29-50-<0.1864.0>-T3: Msg #2088, C-Out: 23.10 18:11:30,880| gesendet
lab29-50-<0.1864.0>-T3: Msg #2249, C-Out: 23.10 18:11:32,381| gesendet
lab29-50-<0.1864.0>-T3: Msg #2372, C-Out: 23.10 18:11:33,882| gesendet
lab29-50-<0.1864.0>-T3: Msg #2493, C-Out: 23.10 18:11:35,383| gesendet
Neues Intervall: 2.25 Sekunden
Msg #2624 um 23.10 18:11:35,383| vergessen zu senden
lab29-15-<0.4762.0>-T3: Msg #2412, C-Out: 23.10 18:11:33,809| HBQ-In: 23.10 18:11:33,809| DQ-In: 23.10 18:11:34,621| C-In: 23.10 18:11:35,384|
lab29-20-<0.4365.0>-T3: Msg #2413, C-Out: 23.10 18:11:33,811| HBQ-In: 23.10 18:11:33,812| DQ-In: 23.10 18:11:34,621| C-In: 23.10 18:11:35,384|
lab29-55-<0.1513.0>-T3: Msg #2414, C-Out: 23.10 18:11:34,317| HBQ-In: 23.10 18:11:34,317| DQ-In: 23.10 18:11:34,621| C-In: 23.10 18:11:35,384|
Fehlernachricht fuer Luecke von 2415 bis 2416 C-In: 23.10 18:11:35,385|
lab29-5-<0.5513.0>-T3: Msg #2417, C-Out: 23.10 18:11:33,826| HBQ-In: 23.10 18:11:33,827| DQ-In: 23.10 18:11:34,633| C-In: 23.10 18:11:35,385|
lab29-40-<0.2707.0>-T3: Msg #2418, C-Out: 23.10 18:11:34,329| HBQ-In: 23.10 18:11:34,329| DQ-In: 23.10 18:11:34,633| C-In: 23.10 18:11:35,387|
lab29-10-<0.5112.0>-T3: Msg #2419, C-Out: 23.10 18:11:33,836| HBQ-In: 23.10 18:11:33,836| DQ-In: 23.10 18:11:34,633| C-In: 23.10 18:11:35,388|
lab29-25-<0.3973.0>-T3: Msg #2420, C-Out: 23.10 18:11:34,375| HBQ-In: 23.10 18:11:34,375| DQ-In: 23.10 18:11:34,633| C-In: 23.10 18:11:35,388|
lab29-32-<0.3394.0>-T3: Msg #2421, C-Out: 23.10 18:11:34,424| HBQ-In: 23.10 18:11:34,424| DQ-In: 23.10 18:11:34,633| C-In: 23.10 18:11:35,389|
lab29-47-<0.2127.0>-T3: Msg #2422, C-Out: 23.10 18:11:34,429| HBQ-In: 23.10 18:11:34,429| DQ-In: 23.10 18:11:34,633| C-In: 23.10 18:11:35,389|
Fehlernachricht fuer Luecke von 2423 bis 2428 C-In: 23.10 18:11:35,389|
lab29-4-<0.5587.0>-T3: Msg #2429, C-Out: 23.10 18:11:34,008| HBQ-In: 23.10 18:11:34,008| DQ-In: 23.10 18:11:34,753| C-In: 23.10 18:11:35,390|
lab29-24-<0.4051.0>-T3: Msg #2430, C-Out: 23.10 18:11:34,513| HBQ-In: 23.10 18:11:34,513| DQ-In: 23.10 18:11:34,753| C-In: 23.10 18:11:35,390|
lab29-19-<0.4442.0>-T3: Msg #2431, C-Out: 23.10 18:11:34,022| HBQ-In: 23.10 18:11:34,023| DQ-In: 23.10 18:11:34,753| C-In: 23.10 18:11:35,391|
lab29-9-<0.5191.0>-T3: Msg #2432, C-Out: 23.10 18:11:34,022| HBQ-In: 23.10 18:11:34,023| DQ-In: 23.10 18:11:34,753| C-In: 23.10 18:11:35,391|
lab29-14-<0.4846.0>-T3: Msg #2433, C-Out: 23.10 18:11:34,023| HBQ-In: 23.10 18:11:34,023| DQ-In: 23.10 18:11:34,753| C-In: 23.10 18:11:35,402|
lab29-54-<0.1586.0>-T3: Msg #2434, C-Out: 23.10 18:11:34,530| HBQ-In: 23.10 18:11:34,530| DQ-In: 23.10 18:11:34,753| C-In: 23.10 18:11:35,402|
lab29-39-<0.2795.0>-T3: Msg #2435, C-Out: 23.10 18:11:34,532| HBQ-In: 23.10 18:11:34,533| DQ-In: 23.10 18:11:34,753| C-In: 23.10 18:11:35,403|
lab29-46-<0.2213.0>-T3: Msg #2436, C-Out: 23.10 18:11:34,621| HBQ-In: 23.10 18:11:34,621| DQ-In: 23.10 18:11:34,753| C-In: 23.10 18:11:35,403|
lab29-31-<0.3480.0>-T3: Msg #2437, C-Out: 23.10 18:11:34,625| HBQ-In: 23.10 18:11:34,625| DQ-In: 23.10 18:11:34,753| C-In: 23.10 18:11:35,403|
Fehlernachricht fuer Luecke von 2438 bis 2442 C-In: 23.10 18:11:35,404|
lab29-53-<0.1650.0>-T3: Msg #2443, C-Out: 23.10 18:11:34,709| HBQ-In: 23.10 18:11:34,709| DQ-In: 23.10 18:11:34,767| C-In: 23.10 18:11:35,404|
lab29-8-<0.5273.0>-T3: Msg #2444, C-Out: 23.10 18:11:34,209| HBQ-In: 23.10 18:11:34,209| DQ-In: 23.10 18:11:34,767| C-In: 23.10 18:11:35,404|
lab29-18-<0.4519.0>-T3: Msg #2445, C-Out: 23.10 18:11:34,220| HBQ-In: 23.10 18:11:34,220| DQ-In: 23.10 18:11:34,767| C-In: 23.10 18:11:35,405|
Fehlernachricht fuer Luecke von 2446 bis 2446 C-In: 23.10 18:11:35,405|
lab29-3-<0.5663.0>-T3: Msg #2447, C-Out: 23.10 18:11:34,226| HBQ-In: 23.10 18:11:34,227| DQ-In: 23.10 18:11:34,778| C-In: 23.10 18:11:35,405|
lab29-23-<0.4130.0>-T3: Msg #2448, C-Out: 23.10 18:11:34,751| HBQ-In: 23.10 18:11:34,753| DQ-In: 23.10 18:11:34,778| C-In: 23.10 18:11:35,406|
lab29-13-<0.4921.0>-T3: Msg #2449, C-Out: 23.10 18:11:34,260| HBQ-In: 23.10 18:11:34,260| DQ-In: 23.10 18:11:34,778| C-In: 23.10 18:11:35,406|
lab29-38-<0.2880.0>-T3: Msg #2450, C-Out: 23.10 18:11:34,765| HBQ-In: 23.10 18:11:34,765| DQ-In: 23.10 18:11:34,778| C-In: 23.10 18:11:35,406|
Fehlernachricht fuer Luecke von 2451 bis 2456 C-In: 23.10 18:11:35,407|
lab29-7-<0.5358.0>-T3: Msg #2457, C-Out: 23.10 18:11:34,422| HBQ-In: 23.10 18:11:34,422| DQ-In: 23.10 18:11:34,782| C-In: 23.10 18:11:35,414|
Fehlernachricht fuer Luecke von 2458 bis 2458 C-In: 23.10 18:11:35,414|
lab29-2-<0.5741.0>-T3: Msg #2459, C-Out: 23.10 18:11:34,435| HBQ-In: 23.10 18:11:34,435| DQ-In: 23.10 18:11:34,786| C-In: 23.10 18:11:35,415|
lab29-12-<0.4991.0>-T3: Msg #2460, C-Out: 23.10 18:11:34,436| HBQ-In: 23.10 18:11:34,436| DQ-In: 23.10 18:11:34,786| C-In: 23.10 18:11:35,415|
lab29-17-<0.4601.0>-T3: Msg #2461, C-Out: 23.10 18:11:34,436| HBQ-In: 23.10 18:11:34,436| DQ-In: 23.10 18:11:34,786| C-In: 23.10 18:11:35,416|
Fehlernachricht fuer Luecke von 2462 bis 2471 C-In: 23.10 18:11:35,419|
lab29-6-<0.5440.0>-T3: Msg #2472, C-Out: 23.10 18:11:34,616| HBQ-In: 23.10 18:11:34,616| DQ-In: 23.10 18:11:34,828| C-In: 23.10 18:11:35,419|
Fehlernachricht fuer Luecke von 2473 bis 2473 C-In: 23.10 18:11:35,420|
lab29-11-<0.5067.0>-T3: Msg #2474, C-Out: 23.10 18:11:34,622| HBQ-In: 23.10 18:11:34,622| DQ-In: 23.10 18:11:34,838| C-In: 23.10 18:11:35,420|
Fehlernachricht fuer Luecke von 2475 bis 2475 C-In: 23.10 18:11:35,420|
lab29-16-<0.4681.0>-T3: Msg #2476, C-Out: 23.10 18:11:34,633| HBQ-In: 23.10 18:11:34,633| DQ-In: 23.10 18:11:35,012| C-In: 23.10 18:11:35,421|
Fehlernachricht fuer Luecke von 2477 bis 2478 C-In: 23.10 18:11:35,421|
lab29-1-<0.5818.0>-T3: Msg #2479, C-Out: 23.10 18:11:34,637| HBQ-In: 23.10 18:11:34,637| DQ-In: 23.10 18:11:35,025| C-In: 23.10 18:11:35,421|
Fehlernachricht fuer Luecke von 2480 bis 2486 C-In: 23.10 18:11:35,422|
lab29-15-<0.4762.0>-T3: Msg #2487, C-Out: 23.10 18:11:34,812| HBQ-In: 23.10 18:11:34,812| DQ-In: 23.10 18:11:35,025| C-In: 23.10 18:11:35,422|
Fehlernachricht fuer Luecke von 2488 bis 2489 C-In: 23.10 18:11:35,422|
lab29-5-<0.5513.0>-T3: Msg #2490, C-Out: 23.10 18:11:34,828| HBQ-In: 23.10 18:11:34,828| DQ-In: 23.10 18:11:35,211| C-In: 23.10 18:11:35,423|
lab29-10-<0.5112.0>-T3: Msg #2491, C-Out: 23.10 18:11:34,838| HBQ-In: 23.10 18:11:34,838| DQ-In: 23.10 18:11:35,211| C-In: 23.10 18:11:35,423|
Fehlernachricht fuer Luecke von 2492 bis 2499 C-In: 23.10 18:11:35,423|
lab29-4-<0.5587.0>-T3: Msg #2500, C-Out: 23.10 18:11:35,012| HBQ-In: 23.10 18:11:35,012| DQ-In: 23.10 18:11:35,270| C-In: 23.10 18:11:35,424|
Fehlernachricht fuer Luecke von 2501 bis 2501 C-In: 23.10 18:11:35,424|
lab29-9-<0.5191.0>-T3: Msg #2502, C-Out: 23.10 18:11:35,025| HBQ-In: 23.10 18:11:35,025| DQ-In: 23.10 18:11:35,423| C-In: 23.10 18:11:35,424|
ReceiveMsgs done
lab29-50-<0.1864.0>-T3: Msg #2627, C-Out: 23.10 18:11:37,676| gesendet
lab29-50-<0.1864.0>-T3: Msg #2787, C-Out: 23.10 18:11:39,927| gesendet
