lab29-73-<0.332.0>-T3 C-Start: 23.10 18:11:13,075|
lab29-73-<0.332.0>-T3: Msg #808, C-Out: 23.10 18:11:14,079| gesendet
lab29-73-<0.332.0>-T3: Msg #844, C-Out: 23.10 18:11:15,082| gesendet
lab29-73-<0.332.0>-T3: Msg #910, C-Out: 23.10 18:11:16,085| gesendet
lab29-73-<0.332.0>-T3: Msg #956, C-Out: 23.10 18:11:17,086| gesendet
lab29-73-<0.332.0>-T3: Msg #1012, C-Out: 23.10 18:11:18,088| gesendet
Neues Intervall: 1 Sekunden
Msg #1070 um 23.10 18:11:18,088| vergessen zu senden
Fehlernachricht fuer Luecke von 934 bis 934 C-In: 23.10 18:11:18,089|
lab29-80-<0.164.0>-T3: Msg #935, C-Out: 23.10 18:11:16,679| HBQ-In: 23.10 18:11:16,679| DQ-In: 23.10 18:11:17,119| C-In: 23.10 18:11:18,089|
lab29-75-<0.200.0>-T3: Msg #936, C-Out: 23.10 18:11:16,688| HBQ-In: 23.10 18:11:16,688| DQ-In: 23.10 18:11:17,119| C-In: 23.10 18:11:18,089|
lab29-70-<0.519.0>-T3: Msg #937, C-Out: 23.10 18:11:16,688| HBQ-In: 23.10 18:11:16,689| DQ-In: 23.10 18:11:17,119| C-In: 23.10 18:11:18,090|
lab29-65-<0.819.0>-T3: Msg #938, C-Out: 23.10 18:11:16,688| HBQ-In: 23.10 18:11:16,689| DQ-In: 23.10 18:11:17,119| C-In: 23.10 18:11:18,090|
lab29-60-<0.1170.0>-T3: Msg #939, C-Out: 23.10 18:11:16,699| HBQ-In: 23.10 18:11:16,700| DQ-In: 23.10 18:11:17,119| C-In: 23.10 18:11:18,091|
lab29-85-<0.133.0>-T3: Msg #940, C-Out: 23.10 18:11:16,699| HBQ-In: 23.10 18:11:16,700| DQ-In: 23.10 18:11:17,119| C-In: 23.10 18:11:18,091|
lab29-90-<0.107.0>-T3: Msg #941, C-Out: 23.10 18:11:16,755| HBQ-In: 23.10 18:11:16,755| DQ-In: 23.10 18:11:17,119| C-In: 23.10 18:11:18,091|
lab29-95-<0.87.0>-T3: Msg #942, C-Out: 23.10 18:11:16,767| HBQ-In: 23.10 18:11:16,767| DQ-In: 23.10 18:11:17,119| C-In: 23.10 18:11:18,092|
lab29-100-<0.40.0>-T3: Msg #943, C-Out: 23.10 18:11:16,767| HBQ-In: 23.10 18:11:16,767| DQ-In: 23.10 18:11:17,119| C-In: 23.10 18:11:18,092|
Fehlernachricht fuer Luecke von 944 bis 944 C-In: 23.10 18:11:18,092|
lab29-79-<0.173.0>-T3: Msg #945, C-Out: 23.10 18:11:16,883| HBQ-In: 23.10 18:11:16,883| DQ-In: 23.10 18:11:17,329| C-In: 23.10 18:11:18,093|
lab29-74-<0.266.0>-T3: Msg #946, C-Out: 23.10 18:11:16,883| HBQ-In: 23.10 18:11:16,883| DQ-In: 23.10 18:11:17,329| C-In: 23.10 18:11:18,094|
lab29-69-<0.583.0>-T3: Msg #947, C-Out: 23.10 18:11:16,890| HBQ-In: 23.10 18:11:16,890| DQ-In: 23.10 18:11:17,329| C-In: 23.10 18:11:18,094|
lab29-64-<0.899.0>-T3: Msg #948, C-Out: 23.10 18:11:16,892| HBQ-In: 23.10 18:11:16,892| DQ-In: 23.10 18:11:17,329| C-In: 23.10 18:11:18,095|
lab29-59-<0.1234.0>-T3: Msg #949, C-Out: 23.10 18:11:16,896| HBQ-In: 23.10 18:11:16,896| DQ-In: 23.10 18:11:17,329| C-In: 23.10 18:11:18,095|
lab29-89-<0.113.0>-T3: Msg #950, C-Out: 23.10 18:11:16,900| HBQ-In: 23.10 18:11:16,902| DQ-In: 23.10 18:11:17,329| C-In: 23.10 18:11:18,095|
lab29-84-<0.140.0>-T3: Msg #951, C-Out: 23.10 18:11:16,900| HBQ-In: 23.10 18:11:16,902| DQ-In: 23.10 18:11:17,329| C-In: 23.10 18:11:18,096|
lab29-99-<0.49.0>-T3: Msg #952, C-Out: 23.10 18:11:16,942| HBQ-In: 23.10 18:11:16,943| DQ-In: 23.10 18:11:17,329| C-In: 23.10 18:11:18,096|
lab29-94-<0.91.0>-T3: Msg #953, C-Out: 23.10 18:11:16,995| HBQ-In: 23.10 18:11:16,995| DQ-In: 23.10 18:11:17,329| C-In: 23.10 18:11:18,096|
Fehlernachricht fuer Luecke von 954 bis 954 C-In: 23.10 18:11:18,097|
lab29-78-<0.180.0>-T3: Msg #955, C-Out: 23.10 18:11:17,083| HBQ-In: 23.10 18:11:17,084| DQ-In: 23.10 18:11:17,556| C-In: 23.10 18:11:18,097|
lab29-73-<0.332.0>-T3: Msg #956, C-Out: 23.10 18:11:17,086| HBQ-In: 23.10 18:11:17,087| DQ-In: 23.10 18:11:17,556|******* C-In: 23.10 18:11:18,097|
lab29-68-<0.633.0>-T3: Msg #957, C-Out: 23.10 18:11:17,092| HBQ-In: 23.10 18:11:17,092| DQ-In: 23.10 18:11:17,556| C-In: 23.10 18:11:18,098|
lab29-63-<0.983.0>-T3: Msg #958, C-Out: 23.10 18:11:17,093| HBQ-In: 23.10 18:11:17,093| DQ-In: 23.10 18:11:17,556| C-In: 23.10 18:11:18,098|
lab29-58-<0.1296.0>-T3: Msg #959, C-Out: 23.10 18:11:17,097| HBQ-In: 23.10 18:11:17,099| DQ-In: 23.10 18:11:17,556| C-In: 23.10 18:11:18,098|
lab29-93-<0.95.0>-T3: Msg #960, C-Out: 23.10 18:11:17,107| HBQ-In: 23.10 18:11:17,108| DQ-In: 23.10 18:11:17,556| C-In: 23.10 18:11:18,099|
lab29-83-<0.147.0>-T3: Msg #961, C-Out: 23.10 18:11:17,115| HBQ-In: 23.10 18:11:17,115| DQ-In: 23.10 18:11:17,556| C-In: 23.10 18:11:18,101|
lab29-88-<0.118.0>-T3: Msg #962, C-Out: 23.10 18:11:17,119| HBQ-In: 23.10 18:11:17,119| DQ-In: 23.10 18:11:17,556| C-In: 23.10 18:11:18,101|
lab29-98-<0.78.0>-T3: Msg #963, C-Out: 23.10 18:11:17,157| HBQ-In: 23.10 18:11:17,157| DQ-In: 23.10 18:11:17,556| C-In: 23.10 18:11:18,101|
Fehlernachricht fuer Luecke von 964 bis 964 C-In: 23.10 18:11:18,102|
lab29-77-<0.187.0>-T3: Msg #965, C-Out: 23.10 18:11:17,287| HBQ-In: 23.10 18:11:17,287| DQ-In: 23.10 18:11:17,757| C-In: 23.10 18:11:18,102|
lab29-72-<0.396.0>-T3: Msg #966, C-Out: 23.10 18:11:17,287| HBQ-In: 23.10 18:11:17,287| DQ-In: 23.10 18:11:17,758| C-In: 23.10 18:11:18,102|
lab29-67-<0.708.0>-T3: Msg #967, C-Out: 23.10 18:11:17,290| HBQ-In: 23.10 18:11:17,292| DQ-In: 23.10 18:11:17,758| C-In: 23.10 18:11:18,103|
lab29-62-<0.1043.0>-T3: Msg #968, C-Out: 23.10 18:11:17,293| HBQ-In: 23.10 18:11:17,294| DQ-In: 23.10 18:11:17,758| C-In: 23.10 18:11:18,103|
lab29-57-<0.1365.0>-T3: Msg #969, C-Out: 23.10 18:11:17,300| HBQ-In: 23.10 18:11:17,302| DQ-In: 23.10 18:11:17,758| C-In: 23.10 18:11:18,103|
lab29-87-<0.123.0>-T3: Msg #970, C-Out: 23.10 18:11:17,309| HBQ-In: 23.10 18:11:17,309| DQ-In: 23.10 18:11:17,758| C-In: 23.10 18:11:18,104|
lab29-82-<0.153.0>-T3: Msg #971, C-Out: 23.10 18:11:17,313| HBQ-In: 23.10 18:11:17,313| DQ-In: 23.10 18:11:17,758| C-In: 23.10 18:11:18,104|
lab29-92-<0.99.0>-T3: Msg #972, C-Out: 23.10 18:11:17,329| HBQ-In: 23.10 18:11:17,329| DQ-In: 23.10 18:11:17,758| C-In: 23.10 18:11:18,104|
lab29-97-<0.81.0>-T3: Msg #973, C-Out: 23.10 18:11:17,438| HBQ-In: 23.10 18:11:17,438| DQ-In: 23.10 18:11:17,758| C-In: 23.10 18:11:18,107|
Fehlernachricht fuer Luecke von 974 bis 979 C-In: 23.10 18:11:18,111|
lab29-66-<0.743.0>-T3: Msg #980, C-Out: 23.10 18:11:17,488| HBQ-In: 23.10 18:11:17,488| DQ-In: 23.10 18:11:17,903| C-In: 23.10 18:11:18,111|
lab29-71-<0.461.0>-T3: Msg #981, C-Out: 23.10 18:11:17,488| HBQ-In: 23.10 18:11:17,488| DQ-In: 23.10 18:11:17,903| C-In: 23.10 18:11:18,111|
lab29-76-<0.194.0>-T3: Msg #982, C-Out: 23.10 18:11:17,488| HBQ-In: 23.10 18:11:17,488| DQ-In: 23.10 18:11:17,903| C-In: 23.10 18:11:18,112|
lab29-61-<0.1100.0>-T3: Msg #983, C-Out: 23.10 18:11:17,499| HBQ-In: 23.10 18:11:17,499| DQ-In: 23.10 18:11:17,903| C-In: 23.10 18:11:18,112|
lab29-56-<0.1439.0>-T3: Msg #984, C-Out: 23.10 18:11:17,502| HBQ-In: 23.10 18:11:17,503| DQ-In: 23.10 18:11:17,903| C-In: 23.10 18:11:18,112|
lab29-81-<0.159.0>-T3: Msg #985, C-Out: 23.10 18:11:17,506| HBQ-In: 23.10 18:11:17,507| DQ-In: 23.10 18:11:17,903| C-In: 23.10 18:11:18,113|
lab29-91-<0.103.0>-T3: Msg #986, C-Out: 23.10 18:11:17,553| HBQ-In: 23.10 18:11:17,554| DQ-In: 23.10 18:11:17,903| C-In: 23.10 18:11:18,113|
lab29-86-<0.129.0>-T3: Msg #987, C-Out: 23.10 18:11:17,556| HBQ-In: 23.10 18:11:17,556| DQ-In: 23.10 18:11:17,903| C-In: 23.10 18:11:18,115|
lab29-96-<0.84.0>-T3: Msg #988, C-Out: 23.10 18:11:17,593| HBQ-In: 23.10 18:11:17,593| DQ-In: 23.10 18:11:17,903| C-In: 23.10 18:11:18,115|
Fehlernachricht fuer Luecke von 989 bis 989 C-In: 23.10 18:11:18,115|
lab29-75-<0.200.0>-T3: Msg #990, C-Out: 23.10 18:11:17,691| HBQ-In: 23.10 18:11:17,691| DQ-In: 23.10 18:11:18,110| C-In: 23.10 18:11:18,116|
lab29-70-<0.519.0>-T3: Msg #991, C-Out: 23.10 18:11:17,691| HBQ-In: 23.10 18:11:17,691| DQ-In: 23.10 18:11:18,110| C-In: 23.10 18:11:18,116|
lab29-65-<0.819.0>-T3: Msg #992, C-Out: 23.10 18:11:17,691| HBQ-In: 23.10 18:11:17,691| DQ-In: 23.10 18:11:18,110| C-In: 23.10 18:11:18,116|
lab29-85-<0.133.0>-T3: Msg #993, C-Out: 23.10 18:11:17,701| HBQ-In: 23.10 18:11:17,703| DQ-In: 23.10 18:11:18,110| C-In: 23.10 18:11:18,118|
lab29-60-<0.1170.0>-T3: Msg #994, C-Out: 23.10 18:11:17,701| HBQ-In: 23.10 18:11:17,703| DQ-In: 23.10 18:11:18,110| C-In: 23.10 18:11:18,119|
lab29-55-<0.1513.0>-T3: Msg #995, C-Out: 23.10 18:11:17,702| HBQ-In: 23.10 18:11:17,705| DQ-In: 23.10 18:11:18,110| C-In: 23.10 18:11:18,119|
lab29-80-<0.164.0>-T3: Msg #996, C-Out: 23.10 18:11:17,757| HBQ-In: 23.10 18:11:17,757| DQ-In: 23.10 18:11:18,111| C-In: 23.10 18:11:18,119|
lab29-90-<0.107.0>-T3: Msg #997, C-Out: 23.10 18:11:17,757| HBQ-In: 23.10 18:11:17,757| DQ-In: 23.10 18:11:18,111| C-In: 23.10 18:11:18,119|
lab29-100-<0.40.0>-T3: Msg #998, C-Out: 23.10 18:11:17,769| HBQ-In: 23.10 18:11:17,770| DQ-In: 23.10 18:11:18,111| C-In: 23.10 18:11:18,120|
lab29-95-<0.87.0>-T3: Msg #999, C-Out: 23.10 18:11:17,769| HBQ-In: 23.10 18:11:17,770| DQ-In: 23.10 18:11:18,111| C-In: 23.10 18:11:18,120|
lab29-74-<0.266.0>-T3: Msg #1000, C-Out: 23.10 18:11:17,888| HBQ-In: 23.10 18:11:17,888| DQ-In: 23.10 18:11:18,111| C-In: 23.10 18:11:18,120|
ReceiveMsgs done
lab29-73-<0.332.0>-T3: Msg #1080, C-Out: 23.10 18:11:19,122| gesendet
lab29-73-<0.332.0>-T3: Msg #1170, C-Out: 23.10 18:11:20,123| gesendet
lab29-73-<0.332.0>-T3: Msg #1238, C-Out: 23.10 18:11:21,128| gesendet
lab29-73-<0.332.0>-T3: Msg #1314, C-Out: 23.10 18:11:22,131| gesendet
lab29-73-<0.332.0>-T3: Msg #1387, C-Out: 23.10 18:11:23,132| gesendet
Neues Intervall: 1.5 Sekunden
Msg #1491 um 23.10 18:11:23,132| vergessen zu senden
lab29-52-<0.1713.0>-T3: Msg #1323, C-Out: 23.10 18:11:22,323| HBQ-In: 23.10 18:11:22,323| DQ-In: 23.10 18:11:22,577| C-In: 23.10 18:11:23,132|
lab29-47-<0.2127.0>-T3: Msg #1324, C-Out: 23.10 18:11:22,323| HBQ-In: 23.10 18:11:22,323| DQ-In: 23.10 18:11:22,577| C-In: 23.10 18:11:23,133|
Fehlernachricht fuer Luecke von 1325 bis 1325 C-In: 23.10 18:11:23,133|
lab29-42-<0.2545.0>-T3: Msg #1326, C-Out: 23.10 18:11:22,328| HBQ-In: 23.10 18:11:22,328| DQ-In: 23.10 18:11:22,581| C-In: 23.10 18:11:23,134|
lab29-37-<0.2967.0>-T3: Msg #1327, C-Out: 23.10 18:11:22,328| HBQ-In: 23.10 18:11:22,328| DQ-In: 23.10 18:11:22,581| C-In: 23.10 18:11:23,134|
lab29-32-<0.3394.0>-T3: Msg #1328, C-Out: 23.10 18:11:22,329| HBQ-In: 23.10 18:11:22,329| DQ-In: 23.10 18:11:22,581| C-In: 23.10 18:11:23,134|
lab29-72-<0.396.0>-T3: Msg #1329, C-Out: 23.10 18:11:22,332| HBQ-In: 23.10 18:11:22,332| DQ-In: 23.10 18:11:22,581| C-In: 23.10 18:11:23,134|
lab29-67-<0.708.0>-T3: Msg #1330, C-Out: 23.10 18:11:22,343| HBQ-In: 23.10 18:11:22,343| DQ-In: 23.10 18:11:22,581| C-In: 23.10 18:11:23,135|
lab29-62-<0.1043.0>-T3: Msg #1331, C-Out: 23.10 18:11:22,347| HBQ-In: 23.10 18:11:22,347| DQ-In: 23.10 18:11:22,581| C-In: 23.10 18:11:23,135|
lab29-57-<0.1365.0>-T3: Msg #1332, C-Out: 23.10 18:11:22,379| HBQ-In: 23.10 18:11:22,380| DQ-In: 23.10 18:11:22,581| C-In: 23.10 18:11:23,135|
Fehlernachricht fuer Luecke von 1333 bis 1333 C-In: 23.10 18:11:23,136|
lab29-77-<0.187.0>-T3: Msg #1334, C-Out: 23.10 18:11:22,388| HBQ-In: 23.10 18:11:22,389| DQ-In: 23.10 18:11:22,584| C-In: 23.10 18:11:23,136|
Fehlernachricht fuer Luecke von 1335 bis 1337 C-In: 23.10 18:11:23,136|
lab29-51-<0.1789.0>-T3: Msg #1338, C-Out: 23.10 18:11:22,517| HBQ-In: 23.10 18:11:22,517| DQ-In: 23.10 18:11:22,585| C-In: 23.10 18:11:23,137|
lab29-46-<0.2213.0>-T3: Msg #1339, C-Out: 23.10 18:11:22,517| HBQ-In: 23.10 18:11:22,517| DQ-In: 23.10 18:11:22,585| C-In: 23.10 18:11:23,137|
Fehlernachricht fuer Luecke von 1340 bis 1340 C-In: 23.10 18:11:23,137|
lab29-41-<0.2632.0>-T3: Msg #1341, C-Out: 23.10 18:11:22,528| HBQ-In: 23.10 18:11:22,529| DQ-In: 23.10 18:11:22,586| C-In: 23.10 18:11:23,138|
lab29-36-<0.3048.0>-T3: Msg #1342, C-Out: 23.10 18:11:22,528| HBQ-In: 23.10 18:11:22,529| DQ-In: 23.10 18:11:22,586| C-In: 23.10 18:11:23,138|
lab29-31-<0.3480.0>-T3: Msg #1343, C-Out: 23.10 18:11:22,530| HBQ-In: 23.10 18:11:22,530| DQ-In: 23.10 18:11:22,586| C-In: 23.10 18:11:23,138|
lab29-66-<0.743.0>-T3: Msg #1344, C-Out: 23.10 18:11:22,540| HBQ-In: 23.10 18:11:22,540| DQ-In: 23.10 18:11:22,586| C-In: 23.10 18:11:23,138|
lab29-56-<0.1439.0>-T3: Msg #1345, C-Out: 23.10 18:11:22,545| HBQ-In: 23.10 18:11:22,545| DQ-In: 23.10 18:11:22,586| C-In: 23.10 18:11:23,139|
Fehlernachricht fuer Luecke von 1346 bis 1346 C-In: 23.10 18:11:23,139|
lab29-61-<0.1100.0>-T3: Msg #1347, C-Out: 23.10 18:11:22,570| HBQ-In: 23.10 18:11:22,570| DQ-In: 23.10 18:11:22,719| C-In: 23.10 18:11:23,140|
lab29-76-<0.194.0>-T3: Msg #1348, C-Out: 23.10 18:11:22,591| HBQ-In: 23.10 18:11:22,592| DQ-In: 23.10 18:11:22,719| C-In: 23.10 18:11:23,140|
lab29-71-<0.461.0>-T3: Msg #1349, C-Out: 23.10 18:11:22,614| HBQ-In: 23.10 18:11:22,614| DQ-In: 23.10 18:11:22,719| C-In: 23.10 18:11:23,140|
Fehlernachricht fuer Luecke von 1350 bis 1351 C-In: 23.10 18:11:23,140|
lab29-50-<0.1864.0>-T3: Msg #1352, C-Out: 23.10 18:11:22,712| HBQ-In: 23.10 18:11:22,713| DQ-In: 23.10 18:11:22,726| C-In: 23.10 18:11:23,141|
Fehlernachricht fuer Luecke von 1353 bis 1353 C-In: 23.10 18:11:23,141|
lab29-45-<0.2293.0>-T3: Msg #1354, C-Out: 23.10 18:11:22,718| HBQ-In: 23.10 18:11:22,719| DQ-In: 23.10 18:11:22,736| C-In: 23.10 18:11:23,141|
lab29-70-<0.519.0>-T3: Msg #1355, C-Out: 23.10 18:11:22,718| HBQ-In: 23.10 18:11:22,719| DQ-In: 23.10 18:11:22,736| C-In: 23.10 18:11:23,142|
lab29-40-<0.2707.0>-T3: Msg #1356, C-Out: 23.10 18:11:22,722| HBQ-In: 23.10 18:11:22,723| DQ-In: 23.10 18:11:22,736| C-In: 23.10 18:11:23,142|
lab29-35-<0.3134.0>-T3: Msg #1357, C-Out: 23.10 18:11:22,726| HBQ-In: 23.10 18:11:22,726| DQ-In: 23.10 18:11:22,736| C-In: 23.10 18:11:23,143|
lab29-65-<0.819.0>-T3: Msg #1358, C-Out: 23.10 18:11:22,726| HBQ-In: 23.10 18:11:22,726| DQ-In: 23.10 18:11:22,736| C-In: 23.10 18:11:23,143|
lab29-30-<0.3559.0>-T3: Msg #1359, C-Out: 23.10 18:11:22,736| HBQ-In: 23.10 18:11:22,736| DQ-In: 23.10 18:11:22,736| C-In: 23.10 18:11:23,143|
lab29-60-<0.1170.0>-T3: Msg #1360, C-Out: 23.10 18:11:22,740| HBQ-In: 23.10 18:11:22,741| DQ-In: 23.10 18:11:22,741| C-In: 23.10 18:11:23,144|
Fehlernachricht fuer Luecke von 1361 bis 1361 C-In: 23.10 18:11:23,144|
lab29-55-<0.1513.0>-T3: Msg #1362, C-Out: 23.10 18:11:22,766| HBQ-In: 23.10 18:11:22,766| DQ-In: 23.10 18:11:22,930| C-In: 23.10 18:11:23,144|
lab29-75-<0.200.0>-T3: Msg #1363, C-Out: 23.10 18:11:22,789| HBQ-In: 23.10 18:11:22,792| DQ-In: 23.10 18:11:22,930| C-In: 23.10 18:11:23,144|
Fehlernachricht fuer Luecke von 1364 bis 1367 C-In: 23.10 18:11:23,145|
lab29-49-<0.1950.0>-T3: Msg #1368, C-Out: 23.10 18:11:22,912| HBQ-In: 23.10 18:11:22,912| DQ-In: 23.10 18:11:22,933| C-In: 23.10 18:11:23,145|
lab29-44-<0.2376.0>-T3: Msg #1369, C-Out: 23.10 18:11:22,917| HBQ-In: 23.10 18:11:22,918| DQ-In: 23.10 18:11:22,933| C-In: 23.10 18:11:23,146|
lab29-39-<0.2795.0>-T3: Msg #1370, C-Out: 23.10 18:11:22,930| HBQ-In: 23.10 18:11:22,930| DQ-In: 23.10 18:11:22,933| C-In: 23.10 18:11:23,146|
lab29-34-<0.3220.0>-T3: Msg #1371, C-Out: 23.10 18:11:22,930| HBQ-In: 23.10 18:11:22,930| DQ-In: 23.10 18:11:22,933| C-In: 23.10 18:11:23,146|
lab29-64-<0.899.0>-T3: Msg #1372, C-Out: 23.10 18:11:22,931| HBQ-In: 23.10 18:11:22,931| DQ-In: 23.10 18:11:22,933| C-In: 23.10 18:11:23,147|
lab29-69-<0.583.0>-T3: Msg #1373, C-Out: 23.10 18:11:22,933| HBQ-In: 23.10 18:11:22,933| DQ-In: 23.10 18:11:22,933| C-In: 23.10 18:11:23,147|
lab29-29-<0.3641.0>-T3: Msg #1374, C-Out: 23.10 18:11:22,937| HBQ-In: 23.10 18:11:22,937| DQ-In: 23.10 18:11:22,937| C-In: 23.10 18:11:23,148|
lab29-59-<0.1234.0>-T3: Msg #1375, C-Out: 23.10 18:11:22,944| HBQ-In: 23.10 18:11:22,944| DQ-In: 23.10 18:11:22,944| C-In: 23.10 18:11:23,150|
Fehlernachricht fuer Luecke von 1376 bis 1376 C-In: 23.10 18:11:23,150|
lab29-54-<0.1586.0>-T3: Msg #1377, C-Out: 23.10 18:11:22,964| HBQ-In: 23.10 18:11:22,964| DQ-In: 23.10 18:11:23,132| C-In: 23.10 18:11:23,150|
lab29-74-<0.266.0>-T3: Msg #1378, C-Out: 23.10 18:11:22,971| HBQ-In: 23.10 18:11:22,971| DQ-In: 23.10 18:11:23,132| C-In: 23.10 18:11:23,151|
Fehlernachricht fuer Luecke von 1379 bis 1382 C-In: 23.10 18:11:23,151|
lab29-43-<0.2458.0>-T3: Msg #1383, C-Out: 23.10 18:11:23,124| HBQ-In: 23.10 18:11:23,125| DQ-In: 23.10 18:11:23,135| C-In: 23.10 18:11:23,151|
lab29-48-<0.2035.0>-T3: Msg #1384, C-Out: 23.10 18:11:23,124| HBQ-In: 23.10 18:11:23,125| DQ-In: 23.10 18:11:23,135| C-In: 23.10 18:11:23,151|
Fehlernachricht fuer Luecke von 1385 bis 1385 C-In: 23.10 18:11:23,152|
lab29-33-<0.3306.0>-T3: Msg #1386, C-Out: 23.10 18:11:23,131| HBQ-In: 23.10 18:11:23,131| DQ-In: 23.10 18:11:23,145| C-In: 23.10 18:11:23,154|
lab29-73-<0.332.0>-T3: Msg #1387, C-Out: 23.10 18:11:23,132| HBQ-In: 23.10 18:11:23,132| DQ-In: 23.10 18:11:23,145|******* C-In: 23.10 18:11:23,155|
lab29-38-<0.2880.0>-T3: Msg #1388, C-Out: 23.10 18:11:23,132| HBQ-In: 23.10 18:11:23,132| DQ-In: 23.10 18:11:23,145| C-In: 23.10 18:11:23,156|
lab29-28-<0.3729.0>-T3: Msg #1389, C-Out: 23.10 18:11:23,135| HBQ-In: 23.10 18:11:23,135| DQ-In: 23.10 18:11:23,145| C-In: 23.10 18:11:23,156|
lab29-68-<0.633.0>-T3: Msg #1390, C-Out: 23.10 18:11:23,137| HBQ-In: 23.10 18:11:23,137| DQ-In: 23.10 18:11:23,145| C-In: 23.10 18:11:23,156|
lab29-53-<0.1650.0>-T3: Msg #1391, C-Out: 23.10 18:11:23,145| HBQ-In: 23.10 18:11:23,145| DQ-In: 23.10 18:11:23,145| C-In: 23.10 18:11:23,157|
lab29-63-<0.983.0>-T3: Msg #1392, C-Out: 23.10 18:11:23,149| HBQ-In: 23.10 18:11:23,150| DQ-In: 23.10 18:11:23,150| C-In: 23.10 18:11:23,157|
lab29-58-<0.1296.0>-T3: Msg #1393, C-Out: 23.10 18:11:23,152| HBQ-In: 23.10 18:11:23,152| DQ-In: 23.10 18:11:23,152| C-In: 23.10 18:11:23,157|
ReceiveMsgs done
lab29-73-<0.332.0>-T3: Msg #1499, C-Out: 23.10 18:11:24,658| gesendet
lab29-73-<0.332.0>-T3: Msg #1623, C-Out: 23.10 18:11:26,160| gesendet
lab29-73-<0.332.0>-T3: Msg #1762, C-Out: 23.10 18:11:27,662| gesendet
lab29-73-<0.332.0>-T3: Msg #1927, C-Out: 23.10 18:11:29,165| gesendet
lab29-73-<0.332.0>-T3: Msg #2071, C-Out: 23.10 18:11:30,667| gesendet
Neues Intervall: 2.25 Sekunden
Msg #2207 um 23.10 18:11:30,667| vergessen zu senden
Fehlernachricht fuer Luecke von 2011 bis 2011 C-In: 23.10 18:11:30,668|
lab29-6-<0.5440.0>-T3: Msg #2012, C-Out: 23.10 18:11:29,568| HBQ-In: 23.10 18:11:29,568| DQ-In: 23.10 18:11:30,146| C-In: 23.10 18:11:30,669|
lab29-1-<0.5818.0>-T3: Msg #2013, C-Out: 23.10 18:11:29,573| HBQ-In: 23.10 18:11:29,573| DQ-In: 23.10 18:11:30,146| C-In: 23.10 18:11:30,671|
lab29-31-<0.3480.0>-T3: Msg #2014, C-Out: 23.10 18:11:29,578| HBQ-In: 23.10 18:11:29,578| DQ-In: 23.10 18:11:30,146| C-In: 23.10 18:11:30,675|
lab29-36-<0.3048.0>-T3: Msg #2015, C-Out: 23.10 18:11:29,583| HBQ-In: 23.10 18:11:29,584| DQ-In: 23.10 18:11:30,146| C-In: 23.10 18:11:30,675|
lab29-26-<0.3898.0>-T3: Msg #2016, C-Out: 23.10 18:11:29,594| HBQ-In: 23.10 18:11:29,594| DQ-In: 23.10 18:11:30,146| C-In: 23.10 18:11:30,676|
lab29-41-<0.2632.0>-T3: Msg #2017, C-Out: 23.10 18:11:29,603| HBQ-In: 23.10 18:11:29,604| DQ-In: 23.10 18:11:30,146| C-In: 23.10 18:11:30,677|
lab29-21-<0.4291.0>-T3: Msg #2018, C-Out: 23.10 18:11:29,615| HBQ-In: 23.10 18:11:29,616| DQ-In: 23.10 18:11:30,146| C-In: 23.10 18:11:30,678|
lab29-46-<0.2213.0>-T3: Msg #2019, C-Out: 23.10 18:11:30,115| HBQ-In: 23.10 18:11:30,116| DQ-In: 23.10 18:11:30,146| C-In: 23.10 18:11:30,681|
Fehlernachricht fuer Luecke von 2020 bis 2020 C-In: 23.10 18:11:30,682|
lab29-61-<0.1100.0>-T3: Msg #2021, C-Out: 23.10 18:11:30,140| HBQ-In: 23.10 18:11:30,140| DQ-In: 23.10 18:11:30,202| C-In: 23.10 18:11:30,682|
lab29-76-<0.194.0>-T3: Msg #2022, C-Out: 23.10 18:11:30,146| HBQ-In: 23.10 18:11:30,146| DQ-In: 23.10 18:11:30,202| C-In: 23.10 18:11:30,683|
Fehlernachricht fuer Luecke von 2023 bis 2028 C-In: 23.10 18:11:30,684|
lab29-53-<0.1650.0>-T3: Msg #2029, C-Out: 23.10 18:11:30,200| HBQ-In: 23.10 18:11:30,202| DQ-In: 23.10 18:11:30,239| C-In: 23.10 18:11:30,684|
Fehlernachricht fuer Luecke von 2030 bis 2030 C-In: 23.10 18:11:30,685|
lab29-68-<0.633.0>-T3: Msg #2031, C-Out: 23.10 18:11:30,238| HBQ-In: 23.10 18:11:30,239| DQ-In: 23.10 18:11:30,278| C-In: 23.10 18:11:30,685|
Fehlernachricht fuer Luecke von 2032 bis 2032 C-In: 23.10 18:11:30,688|
lab29-35-<0.3134.0>-T3: Msg #2033, C-Out: 23.10 18:11:29,754| HBQ-In: 23.10 18:11:29,755| DQ-In: 23.10 18:11:30,326| C-In: 23.10 18:11:30,691|
lab29-15-<0.4762.0>-T3: Msg #2034, C-Out: 23.10 18:11:29,755| HBQ-In: 23.10 18:11:29,755| DQ-In: 23.10 18:11:30,326| C-In: 23.10 18:11:30,692|
lab29-10-<0.5112.0>-T3: Msg #2035, C-Out: 23.10 18:11:29,760| HBQ-In: 23.10 18:11:29,760| DQ-In: 23.10 18:11:30,326| C-In: 23.10 18:11:30,695|
lab29-40-<0.2707.0>-T3: Msg #2036, C-Out: 23.10 18:11:29,770| HBQ-In: 23.10 18:11:29,771| DQ-In: 23.10 18:11:30,326| C-In: 23.10 18:11:30,699|
lab29-5-<0.5513.0>-T3: Msg #2037, C-Out: 23.10 18:11:29,770| HBQ-In: 23.10 18:11:29,771| DQ-In: 23.10 18:11:30,326| C-In: 23.10 18:11:30,702|
Fehlernachricht fuer Luecke von 2038 bis 2038 C-In: 23.10 18:11:30,702|
lab29-60-<0.1170.0>-T3: Msg #2039, C-Out: 23.10 18:11:30,278| HBQ-In: 23.10 18:11:30,278| DQ-In: 23.10 18:11:30,381| C-In: 23.10 18:11:30,705|
lab29-25-<0.3973.0>-T3: Msg #2040, C-Out: 23.10 18:11:29,801| HBQ-In: 23.10 18:11:29,801| DQ-In: 23.10 18:11:30,381| C-In: 23.10 18:11:30,706|
lab29-20-<0.4365.0>-T3: Msg #2041, C-Out: 23.10 18:11:29,804| HBQ-In: 23.10 18:11:29,805| DQ-In: 23.10 18:11:30,381| C-In: 23.10 18:11:30,706|
lab29-30-<0.3559.0>-T3: Msg #2042, C-Out: 23.10 18:11:29,810| HBQ-In: 23.10 18:11:29,810| DQ-In: 23.10 18:11:30,381| C-In: 23.10 18:11:30,706|
lab29-45-<0.2293.0>-T3: Msg #2043, C-Out: 23.10 18:11:30,326| HBQ-In: 23.10 18:11:30,326| DQ-In: 23.10 18:11:30,381| C-In: 23.10 18:11:30,707|
Fehlernachricht fuer Luecke von 2044 bis 2044 C-In: 23.10 18:11:30,707|
lab29-75-<0.200.0>-T3: Msg #2045, C-Out: 23.10 18:11:30,377| HBQ-In: 23.10 18:11:30,377| DQ-In: 23.10 18:11:30,430| C-In: 23.10 18:11:30,708|
lab29-67-<0.708.0>-T3: Msg #2046, C-Out: 23.10 18:11:30,389| HBQ-In: 23.10 18:11:30,389| DQ-In: 23.10 18:11:30,430| C-In: 23.10 18:11:30,708|
Fehlernachricht fuer Luecke von 2047 bis 2049 C-In: 23.10 18:11:30,710|
lab29-52-<0.1713.0>-T3: Msg #2050, C-Out: 23.10 18:11:30,449| HBQ-In: 23.10 18:11:30,449| DQ-In: 23.10 18:11:30,496| C-In: 23.10 18:11:30,711|
lab29-14-<0.4846.0>-T3: Msg #2051, C-Out: 23.10 18:11:29,957| HBQ-In: 23.10 18:11:29,958| DQ-In: 23.10 18:11:30,496| C-In: 23.10 18:11:30,712|
Fehlernachricht fuer Luecke von 2052 bis 2052 C-In: 23.10 18:11:30,712|
lab29-9-<0.5191.0>-T3: Msg #2053, C-Out: 23.10 18:11:29,961| HBQ-In: 23.10 18:11:29,962| DQ-In: 23.10 18:11:30,525| C-In: 23.10 18:11:30,713|
lab29-39-<0.2795.0>-T3: Msg #2054, C-Out: 23.10 18:11:29,966| HBQ-In: 23.10 18:11:29,966| DQ-In: 23.10 18:11:30,525| C-In: 23.10 18:11:30,713|
lab29-4-<0.5587.0>-T3: Msg #2055, C-Out: 23.10 18:11:29,966| HBQ-In: 23.10 18:11:29,966| DQ-In: 23.10 18:11:30,525| C-In: 23.10 18:11:30,717|
Fehlernachricht fuer Luecke von 2056 bis 2056 C-In: 23.10 18:11:30,720|
lab29-24-<0.4051.0>-T3: Msg #2057, C-Out: 23.10 18:11:29,974| HBQ-In: 23.10 18:11:29,976| DQ-In: 23.10 18:11:30,576| C-In: 23.10 18:11:30,725|
lab29-34-<0.3220.0>-T3: Msg #2058, C-Out: 23.10 18:11:29,980| HBQ-In: 23.10 18:11:29,981| DQ-In: 23.10 18:11:30,576| C-In: 23.10 18:11:30,728|
lab29-29-<0.3641.0>-T3: Msg #2059, C-Out: 23.10 18:11:29,996| HBQ-In: 23.10 18:11:29,996| DQ-In: 23.10 18:11:30,576| C-In: 23.10 18:11:30,728|
lab29-59-<0.1234.0>-T3: Msg #2060, C-Out: 23.10 18:11:30,496| HBQ-In: 23.10 18:11:30,496| DQ-In: 23.10 18:11:30,576| C-In: 23.10 18:11:30,730|
lab29-19-<0.4442.0>-T3: Msg #2061, C-Out: 23.10 18:11:30,015| HBQ-In: 23.10 18:11:30,016| DQ-In: 23.10 18:11:30,576| C-In: 23.10 18:11:30,731|
lab29-74-<0.266.0>-T3: Msg #2062, C-Out: 23.10 18:11:30,520| HBQ-In: 23.10 18:11:30,522| DQ-In: 23.10 18:11:30,576| C-In: 23.10 18:11:30,731|
lab29-44-<0.2376.0>-T3: Msg #2063, C-Out: 23.10 18:11:30,522| HBQ-In: 23.10 18:11:30,522| DQ-In: 23.10 18:11:30,576| C-In: 23.10 18:11:30,731|
Fehlernachricht fuer Luecke von 2064 bis 2064 C-In: 23.10 18:11:30,732|
lab29-66-<0.743.0>-T3: Msg #2065, C-Out: 23.10 18:11:30,604| HBQ-In: 23.10 18:11:30,606| DQ-In: 23.10 18:11:30,626| C-In: 23.10 18:11:30,732|
Fehlernachricht fuer Luecke von 2066 bis 2066 C-In: 23.10 18:11:30,732|
lab29-51-<0.1789.0>-T3: Msg #2067, C-Out: 23.10 18:11:30,624| HBQ-In: 23.10 18:11:30,626| DQ-In: 23.10 18:11:30,667| C-In: 23.10 18:11:30,733|
Fehlernachricht fuer Luecke von 2068 bis 2068 C-In: 23.10 18:11:30,733|
lab29-13-<0.4921.0>-T3: Msg #2069, C-Out: 23.10 18:11:30,166| HBQ-In: 23.10 18:11:30,166| DQ-In: 23.10 18:11:30,695| C-In: 23.10 18:11:30,734|
lab29-8-<0.5273.0>-T3: Msg #2070, C-Out: 23.10 18:11:30,167| HBQ-In: 23.10 18:11:30,169| DQ-In: 23.10 18:11:30,695| C-In: 23.10 18:11:30,734|
lab29-73-<0.332.0>-T3: Msg #2071, C-Out: 23.10 18:11:30,667| HBQ-In: 23.10 18:11:30,667| DQ-In: 23.10 18:11:30,695|******* C-In: 23.10 18:11:30,734|
lab29-3-<0.5663.0>-T3: Msg #2072, C-Out: 23.10 18:11:30,167| HBQ-In: 23.10 18:11:30,169| DQ-In: 23.10 18:11:30,695| C-In: 23.10 18:11:30,735|
lab29-38-<0.2880.0>-T3: Msg #2073, C-Out: 23.10 18:11:30,167| HBQ-In: 23.10 18:11:30,167| DQ-In: 23.10 18:11:30,695| C-In: 23.10 18:11:30,735|
lab29-33-<0.3306.0>-T3: Msg #2074, C-Out: 23.10 18:11:30,183| HBQ-In: 23.10 18:11:30,191| DQ-In: 23.10 18:11:30,695| C-In: 23.10 18:11:30,735|
Fehlernachricht fuer Luecke von 2075 bis 2075 C-In: 23.10 18:11:30,736|
lab29-23-<0.4130.0>-T3: Msg #2076, C-Out: 23.10 18:11:30,187| HBQ-In: 23.10 18:11:30,191| DQ-In: 23.10 18:11:30,702| C-In: 23.10 18:11:30,736|
lab29-58-<0.1296.0>-T3: Msg #2077, C-Out: 23.10 18:11:30,695| HBQ-In: 23.10 18:11:30,695| DQ-In: 23.10 18:11:30,702| C-In: 23.10 18:11:30,736|
lab29-28-<0.3729.0>-T3: Msg #2078, C-Out: 23.10 18:11:30,201| HBQ-In: 23.10 18:11:30,202| DQ-In: 23.10 18:11:30,702| C-In: 23.10 18:11:30,737|
lab29-18-<0.4519.0>-T3: Msg #2079, C-Out: 23.10 18:11:30,209| HBQ-In: 23.10 18:11:30,210| DQ-In: 23.10 18:11:30,702| C-In: 23.10 18:11:30,737|
Fehlernachricht fuer Luecke von 2080 bis 2084 C-In: 23.10 18:11:30,738|
lab29-12-<0.4991.0>-T3: Msg #2085, C-Out: 23.10 18:11:30,359| HBQ-In: 23.10 18:11:30,360| DQ-In: 23.10 18:11:30,704| C-In: 23.10 18:11:30,738|
lab29-7-<0.5358.0>-T3: Msg #2086, C-Out: 23.10 18:11:30,367| HBQ-In: 23.10 18:11:30,367| DQ-In: 23.10 18:11:30,704| C-In: 23.10 18:11:30,738|
lab29-2-<0.5741.0>-T3: Msg #2087, C-Out: 23.10 18:11:30,376| HBQ-In: 23.10 18:11:30,376| DQ-In: 23.10 18:11:30,704| C-In: 23.10 18:11:30,739|
Fehlernachricht fuer Luecke von 2088 bis 2088 C-In: 23.10 18:11:30,739|
lab29-32-<0.3394.0>-T3: Msg #2089, C-Out: 23.10 18:11:30,379| HBQ-In: 23.10 18:11:30,381| DQ-In: 23.10 18:11:30,706| C-In: 23.10 18:11:30,739|
Fehlernachricht fuer Luecke von 2090 bis 2092 C-In: 23.10 18:11:30,740|
lab29-37-<0.2967.0>-T3: Msg #2093, C-Out: 23.10 18:11:30,398| HBQ-In: 23.10 18:11:30,398| DQ-In: 23.10 18:11:30,707| C-In: 23.10 18:11:30,740|
Fehlernachricht fuer Luecke von 2094 bis 2094 C-In: 23.10 18:11:30,740|
lab29-27-<0.3815.0>-T3: Msg #2095, C-Out: 23.10 18:11:30,403| HBQ-In: 23.10 18:11:30,403| DQ-In: 23.10 18:11:30,710| C-In: 23.10 18:11:30,741|
lab29-22-<0.4210.0>-T3: Msg #2096, C-Out: 23.10 18:11:30,405| HBQ-In: 23.10 18:11:30,406| DQ-In: 23.10 18:11:30,710| C-In: 23.10 18:11:30,741|
lab29-17-<0.4601.0>-T3: Msg #2097, C-Out: 23.10 18:11:30,430| HBQ-In: 23.10 18:11:30,430| DQ-In: 23.10 18:11:30,710| C-In: 23.10 18:11:30,742|
Fehlernachricht fuer Luecke von 2098 bis 2104 C-In: 23.10 18:11:30,744|
lab29-11-<0.5067.0>-T3: Msg #2105, C-Out: 23.10 18:11:30,561| HBQ-In: 23.10 18:11:30,566| DQ-In: 23.10 18:11:30,711| C-In: 23.10 18:11:30,745|
lab29-6-<0.5440.0>-T3: Msg #2106, C-Out: 23.10 18:11:30,571| HBQ-In: 23.10 18:11:30,571| DQ-In: 23.10 18:11:30,711| C-In: 23.10 18:11:30,747|
lab29-1-<0.5818.0>-T3: Msg #2107, C-Out: 23.10 18:11:30,576| HBQ-In: 23.10 18:11:30,576| DQ-In: 23.10 18:11:30,711| C-In: 23.10 18:11:30,747|
lab29-31-<0.3480.0>-T3: Msg #2108, C-Out: 23.10 18:11:30,581| HBQ-In: 23.10 18:11:30,586| DQ-In: 23.10 18:11:30,711| C-In: 23.10 18:11:30,748|
lab29-36-<0.3048.0>-T3: Msg #2109, C-Out: 23.10 18:11:30,585| HBQ-In: 23.10 18:11:30,586| DQ-In: 23.10 18:11:30,711| C-In: 23.10 18:11:30,748|
lab29-26-<0.3898.0>-T3: Msg #2110, C-Out: 23.10 18:11:30,596| HBQ-In: 23.10 18:11:30,597| DQ-In: 23.10 18:11:30,711| C-In: 23.10 18:11:30,751|
ReceiveMsgs done
lab29-73-<0.332.0>-T3: Msg #2237, C-Out: 23.10 18:11:32,003| gesendet
lab29-73-<0.332.0>-T3: Msg #2428, C-Out: 23.10 18:11:35,254| gesendet
lab29-73-<0.332.0>-T3: Msg #2618, C-Out: 23.10 18:11:37,505| gesendet
lab29-73-<0.332.0>-T3: Msg #2777, C-Out: 23.10 18:11:39,756| gesendet
