lab29-88-<0.118.0>-T3 C-Start: 23.10 18:11:10,049|
lab29-88-<0.118.0>-T3: Msg #706, C-Out: 23.10 18:11:11,053| gesendet
lab29-88-<0.118.0>-T3: Msg #748, C-Out: 23.10 18:11:12,056| gesendet
lab29-88-<0.118.0>-T3: Msg #770, C-Out: 23.10 18:11:13,059| gesendet
lab29-88-<0.118.0>-T3: Msg #804, C-Out: 23.10 18:11:14,062| gesendet
lab29-88-<0.118.0>-T3: Msg #840, C-Out: 23.10 18:11:15,063| gesendet
Neues Intervall: 1 Sekunden
Msg #907 um 23.10 18:11:15,063| vergessen zu senden
lab29-80-<0.164.0>-T3: Msg #791, C-Out: 23.10 18:11:13,671| HBQ-In: 23.10 18:11:13,671| DQ-In: 23.10 18:11:14,276| C-In: 23.10 18:11:15,065|
lab29-95-<0.87.0>-T3: Msg #792, C-Out: 23.10 18:11:13,673| HBQ-In: 23.10 18:11:13,673| DQ-In: 23.10 18:11:14,276| C-In: 23.10 18:11:15,067|
lab29-75-<0.200.0>-T3: Msg #793, C-Out: 23.10 18:11:13,680| HBQ-In: 23.10 18:11:13,680| DQ-In: 23.10 18:11:14,276| C-In: 23.10 18:11:15,070|
Fehlernachricht fuer Luecke von 794 bis 794 C-In: 23.10 18:11:15,072|
lab29-100-<0.40.0>-T3: Msg #795, C-Out: 23.10 18:11:13,759| HBQ-In: 23.10 18:11:13,759| DQ-In: 23.10 18:11:14,458| C-In: 23.10 18:11:15,075|
Fehlernachricht fuer Luecke von 796 bis 796 C-In: 23.10 18:11:15,077|
lab29-89-<0.113.0>-T3: Msg #797, C-Out: 23.10 18:11:13,863| HBQ-In: 23.10 18:11:13,863| DQ-In: 23.10 18:11:14,459| C-In: 23.10 18:11:15,079|
lab29-94-<0.91.0>-T3: Msg #798, C-Out: 23.10 18:11:13,865| HBQ-In: 23.10 18:11:13,865| DQ-In: 23.10 18:11:14,459| C-In: 23.10 18:11:15,082|
lab29-84-<0.140.0>-T3: Msg #799, C-Out: 23.10 18:11:13,867| HBQ-In: 23.10 18:11:13,867| DQ-In: 23.10 18:11:14,459| C-In: 23.10 18:11:15,084|
lab29-79-<0.173.0>-T3: Msg #800, C-Out: 23.10 18:11:13,880| HBQ-In: 23.10 18:11:13,880| DQ-In: 23.10 18:11:14,459| C-In: 23.10 18:11:15,086|
lab29-74-<0.266.0>-T3: Msg #801, C-Out: 23.10 18:11:13,879| HBQ-In: 23.10 18:11:13,880| DQ-In: 23.10 18:11:14,459| C-In: 23.10 18:11:15,089|
lab29-99-<0.49.0>-T3: Msg #802, C-Out: 23.10 18:11:13,892| HBQ-In: 23.10 18:11:13,938| DQ-In: 23.10 18:11:14,459| C-In: 23.10 18:11:15,090|
Fehlernachricht fuer Luecke von 803 bis 803 C-In: 23.10 18:11:15,091|
lab29-88-<0.118.0>-T3: Msg #804, C-Out: 23.10 18:11:14,062| HBQ-In: 23.10 18:11:14,062| DQ-In: 23.10 18:11:14,465|******* C-In: 23.10 18:11:15,091|
lab29-93-<0.95.0>-T3: Msg #805, C-Out: 23.10 18:11:14,068| HBQ-In: 23.10 18:11:14,068| DQ-In: 23.10 18:11:14,466| C-In: 23.10 18:11:15,091|
lab29-83-<0.147.0>-T3: Msg #806, C-Out: 23.10 18:11:14,071| HBQ-In: 23.10 18:11:14,071| DQ-In: 23.10 18:11:14,466| C-In: 23.10 18:11:15,092|
lab29-78-<0.180.0>-T3: Msg #807, C-Out: 23.10 18:11:14,073| HBQ-In: 23.10 18:11:14,073| DQ-In: 23.10 18:11:14,466| C-In: 23.10 18:11:15,092|
lab29-73-<0.332.0>-T3: Msg #808, C-Out: 23.10 18:11:14,079| HBQ-In: 23.10 18:11:14,081| DQ-In: 23.10 18:11:14,466| C-In: 23.10 18:11:15,092|
lab29-98-<0.78.0>-T3: Msg #809, C-Out: 23.10 18:11:14,151| HBQ-In: 23.10 18:11:14,151| DQ-In: 23.10 18:11:14,466| C-In: 23.10 18:11:15,093|
lab29-92-<0.99.0>-T3: Msg #810, C-Out: 23.10 18:11:14,262| HBQ-In: 23.10 18:11:14,262| DQ-In: 23.10 18:11:14,466| C-In: 23.10 18:11:15,093|
Fehlernachricht fuer Luecke von 811 bis 811 C-In: 23.10 18:11:15,097|
lab29-87-<0.123.0>-T3: Msg #812, C-Out: 23.10 18:11:14,269| HBQ-In: 23.10 18:11:14,269| DQ-In: 23.10 18:11:14,468| C-In: 23.10 18:11:15,097|
lab29-82-<0.153.0>-T3: Msg #813, C-Out: 23.10 18:11:14,276| HBQ-In: 23.10 18:11:14,276| DQ-In: 23.10 18:11:14,468| C-In: 23.10 18:11:15,097|
lab29-77-<0.187.0>-T3: Msg #814, C-Out: 23.10 18:11:14,279| HBQ-In: 23.10 18:11:14,279| DQ-In: 23.10 18:11:14,468| C-In: 23.10 18:11:15,098|
lab29-72-<0.396.0>-T3: Msg #815, C-Out: 23.10 18:11:14,281| HBQ-In: 23.10 18:11:14,281| DQ-In: 23.10 18:11:14,468| C-In: 23.10 18:11:15,098|
lab29-97-<0.81.0>-T3: Msg #816, C-Out: 23.10 18:11:14,402| HBQ-In: 23.10 18:11:14,419| DQ-In: 23.10 18:11:14,468| C-In: 23.10 18:11:15,098|
Fehlernachricht fuer Luecke von 817 bis 817 C-In: 23.10 18:11:15,099|
lab29-91-<0.103.0>-T3: Msg #818, C-Out: 23.10 18:11:14,465| HBQ-In: 23.10 18:11:14,466| DQ-In: 23.10 18:11:14,589| C-In: 23.10 18:11:15,099|
lab29-86-<0.129.0>-T3: Msg #819, C-Out: 23.10 18:11:14,471| HBQ-In: 23.10 18:11:14,471| DQ-In: 23.10 18:11:14,589| C-In: 23.10 18:11:15,099|
lab29-81-<0.159.0>-T3: Msg #820, C-Out: 23.10 18:11:14,473| HBQ-In: 23.10 18:11:14,473| DQ-In: 23.10 18:11:14,589| C-In: 23.10 18:11:15,100|
lab29-76-<0.194.0>-T3: Msg #821, C-Out: 23.10 18:11:14,480| HBQ-In: 23.10 18:11:14,481| DQ-In: 23.10 18:11:14,589| C-In: 23.10 18:11:15,100|
lab29-71-<0.461.0>-T3: Msg #822, C-Out: 23.10 18:11:14,483| HBQ-In: 23.10 18:11:14,484| DQ-In: 23.10 18:11:14,589| C-In: 23.10 18:11:15,100|
lab29-96-<0.84.0>-T3: Msg #823, C-Out: 23.10 18:11:14,589| HBQ-In: 23.10 18:11:14,589| DQ-In: 23.10 18:11:14,589| C-In: 23.10 18:11:15,101|
lab29-90-<0.107.0>-T3: Msg #824, C-Out: 23.10 18:11:14,659| HBQ-In: 23.10 18:11:14,659| DQ-In: 23.10 18:11:14,659| C-In: 23.10 18:11:15,101|
lab29-85-<0.133.0>-T3: Msg #825, C-Out: 23.10 18:11:14,669| HBQ-In: 23.10 18:11:14,669| DQ-In: 23.10 18:11:14,669| C-In: 23.10 18:11:15,101|
lab29-80-<0.164.0>-T3: Msg #826, C-Out: 23.10 18:11:14,674| HBQ-In: 23.10 18:11:14,674| DQ-In: 23.10 18:11:14,674| C-In: 23.10 18:11:15,102|
Fehlernachricht fuer Luecke von 827 bis 827 C-In: 23.10 18:11:15,102|
lab29-75-<0.200.0>-T3: Msg #828, C-Out: 23.10 18:11:14,682| HBQ-In: 23.10 18:11:14,682| DQ-In: 23.10 18:11:14,870| C-In: 23.10 18:11:15,102|
lab29-70-<0.519.0>-T3: Msg #829, C-Out: 23.10 18:11:14,685| HBQ-In: 23.10 18:11:14,685| DQ-In: 23.10 18:11:14,870| C-In: 23.10 18:11:15,103|
lab29-100-<0.40.0>-T3: Msg #830, C-Out: 23.10 18:11:14,765| HBQ-In: 23.10 18:11:14,765| DQ-In: 23.10 18:11:14,870| C-In: 23.10 18:11:15,103|
lab29-95-<0.87.0>-T3: Msg #831, C-Out: 23.10 18:11:14,765| HBQ-In: 23.10 18:11:14,765| DQ-In: 23.10 18:11:14,870| C-In: 23.10 18:11:15,103|
lab29-89-<0.113.0>-T3: Msg #832, C-Out: 23.10 18:11:14,864| HBQ-In: 23.10 18:11:14,864| DQ-In: 23.10 18:11:14,870| C-In: 23.10 18:11:15,103|
Fehlernachricht fuer Luecke von 833 bis 833 C-In: 23.10 18:11:15,104|
lab29-84-<0.140.0>-T3: Msg #834, C-Out: 23.10 18:11:14,870| HBQ-In: 23.10 18:11:14,870| DQ-In: 23.10 18:11:14,991| C-In: 23.10 18:11:15,104|
lab29-74-<0.266.0>-T3: Msg #835, C-Out: 23.10 18:11:14,881| HBQ-In: 23.10 18:11:14,881| DQ-In: 23.10 18:11:14,991| C-In: 23.10 18:11:15,107|
lab29-79-<0.173.0>-T3: Msg #836, C-Out: 23.10 18:11:14,881| HBQ-In: 23.10 18:11:14,881| DQ-In: 23.10 18:11:14,991| C-In: 23.10 18:11:15,110|
lab29-69-<0.583.0>-T3: Msg #837, C-Out: 23.10 18:11:14,886| HBQ-In: 23.10 18:11:14,886| DQ-In: 23.10 18:11:14,991| C-In: 23.10 18:11:15,110|
lab29-99-<0.49.0>-T3: Msg #838, C-Out: 23.10 18:11:14,939| HBQ-In: 23.10 18:11:14,939| DQ-In: 23.10 18:11:14,991| C-In: 23.10 18:11:15,110|
lab29-94-<0.91.0>-T3: Msg #839, C-Out: 23.10 18:11:14,991| HBQ-In: 23.10 18:11:14,991| DQ-In: 23.10 18:11:14,991| C-In: 23.10 18:11:15,111|
lab29-88-<0.118.0>-T3: Msg #840, C-Out: 23.10 18:11:15,063| HBQ-In: 23.10 18:11:15,063| DQ-In: 23.10 18:11:15,063|******* C-In: 23.10 18:11:15,114|
ReceiveMsgs done
lab29-88-<0.118.0>-T3: Msg #914, C-Out: 23.10 18:11:16,118| gesendet
lab29-88-<0.118.0>-T3: Msg #962, C-Out: 23.10 18:11:17,119| gesendet
lab29-88-<0.118.0>-T3: Msg #1020, C-Out: 23.10 18:11:18,120| gesendet
lab29-88-<0.118.0>-T3: Msg #1079, C-Out: 23.10 18:11:19,121| gesendet
lab29-88-<0.118.0>-T3: Msg #1169, C-Out: 23.10 18:11:20,122| gesendet
Neues Intervall: 1.5 Sekunden
Msg #1237 um 23.10 18:11:20,127| vergessen zu senden
lab29-82-<0.153.0>-T3: Msg #1090, C-Out: 23.10 18:11:19,315| HBQ-In: 23.10 18:11:19,316| DQ-In: 23.10 18:11:19,316| C-In: 23.10 18:11:20,127|
lab29-72-<0.396.0>-T3: Msg #1091, C-Out: 23.10 18:11:19,325| HBQ-In: 23.10 18:11:19,326| DQ-In: 23.10 18:11:19,326| C-In: 23.10 18:11:20,127|
lab29-92-<0.99.0>-T3: Msg #1092, C-Out: 23.10 18:11:19,335| HBQ-In: 23.10 18:11:19,336| DQ-In: 23.10 18:11:19,336| C-In: 23.10 18:11:20,128|
lab29-77-<0.187.0>-T3: Msg #1093, C-Out: 23.10 18:11:19,378| HBQ-In: 23.10 18:11:19,378| DQ-In: 23.10 18:11:19,378| C-In: 23.10 18:11:20,128|
Fehlernachricht fuer Luecke von 1094 bis 1094 C-In: 23.10 18:11:20,129|
lab29-66-<0.743.0>-T3: Msg #1095, C-Out: 23.10 18:11:19,495| HBQ-In: 23.10 18:11:19,495| DQ-In: 23.10 18:11:19,512| C-In: 23.10 18:11:20,129|
Fehlernachricht fuer Luecke von 1096 bis 1097 C-In: 23.10 18:11:20,129|
1-client@lab23: 1098. Nachricht--Gruppe:1-Team:5-Sendezeit:18:11:18 HBQ-In: 23.10 18:11:18,502| DQ-In: 23.10 18:11:19,561| C-In: 23.10 18:11:20,130|
lab29-61-<0.1100.0>-T3: Msg #1099, C-Out: 23.10 18:11:19,503| HBQ-In: 23.10 18:11:19,503| DQ-In: 23.10 18:11:19,561| C-In: 23.10 18:11:20,130|
3-client@lab23: 1100. Nachricht--Gruppe:1-Team:5-Sendezeit:18:11:18 HBQ-In: 23.10 18:11:18,505| DQ-In: 23.10 18:11:19,561| C-In: 23.10 18:11:20,130|
1-client@lab23: 1101. Nachricht--Gruppe:1-Team:5-Sendezeit:18:11:18 HBQ-In: 23.10 18:11:18,508| DQ-In: 23.10 18:11:19,561| C-In: 23.10 18:11:20,130|
4-client@lab23: 1102. Nachricht--Gruppe:1-Team:5-Sendezeit:18:11:18 HBQ-In: 23.10 18:11:18,508| DQ-In: 23.10 18:11:19,561| C-In: 23.10 18:11:20,131|
2-client@lab23: 1103. Nachricht--Gruppe:1-Team:5-Sendezeit:18:11:18 HBQ-In: 23.10 18:11:18,508| DQ-In: 23.10 18:11:19,561| C-In: 23.10 18:11:20,133|
5-client@lab23: 1104. Nachricht--Gruppe:1-Team:5-Sendezeit:18:11:18 HBQ-In: 23.10 18:11:18,508| DQ-In: 23.10 18:11:19,561| C-In: 23.10 18:11:20,134|
lab29-56-<0.1439.0>-T3: Msg #1105, C-Out: 23.10 18:11:19,506| HBQ-In: 23.10 18:11:19,506| DQ-In: 23.10 18:11:19,561| C-In: 23.10 18:11:20,134|
3-client@lab23: 1106. Nachricht--Gruppe:1-Team:5-Sendezeit:18:11:18 HBQ-In: 23.10 18:11:18,512| DQ-In: 23.10 18:11:19,561| C-In: 23.10 18:11:20,134|
1-client@lab23: 1107. Nachricht--Gruppe:1-Team:5-Sendezeit:18:11:18 HBQ-In: 23.10 18:11:18,512| DQ-In: 23.10 18:11:19,561| C-In: 23.10 18:11:20,135|
4-client@lab23: 1108. Nachricht--Gruppe:1-Team:5-Sendezeit:18:11:18 HBQ-In: 23.10 18:11:18,513| DQ-In: 23.10 18:11:19,561| C-In: 23.10 18:11:20,135|
2-client@lab23: 1109. Nachricht--Gruppe:1-Team:5-Sendezeit:18:11:18 HBQ-In: 23.10 18:11:18,513| DQ-In: 23.10 18:11:19,562| C-In: 23.10 18:11:20,136|
5-client@lab23: 1110. Nachricht--Gruppe:1-Team:5-Sendezeit:18:11:18 HBQ-In: 23.10 18:11:18,513| DQ-In: 23.10 18:11:19,562| C-In: 23.10 18:11:20,136|
lab29-51-<0.1789.0>-T3: Msg #1111, C-Out: 23.10 18:11:19,509| HBQ-In: 23.10 18:11:19,511| DQ-In: 23.10 18:11:19,562| C-In: 23.10 18:11:20,136|
lab29-81-<0.159.0>-T3: Msg #1112, C-Out: 23.10 18:11:19,511| HBQ-In: 23.10 18:11:19,511| DQ-In: 23.10 18:11:19,562| C-In: 23.10 18:11:20,136|
lab29-46-<0.2213.0>-T3: Msg #1113, C-Out: 23.10 18:11:19,512| HBQ-In: 23.10 18:11:19,512| DQ-In: 23.10 18:11:19,562| C-In: 23.10 18:11:20,137|
1-client@lab23: 1114. Nachricht--Gruppe:1-Team:5-Sendezeit:18:11:18 HBQ-In: 23.10 18:11:18,517| DQ-In: 23.10 18:11:19,562| C-In: 23.10 18:11:20,137|
3-client@lab23: 1115. Nachricht--Gruppe:1-Team:5-Sendezeit:18:11:18 HBQ-In: 23.10 18:11:18,518| DQ-In: 23.10 18:11:19,562| C-In: 23.10 18:11:20,137|
2-client@lab23: 1116. Nachricht--Gruppe:1-Team:5-Sendezeit:18:11:18 HBQ-In: 23.10 18:11:18,517| DQ-In: 23.10 18:11:19,562| C-In: 23.10 18:11:20,138|
5-client@lab23: 1117. Nachricht--Gruppe:1-Team:5-Sendezeit:18:11:18 HBQ-In: 23.10 18:11:18,518| DQ-In: 23.10 18:11:19,562| C-In: 23.10 18:11:20,140|
4-client@lab23: 1118. Nachricht--Gruppe:1-Team:5-Sendezeit:18:11:18 HBQ-In: 23.10 18:11:18,518| DQ-In: 23.10 18:11:19,562| C-In: 23.10 18:11:20,141|
Fehlernachricht fuer Luecke von 1119 bis 1119 C-In: 23.10 18:11:20,141|
2-client@lab23: 1120. Nachricht--Gruppe:1-Team:5-Sendezeit:18:11:18 HBQ-In: 23.10 18:11:18,522| DQ-In: 23.10 18:11:19,929| C-In: 23.10 18:11:20,142|
3-client@lab23: 1121. Nachricht--Gruppe:1-Team:5-Sendezeit:18:11:18 HBQ-In: 23.10 18:11:18,523| DQ-In: 23.10 18:11:19,929| C-In: 23.10 18:11:20,142|
5-client@lab23: 1122. Nachricht--Gruppe:1-Team:5-Sendezeit:18:11:18 HBQ-In: 23.10 18:11:18,523| DQ-In: 23.10 18:11:19,929| C-In: 23.10 18:11:20,145|
4-client@lab23: 1123. Nachricht--Gruppe:1-Team:5-Sendezeit:18:11:18 HBQ-In: 23.10 18:11:18,523| DQ-In: 23.10 18:11:19,929| C-In: 23.10 18:11:20,145|
Fehlernachricht fuer Luecke von 1124 bis 1127 C-In: 23.10 18:11:20,145|
lab29-91-<0.103.0>-T3: Msg #1128, C-Out: 23.10 18:11:19,561| HBQ-In: 23.10 18:11:19,561| DQ-In: 23.10 18:11:20,103| C-In: 23.10 18:11:20,146|
lab29-86-<0.129.0>-T3: Msg #1129, C-Out: 23.10 18:11:19,565| HBQ-In: 23.10 18:11:19,566| DQ-In: 23.10 18:11:20,103| C-In: 23.10 18:11:20,146|
lab29-76-<0.194.0>-T3: Msg #1130, C-Out: 23.10 18:11:19,583| HBQ-In: 23.10 18:11:19,583| DQ-In: 23.10 18:11:20,103| C-In: 23.10 18:11:20,146|
Fehlernachricht fuer Luecke von 1131 bis 1131 C-In: 23.10 18:11:20,146|
lab29-71-<0.461.0>-T3: Msg #1132, C-Out: 23.10 18:11:19,604| HBQ-In: 23.10 18:11:19,606| DQ-In: 23.10 18:11:20,117| C-In: 23.10 18:11:20,147|
Fehlernachricht fuer Luecke von 1133 bis 1133 C-In: 23.10 18:11:20,147|
lab29-65-<0.819.0>-T3: Msg #1134, C-Out: 23.10 18:11:19,694| HBQ-In: 23.10 18:11:19,694| DQ-In: 23.10 18:11:20,118| C-In: 23.10 18:11:20,150|
Fehlernachricht fuer Luecke von 1135 bis 1135 C-In: 23.10 18:11:20,152|
lab29-60-<0.1170.0>-T3: Msg #1136, C-Out: 23.10 18:11:19,705| HBQ-In: 23.10 18:11:19,706| DQ-In: 23.10 18:11:20,121| C-In: 23.10 18:11:20,155|
lab29-85-<0.133.0>-T3: Msg #1137, C-Out: 23.10 18:11:19,705| HBQ-In: 23.10 18:11:19,706| DQ-In: 23.10 18:11:20,121| C-In: 23.10 18:11:20,155|
lab29-50-<0.1864.0>-T3: Msg #1138, C-Out: 23.10 18:11:19,707| HBQ-In: 23.10 18:11:19,707| DQ-In: 23.10 18:11:20,121| C-In: 23.10 18:11:20,156|
lab29-55-<0.1513.0>-T3: Msg #1139, C-Out: 23.10 18:11:19,707| HBQ-In: 23.10 18:11:19,707| DQ-In: 23.10 18:11:20,121| C-In: 23.10 18:11:20,156|
lab29-45-<0.2293.0>-T3: Msg #1140, C-Out: 23.10 18:11:19,712| HBQ-In: 23.10 18:11:19,712| DQ-In: 23.10 18:11:20,121| C-In: 23.10 18:11:20,156|
lab29-70-<0.519.0>-T3: Msg #1141, C-Out: 23.10 18:11:19,713| HBQ-In: 23.10 18:11:19,713| DQ-In: 23.10 18:11:20,121| C-In: 23.10 18:11:20,157|
lab29-80-<0.164.0>-T3: Msg #1142, C-Out: 23.10 18:11:19,760| HBQ-In: 23.10 18:11:19,760| DQ-In: 23.10 18:11:20,121| C-In: 23.10 18:11:20,157|
lab29-90-<0.107.0>-T3: Msg #1143, C-Out: 23.10 18:11:19,760| HBQ-In: 23.10 18:11:19,760| DQ-In: 23.10 18:11:20,121| C-In: 23.10 18:11:20,157|
ReceiveMsgs done
lab29-88-<0.118.0>-T3: Msg #1242, C-Out: 23.10 18:11:21,659| gesendet
lab29-88-<0.118.0>-T3: Msg #1351, C-Out: 23.10 18:11:23,162| gesendet
lab29-88-<0.118.0>-T3: Msg #1500, C-Out: 23.10 18:11:24,665| gesendet
lab29-88-<0.118.0>-T3: Msg #1624, C-Out: 23.10 18:11:26,167| gesendet
lab29-88-<0.118.0>-T3: Msg #1764, C-Out: 23.10 18:11:27,668| gesendet
Neues Intervall: 2.25 Sekunden
Msg #1928 um 23.10 18:11:27,669| vergessen zu senden
Fehlernachricht fuer Luecke von 1737 bis 1737 C-In: 23.10 18:11:27,670|
lab29-19-<0.4442.0>-T3: Msg #1738, C-Out: 23.10 18:11:26,949| HBQ-In: 23.10 18:11:26,950| DQ-In: 23.10 18:11:26,969| C-In: 23.10 18:11:27,670|
lab29-14-<0.4846.0>-T3: Msg #1739, C-Out: 23.10 18:11:26,951| HBQ-In: 23.10 18:11:26,952| DQ-In: 23.10 18:11:26,969| C-In: 23.10 18:11:27,672|
lab29-9-<0.5191.0>-T3: Msg #1740, C-Out: 23.10 18:11:26,957| HBQ-In: 23.10 18:11:26,957| DQ-In: 23.10 18:11:26,969| C-In: 23.10 18:11:27,672|
lab29-39-<0.2795.0>-T3: Msg #1741, C-Out: 23.10 18:11:26,962| HBQ-In: 23.10 18:11:26,963| DQ-In: 23.10 18:11:26,969| C-In: 23.10 18:11:27,673|
lab29-49-<0.1950.0>-T3: Msg #1742, C-Out: 23.10 18:11:26,962| HBQ-In: 23.10 18:11:26,963| DQ-In: 23.10 18:11:26,969| C-In: 23.10 18:11:27,675|
lab29-44-<0.2376.0>-T3: Msg #1743, C-Out: 23.10 18:11:26,969| HBQ-In: 23.10 18:11:26,969| DQ-In: 23.10 18:11:26,969| C-In: 23.10 18:11:27,675|
lab29-54-<0.1586.0>-T3: Msg #1744, C-Out: 23.10 18:11:26,972| HBQ-In: 23.10 18:11:26,972| DQ-In: 23.10 18:11:26,972| C-In: 23.10 18:11:27,675|
lab29-34-<0.3220.0>-T3: Msg #1745, C-Out: 23.10 18:11:26,977| HBQ-In: 23.10 18:11:26,977| DQ-In: 23.10 18:11:26,977| C-In: 23.10 18:11:27,676|
Fehlernachricht fuer Luecke von 1746 bis 1753 C-In: 23.10 18:11:27,676|
lab29-28-<0.3729.0>-T3: Msg #1754, C-Out: 23.10 18:11:27,142| HBQ-In: 23.10 18:11:27,142| DQ-In: 23.10 18:11:27,159| C-In: 23.10 18:11:27,676|
lab29-23-<0.4130.0>-T3: Msg #1755, C-Out: 23.10 18:11:27,148| HBQ-In: 23.10 18:11:27,148| DQ-In: 23.10 18:11:27,159| C-In: 23.10 18:11:27,677|
lab29-18-<0.4519.0>-T3: Msg #1756, C-Out: 23.10 18:11:27,151| HBQ-In: 23.10 18:11:27,152| DQ-In: 23.10 18:11:27,159| C-In: 23.10 18:11:27,677|
lab29-53-<0.1650.0>-T3: Msg #1757, C-Out: 23.10 18:11:27,151| HBQ-In: 23.10 18:11:27,152| DQ-In: 23.10 18:11:27,159| C-In: 23.10 18:11:27,677|
lab29-13-<0.4921.0>-T3: Msg #1758, C-Out: 23.10 18:11:27,156| HBQ-In: 23.10 18:11:27,157| DQ-In: 23.10 18:11:27,159| C-In: 23.10 18:11:27,678|
lab29-8-<0.5273.0>-T3: Msg #1759, C-Out: 23.10 18:11:27,158| HBQ-In: 23.10 18:11:27,159| DQ-In: 23.10 18:11:27,159| C-In: 23.10 18:11:27,680|
lab29-48-<0.2035.0>-T3: Msg #1760, C-Out: 23.10 18:11:27,161| HBQ-In: 23.10 18:11:27,162| DQ-In: 23.10 18:11:27,162| C-In: 23.10 18:11:27,683|
Fehlernachricht fuer Luecke von 1761 bis 1762 C-In: 23.10 18:11:27,683|
lab29-38-<0.2880.0>-T3: Msg #1763, C-Out: 23.10 18:11:27,162| HBQ-In: 23.10 18:11:27,162| DQ-In: 23.10 18:11:27,350| C-In: 23.10 18:11:27,684|
Fehlernachricht fuer Luecke von 1764 bis 1764******* C-In: 23.10 18:11:27,684|
lab29-43-<0.2458.0>-T3: Msg #1765, C-Out: 23.10 18:11:27,179| HBQ-In: 23.10 18:11:27,179| DQ-In: 23.10 18:11:27,353| C-In: 23.10 18:11:27,684|
Fehlernachricht fuer Luecke von 1766 bis 1766 C-In: 23.10 18:11:27,685|
lab29-33-<0.3306.0>-T3: Msg #1767, C-Out: 23.10 18:11:27,180| HBQ-In: 23.10 18:11:27,180| DQ-In: 23.10 18:11:27,359| C-In: 23.10 18:11:27,685|
Fehlernachricht fuer Luecke von 1768 bis 1772 C-In: 23.10 18:11:27,688|
lab29-22-<0.4210.0>-T3: Msg #1773, C-Out: 23.10 18:11:27,345| HBQ-In: 23.10 18:11:27,346| DQ-In: 23.10 18:11:27,373| C-In: 23.10 18:11:27,688|
lab29-27-<0.3815.0>-T3: Msg #1774, C-Out: 23.10 18:11:27,345| HBQ-In: 23.10 18:11:27,346| DQ-In: 23.10 18:11:27,373| C-In: 23.10 18:11:27,690|
lab29-17-<0.4601.0>-T3: Msg #1775, C-Out: 23.10 18:11:27,350| HBQ-In: 23.10 18:11:27,350| DQ-In: 23.10 18:11:27,373| C-In: 23.10 18:11:27,693|
lab29-12-<0.4991.0>-T3: Msg #1776, C-Out: 23.10 18:11:27,353| HBQ-In: 23.10 18:11:27,353| DQ-In: 23.10 18:11:27,373| C-In: 23.10 18:11:27,693|
lab29-7-<0.5358.0>-T3: Msg #1777, C-Out: 23.10 18:11:27,359| HBQ-In: 23.10 18:11:27,359| DQ-In: 23.10 18:11:27,373| C-In: 23.10 18:11:27,695|
Fehlernachricht fuer Luecke von 1778 bis 1778 C-In: 23.10 18:11:27,695|
lab29-32-<0.3394.0>-T3: Msg #1779, C-Out: 23.10 18:11:27,373| HBQ-In: 23.10 18:11:27,373| DQ-In: 23.10 18:11:27,546| C-In: 23.10 18:11:27,697|
Fehlernachricht fuer Luecke von 1780 bis 1780 C-In: 23.10 18:11:27,698|
lab29-47-<0.2127.0>-T3: Msg #1781, C-Out: 23.10 18:11:27,380| HBQ-In: 23.10 18:11:27,380| DQ-In: 23.10 18:11:27,554| C-In: 23.10 18:11:27,700|
lab29-42-<0.2545.0>-T3: Msg #1782, C-Out: 23.10 18:11:27,380| HBQ-In: 23.10 18:11:27,380| DQ-In: 23.10 18:11:27,554| C-In: 23.10 18:11:27,700|
Fehlernachricht fuer Luecke von 1783 bis 1783 C-In: 23.10 18:11:27,703|
lab29-52-<0.1713.0>-T3: Msg #1784, C-Out: 23.10 18:11:27,386| HBQ-In: 23.10 18:11:27,386| DQ-In: 23.10 18:11:27,556| C-In: 23.10 18:11:27,703|
Fehlernachricht fuer Luecke von 1785 bis 1785 C-In: 23.10 18:11:27,705|
lab29-37-<0.2967.0>-T3: Msg #1786, C-Out: 23.10 18:11:27,388| HBQ-In: 23.10 18:11:27,391| DQ-In: 23.10 18:11:27,557| C-In: 23.10 18:11:27,707|
Fehlernachricht fuer Luecke von 1787 bis 1790 C-In: 23.10 18:11:27,708|
lab29-26-<0.3898.0>-T3: Msg #1791, C-Out: 23.10 18:11:27,545| HBQ-In: 23.10 18:11:27,546| DQ-In: 23.10 18:11:27,564| C-In: 23.10 18:11:27,708|
Fehlernachricht fuer Luecke von 1792 bis 1792 C-In: 23.10 18:11:27,709|
lab29-21-<0.4291.0>-T3: Msg #1793, C-Out: 23.10 18:11:27,552| HBQ-In: 23.10 18:11:27,554| DQ-In: 23.10 18:11:27,572| C-In: 23.10 18:11:27,709|
Fehlernachricht fuer Luecke von 1794 bis 1794 C-In: 23.10 18:11:27,709|
lab29-16-<0.4681.0>-T3: Msg #1795, C-Out: 23.10 18:11:27,552| HBQ-In: 23.10 18:11:27,554| DQ-In: 23.10 18:11:27,577| C-In: 23.10 18:11:27,710|
lab29-11-<0.5067.0>-T3: Msg #1796, C-Out: 23.10 18:11:27,556| HBQ-In: 23.10 18:11:27,556| DQ-In: 23.10 18:11:27,577| C-In: 23.10 18:11:27,710|
lab29-46-<0.2213.0>-T3: Msg #1797, C-Out: 23.10 18:11:27,556| HBQ-In: 23.10 18:11:27,557| DQ-In: 23.10 18:11:27,577| C-In: 23.10 18:11:27,711|
lab29-6-<0.5440.0>-T3: Msg #1798, C-Out: 23.10 18:11:27,563| HBQ-In: 23.10 18:11:27,564| DQ-In: 23.10 18:11:27,577| C-In: 23.10 18:11:27,711|
lab29-31-<0.3480.0>-T3: Msg #1799, C-Out: 23.10 18:11:27,572| HBQ-In: 23.10 18:11:27,572| DQ-In: 23.10 18:11:27,578| C-In: 23.10 18:11:27,713|
lab29-51-<0.1789.0>-T3: Msg #1800, C-Out: 23.10 18:11:27,576| HBQ-In: 23.10 18:11:27,577| DQ-In: 23.10 18:11:27,578| C-In: 23.10 18:11:27,713|
lab29-36-<0.3048.0>-T3: Msg #1801, C-Out: 23.10 18:11:27,581| HBQ-In: 23.10 18:11:27,581| DQ-In: 23.10 18:11:27,581| C-In: 23.10 18:11:27,716|
ReceiveMsgs done
lab29-88-<0.118.0>-T3: Msg #1931, C-Out: 23.10 18:11:29,967| gesendet
lab29-88-<0.118.0>-T3: Msg #2143, C-Out: 23.10 18:11:32,221| gesendet
lab29-88-<0.118.0>-T3: Msg #2361, C-Out: 23.10 18:11:34,472| gesendet
lab29-88-<0.118.0>-T3: Msg #2536, C-Out: 23.10 18:11:36,724| gesendet
lab29-88-<0.118.0>-T3: Msg #2714, C-Out: 23.10 18:11:38,975| gesendet
Neues Intervall: 3.375 Sekunden
