lab29-38-<0.2880.0>-T3 C-Start: 23.10 18:11:20,122|
lab29-38-<0.2880.0>-T3: Msg #1236, C-Out: 23.10 18:11:21,128| gesendet
lab29-38-<0.2880.0>-T3: Msg #1315, C-Out: 23.10 18:11:22,131| gesendet
lab29-38-<0.2880.0>-T3: Msg #1388, C-Out: 23.10 18:11:23,132| gesendet
lab29-38-<0.2880.0>-T3: Msg #1489, C-Out: 23.10 18:11:24,134| gesendet
lab29-38-<0.2880.0>-T3: Msg #1570, C-Out: 23.10 18:11:25,135| gesendet
Neues Intervall: 1 Sekunden
Msg #1659 um 23.10 18:11:25,135| vergessen zu senden
lab29-29-<0.3641.0>-T3: Msg #1477, C-Out: 23.10 18:11:23,938| HBQ-In: 23.10 18:11:23,940| DQ-In: 23.10 18:11:24,382| C-In: 23.10 18:11:25,136|
lab29-24-<0.4051.0>-T3: Msg #1478, C-Out: 23.10 18:11:23,940| HBQ-In: 23.10 18:11:23,940| DQ-In: 23.10 18:11:24,382| C-In: 23.10 18:11:25,136|
lab29-59-<0.1234.0>-T3: Msg #1479, C-Out: 23.10 18:11:23,945| HBQ-In: 23.10 18:11:23,945| DQ-In: 23.10 18:11:24,382| C-In: 23.10 18:11:25,137|
lab29-49-<0.1950.0>-T3: Msg #1480, C-Out: 23.10 18:11:23,958| HBQ-In: 23.10 18:11:23,959| DQ-In: 23.10 18:11:24,382| C-In: 23.10 18:11:25,137|
lab29-54-<0.1586.0>-T3: Msg #1481, C-Out: 23.10 18:11:23,965| HBQ-In: 23.10 18:11:23,965| DQ-In: 23.10 18:11:24,382| C-In: 23.10 18:11:25,137|
Fehlernachricht fuer Luecke von 1482 bis 1482 C-In: 23.10 18:11:25,138|
lab29-97-<0.81.0>-T3: Msg #1483, C-Out: 23.10 18:11:24,507| HBQ-In: 23.10 18:11:24,507| DQ-In: 23.10 18:11:24,540| C-In: 23.10 18:11:25,138|
lab29-74-<0.266.0>-T3: Msg #1484, C-Out: 23.10 18:11:24,510| HBQ-In: 23.10 18:11:24,510| DQ-In: 23.10 18:11:24,540| C-In: 23.10 18:11:25,138|
Fehlernachricht fuer Luecke von 1485 bis 1485 C-In: 23.10 18:11:25,139|
lab29-43-<0.2458.0>-T3: Msg #1486, C-Out: 23.10 18:11:24,126| HBQ-In: 23.10 18:11:24,126| DQ-In: 23.10 18:11:24,548| C-In: 23.10 18:11:25,139|
Fehlernachricht fuer Luecke von 1487 bis 1487 C-In: 23.10 18:11:25,139|
lab29-33-<0.3306.0>-T3: Msg #1488, C-Out: 23.10 18:11:24,132| HBQ-In: 23.10 18:11:24,133| DQ-In: 23.10 18:11:24,548| C-In: 23.10 18:11:25,140|
lab29-38-<0.2880.0>-T3: Msg #1489, C-Out: 23.10 18:11:24,134| HBQ-In: 23.10 18:11:24,134| DQ-In: 23.10 18:11:24,548|******* C-In: 23.10 18:11:25,140|
Fehlernachricht fuer Luecke von 1490 bis 1491 C-In: 23.10 18:11:25,140|
lab29-28-<0.3729.0>-T3: Msg #1492, C-Out: 23.10 18:11:24,136| HBQ-In: 23.10 18:11:24,136| DQ-In: 23.10 18:11:24,569| C-In: 23.10 18:11:25,141|
lab29-68-<0.633.0>-T3: Msg #1493, C-Out: 23.10 18:11:24,138| HBQ-In: 23.10 18:11:24,138| DQ-In: 23.10 18:11:24,569| C-In: 23.10 18:11:25,141|
lab29-23-<0.4130.0>-T3: Msg #1494, C-Out: 23.10 18:11:24,141| HBQ-In: 23.10 18:11:24,141| DQ-In: 23.10 18:11:24,569| C-In: 23.10 18:11:25,141|
lab29-53-<0.1650.0>-T3: Msg #1495, C-Out: 23.10 18:11:24,146| HBQ-In: 23.10 18:11:24,148| DQ-In: 23.10 18:11:24,569| C-In: 23.10 18:11:25,142|
lab29-63-<0.983.0>-T3: Msg #1496, C-Out: 23.10 18:11:24,152| HBQ-In: 23.10 18:11:24,152| DQ-In: 23.10 18:11:24,569| C-In: 23.10 18:11:25,142|
lab29-58-<0.1296.0>-T3: Msg #1497, C-Out: 23.10 18:11:24,155| HBQ-In: 23.10 18:11:24,155| DQ-In: 23.10 18:11:24,569| C-In: 23.10 18:11:25,142|
lab29-48-<0.2035.0>-T3: Msg #1498, C-Out: 23.10 18:11:24,157| HBQ-In: 23.10 18:11:24,157| DQ-In: 23.10 18:11:24,569| C-In: 23.10 18:11:25,143|
lab29-73-<0.332.0>-T3: Msg #1499, C-Out: 23.10 18:11:24,658| HBQ-In: 23.10 18:11:24,659| DQ-In: 23.10 18:11:24,659| C-In: 23.10 18:11:25,143|
lab29-88-<0.118.0>-T3: Msg #1500, C-Out: 23.10 18:11:24,665| HBQ-In: 23.10 18:11:24,666| DQ-In: 23.10 18:11:24,666| C-In: 23.10 18:11:25,143|
Fehlernachricht fuer Luecke von 1501 bis 1502 C-In: 23.10 18:11:25,143|
lab29-37-<0.2967.0>-T3: Msg #1503, C-Out: 23.10 18:11:24,331| HBQ-In: 23.10 18:11:24,331| DQ-In: 23.10 18:11:24,746| C-In: 23.10 18:11:25,144|
lab29-42-<0.2545.0>-T3: Msg #1504, C-Out: 23.10 18:11:24,331| HBQ-In: 23.10 18:11:24,331| DQ-In: 23.10 18:11:24,746| C-In: 23.10 18:11:25,144|
lab29-32-<0.3394.0>-T3: Msg #1505, C-Out: 23.10 18:11:24,331| HBQ-In: 23.10 18:11:24,331| DQ-In: 23.10 18:11:24,746| C-In: 23.10 18:11:25,144|
Fehlernachricht fuer Luecke von 1506 bis 1507 C-In: 23.10 18:11:25,145|
lab29-27-<0.3815.0>-T3: Msg #1508, C-Out: 23.10 18:11:24,340| HBQ-In: 23.10 18:11:24,340| DQ-In: 23.10 18:11:24,770| C-In: 23.10 18:11:25,145|
lab29-22-<0.4210.0>-T3: Msg #1509, C-Out: 23.10 18:11:24,341| HBQ-In: 23.10 18:11:24,342| DQ-In: 23.10 18:11:24,770| C-In: 23.10 18:11:25,145|
lab29-67-<0.708.0>-T3: Msg #1510, C-Out: 23.10 18:11:24,346| HBQ-In: 23.10 18:11:24,346| DQ-In: 23.10 18:11:24,770| C-In: 23.10 18:11:25,146|
lab29-62-<0.1043.0>-T3: Msg #1511, C-Out: 23.10 18:11:24,356| HBQ-In: 23.10 18:11:24,357| DQ-In: 23.10 18:11:24,770| C-In: 23.10 18:11:25,146|
lab29-47-<0.2127.0>-T3: Msg #1512, C-Out: 23.10 18:11:24,366| HBQ-In: 23.10 18:11:24,366| DQ-In: 23.10 18:11:24,770| C-In: 23.10 18:11:25,146|
lab29-87-<0.123.0>-T3: Msg #1513, C-Out: 23.10 18:11:24,868| HBQ-In: 23.10 18:11:24,869| DQ-In: 23.10 18:11:24,869| C-In: 23.10 18:11:25,147|
lab29-52-<0.1713.0>-T3: Msg #1514, C-Out: 23.10 18:11:24,380| HBQ-In: 23.10 18:11:24,380| DQ-In: 23.10 18:11:24,869| C-In: 23.10 18:11:25,147|
lab29-72-<0.396.0>-T3: Msg #1515, C-Out: 23.10 18:11:24,882| HBQ-In: 23.10 18:11:24,882| DQ-In: 23.10 18:11:24,882| C-In: 23.10 18:11:25,147|
lab29-57-<0.1365.0>-T3: Msg #1516, C-Out: 23.10 18:11:24,382| HBQ-In: 23.10 18:11:24,382| DQ-In: 23.10 18:11:24,882| C-In: 23.10 18:11:25,148|
Fehlernachricht fuer Luecke von 1517 bis 1518 C-In: 23.10 18:11:25,148|
lab29-41-<0.2632.0>-T3: Msg #1519, C-Out: 23.10 18:11:24,531| HBQ-In: 23.10 18:11:24,532| DQ-In: 23.10 18:11:24,946| C-In: 23.10 18:11:25,148|
lab29-36-<0.3048.0>-T3: Msg #1520, C-Out: 23.10 18:11:24,531| HBQ-In: 23.10 18:11:24,532| DQ-In: 23.10 18:11:24,946| C-In: 23.10 18:11:25,149|
lab29-31-<0.3480.0>-T3: Msg #1521, C-Out: 23.10 18:11:24,532| HBQ-In: 23.10 18:11:24,532| DQ-In: 23.10 18:11:24,946| C-In: 23.10 18:11:25,149|
lab29-26-<0.3898.0>-T3: Msg #1522, C-Out: 23.10 18:11:24,538| HBQ-In: 23.10 18:11:24,540| DQ-In: 23.10 18:11:24,946| C-In: 23.10 18:11:25,150|
Fehlernachricht fuer Luecke von 1523 bis 1523 C-In: 23.10 18:11:25,150|
lab29-66-<0.743.0>-T3: Msg #1524, C-Out: 23.10 18:11:24,548| HBQ-In: 23.10 18:11:24,548| DQ-In: 23.10 18:11:24,966| C-In: 23.10 18:11:25,151|
lab29-21-<0.4291.0>-T3: Msg #1525, C-Out: 23.10 18:11:24,547| HBQ-In: 23.10 18:11:24,548| DQ-In: 23.10 18:11:24,966| C-In: 23.10 18:11:25,151|
lab29-56-<0.1439.0>-T3: Msg #1526, C-Out: 23.10 18:11:24,547| HBQ-In: 23.10 18:11:24,548| DQ-In: 23.10 18:11:24,966| C-In: 23.10 18:11:25,151|
lab29-46-<0.2213.0>-T3: Msg #1527, C-Out: 23.10 18:11:24,551| HBQ-In: 23.10 18:11:24,551| DQ-In: 23.10 18:11:24,966| C-In: 23.10 18:11:25,152|
lab29-51-<0.1789.0>-T3: Msg #1528, C-Out: 23.10 18:11:24,568| HBQ-In: 23.10 18:11:24,569| DQ-In: 23.10 18:11:24,966| C-In: 23.10 18:11:25,152|
lab29-61-<0.1100.0>-T3: Msg #1529, C-Out: 23.10 18:11:24,574| HBQ-In: 23.10 18:11:24,575| DQ-In: 23.10 18:11:24,966| C-In: 23.10 18:11:25,152|
lab29-86-<0.129.0>-T3: Msg #1530, C-Out: 23.10 18:11:25,112| HBQ-In: 23.10 18:11:25,112| DQ-In: 23.10 18:11:25,112| C-In: 23.10 18:11:25,153|
Fehlernachricht fuer Luecke von 1531 bis 1536 C-In: 23.10 18:11:25,158|
lab29-40-<0.2707.0>-T3: Msg #1537, C-Out: 23.10 18:11:24,726| HBQ-In: 23.10 18:11:24,726| DQ-In: 23.10 18:11:25,149| C-In: 23.10 18:11:25,159|
lab29-35-<0.3134.0>-T3: Msg #1538, C-Out: 23.10 18:11:24,729| HBQ-In: 23.10 18:11:24,729| DQ-In: 23.10 18:11:25,149| C-In: 23.10 18:11:25,159|
lab29-65-<0.819.0>-T3: Msg #1539, C-Out: 23.10 18:11:24,729| HBQ-In: 23.10 18:11:24,729| DQ-In: 23.10 18:11:25,149| C-In: 23.10 18:11:25,159|
lab29-30-<0.3559.0>-T3: Msg #1540, C-Out: 23.10 18:11:24,741| HBQ-In: 23.10 18:11:24,741| DQ-In: 23.10 18:11:25,149| C-In: 23.10 18:11:25,159|
ReceiveMsgs done
lab29-38-<0.2880.0>-T3: Msg #1669, C-Out: 23.10 18:11:26,161| gesendet
lab29-38-<0.2880.0>-T3: Msg #1763, C-Out: 23.10 18:11:27,162| gesendet
lab29-38-<0.2880.0>-T3: Msg #1882, C-Out: 23.10 18:11:28,163| gesendet
lab29-38-<0.2880.0>-T3: Msg #1974, C-Out: 23.10 18:11:29,165| gesendet
lab29-38-<0.2880.0>-T3: Msg #2073, C-Out: 23.10 18:11:30,167| gesendet
Neues Intervall: 1.5 Sekunden
Msg #2160 um 23.10 18:11:30,169| vergessen zu senden
lab29-79-<0.173.0>-T3: Msg #1965, C-Out: 23.10 18:11:29,514| HBQ-In: 23.10 18:11:29,514| DQ-In: 23.10 18:11:29,584| C-In: 23.10 18:11:30,170|
lab29-56-<0.1439.0>-T3: Msg #1966, C-Out: 23.10 18:11:29,602| HBQ-In: 23.10 18:11:29,602| DQ-In: 23.10 18:11:29,602| C-In: 23.10 18:11:30,170|
Fehlernachricht fuer Luecke von 1967 bis 1969 C-In: 23.10 18:11:30,170|
lab29-18-<0.4519.0>-T3: Msg #1970, C-Out: 23.10 18:11:29,154| HBQ-In: 23.10 18:11:29,154| DQ-In: 23.10 18:11:29,604| C-In: 23.10 18:11:30,171|
lab29-13-<0.4921.0>-T3: Msg #1971, C-Out: 23.10 18:11:29,162| HBQ-In: 23.10 18:11:29,162| DQ-In: 23.10 18:11:29,604| C-In: 23.10 18:11:30,171|
lab29-8-<0.5273.0>-T3: Msg #1972, C-Out: 23.10 18:11:29,165| HBQ-In: 23.10 18:11:29,165| DQ-In: 23.10 18:11:29,604| C-In: 23.10 18:11:30,171|
Fehlernachricht fuer Luecke von 1973 bis 1973 C-In: 23.10 18:11:30,191|
lab29-38-<0.2880.0>-T3: Msg #1974, C-Out: 23.10 18:11:29,165| HBQ-In: 23.10 18:11:29,166| DQ-In: 23.10 18:11:29,684|******* C-In: 23.10 18:11:30,192|
lab29-78-<0.180.0>-T3: Msg #1975, C-Out: 23.10 18:11:29,665| HBQ-In: 23.10 18:11:29,666| DQ-In: 23.10 18:11:29,684| C-In: 23.10 18:11:30,194|
lab29-3-<0.5663.0>-T3: Msg #1976, C-Out: 23.10 18:11:29,165| HBQ-In: 23.10 18:11:29,165| DQ-In: 23.10 18:11:29,684| C-In: 23.10 18:11:30,195|
lab29-33-<0.3306.0>-T3: Msg #1977, C-Out: 23.10 18:11:29,182| HBQ-In: 23.10 18:11:29,182| DQ-In: 23.10 18:11:29,684| C-In: 23.10 18:11:30,195|
lab29-43-<0.2458.0>-T3: Msg #1978, C-Out: 23.10 18:11:29,182| HBQ-In: 23.10 18:11:29,182| DQ-In: 23.10 18:11:29,684| C-In: 23.10 18:11:30,197|
lab29-23-<0.4130.0>-T3: Msg #1979, C-Out: 23.10 18:11:29,183| HBQ-In: 23.10 18:11:29,183| DQ-In: 23.10 18:11:29,684| C-In: 23.10 18:11:30,200|
lab29-71-<0.461.0>-T3: Msg #1980, C-Out: 23.10 18:11:29,684| HBQ-In: 23.10 18:11:29,684| DQ-In: 23.10 18:11:29,684| C-In: 23.10 18:11:30,202|
lab29-28-<0.3729.0>-T3: Msg #1981, C-Out: 23.10 18:11:29,200| HBQ-In: 23.10 18:11:29,200| DQ-In: 23.10 18:11:29,684| C-In: 23.10 18:11:30,203|
lab29-48-<0.2035.0>-T3: Msg #1982, C-Out: 23.10 18:11:29,703| HBQ-In: 23.10 18:11:29,703| DQ-In: 23.10 18:11:29,703| C-In: 23.10 18:11:30,205|
lab29-63-<0.983.0>-T3: Msg #1983, C-Out: 23.10 18:11:29,706| HBQ-In: 23.10 18:11:29,706| DQ-In: 23.10 18:11:29,706| C-In: 23.10 18:11:30,205|
Fehlernachricht fuer Luecke von 1984 bis 1984 C-In: 23.10 18:11:30,208|
lab29-70-<0.519.0>-T3: Msg #1985, C-Out: 23.10 18:11:29,773| HBQ-In: 23.10 18:11:29,774| DQ-In: 23.10 18:11:29,805| C-In: 23.10 18:11:30,211|
Fehlernachricht fuer Luecke von 1986 bis 1989 C-In: 23.10 18:11:30,211|
lab29-17-<0.4601.0>-T3: Msg #1990, C-Out: 23.10 18:11:29,353| HBQ-In: 23.10 18:11:29,354| DQ-In: 23.10 18:11:29,810| C-In: 23.10 18:11:30,213|
lab29-12-<0.4991.0>-T3: Msg #1991, C-Out: 23.10 18:11:29,357| HBQ-In: 23.10 18:11:29,357| DQ-In: 23.10 18:11:29,810| C-In: 23.10 18:11:30,216|
lab29-7-<0.5358.0>-T3: Msg #1992, C-Out: 23.10 18:11:29,362| HBQ-In: 23.10 18:11:29,364| DQ-In: 23.10 18:11:29,810| C-In: 23.10 18:11:30,219|
lab29-2-<0.5741.0>-T3: Msg #1993, C-Out: 23.10 18:11:29,371| HBQ-In: 23.10 18:11:29,373| DQ-In: 23.10 18:11:29,810| C-In: 23.10 18:11:30,221|
lab29-32-<0.3394.0>-T3: Msg #1994, C-Out: 23.10 18:11:29,378| HBQ-In: 23.10 18:11:29,378| DQ-In: 23.10 18:11:29,810| C-In: 23.10 18:11:30,225|
lab29-42-<0.2545.0>-T3: Msg #1995, C-Out: 23.10 18:11:29,383| HBQ-In: 23.10 18:11:29,383| DQ-In: 23.10 18:11:29,810| C-In: 23.10 18:11:30,227|
Fehlernachricht fuer Luecke von 1996 bis 1996 C-In: 23.10 18:11:30,230|
lab29-37-<0.2967.0>-T3: Msg #1997, C-Out: 23.10 18:11:29,396| HBQ-In: 23.10 18:11:29,397| DQ-In: 23.10 18:11:29,966| C-In: 23.10 18:11:30,231|
lab29-27-<0.3815.0>-T3: Msg #1998, C-Out: 23.10 18:11:29,402| HBQ-In: 23.10 18:11:29,402| DQ-In: 23.10 18:11:29,966| C-In: 23.10 18:11:30,232|
lab29-22-<0.4210.0>-T3: Msg #1999, C-Out: 23.10 18:11:29,404| HBQ-In: 23.10 18:11:29,404| DQ-In: 23.10 18:11:29,966| C-In: 23.10 18:11:30,235|
lab29-47-<0.2127.0>-T3: Msg #2000, C-Out: 23.10 18:11:29,925| HBQ-In: 23.10 18:11:29,925| DQ-In: 23.10 18:11:29,966| C-In: 23.10 18:11:30,237|
lab29-62-<0.1043.0>-T3: Msg #2001, C-Out: 23.10 18:11:29,929| HBQ-In: 23.10 18:11:29,929| DQ-In: 23.10 18:11:29,966| C-In: 23.10 18:11:30,240|
Fehlernachricht fuer Luecke von 2002 bis 2002 C-In: 23.10 18:11:30,240|
lab29-77-<0.187.0>-T3: Msg #2003, C-Out: 23.10 18:11:29,939| HBQ-In: 23.10 18:11:29,939| DQ-In: 23.10 18:11:29,996| C-In: 23.10 18:11:30,240|
Fehlernachricht fuer Luecke von 2004 bis 2004 C-In: 23.10 18:11:30,241|
lab29-69-<0.583.0>-T3: Msg #2005, C-Out: 23.10 18:11:29,983| HBQ-In: 23.10 18:11:29,983| DQ-In: 23.10 18:11:30,016| C-In: 23.10 18:11:30,241|
Fehlernachricht fuer Luecke von 2006 bis 2006 C-In: 23.10 18:11:30,241|
lab29-54-<0.1586.0>-T3: Msg #2007, C-Out: 23.10 18:11:30,022| HBQ-In: 23.10 18:11:30,022| DQ-In: 23.10 18:11:30,022| C-In: 23.10 18:11:30,242|
lab29-16-<0.4681.0>-T3: Msg #2008, C-Out: 23.10 18:11:29,559| HBQ-In: 23.10 18:11:29,559| DQ-In: 23.10 18:11:30,022| C-In: 23.10 18:11:30,242|
Fehlernachricht fuer Luecke von 2009 bis 2009 C-In: 23.10 18:11:30,243|
lab29-11-<0.5067.0>-T3: Msg #2010, C-Out: 23.10 18:11:29,560| HBQ-In: 23.10 18:11:29,560| DQ-In: 23.10 18:11:30,140| C-In: 23.10 18:11:30,243|
Fehlernachricht fuer Luecke von 2011 bis 2011 C-In: 23.10 18:11:30,243|
lab29-6-<0.5440.0>-T3: Msg #2012, C-Out: 23.10 18:11:29,568| HBQ-In: 23.10 18:11:29,568| DQ-In: 23.10 18:11:30,146| C-In: 23.10 18:11:30,244|
lab29-1-<0.5818.0>-T3: Msg #2013, C-Out: 23.10 18:11:29,573| HBQ-In: 23.10 18:11:29,573| DQ-In: 23.10 18:11:30,146| C-In: 23.10 18:11:30,244|
lab29-31-<0.3480.0>-T3: Msg #2014, C-Out: 23.10 18:11:29,578| HBQ-In: 23.10 18:11:29,578| DQ-In: 23.10 18:11:30,146| C-In: 23.10 18:11:30,244|
lab29-36-<0.3048.0>-T3: Msg #2015, C-Out: 23.10 18:11:29,583| HBQ-In: 23.10 18:11:29,584| DQ-In: 23.10 18:11:30,146| C-In: 23.10 18:11:30,245|
lab29-26-<0.3898.0>-T3: Msg #2016, C-Out: 23.10 18:11:29,594| HBQ-In: 23.10 18:11:29,594| DQ-In: 23.10 18:11:30,146| C-In: 23.10 18:11:30,247|
lab29-41-<0.2632.0>-T3: Msg #2017, C-Out: 23.10 18:11:29,603| HBQ-In: 23.10 18:11:29,604| DQ-In: 23.10 18:11:30,146| C-In: 23.10 18:11:30,247|
lab29-21-<0.4291.0>-T3: Msg #2018, C-Out: 23.10 18:11:29,615| HBQ-In: 23.10 18:11:29,616| DQ-In: 23.10 18:11:30,146| C-In: 23.10 18:11:30,249|
lab29-46-<0.2213.0>-T3: Msg #2019, C-Out: 23.10 18:11:30,115| HBQ-In: 23.10 18:11:30,116| DQ-In: 23.10 18:11:30,146| C-In: 23.10 18:11:30,251|
Fehlernachricht fuer Luecke von 2020 bis 2020 C-In: 23.10 18:11:30,251|
lab29-61-<0.1100.0>-T3: Msg #2021, C-Out: 23.10 18:11:30,140| HBQ-In: 23.10 18:11:30,140| DQ-In: 23.10 18:11:30,202| C-In: 23.10 18:11:30,252|
lab29-76-<0.194.0>-T3: Msg #2022, C-Out: 23.10 18:11:30,146| HBQ-In: 23.10 18:11:30,146| DQ-In: 23.10 18:11:30,202| C-In: 23.10 18:11:30,252|
Fehlernachricht fuer Luecke von 2023 bis 2028 C-In: 23.10 18:11:30,255|
lab29-53-<0.1650.0>-T3: Msg #2029, C-Out: 23.10 18:11:30,200| HBQ-In: 23.10 18:11:30,202| DQ-In: 23.10 18:11:30,239| C-In: 23.10 18:11:30,257|
ReceiveMsgs done
lab29-38-<0.2880.0>-T3: Msg #2171, C-Out: 23.10 18:11:31,759| gesendet
lab29-38-<0.2880.0>-T3: Msg #2320, C-Out: 23.10 18:11:33,261| gesendet
lab29-38-<0.2880.0>-T3: Msg #2450, C-Out: 23.10 18:11:34,765| gesendet
lab29-38-<0.2880.0>-T3: Msg #2569, C-Out: 23.10 18:11:36,270| gesendet
lab29-38-<0.2880.0>-T3: Msg #2684, C-Out: 23.10 18:11:37,783| gesendet
Neues Intervall: 2.25 Sekunden
Msg #2794 um 23.10 18:11:37,784| vergessen zu senden
4-client@lab23: 2578. Nachricht--Gruppe:1-Team:5-Sendezeit:18:11:34 HBQ-In: 23.10 18:11:34,782| DQ-In: 23.10 18:11:36,676| C-In: 23.10 18:11:37,786|
3-client@lab23: 2579. Nachricht--Gruppe:1-Team:5-Sendezeit:18:11:34 HBQ-In: 23.10 18:11:34,782| DQ-In: 23.10 18:11:36,676| C-In: 23.10 18:11:37,788|
4-client@lab23: 2580. Nachricht--Gruppe:1-Team:5-Sendezeit:18:11:34 HBQ-In: 23.10 18:11:34,786| DQ-In: 23.10 18:11:36,676| C-In: 23.10 18:11:37,789|
3-client@lab23: 2581. Nachricht--Gruppe:1-Team:5-Sendezeit:18:11:34 HBQ-In: 23.10 18:11:34,786| DQ-In: 23.10 18:11:36,676| C-In: 23.10 18:11:37,789|
4-client@lab23: 2582. Nachricht--Gruppe:1-Team:5-Sendezeit:18:11:36 HBQ-In: 23.10 18:11:36,791| DQ-In: 23.10 18:11:36,791| C-In: 23.10 18:11:37,791|
3-client@lab23: 2583. Nachricht--Gruppe:1-Team:5-Sendezeit:18:11:36 HBQ-In: 23.10 18:11:36,791| DQ-In: 23.10 18:11:36,791| C-In: 23.10 18:11:37,791|
Fehlernachricht fuer Luecke von 2584 bis 2585 C-In: 23.10 18:11:37,792|
lab29-5-<0.5513.0>-T3: Msg #2586, C-Out: 23.10 18:11:35,829| HBQ-In: 23.10 18:11:35,829| DQ-In: 23.10 18:11:36,900| C-In: 23.10 18:11:37,795|
lab29-45-<0.2293.0>-T3: Msg #2587, C-Out: 23.10 18:11:36,333| HBQ-In: 23.10 18:11:36,333| DQ-In: 23.10 18:11:36,900| C-In: 23.10 18:11:37,796|
lab29-10-<0.5112.0>-T3: Msg #2588, C-Out: 23.10 18:11:35,840| HBQ-In: 23.10 18:11:35,844| DQ-In: 23.10 18:11:36,900| C-In: 23.10 18:11:37,797|
lab29-30-<0.3559.0>-T3: Msg #2589, C-Out: 23.10 18:11:36,385| HBQ-In: 23.10 18:11:36,387| DQ-In: 23.10 18:11:36,900| C-In: 23.10 18:11:37,797|
lab29-15-<0.4762.0>-T3: Msg #2590, C-Out: 23.10 18:11:36,396| HBQ-In: 23.10 18:11:36,397| DQ-In: 23.10 18:11:36,900| C-In: 23.10 18:11:37,797|
Fehlernachricht fuer Luecke von 2591 bis 2592 C-In: 23.10 18:11:37,798|
lab29-37-<0.2967.0>-T3: Msg #2593, C-Out: 23.10 18:11:36,456| HBQ-In: 23.10 18:11:36,458| DQ-In: 23.10 18:11:37,034| C-In: 23.10 18:11:37,799|
Fehlernachricht fuer Luecke von 2594 bis 2594 C-In: 23.10 18:11:37,799|
lab29-22-<0.4210.0>-T3: Msg #2595, C-Out: 23.10 18:11:36,471| HBQ-In: 23.10 18:11:36,473| DQ-In: 23.10 18:11:37,071| C-In: 23.10 18:11:37,800|
Fehlernachricht fuer Luecke von 2596 bis 2597 C-In: 23.10 18:11:37,800|
lab29-4-<0.5587.0>-T3: Msg #2598, C-Out: 23.10 18:11:36,013| HBQ-In: 23.10 18:11:36,015| DQ-In: 23.10 18:11:37,158| C-In: 23.10 18:11:37,800|
lab29-9-<0.5191.0>-T3: Msg #2599, C-Out: 23.10 18:11:36,027| HBQ-In: 23.10 18:11:36,028| DQ-In: 23.10 18:11:37,158| C-In: 23.10 18:11:37,801|
Fehlernachricht fuer Luecke von 2600 bis 2601 C-In: 23.10 18:11:37,801|
lab29-44-<0.2376.0>-T3: Msg #2602, C-Out: 23.10 18:11:36,532| HBQ-In: 23.10 18:11:36,532| DQ-In: 23.10 18:11:37,174| C-In: 23.10 18:11:37,802|
lab29-14-<0.4846.0>-T3: Msg #2603, C-Out: 23.10 18:11:36,566| HBQ-In: 23.10 18:11:36,570| DQ-In: 23.10 18:11:37,174| C-In: 23.10 18:11:37,802|
lab29-29-<0.3641.0>-T3: Msg #2604, C-Out: 23.10 18:11:36,568| HBQ-In: 23.10 18:11:36,571| DQ-In: 23.10 18:11:37,174| C-In: 23.10 18:11:37,803|
Fehlernachricht fuer Luecke von 2605 bis 2607 C-In: 23.10 18:11:37,803|
lab29-36-<0.3048.0>-T3: Msg #2608, C-Out: 23.10 18:11:36,638| HBQ-In: 23.10 18:11:36,638| DQ-In: 23.10 18:11:37,270| C-In: 23.10 18:11:37,803|
lab29-21-<0.4291.0>-T3: Msg #2609, C-Out: 23.10 18:11:36,673| HBQ-In: 23.10 18:11:36,676| DQ-In: 23.10 18:11:37,270| C-In: 23.10 18:11:37,804|
Fehlernachricht fuer Luecke von 2610 bis 2611 C-In: 23.10 18:11:37,804|
lab29-8-<0.5273.0>-T3: Msg #2612, C-Out: 23.10 18:11:36,212| HBQ-In: 23.10 18:11:36,212| DQ-In: 23.10 18:11:37,380| C-In: 23.10 18:11:37,804|
Fehlernachricht fuer Luecke von 2613 bis 2613 C-In: 23.10 18:11:37,805|
lab29-3-<0.5663.0>-T3: Msg #2614, C-Out: 23.10 18:11:36,230| HBQ-In: 23.10 18:11:36,230| DQ-In: 23.10 18:11:37,395| C-In: 23.10 18:11:37,807|
lab29-43-<0.2458.0>-T3: Msg #2615, C-Out: 23.10 18:11:36,736| HBQ-In: 23.10 18:11:36,736| DQ-In: 23.10 18:11:37,395| C-In: 23.10 18:11:37,808|
Fehlernachricht fuer Luecke von 2616 bis 2616 C-In: 23.10 18:11:37,808|
lab29-28-<0.3729.0>-T3: Msg #2617, C-Out: 23.10 18:11:36,753| HBQ-In: 23.10 18:11:36,753| DQ-In: 23.10 18:11:37,438| C-In: 23.10 18:11:37,810|
Fehlernachricht fuer Luecke von 2618 bis 2619 C-In: 23.10 18:11:37,813|
lab29-13-<0.4921.0>-T3: Msg #2620, C-Out: 23.10 18:11:36,790| HBQ-In: 23.10 18:11:36,790| DQ-In: 23.10 18:11:37,485| C-In: 23.10 18:11:37,814|
lab29-35-<0.3134.0>-T3: Msg #2621, C-Out: 23.10 18:11:36,829| HBQ-In: 23.10 18:11:36,829| DQ-In: 23.10 18:11:37,485| C-In: 23.10 18:11:37,816|
lab29-20-<0.4365.0>-T3: Msg #2622, C-Out: 23.10 18:11:36,897| HBQ-In: 23.10 18:11:36,900| DQ-In: 23.10 18:11:37,485| C-In: 23.10 18:11:37,817|
Fehlernachricht fuer Luecke von 2623 bis 2625 C-In: 23.10 18:11:37,819|
lab29-7-<0.5358.0>-T3: Msg #2626, C-Out: 23.10 18:11:36,424| HBQ-In: 23.10 18:11:36,424| DQ-In: 23.10 18:11:37,584| C-In: 23.10 18:11:37,820|
Fehlernachricht fuer Luecke von 2627 bis 2627 C-In: 23.10 18:11:37,820|
lab29-2-<0.5741.0>-T3: Msg #2628, C-Out: 23.10 18:11:36,437| HBQ-In: 23.10 18:11:36,437| DQ-In: 23.10 18:11:37,628| C-In: 23.10 18:11:37,823|
Fehlernachricht fuer Luecke von 2629 bis 2629 C-In: 23.10 18:11:37,826|
lab29-42-<0.2545.0>-T3: Msg #2630, C-Out: 23.10 18:11:36,942| HBQ-In: 23.10 18:11:36,943| DQ-In: 23.10 18:11:37,646| C-In: 23.10 18:11:37,827|
Fehlernachricht fuer Luecke von 2631 bis 2631 C-In: 23.10 18:11:37,827|
lab29-27-<0.3815.0>-T3: Msg #2632, C-Out: 23.10 18:11:36,975| HBQ-In: 23.10 18:11:36,975| DQ-In: 23.10 18:11:37,672| C-In: 23.10 18:11:37,830|
lab29-83-<0.147.0>-T3: Msg #2633, C-Out: 23.10 18:11:37,725| HBQ-In: 23.10 18:11:37,725| DQ-In: 23.10 18:11:37,725| C-In: 23.10 18:11:37,833|
lab29-12-<0.4991.0>-T3: Msg #2634, C-Out: 23.10 18:11:36,976| HBQ-In: 23.10 18:11:36,976| DQ-In: 23.10 18:11:37,725| C-In: 23.10 18:11:37,836|
Fehlernachricht fuer Luecke von 2635 bis 2635 C-In: 23.10 18:11:37,839|
lab29-34-<0.3220.0>-T3: Msg #2636, C-Out: 23.10 18:11:37,034| HBQ-In: 23.10 18:11:37,034| DQ-In: 23.10 18:11:37,784| C-In: 23.10 18:11:37,842|
lab29-19-<0.4442.0>-T3: Msg #2637, C-Out: 23.10 18:11:37,067| HBQ-In: 23.10 18:11:37,071| DQ-In: 23.10 18:11:37,784| C-In: 23.10 18:11:37,842|
lab29-49-<0.1950.0>-T3: Msg #2638, C-Out: 23.10 18:11:37,824| HBQ-In: 23.10 18:11:37,826| DQ-In: 23.10 18:11:37,826| C-In: 23.10 18:11:37,846|
ReceiveMsgs done
lab29-38-<0.2880.0>-T3: Msg #2796, C-Out: 23.10 18:11:40,098| gesendet
