lab29-87-<0.123.0>-T3 C-Start: 23.10 18:11:10,255|
lab29-87-<0.123.0>-T3: Msg #710, C-Out: 23.10 18:11:11,258| gesendet
lab29-87-<0.123.0>-T3: Msg #753, C-Out: 23.10 18:11:12,262| gesendet
lab29-87-<0.123.0>-T3: Msg #776, C-Out: 23.10 18:11:13,266| gesendet
lab29-87-<0.123.0>-T3: Msg #812, C-Out: 23.10 18:11:14,269| gesendet
lab29-87-<0.123.0>-T3: Msg #849, C-Out: 23.10 18:11:15,272| gesendet
Neues Intervall: 1 Sekunden
Msg #916 um 23.10 18:11:15,274| vergessen zu senden
lab29-94-<0.91.0>-T3: Msg #798, C-Out: 23.10 18:11:13,865| HBQ-In: 23.10 18:11:13,865| DQ-In: 23.10 18:11:14,459| C-In: 23.10 18:11:15,278|
lab29-84-<0.140.0>-T3: Msg #799, C-Out: 23.10 18:11:13,867| HBQ-In: 23.10 18:11:13,867| DQ-In: 23.10 18:11:14,459| C-In: 23.10 18:11:15,280|
lab29-79-<0.173.0>-T3: Msg #800, C-Out: 23.10 18:11:13,880| HBQ-In: 23.10 18:11:13,880| DQ-In: 23.10 18:11:14,459| C-In: 23.10 18:11:15,281|
lab29-74-<0.266.0>-T3: Msg #801, C-Out: 23.10 18:11:13,879| HBQ-In: 23.10 18:11:13,880| DQ-In: 23.10 18:11:14,459| C-In: 23.10 18:11:15,283|
lab29-99-<0.49.0>-T3: Msg #802, C-Out: 23.10 18:11:13,892| HBQ-In: 23.10 18:11:13,938| DQ-In: 23.10 18:11:14,459| C-In: 23.10 18:11:15,285|
Fehlernachricht fuer Luecke von 803 bis 803 C-In: 23.10 18:11:15,286|
lab29-88-<0.118.0>-T3: Msg #804, C-Out: 23.10 18:11:14,062| HBQ-In: 23.10 18:11:14,062| DQ-In: 23.10 18:11:14,465| C-In: 23.10 18:11:15,286|
lab29-93-<0.95.0>-T3: Msg #805, C-Out: 23.10 18:11:14,068| HBQ-In: 23.10 18:11:14,068| DQ-In: 23.10 18:11:14,466| C-In: 23.10 18:11:15,286|
lab29-83-<0.147.0>-T3: Msg #806, C-Out: 23.10 18:11:14,071| HBQ-In: 23.10 18:11:14,071| DQ-In: 23.10 18:11:14,466| C-In: 23.10 18:11:15,287|
lab29-78-<0.180.0>-T3: Msg #807, C-Out: 23.10 18:11:14,073| HBQ-In: 23.10 18:11:14,073| DQ-In: 23.10 18:11:14,466| C-In: 23.10 18:11:15,287|
lab29-73-<0.332.0>-T3: Msg #808, C-Out: 23.10 18:11:14,079| HBQ-In: 23.10 18:11:14,081| DQ-In: 23.10 18:11:14,466| C-In: 23.10 18:11:15,288|
lab29-98-<0.78.0>-T3: Msg #809, C-Out: 23.10 18:11:14,151| HBQ-In: 23.10 18:11:14,151| DQ-In: 23.10 18:11:14,466| C-In: 23.10 18:11:15,290|
lab29-92-<0.99.0>-T3: Msg #810, C-Out: 23.10 18:11:14,262| HBQ-In: 23.10 18:11:14,262| DQ-In: 23.10 18:11:14,466| C-In: 23.10 18:11:15,290|
Fehlernachricht fuer Luecke von 811 bis 811 C-In: 23.10 18:11:15,291|
lab29-87-<0.123.0>-T3: Msg #812, C-Out: 23.10 18:11:14,269| HBQ-In: 23.10 18:11:14,269| DQ-In: 23.10 18:11:14,468|******* C-In: 23.10 18:11:15,291|
lab29-82-<0.153.0>-T3: Msg #813, C-Out: 23.10 18:11:14,276| HBQ-In: 23.10 18:11:14,276| DQ-In: 23.10 18:11:14,468| C-In: 23.10 18:11:15,291|
lab29-77-<0.187.0>-T3: Msg #814, C-Out: 23.10 18:11:14,279| HBQ-In: 23.10 18:11:14,279| DQ-In: 23.10 18:11:14,468| C-In: 23.10 18:11:15,292|
lab29-72-<0.396.0>-T3: Msg #815, C-Out: 23.10 18:11:14,281| HBQ-In: 23.10 18:11:14,281| DQ-In: 23.10 18:11:14,468| C-In: 23.10 18:11:15,292|
lab29-97-<0.81.0>-T3: Msg #816, C-Out: 23.10 18:11:14,402| HBQ-In: 23.10 18:11:14,419| DQ-In: 23.10 18:11:14,468| C-In: 23.10 18:11:15,292|
Fehlernachricht fuer Luecke von 817 bis 817 C-In: 23.10 18:11:15,293|
lab29-91-<0.103.0>-T3: Msg #818, C-Out: 23.10 18:11:14,465| HBQ-In: 23.10 18:11:14,466| DQ-In: 23.10 18:11:14,589| C-In: 23.10 18:11:15,293|
lab29-86-<0.129.0>-T3: Msg #819, C-Out: 23.10 18:11:14,471| HBQ-In: 23.10 18:11:14,471| DQ-In: 23.10 18:11:14,589| C-In: 23.10 18:11:15,293|
lab29-81-<0.159.0>-T3: Msg #820, C-Out: 23.10 18:11:14,473| HBQ-In: 23.10 18:11:14,473| DQ-In: 23.10 18:11:14,589| C-In: 23.10 18:11:15,294|
lab29-76-<0.194.0>-T3: Msg #821, C-Out: 23.10 18:11:14,480| HBQ-In: 23.10 18:11:14,481| DQ-In: 23.10 18:11:14,589| C-In: 23.10 18:11:15,294|
lab29-71-<0.461.0>-T3: Msg #822, C-Out: 23.10 18:11:14,483| HBQ-In: 23.10 18:11:14,484| DQ-In: 23.10 18:11:14,589| C-In: 23.10 18:11:15,294|
lab29-96-<0.84.0>-T3: Msg #823, C-Out: 23.10 18:11:14,589| HBQ-In: 23.10 18:11:14,589| DQ-In: 23.10 18:11:14,589| C-In: 23.10 18:11:15,294|
lab29-90-<0.107.0>-T3: Msg #824, C-Out: 23.10 18:11:14,659| HBQ-In: 23.10 18:11:14,659| DQ-In: 23.10 18:11:14,659| C-In: 23.10 18:11:15,295|
lab29-85-<0.133.0>-T3: Msg #825, C-Out: 23.10 18:11:14,669| HBQ-In: 23.10 18:11:14,669| DQ-In: 23.10 18:11:14,669| C-In: 23.10 18:11:15,295|
lab29-80-<0.164.0>-T3: Msg #826, C-Out: 23.10 18:11:14,674| HBQ-In: 23.10 18:11:14,674| DQ-In: 23.10 18:11:14,674| C-In: 23.10 18:11:15,295|
Fehlernachricht fuer Luecke von 827 bis 827 C-In: 23.10 18:11:15,296|
lab29-75-<0.200.0>-T3: Msg #828, C-Out: 23.10 18:11:14,682| HBQ-In: 23.10 18:11:14,682| DQ-In: 23.10 18:11:14,870| C-In: 23.10 18:11:15,296|
lab29-70-<0.519.0>-T3: Msg #829, C-Out: 23.10 18:11:14,685| HBQ-In: 23.10 18:11:14,685| DQ-In: 23.10 18:11:14,870| C-In: 23.10 18:11:15,296|
lab29-100-<0.40.0>-T3: Msg #830, C-Out: 23.10 18:11:14,765| HBQ-In: 23.10 18:11:14,765| DQ-In: 23.10 18:11:14,870| C-In: 23.10 18:11:15,297|
lab29-95-<0.87.0>-T3: Msg #831, C-Out: 23.10 18:11:14,765| HBQ-In: 23.10 18:11:14,765| DQ-In: 23.10 18:11:14,870| C-In: 23.10 18:11:15,297|
lab29-89-<0.113.0>-T3: Msg #832, C-Out: 23.10 18:11:14,864| HBQ-In: 23.10 18:11:14,864| DQ-In: 23.10 18:11:14,870| C-In: 23.10 18:11:15,297|
Fehlernachricht fuer Luecke von 833 bis 833 C-In: 23.10 18:11:15,298|
lab29-84-<0.140.0>-T3: Msg #834, C-Out: 23.10 18:11:14,870| HBQ-In: 23.10 18:11:14,870| DQ-In: 23.10 18:11:14,991| C-In: 23.10 18:11:15,298|
lab29-74-<0.266.0>-T3: Msg #835, C-Out: 23.10 18:11:14,881| HBQ-In: 23.10 18:11:14,881| DQ-In: 23.10 18:11:14,991| C-In: 23.10 18:11:15,298|
lab29-79-<0.173.0>-T3: Msg #836, C-Out: 23.10 18:11:14,881| HBQ-In: 23.10 18:11:14,881| DQ-In: 23.10 18:11:14,991| C-In: 23.10 18:11:15,298|
lab29-69-<0.583.0>-T3: Msg #837, C-Out: 23.10 18:11:14,886| HBQ-In: 23.10 18:11:14,886| DQ-In: 23.10 18:11:14,991| C-In: 23.10 18:11:15,299|
lab29-99-<0.49.0>-T3: Msg #838, C-Out: 23.10 18:11:14,939| HBQ-In: 23.10 18:11:14,939| DQ-In: 23.10 18:11:14,991| C-In: 23.10 18:11:15,299|
lab29-94-<0.91.0>-T3: Msg #839, C-Out: 23.10 18:11:14,991| HBQ-In: 23.10 18:11:14,991| DQ-In: 23.10 18:11:14,991| C-In: 23.10 18:11:15,299|
lab29-88-<0.118.0>-T3: Msg #840, C-Out: 23.10 18:11:15,063| HBQ-In: 23.10 18:11:15,063| DQ-In: 23.10 18:11:15,063| C-In: 23.10 18:11:15,301|
Fehlernachricht fuer Luecke von 841 bis 841 C-In: 23.10 18:11:15,302|
lab29-83-<0.147.0>-T3: Msg #842, C-Out: 23.10 18:11:15,074| HBQ-In: 23.10 18:11:15,075| DQ-In: 23.10 18:11:15,153| C-In: 23.10 18:11:15,302|
lab29-78-<0.180.0>-T3: Msg #843, C-Out: 23.10 18:11:15,077| HBQ-In: 23.10 18:11:15,077| DQ-In: 23.10 18:11:15,153| C-In: 23.10 18:11:15,302|
lab29-73-<0.332.0>-T3: Msg #844, C-Out: 23.10 18:11:15,082| HBQ-In: 23.10 18:11:15,082| DQ-In: 23.10 18:11:15,153| C-In: 23.10 18:11:15,303|
lab29-68-<0.633.0>-T3: Msg #845, C-Out: 23.10 18:11:15,088| HBQ-In: 23.10 18:11:15,090| DQ-In: 23.10 18:11:15,153| C-In: 23.10 18:11:15,303|
lab29-93-<0.95.0>-T3: Msg #846, C-Out: 23.10 18:11:15,104| HBQ-In: 23.10 18:11:15,104| DQ-In: 23.10 18:11:15,154| C-In: 23.10 18:11:15,303|
lab29-98-<0.78.0>-T3: Msg #847, C-Out: 23.10 18:11:15,153| HBQ-In: 23.10 18:11:15,153| DQ-In: 23.10 18:11:15,154| C-In: 23.10 18:11:15,303|
ReceiveMsgs done
lab29-87-<0.123.0>-T3: Msg #922, C-Out: 23.10 18:11:16,307| gesendet
lab29-87-<0.123.0>-T3: Msg #970, C-Out: 23.10 18:11:17,309| gesendet
lab29-87-<0.123.0>-T3: Msg #1028, C-Out: 23.10 18:11:18,310| gesendet
lab29-87-<0.123.0>-T3: Msg #1089, C-Out: 23.10 18:11:19,312| gesendet
lab29-87-<0.123.0>-T3: Msg #1176, C-Out: 23.10 18:11:20,315| gesendet
Neues Intervall: 1.5 Sekunden
Msg #1245 um 23.10 18:11:20,315| vergessen zu senden
lab29-82-<0.153.0>-T3: Msg #1090, C-Out: 23.10 18:11:19,315| HBQ-In: 23.10 18:11:19,316| DQ-In: 23.10 18:11:19,316| C-In: 23.10 18:11:20,315|
lab29-72-<0.396.0>-T3: Msg #1091, C-Out: 23.10 18:11:19,325| HBQ-In: 23.10 18:11:19,326| DQ-In: 23.10 18:11:19,326| C-In: 23.10 18:11:20,315|
lab29-92-<0.99.0>-T3: Msg #1092, C-Out: 23.10 18:11:19,335| HBQ-In: 23.10 18:11:19,336| DQ-In: 23.10 18:11:19,336| C-In: 23.10 18:11:20,316|
lab29-77-<0.187.0>-T3: Msg #1093, C-Out: 23.10 18:11:19,378| HBQ-In: 23.10 18:11:19,378| DQ-In: 23.10 18:11:19,378| C-In: 23.10 18:11:20,316|
Fehlernachricht fuer Luecke von 1094 bis 1094 C-In: 23.10 18:11:20,316|
lab29-66-<0.743.0>-T3: Msg #1095, C-Out: 23.10 18:11:19,495| HBQ-In: 23.10 18:11:19,495| DQ-In: 23.10 18:11:19,512| C-In: 23.10 18:11:20,317|
Fehlernachricht fuer Luecke von 1096 bis 1097 C-In: 23.10 18:11:20,317|
1-client@lab23: 1098. Nachricht--Gruppe:1-Team:5-Sendezeit:18:11:18 HBQ-In: 23.10 18:11:18,502| DQ-In: 23.10 18:11:19,561| C-In: 23.10 18:11:20,317|
lab29-61-<0.1100.0>-T3: Msg #1099, C-Out: 23.10 18:11:19,503| HBQ-In: 23.10 18:11:19,503| DQ-In: 23.10 18:11:19,561| C-In: 23.10 18:11:20,317|
3-client@lab23: 1100. Nachricht--Gruppe:1-Team:5-Sendezeit:18:11:18 HBQ-In: 23.10 18:11:18,505| DQ-In: 23.10 18:11:19,561| C-In: 23.10 18:11:20,318|
1-client@lab23: 1101. Nachricht--Gruppe:1-Team:5-Sendezeit:18:11:18 HBQ-In: 23.10 18:11:18,508| DQ-In: 23.10 18:11:19,561| C-In: 23.10 18:11:20,318|
4-client@lab23: 1102. Nachricht--Gruppe:1-Team:5-Sendezeit:18:11:18 HBQ-In: 23.10 18:11:18,508| DQ-In: 23.10 18:11:19,561| C-In: 23.10 18:11:20,318|
2-client@lab23: 1103. Nachricht--Gruppe:1-Team:5-Sendezeit:18:11:18 HBQ-In: 23.10 18:11:18,508| DQ-In: 23.10 18:11:19,561| C-In: 23.10 18:11:20,319|
5-client@lab23: 1104. Nachricht--Gruppe:1-Team:5-Sendezeit:18:11:18 HBQ-In: 23.10 18:11:18,508| DQ-In: 23.10 18:11:19,561| C-In: 23.10 18:11:20,319|
lab29-56-<0.1439.0>-T3: Msg #1105, C-Out: 23.10 18:11:19,506| HBQ-In: 23.10 18:11:19,506| DQ-In: 23.10 18:11:19,561| C-In: 23.10 18:11:20,320|
3-client@lab23: 1106. Nachricht--Gruppe:1-Team:5-Sendezeit:18:11:18 HBQ-In: 23.10 18:11:18,512| DQ-In: 23.10 18:11:19,561| C-In: 23.10 18:11:20,323|
1-client@lab23: 1107. Nachricht--Gruppe:1-Team:5-Sendezeit:18:11:18 HBQ-In: 23.10 18:11:18,512| DQ-In: 23.10 18:11:19,561| C-In: 23.10 18:11:20,324|
4-client@lab23: 1108. Nachricht--Gruppe:1-Team:5-Sendezeit:18:11:18 HBQ-In: 23.10 18:11:18,513| DQ-In: 23.10 18:11:19,561| C-In: 23.10 18:11:20,325|
2-client@lab23: 1109. Nachricht--Gruppe:1-Team:5-Sendezeit:18:11:18 HBQ-In: 23.10 18:11:18,513| DQ-In: 23.10 18:11:19,562| C-In: 23.10 18:11:20,327|
5-client@lab23: 1110. Nachricht--Gruppe:1-Team:5-Sendezeit:18:11:18 HBQ-In: 23.10 18:11:18,513| DQ-In: 23.10 18:11:19,562| C-In: 23.10 18:11:20,330|
lab29-51-<0.1789.0>-T3: Msg #1111, C-Out: 23.10 18:11:19,509| HBQ-In: 23.10 18:11:19,511| DQ-In: 23.10 18:11:19,562| C-In: 23.10 18:11:20,332|
lab29-81-<0.159.0>-T3: Msg #1112, C-Out: 23.10 18:11:19,511| HBQ-In: 23.10 18:11:19,511| DQ-In: 23.10 18:11:19,562| C-In: 23.10 18:11:20,332|
lab29-46-<0.2213.0>-T3: Msg #1113, C-Out: 23.10 18:11:19,512| HBQ-In: 23.10 18:11:19,512| DQ-In: 23.10 18:11:19,562| C-In: 23.10 18:11:20,333|
1-client@lab23: 1114. Nachricht--Gruppe:1-Team:5-Sendezeit:18:11:18 HBQ-In: 23.10 18:11:18,517| DQ-In: 23.10 18:11:19,562| C-In: 23.10 18:11:20,333|
3-client@lab23: 1115. Nachricht--Gruppe:1-Team:5-Sendezeit:18:11:18 HBQ-In: 23.10 18:11:18,518| DQ-In: 23.10 18:11:19,562| C-In: 23.10 18:11:20,333|
2-client@lab23: 1116. Nachricht--Gruppe:1-Team:5-Sendezeit:18:11:18 HBQ-In: 23.10 18:11:18,517| DQ-In: 23.10 18:11:19,562| C-In: 23.10 18:11:20,334|
5-client@lab23: 1117. Nachricht--Gruppe:1-Team:5-Sendezeit:18:11:18 HBQ-In: 23.10 18:11:18,518| DQ-In: 23.10 18:11:19,562| C-In: 23.10 18:11:20,334|
4-client@lab23: 1118. Nachricht--Gruppe:1-Team:5-Sendezeit:18:11:18 HBQ-In: 23.10 18:11:18,518| DQ-In: 23.10 18:11:19,562| C-In: 23.10 18:11:20,334|
Fehlernachricht fuer Luecke von 1119 bis 1119 C-In: 23.10 18:11:20,334|
2-client@lab23: 1120. Nachricht--Gruppe:1-Team:5-Sendezeit:18:11:18 HBQ-In: 23.10 18:11:18,522| DQ-In: 23.10 18:11:19,929| C-In: 23.10 18:11:20,335|
3-client@lab23: 1121. Nachricht--Gruppe:1-Team:5-Sendezeit:18:11:18 HBQ-In: 23.10 18:11:18,523| DQ-In: 23.10 18:11:19,929| C-In: 23.10 18:11:20,335|
5-client@lab23: 1122. Nachricht--Gruppe:1-Team:5-Sendezeit:18:11:18 HBQ-In: 23.10 18:11:18,523| DQ-In: 23.10 18:11:19,929| C-In: 23.10 18:11:20,336|
4-client@lab23: 1123. Nachricht--Gruppe:1-Team:5-Sendezeit:18:11:18 HBQ-In: 23.10 18:11:18,523| DQ-In: 23.10 18:11:19,929| C-In: 23.10 18:11:20,336|
Fehlernachricht fuer Luecke von 1124 bis 1127 C-In: 23.10 18:11:20,336|
lab29-91-<0.103.0>-T3: Msg #1128, C-Out: 23.10 18:11:19,561| HBQ-In: 23.10 18:11:19,561| DQ-In: 23.10 18:11:20,103| C-In: 23.10 18:11:20,337|
lab29-86-<0.129.0>-T3: Msg #1129, C-Out: 23.10 18:11:19,565| HBQ-In: 23.10 18:11:19,566| DQ-In: 23.10 18:11:20,103| C-In: 23.10 18:11:20,337|
lab29-76-<0.194.0>-T3: Msg #1130, C-Out: 23.10 18:11:19,583| HBQ-In: 23.10 18:11:19,583| DQ-In: 23.10 18:11:20,103| C-In: 23.10 18:11:20,337|
Fehlernachricht fuer Luecke von 1131 bis 1131 C-In: 23.10 18:11:20,337|
lab29-71-<0.461.0>-T3: Msg #1132, C-Out: 23.10 18:11:19,604| HBQ-In: 23.10 18:11:19,606| DQ-In: 23.10 18:11:20,117| C-In: 23.10 18:11:20,338|
Fehlernachricht fuer Luecke von 1133 bis 1133 C-In: 23.10 18:11:20,338|
lab29-65-<0.819.0>-T3: Msg #1134, C-Out: 23.10 18:11:19,694| HBQ-In: 23.10 18:11:19,694| DQ-In: 23.10 18:11:20,118| C-In: 23.10 18:11:20,338|
Fehlernachricht fuer Luecke von 1135 bis 1135 C-In: 23.10 18:11:20,339|
lab29-60-<0.1170.0>-T3: Msg #1136, C-Out: 23.10 18:11:19,705| HBQ-In: 23.10 18:11:19,706| DQ-In: 23.10 18:11:20,121| C-In: 23.10 18:11:20,341|
lab29-85-<0.133.0>-T3: Msg #1137, C-Out: 23.10 18:11:19,705| HBQ-In: 23.10 18:11:19,706| DQ-In: 23.10 18:11:20,121| C-In: 23.10 18:11:20,341|
lab29-50-<0.1864.0>-T3: Msg #1138, C-Out: 23.10 18:11:19,707| HBQ-In: 23.10 18:11:19,707| DQ-In: 23.10 18:11:20,121| C-In: 23.10 18:11:20,342|
lab29-55-<0.1513.0>-T3: Msg #1139, C-Out: 23.10 18:11:19,707| HBQ-In: 23.10 18:11:19,707| DQ-In: 23.10 18:11:20,121| C-In: 23.10 18:11:20,342|
lab29-45-<0.2293.0>-T3: Msg #1140, C-Out: 23.10 18:11:19,712| HBQ-In: 23.10 18:11:19,712| DQ-In: 23.10 18:11:20,121| C-In: 23.10 18:11:20,342|
lab29-70-<0.519.0>-T3: Msg #1141, C-Out: 23.10 18:11:19,713| HBQ-In: 23.10 18:11:19,713| DQ-In: 23.10 18:11:20,121| C-In: 23.10 18:11:20,344|
lab29-80-<0.164.0>-T3: Msg #1142, C-Out: 23.10 18:11:19,760| HBQ-In: 23.10 18:11:19,760| DQ-In: 23.10 18:11:20,121| C-In: 23.10 18:11:20,344|
lab29-90-<0.107.0>-T3: Msg #1143, C-Out: 23.10 18:11:19,760| HBQ-In: 23.10 18:11:19,760| DQ-In: 23.10 18:11:20,121| C-In: 23.10 18:11:20,345|
Fehlernachricht fuer Luecke von 1144 bis 1144 C-In: 23.10 18:11:20,345|
lab29-75-<0.200.0>-T3: Msg #1145, C-Out: 23.10 18:11:19,779| HBQ-In: 23.10 18:11:19,781| DQ-In: 23.10 18:11:20,319| C-In: 23.10 18:11:20,345|
Fehlernachricht fuer Luecke von 1146 bis 1146 C-In: 23.10 18:11:20,346|
lab29-59-<0.1234.0>-T3: Msg #1147, C-Out: 23.10 18:11:19,901| HBQ-In: 23.10 18:11:19,901| DQ-In: 23.10 18:11:20,319| C-In: 23.10 18:11:20,346|
lab29-64-<0.899.0>-T3: Msg #1148, C-Out: 23.10 18:11:19,901| HBQ-In: 23.10 18:11:19,901| DQ-In: 23.10 18:11:20,319| C-In: 23.10 18:11:20,346|
Fehlernachricht fuer Luecke von 1149 bis 1149 C-In: 23.10 18:11:20,349|
lab29-89-<0.113.0>-T3: Msg #1150, C-Out: 23.10 18:11:19,905| HBQ-In: 23.10 18:11:19,905| DQ-In: 23.10 18:11:20,329| C-In: 23.10 18:11:20,349|
lab29-54-<0.1586.0>-T3: Msg #1151, C-Out: 23.10 18:11:19,905| HBQ-In: 23.10 18:11:19,905| DQ-In: 23.10 18:11:20,329| C-In: 23.10 18:11:20,350|
lab29-84-<0.140.0>-T3: Msg #1152, C-Out: 23.10 18:11:19,905| HBQ-In: 23.10 18:11:19,905| DQ-In: 23.10 18:11:20,329| C-In: 23.10 18:11:20,352|
lab29-49-<0.1950.0>-T3: Msg #1153, C-Out: 23.10 18:11:19,909| HBQ-In: 23.10 18:11:19,909| DQ-In: 23.10 18:11:20,329| C-In: 23.10 18:11:20,354|
lab29-44-<0.2376.0>-T3: Msg #1154, C-Out: 23.10 18:11:19,913| HBQ-In: 23.10 18:11:19,914| DQ-In: 23.10 18:11:20,329| C-In: 23.10 18:11:20,357|
lab29-69-<0.583.0>-T3: Msg #1155, C-Out: 23.10 18:11:19,928| HBQ-In: 23.10 18:11:19,929| DQ-In: 23.10 18:11:20,329| C-In: 23.10 18:11:20,359|
lab29-79-<0.173.0>-T3: Msg #1156, C-Out: 23.10 18:11:19,958| HBQ-In: 23.10 18:11:19,958| DQ-In: 23.10 18:11:20,329| C-In: 23.10 18:11:20,361|
lab29-74-<0.266.0>-T3: Msg #1157, C-Out: 23.10 18:11:19,964| HBQ-In: 23.10 18:11:19,964| DQ-In: 23.10 18:11:20,329| C-In: 23.10 18:11:20,362|
ReceiveMsgs done
lab29-87-<0.123.0>-T3: Msg #1255, C-Out: 23.10 18:11:21,865| gesendet
lab29-87-<0.123.0>-T3: Msg #1366, C-Out: 23.10 18:11:23,366| gesendet
lab29-87-<0.123.0>-T3: Msg #1513, C-Out: 23.10 18:11:24,868| gesendet
lab29-87-<0.123.0>-T3: Msg #1640, C-Out: 23.10 18:11:26,371| gesendet
lab29-87-<0.123.0>-T3: Msg #1778, C-Out: 23.10 18:11:27,872| gesendet
Neues Intervall: 2.25 Sekunden
Msg #1946 um 23.10 18:11:27,873| vergessen zu senden
Fehlernachricht fuer Luecke von 1768 bis 1772 C-In: 23.10 18:11:27,874|
lab29-22-<0.4210.0>-T3: Msg #1773, C-Out: 23.10 18:11:27,345| HBQ-In: 23.10 18:11:27,346| DQ-In: 23.10 18:11:27,373| C-In: 23.10 18:11:27,874|
lab29-27-<0.3815.0>-T3: Msg #1774, C-Out: 23.10 18:11:27,345| HBQ-In: 23.10 18:11:27,346| DQ-In: 23.10 18:11:27,373| C-In: 23.10 18:11:27,874|
lab29-17-<0.4601.0>-T3: Msg #1775, C-Out: 23.10 18:11:27,350| HBQ-In: 23.10 18:11:27,350| DQ-In: 23.10 18:11:27,373| C-In: 23.10 18:11:27,875|
lab29-12-<0.4991.0>-T3: Msg #1776, C-Out: 23.10 18:11:27,353| HBQ-In: 23.10 18:11:27,353| DQ-In: 23.10 18:11:27,373| C-In: 23.10 18:11:27,875|
lab29-7-<0.5358.0>-T3: Msg #1777, C-Out: 23.10 18:11:27,359| HBQ-In: 23.10 18:11:27,359| DQ-In: 23.10 18:11:27,373| C-In: 23.10 18:11:27,876|
Fehlernachricht fuer Luecke von 1778 bis 1778******* C-In: 23.10 18:11:27,876|
lab29-32-<0.3394.0>-T3: Msg #1779, C-Out: 23.10 18:11:27,373| HBQ-In: 23.10 18:11:27,373| DQ-In: 23.10 18:11:27,546| C-In: 23.10 18:11:27,876|
Fehlernachricht fuer Luecke von 1780 bis 1780 C-In: 23.10 18:11:27,877|
lab29-47-<0.2127.0>-T3: Msg #1781, C-Out: 23.10 18:11:27,380| HBQ-In: 23.10 18:11:27,380| DQ-In: 23.10 18:11:27,554| C-In: 23.10 18:11:27,877|
lab29-42-<0.2545.0>-T3: Msg #1782, C-Out: 23.10 18:11:27,380| HBQ-In: 23.10 18:11:27,380| DQ-In: 23.10 18:11:27,554| C-In: 23.10 18:11:27,877|
Fehlernachricht fuer Luecke von 1783 bis 1783 C-In: 23.10 18:11:27,878|
lab29-52-<0.1713.0>-T3: Msg #1784, C-Out: 23.10 18:11:27,386| HBQ-In: 23.10 18:11:27,386| DQ-In: 23.10 18:11:27,556| C-In: 23.10 18:11:27,878|
Fehlernachricht fuer Luecke von 1785 bis 1785 C-In: 23.10 18:11:27,880|
lab29-37-<0.2967.0>-T3: Msg #1786, C-Out: 23.10 18:11:27,388| HBQ-In: 23.10 18:11:27,391| DQ-In: 23.10 18:11:27,557| C-In: 23.10 18:11:27,881|
Fehlernachricht fuer Luecke von 1787 bis 1790 C-In: 23.10 18:11:27,881|
lab29-26-<0.3898.0>-T3: Msg #1791, C-Out: 23.10 18:11:27,545| HBQ-In: 23.10 18:11:27,546| DQ-In: 23.10 18:11:27,564| C-In: 23.10 18:11:27,883|
Fehlernachricht fuer Luecke von 1792 bis 1792 C-In: 23.10 18:11:27,883|
lab29-21-<0.4291.0>-T3: Msg #1793, C-Out: 23.10 18:11:27,552| HBQ-In: 23.10 18:11:27,554| DQ-In: 23.10 18:11:27,572| C-In: 23.10 18:11:27,885|
Fehlernachricht fuer Luecke von 1794 bis 1794 C-In: 23.10 18:11:27,886|
lab29-16-<0.4681.0>-T3: Msg #1795, C-Out: 23.10 18:11:27,552| HBQ-In: 23.10 18:11:27,554| DQ-In: 23.10 18:11:27,577| C-In: 23.10 18:11:27,886|
lab29-11-<0.5067.0>-T3: Msg #1796, C-Out: 23.10 18:11:27,556| HBQ-In: 23.10 18:11:27,556| DQ-In: 23.10 18:11:27,577| C-In: 23.10 18:11:27,887|
lab29-46-<0.2213.0>-T3: Msg #1797, C-Out: 23.10 18:11:27,556| HBQ-In: 23.10 18:11:27,557| DQ-In: 23.10 18:11:27,577| C-In: 23.10 18:11:27,887|
lab29-6-<0.5440.0>-T3: Msg #1798, C-Out: 23.10 18:11:27,563| HBQ-In: 23.10 18:11:27,564| DQ-In: 23.10 18:11:27,577| C-In: 23.10 18:11:27,887|
lab29-31-<0.3480.0>-T3: Msg #1799, C-Out: 23.10 18:11:27,572| HBQ-In: 23.10 18:11:27,572| DQ-In: 23.10 18:11:27,578| C-In: 23.10 18:11:27,888|
lab29-51-<0.1789.0>-T3: Msg #1800, C-Out: 23.10 18:11:27,576| HBQ-In: 23.10 18:11:27,577| DQ-In: 23.10 18:11:27,578| C-In: 23.10 18:11:27,888|
lab29-36-<0.3048.0>-T3: Msg #1801, C-Out: 23.10 18:11:27,581| HBQ-In: 23.10 18:11:27,581| DQ-In: 23.10 18:11:27,581| C-In: 23.10 18:11:27,889|
Fehlernachricht fuer Luecke von 1802 bis 1802 C-In: 23.10 18:11:27,889|
lab29-41-<0.2632.0>-T3: Msg #1803, C-Out: 23.10 18:11:27,601| HBQ-In: 23.10 18:11:27,601| DQ-In: 23.10 18:11:27,756| C-In: 23.10 18:11:27,891|
Fehlernachricht fuer Luecke von 1804 bis 1805 C-In: 23.10 18:11:27,894|
2-client@lab23: 1806. Nachricht--Gruppe:1-Team:5-Sendezeit:18:11:26 HBQ-In: 23.10 18:11:26,629| DQ-In: 23.10 18:11:27,766| C-In: 23.10 18:11:27,896|
1-client@lab23: 1807. Nachricht--Gruppe:1-Team:5-Sendezeit:18:11:26 HBQ-In: 23.10 18:11:26,630| DQ-In: 23.10 18:11:27,766| C-In: 23.10 18:11:27,896|
3-client@lab23: 1808. Nachricht--Gruppe:1-Team:5-Sendezeit:18:11:26 HBQ-In: 23.10 18:11:26,635| DQ-In: 23.10 18:11:27,766| C-In: 23.10 18:11:27,897|
4-client@lab23: 1809. Nachricht--Gruppe:1-Team:5-Sendezeit:18:11:26 HBQ-In: 23.10 18:11:26,632| DQ-In: 23.10 18:11:27,766| C-In: 23.10 18:11:27,897|
2-client@lab23: 1810. Nachricht--Gruppe:1-Team:5-Sendezeit:18:11:26 HBQ-In: 23.10 18:11:26,635| DQ-In: 23.10 18:11:27,766| C-In: 23.10 18:11:27,897|
5-client@lab23: 1811. Nachricht--Gruppe:1-Team:5-Sendezeit:18:11:26 HBQ-In: 23.10 18:11:26,635| DQ-In: 23.10 18:11:27,766| C-In: 23.10 18:11:27,898|
1-client@lab23: 1812. Nachricht--Gruppe:1-Team:5-Sendezeit:18:11:26 HBQ-In: 23.10 18:11:26,635| DQ-In: 23.10 18:11:27,766| C-In: 23.10 18:11:27,898|
4-client@lab23: 1813. Nachricht--Gruppe:1-Team:5-Sendezeit:18:11:26 HBQ-In: 23.10 18:11:26,635| DQ-In: 23.10 18:11:27,766| C-In: 23.10 18:11:27,900|
3-client@lab23: 1814. Nachricht--Gruppe:1-Team:5-Sendezeit:18:11:26 HBQ-In: 23.10 18:11:26,636| DQ-In: 23.10 18:11:27,766| C-In: 23.10 18:11:27,901|
5-client@lab23: 1815. Nachricht--Gruppe:1-Team:5-Sendezeit:18:11:26 HBQ-In: 23.10 18:11:26,638| DQ-In: 23.10 18:11:27,766| C-In: 23.10 18:11:27,901|
2-client@lab23: 1816. Nachricht--Gruppe:1-Team:5-Sendezeit:18:11:26 HBQ-In: 23.10 18:11:26,641| DQ-In: 23.10 18:11:27,766| C-In: 23.10 18:11:27,901|
1-client@lab23: 1817. Nachricht--Gruppe:1-Team:5-Sendezeit:18:11:26 HBQ-In: 23.10 18:11:26,641| DQ-In: 23.10 18:11:27,766| C-In: 23.10 18:11:27,902|
4-client@lab23: 1818. Nachricht--Gruppe:1-Team:5-Sendezeit:18:11:26 HBQ-In: 23.10 18:11:26,641| DQ-In: 23.10 18:11:27,766| C-In: 23.10 18:11:27,904|
3-client@lab23: 1819. Nachricht--Gruppe:1-Team:5-Sendezeit:18:11:26 HBQ-In: 23.10 18:11:26,641| DQ-In: 23.10 18:11:27,766| C-In: 23.10 18:11:27,907|
5-client@lab23: 1820. Nachricht--Gruppe:1-Team:5-Sendezeit:18:11:26 HBQ-In: 23.10 18:11:26,641| DQ-In: 23.10 18:11:27,766| C-In: 23.10 18:11:27,907|
2-client@lab23: 1821. Nachricht--Gruppe:1-Team:5-Sendezeit:18:11:26 HBQ-In: 23.10 18:11:26,644| DQ-In: 23.10 18:11:27,766| C-In: 23.10 18:11:27,907|
5-client@lab23: 1822. Nachricht--Gruppe:1-Team:5-Sendezeit:18:11:26 HBQ-In: 23.10 18:11:26,644| DQ-In: 23.10 18:11:27,766| C-In: 23.10 18:11:27,908|
1-client@lab23: 1823. Nachricht--Gruppe:1-Team:5-Sendezeit:18:11:26 HBQ-In: 23.10 18:11:26,644| DQ-In: 23.10 18:11:27,766| C-In: 23.10 18:11:27,908|
4-client@lab23: 1824. Nachricht--Gruppe:1-Team:5-Sendezeit:18:11:26 HBQ-In: 23.10 18:11:26,645| DQ-In: 23.10 18:11:27,766| C-In: 23.10 18:11:27,908|
3-client@lab23: 1825. Nachricht--Gruppe:1-Team:5-Sendezeit:18:11:26 HBQ-In: 23.10 18:11:26,645| DQ-In: 23.10 18:11:27,766| C-In: 23.10 18:11:27,909|
ReceiveMsgs done
lab29-87-<0.123.0>-T3: Msg #1949, C-Out: 23.10 18:11:30,160| gesendet
lab29-87-<0.123.0>-T3: Msg #2157, C-Out: 23.10 18:11:32,412| gesendet
lab29-87-<0.123.0>-T3: Msg #2374, C-Out: 23.10 18:11:34,663| gesendet
lab29-87-<0.123.0>-T3: Msg #2551, C-Out: 23.10 18:11:36,915| gesendet
lab29-87-<0.123.0>-T3: Msg #2733, C-Out: 23.10 18:11:39,166| gesendet
Neues Intervall: 3.375 Sekunden
