lab29-81-<0.159.0>-T3 C-Start: 23.10 18:11:11,463|
lab29-81-<0.159.0>-T3: Msg #758, C-Out: 23.10 18:11:12,467| gesendet
lab29-81-<0.159.0>-T3: Msg #787, C-Out: 23.10 18:11:13,470| gesendet
lab29-81-<0.159.0>-T3: Msg #820, C-Out: 23.10 18:11:14,473| gesendet
lab29-81-<0.159.0>-T3: Msg #883, C-Out: 23.10 18:11:15,474| gesendet
lab29-81-<0.159.0>-T3: Msg #926, C-Out: 23.10 18:11:16,475| gesendet
Neues Intervall: 1 Sekunden
Msg #979 um 23.10 18:11:16,475| vergessen zu senden
lab29-78-<0.180.0>-T3: Msg #843, C-Out: 23.10 18:11:15,077| HBQ-In: 23.10 18:11:15,077| DQ-In: 23.10 18:11:15,153| C-In: 23.10 18:11:16,475|
lab29-73-<0.332.0>-T3: Msg #844, C-Out: 23.10 18:11:15,082| HBQ-In: 23.10 18:11:15,082| DQ-In: 23.10 18:11:15,153| C-In: 23.10 18:11:16,476|
lab29-68-<0.633.0>-T3: Msg #845, C-Out: 23.10 18:11:15,088| HBQ-In: 23.10 18:11:15,090| DQ-In: 23.10 18:11:15,153| C-In: 23.10 18:11:16,478|
lab29-93-<0.95.0>-T3: Msg #846, C-Out: 23.10 18:11:15,104| HBQ-In: 23.10 18:11:15,104| DQ-In: 23.10 18:11:15,154| C-In: 23.10 18:11:16,478|
lab29-98-<0.78.0>-T3: Msg #847, C-Out: 23.10 18:11:15,153| HBQ-In: 23.10 18:11:15,153| DQ-In: 23.10 18:11:15,154| C-In: 23.10 18:11:16,479|
Fehlernachricht fuer Luecke von 848 bis 848 C-In: 23.10 18:11:16,479|
lab29-87-<0.123.0>-T3: Msg #849, C-Out: 23.10 18:11:15,272| HBQ-In: 23.10 18:11:15,272| DQ-In: 23.10 18:11:15,324| C-In: 23.10 18:11:16,480|
lab29-82-<0.153.0>-T3: Msg #850, C-Out: 23.10 18:11:15,280| HBQ-In: 23.10 18:11:15,280| DQ-In: 23.10 18:11:15,324| C-In: 23.10 18:11:16,480|
lab29-77-<0.187.0>-T3: Msg #851, C-Out: 23.10 18:11:15,283| HBQ-In: 23.10 18:11:15,283| DQ-In: 23.10 18:11:15,324| C-In: 23.10 18:11:16,480|
lab29-72-<0.396.0>-T3: Msg #852, C-Out: 23.10 18:11:15,283| HBQ-In: 23.10 18:11:15,283| DQ-In: 23.10 18:11:15,324| C-In: 23.10 18:11:16,480|
lab29-67-<0.708.0>-T3: Msg #853, C-Out: 23.10 18:11:15,285| HBQ-In: 23.10 18:11:15,286| DQ-In: 23.10 18:11:15,324| C-In: 23.10 18:11:16,481|
lab29-92-<0.99.0>-T3: Msg #854, C-Out: 23.10 18:11:15,322| HBQ-In: 23.10 18:11:15,324| DQ-In: 23.10 18:11:15,324| C-In: 23.10 18:11:16,481|
lab29-97-<0.81.0>-T3: Msg #855, C-Out: 23.10 18:11:15,433| HBQ-In: 23.10 18:11:15,435| DQ-In: 23.10 18:11:15,435| C-In: 23.10 18:11:16,481|
3-client@lab23: 856. Nachricht--Gruppe:1-Team:5-Sendezeit:18:11:14 HBQ-In: 23.10 18:11:14,454| DQ-In: 23.10 18:11:15,435| C-In: 23.10 18:11:16,482|
1-client@lab23: 857. Nachricht--Gruppe:1-Team:5-Sendezeit:18:11:14 HBQ-In: 23.10 18:11:14,455| DQ-In: 23.10 18:11:15,435| C-In: 23.10 18:11:16,482|
2-client@lab23: 858. Nachricht--Gruppe:1-Team:5-Sendezeit:18:11:14 HBQ-In: 23.10 18:11:14,457| DQ-In: 23.10 18:11:15,435| C-In: 23.10 18:11:16,485|
5-client@lab23: 859. Nachricht--Gruppe:1-Team:5-Sendezeit:18:11:14 HBQ-In: 23.10 18:11:14,457| DQ-In: 23.10 18:11:15,435| C-In: 23.10 18:11:16,487|
4-client@lab23: 860. Nachricht--Gruppe:1-Team:5-Sendezeit:18:11:14 HBQ-In: 23.10 18:11:14,457| DQ-In: 23.10 18:11:15,435| C-In: 23.10 18:11:16,488|
3-client@lab23: 861. Nachricht--Gruppe:1-Team:5-Sendezeit:18:11:14 HBQ-In: 23.10 18:11:14,458| DQ-In: 23.10 18:11:15,435| C-In: 23.10 18:11:16,488|
1-client@lab23: 862. Nachricht--Gruppe:1-Team:5-Sendezeit:18:11:14 HBQ-In: 23.10 18:11:14,458| DQ-In: 23.10 18:11:15,435| C-In: 23.10 18:11:16,488|
4-client@lab23: 863. Nachricht--Gruppe:1-Team:5-Sendezeit:18:11:14 HBQ-In: 23.10 18:11:14,459| DQ-In: 23.10 18:11:15,435| C-In: 23.10 18:11:16,489|
5-client@lab23: 864. Nachricht--Gruppe:1-Team:5-Sendezeit:18:11:14 HBQ-In: 23.10 18:11:14,460| DQ-In: 23.10 18:11:15,436| C-In: 23.10 18:11:16,489|
2-client@lab23: 865. Nachricht--Gruppe:1-Team:5-Sendezeit:18:11:14 HBQ-In: 23.10 18:11:14,460| DQ-In: 23.10 18:11:15,436| C-In: 23.10 18:11:16,489|
3-client@lab23: 866. Nachricht--Gruppe:1-Team:5-Sendezeit:18:11:14 HBQ-In: 23.10 18:11:14,461| DQ-In: 23.10 18:11:15,436| C-In: 23.10 18:11:16,490|
1-client@lab23: 867. Nachricht--Gruppe:1-Team:5-Sendezeit:18:11:14 HBQ-In: 23.10 18:11:14,461| DQ-In: 23.10 18:11:15,436| C-In: 23.10 18:11:16,490|
4-client@lab23: 868. Nachricht--Gruppe:1-Team:5-Sendezeit:18:11:14 HBQ-In: 23.10 18:11:14,465| DQ-In: 23.10 18:11:15,436| C-In: 23.10 18:11:16,490|
5-client@lab23: 869. Nachricht--Gruppe:1-Team:5-Sendezeit:18:11:14 HBQ-In: 23.10 18:11:14,465| DQ-In: 23.10 18:11:15,436| C-In: 23.10 18:11:16,491|
2-client@lab23: 870. Nachricht--Gruppe:1-Team:5-Sendezeit:18:11:14 HBQ-In: 23.10 18:11:14,466| DQ-In: 23.10 18:11:15,436| C-In: 23.10 18:11:16,491|
3-client@lab23: 871. Nachricht--Gruppe:1-Team:5-Sendezeit:18:11:14 HBQ-In: 23.10 18:11:14,466| DQ-In: 23.10 18:11:15,436| C-In: 23.10 18:11:16,491|
1-client@lab23: 872. Nachricht--Gruppe:1-Team:5-Sendezeit:18:11:14 HBQ-In: 23.10 18:11:14,466| DQ-In: 23.10 18:11:15,436| C-In: 23.10 18:11:16,492|
4-client@lab23: 873. Nachricht--Gruppe:1-Team:5-Sendezeit:18:11:14 HBQ-In: 23.10 18:11:14,467| DQ-In: 23.10 18:11:15,436| C-In: 23.10 18:11:16,492|
5-client@lab23: 874. Nachricht--Gruppe:1-Team:5-Sendezeit:18:11:14 HBQ-In: 23.10 18:11:14,467| DQ-In: 23.10 18:11:15,436| C-In: 23.10 18:11:16,492|
2-client@lab23: 875. Nachricht--Gruppe:1-Team:5-Sendezeit:18:11:14 HBQ-In: 23.10 18:11:14,468| DQ-In: 23.10 18:11:15,436| C-In: 23.10 18:11:16,493|
Fehlernachricht fuer Luecke von 876 bis 881 C-In: 23.10 18:11:16,493|
lab29-86-<0.129.0>-T3: Msg #882, C-Out: 23.10 18:11:15,472| HBQ-In: 23.10 18:11:15,472| DQ-In: 23.10 18:11:16,085| C-In: 23.10 18:11:16,493|
lab29-81-<0.159.0>-T3: Msg #883, C-Out: 23.10 18:11:15,474| HBQ-In: 23.10 18:11:15,474| DQ-In: 23.10 18:11:16,085|******* C-In: 23.10 18:11:16,494|
lab29-76-<0.194.0>-T3: Msg #884, C-Out: 23.10 18:11:15,482| HBQ-In: 23.10 18:11:15,482| DQ-In: 23.10 18:11:16,085| C-In: 23.10 18:11:16,494|
lab29-71-<0.461.0>-T3: Msg #885, C-Out: 23.10 18:11:15,485| HBQ-In: 23.10 18:11:15,486| DQ-In: 23.10 18:11:16,085| C-In: 23.10 18:11:16,494|
lab29-66-<0.743.0>-T3: Msg #886, C-Out: 23.10 18:11:15,486| HBQ-In: 23.10 18:11:15,486| DQ-In: 23.10 18:11:16,085| C-In: 23.10 18:11:16,495|
lab29-91-<0.103.0>-T3: Msg #887, C-Out: 23.10 18:11:15,547| HBQ-In: 23.10 18:11:15,547| DQ-In: 23.10 18:11:16,085| C-In: 23.10 18:11:16,495|
lab29-96-<0.84.0>-T3: Msg #888, C-Out: 23.10 18:11:15,591| HBQ-In: 23.10 18:11:15,591| DQ-In: 23.10 18:11:16,085| C-In: 23.10 18:11:16,495|
Fehlernachricht fuer Luecke von 889 bis 889 C-In: 23.10 18:11:16,497|
lab29-85-<0.133.0>-T3: Msg #890, C-Out: 23.10 18:11:15,673| HBQ-In: 23.10 18:11:15,673| DQ-In: 23.10 18:11:16,286| C-In: 23.10 18:11:16,497|
lab29-80-<0.164.0>-T3: Msg #891, C-Out: 23.10 18:11:15,678| HBQ-In: 23.10 18:11:15,678| DQ-In: 23.10 18:11:16,286| C-In: 23.10 18:11:16,498|
lab29-75-<0.200.0>-T3: Msg #892, C-Out: 23.10 18:11:15,686| HBQ-In: 23.10 18:11:15,687| DQ-In: 23.10 18:11:16,286| C-In: 23.10 18:11:16,498|
lab29-70-<0.519.0>-T3: Msg #893, C-Out: 23.10 18:11:15,686| HBQ-In: 23.10 18:11:15,687| DQ-In: 23.10 18:11:16,286| C-In: 23.10 18:11:16,498|
lab29-65-<0.819.0>-T3: Msg #894, C-Out: 23.10 18:11:15,687| HBQ-In: 23.10 18:11:15,687| DQ-In: 23.10 18:11:16,286| C-In: 23.10 18:11:16,499|
lab29-90-<0.107.0>-T3: Msg #895, C-Out: 23.10 18:11:15,754| HBQ-In: 23.10 18:11:15,754| DQ-In: 23.10 18:11:16,286| C-In: 23.10 18:11:16,501|
lab29-100-<0.40.0>-T3: Msg #896, C-Out: 23.10 18:11:15,766| HBQ-In: 23.10 18:11:15,766| DQ-In: 23.10 18:11:16,286| C-In: 23.10 18:11:16,501|
lab29-95-<0.87.0>-T3: Msg #897, C-Out: 23.10 18:11:15,766| HBQ-In: 23.10 18:11:15,766| DQ-In: 23.10 18:11:16,286| C-In: 23.10 18:11:16,502|
Fehlernachricht fuer Luecke von 898 bis 898 C-In: 23.10 18:11:16,502|
lab29-84-<0.140.0>-T3: Msg #899, C-Out: 23.10 18:11:15,871| HBQ-In: 23.10 18:11:15,871| DQ-In: 23.10 18:11:16,487| C-In: 23.10 18:11:16,502|
lab29-79-<0.173.0>-T3: Msg #900, C-Out: 23.10 18:11:15,882| HBQ-In: 23.10 18:11:15,882| DQ-In: 23.10 18:11:16,487| C-In: 23.10 18:11:16,503|
lab29-74-<0.266.0>-T3: Msg #901, C-Out: 23.10 18:11:15,882| HBQ-In: 23.10 18:11:15,882| DQ-In: 23.10 18:11:16,487| C-In: 23.10 18:11:16,503|
lab29-69-<0.583.0>-T3: Msg #902, C-Out: 23.10 18:11:15,887| HBQ-In: 23.10 18:11:15,888| DQ-In: 23.10 18:11:16,487| C-In: 23.10 18:11:16,503|
lab29-64-<0.899.0>-T3: Msg #903, C-Out: 23.10 18:11:15,889| HBQ-In: 23.10 18:11:15,891| DQ-In: 23.10 18:11:16,487| C-In: 23.10 18:11:16,504|
lab29-89-<0.113.0>-T3: Msg #904, C-Out: 23.10 18:11:15,898| HBQ-In: 23.10 18:11:15,899| DQ-In: 23.10 18:11:16,487| C-In: 23.10 18:11:16,504|
lab29-99-<0.49.0>-T3: Msg #905, C-Out: 23.10 18:11:15,940| HBQ-In: 23.10 18:11:15,940| DQ-In: 23.10 18:11:16,487| C-In: 23.10 18:11:16,504|
lab29-94-<0.91.0>-T3: Msg #906, C-Out: 23.10 18:11:15,994| HBQ-In: 23.10 18:11:15,994| DQ-In: 23.10 18:11:16,487| C-In: 23.10 18:11:16,505|
ReceiveMsgs done
lab29-81-<0.159.0>-T3: Msg #985, C-Out: 23.10 18:11:17,506| gesendet
lab29-81-<0.159.0>-T3: Msg #1039, C-Out: 23.10 18:11:18,510| gesendet
lab29-81-<0.159.0>-T3: Msg #1112, C-Out: 23.10 18:11:19,511| gesendet
lab29-81-<0.159.0>-T3: Msg #1192, C-Out: 23.10 18:11:20,512| gesendet
lab29-81-<0.159.0>-T3: Msg #1259, C-Out: 23.10 18:11:21,514| gesendet
Neues Intervall: 1.5 Sekunden
Msg #1340 um 23.10 18:11:21,516| vergessen zu senden
lab29-47-<0.2127.0>-T3: Msg #1177, C-Out: 23.10 18:11:20,319| HBQ-In: 23.10 18:11:20,319| DQ-In: 23.10 18:11:20,714| C-In: 23.10 18:11:21,517|
lab29-52-<0.1713.0>-T3: Msg #1178, C-Out: 23.10 18:11:20,319| HBQ-In: 23.10 18:11:20,319| DQ-In: 23.10 18:11:20,714| C-In: 23.10 18:11:21,518|
lab29-82-<0.153.0>-T3: Msg #1179, C-Out: 23.10 18:11:20,319| HBQ-In: 23.10 18:11:20,319| DQ-In: 23.10 18:11:20,714| C-In: 23.10 18:11:21,518|
lab29-42-<0.2545.0>-T3: Msg #1180, C-Out: 23.10 18:11:20,320| HBQ-In: 23.10 18:11:20,322| DQ-In: 23.10 18:11:20,714| C-In: 23.10 18:11:21,518|
lab29-72-<0.396.0>-T3: Msg #1181, C-Out: 23.10 18:11:20,327| HBQ-In: 23.10 18:11:20,329| DQ-In: 23.10 18:11:20,714| C-In: 23.10 18:11:21,519|
Fehlernachricht fuer Luecke von 1182 bis 1182 C-In: 23.10 18:11:21,519|
lab29-67-<0.708.0>-T3: Msg #1183, C-Out: 23.10 18:11:20,341| HBQ-In: 23.10 18:11:20,341| DQ-In: 23.10 18:11:20,906| C-In: 23.10 18:11:21,519|
lab29-77-<0.187.0>-T3: Msg #1184, C-Out: 23.10 18:11:20,381| HBQ-In: 23.10 18:11:20,381| DQ-In: 23.10 18:11:20,906| C-In: 23.10 18:11:21,519|
lab29-100-<0.40.0>-T3: Msg #1185, C-Out: 23.10 18:11:20,882| HBQ-In: 23.10 18:11:20,882| DQ-In: 23.10 18:11:20,906| C-In: 23.10 18:11:21,520|
lab29-92-<0.99.0>-T3: Msg #1186, C-Out: 23.10 18:11:20,897| HBQ-In: 23.10 18:11:20,897| DQ-In: 23.10 18:11:20,906| C-In: 23.10 18:11:21,520|
Fehlernachricht fuer Luecke von 1187 bis 1188 C-In: 23.10 18:11:21,521|
lab29-61-<0.1100.0>-T3: Msg #1189, C-Out: 23.10 18:11:20,504| HBQ-In: 23.10 18:11:20,505| DQ-In: 23.10 18:11:20,923| C-In: 23.10 18:11:21,521|
lab29-56-<0.1439.0>-T3: Msg #1190, C-Out: 23.10 18:11:20,507| HBQ-In: 23.10 18:11:20,508| DQ-In: 23.10 18:11:20,923| C-In: 23.10 18:11:21,521|
lab29-51-<0.1789.0>-T3: Msg #1191, C-Out: 23.10 18:11:20,512| HBQ-In: 23.10 18:11:20,513| DQ-In: 23.10 18:11:20,923| C-In: 23.10 18:11:21,521|
lab29-81-<0.159.0>-T3: Msg #1192, C-Out: 23.10 18:11:20,512| HBQ-In: 23.10 18:11:20,513| DQ-In: 23.10 18:11:20,923|******* C-In: 23.10 18:11:21,522|
lab29-46-<0.2213.0>-T3: Msg #1193, C-Out: 23.10 18:11:20,513| HBQ-In: 23.10 18:11:20,513| DQ-In: 23.10 18:11:20,923| C-In: 23.10 18:11:21,524|
lab29-41-<0.2632.0>-T3: Msg #1194, C-Out: 23.10 18:11:20,521| HBQ-In: 23.10 18:11:20,521| DQ-In: 23.10 18:11:20,923| C-In: 23.10 18:11:21,525|
lab29-66-<0.743.0>-T3: Msg #1195, C-Out: 23.10 18:11:20,538| HBQ-In: 23.10 18:11:20,538| DQ-In: 23.10 18:11:20,923| C-In: 23.10 18:11:21,527|
Fehlernachricht fuer Luecke von 1196 bis 1196 C-In: 23.10 18:11:21,527|
lab29-86-<0.129.0>-T3: Msg #1197, C-Out: 23.10 18:11:20,567| HBQ-In: 23.10 18:11:20,568| DQ-In: 23.10 18:11:21,107| C-In: 23.10 18:11:21,528|
lab29-76-<0.194.0>-T3: Msg #1198, C-Out: 23.10 18:11:20,587| HBQ-In: 23.10 18:11:20,589| DQ-In: 23.10 18:11:21,107| C-In: 23.10 18:11:21,528|
lab29-91-<0.103.0>-T3: Msg #1199, C-Out: 23.10 18:11:21,102| HBQ-In: 23.10 18:11:21,104| DQ-In: 23.10 18:11:21,107| C-In: 23.10 18:11:21,528|
lab29-71-<0.461.0>-T3: Msg #1200, C-Out: 23.10 18:11:20,609| HBQ-In: 23.10 18:11:20,610| DQ-In: 23.10 18:11:21,107| C-In: 23.10 18:11:21,529|
Fehlernachricht fuer Luecke von 1201 bis 1202 C-In: 23.10 18:11:21,530|
lab29-85-<0.133.0>-T3: Msg #1203, C-Out: 23.10 18:11:20,707| HBQ-In: 23.10 18:11:20,708| DQ-In: 23.10 18:11:21,125| C-In: 23.10 18:11:21,530|
lab29-60-<0.1170.0>-T3: Msg #1204, C-Out: 23.10 18:11:20,707| HBQ-In: 23.10 18:11:20,708| DQ-In: 23.10 18:11:21,125| C-In: 23.10 18:11:21,530|
lab29-55-<0.1513.0>-T3: Msg #1205, C-Out: 23.10 18:11:20,708| HBQ-In: 23.10 18:11:20,708| DQ-In: 23.10 18:11:21,125| C-In: 23.10 18:11:21,530|
lab29-50-<0.1864.0>-T3: Msg #1206, C-Out: 23.10 18:11:20,708| HBQ-In: 23.10 18:11:20,708| DQ-In: 23.10 18:11:21,125| C-In: 23.10 18:11:21,531|
lab29-45-<0.2293.0>-T3: Msg #1207, C-Out: 23.10 18:11:20,713| HBQ-In: 23.10 18:11:20,713| DQ-In: 23.10 18:11:21,125| C-In: 23.10 18:11:21,531|
lab29-70-<0.519.0>-T3: Msg #1208, C-Out: 23.10 18:11:20,714| HBQ-In: 23.10 18:11:20,714| DQ-In: 23.10 18:11:21,125| C-In: 23.10 18:11:21,531|
lab29-40-<0.2707.0>-T3: Msg #1209, C-Out: 23.10 18:11:20,720| HBQ-In: 23.10 18:11:20,720| DQ-In: 23.10 18:11:21,125| C-In: 23.10 18:11:21,532|
lab29-65-<0.819.0>-T3: Msg #1210, C-Out: 23.10 18:11:20,724| HBQ-In: 23.10 18:11:20,724| DQ-In: 23.10 18:11:21,125| C-In: 23.10 18:11:21,532|
Fehlernachricht fuer Luecke von 1211 bis 1211 C-In: 23.10 18:11:21,532|
lab29-80-<0.164.0>-T3: Msg #1212, C-Out: 23.10 18:11:20,761| HBQ-In: 23.10 18:11:20,761| DQ-In: 23.10 18:11:21,322| C-In: 23.10 18:11:21,533|
lab29-75-<0.200.0>-T3: Msg #1213, C-Out: 23.10 18:11:20,783| HBQ-In: 23.10 18:11:20,783| DQ-In: 23.10 18:11:21,322| C-In: 23.10 18:11:21,533|
lab29-90-<0.107.0>-T3: Msg #1214, C-Out: 23.10 18:11:21,301| HBQ-In: 23.10 18:11:21,302| DQ-In: 23.10 18:11:21,322| C-In: 23.10 18:11:21,533|
Fehlernachricht fuer Luecke von 1215 bis 1215 C-In: 23.10 18:11:21,534|
lab29-59-<0.1234.0>-T3: Msg #1216, C-Out: 23.10 18:11:20,902| HBQ-In: 23.10 18:11:20,902| DQ-In: 23.10 18:11:21,325| C-In: 23.10 18:11:21,534|
lab29-84-<0.140.0>-T3: Msg #1217, C-Out: 23.10 18:11:20,906| HBQ-In: 23.10 18:11:20,906| DQ-In: 23.10 18:11:21,325| C-In: 23.10 18:11:21,535|
lab29-54-<0.1586.0>-T3: Msg #1218, C-Out: 23.10 18:11:20,906| HBQ-In: 23.10 18:11:20,906| DQ-In: 23.10 18:11:21,325| C-In: 23.10 18:11:21,535|
Fehlernachricht fuer Luecke von 1219 bis 1219 C-In: 23.10 18:11:21,535|
lab29-49-<0.1950.0>-T3: Msg #1220, C-Out: 23.10 18:11:20,910| HBQ-In: 23.10 18:11:20,910| DQ-In: 23.10 18:11:21,346| C-In: 23.10 18:11:21,535|
lab29-44-<0.2376.0>-T3: Msg #1221, C-Out: 23.10 18:11:20,915| HBQ-In: 23.10 18:11:20,915| DQ-In: 23.10 18:11:21,346| C-In: 23.10 18:11:21,536|
lab29-39-<0.2795.0>-T3: Msg #1222, C-Out: 23.10 18:11:20,921| HBQ-In: 23.10 18:11:20,923| DQ-In: 23.10 18:11:21,346| C-In: 23.10 18:11:21,538|
lab29-64-<0.899.0>-T3: Msg #1223, C-Out: 23.10 18:11:20,927| HBQ-In: 23.10 18:11:20,928| DQ-In: 23.10 18:11:21,346| C-In: 23.10 18:11:21,539|
lab29-69-<0.583.0>-T3: Msg #1224, C-Out: 23.10 18:11:20,931| HBQ-In: 23.10 18:11:20,931| DQ-In: 23.10 18:11:21,346| C-In: 23.10 18:11:21,539|
lab29-89-<0.113.0>-T3: Msg #1225, C-Out: 23.10 18:11:21,431| HBQ-In: 23.10 18:11:21,431| DQ-In: 23.10 18:11:21,431| C-In: 23.10 18:11:21,540|
lab29-79-<0.173.0>-T3: Msg #1226, C-Out: 23.10 18:11:20,960| HBQ-In: 23.10 18:11:20,960| DQ-In: 23.10 18:11:21,431| C-In: 23.10 18:11:21,540|
lab29-74-<0.266.0>-T3: Msg #1227, C-Out: 23.10 18:11:20,967| HBQ-In: 23.10 18:11:20,968| DQ-In: 23.10 18:11:21,431| C-In: 23.10 18:11:21,540|
lab29-97-<0.81.0>-T3: Msg #1228, C-Out: 23.10 18:11:21,500| HBQ-In: 23.10 18:11:21,501| DQ-In: 23.10 18:11:21,501| C-In: 23.10 18:11:21,540|
Fehlernachricht fuer Luecke von 1229 bis 1229 C-In: 23.10 18:11:21,541|
lab29-58-<0.1296.0>-T3: Msg #1230, C-Out: 23.10 18:11:21,104| HBQ-In: 23.10 18:11:21,104| DQ-In: 23.10 18:11:21,527| C-In: 23.10 18:11:21,541|
lab29-53-<0.1650.0>-T3: Msg #1231, C-Out: 23.10 18:11:21,107| HBQ-In: 23.10 18:11:21,107| DQ-In: 23.10 18:11:21,527| C-In: 23.10 18:11:21,543|
lab29-48-<0.2035.0>-T3: Msg #1232, C-Out: 23.10 18:11:21,119| HBQ-In: 23.10 18:11:21,121| DQ-In: 23.10 18:11:21,527| C-In: 23.10 18:11:21,544|
lab29-43-<0.2458.0>-T3: Msg #1233, C-Out: 23.10 18:11:21,119| HBQ-In: 23.10 18:11:21,121| DQ-In: 23.10 18:11:21,527| C-In: 23.10 18:11:21,544|
lab29-83-<0.147.0>-T3: Msg #1234, C-Out: 23.10 18:11:21,120| HBQ-In: 23.10 18:11:21,121| DQ-In: 23.10 18:11:21,527| C-In: 23.10 18:11:21,544|
lab29-78-<0.180.0>-T3: Msg #1235, C-Out: 23.10 18:11:21,123| HBQ-In: 23.10 18:11:21,125| DQ-In: 23.10 18:11:21,527| C-In: 23.10 18:11:21,545|
lab29-38-<0.2880.0>-T3: Msg #1236, C-Out: 23.10 18:11:21,128| HBQ-In: 23.10 18:11:21,130| DQ-In: 23.10 18:11:21,527| C-In: 23.10 18:11:21,545|
ReceiveMsgs done
lab29-81-<0.159.0>-T3: Msg #1346, C-Out: 23.10 18:11:23,048| gesendet
lab29-81-<0.159.0>-T3: Msg #1485, C-Out: 23.10 18:11:24,549| gesendet
lab29-81-<0.159.0>-T3: Msg #1611, C-Out: 23.10 18:11:26,050| gesendet
lab29-81-<0.159.0>-T3: Msg #1750, C-Out: 23.10 18:11:27,553| gesendet
lab29-81-<0.159.0>-T3: Msg #1915, C-Out: 23.10 18:11:29,055| gesendet
Neues Intervall: 2.25 Sekunden
Msg #2064 um 23.10 18:11:29,055| vergessen zu senden
lab29-4-<0.5587.0>-T3: Msg #1863, C-Out: 23.10 18:11:27,964| HBQ-In: 23.10 18:11:27,964| DQ-In: 23.10 18:11:28,401| C-In: 23.10 18:11:29,056|
lab29-44-<0.2376.0>-T3: Msg #1864, C-Out: 23.10 18:11:27,970| HBQ-In: 23.10 18:11:27,970| DQ-In: 23.10 18:11:28,401| C-In: 23.10 18:11:29,056|
Fehlernachricht fuer Luecke von 1865 bis 1865 C-In: 23.10 18:11:29,060|
lab29-34-<0.3220.0>-T3: Msg #1866, C-Out: 23.10 18:11:27,978| HBQ-In: 23.10 18:11:27,978| DQ-In: 23.10 18:11:28,557| C-In: 23.10 18:11:29,060|
lab29-69-<0.583.0>-T3: Msg #1867, C-Out: 23.10 18:11:28,482| HBQ-In: 23.10 18:11:28,482| DQ-In: 23.10 18:11:28,557| C-In: 23.10 18:11:29,061|
lab29-29-<0.3641.0>-T3: Msg #1868, C-Out: 23.10 18:11:27,991| HBQ-In: 23.10 18:11:27,992| DQ-In: 23.10 18:11:28,557| C-In: 23.10 18:11:29,061|
lab29-54-<0.1586.0>-T3: Msg #1869, C-Out: 23.10 18:11:28,519| HBQ-In: 23.10 18:11:28,519| DQ-In: 23.10 18:11:28,557| C-In: 23.10 18:11:29,062|
Fehlernachricht fuer Luecke von 1870 bis 1874 C-In: 23.10 18:11:29,065|
lab29-23-<0.4130.0>-T3: Msg #1875, C-Out: 23.10 18:11:28,149| HBQ-In: 23.10 18:11:28,149| DQ-In: 23.10 18:11:28,570| C-In: 23.10 18:11:29,066|
lab29-18-<0.4519.0>-T3: Msg #1876, C-Out: 23.10 18:11:28,153| HBQ-In: 23.10 18:11:28,153| DQ-In: 23.10 18:11:28,570| C-In: 23.10 18:11:29,067|
Fehlernachricht fuer Luecke von 1877 bis 1877 C-In: 23.10 18:11:29,067|
lab29-13-<0.4921.0>-T3: Msg #1878, C-Out: 23.10 18:11:28,159| HBQ-In: 23.10 18:11:28,160| DQ-In: 23.10 18:11:28,582| C-In: 23.10 18:11:29,067|
lab29-8-<0.5273.0>-T3: Msg #1879, C-Out: 23.10 18:11:28,162| HBQ-In: 23.10 18:11:28,162| DQ-In: 23.10 18:11:28,582| C-In: 23.10 18:11:29,068|
lab29-48-<0.2035.0>-T3: Msg #1880, C-Out: 23.10 18:11:28,163| HBQ-In: 23.10 18:11:28,163| DQ-In: 23.10 18:11:28,582| C-In: 23.10 18:11:29,068|
lab29-83-<0.147.0>-T3: Msg #1881, C-Out: 23.10 18:11:28,663| HBQ-In: 23.10 18:11:28,663| DQ-In: 23.10 18:11:28,663| C-In: 23.10 18:11:29,071|
lab29-38-<0.2880.0>-T3: Msg #1882, C-Out: 23.10 18:11:28,163| HBQ-In: 23.10 18:11:28,163| DQ-In: 23.10 18:11:28,663| C-In: 23.10 18:11:29,074|
lab29-3-<0.5663.0>-T3: Msg #1883, C-Out: 23.10 18:11:28,164| HBQ-In: 23.10 18:11:28,164| DQ-In: 23.10 18:11:28,663| C-In: 23.10 18:11:29,076|
lab29-43-<0.2458.0>-T3: Msg #1884, C-Out: 23.10 18:11:28,181| HBQ-In: 23.10 18:11:28,181| DQ-In: 23.10 18:11:28,663| C-In: 23.10 18:11:29,078|
lab29-33-<0.3306.0>-T3: Msg #1885, C-Out: 23.10 18:11:28,181| HBQ-In: 23.10 18:11:28,181| DQ-In: 23.10 18:11:28,663| C-In: 23.10 18:11:29,083|
lab29-28-<0.3729.0>-T3: Msg #1886, C-Out: 23.10 18:11:28,199| HBQ-In: 23.10 18:11:28,199| DQ-In: 23.10 18:11:28,663| C-In: 23.10 18:11:29,083|
lab29-53-<0.1650.0>-T3: Msg #1887, C-Out: 23.10 18:11:28,699| HBQ-In: 23.10 18:11:28,699| DQ-In: 23.10 18:11:28,699| C-In: 23.10 18:11:29,083|
lab29-68-<0.633.0>-T3: Msg #1888, C-Out: 23.10 18:11:28,735| HBQ-In: 23.10 18:11:28,736| DQ-In: 23.10 18:11:28,736| C-In: 23.10 18:11:29,084|
Fehlernachricht fuer Luecke von 1889 bis 1890 C-In: 23.10 18:11:29,084|
lab29-22-<0.4210.0>-T3: Msg #1891, C-Out: 23.10 18:11:28,347| HBQ-In: 23.10 18:11:28,347| DQ-In: 23.10 18:11:28,769| C-In: 23.10 18:11:29,084|
Fehlernachricht fuer Luecke von 1892 bis 1892 C-In: 23.10 18:11:29,085|
lab29-17-<0.4601.0>-T3: Msg #1893, C-Out: 23.10 18:11:28,352| HBQ-In: 23.10 18:11:28,352| DQ-In: 23.10 18:11:28,774| C-In: 23.10 18:11:29,087|
lab29-12-<0.4991.0>-T3: Msg #1894, C-Out: 23.10 18:11:28,354| HBQ-In: 23.10 18:11:28,355| DQ-In: 23.10 18:11:28,774| C-In: 23.10 18:11:29,087|
lab29-7-<0.5358.0>-T3: Msg #1895, C-Out: 23.10 18:11:28,360| HBQ-In: 23.10 18:11:28,360| DQ-In: 23.10 18:11:28,774| C-In: 23.10 18:11:29,088|
lab29-2-<0.5741.0>-T3: Msg #1896, C-Out: 23.10 18:11:28,370| HBQ-In: 23.10 18:11:28,370| DQ-In: 23.10 18:11:28,774| C-In: 23.10 18:11:29,090|
lab29-75-<0.200.0>-T3: Msg #1897, C-Out: 23.10 18:11:28,874| HBQ-In: 23.10 18:11:28,876| DQ-In: 23.10 18:11:28,876| C-In: 23.10 18:11:29,091|
Fehlernachricht fuer Luecke von 1898 bis 1898 C-In: 23.10 18:11:29,094|
lab29-32-<0.3394.0>-T3: Msg #1899, C-Out: 23.10 18:11:28,374| HBQ-In: 23.10 18:11:28,376| DQ-In: 23.10 18:11:28,894| C-In: 23.10 18:11:29,097|
lab29-47-<0.2127.0>-T3: Msg #1900, C-Out: 23.10 18:11:28,382| HBQ-In: 23.10 18:11:28,382| DQ-In: 23.10 18:11:28,894| C-In: 23.10 18:11:29,099|
lab29-42-<0.2545.0>-T3: Msg #1901, C-Out: 23.10 18:11:28,382| HBQ-In: 23.10 18:11:28,382| DQ-In: 23.10 18:11:28,894| C-In: 23.10 18:11:29,100|
lab29-67-<0.708.0>-T3: Msg #1902, C-Out: 23.10 18:11:28,885| HBQ-In: 23.10 18:11:28,886| DQ-In: 23.10 18:11:28,894| C-In: 23.10 18:11:29,102|
Fehlernachricht fuer Luecke von 1903 bis 1903 C-In: 23.10 18:11:29,103|
lab29-82-<0.153.0>-T3: Msg #1904, C-Out: 23.10 18:11:28,893| HBQ-In: 23.10 18:11:28,894| DQ-In: 23.10 18:11:28,960| C-In: 23.10 18:11:29,103|
lab29-37-<0.2967.0>-T3: Msg #1905, C-Out: 23.10 18:11:28,393| HBQ-In: 23.10 18:11:28,395| DQ-In: 23.10 18:11:28,960| C-In: 23.10 18:11:29,104|
lab29-27-<0.3815.0>-T3: Msg #1906, C-Out: 23.10 18:11:28,401| HBQ-In: 23.10 18:11:28,401| DQ-In: 23.10 18:11:28,960| C-In: 23.10 18:11:29,104|
Fehlernachricht fuer Luecke von 1907 bis 1907 C-In: 23.10 18:11:29,104|
lab29-52-<0.1713.0>-T3: Msg #1908, C-Out: 23.10 18:11:28,946| HBQ-In: 23.10 18:11:28,946| DQ-In: 23.10 18:11:28,971| C-In: 23.10 18:11:29,105|
Fehlernachricht fuer Luecke von 1909 bis 1912 C-In: 23.10 18:11:29,105|
lab29-16-<0.4681.0>-T3: Msg #1913, C-Out: 23.10 18:11:28,556| HBQ-In: 23.10 18:11:28,557| DQ-In: 23.10 18:11:28,973| C-In: 23.10 18:11:29,105|
lab29-21-<0.4291.0>-T3: Msg #1914, C-Out: 23.10 18:11:28,557| HBQ-In: 23.10 18:11:28,557| DQ-In: 23.10 18:11:28,973| C-In: 23.10 18:11:29,107|
Fehlernachricht fuer Luecke von 1915 bis 1915******* C-In: 23.10 18:11:29,108|
lab29-11-<0.5067.0>-T3: Msg #1916, C-Out: 23.10 18:11:28,559| HBQ-In: 23.10 18:11:28,559| DQ-In: 23.10 18:11:28,994| C-In: 23.10 18:11:29,111|
lab29-46-<0.2213.0>-T3: Msg #1917, C-Out: 23.10 18:11:28,559| HBQ-In: 23.10 18:11:28,559| DQ-In: 23.10 18:11:28,994| C-In: 23.10 18:11:29,111|
lab29-6-<0.5440.0>-T3: Msg #1918, C-Out: 23.10 18:11:28,565| HBQ-In: 23.10 18:11:28,565| DQ-In: 23.10 18:11:28,994| C-In: 23.10 18:11:29,112|
lab29-1-<0.5818.0>-T3: Msg #1919, C-Out: 23.10 18:11:28,569| HBQ-In: 23.10 18:11:28,570| DQ-In: 23.10 18:11:28,994| C-In: 23.10 18:11:29,112|
lab29-31-<0.3480.0>-T3: Msg #1920, C-Out: 23.10 18:11:28,575| HBQ-In: 23.10 18:11:28,575| DQ-In: 23.10 18:11:28,994| C-In: 23.10 18:11:29,112|
ReceiveMsgs done
lab29-81-<0.159.0>-T3: Msg #2066, C-Out: 23.10 18:11:31,365| gesendet
lab29-81-<0.159.0>-T3: Msg #2288, C-Out: 23.10 18:11:33,620| gesendet
lab29-81-<0.159.0>-T3: Msg #2473, C-Out: 23.10 18:11:35,871| gesendet
lab29-81-<0.159.0>-T3: Msg #2659, C-Out: 23.10 18:11:38,122| gesendet
lab29-81-<0.159.0>-T3: Msg #2815, C-Out: 23.10 18:11:40,373| gesendet
Neues Intervall: 3.375 Sekunden
