lab29-58-<0.1296.0>-T3 C-Start: 23.10 18:11:16,096|
lab29-58-<0.1296.0>-T3: Msg #959, C-Out: 23.10 18:11:17,097| gesendet
lab29-58-<0.1296.0>-T3: Msg #1015, C-Out: 23.10 18:11:18,101| gesendet
lab29-58-<0.1296.0>-T3: Msg #1073, C-Out: 23.10 18:11:19,102| gesendet
lab29-58-<0.1296.0>-T3: Msg #1162, C-Out: 23.10 18:11:20,103| gesendet
lab29-58-<0.1296.0>-T3: Msg #1230, C-Out: 23.10 18:11:21,104| gesendet
Neues Intervall: 1 Sekunden
Msg #1307 um 23.10 18:11:21,104| vergessen zu senden
Fehlernachricht fuer Luecke von 1144 bis 1144 C-In: 23.10 18:11:21,104|
lab29-75-<0.200.0>-T3: Msg #1145, C-Out: 23.10 18:11:19,779| HBQ-In: 23.10 18:11:19,781| DQ-In: 23.10 18:11:20,319| C-In: 23.10 18:11:21,105|
Fehlernachricht fuer Luecke von 1146 bis 1146 C-In: 23.10 18:11:21,105|
lab29-59-<0.1234.0>-T3: Msg #1147, C-Out: 23.10 18:11:19,901| HBQ-In: 23.10 18:11:19,901| DQ-In: 23.10 18:11:20,319| C-In: 23.10 18:11:21,105|
lab29-64-<0.899.0>-T3: Msg #1148, C-Out: 23.10 18:11:19,901| HBQ-In: 23.10 18:11:19,901| DQ-In: 23.10 18:11:20,319| C-In: 23.10 18:11:21,106|
Fehlernachricht fuer Luecke von 1149 bis 1149 C-In: 23.10 18:11:21,106|
lab29-89-<0.113.0>-T3: Msg #1150, C-Out: 23.10 18:11:19,905| HBQ-In: 23.10 18:11:19,905| DQ-In: 23.10 18:11:20,329| C-In: 23.10 18:11:21,107|
lab29-54-<0.1586.0>-T3: Msg #1151, C-Out: 23.10 18:11:19,905| HBQ-In: 23.10 18:11:19,905| DQ-In: 23.10 18:11:20,329| C-In: 23.10 18:11:21,107|
lab29-84-<0.140.0>-T3: Msg #1152, C-Out: 23.10 18:11:19,905| HBQ-In: 23.10 18:11:19,905| DQ-In: 23.10 18:11:20,329| C-In: 23.10 18:11:21,107|
lab29-49-<0.1950.0>-T3: Msg #1153, C-Out: 23.10 18:11:19,909| HBQ-In: 23.10 18:11:19,909| DQ-In: 23.10 18:11:20,329| C-In: 23.10 18:11:21,108|
lab29-44-<0.2376.0>-T3: Msg #1154, C-Out: 23.10 18:11:19,913| HBQ-In: 23.10 18:11:19,914| DQ-In: 23.10 18:11:20,329| C-In: 23.10 18:11:21,108|
lab29-69-<0.583.0>-T3: Msg #1155, C-Out: 23.10 18:11:19,928| HBQ-In: 23.10 18:11:19,929| DQ-In: 23.10 18:11:20,329| C-In: 23.10 18:11:21,108|
lab29-79-<0.173.0>-T3: Msg #1156, C-Out: 23.10 18:11:19,958| HBQ-In: 23.10 18:11:19,958| DQ-In: 23.10 18:11:20,329| C-In: 23.10 18:11:21,109|
lab29-74-<0.266.0>-T3: Msg #1157, C-Out: 23.10 18:11:19,964| HBQ-In: 23.10 18:11:19,964| DQ-In: 23.10 18:11:20,329| C-In: 23.10 18:11:21,111|
Fehlernachricht fuer Luecke von 1158 bis 1159 C-In: 23.10 18:11:21,112|
lab29-63-<0.983.0>-T3: Msg #1160, C-Out: 23.10 18:11:20,099| HBQ-In: 23.10 18:11:20,100| DQ-In: 23.10 18:11:20,522| C-In: 23.10 18:11:21,114|
Fehlernachricht fuer Luecke von 1161 bis 1161 C-In: 23.10 18:11:21,116|
lab29-58-<0.1296.0>-T3: Msg #1162, C-Out: 23.10 18:11:20,103| HBQ-In: 23.10 18:11:20,103| DQ-In: 23.10 18:11:20,538|******* C-In: 23.10 18:11:21,117|
lab29-53-<0.1650.0>-T3: Msg #1163, C-Out: 23.10 18:11:20,106| HBQ-In: 23.10 18:11:20,106| DQ-In: 23.10 18:11:20,538| C-In: 23.10 18:11:21,117|
lab29-48-<0.2035.0>-T3: Msg #1164, C-Out: 23.10 18:11:20,116| HBQ-In: 23.10 18:11:20,117| DQ-In: 23.10 18:11:20,538| C-In: 23.10 18:11:21,119|
Fehlernachricht fuer Luecke von 1165 bis 1165 C-In: 23.10 18:11:21,122|
lab29-43-<0.2458.0>-T3: Msg #1166, C-Out: 23.10 18:11:20,117| HBQ-In: 23.10 18:11:20,117| DQ-In: 23.10 18:11:20,610| C-In: 23.10 18:11:21,125|
lab29-83-<0.147.0>-T3: Msg #1167, C-Out: 23.10 18:11:20,118| HBQ-In: 23.10 18:11:20,118| DQ-In: 23.10 18:11:20,610| C-In: 23.10 18:11:21,125|
lab29-78-<0.180.0>-T3: Msg #1168, C-Out: 23.10 18:11:20,121| HBQ-In: 23.10 18:11:20,121| DQ-In: 23.10 18:11:20,610| C-In: 23.10 18:11:21,126|
lab29-88-<0.118.0>-T3: Msg #1169, C-Out: 23.10 18:11:20,122| HBQ-In: 23.10 18:11:20,125| DQ-In: 23.10 18:11:20,610| C-In: 23.10 18:11:21,126|
lab29-73-<0.332.0>-T3: Msg #1170, C-Out: 23.10 18:11:20,123| HBQ-In: 23.10 18:11:20,126| DQ-In: 23.10 18:11:20,610| C-In: 23.10 18:11:21,126|
lab29-68-<0.633.0>-T3: Msg #1171, C-Out: 23.10 18:11:20,133| HBQ-In: 23.10 18:11:20,134| DQ-In: 23.10 18:11:20,610| C-In: 23.10 18:11:21,127|
lab29-93-<0.95.0>-T3: Msg #1172, C-Out: 23.10 18:11:20,653| HBQ-In: 23.10 18:11:20,653| DQ-In: 23.10 18:11:20,653| C-In: 23.10 18:11:21,127|
Fehlernachricht fuer Luecke von 1173 bis 1173 C-In: 23.10 18:11:21,127|
lab29-62-<0.1043.0>-T3: Msg #1174, C-Out: 23.10 18:11:20,301| HBQ-In: 23.10 18:11:20,302| DQ-In: 23.10 18:11:20,714| C-In: 23.10 18:11:21,127|
lab29-57-<0.1365.0>-T3: Msg #1175, C-Out: 23.10 18:11:20,305| HBQ-In: 23.10 18:11:20,305| DQ-In: 23.10 18:11:20,714| C-In: 23.10 18:11:21,128|
lab29-87-<0.123.0>-T3: Msg #1176, C-Out: 23.10 18:11:20,315| HBQ-In: 23.10 18:11:20,315| DQ-In: 23.10 18:11:20,714| C-In: 23.10 18:11:21,130|
lab29-47-<0.2127.0>-T3: Msg #1177, C-Out: 23.10 18:11:20,319| HBQ-In: 23.10 18:11:20,319| DQ-In: 23.10 18:11:20,714| C-In: 23.10 18:11:21,131|
lab29-52-<0.1713.0>-T3: Msg #1178, C-Out: 23.10 18:11:20,319| HBQ-In: 23.10 18:11:20,319| DQ-In: 23.10 18:11:20,714| C-In: 23.10 18:11:21,131|
lab29-82-<0.153.0>-T3: Msg #1179, C-Out: 23.10 18:11:20,319| HBQ-In: 23.10 18:11:20,319| DQ-In: 23.10 18:11:20,714| C-In: 23.10 18:11:21,131|
lab29-42-<0.2545.0>-T3: Msg #1180, C-Out: 23.10 18:11:20,320| HBQ-In: 23.10 18:11:20,322| DQ-In: 23.10 18:11:20,714| C-In: 23.10 18:11:21,131|
lab29-72-<0.396.0>-T3: Msg #1181, C-Out: 23.10 18:11:20,327| HBQ-In: 23.10 18:11:20,329| DQ-In: 23.10 18:11:20,714| C-In: 23.10 18:11:21,132|
Fehlernachricht fuer Luecke von 1182 bis 1182 C-In: 23.10 18:11:21,132|
lab29-67-<0.708.0>-T3: Msg #1183, C-Out: 23.10 18:11:20,341| HBQ-In: 23.10 18:11:20,341| DQ-In: 23.10 18:11:20,906| C-In: 23.10 18:11:21,133|
lab29-77-<0.187.0>-T3: Msg #1184, C-Out: 23.10 18:11:20,381| HBQ-In: 23.10 18:11:20,381| DQ-In: 23.10 18:11:20,906| C-In: 23.10 18:11:21,133|
lab29-100-<0.40.0>-T3: Msg #1185, C-Out: 23.10 18:11:20,882| HBQ-In: 23.10 18:11:20,882| DQ-In: 23.10 18:11:20,906| C-In: 23.10 18:11:21,133|
lab29-92-<0.99.0>-T3: Msg #1186, C-Out: 23.10 18:11:20,897| HBQ-In: 23.10 18:11:20,897| DQ-In: 23.10 18:11:20,906| C-In: 23.10 18:11:21,133|
Fehlernachricht fuer Luecke von 1187 bis 1188 C-In: 23.10 18:11:21,134|
lab29-61-<0.1100.0>-T3: Msg #1189, C-Out: 23.10 18:11:20,504| HBQ-In: 23.10 18:11:20,505| DQ-In: 23.10 18:11:20,923| C-In: 23.10 18:11:21,134|
lab29-56-<0.1439.0>-T3: Msg #1190, C-Out: 23.10 18:11:20,507| HBQ-In: 23.10 18:11:20,508| DQ-In: 23.10 18:11:20,923| C-In: 23.10 18:11:21,134|
lab29-51-<0.1789.0>-T3: Msg #1191, C-Out: 23.10 18:11:20,512| HBQ-In: 23.10 18:11:20,513| DQ-In: 23.10 18:11:20,923| C-In: 23.10 18:11:21,135|
lab29-81-<0.159.0>-T3: Msg #1192, C-Out: 23.10 18:11:20,512| HBQ-In: 23.10 18:11:20,513| DQ-In: 23.10 18:11:20,923| C-In: 23.10 18:11:21,135|
lab29-46-<0.2213.0>-T3: Msg #1193, C-Out: 23.10 18:11:20,513| HBQ-In: 23.10 18:11:20,513| DQ-In: 23.10 18:11:20,923| C-In: 23.10 18:11:21,137|
lab29-41-<0.2632.0>-T3: Msg #1194, C-Out: 23.10 18:11:20,521| HBQ-In: 23.10 18:11:20,521| DQ-In: 23.10 18:11:20,923| C-In: 23.10 18:11:21,137|
lab29-66-<0.743.0>-T3: Msg #1195, C-Out: 23.10 18:11:20,538| HBQ-In: 23.10 18:11:20,538| DQ-In: 23.10 18:11:20,923| C-In: 23.10 18:11:21,138|
Fehlernachricht fuer Luecke von 1196 bis 1196 C-In: 23.10 18:11:21,138|
lab29-86-<0.129.0>-T3: Msg #1197, C-Out: 23.10 18:11:20,567| HBQ-In: 23.10 18:11:20,568| DQ-In: 23.10 18:11:21,107| C-In: 23.10 18:11:21,139|
lab29-76-<0.194.0>-T3: Msg #1198, C-Out: 23.10 18:11:20,587| HBQ-In: 23.10 18:11:20,589| DQ-In: 23.10 18:11:21,107| C-In: 23.10 18:11:21,139|
lab29-91-<0.103.0>-T3: Msg #1199, C-Out: 23.10 18:11:21,102| HBQ-In: 23.10 18:11:21,104| DQ-In: 23.10 18:11:21,107| C-In: 23.10 18:11:21,139|
lab29-71-<0.461.0>-T3: Msg #1200, C-Out: 23.10 18:11:20,609| HBQ-In: 23.10 18:11:20,610| DQ-In: 23.10 18:11:21,107| C-In: 23.10 18:11:21,141|
Fehlernachricht fuer Luecke von 1201 bis 1202 C-In: 23.10 18:11:21,143|
lab29-85-<0.133.0>-T3: Msg #1203, C-Out: 23.10 18:11:20,707| HBQ-In: 23.10 18:11:20,708| DQ-In: 23.10 18:11:21,125| C-In: 23.10 18:11:21,145|
lab29-60-<0.1170.0>-T3: Msg #1204, C-Out: 23.10 18:11:20,707| HBQ-In: 23.10 18:11:20,708| DQ-In: 23.10 18:11:21,125| C-In: 23.10 18:11:21,146|
lab29-55-<0.1513.0>-T3: Msg #1205, C-Out: 23.10 18:11:20,708| HBQ-In: 23.10 18:11:20,708| DQ-In: 23.10 18:11:21,125| C-In: 23.10 18:11:21,146|
lab29-50-<0.1864.0>-T3: Msg #1206, C-Out: 23.10 18:11:20,708| HBQ-In: 23.10 18:11:20,708| DQ-In: 23.10 18:11:21,125| C-In: 23.10 18:11:21,147|
lab29-45-<0.2293.0>-T3: Msg #1207, C-Out: 23.10 18:11:20,713| HBQ-In: 23.10 18:11:20,713| DQ-In: 23.10 18:11:21,125| C-In: 23.10 18:11:21,147|
lab29-70-<0.519.0>-T3: Msg #1208, C-Out: 23.10 18:11:20,714| HBQ-In: 23.10 18:11:20,714| DQ-In: 23.10 18:11:21,125| C-In: 23.10 18:11:21,147|
lab29-40-<0.2707.0>-T3: Msg #1209, C-Out: 23.10 18:11:20,720| HBQ-In: 23.10 18:11:20,720| DQ-In: 23.10 18:11:21,125| C-In: 23.10 18:11:21,147|
lab29-65-<0.819.0>-T3: Msg #1210, C-Out: 23.10 18:11:20,724| HBQ-In: 23.10 18:11:20,724| DQ-In: 23.10 18:11:21,125| C-In: 23.10 18:11:21,148|
ReceiveMsgs done
lab29-58-<0.1296.0>-T3: Msg #1318, C-Out: 23.10 18:11:22,151| gesendet
lab29-58-<0.1296.0>-T3: Msg #1393, C-Out: 23.10 18:11:23,152| gesendet
lab29-58-<0.1296.0>-T3: Msg #1497, C-Out: 23.10 18:11:24,155| gesendet
lab29-58-<0.1296.0>-T3: Msg #1578, C-Out: 23.10 18:11:25,156| gesendet
lab29-58-<0.1296.0>-T3: Msg #1666, C-Out: 23.10 18:11:26,160| gesendet
Neues Intervall: 1.5 Sekunden
Msg #1761 um 23.10 18:11:26,160| vergessen zu senden
lab29-53-<0.1650.0>-T3: Msg #1576, C-Out: 23.10 18:11:25,149| HBQ-In: 23.10 18:11:25,149| DQ-In: 23.10 18:11:25,576| C-In: 23.10 18:11:26,161|
lab29-63-<0.983.0>-T3: Msg #1577, C-Out: 23.10 18:11:25,155| HBQ-In: 23.10 18:11:25,158| DQ-In: 23.10 18:11:25,576| C-In: 23.10 18:11:26,161|
lab29-58-<0.1296.0>-T3: Msg #1578, C-Out: 23.10 18:11:25,156| HBQ-In: 23.10 18:11:25,158| DQ-In: 23.10 18:11:25,576|******* C-In: 23.10 18:11:26,161|
lab29-48-<0.2035.0>-T3: Msg #1579, C-Out: 23.10 18:11:25,158| HBQ-In: 23.10 18:11:25,158| DQ-In: 23.10 18:11:25,576| C-In: 23.10 18:11:26,162|
lab29-83-<0.147.0>-T3: Msg #1580, C-Out: 23.10 18:11:25,659| HBQ-In: 23.10 18:11:25,660| DQ-In: 23.10 18:11:25,660| C-In: 23.10 18:11:26,162|
lab29-43-<0.2458.0>-T3: Msg #1581, C-Out: 23.10 18:11:25,175| HBQ-In: 23.10 18:11:25,175| DQ-In: 23.10 18:11:25,660| C-In: 23.10 18:11:26,162|
lab29-68-<0.633.0>-T3: Msg #1582, C-Out: 23.10 18:11:25,731| HBQ-In: 23.10 18:11:25,731| DQ-In: 23.10 18:11:25,731| C-In: 23.10 18:11:26,163|
lab29-98-<0.78.0>-T3: Msg #1583, C-Out: 23.10 18:11:25,731| HBQ-In: 23.10 18:11:25,731| DQ-In: 23.10 18:11:25,731| C-In: 23.10 18:11:26,165|
Fehlernachricht fuer Luecke von 1584 bis 1584 C-In: 23.10 18:11:26,167|
lab29-32-<0.3394.0>-T3: Msg #1585, C-Out: 23.10 18:11:25,332| HBQ-In: 23.10 18:11:25,332| DQ-In: 23.10 18:11:25,750| C-In: 23.10 18:11:26,167|
lab29-37-<0.2967.0>-T3: Msg #1586, C-Out: 23.10 18:11:25,332| HBQ-In: 23.10 18:11:25,332| DQ-In: 23.10 18:11:25,750| C-In: 23.10 18:11:26,168|
Fehlernachricht fuer Luecke von 1587 bis 1587 C-In: 23.10 18:11:26,168|
lab29-27-<0.3815.0>-T3: Msg #1588, C-Out: 23.10 18:11:25,341| HBQ-In: 23.10 18:11:25,342| DQ-In: 23.10 18:11:25,769| C-In: 23.10 18:11:26,168|
lab29-22-<0.4210.0>-T3: Msg #1589, C-Out: 23.10 18:11:25,343| HBQ-In: 23.10 18:11:25,343| DQ-In: 23.10 18:11:25,769| C-In: 23.10 18:11:26,169|
lab29-17-<0.4601.0>-T3: Msg #1590, C-Out: 23.10 18:11:25,347| HBQ-In: 23.10 18:11:25,347| DQ-In: 23.10 18:11:25,769| C-In: 23.10 18:11:26,169|
Fehlernachricht fuer Luecke von 1591 bis 1591 C-In: 23.10 18:11:26,169|
lab29-62-<0.1043.0>-T3: Msg #1592, C-Out: 23.10 18:11:25,360| HBQ-In: 23.10 18:11:25,360| DQ-In: 23.10 18:11:25,867| C-In: 23.10 18:11:26,170|
lab29-75-<0.200.0>-T3: Msg #1593, C-Out: 23.10 18:11:25,866| HBQ-In: 23.10 18:11:25,867| DQ-In: 23.10 18:11:25,867| C-In: 23.10 18:11:26,170|
lab29-47-<0.2127.0>-T3: Msg #1594, C-Out: 23.10 18:11:25,369| HBQ-In: 23.10 18:11:25,377| DQ-In: 23.10 18:11:25,867| C-In: 23.10 18:11:26,170|
lab29-42-<0.2545.0>-T3: Msg #1595, C-Out: 23.10 18:11:25,376| HBQ-In: 23.10 18:11:25,377| DQ-In: 23.10 18:11:25,867| C-In: 23.10 18:11:26,171|
lab29-52-<0.1713.0>-T3: Msg #1596, C-Out: 23.10 18:11:25,383| HBQ-In: 23.10 18:11:25,383| DQ-In: 23.10 18:11:25,867| C-In: 23.10 18:11:26,171|
lab29-67-<0.708.0>-T3: Msg #1597, C-Out: 23.10 18:11:25,883| HBQ-In: 23.10 18:11:25,883| DQ-In: 23.10 18:11:25,883| C-In: 23.10 18:11:26,171|
lab29-57-<0.1365.0>-T3: Msg #1598, C-Out: 23.10 18:11:25,384| HBQ-In: 23.10 18:11:25,384| DQ-In: 23.10 18:11:25,883| C-In: 23.10 18:11:26,172|
lab29-82-<0.153.0>-T3: Msg #1599, C-Out: 23.10 18:11:25,885| HBQ-In: 23.10 18:11:25,886| DQ-In: 23.10 18:11:25,886| C-In: 23.10 18:11:26,172|
lab29-89-<0.113.0>-T3: Msg #1600, C-Out: 23.10 18:11:25,937| HBQ-In: 23.10 18:11:25,937| DQ-In: 23.10 18:11:25,937| C-In: 23.10 18:11:26,174|
Fehlernachricht fuer Luecke von 1601 bis 1602 C-In: 23.10 18:11:26,175|
lab29-36-<0.3048.0>-T3: Msg #1603, C-Out: 23.10 18:11:25,533| HBQ-In: 23.10 18:11:25,533| DQ-In: 23.10 18:11:25,950| C-In: 23.10 18:11:26,175|
Fehlernachricht fuer Luecke von 1604 bis 1604 C-In: 23.10 18:11:26,176|
lab29-31-<0.3480.0>-T3: Msg #1605, C-Out: 23.10 18:11:25,533| HBQ-In: 23.10 18:11:25,533| DQ-In: 23.10 18:11:25,961| C-In: 23.10 18:11:26,176|
lab29-26-<0.3898.0>-T3: Msg #1606, C-Out: 23.10 18:11:25,543| HBQ-In: 23.10 18:11:25,543| DQ-In: 23.10 18:11:25,961| C-In: 23.10 18:11:26,176|
lab29-56-<0.1439.0>-T3: Msg #1607, C-Out: 23.10 18:11:25,550| HBQ-In: 23.10 18:11:25,550| DQ-In: 23.10 18:11:25,961| C-In: 23.10 18:11:26,176|
lab29-21-<0.4291.0>-T3: Msg #1608, C-Out: 23.10 18:11:25,550| HBQ-In: 23.10 18:11:25,550| DQ-In: 23.10 18:11:25,961| C-In: 23.10 18:11:26,177|
Fehlernachricht fuer Luecke von 1609 bis 1609 C-In: 23.10 18:11:26,178|
lab29-16-<0.4681.0>-T3: Msg #1610, C-Out: 23.10 18:11:25,550| HBQ-In: 23.10 18:11:25,550| DQ-In: 23.10 18:11:26,052| C-In: 23.10 18:11:26,178|
lab29-81-<0.159.0>-T3: Msg #1611, C-Out: 23.10 18:11:26,050| HBQ-In: 23.10 18:11:26,051| DQ-In: 23.10 18:11:26,052| C-In: 23.10 18:11:26,178|
lab29-46-<0.2213.0>-T3: Msg #1612, C-Out: 23.10 18:11:25,552| HBQ-In: 23.10 18:11:25,554| DQ-In: 23.10 18:11:26,052| C-In: 23.10 18:11:26,178|
lab29-51-<0.1789.0>-T3: Msg #1613, C-Out: 23.10 18:11:25,572| HBQ-In: 23.10 18:11:25,573| DQ-In: 23.10 18:11:26,052| C-In: 23.10 18:11:26,179|
lab29-61-<0.1100.0>-T3: Msg #1614, C-Out: 23.10 18:11:25,576| HBQ-In: 23.10 18:11:25,576| DQ-In: 23.10 18:11:26,052| C-In: 23.10 18:11:26,179|
Fehlernachricht fuer Luecke von 1615 bis 1619 C-In: 23.10 18:11:26,179|
lab29-41-<0.2632.0>-T3: Msg #1620, C-Out: 23.10 18:11:25,594| HBQ-In: 23.10 18:11:25,596| DQ-In: 23.10 18:11:26,146| C-In: 23.10 18:11:26,180|
lab29-66-<0.743.0>-T3: Msg #1621, C-Out: 23.10 18:11:26,097| HBQ-In: 23.10 18:11:26,098| DQ-In: 23.10 18:11:26,146| C-In: 23.10 18:11:26,182|
lab29-96-<0.84.0>-T3: Msg #1622, C-Out: 23.10 18:11:26,136| HBQ-In: 23.10 18:11:26,138| DQ-In: 23.10 18:11:26,146| C-In: 23.10 18:11:26,182|
Fehlernachricht fuer Luecke von 1623 bis 1626 C-In: 23.10 18:11:26,186|
lab29-35-<0.3134.0>-T3: Msg #1627, C-Out: 23.10 18:11:25,731| HBQ-In: 23.10 18:11:25,731| DQ-In: 23.10 18:11:26,152| C-In: 23.10 18:11:26,186|
lab29-30-<0.3559.0>-T3: Msg #1628, C-Out: 23.10 18:11:25,742| HBQ-In: 23.10 18:11:25,742| DQ-In: 23.10 18:11:26,152| C-In: 23.10 18:11:26,186|
lab29-60-<0.1170.0>-T3: Msg #1629, C-Out: 23.10 18:11:25,747| HBQ-In: 23.10 18:11:25,747| DQ-In: 23.10 18:11:26,152| C-In: 23.10 18:11:26,188|
lab29-25-<0.3973.0>-T3: Msg #1630, C-Out: 23.10 18:11:25,747| HBQ-In: 23.10 18:11:25,747| DQ-In: 23.10 18:11:26,152| C-In: 23.10 18:11:26,189|
lab29-20-<0.4365.0>-T3: Msg #1631, C-Out: 23.10 18:11:25,747| HBQ-In: 23.10 18:11:25,747| DQ-In: 23.10 18:11:26,152| C-In: 23.10 18:11:26,189|
lab29-15-<0.4762.0>-T3: Msg #1632, C-Out: 23.10 18:11:25,750| HBQ-In: 23.10 18:11:25,750| DQ-In: 23.10 18:11:26,152| C-In: 23.10 18:11:26,189|
lab29-40-<0.2707.0>-T3: Msg #1633, C-Out: 23.10 18:11:25,760| HBQ-In: 23.10 18:11:25,761| DQ-In: 23.10 18:11:26,152| C-In: 23.10 18:11:26,190|
ReceiveMsgs done
lab29-58-<0.1296.0>-T3: Msg #1768, C-Out: 23.10 18:11:27,693| gesendet
lab29-58-<0.1296.0>-T3: Msg #1930, C-Out: 23.10 18:11:29,194| gesendet
lab29-58-<0.1296.0>-T3: Msg #2077, C-Out: 23.10 18:11:30,695| gesendet
lab29-58-<0.1296.0>-T3: Msg #2218, C-Out: 23.10 18:11:32,200| gesendet
lab29-58-<0.1296.0>-T3: Msg #2357, C-Out: 23.10 18:11:33,707| gesendet
Neues Intervall: 2.25 Sekunden
Msg #2481 um 23.10 18:11:33,712| vergessen zu senden
Fehlernachricht fuer Luecke von 2281 bis 2281 C-In: 23.10 18:11:33,715|
lab29-33-<0.3306.0>-T3: Msg #2282, C-Out: 23.10 18:11:32,753| HBQ-In: 23.10 18:11:32,753| DQ-In: 23.10 18:11:33,007| C-In: 23.10 18:11:33,721|
lab29-13-<0.4921.0>-T3: Msg #2283, C-Out: 23.10 18:11:32,255| HBQ-In: 23.10 18:11:32,257| DQ-In: 23.10 18:11:33,007| C-In: 23.10 18:11:33,725|
Fehlernachricht fuer Luecke von 2284 bis 2284 C-In: 23.10 18:11:33,728|
lab29-55-<0.1513.0>-T3: Msg #2285, C-Out: 23.10 18:11:32,816| HBQ-In: 23.10 18:11:32,816| DQ-In: 23.10 18:11:33,021| C-In: 23.10 18:11:33,729|
lab29-40-<0.2707.0>-T3: Msg #2286, C-Out: 23.10 18:11:32,826| HBQ-In: 23.10 18:11:32,828| DQ-In: 23.10 18:11:33,021| C-In: 23.10 18:11:33,730|
Fehlernachricht fuer Luecke von 2287 bis 2289 C-In: 23.10 18:11:33,731|
lab29-2-<0.5741.0>-T3: Msg #2290, C-Out: 23.10 18:11:32,380| HBQ-In: 23.10 18:11:32,380| DQ-In: 23.10 18:11:33,029| C-In: 23.10 18:11:33,732|
Fehlernachricht fuer Luecke von 2291 bis 2291 C-In: 23.10 18:11:33,732|
lab29-27-<0.3815.0>-T3: Msg #2292, C-Out: 23.10 18:11:32,405| HBQ-In: 23.10 18:11:32,405| DQ-In: 23.10 18:11:33,031| C-In: 23.10 18:11:33,733|
lab29-22-<0.4210.0>-T3: Msg #2293, C-Out: 23.10 18:11:32,412| HBQ-In: 23.10 18:11:32,412| DQ-In: 23.10 18:11:33,031| C-In: 23.10 18:11:33,733|
lab29-7-<0.5358.0>-T3: Msg #2294, C-Out: 23.10 18:11:32,418| HBQ-In: 23.10 18:11:32,418| DQ-In: 23.10 18:11:33,031| C-In: 23.10 18:11:33,733|
lab29-32-<0.3394.0>-T3: Msg #2295, C-Out: 23.10 18:11:32,923| HBQ-In: 23.10 18:11:32,923| DQ-In: 23.10 18:11:33,031| C-In: 23.10 18:11:33,734|
lab29-47-<0.2127.0>-T3: Msg #2296, C-Out: 23.10 18:11:32,927| HBQ-In: 23.10 18:11:32,927| DQ-In: 23.10 18:11:33,031| C-In: 23.10 18:11:33,734|
lab29-62-<0.1043.0>-T3: Msg #2297, C-Out: 23.10 18:11:32,931| HBQ-In: 23.10 18:11:32,931| DQ-In: 23.10 18:11:33,031| C-In: 23.10 18:11:33,735|
lab29-12-<0.4991.0>-T3: Msg #2298, C-Out: 23.10 18:11:32,433| HBQ-In: 23.10 18:11:32,433| DQ-In: 23.10 18:11:33,031| C-In: 23.10 18:11:33,735|
lab29-17-<0.4601.0>-T3: Msg #2299, C-Out: 23.10 18:11:32,433| HBQ-In: 23.10 18:11:32,433| DQ-In: 23.10 18:11:33,031| C-In: 23.10 18:11:33,737|
Fehlernachricht fuer Luecke von 2300 bis 2301 C-In: 23.10 18:11:33,738|
lab29-54-<0.1586.0>-T3: Msg #2302, C-Out: 23.10 18:11:33,029| HBQ-In: 23.10 18:11:33,029| DQ-In: 23.10 18:11:33,225| C-In: 23.10 18:11:33,738|
lab29-39-<0.2795.0>-T3: Msg #2303, C-Out: 23.10 18:11:33,030| HBQ-In: 23.10 18:11:33,031| DQ-In: 23.10 18:11:33,225| C-In: 23.10 18:11:33,740|
Fehlernachricht fuer Luecke von 2304 bis 2305 C-In: 23.10 18:11:33,742|
lab29-1-<0.5818.0>-T3: Msg #2306, C-Out: 23.10 18:11:32,583| HBQ-In: 23.10 18:11:32,583| DQ-In: 23.10 18:11:33,261| C-In: 23.10 18:11:33,743|
Fehlernachricht fuer Luecke von 2307 bis 2307 C-In: 23.10 18:11:33,743|
lab29-26-<0.3898.0>-T3: Msg #2308, C-Out: 23.10 18:11:32,599| HBQ-In: 23.10 18:11:32,599| DQ-In: 23.10 18:11:33,281| C-In: 23.10 18:11:33,746|
lab29-6-<0.5440.0>-T3: Msg #2309, C-Out: 23.10 18:11:32,614| HBQ-In: 23.10 18:11:32,614| DQ-In: 23.10 18:11:33,282| C-In: 23.10 18:11:33,748|
lab29-46-<0.2213.0>-T3: Msg #2310, C-Out: 23.10 18:11:33,120| HBQ-In: 23.10 18:11:33,120| DQ-In: 23.10 18:11:33,282| C-In: 23.10 18:11:33,749|
lab29-21-<0.4291.0>-T3: Msg #2311, C-Out: 23.10 18:11:32,620| HBQ-In: 23.10 18:11:32,620| DQ-In: 23.10 18:11:33,282| C-In: 23.10 18:11:33,750|
lab29-11-<0.5067.0>-T3: Msg #2312, C-Out: 23.10 18:11:32,620| HBQ-In: 23.10 18:11:32,620| DQ-In: 23.10 18:11:33,282| C-In: 23.10 18:11:33,750|
lab29-31-<0.3480.0>-T3: Msg #2313, C-Out: 23.10 18:11:33,124| HBQ-In: 23.10 18:11:33,124| DQ-In: 23.10 18:11:33,282| C-In: 23.10 18:11:33,751|
lab29-16-<0.4681.0>-T3: Msg #2314, C-Out: 23.10 18:11:32,629| HBQ-In: 23.10 18:11:32,629| DQ-In: 23.10 18:11:33,282| C-In: 23.10 18:11:33,751|
lab29-61-<0.1100.0>-T3: Msg #2315, C-Out: 23.10 18:11:33,142| HBQ-In: 23.10 18:11:33,142| DQ-In: 23.10 18:11:33,282| C-In: 23.10 18:11:33,751|
Fehlernachricht fuer Luecke von 2316 bis 2317 C-In: 23.10 18:11:33,752|
lab29-53-<0.1650.0>-T3: Msg #2318, C-Out: 23.10 18:11:33,208| HBQ-In: 23.10 18:11:33,208| DQ-In: 23.10 18:11:33,453| C-In: 23.10 18:11:33,752|
Fehlernachricht fuer Luecke von 2319 bis 2319 C-In: 23.10 18:11:33,755|
lab29-38-<0.2880.0>-T3: Msg #2320, C-Out: 23.10 18:11:33,261| HBQ-In: 23.10 18:11:33,261| DQ-In: 23.10 18:11:33,454| C-In: 23.10 18:11:33,757|
lab29-60-<0.1170.0>-T3: Msg #2321, C-Out: 23.10 18:11:33,280| HBQ-In: 23.10 18:11:33,281| DQ-In: 23.10 18:11:33,454| C-In: 23.10 18:11:33,758|
Fehlernachricht fuer Luecke von 2322 bis 2324 C-In: 23.10 18:11:33,758|
lab29-25-<0.3973.0>-T3: Msg #2325, C-Out: 23.10 18:11:32,807| HBQ-In: 23.10 18:11:32,807| DQ-In: 23.10 18:11:33,529| C-In: 23.10 18:11:33,758|
lab29-15-<0.4762.0>-T3: Msg #2326, C-Out: 23.10 18:11:32,807| HBQ-In: 23.10 18:11:32,808| DQ-In: 23.10 18:11:33,529| C-In: 23.10 18:11:33,759|
lab29-20-<0.4365.0>-T3: Msg #2327, C-Out: 23.10 18:11:32,810| HBQ-In: 23.10 18:11:32,810| DQ-In: 23.10 18:11:33,529| C-In: 23.10 18:11:33,763|
Fehlernachricht fuer Luecke von 2328 bis 2328 C-In: 23.10 18:11:33,764|
lab29-5-<0.5513.0>-T3: Msg #2329, C-Out: 23.10 18:11:32,825| HBQ-In: 23.10 18:11:32,825| DQ-In: 23.10 18:11:33,621| C-In: 23.10 18:11:33,764|
lab29-45-<0.2293.0>-T3: Msg #2330, C-Out: 23.10 18:11:33,330| HBQ-In: 23.10 18:11:33,330| DQ-In: 23.10 18:11:33,621| C-In: 23.10 18:11:33,765|
lab29-10-<0.5112.0>-T3: Msg #2331, C-Out: 23.10 18:11:32,832| HBQ-In: 23.10 18:11:32,833| DQ-In: 23.10 18:11:33,621| C-In: 23.10 18:11:33,765|
lab29-30-<0.3559.0>-T3: Msg #2332, C-Out: 23.10 18:11:33,354| HBQ-In: 23.10 18:11:33,354| DQ-In: 23.10 18:11:33,621| C-In: 23.10 18:11:33,765|
Fehlernachricht fuer Luecke von 2333 bis 2335 C-In: 23.10 18:11:33,766|
lab29-52-<0.1713.0>-T3: Msg #2336, C-Out: 23.10 18:11:33,452| HBQ-In: 23.10 18:11:33,453| DQ-In: 23.10 18:11:33,635| C-In: 23.10 18:11:33,768|
lab29-37-<0.2967.0>-T3: Msg #2337, C-Out: 23.10 18:11:33,453| HBQ-In: 23.10 18:11:33,454| DQ-In: 23.10 18:11:33,635| C-In: 23.10 18:11:33,771|
Fehlernachricht fuer Luecke von 2338 bis 2339 C-In: 23.10 18:11:33,777|
lab29-24-<0.4051.0>-T3: Msg #2340, C-Out: 23.10 18:11:32,979| HBQ-In: 23.10 18:11:32,979| DQ-In: 23.10 18:11:33,711| C-In: 23.10 18:11:33,777|
Fehlernachricht fuer Luecke von 2341 bis 2341 C-In: 23.10 18:11:33,779|
lab29-59-<0.1234.0>-T3: Msg #2342, C-Out: 23.10 18:11:33,498| HBQ-In: 23.10 18:11:33,498| DQ-In: 23.10 18:11:33,734| C-In: 23.10 18:11:33,780|
Fehlernachricht fuer Luecke von 2343 bis 2343 C-In: 23.10 18:11:33,781|
lab29-4-<0.5587.0>-T3: Msg #2344, C-Out: 23.10 18:11:33,007| HBQ-In: 23.10 18:11:33,007| DQ-In: 23.10 18:11:33,749| C-In: 23.10 18:11:33,783|
lab29-9-<0.5191.0>-T3: Msg #2345, C-Out: 23.10 18:11:33,021| HBQ-In: 23.10 18:11:33,021| DQ-In: 23.10 18:11:33,749| C-In: 23.10 18:11:33,785|
lab29-19-<0.4442.0>-T3: Msg #2346, C-Out: 23.10 18:11:33,021| HBQ-In: 23.10 18:11:33,021| DQ-In: 23.10 18:11:33,749| C-In: 23.10 18:11:33,785|
lab29-14-<0.4846.0>-T3: Msg #2347, C-Out: 23.10 18:11:33,022| HBQ-In: 23.10 18:11:33,022| DQ-In: 23.10 18:11:33,749| C-In: 23.10 18:11:33,787|
lab29-44-<0.2376.0>-T3: Msg #2348, C-Out: 23.10 18:11:33,527| HBQ-In: 23.10 18:11:33,529| DQ-In: 23.10 18:11:33,749| C-In: 23.10 18:11:33,788|
lab29-29-<0.3641.0>-T3: Msg #2349, C-Out: 23.10 18:11:33,564| HBQ-In: 23.10 18:11:33,564| DQ-In: 23.10 18:11:33,749| C-In: 23.10 18:11:33,788|
ReceiveMsgs done
lab29-58-<0.1296.0>-T3: Msg #2485, C-Out: 23.10 18:11:36,040| gesendet
lab29-58-<0.1296.0>-T3: Msg #2671, C-Out: 23.10 18:11:38,293| gesendet
