lab29-14-<0.4846.0>-T3 C-Start: 23.10 18:11:24,949|
lab29-14-<0.4846.0>-T3: Msg #1649, C-Out: 23.10 18:11:25,950| gesendet
lab29-14-<0.4846.0>-T3: Msg #1739, C-Out: 23.10 18:11:26,951| gesendet
lab29-14-<0.4846.0>-T3: Msg #1858, C-Out: 23.10 18:11:27,955| gesendet
lab29-14-<0.4846.0>-T3: Msg #1953, C-Out: 23.10 18:11:28,956| gesendet
lab29-14-<0.4846.0>-T3: Msg #2051, C-Out: 23.10 18:11:29,957| gesendet
Neues Intervall: 1 Sekunden
Msg #2139 um 23.10 18:11:29,958| vergessen zu senden
lab29-40-<0.2707.0>-T3: Msg #1939, C-Out: 23.10 18:11:28,769| HBQ-In: 23.10 18:11:28,769| DQ-In: 23.10 18:11:29,266| C-In: 23.10 18:11:29,958|
lab29-45-<0.2293.0>-T3: Msg #1940, C-Out: 23.10 18:11:28,773| HBQ-In: 23.10 18:11:28,774| DQ-In: 23.10 18:11:29,266| C-In: 23.10 18:11:29,959|
Fehlernachricht fuer Luecke von 1941 bis 1941 C-In: 23.10 18:11:29,959|
lab29-25-<0.3973.0>-T3: Msg #1942, C-Out: 23.10 18:11:28,800| HBQ-In: 23.10 18:11:28,800| DQ-In: 23.10 18:11:29,375| C-In: 23.10 18:11:29,959|
lab29-30-<0.3559.0>-T3: Msg #1943, C-Out: 23.10 18:11:28,808| HBQ-In: 23.10 18:11:28,808| DQ-In: 23.10 18:11:29,375| C-In: 23.10 18:11:29,960|
Fehlernachricht fuer Luecke von 1944 bis 1944 C-In: 23.10 18:11:29,960|
lab29-80-<0.164.0>-T3: Msg #1945, C-Out: 23.10 18:11:29,323| HBQ-In: 23.10 18:11:29,325| DQ-In: 23.10 18:11:29,383| C-In: 23.10 18:11:29,961|
Fehlernachricht fuer Luecke von 1946 bis 1946 C-In: 23.10 18:11:29,963|
lab29-50-<0.1864.0>-T3: Msg #1947, C-Out: 23.10 18:11:29,375| HBQ-In: 23.10 18:11:29,375| DQ-In: 23.10 18:11:29,387| C-In: 23.10 18:11:29,964|
lab29-72-<0.396.0>-T3: Msg #1948, C-Out: 23.10 18:11:29,387| HBQ-In: 23.10 18:11:29,387| DQ-In: 23.10 18:11:29,387| C-In: 23.10 18:11:29,964|
Fehlernachricht fuer Luecke von 1949 bis 1951 C-In: 23.10 18:11:29,966|
lab29-19-<0.4442.0>-T3: Msg #1952, C-Out: 23.10 18:11:28,956| HBQ-In: 23.10 18:11:28,956| DQ-In: 23.10 18:11:29,402| C-In: 23.10 18:11:29,966|
lab29-14-<0.4846.0>-T3: Msg #1953, C-Out: 23.10 18:11:28,956| HBQ-In: 23.10 18:11:28,956| DQ-In: 23.10 18:11:29,402|******* C-In: 23.10 18:11:29,967|
lab29-9-<0.5191.0>-T3: Msg #1954, C-Out: 23.10 18:11:28,960| HBQ-In: 23.10 18:11:28,960| DQ-In: 23.10 18:11:29,402| C-In: 23.10 18:11:29,970|
lab29-64-<0.899.0>-T3: Msg #1955, C-Out: 23.10 18:11:29,463| HBQ-In: 23.10 18:11:29,464| DQ-In: 23.10 18:11:29,464| C-In: 23.10 18:11:29,973|
lab29-39-<0.2795.0>-T3: Msg #1956, C-Out: 23.10 18:11:28,965| HBQ-In: 23.10 18:11:28,965| DQ-In: 23.10 18:11:29,464| C-In: 23.10 18:11:29,975|
lab29-4-<0.5587.0>-T3: Msg #1957, C-Out: 23.10 18:11:28,965| HBQ-In: 23.10 18:11:28,965| DQ-In: 23.10 18:11:29,464| C-In: 23.10 18:11:29,977|
Fehlernachricht fuer Luecke von 1958 bis 1958 C-In: 23.10 18:11:29,979|
lab29-44-<0.2376.0>-T3: Msg #1959, C-Out: 23.10 18:11:28,971| HBQ-In: 23.10 18:11:28,971| DQ-In: 23.10 18:11:29,560| C-In: 23.10 18:11:29,979|
lab29-24-<0.4051.0>-T3: Msg #1960, C-Out: 23.10 18:11:28,973| HBQ-In: 23.10 18:11:28,973| DQ-In: 23.10 18:11:29,560| C-In: 23.10 18:11:29,980|
lab29-34-<0.3220.0>-T3: Msg #1961, C-Out: 23.10 18:11:28,979| HBQ-In: 23.10 18:11:28,979| DQ-In: 23.10 18:11:29,560| C-In: 23.10 18:11:29,982|
lab29-29-<0.3641.0>-T3: Msg #1962, C-Out: 23.10 18:11:28,994| HBQ-In: 23.10 18:11:28,994| DQ-In: 23.10 18:11:29,560| C-In: 23.10 18:11:29,983|
Fehlernachricht fuer Luecke von 1963 bis 1963 C-In: 23.10 18:11:29,983|
lab29-49-<0.1950.0>-T3: Msg #1964, C-Out: 23.10 18:11:29,506| HBQ-In: 23.10 18:11:29,506| DQ-In: 23.10 18:11:29,584| C-In: 23.10 18:11:29,984|
lab29-79-<0.173.0>-T3: Msg #1965, C-Out: 23.10 18:11:29,514| HBQ-In: 23.10 18:11:29,514| DQ-In: 23.10 18:11:29,584| C-In: 23.10 18:11:29,984|
lab29-56-<0.1439.0>-T3: Msg #1966, C-Out: 23.10 18:11:29,602| HBQ-In: 23.10 18:11:29,602| DQ-In: 23.10 18:11:29,602| C-In: 23.10 18:11:29,984|
Fehlernachricht fuer Luecke von 1967 bis 1969 C-In: 23.10 18:11:29,985|
lab29-18-<0.4519.0>-T3: Msg #1970, C-Out: 23.10 18:11:29,154| HBQ-In: 23.10 18:11:29,154| DQ-In: 23.10 18:11:29,604| C-In: 23.10 18:11:29,985|
lab29-13-<0.4921.0>-T3: Msg #1971, C-Out: 23.10 18:11:29,162| HBQ-In: 23.10 18:11:29,162| DQ-In: 23.10 18:11:29,604| C-In: 23.10 18:11:29,988|
lab29-8-<0.5273.0>-T3: Msg #1972, C-Out: 23.10 18:11:29,165| HBQ-In: 23.10 18:11:29,165| DQ-In: 23.10 18:11:29,604| C-In: 23.10 18:11:29,988|
Fehlernachricht fuer Luecke von 1973 bis 1973 C-In: 23.10 18:11:29,991|
lab29-38-<0.2880.0>-T3: Msg #1974, C-Out: 23.10 18:11:29,165| HBQ-In: 23.10 18:11:29,166| DQ-In: 23.10 18:11:29,684| C-In: 23.10 18:11:29,991|
lab29-78-<0.180.0>-T3: Msg #1975, C-Out: 23.10 18:11:29,665| HBQ-In: 23.10 18:11:29,666| DQ-In: 23.10 18:11:29,684| C-In: 23.10 18:11:29,992|
lab29-3-<0.5663.0>-T3: Msg #1976, C-Out: 23.10 18:11:29,165| HBQ-In: 23.10 18:11:29,165| DQ-In: 23.10 18:11:29,684| C-In: 23.10 18:11:29,992|
lab29-33-<0.3306.0>-T3: Msg #1977, C-Out: 23.10 18:11:29,182| HBQ-In: 23.10 18:11:29,182| DQ-In: 23.10 18:11:29,684| C-In: 23.10 18:11:29,993|
lab29-43-<0.2458.0>-T3: Msg #1978, C-Out: 23.10 18:11:29,182| HBQ-In: 23.10 18:11:29,182| DQ-In: 23.10 18:11:29,684| C-In: 23.10 18:11:29,993|
lab29-23-<0.4130.0>-T3: Msg #1979, C-Out: 23.10 18:11:29,183| HBQ-In: 23.10 18:11:29,183| DQ-In: 23.10 18:11:29,684| C-In: 23.10 18:11:29,996|
lab29-71-<0.461.0>-T3: Msg #1980, C-Out: 23.10 18:11:29,684| HBQ-In: 23.10 18:11:29,684| DQ-In: 23.10 18:11:29,684| C-In: 23.10 18:11:29,997|
lab29-28-<0.3729.0>-T3: Msg #1981, C-Out: 23.10 18:11:29,200| HBQ-In: 23.10 18:11:29,200| DQ-In: 23.10 18:11:29,684| C-In: 23.10 18:11:29,998|
lab29-48-<0.2035.0>-T3: Msg #1982, C-Out: 23.10 18:11:29,703| HBQ-In: 23.10 18:11:29,703| DQ-In: 23.10 18:11:29,703| C-In: 23.10 18:11:29,998|
lab29-63-<0.983.0>-T3: Msg #1983, C-Out: 23.10 18:11:29,706| HBQ-In: 23.10 18:11:29,706| DQ-In: 23.10 18:11:29,706| C-In: 23.10 18:11:29,998|
Fehlernachricht fuer Luecke von 1984 bis 1984 C-In: 23.10 18:11:29,998|
lab29-70-<0.519.0>-T3: Msg #1985, C-Out: 23.10 18:11:29,773| HBQ-In: 23.10 18:11:29,774| DQ-In: 23.10 18:11:29,805| C-In: 23.10 18:11:29,999|
Fehlernachricht fuer Luecke von 1986 bis 1989 C-In: 23.10 18:11:29,999|
lab29-17-<0.4601.0>-T3: Msg #1990, C-Out: 23.10 18:11:29,353| HBQ-In: 23.10 18:11:29,354| DQ-In: 23.10 18:11:29,810| C-In: 23.10 18:11:29,000|
lab29-12-<0.4991.0>-T3: Msg #1991, C-Out: 23.10 18:11:29,357| HBQ-In: 23.10 18:11:29,357| DQ-In: 23.10 18:11:29,810| C-In: 23.10 18:11:29,001|
lab29-7-<0.5358.0>-T3: Msg #1992, C-Out: 23.10 18:11:29,362| HBQ-In: 23.10 18:11:29,364| DQ-In: 23.10 18:11:29,810| C-In: 23.10 18:11:29,001|
lab29-2-<0.5741.0>-T3: Msg #1993, C-Out: 23.10 18:11:29,371| HBQ-In: 23.10 18:11:29,373| DQ-In: 23.10 18:11:29,810| C-In: 23.10 18:11:29,005|
lab29-32-<0.3394.0>-T3: Msg #1994, C-Out: 23.10 18:11:29,378| HBQ-In: 23.10 18:11:29,378| DQ-In: 23.10 18:11:29,810| C-In: 23.10 18:11:30,008|
lab29-42-<0.2545.0>-T3: Msg #1995, C-Out: 23.10 18:11:29,383| HBQ-In: 23.10 18:11:29,383| DQ-In: 23.10 18:11:29,810| C-In: 23.10 18:11:30,010|
Fehlernachricht fuer Luecke von 1996 bis 1996 C-In: 23.10 18:11:30,011|
lab29-37-<0.2967.0>-T3: Msg #1997, C-Out: 23.10 18:11:29,396| HBQ-In: 23.10 18:11:29,397| DQ-In: 23.10 18:11:29,966| C-In: 23.10 18:11:30,012|
lab29-27-<0.3815.0>-T3: Msg #1998, C-Out: 23.10 18:11:29,402| HBQ-In: 23.10 18:11:29,402| DQ-In: 23.10 18:11:29,966| C-In: 23.10 18:11:30,012|
lab29-22-<0.4210.0>-T3: Msg #1999, C-Out: 23.10 18:11:29,404| HBQ-In: 23.10 18:11:29,404| DQ-In: 23.10 18:11:29,966| C-In: 23.10 18:11:30,012|
lab29-47-<0.2127.0>-T3: Msg #2000, C-Out: 23.10 18:11:29,925| HBQ-In: 23.10 18:11:29,925| DQ-In: 23.10 18:11:29,966| C-In: 23.10 18:11:30,013|
lab29-62-<0.1043.0>-T3: Msg #2001, C-Out: 23.10 18:11:29,929| HBQ-In: 23.10 18:11:29,929| DQ-In: 23.10 18:11:29,966| C-In: 23.10 18:11:30,013|
Fehlernachricht fuer Luecke von 2002 bis 2002 C-In: 23.10 18:11:30,014|
lab29-77-<0.187.0>-T3: Msg #2003, C-Out: 23.10 18:11:29,939| HBQ-In: 23.10 18:11:29,939| DQ-In: 23.10 18:11:29,996| C-In: 23.10 18:11:30,016|
ReceiveMsgs done
lab29-14-<0.4846.0>-T3: Msg #2150, C-Out: 23.10 18:11:31,017| gesendet
lab29-14-<0.4846.0>-T3: Msg #2263, C-Out: 23.10 18:11:32,020| gesendet
lab29-14-<0.4846.0>-T3: Msg #2347, C-Out: 23.10 18:11:33,022| gesendet
lab29-14-<0.4846.0>-T3: Msg #2433, C-Out: 23.10 18:11:34,023| gesendet
lab29-14-<0.4846.0>-T3: Msg #2504, C-Out: 23.10 18:11:35,025| gesendet
Neues Intervall: 1.5 Sekunden
Msg #2600 um 23.10 18:11:35,025| vergessen zu senden
Fehlernachricht fuer Luecke von 2400 bis 2400 C-In: 23.10 18:11:35,026|
lab29-48-<0.2035.0>-T3: Msg #2401, C-Out: 23.10 18:11:34,209| HBQ-In: 23.10 18:11:34,209| DQ-In: 23.10 18:11:34,533| C-In: 23.10 18:11:35,026|
Fehlernachricht fuer Luecke von 2402 bis 2408 C-In: 23.10 18:11:35,027|
lab29-33-<0.3306.0>-T3: Msg #2409, C-Out: 23.10 18:11:34,254| HBQ-In: 23.10 18:11:34,254| DQ-In: 23.10 18:11:34,616| C-In: 23.10 18:11:35,029|
Fehlernachricht fuer Luecke von 2410 bis 2411 C-In: 23.10 18:11:35,029|
lab29-15-<0.4762.0>-T3: Msg #2412, C-Out: 23.10 18:11:33,809| HBQ-In: 23.10 18:11:33,809| DQ-In: 23.10 18:11:34,621| C-In: 23.10 18:11:35,029|
lab29-20-<0.4365.0>-T3: Msg #2413, C-Out: 23.10 18:11:33,811| HBQ-In: 23.10 18:11:33,812| DQ-In: 23.10 18:11:34,621| C-In: 23.10 18:11:35,031|
lab29-55-<0.1513.0>-T3: Msg #2414, C-Out: 23.10 18:11:34,317| HBQ-In: 23.10 18:11:34,317| DQ-In: 23.10 18:11:34,621| C-In: 23.10 18:11:35,032|
Fehlernachricht fuer Luecke von 2415 bis 2416 C-In: 23.10 18:11:35,032|
lab29-5-<0.5513.0>-T3: Msg #2417, C-Out: 23.10 18:11:33,826| HBQ-In: 23.10 18:11:33,827| DQ-In: 23.10 18:11:34,633| C-In: 23.10 18:11:35,035|
lab29-40-<0.2707.0>-T3: Msg #2418, C-Out: 23.10 18:11:34,329| HBQ-In: 23.10 18:11:34,329| DQ-In: 23.10 18:11:34,633| C-In: 23.10 18:11:35,035|
lab29-10-<0.5112.0>-T3: Msg #2419, C-Out: 23.10 18:11:33,836| HBQ-In: 23.10 18:11:33,836| DQ-In: 23.10 18:11:34,633| C-In: 23.10 18:11:35,036|
lab29-25-<0.3973.0>-T3: Msg #2420, C-Out: 23.10 18:11:34,375| HBQ-In: 23.10 18:11:34,375| DQ-In: 23.10 18:11:34,633| C-In: 23.10 18:11:35,036|
lab29-32-<0.3394.0>-T3: Msg #2421, C-Out: 23.10 18:11:34,424| HBQ-In: 23.10 18:11:34,424| DQ-In: 23.10 18:11:34,633| C-In: 23.10 18:11:35,036|
lab29-47-<0.2127.0>-T3: Msg #2422, C-Out: 23.10 18:11:34,429| HBQ-In: 23.10 18:11:34,429| DQ-In: 23.10 18:11:34,633| C-In: 23.10 18:11:35,037|
Fehlernachricht fuer Luecke von 2423 bis 2428 C-In: 23.10 18:11:35,037|
lab29-4-<0.5587.0>-T3: Msg #2429, C-Out: 23.10 18:11:34,008| HBQ-In: 23.10 18:11:34,008| DQ-In: 23.10 18:11:34,753| C-In: 23.10 18:11:35,037|
lab29-24-<0.4051.0>-T3: Msg #2430, C-Out: 23.10 18:11:34,513| HBQ-In: 23.10 18:11:34,513| DQ-In: 23.10 18:11:34,753| C-In: 23.10 18:11:35,038|
lab29-19-<0.4442.0>-T3: Msg #2431, C-Out: 23.10 18:11:34,022| HBQ-In: 23.10 18:11:34,023| DQ-In: 23.10 18:11:34,753| C-In: 23.10 18:11:35,038|
lab29-9-<0.5191.0>-T3: Msg #2432, C-Out: 23.10 18:11:34,022| HBQ-In: 23.10 18:11:34,023| DQ-In: 23.10 18:11:34,753| C-In: 23.10 18:11:35,040|
lab29-14-<0.4846.0>-T3: Msg #2433, C-Out: 23.10 18:11:34,023| HBQ-In: 23.10 18:11:34,023| DQ-In: 23.10 18:11:34,753|******* C-In: 23.10 18:11:35,040|
lab29-54-<0.1586.0>-T3: Msg #2434, C-Out: 23.10 18:11:34,530| HBQ-In: 23.10 18:11:34,530| DQ-In: 23.10 18:11:34,753| C-In: 23.10 18:11:35,043|
lab29-39-<0.2795.0>-T3: Msg #2435, C-Out: 23.10 18:11:34,532| HBQ-In: 23.10 18:11:34,533| DQ-In: 23.10 18:11:34,753| C-In: 23.10 18:11:35,046|
lab29-46-<0.2213.0>-T3: Msg #2436, C-Out: 23.10 18:11:34,621| HBQ-In: 23.10 18:11:34,621| DQ-In: 23.10 18:11:34,753| C-In: 23.10 18:11:35,046|
lab29-31-<0.3480.0>-T3: Msg #2437, C-Out: 23.10 18:11:34,625| HBQ-In: 23.10 18:11:34,625| DQ-In: 23.10 18:11:34,753| C-In: 23.10 18:11:35,046|
Fehlernachricht fuer Luecke von 2438 bis 2442 C-In: 23.10 18:11:35,047|
lab29-53-<0.1650.0>-T3: Msg #2443, C-Out: 23.10 18:11:34,709| HBQ-In: 23.10 18:11:34,709| DQ-In: 23.10 18:11:34,767| C-In: 23.10 18:11:35,049|
lab29-8-<0.5273.0>-T3: Msg #2444, C-Out: 23.10 18:11:34,209| HBQ-In: 23.10 18:11:34,209| DQ-In: 23.10 18:11:34,767| C-In: 23.10 18:11:35,050|
lab29-18-<0.4519.0>-T3: Msg #2445, C-Out: 23.10 18:11:34,220| HBQ-In: 23.10 18:11:34,220| DQ-In: 23.10 18:11:34,767| C-In: 23.10 18:11:35,050|
Fehlernachricht fuer Luecke von 2446 bis 2446 C-In: 23.10 18:11:35,050|
lab29-3-<0.5663.0>-T3: Msg #2447, C-Out: 23.10 18:11:34,226| HBQ-In: 23.10 18:11:34,227| DQ-In: 23.10 18:11:34,778| C-In: 23.10 18:11:35,051|
lab29-23-<0.4130.0>-T3: Msg #2448, C-Out: 23.10 18:11:34,751| HBQ-In: 23.10 18:11:34,753| DQ-In: 23.10 18:11:34,778| C-In: 23.10 18:11:35,051|
lab29-13-<0.4921.0>-T3: Msg #2449, C-Out: 23.10 18:11:34,260| HBQ-In: 23.10 18:11:34,260| DQ-In: 23.10 18:11:34,778| C-In: 23.10 18:11:35,051|
lab29-38-<0.2880.0>-T3: Msg #2450, C-Out: 23.10 18:11:34,765| HBQ-In: 23.10 18:11:34,765| DQ-In: 23.10 18:11:34,778| C-In: 23.10 18:11:35,052|
Fehlernachricht fuer Luecke von 2451 bis 2456 C-In: 23.10 18:11:35,053|
lab29-7-<0.5358.0>-T3: Msg #2457, C-Out: 23.10 18:11:34,422| HBQ-In: 23.10 18:11:34,422| DQ-In: 23.10 18:11:34,782| C-In: 23.10 18:11:35,055|
Fehlernachricht fuer Luecke von 2458 bis 2458 C-In: 23.10 18:11:35,056|
lab29-2-<0.5741.0>-T3: Msg #2459, C-Out: 23.10 18:11:34,435| HBQ-In: 23.10 18:11:34,435| DQ-In: 23.10 18:11:34,786| C-In: 23.10 18:11:35,058|
lab29-12-<0.4991.0>-T3: Msg #2460, C-Out: 23.10 18:11:34,436| HBQ-In: 23.10 18:11:34,436| DQ-In: 23.10 18:11:34,786| C-In: 23.10 18:11:35,058|
lab29-17-<0.4601.0>-T3: Msg #2461, C-Out: 23.10 18:11:34,436| HBQ-In: 23.10 18:11:34,436| DQ-In: 23.10 18:11:34,786| C-In: 23.10 18:11:35,058|
Fehlernachricht fuer Luecke von 2462 bis 2471 C-In: 23.10 18:11:35,059|
lab29-6-<0.5440.0>-T3: Msg #2472, C-Out: 23.10 18:11:34,616| HBQ-In: 23.10 18:11:34,616| DQ-In: 23.10 18:11:34,828| C-In: 23.10 18:11:35,061|
Fehlernachricht fuer Luecke von 2473 bis 2473 C-In: 23.10 18:11:35,062|
lab29-11-<0.5067.0>-T3: Msg #2474, C-Out: 23.10 18:11:34,622| HBQ-In: 23.10 18:11:34,622| DQ-In: 23.10 18:11:34,838| C-In: 23.10 18:11:35,062|
Fehlernachricht fuer Luecke von 2475 bis 2475 C-In: 23.10 18:11:35,062|
lab29-16-<0.4681.0>-T3: Msg #2476, C-Out: 23.10 18:11:34,633| HBQ-In: 23.10 18:11:34,633| DQ-In: 23.10 18:11:35,012| C-In: 23.10 18:11:35,063|
Fehlernachricht fuer Luecke von 2477 bis 2478 C-In: 23.10 18:11:35,063|
lab29-1-<0.5818.0>-T3: Msg #2479, C-Out: 23.10 18:11:34,637| HBQ-In: 23.10 18:11:34,637| DQ-In: 23.10 18:11:35,025| C-In: 23.10 18:11:35,064|
Fehlernachricht fuer Luecke von 2480 bis 2486 C-In: 23.10 18:11:35,064|
lab29-15-<0.4762.0>-T3: Msg #2487, C-Out: 23.10 18:11:34,812| HBQ-In: 23.10 18:11:34,812| DQ-In: 23.10 18:11:35,025| C-In: 23.10 18:11:35,065|
ReceiveMsgs done
lab29-14-<0.4846.0>-T3: Msg #2603, C-Out: 23.10 18:11:36,566| gesendet
lab29-14-<0.4846.0>-T3: Msg #2703, C-Out: 23.10 18:11:38,072| gesendet
lab29-14-<0.4846.0>-T3: Msg #2812, C-Out: 23.10 18:11:39,573| gesendet
